05-Mar-2023 15:11:23.086 WARNING [http-nio-9999-exec-78] org.apache.catalina.loader.WebappClassLoaderBase.clearReferencesJdbc The web application [Assignment] registered the JDBC driver [com.microsoft.sqlserver.jdbc.SQLServerDriver] but failed to unregister it when the web application was stopped. To prevent a memory leak, the JDBC Driver has been forcibly unregistered.
05-Mar-2023 15:11:23.090 SEVERE [http-nio-9999-exec-78] org.apache.catalina.loader.WebappClassLoaderBase.checkThreadLocalMapForLeaks The web application [Assignment] created a ThreadLocal with key of type [com.microsoft.sqlserver.jdbc.ActivityCorrelator$1] (value [com.microsoft.sqlserver.jdbc.ActivityCorrelator$1@1aa734de]) and a value of type [com.microsoft.sqlserver.jdbc.ActivityId] (value [578fa440-8c5a-4d86-aae8-db75ba8fc7dc-2]) but failed to remove it when the web application was stopped. Threads are going to be renewed over time to try and avoid a probable memory leak.
05-Mar-2023 15:11:23.090 SEVERE [http-nio-9999-exec-78] org.apache.catalina.loader.WebappClassLoaderBase.checkThreadLocalMapForLeaks The web application [Assignment] created a ThreadLocal with key of type [com.microsoft.sqlserver.jdbc.ActivityCorrelator$1] (value [com.microsoft.sqlserver.jdbc.ActivityCorrelator$1@1aa734de]) and a value of type [com.microsoft.sqlserver.jdbc.ActivityId] (value [5eeaf191-f53b-479a-a9da-832a062a1472-2]) but failed to remove it when the web application was stopped. Threads are going to be renewed over time to try and avoid a probable memory leak.
05-Mar-2023 15:11:23.091 SEVERE [http-nio-9999-exec-78] org.apache.catalina.loader.WebappClassLoaderBase.checkThreadLocalMapForLeaks The web application [Assignment] created a ThreadLocal with key of type [com.microsoft.sqlserver.jdbc.ActivityCorrelator$1] (value [com.microsoft.sqlserver.jdbc.ActivityCorrelator$1@1aa734de]) and a value of type [com.microsoft.sqlserver.jdbc.ActivityId] (value [73ddb5e7-f9a4-463c-87ad-c30d6fdf02d2-2]) but failed to remove it when the web application was stopped. Threads are going to be renewed over time to try and avoid a probable memory leak.
05-Mar-2023 15:11:23.091 SEVERE [http-nio-9999-exec-78] org.apache.catalina.loader.WebappClassLoaderBase.checkThreadLocalMapForLeaks The web application [Assignment] created a ThreadLocal with key of type [com.microsoft.sqlserver.jdbc.ActivityCorrelator$1] (value [com.microsoft.sqlserver.jdbc.ActivityCorrelator$1@1aa734de]) and a value of type [com.microsoft.sqlserver.jdbc.ActivityId] (value [dea95f73-94e9-44c0-991b-e70d379ceb78-1]) but failed to remove it when the web application was stopped. Threads are going to be renewed over time to try and avoid a probable memory leak.
05-Mar-2023 15:11:23.092 SEVERE [http-nio-9999-exec-78] org.apache.catalina.loader.WebappClassLoaderBase.checkThreadLocalMapForLeaks The web application [Assignment] created a ThreadLocal with key of type [com.microsoft.sqlserver.jdbc.ActivityCorrelator$1] (value [com.microsoft.sqlserver.jdbc.ActivityCorrelator$1@1aa734de]) and a value of type [com.microsoft.sqlserver.jdbc.ActivityId] (value [52af97fa-8713-49f2-9403-e9b88c8b30a4-1]) but failed to remove it when the web application was stopped. Threads are going to be renewed over time to try and avoid a probable memory leak.
05-Mar-2023 15:11:23.092 SEVERE [http-nio-9999-exec-78] org.apache.catalina.loader.WebappClassLoaderBase.checkThreadLocalMapForLeaks The web application [Assignment] created a ThreadLocal with key of type [com.microsoft.sqlserver.jdbc.ActivityCorrelator$1] (value [com.microsoft.sqlserver.jdbc.ActivityCorrelator$1@1aa734de]) and a value of type [com.microsoft.sqlserver.jdbc.ActivityId] (value [6fab667f-d462-45e7-9fde-836c61e0ddcc-1]) but failed to remove it when the web application was stopped. Threads are going to be renewed over time to try and avoid a probable memory leak.
05-Mar-2023 15:11:23.092 SEVERE [http-nio-9999-exec-78] org.apache.catalina.loader.WebappClassLoaderBase.checkThreadLocalMapForLeaks The web application [Assignment] created a ThreadLocal with key of type [com.microsoft.sqlserver.jdbc.ActivityCorrelator$1] (value [com.microsoft.sqlserver.jdbc.ActivityCorrelator$1@1aa734de]) and a value of type [com.microsoft.sqlserver.jdbc.ActivityId] (value [1c960f8d-c331-4d19-9b6f-989f4e0403de-1]) but failed to remove it when the web application was stopped. Threads are going to be renewed over time to try and avoid a probable memory leak.
05-Mar-2023 15:11:23.093 SEVERE [http-nio-9999-exec-78] org.apache.catalina.loader.WebappClassLoaderBase.checkThreadLocalMapForLeaks The web application [Assignment] created a ThreadLocal with key of type [com.microsoft.sqlserver.jdbc.ActivityCorrelator$1] (value [com.microsoft.sqlserver.jdbc.ActivityCorrelator$1@1aa734de]) and a value of type [com.microsoft.sqlserver.jdbc.ActivityId] (value [b39e21af-784c-44f8-b55d-7ae2d4d8a844-1]) but failed to remove it when the web application was stopped. Threads are going to be renewed over time to try and avoid a probable memory leak.
05-Mar-2023 15:11:24.541 INFO [http-nio-9999-exec-76] org.apache.jasper.servlet.TldScanner.scanJars At least one JAR was scanned for TLDs yet contained no TLDs. Enable debug logging for this logger for a complete list of JARs that were scanned but no TLDs were found in them. Skipping unneeded JARs during scanning can improve startup time and JSP compilation time.
05-Mar-2023 19:53:29.411 INFO [main] org.apache.catalina.startup.VersionLoggerListener.log Server version name:   Apache Tomcat/10.0.27
05-Mar-2023 19:53:29.413 INFO [main] org.apache.catalina.startup.VersionLoggerListener.log Server built:          Oct 3 2022 14:18:31 UTC
05-Mar-2023 19:53:29.413 INFO [main] org.apache.catalina.startup.VersionLoggerListener.log Server version number: 10.0.27.0
05-Mar-2023 19:53:29.413 INFO [main] org.apache.catalina.startup.VersionLoggerListener.log OS Name:               Windows 10
05-Mar-2023 19:53:29.413 INFO [main] org.apache.catalina.startup.VersionLoggerListener.log OS Version:            10.0
05-Mar-2023 19:53:29.413 INFO [main] org.apache.catalina.startup.VersionLoggerListener.log Architecture:          amd64
05-Mar-2023 19:53:29.414 INFO [main] org.apache.catalina.startup.VersionLoggerListener.log Java Home:             C:\Program Files\Java\jdk1.8.0_321\jre
05-Mar-2023 19:53:29.414 INFO [main] org.apache.catalina.startup.VersionLoggerListener.log JVM Version:           1.8.0_321-b07
05-Mar-2023 19:53:29.414 INFO [main] org.apache.catalina.startup.VersionLoggerListener.log JVM Vendor:            Oracle Corporation
05-Mar-2023 19:53:29.414 INFO [main] org.apache.catalina.startup.VersionLoggerListener.log CATALINA_BASE:         C:\Program Files\Apache Software Foundation\Tomcat 10.0
05-Mar-2023 19:53:29.414 INFO [main] org.apache.catalina.startup.VersionLoggerListener.log CATALINA_HOME:         C:\Program Files\Apache Software Foundation\Tomcat 10.0
05-Mar-2023 19:53:29.415 INFO [main] org.apache.catalina.startup.VersionLoggerListener.log Command line argument: -Djava.util.logging.config.file=C:\Program Files\Apache Software Foundation\Tomcat 10.0\conf\logging.properties
05-Mar-2023 19:53:29.415 INFO [main] org.apache.catalina.startup.VersionLoggerListener.log Command line argument: -Djava.util.logging.manager=org.apache.juli.ClassLoaderLogManager
05-Mar-2023 19:53:29.415 INFO [main] org.apache.catalina.startup.VersionLoggerListener.log Command line argument: -Dhttp.proxyHost=proxy
05-Mar-2023 19:53:29.415 INFO [main] org.apache.catalina.startup.VersionLoggerListener.log Command line argument: -Dhttp.proxyPort=8080
05-Mar-2023 19:53:29.415 INFO [main] org.apache.catalina.startup.VersionLoggerListener.log Command line argument: -Dhttp.nonProxyHosts=localhost*|127.0.0.1*|GENTLE*|localhost|127.0.0.1|GENTLE
05-Mar-2023 19:53:29.415 INFO [main] org.apache.catalina.startup.VersionLoggerListener.log Command line argument: -Djdk.tls.ephemeralDHKeySize=2048
05-Mar-2023 19:53:29.415 INFO [main] org.apache.catalina.startup.VersionLoggerListener.log Command line argument: -Djava.protocol.handler.pkgs=org.apache.catalina.webresources
05-Mar-2023 19:53:29.415 INFO [main] org.apache.catalina.startup.VersionLoggerListener.log Command line argument: -Dignore.endorsed.dirs=
05-Mar-2023 19:53:29.416 INFO [main] org.apache.catalina.startup.VersionLoggerListener.log Command line argument: -Dcatalina.base=C:\Program Files\Apache Software Foundation\Tomcat 10.0
05-Mar-2023 19:53:29.416 INFO [main] org.apache.catalina.startup.VersionLoggerListener.log Command line argument: -Dcatalina.home=C:\Program Files\Apache Software Foundation\Tomcat 10.0
05-Mar-2023 19:53:29.416 INFO [main] org.apache.catalina.startup.VersionLoggerListener.log Command line argument: -Djava.io.tmpdir=C:\Program Files\Apache Software Foundation\Tomcat 10.0\temp
05-Mar-2023 19:53:29.425 INFO [main] org.apache.catalina.core.AprLifecycleListener.lifecycleEvent The Apache Tomcat Native library which allows using OpenSSL was not found on the java.library.path: [C:\Program Files\Java\jdk1.8.0_321\bin;C:\WINDOWS\Sun\Java\bin;C:\WINDOWS\system32;C:\WINDOWS;C:\Program Files\Common Files\Oracle\Java\javapath;C:\Program Files (x86)\Common Files\Oracle\Java\javapath;C:\ProgramData\Oracle\Java\javapath;C:\Windows\system32;C:\Windows;C:\Windows\System32\Wbem;C:\Windows\System32\WindowsPowerShell\v1.0\;C:\Windows\System32\OpenSSH\;C:\Program Files (x86)\NVIDIA Corporation\PhysX\Common;C:\Program Files\NVIDIA Corporation\NVIDIA NvDLISR;C:\WINDOWS\system32;C:\WINDOWS;C:\WINDOWS\System32\Wbem;C:\WINDOWS\System32\WindowsPowerShell\v1.0\;C:\WINDOWS\System32\OpenSSH\;C:\Program Files (x86)\Microsoft SQL Server\150\Tools\Binn\;C:\Program Files\Microsoft SQL Server\150\Tools\Binn\;C:\Program Files (x86)\Microsoft SQL Server\150\DTS\Binn\;C:\Program Files\Microsoft SQL Server\150\DTS\Binn\;C:\Program Files\Microsoft SQL Server\Client SDK\ODBC\170\Tools\Binn\;C:\Program Files\Azure Data Studio\bin;C:\Users\ADMIN\AppData\Local\Microsoft\WindowsApps;C:\Program Files\Azure Data Studio\bin;E:\Visual Code\Microsoft VS Code\bin;C:\Program Files\Java\jdk1.8.0_321\bin;;.]
05-Mar-2023 19:53:29.699 INFO [main] org.apache.coyote.AbstractProtocol.init Initializing ProtocolHandler ["http-nio-9999"]
05-Mar-2023 19:53:29.714 INFO [main] org.apache.catalina.startup.Catalina.load Server initialization in [443] milliseconds
05-Mar-2023 19:53:29.739 INFO [main] org.apache.catalina.core.StandardService.startInternal Starting service [Catalina]
05-Mar-2023 19:53:29.740 INFO [main] org.apache.catalina.core.StandardEngine.startInternal Starting Servlet engine: [Apache Tomcat/10.0.27]
05-Mar-2023 19:53:29.750 INFO [main] org.apache.catalina.startup.HostConfig.deployDescriptor Deploying deployment descriptor [C:\Program Files\Apache Software Foundation\Tomcat 10.0\conf\Catalina\localhost\Assignment.xml]
05-Mar-2023 19:53:29.765 WARNING [main] org.apache.catalina.startup.HostConfig.deployDescriptor The path attribute with value [/Assignment] in deployment descriptor [C:\Program Files\Apache Software Foundation\Tomcat 10.0\conf\Catalina\localhost\Assignment.xml] has been ignored
05-Mar-2023 19:53:30.499 INFO [main] org.apache.jasper.servlet.TldScanner.scanJars At least one JAR was scanned for TLDs yet contained no TLDs. Enable debug logging for this logger for a complete list of JARs that were scanned but no TLDs were found in them. Skipping unneeded JARs during scanning can improve startup time and JSP compilation time.
05-Mar-2023 19:53:30.620 INFO [main] org.apache.catalina.startup.HostConfig.deployDescriptor Deployment of deployment descriptor [C:\Program Files\Apache Software Foundation\Tomcat 10.0\conf\Catalina\localhost\Assignment.xml] has finished in [871] ms
05-Mar-2023 19:53:30.620 INFO [main] org.apache.catalina.startup.HostConfig.deployDescriptor Deploying deployment descriptor [C:\Program Files\Apache Software Foundation\Tomcat 10.0\conf\Catalina\localhost\AssignmentPRJ23.xml]
05-Mar-2023 19:53:30.621 WARNING [main] org.apache.catalina.startup.HostConfig.deployDescriptor The path attribute with value [/AssignmentPRJ23] in deployment descriptor [C:\Program Files\Apache Software Foundation\Tomcat 10.0\conf\Catalina\localhost\AssignmentPRJ23.xml] has been ignored
05-Mar-2023 19:53:31.117 INFO [main] org.apache.jasper.servlet.TldScanner.scanJars At least one JAR was scanned for TLDs yet contained no TLDs. Enable debug logging for this logger for a complete list of JARs that were scanned but no TLDs were found in them. Skipping unneeded JARs during scanning can improve startup time and JSP compilation time.
05-Mar-2023 19:53:31.129 INFO [main] org.apache.catalina.startup.HostConfig.deployDescriptor Deployment of deployment descriptor [C:\Program Files\Apache Software Foundation\Tomcat 10.0\conf\Catalina\localhost\AssignmentPRJ23.xml] has finished in [509] ms
05-Mar-2023 19:53:31.129 INFO [main] org.apache.catalina.startup.HostConfig.deployDescriptor Deploying deployment descriptor [C:\Program Files\Apache Software Foundation\Tomcat 10.0\conf\Catalina\localhost\btvn1.xml]
05-Mar-2023 19:53:31.129 WARNING [main] org.apache.catalina.startup.HostConfig.deployDescriptor The path attribute with value [/btvn1] in deployment descriptor [C:\Program Files\Apache Software Foundation\Tomcat 10.0\conf\Catalina\localhost\btvn1.xml] has been ignored
05-Mar-2023 19:53:31.534 INFO [main] org.apache.jasper.servlet.TldScanner.scanJars At least one JAR was scanned for TLDs yet contained no TLDs. Enable debug logging for this logger for a complete list of JARs that were scanned but no TLDs were found in them. Skipping unneeded JARs during scanning can improve startup time and JSP compilation time.
05-Mar-2023 19:53:31.544 INFO [main] org.apache.catalina.startup.HostConfig.deployDescriptor Deployment of deployment descriptor [C:\Program Files\Apache Software Foundation\Tomcat 10.0\conf\Catalina\localhost\btvn1.xml] has finished in [415] ms
05-Mar-2023 19:53:31.544 INFO [main] org.apache.catalina.startup.HostConfig.deployDescriptor Deploying deployment descriptor [C:\Program Files\Apache Software Foundation\Tomcat 10.0\conf\Catalina\localhost\btvn2.xml]
05-Mar-2023 19:53:31.545 WARNING [main] org.apache.catalina.startup.HostConfig.deployDescriptor The path attribute with value [/btvn2] in deployment descriptor [C:\Program Files\Apache Software Foundation\Tomcat 10.0\conf\Catalina\localhost\btvn2.xml] has been ignored
05-Mar-2023 19:53:31.931 INFO [main] org.apache.jasper.servlet.TldScanner.scanJars At least one JAR was scanned for TLDs yet contained no TLDs. Enable debug logging for this logger for a complete list of JARs that were scanned but no TLDs were found in them. Skipping unneeded JARs during scanning can improve startup time and JSP compilation time.
05-Mar-2023 19:53:31.943 INFO [main] org.apache.catalina.startup.HostConfig.deployDescriptor Deployment of deployment descriptor [C:\Program Files\Apache Software Foundation\Tomcat 10.0\conf\Catalina\localhost\btvn2.xml] has finished in [399] ms
05-Mar-2023 19:53:31.943 INFO [main] org.apache.catalina.startup.HostConfig.deployDescriptor Deploying deployment descriptor [C:\Program Files\Apache Software Foundation\Tomcat 10.0\conf\Catalina\localhost\Buoi5_PRJ301.xml]
05-Mar-2023 19:53:31.944 WARNING [main] org.apache.catalina.startup.HostConfig.deployDescriptor The path attribute with value [/Buoi5_PRJ301] in deployment descriptor [C:\Program Files\Apache Software Foundation\Tomcat 10.0\conf\Catalina\localhost\Buoi5_PRJ301.xml] has been ignored
05-Mar-2023 19:53:31.980 INFO [main] org.apache.catalina.startup.HostConfig.deployDescriptor Deployment of deployment descriptor [C:\Program Files\Apache Software Foundation\Tomcat 10.0\conf\Catalina\localhost\Buoi5_PRJ301.xml] has finished in [37] ms
05-Mar-2023 19:53:31.980 INFO [main] org.apache.catalina.startup.HostConfig.deployDescriptor Deploying deployment descriptor [C:\Program Files\Apache Software Foundation\Tomcat 10.0\conf\Catalina\localhost\ChuaBTVN1.xml]
05-Mar-2023 19:53:31.981 WARNING [main] org.apache.catalina.startup.HostConfig.deployDescriptor The path attribute with value [/ChuaBTVN1] in deployment descriptor [C:\Program Files\Apache Software Foundation\Tomcat 10.0\conf\Catalina\localhost\ChuaBTVN1.xml] has been ignored
05-Mar-2023 19:53:32.008 INFO [main] org.apache.catalina.startup.HostConfig.deployDescriptor Deployment of deployment descriptor [C:\Program Files\Apache Software Foundation\Tomcat 10.0\conf\Catalina\localhost\ChuaBTVN1.xml] has finished in [28] ms
05-Mar-2023 19:53:32.008 INFO [main] org.apache.catalina.startup.HostConfig.deployDescriptor Deploying deployment descriptor [C:\Program Files\Apache Software Foundation\Tomcat 10.0\conf\Catalina\localhost\CRUD.xml]
05-Mar-2023 19:53:32.009 WARNING [main] org.apache.catalina.startup.HostConfig.deployDescriptor The path attribute with value [/CRUD] in deployment descriptor [C:\Program Files\Apache Software Foundation\Tomcat 10.0\conf\Catalina\localhost\CRUD.xml] has been ignored
05-Mar-2023 19:53:32.506 WARNING [main] java.util.ArrayList.forEach Name = Dbcon Property maxActive is not used in DBCP2, use maxTotal instead. maxTotal default value is 8. You have set value of "20" for "maxActive" property, which is being ignored.
05-Mar-2023 19:53:32.506 WARNING [main] java.util.ArrayList.forEach Name = Dbcon Property maxWait is not used in DBCP2 , use maxWaitMillis instead. maxWaitMillis default value is PT-0.001S. You have set value of "10000" for "maxWait" property, which is being ignored.
05-Mar-2023 19:53:32.544 INFO [main] org.apache.jasper.servlet.TldScanner.scanJars At least one JAR was scanned for TLDs yet contained no TLDs. Enable debug logging for this logger for a complete list of JARs that were scanned but no TLDs were found in them. Skipping unneeded JARs during scanning can improve startup time and JSP compilation time.
05-Mar-2023 19:53:32.554 INFO [main] org.apache.catalina.startup.HostConfig.deployDescriptor Deployment of deployment descriptor [C:\Program Files\Apache Software Foundation\Tomcat 10.0\conf\Catalina\localhost\CRUD.xml] has finished in [545] ms
05-Mar-2023 19:53:32.554 INFO [main] org.apache.catalina.startup.HostConfig.deployDescriptor Deploying deployment descriptor [C:\Program Files\Apache Software Foundation\Tomcat 10.0\conf\Catalina\localhost\HelloScope.xml]
05-Mar-2023 19:53:32.555 WARNING [main] org.apache.catalina.startup.HostConfig.deployDescriptor The path attribute with value [/HelloScope] in deployment descriptor [C:\Program Files\Apache Software Foundation\Tomcat 10.0\conf\Catalina\localhost\HelloScope.xml] has been ignored
05-Mar-2023 19:53:32.918 INFO [main] org.apache.jasper.servlet.TldScanner.scanJars At least one JAR was scanned for TLDs yet contained no TLDs. Enable debug logging for this logger for a complete list of JARs that were scanned but no TLDs were found in them. Skipping unneeded JARs during scanning can improve startup time and JSP compilation time.
05-Mar-2023 19:53:32.927 INFO [main] org.apache.catalina.startup.HostConfig.deployDescriptor Deployment of deployment descriptor [C:\Program Files\Apache Software Foundation\Tomcat 10.0\conf\Catalina\localhost\HelloScope.xml] has finished in [373] ms
05-Mar-2023 19:53:32.927 INFO [main] org.apache.catalina.startup.HostConfig.deployDescriptor Deploying deployment descriptor [C:\Program Files\Apache Software Foundation\Tomcat 10.0\conf\Catalina\localhost\HelloServlet.xml]
05-Mar-2023 19:53:32.928 WARNING [main] org.apache.catalina.startup.HostConfig.deployDescriptor The path attribute with value [/HelloServlet] in deployment descriptor [C:\Program Files\Apache Software Foundation\Tomcat 10.0\conf\Catalina\localhost\HelloServlet.xml] has been ignored
05-Mar-2023 19:53:32.953 INFO [main] org.apache.catalina.startup.HostConfig.deployDescriptor Deployment of deployment descriptor [C:\Program Files\Apache Software Foundation\Tomcat 10.0\conf\Catalina\localhost\HelloServlet.xml] has finished in [26] ms
05-Mar-2023 19:53:32.953 INFO [main] org.apache.catalina.startup.HostConfig.deployDescriptor Deploying deployment descriptor [C:\Program Files\Apache Software Foundation\Tomcat 10.0\conf\Catalina\localhost\HelloServletnew.xml]
05-Mar-2023 19:53:32.954 WARNING [main] org.apache.catalina.startup.HostConfig.deployDescriptor The path attribute with value [/HelloServletnew] in deployment descriptor [C:\Program Files\Apache Software Foundation\Tomcat 10.0\conf\Catalina\localhost\HelloServletnew.xml] has been ignored
05-Mar-2023 19:53:32.957 SEVERE [main] org.apache.catalina.startup.HostConfig.deployDescriptor Error deploying deployment descriptor [C:\Program Files\Apache Software Foundation\Tomcat 10.0\conf\Catalina\localhost\HelloServletnew.xml]
	java.lang.IllegalStateException: Error starting child
		at org.apache.catalina.core.ContainerBase.addChildInternal(ContainerBase.java:729)
		at org.apache.catalina.core.ContainerBase.addChild(ContainerBase.java:698)
		at org.apache.catalina.core.StandardHost.addChild(StandardHost.java:747)
		at org.apache.catalina.startup.HostConfig.deployDescriptor(HostConfig.java:693)
		at org.apache.catalina.startup.HostConfig$DeployDescriptor.run(HostConfig.java:1979)
		at java.util.concurrent.Executors$RunnableAdapter.call(Executors.java:511)
		at java.util.concurrent.FutureTask.run(FutureTask.java:266)
		at org.apache.tomcat.util.threads.InlineExecutorService.execute(InlineExecutorService.java:75)
		at java.util.concurrent.AbstractExecutorService.submit(AbstractExecutorService.java:112)
		at org.apache.catalina.startup.HostConfig.deployDescriptors(HostConfig.java:586)
		at org.apache.catalina.startup.HostConfig.deployApps(HostConfig.java:476)
		at org.apache.catalina.startup.HostConfig.start(HostConfig.java:1708)
		at org.apache.catalina.startup.HostConfig.lifecycleEvent(HostConfig.java:320)
		at org.apache.catalina.util.LifecycleBase.fireLifecycleEvent(LifecycleBase.java:123)
		at org.apache.catalina.util.LifecycleBase.setStateInternal(LifecycleBase.java:423)
		at org.apache.catalina.util.LifecycleBase.setState(LifecycleBase.java:366)
		at org.apache.catalina.core.ContainerBase.startInternal(ContainerBase.java:946)
		at org.apache.catalina.core.StandardHost.startInternal(StandardHost.java:886)
		at org.apache.catalina.util.LifecycleBase.start(LifecycleBase.java:183)
		at org.apache.catalina.core.ContainerBase$StartChild.call(ContainerBase.java:1396)
		at org.apache.catalina.core.ContainerBase$StartChild.call(ContainerBase.java:1386)
		at java.util.concurrent.FutureTask.run(FutureTask.java:266)
		at org.apache.tomcat.util.threads.InlineExecutorService.execute(InlineExecutorService.java:75)
		at java.util.concurrent.AbstractExecutorService.submit(AbstractExecutorService.java:134)
		at org.apache.catalina.core.ContainerBase.startInternal(ContainerBase.java:919)
		at org.apache.catalina.core.StandardEngine.startInternal(StandardEngine.java:265)
		at org.apache.catalina.util.LifecycleBase.start(LifecycleBase.java:183)
		at org.apache.catalina.core.StandardService.startInternal(StandardService.java:432)
		at org.apache.catalina.util.LifecycleBase.start(LifecycleBase.java:183)
		at org.apache.catalina.core.StandardServer.startInternal(StandardServer.java:930)
		at org.apache.catalina.util.LifecycleBase.start(LifecycleBase.java:183)
		at org.apache.catalina.startup.Catalina.start(Catalina.java:795)
		at sun.reflect.NativeMethodAccessorImpl.invoke0(Native Method)
		at sun.reflect.NativeMethodAccessorImpl.invoke(NativeMethodAccessorImpl.java:62)
		at sun.reflect.DelegatingMethodAccessorImpl.invoke(DelegatingMethodAccessorImpl.java:43)
		at java.lang.reflect.Method.invoke(Method.java:498)
		at org.apache.catalina.startup.Bootstrap.start(Bootstrap.java:345)
		at org.apache.catalina.startup.Bootstrap.main(Bootstrap.java:476)
	Caused by: org.apache.catalina.LifecycleException: Failed to start component [org.apache.catalina.webresources.StandardRoot@7f36cd8f]
		at org.apache.catalina.util.LifecycleBase.handleSubClassException(LifecycleBase.java:440)
		at org.apache.catalina.util.LifecycleBase.start(LifecycleBase.java:198)
		at org.apache.catalina.core.StandardContext.resourcesStart(StandardContext.java:4835)
		at org.apache.catalina.core.StandardContext.startInternal(StandardContext.java:4973)
		at org.apache.catalina.util.LifecycleBase.start(LifecycleBase.java:183)
		at org.apache.catalina.core.ContainerBase.addChildInternal(ContainerBase.java:726)
		... 37 more
	Caused by: java.lang.IllegalArgumentException: The main resource set specified [C:\Users\ADMIN\Desktop\PRJ301\Code (Hoc Them)\HelloServletnew\build\web] is not valid
		at org.apache.catalina.webresources.StandardRoot.createMainResourceSet(StandardRoot.java:762)
		at org.apache.catalina.webresources.StandardRoot.startInternal(StandardRoot.java:719)
		at org.apache.catalina.util.LifecycleBase.start(LifecycleBase.java:183)
		... 41 more
05-Mar-2023 19:53:32.960 INFO [main] org.apache.catalina.startup.HostConfig.deployDescriptor Deployment of deployment descriptor [C:\Program Files\Apache Software Foundation\Tomcat 10.0\conf\Catalina\localhost\HelloServletnew.xml] has finished in [7] ms
05-Mar-2023 19:53:32.960 INFO [main] org.apache.catalina.startup.HostConfig.deployDescriptor Deploying deployment descriptor [C:\Program Files\Apache Software Foundation\Tomcat 10.0\conf\Catalina\localhost\HelloWorld.xml]
05-Mar-2023 19:53:32.961 WARNING [main] org.apache.catalina.startup.HostConfig.deployDescriptor The path attribute with value [/HelloWorld] in deployment descriptor [C:\Program Files\Apache Software Foundation\Tomcat 10.0\conf\Catalina\localhost\HelloWorld.xml] has been ignored
05-Mar-2023 19:53:32.964 SEVERE [main] org.apache.catalina.startup.HostConfig.deployDescriptor Error deploying deployment descriptor [C:\Program Files\Apache Software Foundation\Tomcat 10.0\conf\Catalina\localhost\HelloWorld.xml]
	java.lang.IllegalStateException: Error starting child
		at org.apache.catalina.core.ContainerBase.addChildInternal(ContainerBase.java:729)
		at org.apache.catalina.core.ContainerBase.addChild(ContainerBase.java:698)
		at org.apache.catalina.core.StandardHost.addChild(StandardHost.java:747)
		at org.apache.catalina.startup.HostConfig.deployDescriptor(HostConfig.java:693)
		at org.apache.catalina.startup.HostConfig$DeployDescriptor.run(HostConfig.java:1979)
		at java.util.concurrent.Executors$RunnableAdapter.call(Executors.java:511)
		at java.util.concurrent.FutureTask.run(FutureTask.java:266)
		at org.apache.tomcat.util.threads.InlineExecutorService.execute(InlineExecutorService.java:75)
		at java.util.concurrent.AbstractExecutorService.submit(AbstractExecutorService.java:112)
		at org.apache.catalina.startup.HostConfig.deployDescriptors(HostConfig.java:586)
		at org.apache.catalina.startup.HostConfig.deployApps(HostConfig.java:476)
		at org.apache.catalina.startup.HostConfig.start(HostConfig.java:1708)
		at org.apache.catalina.startup.HostConfig.lifecycleEvent(HostConfig.java:320)
		at org.apache.catalina.util.LifecycleBase.fireLifecycleEvent(LifecycleBase.java:123)
		at org.apache.catalina.util.LifecycleBase.setStateInternal(LifecycleBase.java:423)
		at org.apache.catalina.util.LifecycleBase.setState(LifecycleBase.java:366)
		at org.apache.catalina.core.ContainerBase.startInternal(ContainerBase.java:946)
		at org.apache.catalina.core.StandardHost.startInternal(StandardHost.java:886)
		at org.apache.catalina.util.LifecycleBase.start(LifecycleBase.java:183)
		at org.apache.catalina.core.ContainerBase$StartChild.call(ContainerBase.java:1396)
		at org.apache.catalina.core.ContainerBase$StartChild.call(ContainerBase.java:1386)
		at java.util.concurrent.FutureTask.run(FutureTask.java:266)
		at org.apache.tomcat.util.threads.InlineExecutorService.execute(InlineExecutorService.java:75)
		at java.util.concurrent.AbstractExecutorService.submit(AbstractExecutorService.java:134)
		at org.apache.catalina.core.ContainerBase.startInternal(ContainerBase.java:919)
		at org.apache.catalina.core.StandardEngine.startInternal(StandardEngine.java:265)
		at org.apache.catalina.util.LifecycleBase.start(LifecycleBase.java:183)
		at org.apache.catalina.core.StandardService.startInternal(StandardService.java:432)
		at org.apache.catalina.util.LifecycleBase.start(LifecycleBase.java:183)
		at org.apache.catalina.core.StandardServer.startInternal(StandardServer.java:930)
		at org.apache.catalina.util.LifecycleBase.start(LifecycleBase.java:183)
		at org.apache.catalina.startup.Catalina.start(Catalina.java:795)
		at sun.reflect.NativeMethodAccessorImpl.invoke0(Native Method)
		at sun.reflect.NativeMethodAccessorImpl.invoke(NativeMethodAccessorImpl.java:62)
		at sun.reflect.DelegatingMethodAccessorImpl.invoke(DelegatingMethodAccessorImpl.java:43)
		at java.lang.reflect.Method.invoke(Method.java:498)
		at org.apache.catalina.startup.Bootstrap.start(Bootstrap.java:345)
		at org.apache.catalina.startup.Bootstrap.main(Bootstrap.java:476)
	Caused by: org.apache.catalina.LifecycleException: Failed to start component [org.apache.catalina.webresources.StandardRoot@701bd6e8]
		at org.apache.catalina.util.LifecycleBase.handleSubClassException(LifecycleBase.java:440)
		at org.apache.catalina.util.LifecycleBase.start(LifecycleBase.java:198)
		at org.apache.catalina.core.StandardContext.resourcesStart(StandardContext.java:4835)
		at org.apache.catalina.core.StandardContext.startInternal(StandardContext.java:4973)
		at org.apache.catalina.util.LifecycleBase.start(LifecycleBase.java:183)
		at org.apache.catalina.core.ContainerBase.addChildInternal(ContainerBase.java:726)
		... 37 more
	Caused by: java.lang.IllegalArgumentException: The main resource set specified [C:\Users\ADMIN\Desktop\PRJ301\Code (Hoc Them)\HelloWorld\build\web] is not valid
		at org.apache.catalina.webresources.StandardRoot.createMainResourceSet(StandardRoot.java:762)
		at org.apache.catalina.webresources.StandardRoot.startInternal(StandardRoot.java:719)
		at org.apache.catalina.util.LifecycleBase.start(LifecycleBase.java:183)
		... 41 more
05-Mar-2023 19:53:33.274 INFO [main] org.apache.catalina.startup.HostConfig.deployDescriptor Deployment of deployment descriptor [C:\Program Files\Apache Software Foundation\Tomcat 10.0\conf\Catalina\localhost\HelloWorld.xml] has finished in [314] ms
05-Mar-2023 19:53:33.274 INFO [main] org.apache.catalina.startup.HostConfig.deployDescriptor Deploying deployment descriptor [C:\Program Files\Apache Software Foundation\Tomcat 10.0\conf\Catalina\localhost\JSPDEMO.xml]
05-Mar-2023 19:53:33.274 WARNING [main] org.apache.catalina.startup.HostConfig.deployDescriptor The path attribute with value [/JSPDEMO] in deployment descriptor [C:\Program Files\Apache Software Foundation\Tomcat 10.0\conf\Catalina\localhost\JSPDEMO.xml] has been ignored
05-Mar-2023 19:53:33.308 INFO [main] org.apache.catalina.startup.HostConfig.deployDescriptor Deployment of deployment descriptor [C:\Program Files\Apache Software Foundation\Tomcat 10.0\conf\Catalina\localhost\JSPDEMO.xml] has finished in [34] ms
05-Mar-2023 19:53:33.309 INFO [main] org.apache.catalina.startup.HostConfig.deployDescriptor Deploying deployment descriptor [C:\Program Files\Apache Software Foundation\Tomcat 10.0\conf\Catalina\localhost\JSPDEMO2.xml]
05-Mar-2023 19:53:33.309 WARNING [main] org.apache.catalina.startup.HostConfig.deployDescriptor The path attribute with value [/JSPDEMO2] in deployment descriptor [C:\Program Files\Apache Software Foundation\Tomcat 10.0\conf\Catalina\localhost\JSPDEMO2.xml] has been ignored
05-Mar-2023 19:53:33.334 INFO [main] org.apache.catalina.startup.HostConfig.deployDescriptor Deployment of deployment descriptor [C:\Program Files\Apache Software Foundation\Tomcat 10.0\conf\Catalina\localhost\JSPDEMO2.xml] has finished in [25] ms
05-Mar-2023 19:53:33.334 INFO [main] org.apache.catalina.startup.HostConfig.deployDescriptor Deploying deployment descriptor [C:\Program Files\Apache Software Foundation\Tomcat 10.0\conf\Catalina\localhost\Login-buoi4.xml]
05-Mar-2023 19:53:33.335 WARNING [main] org.apache.catalina.startup.HostConfig.deployDescriptor The path attribute with value [/Login-buoi4] in deployment descriptor [C:\Program Files\Apache Software Foundation\Tomcat 10.0\conf\Catalina\localhost\Login-buoi4.xml] has been ignored
05-Mar-2023 19:53:33.690 INFO [main] org.apache.jasper.servlet.TldScanner.scanJars At least one JAR was scanned for TLDs yet contained no TLDs. Enable debug logging for this logger for a complete list of JARs that were scanned but no TLDs were found in them. Skipping unneeded JARs during scanning can improve startup time and JSP compilation time.
05-Mar-2023 19:53:33.699 INFO [main] org.apache.catalina.startup.HostConfig.deployDescriptor Deployment of deployment descriptor [C:\Program Files\Apache Software Foundation\Tomcat 10.0\conf\Catalina\localhost\Login-buoi4.xml] has finished in [365] ms
05-Mar-2023 19:53:33.699 INFO [main] org.apache.catalina.startup.HostConfig.deployDescriptor Deploying deployment descriptor [C:\Program Files\Apache Software Foundation\Tomcat 10.0\conf\Catalina\localhost\Online shop.xml]
05-Mar-2023 19:53:33.700 WARNING [main] org.apache.catalina.startup.HostConfig.deployDescriptor The path attribute with value [/Online shop] in deployment descriptor [C:\Program Files\Apache Software Foundation\Tomcat 10.0\conf\Catalina\localhost\Online shop.xml] has been ignored
05-Mar-2023 19:53:33.729 INFO [main] org.apache.catalina.startup.HostConfig.deployDescriptor Deployment of deployment descriptor [C:\Program Files\Apache Software Foundation\Tomcat 10.0\conf\Catalina\localhost\Online shop.xml] has finished in [30] ms
05-Mar-2023 19:53:33.729 INFO [main] org.apache.catalina.startup.HostConfig.deployDescriptor Deploying deployment descriptor [C:\Program Files\Apache Software Foundation\Tomcat 10.0\conf\Catalina\localhost\Party.xml]
05-Mar-2023 19:53:33.730 WARNING [main] org.apache.catalina.startup.HostConfig.deployDescriptor The path attribute with value [/Party] in deployment descriptor [C:\Program Files\Apache Software Foundation\Tomcat 10.0\conf\Catalina\localhost\Party.xml] has been ignored
05-Mar-2023 19:53:34.153 INFO [main] org.apache.jasper.servlet.TldScanner.scanJars At least one JAR was scanned for TLDs yet contained no TLDs. Enable debug logging for this logger for a complete list of JARs that were scanned but no TLDs were found in them. Skipping unneeded JARs during scanning can improve startup time and JSP compilation time.
05-Mar-2023 19:53:34.162 INFO [main] org.apache.catalina.startup.HostConfig.deployDescriptor Deployment of deployment descriptor [C:\Program Files\Apache Software Foundation\Tomcat 10.0\conf\Catalina\localhost\Party.xml] has finished in [433] ms
05-Mar-2023 19:53:34.162 INFO [main] org.apache.catalina.startup.HostConfig.deployDescriptor Deploying deployment descriptor [C:\Program Files\Apache Software Foundation\Tomcat 10.0\conf\Catalina\localhost\PRJ301Slot15.xml]
05-Mar-2023 19:53:34.163 WARNING [main] org.apache.catalina.startup.HostConfig.deployDescriptor The path attribute with value [/PRJ301Slot15] in deployment descriptor [C:\Program Files\Apache Software Foundation\Tomcat 10.0\conf\Catalina\localhost\PRJ301Slot15.xml] has been ignored
05-Mar-2023 19:53:34.209 WARNING [main] java.util.ArrayList.forEach Name = Dbcon Property maxActive is not used in DBCP2, use maxTotal instead. maxTotal default value is 8. You have set value of "20" for "maxActive" property, which is being ignored.
05-Mar-2023 19:53:34.209 WARNING [main] java.util.ArrayList.forEach Name = Dbcon Property maxWait is not used in DBCP2 , use maxWaitMillis instead. maxWaitMillis default value is PT-0.001S. You have set value of "10000" for "maxWait" property, which is being ignored.
05-Mar-2023 19:53:34.214 INFO [main] org.apache.catalina.startup.HostConfig.deployDescriptor Deployment of deployment descriptor [C:\Program Files\Apache Software Foundation\Tomcat 10.0\conf\Catalina\localhost\PRJ301Slot15.xml] has finished in [52] ms
05-Mar-2023 19:53:34.214 INFO [main] org.apache.catalina.startup.HostConfig.deployDescriptor Deploying deployment descriptor [C:\Program Files\Apache Software Foundation\Tomcat 10.0\conf\Catalina\localhost\PRJ301Slot16.xml]
05-Mar-2023 19:53:34.215 WARNING [main] org.apache.catalina.startup.HostConfig.deployDescriptor The path attribute with value [/PRJ301Slot16] in deployment descriptor [C:\Program Files\Apache Software Foundation\Tomcat 10.0\conf\Catalina\localhost\PRJ301Slot16.xml] has been ignored
05-Mar-2023 19:53:34.671 WARNING [main] java.util.ArrayList.forEach Name = Dbcon Property maxActive is not used in DBCP2, use maxTotal instead. maxTotal default value is 8. You have set value of "20" for "maxActive" property, which is being ignored.
05-Mar-2023 19:53:34.671 WARNING [main] java.util.ArrayList.forEach Name = Dbcon Property maxWait is not used in DBCP2 , use maxWaitMillis instead. maxWaitMillis default value is PT-0.001S. You have set value of "10000" for "maxWait" property, which is being ignored.
05-Mar-2023 19:53:34.686 INFO [main] org.apache.jasper.servlet.TldScanner.scanJars At least one JAR was scanned for TLDs yet contained no TLDs. Enable debug logging for this logger for a complete list of JARs that were scanned but no TLDs were found in them. Skipping unneeded JARs during scanning can improve startup time and JSP compilation time.
05-Mar-2023 19:53:34.695 INFO [main] org.apache.catalina.startup.HostConfig.deployDescriptor Deployment of deployment descriptor [C:\Program Files\Apache Software Foundation\Tomcat 10.0\conf\Catalina\localhost\PRJ301Slot16.xml] has finished in [481] ms
05-Mar-2023 19:53:34.695 INFO [main] org.apache.catalina.startup.HostConfig.deployDescriptor Deploying deployment descriptor [C:\Program Files\Apache Software Foundation\Tomcat 10.0\conf\Catalina\localhost\PRJ301SLot3.xml]
05-Mar-2023 19:53:34.696 WARNING [main] org.apache.catalina.startup.HostConfig.deployDescriptor The path attribute with value [/PRJ301SLot3] in deployment descriptor [C:\Program Files\Apache Software Foundation\Tomcat 10.0\conf\Catalina\localhost\PRJ301SLot3.xml] has been ignored
05-Mar-2023 19:53:34.812 INFO [main] org.apache.jasper.servlet.TldScanner.scanJars At least one JAR was scanned for TLDs yet contained no TLDs. Enable debug logging for this logger for a complete list of JARs that were scanned but no TLDs were found in them. Skipping unneeded JARs during scanning can improve startup time and JSP compilation time.
05-Mar-2023 19:53:34.813 INFO [main] org.apache.catalina.startup.HostConfig.deployDescriptor Deployment of deployment descriptor [C:\Program Files\Apache Software Foundation\Tomcat 10.0\conf\Catalina\localhost\PRJ301SLot3.xml] has finished in [118] ms
05-Mar-2023 19:53:34.813 INFO [main] org.apache.catalina.startup.HostConfig.deployDescriptor Deploying deployment descriptor [C:\Program Files\Apache Software Foundation\Tomcat 10.0\conf\Catalina\localhost\PRJ301Slot5_3.xml]
05-Mar-2023 19:53:34.814 WARNING [main] org.apache.catalina.startup.HostConfig.deployDescriptor The path attribute with value [/PRJ301Slot5_3] in deployment descriptor [C:\Program Files\Apache Software Foundation\Tomcat 10.0\conf\Catalina\localhost\PRJ301Slot5_3.xml] has been ignored
05-Mar-2023 19:53:34.937 INFO [main] org.apache.jasper.servlet.TldScanner.scanJars At least one JAR was scanned for TLDs yet contained no TLDs. Enable debug logging for this logger for a complete list of JARs that were scanned but no TLDs were found in them. Skipping unneeded JARs during scanning can improve startup time and JSP compilation time.
05-Mar-2023 19:53:34.938 INFO [main] org.apache.catalina.startup.HostConfig.deployDescriptor Deployment of deployment descriptor [C:\Program Files\Apache Software Foundation\Tomcat 10.0\conf\Catalina\localhost\PRJ301Slot5_3.xml] has finished in [125] ms
05-Mar-2023 19:53:34.938 INFO [main] org.apache.catalina.startup.HostConfig.deployDescriptor Deploying deployment descriptor [C:\Program Files\Apache Software Foundation\Tomcat 10.0\conf\Catalina\localhost\PRJ301_SE1726_Demo1.xml]
05-Mar-2023 19:53:34.939 WARNING [main] org.apache.catalina.startup.HostConfig.deployDescriptor The path attribute with value [/PRJ301_SE1726_Demo1] in deployment descriptor [C:\Program Files\Apache Software Foundation\Tomcat 10.0\conf\Catalina\localhost\PRJ301_SE1726_Demo1.xml] has been ignored
05-Mar-2023 19:53:34.966 INFO [main] org.apache.catalina.startup.HostConfig.deployDescriptor Deployment of deployment descriptor [C:\Program Files\Apache Software Foundation\Tomcat 10.0\conf\Catalina\localhost\PRJ301_SE1726_Demo1.xml] has finished in [27] ms
05-Mar-2023 19:53:34.966 INFO [main] org.apache.catalina.startup.HostConfig.deployDescriptor Deploying deployment descriptor [C:\Program Files\Apache Software Foundation\Tomcat 10.0\conf\Catalina\localhost\Q1_SP22_Block5.xml]
05-Mar-2023 19:53:34.966 WARNING [main] org.apache.catalina.startup.HostConfig.deployDescriptor The path attribute with value [/Q1_SP22_Block5] in deployment descriptor [C:\Program Files\Apache Software Foundation\Tomcat 10.0\conf\Catalina\localhost\Q1_SP22_Block5.xml] has been ignored
05-Mar-2023 19:53:34.993 INFO [main] org.apache.catalina.startup.HostConfig.deployDescriptor Deployment of deployment descriptor [C:\Program Files\Apache Software Foundation\Tomcat 10.0\conf\Catalina\localhost\Q1_SP22_Block5.xml] has finished in [27] ms
05-Mar-2023 19:53:34.993 INFO [main] org.apache.catalina.startup.HostConfig.deployDescriptor Deploying deployment descriptor [C:\Program Files\Apache Software Foundation\Tomcat 10.0\conf\Catalina\localhost\Q2_SP22_Block5.xml]
05-Mar-2023 19:53:34.994 WARNING [main] org.apache.catalina.startup.HostConfig.deployDescriptor The path attribute with value [/Q2_SP22_Block5] in deployment descriptor [C:\Program Files\Apache Software Foundation\Tomcat 10.0\conf\Catalina\localhost\Q2_SP22_Block5.xml] has been ignored
05-Mar-2023 19:53:35.405 INFO [main] org.apache.jasper.servlet.TldScanner.scanJars At least one JAR was scanned for TLDs yet contained no TLDs. Enable debug logging for this logger for a complete list of JARs that were scanned but no TLDs were found in them. Skipping unneeded JARs during scanning can improve startup time and JSP compilation time.
05-Mar-2023 19:53:35.413 INFO [main] org.apache.catalina.startup.HostConfig.deployDescriptor Deployment of deployment descriptor [C:\Program Files\Apache Software Foundation\Tomcat 10.0\conf\Catalina\localhost\Q2_SP22_Block5.xml] has finished in [420] ms
05-Mar-2023 19:53:35.413 INFO [main] org.apache.catalina.startup.HostConfig.deployDescriptor Deploying deployment descriptor [C:\Program Files\Apache Software Foundation\Tomcat 10.0\conf\Catalina\localhost\Q3_SP22_Block5.xml]
05-Mar-2023 19:53:35.414 WARNING [main] org.apache.catalina.startup.HostConfig.deployDescriptor The path attribute with value [/Q3_SP22_Block5] in deployment descriptor [C:\Program Files\Apache Software Foundation\Tomcat 10.0\conf\Catalina\localhost\Q3_SP22_Block5.xml] has been ignored
05-Mar-2023 19:53:35.819 INFO [main] org.apache.jasper.servlet.TldScanner.scanJars At least one JAR was scanned for TLDs yet contained no TLDs. Enable debug logging for this logger for a complete list of JARs that were scanned but no TLDs were found in them. Skipping unneeded JARs during scanning can improve startup time and JSP compilation time.
05-Mar-2023 19:53:35.827 INFO [main] org.apache.catalina.startup.HostConfig.deployDescriptor Deployment of deployment descriptor [C:\Program Files\Apache Software Foundation\Tomcat 10.0\conf\Catalina\localhost\Q3_SP22_Block5.xml] has finished in [414] ms
05-Mar-2023 19:53:35.827 INFO [main] org.apache.catalina.startup.HostConfig.deployDescriptor Deploying deployment descriptor [C:\Program Files\Apache Software Foundation\Tomcat 10.0\conf\Catalina\localhost\StudentManage.xml]
05-Mar-2023 19:53:35.828 WARNING [main] org.apache.catalina.startup.HostConfig.deployDescriptor The path attribute with value [/StudentManage] in deployment descriptor [C:\Program Files\Apache Software Foundation\Tomcat 10.0\conf\Catalina\localhost\StudentManage.xml] has been ignored
05-Mar-2023 19:53:36.256 INFO [main] org.apache.jasper.servlet.TldScanner.scanJars At least one JAR was scanned for TLDs yet contained no TLDs. Enable debug logging for this logger for a complete list of JARs that were scanned but no TLDs were found in them. Skipping unneeded JARs during scanning can improve startup time and JSP compilation time.
05-Mar-2023 19:53:36.264 INFO [main] org.apache.catalina.startup.HostConfig.deployDescriptor Deployment of deployment descriptor [C:\Program Files\Apache Software Foundation\Tomcat 10.0\conf\Catalina\localhost\StudentManage.xml] has finished in [437] ms
05-Mar-2023 19:53:36.264 INFO [main] org.apache.catalina.startup.HostConfig.deployDescriptor Deploying deployment descriptor [C:\Program Files\Apache Software Foundation\Tomcat 10.0\conf\Catalina\localhost\WebApplication1.xml]
05-Mar-2023 19:53:36.265 WARNING [main] org.apache.catalina.startup.HostConfig.deployDescriptor The path attribute with value [/WebApplication1] in deployment descriptor [C:\Program Files\Apache Software Foundation\Tomcat 10.0\conf\Catalina\localhost\WebApplication1.xml] has been ignored
05-Mar-2023 19:53:36.286 INFO [main] org.apache.catalina.startup.HostConfig.deployDescriptor Deployment of deployment descriptor [C:\Program Files\Apache Software Foundation\Tomcat 10.0\conf\Catalina\localhost\WebApplication1.xml] has finished in [22] ms
05-Mar-2023 19:53:36.287 INFO [main] org.apache.catalina.startup.HostConfig.deployDescriptor Deploying deployment descriptor [C:\Program Files\Apache Software Foundation\Tomcat 10.0\conf\Catalina\localhost\WebApplication2.xml]
05-Mar-2023 19:53:36.287 WARNING [main] org.apache.catalina.startup.HostConfig.deployDescriptor The path attribute with value [/WebApplication2] in deployment descriptor [C:\Program Files\Apache Software Foundation\Tomcat 10.0\conf\Catalina\localhost\WebApplication2.xml] has been ignored
05-Mar-2023 19:53:36.408 INFO [main] org.apache.jasper.servlet.TldScanner.scanJars At least one JAR was scanned for TLDs yet contained no TLDs. Enable debug logging for this logger for a complete list of JARs that were scanned but no TLDs were found in them. Skipping unneeded JARs during scanning can improve startup time and JSP compilation time.
05-Mar-2023 19:53:36.409 INFO [main] org.apache.catalina.startup.HostConfig.deployDescriptor Deployment of deployment descriptor [C:\Program Files\Apache Software Foundation\Tomcat 10.0\conf\Catalina\localhost\WebApplication2.xml] has finished in [123] ms
05-Mar-2023 19:53:36.409 INFO [main] org.apache.catalina.startup.HostConfig.deployDescriptor Deploying deployment descriptor [C:\Program Files\Apache Software Foundation\Tomcat 10.0\conf\Catalina\localhost\WebApplication3.xml]
05-Mar-2023 19:53:36.410 WARNING [main] org.apache.catalina.startup.HostConfig.deployDescriptor The path attribute with value [/WebApplication3] in deployment descriptor [C:\Program Files\Apache Software Foundation\Tomcat 10.0\conf\Catalina\localhost\WebApplication3.xml] has been ignored
05-Mar-2023 19:53:36.827 WARNING [main] java.util.ArrayList.forEach Name = Dbcon Property maxActive is not used in DBCP2, use maxTotal instead. maxTotal default value is 8. You have set value of "20" for "maxActive" property, which is being ignored.
05-Mar-2023 19:53:36.827 WARNING [main] java.util.ArrayList.forEach Name = Dbcon Property maxWait is not used in DBCP2 , use maxWaitMillis instead. maxWaitMillis default value is PT-0.001S. You have set value of "10000" for "maxWait" property, which is being ignored.
05-Mar-2023 19:53:36.849 INFO [main] org.apache.jasper.servlet.TldScanner.scanJars At least one JAR was scanned for TLDs yet contained no TLDs. Enable debug logging for this logger for a complete list of JARs that were scanned but no TLDs were found in them. Skipping unneeded JARs during scanning can improve startup time and JSP compilation time.
05-Mar-2023 19:53:36.861 INFO [main] org.apache.catalina.startup.HostConfig.deployDescriptor Deployment of deployment descriptor [C:\Program Files\Apache Software Foundation\Tomcat 10.0\conf\Catalina\localhost\WebApplication3.xml] has finished in [452] ms
05-Mar-2023 19:53:36.861 INFO [main] org.apache.catalina.startup.HostConfig.deployDescriptor Deploying deployment descriptor [C:\Program Files\Apache Software Foundation\Tomcat 10.0\conf\Catalina\localhost\Workshop1.xml]
05-Mar-2023 19:53:36.862 WARNING [main] org.apache.catalina.startup.HostConfig.deployDescriptor The path attribute with value [/Workshop1] in deployment descriptor [C:\Program Files\Apache Software Foundation\Tomcat 10.0\conf\Catalina\localhost\Workshop1.xml] has been ignored
05-Mar-2023 19:53:36.865 SEVERE [main] org.apache.catalina.startup.HostConfig.deployDescriptor Error deploying deployment descriptor [C:\Program Files\Apache Software Foundation\Tomcat 10.0\conf\Catalina\localhost\Workshop1.xml]
	java.lang.IllegalStateException: Error starting child
		at org.apache.catalina.core.ContainerBase.addChildInternal(ContainerBase.java:729)
		at org.apache.catalina.core.ContainerBase.addChild(ContainerBase.java:698)
		at org.apache.catalina.core.StandardHost.addChild(StandardHost.java:747)
		at org.apache.catalina.startup.HostConfig.deployDescriptor(HostConfig.java:693)
		at org.apache.catalina.startup.HostConfig$DeployDescriptor.run(HostConfig.java:1979)
		at java.util.concurrent.Executors$RunnableAdapter.call(Executors.java:511)
		at java.util.concurrent.FutureTask.run(FutureTask.java:266)
		at org.apache.tomcat.util.threads.InlineExecutorService.execute(InlineExecutorService.java:75)
		at java.util.concurrent.AbstractExecutorService.submit(AbstractExecutorService.java:112)
		at org.apache.catalina.startup.HostConfig.deployDescriptors(HostConfig.java:586)
		at org.apache.catalina.startup.HostConfig.deployApps(HostConfig.java:476)
		at org.apache.catalina.startup.HostConfig.start(HostConfig.java:1708)
		at org.apache.catalina.startup.HostConfig.lifecycleEvent(HostConfig.java:320)
		at org.apache.catalina.util.LifecycleBase.fireLifecycleEvent(LifecycleBase.java:123)
		at org.apache.catalina.util.LifecycleBase.setStateInternal(LifecycleBase.java:423)
		at org.apache.catalina.util.LifecycleBase.setState(LifecycleBase.java:366)
		at org.apache.catalina.core.ContainerBase.startInternal(ContainerBase.java:946)
		at org.apache.catalina.core.StandardHost.startInternal(StandardHost.java:886)
		at org.apache.catalina.util.LifecycleBase.start(LifecycleBase.java:183)
		at org.apache.catalina.core.ContainerBase$StartChild.call(ContainerBase.java:1396)
		at org.apache.catalina.core.ContainerBase$StartChild.call(ContainerBase.java:1386)
		at java.util.concurrent.FutureTask.run(FutureTask.java:266)
		at org.apache.tomcat.util.threads.InlineExecutorService.execute(InlineExecutorService.java:75)
		at java.util.concurrent.AbstractExecutorService.submit(AbstractExecutorService.java:134)
		at org.apache.catalina.core.ContainerBase.startInternal(ContainerBase.java:919)
		at org.apache.catalina.core.StandardEngine.startInternal(StandardEngine.java:265)
		at org.apache.catalina.util.LifecycleBase.start(LifecycleBase.java:183)
		at org.apache.catalina.core.StandardService.startInternal(StandardService.java:432)
		at org.apache.catalina.util.LifecycleBase.start(LifecycleBase.java:183)
		at org.apache.catalina.core.StandardServer.startInternal(StandardServer.java:930)
		at org.apache.catalina.util.LifecycleBase.start(LifecycleBase.java:183)
		at org.apache.catalina.startup.Catalina.start(Catalina.java:795)
		at sun.reflect.NativeMethodAccessorImpl.invoke0(Native Method)
		at sun.reflect.NativeMethodAccessorImpl.invoke(NativeMethodAccessorImpl.java:62)
		at sun.reflect.DelegatingMethodAccessorImpl.invoke(DelegatingMethodAccessorImpl.java:43)
		at java.lang.reflect.Method.invoke(Method.java:498)
		at org.apache.catalina.startup.Bootstrap.start(Bootstrap.java:345)
		at org.apache.catalina.startup.Bootstrap.main(Bootstrap.java:476)
	Caused by: org.apache.catalina.LifecycleException: Failed to start component [org.apache.catalina.webresources.StandardRoot@7de9d7c7]
		at org.apache.catalina.util.LifecycleBase.handleSubClassException(LifecycleBase.java:440)
		at org.apache.catalina.util.LifecycleBase.start(LifecycleBase.java:198)
		at org.apache.catalina.core.StandardContext.resourcesStart(StandardContext.java:4835)
		at org.apache.catalina.core.StandardContext.startInternal(StandardContext.java:4973)
		at org.apache.catalina.util.LifecycleBase.start(LifecycleBase.java:183)
		at org.apache.catalina.core.ContainerBase.addChildInternal(ContainerBase.java:726)
		... 37 more
	Caused by: java.lang.IllegalArgumentException: The main resource set specified [C:\Users\ADMIN\Desktop\Nguyen Tien Dat - HE163935\Workshop1\build\web] is not valid
		at org.apache.catalina.webresources.StandardRoot.createMainResourceSet(StandardRoot.java:762)
		at org.apache.catalina.webresources.StandardRoot.startInternal(StandardRoot.java:719)
		at org.apache.catalina.util.LifecycleBase.start(LifecycleBase.java:183)
		... 41 more
05-Mar-2023 19:53:36.887 INFO [main] org.apache.catalina.startup.HostConfig.deployDescriptor Deployment of deployment descriptor [C:\Program Files\Apache Software Foundation\Tomcat 10.0\conf\Catalina\localhost\Workshop1.xml] has finished in [25] ms
05-Mar-2023 19:53:36.887 INFO [main] org.apache.catalina.startup.HostConfig.deployDescriptor Deploying deployment descriptor [C:\Program Files\Apache Software Foundation\Tomcat 10.0\conf\Catalina\localhost\WS1Chua.xml]
05-Mar-2023 19:53:36.888 WARNING [main] org.apache.catalina.startup.HostConfig.deployDescriptor The path attribute with value [/WS1Chua] in deployment descriptor [C:\Program Files\Apache Software Foundation\Tomcat 10.0\conf\Catalina\localhost\WS1Chua.xml] has been ignored
05-Mar-2023 19:53:36.891 SEVERE [main] org.apache.catalina.startup.HostConfig.deployDescriptor Error deploying deployment descriptor [C:\Program Files\Apache Software Foundation\Tomcat 10.0\conf\Catalina\localhost\WS1Chua.xml]
	java.lang.IllegalStateException: Error starting child
		at org.apache.catalina.core.ContainerBase.addChildInternal(ContainerBase.java:729)
		at org.apache.catalina.core.ContainerBase.addChild(ContainerBase.java:698)
		at org.apache.catalina.core.StandardHost.addChild(StandardHost.java:747)
		at org.apache.catalina.startup.HostConfig.deployDescriptor(HostConfig.java:693)
		at org.apache.catalina.startup.HostConfig$DeployDescriptor.run(HostConfig.java:1979)
		at java.util.concurrent.Executors$RunnableAdapter.call(Executors.java:511)
		at java.util.concurrent.FutureTask.run(FutureTask.java:266)
		at org.apache.tomcat.util.threads.InlineExecutorService.execute(InlineExecutorService.java:75)
		at java.util.concurrent.AbstractExecutorService.submit(AbstractExecutorService.java:112)
		at org.apache.catalina.startup.HostConfig.deployDescriptors(HostConfig.java:586)
		at org.apache.catalina.startup.HostConfig.deployApps(HostConfig.java:476)
		at org.apache.catalina.startup.HostConfig.start(HostConfig.java:1708)
		at org.apache.catalina.startup.HostConfig.lifecycleEvent(HostConfig.java:320)
		at org.apache.catalina.util.LifecycleBase.fireLifecycleEvent(LifecycleBase.java:123)
		at org.apache.catalina.util.LifecycleBase.setStateInternal(LifecycleBase.java:423)
		at org.apache.catalina.util.LifecycleBase.setState(LifecycleBase.java:366)
		at org.apache.catalina.core.ContainerBase.startInternal(ContainerBase.java:946)
		at org.apache.catalina.core.StandardHost.startInternal(StandardHost.java:886)
		at org.apache.catalina.util.LifecycleBase.start(LifecycleBase.java:183)
		at org.apache.catalina.core.ContainerBase$StartChild.call(ContainerBase.java:1396)
		at org.apache.catalina.core.ContainerBase$StartChild.call(ContainerBase.java:1386)
		at java.util.concurrent.FutureTask.run(FutureTask.java:266)
		at org.apache.tomcat.util.threads.InlineExecutorService.execute(InlineExecutorService.java:75)
		at java.util.concurrent.AbstractExecutorService.submit(AbstractExecutorService.java:134)
		at org.apache.catalina.core.ContainerBase.startInternal(ContainerBase.java:919)
		at org.apache.catalina.core.StandardEngine.startInternal(StandardEngine.java:265)
		at org.apache.catalina.util.LifecycleBase.start(LifecycleBase.java:183)
		at org.apache.catalina.core.StandardService.startInternal(StandardService.java:432)
		at org.apache.catalina.util.LifecycleBase.start(LifecycleBase.java:183)
		at org.apache.catalina.core.StandardServer.startInternal(StandardServer.java:930)
		at org.apache.catalina.util.LifecycleBase.start(LifecycleBase.java:183)
		at org.apache.catalina.startup.Catalina.start(Catalina.java:795)
		at sun.reflect.NativeMethodAccessorImpl.invoke0(Native Method)
		at sun.reflect.NativeMethodAccessorImpl.invoke(NativeMethodAccessorImpl.java:62)
		at sun.reflect.DelegatingMethodAccessorImpl.invoke(DelegatingMethodAccessorImpl.java:43)
		at java.lang.reflect.Method.invoke(Method.java:498)
		at org.apache.catalina.startup.Bootstrap.start(Bootstrap.java:345)
		at org.apache.catalina.startup.Bootstrap.main(Bootstrap.java:476)
	Caused by: org.apache.catalina.LifecycleException: Failed to start component [org.apache.catalina.webresources.StandardRoot@213229a5]
		at org.apache.catalina.util.LifecycleBase.handleSubClassException(LifecycleBase.java:440)
		at org.apache.catalina.util.LifecycleBase.start(LifecycleBase.java:198)
		at org.apache.catalina.core.StandardContext.resourcesStart(StandardContext.java:4835)
		at org.apache.catalina.core.StandardContext.startInternal(StandardContext.java:4973)
		at org.apache.catalina.util.LifecycleBase.start(LifecycleBase.java:183)
		at org.apache.catalina.core.ContainerBase.addChildInternal(ContainerBase.java:726)
		... 37 more
	Caused by: java.lang.IllegalArgumentException: The main resource set specified [C:\Users\ADMIN\Desktop\PRJ301\Code lop\WS1Chua\build\web] is not valid
		at org.apache.catalina.webresources.StandardRoot.createMainResourceSet(StandardRoot.java:762)
		at org.apache.catalina.webresources.StandardRoot.startInternal(StandardRoot.java:719)
		at org.apache.catalina.util.LifecycleBase.start(LifecycleBase.java:183)
		... 41 more
05-Mar-2023 19:53:37.068 INFO [main] org.apache.catalina.startup.HostConfig.deployDescriptor Deployment of deployment descriptor [C:\Program Files\Apache Software Foundation\Tomcat 10.0\conf\Catalina\localhost\WS1Chua.xml] has finished in [181] ms
05-Mar-2023 19:53:37.068 INFO [main] org.apache.catalina.startup.HostConfig.deployDirectory Deploying web application directory [C:\Program Files\Apache Software Foundation\Tomcat 10.0\webapps\docs]
05-Mar-2023 19:53:37.085 INFO [main] org.apache.catalina.startup.HostConfig.deployDirectory Deployment of web application directory [C:\Program Files\Apache Software Foundation\Tomcat 10.0\webapps\docs] has finished in [17] ms
05-Mar-2023 19:53:37.086 INFO [main] org.apache.catalina.startup.HostConfig.deployDirectory Deploying web application directory [C:\Program Files\Apache Software Foundation\Tomcat 10.0\webapps\manager]
05-Mar-2023 19:53:37.119 INFO [main] org.apache.catalina.startup.HostConfig.deployDirectory Deployment of web application directory [C:\Program Files\Apache Software Foundation\Tomcat 10.0\webapps\manager] has finished in [34] ms
05-Mar-2023 19:53:37.119 INFO [main] org.apache.catalina.startup.HostConfig.deployDirectory Deploying web application directory [C:\Program Files\Apache Software Foundation\Tomcat 10.0\webapps\ROOT]
05-Mar-2023 19:53:37.137 INFO [main] org.apache.catalina.startup.HostConfig.deployDirectory Deployment of web application directory [C:\Program Files\Apache Software Foundation\Tomcat 10.0\webapps\ROOT] has finished in [18] ms
05-Mar-2023 19:53:37.140 INFO [main] org.apache.coyote.AbstractProtocol.start Starting ProtocolHandler ["http-nio-9999"]
05-Mar-2023 19:53:37.216 INFO [main] org.apache.catalina.startup.Catalina.start Server startup in [7502] milliseconds
05-Mar-2023 20:32:55.420 INFO [http-nio-9999-exec-6] org.apache.catalina.core.StandardContext.reload Reloading Context with name [/Assignment] has started
05-Mar-2023 20:32:55.425 WARNING [http-nio-9999-exec-6] org.apache.catalina.loader.WebappClassLoaderBase.clearReferencesJdbc The web application [Assignment] registered the JDBC driver [com.microsoft.sqlserver.jdbc.SQLServerDriver] but failed to unregister it when the web application was stopped. To prevent a memory leak, the JDBC Driver has been forcibly unregistered.
05-Mar-2023 20:32:55.427 SEVERE [http-nio-9999-exec-6] org.apache.catalina.loader.WebappClassLoaderBase.checkThreadLocalMapForLeaks The web application [Assignment] created a ThreadLocal with key of type [com.microsoft.sqlserver.jdbc.ActivityCorrelator$1] (value [com.microsoft.sqlserver.jdbc.ActivityCorrelator$1@117054b1]) and a value of type [com.microsoft.sqlserver.jdbc.ActivityId] (value [80dbabef-7381-48b2-b117-4388592f5abb-1]) but failed to remove it when the web application was stopped. Threads are going to be renewed over time to try and avoid a probable memory leak.
05-Mar-2023 20:32:55.428 SEVERE [http-nio-9999-exec-6] org.apache.catalina.loader.WebappClassLoaderBase.checkThreadLocalMapForLeaks The web application [Assignment] created a ThreadLocal with key of type [com.microsoft.sqlserver.jdbc.ActivityCorrelator$1] (value [com.microsoft.sqlserver.jdbc.ActivityCorrelator$1@117054b1]) and a value of type [com.microsoft.sqlserver.jdbc.ActivityId] (value [718be26a-90fe-4228-a80a-0840b907010d-1]) but failed to remove it when the web application was stopped. Threads are going to be renewed over time to try and avoid a probable memory leak.
05-Mar-2023 20:32:55.428 SEVERE [http-nio-9999-exec-6] org.apache.catalina.loader.WebappClassLoaderBase.checkThreadLocalMapForLeaks The web application [Assignment] created a ThreadLocal with key of type [com.microsoft.sqlserver.jdbc.ActivityCorrelator$1] (value [com.microsoft.sqlserver.jdbc.ActivityCorrelator$1@117054b1]) and a value of type [com.microsoft.sqlserver.jdbc.ActivityId] (value [48b380aa-c56a-4bc1-99fc-86f04df57934-1]) but failed to remove it when the web application was stopped. Threads are going to be renewed over time to try and avoid a probable memory leak.
05-Mar-2023 20:32:55.930 INFO [http-nio-9999-exec-6] org.apache.jasper.servlet.TldScanner.scanJars At least one JAR was scanned for TLDs yet contained no TLDs. Enable debug logging for this logger for a complete list of JARs that were scanned but no TLDs were found in them. Skipping unneeded JARs during scanning can improve startup time and JSP compilation time.
05-Mar-2023 20:32:55.941 INFO [http-nio-9999-exec-6] org.apache.catalina.core.StandardContext.reload Reloading Context with name [/Assignment] is completed
05-Mar-2023 20:57:13.477 INFO [http-nio-9999-exec-11] org.apache.catalina.core.StandardContext.reload Reloading Context with name [/Assignment] has started
05-Mar-2023 20:57:13.905 INFO [http-nio-9999-exec-11] org.apache.jasper.servlet.TldScanner.scanJars At least one JAR was scanned for TLDs yet contained no TLDs. Enable debug logging for this logger for a complete list of JARs that were scanned but no TLDs were found in them. Skipping unneeded JARs during scanning can improve startup time and JSP compilation time.
05-Mar-2023 20:57:13.915 INFO [http-nio-9999-exec-11] org.apache.catalina.core.StandardContext.reload Reloading Context with name [/Assignment] is completed
05-Mar-2023 21:01:02.299 INFO [http-nio-9999-exec-23] org.apache.catalina.core.StandardContext.reload Reloading Context with name [/Assignment] has started
05-Mar-2023 21:01:02.797 INFO [http-nio-9999-exec-23] org.apache.jasper.servlet.TldScanner.scanJars At least one JAR was scanned for TLDs yet contained no TLDs. Enable debug logging for this logger for a complete list of JARs that were scanned but no TLDs were found in them. Skipping unneeded JARs during scanning can improve startup time and JSP compilation time.
05-Mar-2023 21:01:02.808 INFO [http-nio-9999-exec-23] org.apache.catalina.core.StandardContext.reload Reloading Context with name [/Assignment] is completed
05-Mar-2023 21:01:03.144 INFO [http-nio-9999-exec-22] org.apache.catalina.core.StandardContext.reload Reloading Context with name [/Assignment] has started
05-Mar-2023 21:01:03.683 INFO [http-nio-9999-exec-22] org.apache.jasper.servlet.TldScanner.scanJars At least one JAR was scanned for TLDs yet contained no TLDs. Enable debug logging for this logger for a complete list of JARs that were scanned but no TLDs were found in them. Skipping unneeded JARs during scanning can improve startup time and JSP compilation time.
05-Mar-2023 21:01:03.691 INFO [http-nio-9999-exec-22] org.apache.catalina.core.StandardContext.reload Reloading Context with name [/Assignment] is completed
05-Mar-2023 21:05:35.448 INFO [http-nio-9999-exec-17] org.apache.jasper.servlet.TldScanner.scanJars At least one JAR was scanned for TLDs yet contained no TLDs. Enable debug logging for this logger for a complete list of JARs that were scanned but no TLDs were found in them. Skipping unneeded JARs during scanning can improve startup time and JSP compilation time.
05-Mar-2023 21:05:35.788 INFO [http-nio-9999-exec-27] org.apache.catalina.core.StandardContext.reload Reloading Context with name [/Assignment] has started
05-Mar-2023 21:05:36.273 INFO [http-nio-9999-exec-27] org.apache.jasper.servlet.TldScanner.scanJars At least one JAR was scanned for TLDs yet contained no TLDs. Enable debug logging for this logger for a complete list of JARs that were scanned but no TLDs were found in them. Skipping unneeded JARs during scanning can improve startup time and JSP compilation time.
05-Mar-2023 21:05:36.283 INFO [http-nio-9999-exec-27] org.apache.catalina.core.StandardContext.reload Reloading Context with name [/Assignment] is completed
05-Mar-2023 21:05:44.812 INFO [Catalina-utility-1] org.apache.catalina.startup.HostConfig.reload Reloading context [/Assignment]
05-Mar-2023 21:05:44.812 INFO [Catalina-utility-1] org.apache.catalina.core.StandardContext.reload Reloading Context with name [/Assignment] has started
05-Mar-2023 21:05:45.213 INFO [Catalina-utility-1] org.apache.jasper.servlet.TldScanner.scanJars At least one JAR was scanned for TLDs yet contained no TLDs. Enable debug logging for this logger for a complete list of JARs that were scanned but no TLDs were found in them. Skipping unneeded JARs during scanning can improve startup time and JSP compilation time.
05-Mar-2023 21:05:45.220 INFO [Catalina-utility-1] org.apache.catalina.core.StandardContext.reload Reloading Context with name [/Assignment] is completed
05-Mar-2023 21:07:55.218 INFO [http-nio-9999-exec-35] org.apache.catalina.core.StandardContext.reload Reloading Context with name [/Assignment] has started
05-Mar-2023 21:07:55.630 INFO [http-nio-9999-exec-35] org.apache.jasper.servlet.TldScanner.scanJars At least one JAR was scanned for TLDs yet contained no TLDs. Enable debug logging for this logger for a complete list of JARs that were scanned but no TLDs were found in them. Skipping unneeded JARs during scanning can improve startup time and JSP compilation time.
05-Mar-2023 21:07:55.637 INFO [http-nio-9999-exec-35] org.apache.catalina.core.StandardContext.reload Reloading Context with name [/Assignment] is completed
05-Mar-2023 21:10:10.249 INFO [http-nio-9999-exec-38] org.apache.catalina.core.StandardContext.reload Reloading Context with name [/Assignment] has started
05-Mar-2023 21:10:10.646 INFO [http-nio-9999-exec-38] org.apache.jasper.servlet.TldScanner.scanJars At least one JAR was scanned for TLDs yet contained no TLDs. Enable debug logging for this logger for a complete list of JARs that were scanned but no TLDs were found in them. Skipping unneeded JARs during scanning can improve startup time and JSP compilation time.
05-Mar-2023 21:10:10.657 INFO [http-nio-9999-exec-38] org.apache.catalina.core.StandardContext.reload Reloading Context with name [/Assignment] is completed
05-Mar-2023 21:10:35.937 INFO [http-nio-9999-exec-36] org.apache.catalina.core.StandardContext.reload Reloading Context with name [/Assignment] has started
05-Mar-2023 21:10:36.375 INFO [http-nio-9999-exec-36] org.apache.jasper.servlet.TldScanner.scanJars At least one JAR was scanned for TLDs yet contained no TLDs. Enable debug logging for this logger for a complete list of JARs that were scanned but no TLDs were found in them. Skipping unneeded JARs during scanning can improve startup time and JSP compilation time.
05-Mar-2023 21:10:36.383 INFO [http-nio-9999-exec-36] org.apache.catalina.core.StandardContext.reload Reloading Context with name [/Assignment] is completed
05-Mar-2023 21:13:33.622 INFO [http-nio-9999-exec-37] org.apache.catalina.core.StandardContext.reload Reloading Context with name [/Assignment] has started
05-Mar-2023 21:13:34.071 INFO [http-nio-9999-exec-37] org.apache.jasper.servlet.TldScanner.scanJars At least one JAR was scanned for TLDs yet contained no TLDs. Enable debug logging for this logger for a complete list of JARs that were scanned but no TLDs were found in them. Skipping unneeded JARs during scanning can improve startup time and JSP compilation time.
05-Mar-2023 21:13:34.078 INFO [http-nio-9999-exec-37] org.apache.catalina.core.StandardContext.reload Reloading Context with name [/Assignment] is completed
05-Mar-2023 21:13:49.076 INFO [http-nio-9999-exec-40] org.apache.catalina.core.StandardContext.reload Reloading Context with name [/Assignment] has started
05-Mar-2023 21:13:49.553 INFO [http-nio-9999-exec-40] org.apache.jasper.servlet.TldScanner.scanJars At least one JAR was scanned for TLDs yet contained no TLDs. Enable debug logging for this logger for a complete list of JARs that were scanned but no TLDs were found in them. Skipping unneeded JARs during scanning can improve startup time and JSP compilation time.
05-Mar-2023 21:13:49.560 INFO [http-nio-9999-exec-40] org.apache.catalina.core.StandardContext.reload Reloading Context with name [/Assignment] is completed
05-Mar-2023 21:14:50.766 INFO [http-nio-9999-exec-14] org.apache.catalina.core.StandardContext.reload Reloading Context with name [/Assignment] has started
05-Mar-2023 21:14:51.165 INFO [http-nio-9999-exec-14] org.apache.jasper.servlet.TldScanner.scanJars At least one JAR was scanned for TLDs yet contained no TLDs. Enable debug logging for this logger for a complete list of JARs that were scanned but no TLDs were found in them. Skipping unneeded JARs during scanning can improve startup time and JSP compilation time.
05-Mar-2023 21:14:51.173 INFO [http-nio-9999-exec-14] org.apache.catalina.core.StandardContext.reload Reloading Context with name [/Assignment] is completed
05-Mar-2023 21:15:01.384 INFO [http-nio-9999-exec-43] org.apache.catalina.core.StandardContext.reload Reloading Context with name [/Assignment] has started
05-Mar-2023 21:15:01.764 INFO [http-nio-9999-exec-43] org.apache.jasper.servlet.TldScanner.scanJars At least one JAR was scanned for TLDs yet contained no TLDs. Enable debug logging for this logger for a complete list of JARs that were scanned but no TLDs were found in them. Skipping unneeded JARs during scanning can improve startup time and JSP compilation time.
05-Mar-2023 21:15:01.772 INFO [http-nio-9999-exec-43] org.apache.catalina.core.StandardContext.reload Reloading Context with name [/Assignment] is completed
05-Mar-2023 21:15:02.093 INFO [http-nio-9999-exec-44] org.apache.catalina.core.StandardContext.reload Reloading Context with name [/Assignment] has started
05-Mar-2023 21:15:02.510 INFO [http-nio-9999-exec-44] org.apache.jasper.servlet.TldScanner.scanJars At least one JAR was scanned for TLDs yet contained no TLDs. Enable debug logging for this logger for a complete list of JARs that were scanned but no TLDs were found in them. Skipping unneeded JARs during scanning can improve startup time and JSP compilation time.
05-Mar-2023 21:15:02.517 INFO [http-nio-9999-exec-44] org.apache.catalina.core.StandardContext.reload Reloading Context with name [/Assignment] is completed
05-Mar-2023 21:17:14.568 INFO [http-nio-9999-exec-45] org.apache.catalina.core.StandardContext.reload Reloading Context with name [/Assignment] has started
05-Mar-2023 21:17:14.965 INFO [http-nio-9999-exec-45] org.apache.jasper.servlet.TldScanner.scanJars At least one JAR was scanned for TLDs yet contained no TLDs. Enable debug logging for this logger for a complete list of JARs that were scanned but no TLDs were found in them. Skipping unneeded JARs during scanning can improve startup time and JSP compilation time.
05-Mar-2023 21:17:14.971 INFO [http-nio-9999-exec-45] org.apache.catalina.core.StandardContext.reload Reloading Context with name [/Assignment] is completed
05-Mar-2023 21:19:05.843 INFO [http-nio-9999-exec-14] org.apache.catalina.core.StandardContext.reload Reloading Context with name [/Assignment] has started
05-Mar-2023 21:19:06.242 INFO [http-nio-9999-exec-14] org.apache.jasper.servlet.TldScanner.scanJars At least one JAR was scanned for TLDs yet contained no TLDs. Enable debug logging for this logger for a complete list of JARs that were scanned but no TLDs were found in them. Skipping unneeded JARs during scanning can improve startup time and JSP compilation time.
05-Mar-2023 21:19:06.250 INFO [http-nio-9999-exec-14] org.apache.catalina.core.StandardContext.reload Reloading Context with name [/Assignment] is completed
05-Mar-2023 21:24:37.588 INFO [http-nio-9999-exec-59] org.apache.catalina.core.StandardContext.reload Reloading Context with name [/Assignment] has started
05-Mar-2023 21:24:38.059 INFO [http-nio-9999-exec-59] org.apache.jasper.servlet.TldScanner.scanJars At least one JAR was scanned for TLDs yet contained no TLDs. Enable debug logging for this logger for a complete list of JARs that were scanned but no TLDs were found in them. Skipping unneeded JARs during scanning can improve startup time and JSP compilation time.
05-Mar-2023 21:24:38.070 INFO [http-nio-9999-exec-59] org.apache.catalina.core.StandardContext.reload Reloading Context with name [/Assignment] is completed
05-Mar-2023 21:24:38.397 INFO [http-nio-9999-exec-41] org.apache.catalina.core.StandardContext.reload Reloading Context with name [/Assignment] has started
05-Mar-2023 21:24:38.814 INFO [http-nio-9999-exec-41] org.apache.jasper.servlet.TldScanner.scanJars At least one JAR was scanned for TLDs yet contained no TLDs. Enable debug logging for this logger for a complete list of JARs that were scanned but no TLDs were found in them. Skipping unneeded JARs during scanning can improve startup time and JSP compilation time.
05-Mar-2023 21:24:38.822 INFO [http-nio-9999-exec-41] org.apache.catalina.core.StandardContext.reload Reloading Context with name [/Assignment] is completed
05-Mar-2023 21:39:49.970 INFO [http-nio-9999-exec-64] org.apache.catalina.core.StandardContext.reload Reloading Context with name [/Assignment] has started
05-Mar-2023 21:39:49.975 WARNING [http-nio-9999-exec-64] org.apache.catalina.loader.WebappClassLoaderBase.clearReferencesJdbc The web application [Assignment] registered the JDBC driver [com.microsoft.sqlserver.jdbc.SQLServerDriver] but failed to unregister it when the web application was stopped. To prevent a memory leak, the JDBC Driver has been forcibly unregistered.
05-Mar-2023 21:39:49.975 SEVERE [http-nio-9999-exec-64] org.apache.catalina.loader.WebappClassLoaderBase.checkThreadLocalMapForLeaks The web application [Assignment] created a ThreadLocal with key of type [com.microsoft.sqlserver.jdbc.ActivityCorrelator$1] (value [com.microsoft.sqlserver.jdbc.ActivityCorrelator$1@7261ba3e]) and a value of type [com.microsoft.sqlserver.jdbc.ActivityId] (value [e6e688bc-e412-4553-8aee-d3c9ac4be92f-1]) but failed to remove it when the web application was stopped. Threads are going to be renewed over time to try and avoid a probable memory leak.
05-Mar-2023 21:39:49.975 SEVERE [http-nio-9999-exec-64] org.apache.catalina.loader.WebappClassLoaderBase.checkThreadLocalMapForLeaks The web application [Assignment] created a ThreadLocal with key of type [com.microsoft.sqlserver.jdbc.ActivityCorrelator$1] (value [com.microsoft.sqlserver.jdbc.ActivityCorrelator$1@7261ba3e]) and a value of type [com.microsoft.sqlserver.jdbc.ActivityId] (value [37d23867-fdc6-4cf1-8618-f933ff5c6fd9-1]) but failed to remove it when the web application was stopped. Threads are going to be renewed over time to try and avoid a probable memory leak.
05-Mar-2023 21:39:50.511 INFO [http-nio-9999-exec-64] org.apache.jasper.servlet.TldScanner.scanJars At least one JAR was scanned for TLDs yet contained no TLDs. Enable debug logging for this logger for a complete list of JARs that were scanned but no TLDs were found in them. Skipping unneeded JARs during scanning can improve startup time and JSP compilation time.
05-Mar-2023 21:39:50.519 INFO [http-nio-9999-exec-64] org.apache.catalina.core.StandardContext.reload Reloading Context with name [/Assignment] is completed
05-Mar-2023 21:47:46.928 SEVERE [main] org.apache.catalina.startup.Catalina.stopServer No shutdown port configured. Shut down server through OS signal. Server not shut down.
