02-Mar-2023 12:10:26.426 INFO [main] org.apache.catalina.startup.VersionLoggerListener.log Server version name:   Apache Tomcat/10.0.27
02-Mar-2023 12:10:26.428 INFO [main] org.apache.catalina.startup.VersionLoggerListener.log Server built:          Oct 3 2022 14:18:31 UTC
02-Mar-2023 12:10:26.428 INFO [main] org.apache.catalina.startup.VersionLoggerListener.log Server version number: 10.0.27.0
02-Mar-2023 12:10:26.428 INFO [main] org.apache.catalina.startup.VersionLoggerListener.log OS Name:               Windows 10
02-Mar-2023 12:10:26.428 INFO [main] org.apache.catalina.startup.VersionLoggerListener.log OS Version:            10.0
02-Mar-2023 12:10:26.428 INFO [main] org.apache.catalina.startup.VersionLoggerListener.log Architecture:          amd64
02-Mar-2023 12:10:26.428 INFO [main] org.apache.catalina.startup.VersionLoggerListener.log Java Home:             C:\Program Files\Java\jdk1.8.0_321\jre
02-Mar-2023 12:10:26.428 INFO [main] org.apache.catalina.startup.VersionLoggerListener.log JVM Version:           1.8.0_321-b07
02-Mar-2023 12:10:26.428 INFO [main] org.apache.catalina.startup.VersionLoggerListener.log JVM Vendor:            Oracle Corporation
02-Mar-2023 12:10:26.428 INFO [main] org.apache.catalina.startup.VersionLoggerListener.log CATALINA_BASE:         C:\Program Files\Apache Software Foundation\Tomcat 10.0
02-Mar-2023 12:10:26.428 INFO [main] org.apache.catalina.startup.VersionLoggerListener.log CATALINA_HOME:         C:\Program Files\Apache Software Foundation\Tomcat 10.0
02-Mar-2023 12:10:26.430 INFO [main] org.apache.catalina.startup.VersionLoggerListener.log Command line argument: -Djava.util.logging.config.file=C:\Program Files\Apache Software Foundation\Tomcat 10.0\conf\logging.properties
02-Mar-2023 12:10:26.430 INFO [main] org.apache.catalina.startup.VersionLoggerListener.log Command line argument: -Djava.util.logging.manager=org.apache.juli.ClassLoaderLogManager
02-Mar-2023 12:10:26.430 INFO [main] org.apache.catalina.startup.VersionLoggerListener.log Command line argument: -Dhttp.proxyHost=proxy
02-Mar-2023 12:10:26.430 INFO [main] org.apache.catalina.startup.VersionLoggerListener.log Command line argument: -Dhttp.proxyPort=8080
02-Mar-2023 12:10:26.430 INFO [main] org.apache.catalina.startup.VersionLoggerListener.log Command line argument: -Dhttp.nonProxyHosts=localhost*|127.0.0.1*|GENTLE*|localhost|127.0.0.1|GENTLE
02-Mar-2023 12:10:26.430 INFO [main] org.apache.catalina.startup.VersionLoggerListener.log Command line argument: -Djdk.tls.ephemeralDHKeySize=2048
02-Mar-2023 12:10:26.430 INFO [main] org.apache.catalina.startup.VersionLoggerListener.log Command line argument: -Djava.protocol.handler.pkgs=org.apache.catalina.webresources
02-Mar-2023 12:10:26.430 INFO [main] org.apache.catalina.startup.VersionLoggerListener.log Command line argument: -Dignore.endorsed.dirs=
02-Mar-2023 12:10:26.430 INFO [main] org.apache.catalina.startup.VersionLoggerListener.log Command line argument: -Dcatalina.base=C:\Program Files\Apache Software Foundation\Tomcat 10.0
02-Mar-2023 12:10:26.430 INFO [main] org.apache.catalina.startup.VersionLoggerListener.log Command line argument: -Dcatalina.home=C:\Program Files\Apache Software Foundation\Tomcat 10.0
02-Mar-2023 12:10:26.430 INFO [main] org.apache.catalina.startup.VersionLoggerListener.log Command line argument: -Djava.io.tmpdir=C:\Program Files\Apache Software Foundation\Tomcat 10.0\temp
02-Mar-2023 12:10:26.439 INFO [main] org.apache.catalina.core.AprLifecycleListener.lifecycleEvent The Apache Tomcat Native library which allows using OpenSSL was not found on the java.library.path: [C:\Program Files\Java\jdk1.8.0_321\bin;C:\WINDOWS\Sun\Java\bin;C:\WINDOWS\system32;C:\WINDOWS;C:\Program Files\Common Files\Oracle\Java\javapath;C:\Program Files (x86)\Common Files\Oracle\Java\javapath;C:\ProgramData\Oracle\Java\javapath;C:\Windows\system32;C:\Windows;C:\Windows\System32\Wbem;C:\Windows\System32\WindowsPowerShell\v1.0\;C:\Windows\System32\OpenSSH\;C:\Program Files (x86)\NVIDIA Corporation\PhysX\Common;C:\Program Files\NVIDIA Corporation\NVIDIA NvDLISR;C:\WINDOWS\system32;C:\WINDOWS;C:\WINDOWS\System32\Wbem;C:\WINDOWS\System32\WindowsPowerShell\v1.0\;C:\WINDOWS\System32\OpenSSH\;C:\Program Files (x86)\Microsoft SQL Server\150\Tools\Binn\;C:\Program Files\Microsoft SQL Server\150\Tools\Binn\;C:\Program Files (x86)\Microsoft SQL Server\150\DTS\Binn\;C:\Program Files\Microsoft SQL Server\150\DTS\Binn\;C:\Program Files\Microsoft SQL Server\Client SDK\ODBC\170\Tools\Binn\;C:\Program Files\Azure Data Studio\bin;C:\Users\ADMIN\AppData\Local\Microsoft\WindowsApps;C:\Program Files\Azure Data Studio\bin;E:\Visual Code\Microsoft VS Code\bin;C:\Program Files\Java\jdk1.8.0_321\bin;;.]
02-Mar-2023 12:10:26.713 INFO [main] org.apache.coyote.AbstractProtocol.init Initializing ProtocolHandler ["http-nio-9999"]
02-Mar-2023 12:10:26.728 INFO [main] org.apache.catalina.startup.Catalina.load Server initialization in [432] milliseconds
02-Mar-2023 12:10:26.754 INFO [main] org.apache.catalina.core.StandardService.startInternal Starting service [Catalina]
02-Mar-2023 12:10:26.754 INFO [main] org.apache.catalina.core.StandardEngine.startInternal Starting Servlet engine: [Apache Tomcat/10.0.27]
02-Mar-2023 12:10:26.761 INFO [main] org.apache.catalina.startup.HostConfig.deployDescriptor Deploying deployment descriptor [C:\Program Files\Apache Software Foundation\Tomcat 10.0\conf\Catalina\localhost\Assignment.xml]
02-Mar-2023 12:10:26.773 WARNING [main] org.apache.catalina.startup.HostConfig.deployDescriptor The path attribute with value [/Assignment] in deployment descriptor [C:\Program Files\Apache Software Foundation\Tomcat 10.0\conf\Catalina\localhost\Assignment.xml] has been ignored
02-Mar-2023 12:10:27.470 INFO [main] org.apache.jasper.servlet.TldScanner.scanJars At least one JAR was scanned for TLDs yet contained no TLDs. Enable debug logging for this logger for a complete list of JARs that were scanned but no TLDs were found in them. Skipping unneeded JARs during scanning can improve startup time and JSP compilation time.
02-Mar-2023 12:10:27.605 WARNING [main] org.apache.catalina.util.SessionIdGeneratorBase.createSecureRandom Creation of SecureRandom instance for session ID generation using [SHA1PRNG] took [103] milliseconds.
02-Mar-2023 12:10:27.618 INFO [main] org.apache.catalina.startup.HostConfig.deployDescriptor Deployment of deployment descriptor [C:\Program Files\Apache Software Foundation\Tomcat 10.0\conf\Catalina\localhost\Assignment.xml] has finished in [857] ms
02-Mar-2023 12:10:27.618 INFO [main] org.apache.catalina.startup.HostConfig.deployDescriptor Deploying deployment descriptor [C:\Program Files\Apache Software Foundation\Tomcat 10.0\conf\Catalina\localhost\AssignmentPRJ23.xml]
02-Mar-2023 12:10:27.619 WARNING [main] org.apache.catalina.startup.HostConfig.deployDescriptor The path attribute with value [/AssignmentPRJ23] in deployment descriptor [C:\Program Files\Apache Software Foundation\Tomcat 10.0\conf\Catalina\localhost\AssignmentPRJ23.xml] has been ignored
02-Mar-2023 12:10:28.093 INFO [main] org.apache.jasper.servlet.TldScanner.scanJars At least one JAR was scanned for TLDs yet contained no TLDs. Enable debug logging for this logger for a complete list of JARs that were scanned but no TLDs were found in them. Skipping unneeded JARs during scanning can improve startup time and JSP compilation time.
02-Mar-2023 12:10:28.105 INFO [main] org.apache.catalina.startup.HostConfig.deployDescriptor Deployment of deployment descriptor [C:\Program Files\Apache Software Foundation\Tomcat 10.0\conf\Catalina\localhost\AssignmentPRJ23.xml] has finished in [487] ms
02-Mar-2023 12:10:28.105 INFO [main] org.apache.catalina.startup.HostConfig.deployDescriptor Deploying deployment descriptor [C:\Program Files\Apache Software Foundation\Tomcat 10.0\conf\Catalina\localhost\btvn1.xml]
02-Mar-2023 12:10:28.106 WARNING [main] org.apache.catalina.startup.HostConfig.deployDescriptor The path attribute with value [/btvn1] in deployment descriptor [C:\Program Files\Apache Software Foundation\Tomcat 10.0\conf\Catalina\localhost\btvn1.xml] has been ignored
02-Mar-2023 12:10:28.497 INFO [main] org.apache.jasper.servlet.TldScanner.scanJars At least one JAR was scanned for TLDs yet contained no TLDs. Enable debug logging for this logger for a complete list of JARs that were scanned but no TLDs were found in them. Skipping unneeded JARs during scanning can improve startup time and JSP compilation time.
02-Mar-2023 12:10:28.509 INFO [main] org.apache.catalina.startup.HostConfig.deployDescriptor Deployment of deployment descriptor [C:\Program Files\Apache Software Foundation\Tomcat 10.0\conf\Catalina\localhost\btvn1.xml] has finished in [403] ms
02-Mar-2023 12:10:28.509 INFO [main] org.apache.catalina.startup.HostConfig.deployDescriptor Deploying deployment descriptor [C:\Program Files\Apache Software Foundation\Tomcat 10.0\conf\Catalina\localhost\btvn2.xml]
02-Mar-2023 12:10:28.509 WARNING [main] org.apache.catalina.startup.HostConfig.deployDescriptor The path attribute with value [/btvn2] in deployment descriptor [C:\Program Files\Apache Software Foundation\Tomcat 10.0\conf\Catalina\localhost\btvn2.xml] has been ignored
02-Mar-2023 12:10:28.939 INFO [main] org.apache.jasper.servlet.TldScanner.scanJars At least one JAR was scanned for TLDs yet contained no TLDs. Enable debug logging for this logger for a complete list of JARs that were scanned but no TLDs were found in them. Skipping unneeded JARs during scanning can improve startup time and JSP compilation time.
02-Mar-2023 12:10:28.950 INFO [main] org.apache.catalina.startup.HostConfig.deployDescriptor Deployment of deployment descriptor [C:\Program Files\Apache Software Foundation\Tomcat 10.0\conf\Catalina\localhost\btvn2.xml] has finished in [441] ms
02-Mar-2023 12:10:28.950 INFO [main] org.apache.catalina.startup.HostConfig.deployDescriptor Deploying deployment descriptor [C:\Program Files\Apache Software Foundation\Tomcat 10.0\conf\Catalina\localhost\Buoi5_PRJ301.xml]
02-Mar-2023 12:10:28.951 WARNING [main] org.apache.catalina.startup.HostConfig.deployDescriptor The path attribute with value [/Buoi5_PRJ301] in deployment descriptor [C:\Program Files\Apache Software Foundation\Tomcat 10.0\conf\Catalina\localhost\Buoi5_PRJ301.xml] has been ignored
02-Mar-2023 12:10:28.982 INFO [main] org.apache.catalina.startup.HostConfig.deployDescriptor Deployment of deployment descriptor [C:\Program Files\Apache Software Foundation\Tomcat 10.0\conf\Catalina\localhost\Buoi5_PRJ301.xml] has finished in [32] ms
02-Mar-2023 12:10:28.983 INFO [main] org.apache.catalina.startup.HostConfig.deployDescriptor Deploying deployment descriptor [C:\Program Files\Apache Software Foundation\Tomcat 10.0\conf\Catalina\localhost\ChuaBTVN1.xml]
02-Mar-2023 12:10:28.983 WARNING [main] org.apache.catalina.startup.HostConfig.deployDescriptor The path attribute with value [/ChuaBTVN1] in deployment descriptor [C:\Program Files\Apache Software Foundation\Tomcat 10.0\conf\Catalina\localhost\ChuaBTVN1.xml] has been ignored
02-Mar-2023 12:10:28.986 SEVERE [main] org.apache.catalina.startup.HostConfig.deployDescriptor Error deploying deployment descriptor [C:\Program Files\Apache Software Foundation\Tomcat 10.0\conf\Catalina\localhost\ChuaBTVN1.xml]
	java.lang.IllegalStateException: Error starting child
		at org.apache.catalina.core.ContainerBase.addChildInternal(ContainerBase.java:729)
		at org.apache.catalina.core.ContainerBase.addChild(ContainerBase.java:698)
		at org.apache.catalina.core.StandardHost.addChild(StandardHost.java:747)
		at org.apache.catalina.startup.HostConfig.deployDescriptor(HostConfig.java:693)
		at org.apache.catalina.startup.HostConfig$DeployDescriptor.run(HostConfig.java:1979)
		at java.util.concurrent.Executors$RunnableAdapter.call(Executors.java:511)
		at java.util.concurrent.FutureTask.run(FutureTask.java:266)
		at org.apache.tomcat.util.threads.InlineExecutorService.execute(InlineExecutorService.java:75)
		at java.util.concurrent.AbstractExecutorService.submit(AbstractExecutorService.java:112)
		at org.apache.catalina.startup.HostConfig.deployDescriptors(HostConfig.java:586)
		at org.apache.catalina.startup.HostConfig.deployApps(HostConfig.java:476)
		at org.apache.catalina.startup.HostConfig.start(HostConfig.java:1708)
		at org.apache.catalina.startup.HostConfig.lifecycleEvent(HostConfig.java:320)
		at org.apache.catalina.util.LifecycleBase.fireLifecycleEvent(LifecycleBase.java:123)
		at org.apache.catalina.util.LifecycleBase.setStateInternal(LifecycleBase.java:423)
		at org.apache.catalina.util.LifecycleBase.setState(LifecycleBase.java:366)
		at org.apache.catalina.core.ContainerBase.startInternal(ContainerBase.java:946)
		at org.apache.catalina.core.StandardHost.startInternal(StandardHost.java:886)
		at org.apache.catalina.util.LifecycleBase.start(LifecycleBase.java:183)
		at org.apache.catalina.core.ContainerBase$StartChild.call(ContainerBase.java:1396)
		at org.apache.catalina.core.ContainerBase$StartChild.call(ContainerBase.java:1386)
		at java.util.concurrent.FutureTask.run(FutureTask.java:266)
		at org.apache.tomcat.util.threads.InlineExecutorService.execute(InlineExecutorService.java:75)
		at java.util.concurrent.AbstractExecutorService.submit(AbstractExecutorService.java:134)
		at org.apache.catalina.core.ContainerBase.startInternal(ContainerBase.java:919)
		at org.apache.catalina.core.StandardEngine.startInternal(StandardEngine.java:265)
		at org.apache.catalina.util.LifecycleBase.start(LifecycleBase.java:183)
		at org.apache.catalina.core.StandardService.startInternal(StandardService.java:432)
		at org.apache.catalina.util.LifecycleBase.start(LifecycleBase.java:183)
		at org.apache.catalina.core.StandardServer.startInternal(StandardServer.java:930)
		at org.apache.catalina.util.LifecycleBase.start(LifecycleBase.java:183)
		at org.apache.catalina.startup.Catalina.start(Catalina.java:795)
		at sun.reflect.NativeMethodAccessorImpl.invoke0(Native Method)
		at sun.reflect.NativeMethodAccessorImpl.invoke(NativeMethodAccessorImpl.java:62)
		at sun.reflect.DelegatingMethodAccessorImpl.invoke(DelegatingMethodAccessorImpl.java:43)
		at java.lang.reflect.Method.invoke(Method.java:498)
		at org.apache.catalina.startup.Bootstrap.start(Bootstrap.java:345)
		at org.apache.catalina.startup.Bootstrap.main(Bootstrap.java:476)
	Caused by: org.apache.catalina.LifecycleException: Failed to start component [org.apache.catalina.webresources.StandardRoot@47b961e2]
		at org.apache.catalina.util.LifecycleBase.handleSubClassException(LifecycleBase.java:440)
		at org.apache.catalina.util.LifecycleBase.start(LifecycleBase.java:198)
		at org.apache.catalina.core.StandardContext.resourcesStart(StandardContext.java:4835)
		at org.apache.catalina.core.StandardContext.startInternal(StandardContext.java:4973)
		at org.apache.catalina.util.LifecycleBase.start(LifecycleBase.java:183)
		at org.apache.catalina.core.ContainerBase.addChildInternal(ContainerBase.java:726)
		... 37 more
	Caused by: java.lang.IllegalArgumentException: The main resource set specified [C:\Users\ADMIN\Desktop\PRJ301\Code lop\ChuaBTVN1\build\web] is not valid
		at org.apache.catalina.webresources.StandardRoot.createMainResourceSet(StandardRoot.java:762)
		at org.apache.catalina.webresources.StandardRoot.startInternal(StandardRoot.java:719)
		at org.apache.catalina.util.LifecycleBase.start(LifecycleBase.java:183)
		... 41 more
02-Mar-2023 12:10:29.023 INFO [main] org.apache.catalina.startup.HostConfig.deployDescriptor Deployment of deployment descriptor [C:\Program Files\Apache Software Foundation\Tomcat 10.0\conf\Catalina\localhost\ChuaBTVN1.xml] has finished in [40] ms
02-Mar-2023 12:10:29.023 INFO [main] org.apache.catalina.startup.HostConfig.deployDescriptor Deploying deployment descriptor [C:\Program Files\Apache Software Foundation\Tomcat 10.0\conf\Catalina\localhost\CRUD.xml]
02-Mar-2023 12:10:29.024 WARNING [main] org.apache.catalina.startup.HostConfig.deployDescriptor The path attribute with value [/CRUD] in deployment descriptor [C:\Program Files\Apache Software Foundation\Tomcat 10.0\conf\Catalina\localhost\CRUD.xml] has been ignored
02-Mar-2023 12:10:29.581 INFO [main] org.apache.jasper.servlet.TldScanner.scanJars At least one JAR was scanned for TLDs yet contained no TLDs. Enable debug logging for this logger for a complete list of JARs that were scanned but no TLDs were found in them. Skipping unneeded JARs during scanning can improve startup time and JSP compilation time.
02-Mar-2023 12:10:29.590 INFO [main] org.apache.catalina.startup.HostConfig.deployDescriptor Deployment of deployment descriptor [C:\Program Files\Apache Software Foundation\Tomcat 10.0\conf\Catalina\localhost\CRUD.xml] has finished in [567] ms
02-Mar-2023 12:10:29.590 INFO [main] org.apache.catalina.startup.HostConfig.deployDescriptor Deploying deployment descriptor [C:\Program Files\Apache Software Foundation\Tomcat 10.0\conf\Catalina\localhost\HelloScope.xml]
02-Mar-2023 12:10:29.590 WARNING [main] org.apache.catalina.startup.HostConfig.deployDescriptor The path attribute with value [/HelloScope] in deployment descriptor [C:\Program Files\Apache Software Foundation\Tomcat 10.0\conf\Catalina\localhost\HelloScope.xml] has been ignored
02-Mar-2023 12:10:29.953 INFO [main] org.apache.jasper.servlet.TldScanner.scanJars At least one JAR was scanned for TLDs yet contained no TLDs. Enable debug logging for this logger for a complete list of JARs that were scanned but no TLDs were found in them. Skipping unneeded JARs during scanning can improve startup time and JSP compilation time.
02-Mar-2023 12:10:29.962 INFO [main] org.apache.catalina.startup.HostConfig.deployDescriptor Deployment of deployment descriptor [C:\Program Files\Apache Software Foundation\Tomcat 10.0\conf\Catalina\localhost\HelloScope.xml] has finished in [372] ms
02-Mar-2023 12:10:29.963 INFO [main] org.apache.catalina.startup.HostConfig.deployDescriptor Deploying deployment descriptor [C:\Program Files\Apache Software Foundation\Tomcat 10.0\conf\Catalina\localhost\HelloServlet.xml]
02-Mar-2023 12:10:29.963 WARNING [main] org.apache.catalina.startup.HostConfig.deployDescriptor The path attribute with value [/HelloServlet] in deployment descriptor [C:\Program Files\Apache Software Foundation\Tomcat 10.0\conf\Catalina\localhost\HelloServlet.xml] has been ignored
02-Mar-2023 12:10:29.990 INFO [main] org.apache.catalina.startup.HostConfig.deployDescriptor Deployment of deployment descriptor [C:\Program Files\Apache Software Foundation\Tomcat 10.0\conf\Catalina\localhost\HelloServlet.xml] has finished in [27] ms
02-Mar-2023 12:10:29.990 INFO [main] org.apache.catalina.startup.HostConfig.deployDescriptor Deploying deployment descriptor [C:\Program Files\Apache Software Foundation\Tomcat 10.0\conf\Catalina\localhost\HelloServletnew.xml]
02-Mar-2023 12:10:29.991 WARNING [main] org.apache.catalina.startup.HostConfig.deployDescriptor The path attribute with value [/HelloServletnew] in deployment descriptor [C:\Program Files\Apache Software Foundation\Tomcat 10.0\conf\Catalina\localhost\HelloServletnew.xml] has been ignored
02-Mar-2023 12:10:29.995 SEVERE [main] org.apache.catalina.startup.HostConfig.deployDescriptor Error deploying deployment descriptor [C:\Program Files\Apache Software Foundation\Tomcat 10.0\conf\Catalina\localhost\HelloServletnew.xml]
	java.lang.IllegalStateException: Error starting child
		at org.apache.catalina.core.ContainerBase.addChildInternal(ContainerBase.java:729)
		at org.apache.catalina.core.ContainerBase.addChild(ContainerBase.java:698)
		at org.apache.catalina.core.StandardHost.addChild(StandardHost.java:747)
		at org.apache.catalina.startup.HostConfig.deployDescriptor(HostConfig.java:693)
		at org.apache.catalina.startup.HostConfig$DeployDescriptor.run(HostConfig.java:1979)
		at java.util.concurrent.Executors$RunnableAdapter.call(Executors.java:511)
		at java.util.concurrent.FutureTask.run(FutureTask.java:266)
		at org.apache.tomcat.util.threads.InlineExecutorService.execute(InlineExecutorService.java:75)
		at java.util.concurrent.AbstractExecutorService.submit(AbstractExecutorService.java:112)
		at org.apache.catalina.startup.HostConfig.deployDescriptors(HostConfig.java:586)
		at org.apache.catalina.startup.HostConfig.deployApps(HostConfig.java:476)
		at org.apache.catalina.startup.HostConfig.start(HostConfig.java:1708)
		at org.apache.catalina.startup.HostConfig.lifecycleEvent(HostConfig.java:320)
		at org.apache.catalina.util.LifecycleBase.fireLifecycleEvent(LifecycleBase.java:123)
		at org.apache.catalina.util.LifecycleBase.setStateInternal(LifecycleBase.java:423)
		at org.apache.catalina.util.LifecycleBase.setState(LifecycleBase.java:366)
		at org.apache.catalina.core.ContainerBase.startInternal(ContainerBase.java:946)
		at org.apache.catalina.core.StandardHost.startInternal(StandardHost.java:886)
		at org.apache.catalina.util.LifecycleBase.start(LifecycleBase.java:183)
		at org.apache.catalina.core.ContainerBase$StartChild.call(ContainerBase.java:1396)
		at org.apache.catalina.core.ContainerBase$StartChild.call(ContainerBase.java:1386)
		at java.util.concurrent.FutureTask.run(FutureTask.java:266)
		at org.apache.tomcat.util.threads.InlineExecutorService.execute(InlineExecutorService.java:75)
		at java.util.concurrent.AbstractExecutorService.submit(AbstractExecutorService.java:134)
		at org.apache.catalina.core.ContainerBase.startInternal(ContainerBase.java:919)
		at org.apache.catalina.core.StandardEngine.startInternal(StandardEngine.java:265)
		at org.apache.catalina.util.LifecycleBase.start(LifecycleBase.java:183)
		at org.apache.catalina.core.StandardService.startInternal(StandardService.java:432)
		at org.apache.catalina.util.LifecycleBase.start(LifecycleBase.java:183)
		at org.apache.catalina.core.StandardServer.startInternal(StandardServer.java:930)
		at org.apache.catalina.util.LifecycleBase.start(LifecycleBase.java:183)
		at org.apache.catalina.startup.Catalina.start(Catalina.java:795)
		at sun.reflect.NativeMethodAccessorImpl.invoke0(Native Method)
		at sun.reflect.NativeMethodAccessorImpl.invoke(NativeMethodAccessorImpl.java:62)
		at sun.reflect.DelegatingMethodAccessorImpl.invoke(DelegatingMethodAccessorImpl.java:43)
		at java.lang.reflect.Method.invoke(Method.java:498)
		at org.apache.catalina.startup.Bootstrap.start(Bootstrap.java:345)
		at org.apache.catalina.startup.Bootstrap.main(Bootstrap.java:476)
	Caused by: org.apache.catalina.LifecycleException: Failed to start component [org.apache.catalina.webresources.StandardRoot@1dc28c66]
		at org.apache.catalina.util.LifecycleBase.handleSubClassException(LifecycleBase.java:440)
		at org.apache.catalina.util.LifecycleBase.start(LifecycleBase.java:198)
		at org.apache.catalina.core.StandardContext.resourcesStart(StandardContext.java:4835)
		at org.apache.catalina.core.StandardContext.startInternal(StandardContext.java:4973)
		at org.apache.catalina.util.LifecycleBase.start(LifecycleBase.java:183)
		at org.apache.catalina.core.ContainerBase.addChildInternal(ContainerBase.java:726)
		... 37 more
	Caused by: java.lang.IllegalArgumentException: The main resource set specified [C:\Users\ADMIN\Desktop\PRJ301\Code (Hoc Them)\HelloServletnew\build\web] is not valid
		at org.apache.catalina.webresources.StandardRoot.createMainResourceSet(StandardRoot.java:762)
		at org.apache.catalina.webresources.StandardRoot.startInternal(StandardRoot.java:719)
		at org.apache.catalina.util.LifecycleBase.start(LifecycleBase.java:183)
		... 41 more
02-Mar-2023 12:10:30.054 INFO [main] org.apache.catalina.startup.HostConfig.deployDescriptor Deployment of deployment descriptor [C:\Program Files\Apache Software Foundation\Tomcat 10.0\conf\Catalina\localhost\HelloServletnew.xml] has finished in [64] ms
02-Mar-2023 12:10:30.054 INFO [main] org.apache.catalina.startup.HostConfig.deployDescriptor Deploying deployment descriptor [C:\Program Files\Apache Software Foundation\Tomcat 10.0\conf\Catalina\localhost\HelloWorld.xml]
02-Mar-2023 12:10:30.055 WARNING [main] org.apache.catalina.startup.HostConfig.deployDescriptor The path attribute with value [/HelloWorld] in deployment descriptor [C:\Program Files\Apache Software Foundation\Tomcat 10.0\conf\Catalina\localhost\HelloWorld.xml] has been ignored
02-Mar-2023 12:10:30.059 SEVERE [main] org.apache.catalina.startup.HostConfig.deployDescriptor Error deploying deployment descriptor [C:\Program Files\Apache Software Foundation\Tomcat 10.0\conf\Catalina\localhost\HelloWorld.xml]
	java.lang.IllegalStateException: Error starting child
		at org.apache.catalina.core.ContainerBase.addChildInternal(ContainerBase.java:729)
		at org.apache.catalina.core.ContainerBase.addChild(ContainerBase.java:698)
		at org.apache.catalina.core.StandardHost.addChild(StandardHost.java:747)
		at org.apache.catalina.startup.HostConfig.deployDescriptor(HostConfig.java:693)
		at org.apache.catalina.startup.HostConfig$DeployDescriptor.run(HostConfig.java:1979)
		at java.util.concurrent.Executors$RunnableAdapter.call(Executors.java:511)
		at java.util.concurrent.FutureTask.run(FutureTask.java:266)
		at org.apache.tomcat.util.threads.InlineExecutorService.execute(InlineExecutorService.java:75)
		at java.util.concurrent.AbstractExecutorService.submit(AbstractExecutorService.java:112)
		at org.apache.catalina.startup.HostConfig.deployDescriptors(HostConfig.java:586)
		at org.apache.catalina.startup.HostConfig.deployApps(HostConfig.java:476)
		at org.apache.catalina.startup.HostConfig.start(HostConfig.java:1708)
		at org.apache.catalina.startup.HostConfig.lifecycleEvent(HostConfig.java:320)
		at org.apache.catalina.util.LifecycleBase.fireLifecycleEvent(LifecycleBase.java:123)
		at org.apache.catalina.util.LifecycleBase.setStateInternal(LifecycleBase.java:423)
		at org.apache.catalina.util.LifecycleBase.setState(LifecycleBase.java:366)
		at org.apache.catalina.core.ContainerBase.startInternal(ContainerBase.java:946)
		at org.apache.catalina.core.StandardHost.startInternal(StandardHost.java:886)
		at org.apache.catalina.util.LifecycleBase.start(LifecycleBase.java:183)
		at org.apache.catalina.core.ContainerBase$StartChild.call(ContainerBase.java:1396)
		at org.apache.catalina.core.ContainerBase$StartChild.call(ContainerBase.java:1386)
		at java.util.concurrent.FutureTask.run(FutureTask.java:266)
		at org.apache.tomcat.util.threads.InlineExecutorService.execute(InlineExecutorService.java:75)
		at java.util.concurrent.AbstractExecutorService.submit(AbstractExecutorService.java:134)
		at org.apache.catalina.core.ContainerBase.startInternal(ContainerBase.java:919)
		at org.apache.catalina.core.StandardEngine.startInternal(StandardEngine.java:265)
		at org.apache.catalina.util.LifecycleBase.start(LifecycleBase.java:183)
		at org.apache.catalina.core.StandardService.startInternal(StandardService.java:432)
		at org.apache.catalina.util.LifecycleBase.start(LifecycleBase.java:183)
		at org.apache.catalina.core.StandardServer.startInternal(StandardServer.java:930)
		at org.apache.catalina.util.LifecycleBase.start(LifecycleBase.java:183)
		at org.apache.catalina.startup.Catalina.start(Catalina.java:795)
		at sun.reflect.NativeMethodAccessorImpl.invoke0(Native Method)
		at sun.reflect.NativeMethodAccessorImpl.invoke(NativeMethodAccessorImpl.java:62)
		at sun.reflect.DelegatingMethodAccessorImpl.invoke(DelegatingMethodAccessorImpl.java:43)
		at java.lang.reflect.Method.invoke(Method.java:498)
		at org.apache.catalina.startup.Bootstrap.start(Bootstrap.java:345)
		at org.apache.catalina.startup.Bootstrap.main(Bootstrap.java:476)
	Caused by: org.apache.catalina.LifecycleException: Failed to start component [org.apache.catalina.webresources.StandardRoot@6e161cea]
		at org.apache.catalina.util.LifecycleBase.handleSubClassException(LifecycleBase.java:440)
		at org.apache.catalina.util.LifecycleBase.start(LifecycleBase.java:198)
		at org.apache.catalina.core.StandardContext.resourcesStart(StandardContext.java:4835)
		at org.apache.catalina.core.StandardContext.startInternal(StandardContext.java:4973)
		at org.apache.catalina.util.LifecycleBase.start(LifecycleBase.java:183)
		at org.apache.catalina.core.ContainerBase.addChildInternal(ContainerBase.java:726)
		... 37 more
	Caused by: java.lang.IllegalArgumentException: The main resource set specified [C:\Users\ADMIN\Desktop\PRJ301\Code (Hoc Them)\HelloWorld\build\web] is not valid
		at org.apache.catalina.webresources.StandardRoot.createMainResourceSet(StandardRoot.java:762)
		at org.apache.catalina.webresources.StandardRoot.startInternal(StandardRoot.java:719)
		at org.apache.catalina.util.LifecycleBase.start(LifecycleBase.java:183)
		... 41 more
02-Mar-2023 12:10:30.253 INFO [main] org.apache.catalina.startup.HostConfig.deployDescriptor Deployment of deployment descriptor [C:\Program Files\Apache Software Foundation\Tomcat 10.0\conf\Catalina\localhost\HelloWorld.xml] has finished in [199] ms
02-Mar-2023 12:10:30.254 INFO [main] org.apache.catalina.startup.HostConfig.deployDescriptor Deploying deployment descriptor [C:\Program Files\Apache Software Foundation\Tomcat 10.0\conf\Catalina\localhost\JSPDEMO.xml]
02-Mar-2023 12:10:30.254 WARNING [main] org.apache.catalina.startup.HostConfig.deployDescriptor The path attribute with value [/JSPDEMO] in deployment descriptor [C:\Program Files\Apache Software Foundation\Tomcat 10.0\conf\Catalina\localhost\JSPDEMO.xml] has been ignored
02-Mar-2023 12:10:30.276 INFO [main] org.apache.catalina.startup.HostConfig.deployDescriptor Deployment of deployment descriptor [C:\Program Files\Apache Software Foundation\Tomcat 10.0\conf\Catalina\localhost\JSPDEMO.xml] has finished in [23] ms
02-Mar-2023 12:10:30.276 INFO [main] org.apache.catalina.startup.HostConfig.deployDescriptor Deploying deployment descriptor [C:\Program Files\Apache Software Foundation\Tomcat 10.0\conf\Catalina\localhost\JSPDEMO2.xml]
02-Mar-2023 12:10:30.277 WARNING [main] org.apache.catalina.startup.HostConfig.deployDescriptor The path attribute with value [/JSPDEMO2] in deployment descriptor [C:\Program Files\Apache Software Foundation\Tomcat 10.0\conf\Catalina\localhost\JSPDEMO2.xml] has been ignored
02-Mar-2023 12:10:30.302 INFO [main] org.apache.catalina.startup.HostConfig.deployDescriptor Deployment of deployment descriptor [C:\Program Files\Apache Software Foundation\Tomcat 10.0\conf\Catalina\localhost\JSPDEMO2.xml] has finished in [26] ms
02-Mar-2023 12:10:30.303 INFO [main] org.apache.catalina.startup.HostConfig.deployDescriptor Deploying deployment descriptor [C:\Program Files\Apache Software Foundation\Tomcat 10.0\conf\Catalina\localhost\Login-buoi4.xml]
02-Mar-2023 12:10:30.303 WARNING [main] org.apache.catalina.startup.HostConfig.deployDescriptor The path attribute with value [/Login-buoi4] in deployment descriptor [C:\Program Files\Apache Software Foundation\Tomcat 10.0\conf\Catalina\localhost\Login-buoi4.xml] has been ignored
02-Mar-2023 12:10:30.642 INFO [main] org.apache.jasper.servlet.TldScanner.scanJars At least one JAR was scanned for TLDs yet contained no TLDs. Enable debug logging for this logger for a complete list of JARs that were scanned but no TLDs were found in them. Skipping unneeded JARs during scanning can improve startup time and JSP compilation time.
02-Mar-2023 12:10:30.651 INFO [main] org.apache.catalina.startup.HostConfig.deployDescriptor Deployment of deployment descriptor [C:\Program Files\Apache Software Foundation\Tomcat 10.0\conf\Catalina\localhost\Login-buoi4.xml] has finished in [348] ms
02-Mar-2023 12:10:30.651 INFO [main] org.apache.catalina.startup.HostConfig.deployDescriptor Deploying deployment descriptor [C:\Program Files\Apache Software Foundation\Tomcat 10.0\conf\Catalina\localhost\Online shop.xml]
02-Mar-2023 12:10:30.652 WARNING [main] org.apache.catalina.startup.HostConfig.deployDescriptor The path attribute with value [/Online shop] in deployment descriptor [C:\Program Files\Apache Software Foundation\Tomcat 10.0\conf\Catalina\localhost\Online shop.xml] has been ignored
02-Mar-2023 12:10:30.679 INFO [main] org.apache.catalina.startup.HostConfig.deployDescriptor Deployment of deployment descriptor [C:\Program Files\Apache Software Foundation\Tomcat 10.0\conf\Catalina\localhost\Online shop.xml] has finished in [28] ms
02-Mar-2023 12:10:30.680 INFO [main] org.apache.catalina.startup.HostConfig.deployDescriptor Deploying deployment descriptor [C:\Program Files\Apache Software Foundation\Tomcat 10.0\conf\Catalina\localhost\Party.xml]
02-Mar-2023 12:10:30.681 WARNING [main] org.apache.catalina.startup.HostConfig.deployDescriptor The path attribute with value [/Party] in deployment descriptor [C:\Program Files\Apache Software Foundation\Tomcat 10.0\conf\Catalina\localhost\Party.xml] has been ignored
02-Mar-2023 12:10:31.107 INFO [main] org.apache.jasper.servlet.TldScanner.scanJars At least one JAR was scanned for TLDs yet contained no TLDs. Enable debug logging for this logger for a complete list of JARs that were scanned but no TLDs were found in them. Skipping unneeded JARs during scanning can improve startup time and JSP compilation time.
02-Mar-2023 12:10:31.121 INFO [main] org.apache.catalina.startup.HostConfig.deployDescriptor Deployment of deployment descriptor [C:\Program Files\Apache Software Foundation\Tomcat 10.0\conf\Catalina\localhost\Party.xml] has finished in [441] ms
02-Mar-2023 12:10:31.122 INFO [main] org.apache.catalina.startup.HostConfig.deployDescriptor Deploying deployment descriptor [C:\Program Files\Apache Software Foundation\Tomcat 10.0\conf\Catalina\localhost\PRJ301SLot3.xml]
02-Mar-2023 12:10:31.123 WARNING [main] org.apache.catalina.startup.HostConfig.deployDescriptor The path attribute with value [/PRJ301SLot3] in deployment descriptor [C:\Program Files\Apache Software Foundation\Tomcat 10.0\conf\Catalina\localhost\PRJ301SLot3.xml] has been ignored
02-Mar-2023 12:10:31.244 INFO [main] org.apache.jasper.servlet.TldScanner.scanJars At least one JAR was scanned for TLDs yet contained no TLDs. Enable debug logging for this logger for a complete list of JARs that were scanned but no TLDs were found in them. Skipping unneeded JARs during scanning can improve startup time and JSP compilation time.
02-Mar-2023 12:10:31.246 INFO [main] org.apache.catalina.startup.HostConfig.deployDescriptor Deployment of deployment descriptor [C:\Program Files\Apache Software Foundation\Tomcat 10.0\conf\Catalina\localhost\PRJ301SLot3.xml] has finished in [124] ms
02-Mar-2023 12:10:31.246 INFO [main] org.apache.catalina.startup.HostConfig.deployDescriptor Deploying deployment descriptor [C:\Program Files\Apache Software Foundation\Tomcat 10.0\conf\Catalina\localhost\PRJ301Slot5_3.xml]
02-Mar-2023 12:10:31.246 WARNING [main] org.apache.catalina.startup.HostConfig.deployDescriptor The path attribute with value [/PRJ301Slot5_3] in deployment descriptor [C:\Program Files\Apache Software Foundation\Tomcat 10.0\conf\Catalina\localhost\PRJ301Slot5_3.xml] has been ignored
02-Mar-2023 12:10:31.369 INFO [main] org.apache.jasper.servlet.TldScanner.scanJars At least one JAR was scanned for TLDs yet contained no TLDs. Enable debug logging for this logger for a complete list of JARs that were scanned but no TLDs were found in them. Skipping unneeded JARs during scanning can improve startup time and JSP compilation time.
02-Mar-2023 12:10:31.370 INFO [main] org.apache.catalina.startup.HostConfig.deployDescriptor Deployment of deployment descriptor [C:\Program Files\Apache Software Foundation\Tomcat 10.0\conf\Catalina\localhost\PRJ301Slot5_3.xml] has finished in [124] ms
02-Mar-2023 12:10:31.370 INFO [main] org.apache.catalina.startup.HostConfig.deployDescriptor Deploying deployment descriptor [C:\Program Files\Apache Software Foundation\Tomcat 10.0\conf\Catalina\localhost\PRJ301_SE1726_Demo1.xml]
02-Mar-2023 12:10:31.371 WARNING [main] org.apache.catalina.startup.HostConfig.deployDescriptor The path attribute with value [/PRJ301_SE1726_Demo1] in deployment descriptor [C:\Program Files\Apache Software Foundation\Tomcat 10.0\conf\Catalina\localhost\PRJ301_SE1726_Demo1.xml] has been ignored
02-Mar-2023 12:10:31.400 INFO [main] org.apache.catalina.startup.HostConfig.deployDescriptor Deployment of deployment descriptor [C:\Program Files\Apache Software Foundation\Tomcat 10.0\conf\Catalina\localhost\PRJ301_SE1726_Demo1.xml] has finished in [30] ms
02-Mar-2023 12:10:31.401 INFO [main] org.apache.catalina.startup.HostConfig.deployDescriptor Deploying deployment descriptor [C:\Program Files\Apache Software Foundation\Tomcat 10.0\conf\Catalina\localhost\Q1_SP22_Block5.xml]
02-Mar-2023 12:10:31.401 WARNING [main] org.apache.catalina.startup.HostConfig.deployDescriptor The path attribute with value [/Q1_SP22_Block5] in deployment descriptor [C:\Program Files\Apache Software Foundation\Tomcat 10.0\conf\Catalina\localhost\Q1_SP22_Block5.xml] has been ignored
02-Mar-2023 12:10:31.429 INFO [main] org.apache.catalina.startup.HostConfig.deployDescriptor Deployment of deployment descriptor [C:\Program Files\Apache Software Foundation\Tomcat 10.0\conf\Catalina\localhost\Q1_SP22_Block5.xml] has finished in [27] ms
02-Mar-2023 12:10:31.429 INFO [main] org.apache.catalina.startup.HostConfig.deployDescriptor Deploying deployment descriptor [C:\Program Files\Apache Software Foundation\Tomcat 10.0\conf\Catalina\localhost\Q2_SP22_Block5.xml]
02-Mar-2023 12:10:31.429 WARNING [main] org.apache.catalina.startup.HostConfig.deployDescriptor The path attribute with value [/Q2_SP22_Block5] in deployment descriptor [C:\Program Files\Apache Software Foundation\Tomcat 10.0\conf\Catalina\localhost\Q2_SP22_Block5.xml] has been ignored
02-Mar-2023 12:10:31.880 INFO [main] org.apache.jasper.servlet.TldScanner.scanJars At least one JAR was scanned for TLDs yet contained no TLDs. Enable debug logging for this logger for a complete list of JARs that were scanned but no TLDs were found in them. Skipping unneeded JARs during scanning can improve startup time and JSP compilation time.
02-Mar-2023 12:10:31.889 INFO [main] org.apache.catalina.startup.HostConfig.deployDescriptor Deployment of deployment descriptor [C:\Program Files\Apache Software Foundation\Tomcat 10.0\conf\Catalina\localhost\Q2_SP22_Block5.xml] has finished in [460] ms
02-Mar-2023 12:10:31.889 INFO [main] org.apache.catalina.startup.HostConfig.deployDescriptor Deploying deployment descriptor [C:\Program Files\Apache Software Foundation\Tomcat 10.0\conf\Catalina\localhost\Q3_SP22_Block5.xml]
02-Mar-2023 12:10:31.890 WARNING [main] org.apache.catalina.startup.HostConfig.deployDescriptor The path attribute with value [/Q3_SP22_Block5] in deployment descriptor [C:\Program Files\Apache Software Foundation\Tomcat 10.0\conf\Catalina\localhost\Q3_SP22_Block5.xml] has been ignored
02-Mar-2023 12:10:32.295 INFO [main] org.apache.jasper.servlet.TldScanner.scanJars At least one JAR was scanned for TLDs yet contained no TLDs. Enable debug logging for this logger for a complete list of JARs that were scanned but no TLDs were found in them. Skipping unneeded JARs during scanning can improve startup time and JSP compilation time.
02-Mar-2023 12:10:32.305 INFO [main] org.apache.catalina.startup.HostConfig.deployDescriptor Deployment of deployment descriptor [C:\Program Files\Apache Software Foundation\Tomcat 10.0\conf\Catalina\localhost\Q3_SP22_Block5.xml] has finished in [416] ms
02-Mar-2023 12:10:32.305 INFO [main] org.apache.catalina.startup.HostConfig.deployDescriptor Deploying deployment descriptor [C:\Program Files\Apache Software Foundation\Tomcat 10.0\conf\Catalina\localhost\StudentManage.xml]
02-Mar-2023 12:10:32.305 WARNING [main] org.apache.catalina.startup.HostConfig.deployDescriptor The path attribute with value [/StudentManage] in deployment descriptor [C:\Program Files\Apache Software Foundation\Tomcat 10.0\conf\Catalina\localhost\StudentManage.xml] has been ignored
02-Mar-2023 12:10:32.710 INFO [main] org.apache.jasper.servlet.TldScanner.scanJars At least one JAR was scanned for TLDs yet contained no TLDs. Enable debug logging for this logger for a complete list of JARs that were scanned but no TLDs were found in them. Skipping unneeded JARs during scanning can improve startup time and JSP compilation time.
02-Mar-2023 12:10:32.718 INFO [main] org.apache.catalina.startup.HostConfig.deployDescriptor Deployment of deployment descriptor [C:\Program Files\Apache Software Foundation\Tomcat 10.0\conf\Catalina\localhost\StudentManage.xml] has finished in [413] ms
02-Mar-2023 12:10:32.718 INFO [main] org.apache.catalina.startup.HostConfig.deployDescriptor Deploying deployment descriptor [C:\Program Files\Apache Software Foundation\Tomcat 10.0\conf\Catalina\localhost\WebApplication1.xml]
02-Mar-2023 12:10:32.718 WARNING [main] org.apache.catalina.startup.HostConfig.deployDescriptor The path attribute with value [/WebApplication1] in deployment descriptor [C:\Program Files\Apache Software Foundation\Tomcat 10.0\conf\Catalina\localhost\WebApplication1.xml] has been ignored
02-Mar-2023 12:10:32.742 INFO [main] org.apache.catalina.startup.HostConfig.deployDescriptor Deployment of deployment descriptor [C:\Program Files\Apache Software Foundation\Tomcat 10.0\conf\Catalina\localhost\WebApplication1.xml] has finished in [23] ms
02-Mar-2023 12:10:32.742 INFO [main] org.apache.catalina.startup.HostConfig.deployDescriptor Deploying deployment descriptor [C:\Program Files\Apache Software Foundation\Tomcat 10.0\conf\Catalina\localhost\WebApplication2.xml]
02-Mar-2023 12:10:32.742 WARNING [main] org.apache.catalina.startup.HostConfig.deployDescriptor The path attribute with value [/WebApplication2] in deployment descriptor [C:\Program Files\Apache Software Foundation\Tomcat 10.0\conf\Catalina\localhost\WebApplication2.xml] has been ignored
02-Mar-2023 12:10:32.855 INFO [main] org.apache.jasper.servlet.TldScanner.scanJars At least one JAR was scanned for TLDs yet contained no TLDs. Enable debug logging for this logger for a complete list of JARs that were scanned but no TLDs were found in them. Skipping unneeded JARs during scanning can improve startup time and JSP compilation time.
02-Mar-2023 12:10:32.856 INFO [main] org.apache.catalina.startup.HostConfig.deployDescriptor Deployment of deployment descriptor [C:\Program Files\Apache Software Foundation\Tomcat 10.0\conf\Catalina\localhost\WebApplication2.xml] has finished in [114] ms
02-Mar-2023 12:10:32.856 INFO [main] org.apache.catalina.startup.HostConfig.deployDescriptor Deploying deployment descriptor [C:\Program Files\Apache Software Foundation\Tomcat 10.0\conf\Catalina\localhost\WebApplication3.xml]
02-Mar-2023 12:10:32.857 WARNING [main] org.apache.catalina.startup.HostConfig.deployDescriptor The path attribute with value [/WebApplication3] in deployment descriptor [C:\Program Files\Apache Software Foundation\Tomcat 10.0\conf\Catalina\localhost\WebApplication3.xml] has been ignored
02-Mar-2023 12:10:33.267 INFO [main] org.apache.jasper.servlet.TldScanner.scanJars At least one JAR was scanned for TLDs yet contained no TLDs. Enable debug logging for this logger for a complete list of JARs that were scanned but no TLDs were found in them. Skipping unneeded JARs during scanning can improve startup time and JSP compilation time.
02-Mar-2023 12:10:33.275 INFO [main] org.apache.catalina.startup.HostConfig.deployDescriptor Deployment of deployment descriptor [C:\Program Files\Apache Software Foundation\Tomcat 10.0\conf\Catalina\localhost\WebApplication3.xml] has finished in [419] ms
02-Mar-2023 12:10:33.276 INFO [main] org.apache.catalina.startup.HostConfig.deployDescriptor Deploying deployment descriptor [C:\Program Files\Apache Software Foundation\Tomcat 10.0\conf\Catalina\localhost\Workshop1.xml]
02-Mar-2023 12:10:33.276 WARNING [main] org.apache.catalina.startup.HostConfig.deployDescriptor The path attribute with value [/Workshop1] in deployment descriptor [C:\Program Files\Apache Software Foundation\Tomcat 10.0\conf\Catalina\localhost\Workshop1.xml] has been ignored
02-Mar-2023 12:10:33.279 SEVERE [main] org.apache.catalina.startup.HostConfig.deployDescriptor Error deploying deployment descriptor [C:\Program Files\Apache Software Foundation\Tomcat 10.0\conf\Catalina\localhost\Workshop1.xml]
	java.lang.IllegalStateException: Error starting child
		at org.apache.catalina.core.ContainerBase.addChildInternal(ContainerBase.java:729)
		at org.apache.catalina.core.ContainerBase.addChild(ContainerBase.java:698)
		at org.apache.catalina.core.StandardHost.addChild(StandardHost.java:747)
		at org.apache.catalina.startup.HostConfig.deployDescriptor(HostConfig.java:693)
		at org.apache.catalina.startup.HostConfig$DeployDescriptor.run(HostConfig.java:1979)
		at java.util.concurrent.Executors$RunnableAdapter.call(Executors.java:511)
		at java.util.concurrent.FutureTask.run(FutureTask.java:266)
		at org.apache.tomcat.util.threads.InlineExecutorService.execute(InlineExecutorService.java:75)
		at java.util.concurrent.AbstractExecutorService.submit(AbstractExecutorService.java:112)
		at org.apache.catalina.startup.HostConfig.deployDescriptors(HostConfig.java:586)
		at org.apache.catalina.startup.HostConfig.deployApps(HostConfig.java:476)
		at org.apache.catalina.startup.HostConfig.start(HostConfig.java:1708)
		at org.apache.catalina.startup.HostConfig.lifecycleEvent(HostConfig.java:320)
		at org.apache.catalina.util.LifecycleBase.fireLifecycleEvent(LifecycleBase.java:123)
		at org.apache.catalina.util.LifecycleBase.setStateInternal(LifecycleBase.java:423)
		at org.apache.catalina.util.LifecycleBase.setState(LifecycleBase.java:366)
		at org.apache.catalina.core.ContainerBase.startInternal(ContainerBase.java:946)
		at org.apache.catalina.core.StandardHost.startInternal(StandardHost.java:886)
		at org.apache.catalina.util.LifecycleBase.start(LifecycleBase.java:183)
		at org.apache.catalina.core.ContainerBase$StartChild.call(ContainerBase.java:1396)
		at org.apache.catalina.core.ContainerBase$StartChild.call(ContainerBase.java:1386)
		at java.util.concurrent.FutureTask.run(FutureTask.java:266)
		at org.apache.tomcat.util.threads.InlineExecutorService.execute(InlineExecutorService.java:75)
		at java.util.concurrent.AbstractExecutorService.submit(AbstractExecutorService.java:134)
		at org.apache.catalina.core.ContainerBase.startInternal(ContainerBase.java:919)
		at org.apache.catalina.core.StandardEngine.startInternal(StandardEngine.java:265)
		at org.apache.catalina.util.LifecycleBase.start(LifecycleBase.java:183)
		at org.apache.catalina.core.StandardService.startInternal(StandardService.java:432)
		at org.apache.catalina.util.LifecycleBase.start(LifecycleBase.java:183)
		at org.apache.catalina.core.StandardServer.startInternal(StandardServer.java:930)
		at org.apache.catalina.util.LifecycleBase.start(LifecycleBase.java:183)
		at org.apache.catalina.startup.Catalina.start(Catalina.java:795)
		at sun.reflect.NativeMethodAccessorImpl.invoke0(Native Method)
		at sun.reflect.NativeMethodAccessorImpl.invoke(NativeMethodAccessorImpl.java:62)
		at sun.reflect.DelegatingMethodAccessorImpl.invoke(DelegatingMethodAccessorImpl.java:43)
		at java.lang.reflect.Method.invoke(Method.java:498)
		at org.apache.catalina.startup.Bootstrap.start(Bootstrap.java:345)
		at org.apache.catalina.startup.Bootstrap.main(Bootstrap.java:476)
	Caused by: org.apache.catalina.LifecycleException: Failed to start component [org.apache.catalina.webresources.StandardRoot@66132947]
		at org.apache.catalina.util.LifecycleBase.handleSubClassException(LifecycleBase.java:440)
		at org.apache.catalina.util.LifecycleBase.start(LifecycleBase.java:198)
		at org.apache.catalina.core.StandardContext.resourcesStart(StandardContext.java:4835)
		at org.apache.catalina.core.StandardContext.startInternal(StandardContext.java:4973)
		at org.apache.catalina.util.LifecycleBase.start(LifecycleBase.java:183)
		at org.apache.catalina.core.ContainerBase.addChildInternal(ContainerBase.java:726)
		... 37 more
	Caused by: java.lang.IllegalArgumentException: The main resource set specified [C:\Users\ADMIN\Desktop\Nguyen Tien Dat - HE163935\Workshop1\build\web] is not valid
		at org.apache.catalina.webresources.StandardRoot.createMainResourceSet(StandardRoot.java:762)
		at org.apache.catalina.webresources.StandardRoot.startInternal(StandardRoot.java:719)
		at org.apache.catalina.util.LifecycleBase.start(LifecycleBase.java:183)
		... 41 more
02-Mar-2023 12:10:33.284 INFO [main] org.apache.catalina.startup.HostConfig.deployDescriptor Deployment of deployment descriptor [C:\Program Files\Apache Software Foundation\Tomcat 10.0\conf\Catalina\localhost\Workshop1.xml] has finished in [8] ms
02-Mar-2023 12:10:33.284 INFO [main] org.apache.catalina.startup.HostConfig.deployDescriptor Deploying deployment descriptor [C:\Program Files\Apache Software Foundation\Tomcat 10.0\conf\Catalina\localhost\WS1Chua.xml]
02-Mar-2023 12:10:33.285 WARNING [main] org.apache.catalina.startup.HostConfig.deployDescriptor The path attribute with value [/WS1Chua] in deployment descriptor [C:\Program Files\Apache Software Foundation\Tomcat 10.0\conf\Catalina\localhost\WS1Chua.xml] has been ignored
02-Mar-2023 12:10:33.287 SEVERE [main] org.apache.catalina.startup.HostConfig.deployDescriptor Error deploying deployment descriptor [C:\Program Files\Apache Software Foundation\Tomcat 10.0\conf\Catalina\localhost\WS1Chua.xml]
	java.lang.IllegalStateException: Error starting child
		at org.apache.catalina.core.ContainerBase.addChildInternal(ContainerBase.java:729)
		at org.apache.catalina.core.ContainerBase.addChild(ContainerBase.java:698)
		at org.apache.catalina.core.StandardHost.addChild(StandardHost.java:747)
		at org.apache.catalina.startup.HostConfig.deployDescriptor(HostConfig.java:693)
		at org.apache.catalina.startup.HostConfig$DeployDescriptor.run(HostConfig.java:1979)
		at java.util.concurrent.Executors$RunnableAdapter.call(Executors.java:511)
		at java.util.concurrent.FutureTask.run(FutureTask.java:266)
		at org.apache.tomcat.util.threads.InlineExecutorService.execute(InlineExecutorService.java:75)
		at java.util.concurrent.AbstractExecutorService.submit(AbstractExecutorService.java:112)
		at org.apache.catalina.startup.HostConfig.deployDescriptors(HostConfig.java:586)
		at org.apache.catalina.startup.HostConfig.deployApps(HostConfig.java:476)
		at org.apache.catalina.startup.HostConfig.start(HostConfig.java:1708)
		at org.apache.catalina.startup.HostConfig.lifecycleEvent(HostConfig.java:320)
		at org.apache.catalina.util.LifecycleBase.fireLifecycleEvent(LifecycleBase.java:123)
		at org.apache.catalina.util.LifecycleBase.setStateInternal(LifecycleBase.java:423)
		at org.apache.catalina.util.LifecycleBase.setState(LifecycleBase.java:366)
		at org.apache.catalina.core.ContainerBase.startInternal(ContainerBase.java:946)
		at org.apache.catalina.core.StandardHost.startInternal(StandardHost.java:886)
		at org.apache.catalina.util.LifecycleBase.start(LifecycleBase.java:183)
		at org.apache.catalina.core.ContainerBase$StartChild.call(ContainerBase.java:1396)
		at org.apache.catalina.core.ContainerBase$StartChild.call(ContainerBase.java:1386)
		at java.util.concurrent.FutureTask.run(FutureTask.java:266)
		at org.apache.tomcat.util.threads.InlineExecutorService.execute(InlineExecutorService.java:75)
		at java.util.concurrent.AbstractExecutorService.submit(AbstractExecutorService.java:134)
		at org.apache.catalina.core.ContainerBase.startInternal(ContainerBase.java:919)
		at org.apache.catalina.core.StandardEngine.startInternal(StandardEngine.java:265)
		at org.apache.catalina.util.LifecycleBase.start(LifecycleBase.java:183)
		at org.apache.catalina.core.StandardService.startInternal(StandardService.java:432)
		at org.apache.catalina.util.LifecycleBase.start(LifecycleBase.java:183)
		at org.apache.catalina.core.StandardServer.startInternal(StandardServer.java:930)
		at org.apache.catalina.util.LifecycleBase.start(LifecycleBase.java:183)
		at org.apache.catalina.startup.Catalina.start(Catalina.java:795)
		at sun.reflect.NativeMethodAccessorImpl.invoke0(Native Method)
		at sun.reflect.NativeMethodAccessorImpl.invoke(NativeMethodAccessorImpl.java:62)
		at sun.reflect.DelegatingMethodAccessorImpl.invoke(DelegatingMethodAccessorImpl.java:43)
		at java.lang.reflect.Method.invoke(Method.java:498)
		at org.apache.catalina.startup.Bootstrap.start(Bootstrap.java:345)
		at org.apache.catalina.startup.Bootstrap.main(Bootstrap.java:476)
	Caused by: org.apache.catalina.LifecycleException: Failed to start component [org.apache.catalina.webresources.StandardRoot@2478f64c]
		at org.apache.catalina.util.LifecycleBase.handleSubClassException(LifecycleBase.java:440)
		at org.apache.catalina.util.LifecycleBase.start(LifecycleBase.java:198)
		at org.apache.catalina.core.StandardContext.resourcesStart(StandardContext.java:4835)
		at org.apache.catalina.core.StandardContext.startInternal(StandardContext.java:4973)
		at org.apache.catalina.util.LifecycleBase.start(LifecycleBase.java:183)
		at org.apache.catalina.core.ContainerBase.addChildInternal(ContainerBase.java:726)
		... 37 more
	Caused by: java.lang.IllegalArgumentException: The main resource set specified [C:\Users\ADMIN\Desktop\PRJ301\Code lop\WS1Chua\build\web] is not valid
		at org.apache.catalina.webresources.StandardRoot.createMainResourceSet(StandardRoot.java:762)
		at org.apache.catalina.webresources.StandardRoot.startInternal(StandardRoot.java:719)
		at org.apache.catalina.util.LifecycleBase.start(LifecycleBase.java:183)
		... 41 more
02-Mar-2023 12:10:33.484 INFO [main] org.apache.catalina.startup.HostConfig.deployDescriptor Deployment of deployment descriptor [C:\Program Files\Apache Software Foundation\Tomcat 10.0\conf\Catalina\localhost\WS1Chua.xml] has finished in [200] ms
02-Mar-2023 12:10:33.485 INFO [main] org.apache.catalina.startup.HostConfig.deployDirectory Deploying web application directory [C:\Program Files\Apache Software Foundation\Tomcat 10.0\webapps\docs]
02-Mar-2023 12:10:33.504 INFO [main] org.apache.catalina.startup.HostConfig.deployDirectory Deployment of web application directory [C:\Program Files\Apache Software Foundation\Tomcat 10.0\webapps\docs] has finished in [19] ms
02-Mar-2023 12:10:33.505 INFO [main] org.apache.catalina.startup.HostConfig.deployDirectory Deploying web application directory [C:\Program Files\Apache Software Foundation\Tomcat 10.0\webapps\manager]
02-Mar-2023 12:10:33.534 INFO [main] org.apache.catalina.startup.HostConfig.deployDirectory Deployment of web application directory [C:\Program Files\Apache Software Foundation\Tomcat 10.0\webapps\manager] has finished in [29] ms
02-Mar-2023 12:10:33.535 INFO [main] org.apache.catalina.startup.HostConfig.deployDirectory Deploying web application directory [C:\Program Files\Apache Software Foundation\Tomcat 10.0\webapps\ROOT]
02-Mar-2023 12:10:33.550 INFO [main] org.apache.catalina.startup.HostConfig.deployDirectory Deployment of web application directory [C:\Program Files\Apache Software Foundation\Tomcat 10.0\webapps\ROOT] has finished in [15] ms
02-Mar-2023 12:10:33.553 INFO [main] org.apache.coyote.AbstractProtocol.start Starting ProtocolHandler ["http-nio-9999"]
02-Mar-2023 12:10:33.570 INFO [main] org.apache.catalina.startup.Catalina.start Server startup in [6841] milliseconds
02-Mar-2023 12:10:37.332 INFO [http-nio-9999-exec-2] org.apache.catalina.startup.HostConfig.undeploy Undeploying context [/AssignmentPRJ23]
02-Mar-2023 12:10:37.365 INFO [http-nio-9999-exec-6] org.apache.catalina.startup.HostConfig.deployDescriptor Deploying deployment descriptor [C:\Program Files\Apache Software Foundation\Tomcat 10.0\conf\Catalina\localhost\AssignmentPRJ23.xml]
02-Mar-2023 12:10:37.365 WARNING [http-nio-9999-exec-6] org.apache.catalina.startup.HostConfig.deployDescriptor The path attribute with value [/AssignmentPRJ23] in deployment descriptor [C:\Program Files\Apache Software Foundation\Tomcat 10.0\conf\Catalina\localhost\AssignmentPRJ23.xml] has been ignored
02-Mar-2023 12:10:37.746 INFO [http-nio-9999-exec-6] org.apache.jasper.servlet.TldScanner.scanJars At least one JAR was scanned for TLDs yet contained no TLDs. Enable debug logging for this logger for a complete list of JARs that were scanned but no TLDs were found in them. Skipping unneeded JARs during scanning can improve startup time and JSP compilation time.
02-Mar-2023 12:10:37.757 INFO [http-nio-9999-exec-6] org.apache.catalina.startup.HostConfig.deployDescriptor Deployment of deployment descriptor [C:\Program Files\Apache Software Foundation\Tomcat 10.0\conf\Catalina\localhost\AssignmentPRJ23.xml] has finished in [392] ms
02-Mar-2023 12:10:37.761 INFO [http-nio-9999-exec-4] org.apache.catalina.util.LifecycleBase.start The start() method was called on component [StandardEngine[Catalina].StandardHost[localhost].StandardContext[/AssignmentPRJ23]] after start() had already been called. The second call will be ignored.
02-Mar-2023 13:05:41.686 INFO [http-nio-9999-exec-13] org.apache.catalina.core.StandardContext.reload Reloading Context with name [/Assignment] has started
02-Mar-2023 13:05:42.178 INFO [http-nio-9999-exec-13] org.apache.jasper.servlet.TldScanner.scanJars At least one JAR was scanned for TLDs yet contained no TLDs. Enable debug logging for this logger for a complete list of JARs that were scanned but no TLDs were found in them. Skipping unneeded JARs during scanning can improve startup time and JSP compilation time.
02-Mar-2023 13:05:42.186 INFO [http-nio-9999-exec-13] org.apache.catalina.core.StandardContext.reload Reloading Context with name [/Assignment] is completed
02-Mar-2023 14:12:07.433 WARNING [http-nio-9999-exec-30] org.apache.catalina.loader.WebappClassLoaderBase.clearReferencesJdbc The web application [AssignmentPRJ23] registered the JDBC driver [com.microsoft.sqlserver.jdbc.SQLServerDriver] but failed to unregister it when the web application was stopped. To prevent a memory leak, the JDBC Driver has been forcibly unregistered.
02-Mar-2023 14:12:07.948 INFO [http-nio-9999-exec-30] org.apache.catalina.startup.HostConfig.undeploy Undeploying context [/AssignmentPRJ23]
02-Mar-2023 14:12:07.963 INFO [http-nio-9999-exec-23] org.apache.catalina.startup.HostConfig.deployDescriptor Deploying deployment descriptor [C:\Program Files\Apache Software Foundation\Tomcat 10.0\conf\Catalina\localhost\AssignmentPRJ23.xml]
02-Mar-2023 14:12:07.964 WARNING [http-nio-9999-exec-23] org.apache.catalina.startup.HostConfig.deployDescriptor The path attribute with value [/AssignmentPRJ23] in deployment descriptor [C:\Program Files\Apache Software Foundation\Tomcat 10.0\conf\Catalina\localhost\AssignmentPRJ23.xml] has been ignored
02-Mar-2023 14:12:08.383 INFO [http-nio-9999-exec-23] org.apache.jasper.servlet.TldScanner.scanJars At least one JAR was scanned for TLDs yet contained no TLDs. Enable debug logging for this logger for a complete list of JARs that were scanned but no TLDs were found in them. Skipping unneeded JARs during scanning can improve startup time and JSP compilation time.
02-Mar-2023 14:12:08.391 INFO [http-nio-9999-exec-23] org.apache.catalina.startup.HostConfig.deployDescriptor Deployment of deployment descriptor [C:\Program Files\Apache Software Foundation\Tomcat 10.0\conf\Catalina\localhost\AssignmentPRJ23.xml] has finished in [428] ms
02-Mar-2023 14:12:08.394 INFO [http-nio-9999-exec-29] org.apache.catalina.util.LifecycleBase.start The start() method was called on component [StandardEngine[Catalina].StandardHost[localhost].StandardContext[/AssignmentPRJ23]] after start() had already been called. The second call will be ignored.
02-Mar-2023 14:12:29.049 SEVERE [main] org.apache.catalina.startup.Catalina.stopServer No shutdown port configured. Shut down server through OS signal. Server not shut down.
02-Mar-2023 16:00:34.657 WARNING [http-nio-9999-exec-31] org.apache.catalina.loader.WebappClassLoaderBase.clearReferencesJdbc The web application [AssignmentPRJ23] registered the JDBC driver [com.microsoft.sqlserver.jdbc.SQLServerDriver] but failed to unregister it when the web application was stopped. To prevent a memory leak, the JDBC Driver has been forcibly unregistered.
02-Mar-2023 16:00:34.660 SEVERE [http-nio-9999-exec-31] org.apache.catalina.loader.WebappClassLoaderBase.checkThreadLocalMapForLeaks The web application [AssignmentPRJ23] created a ThreadLocal with key of type [com.microsoft.sqlserver.jdbc.ActivityCorrelator$1] (value [com.microsoft.sqlserver.jdbc.ActivityCorrelator$1@752e7071]) and a value of type [com.microsoft.sqlserver.jdbc.ActivityId] (value [0a5ed09b-0c60-4eda-a72b-3627bf1c7d4e-1]) but failed to remove it when the web application was stopped. Threads are going to be renewed over time to try and avoid a probable memory leak.
02-Mar-2023 16:00:35.187 INFO [http-nio-9999-exec-31] org.apache.catalina.startup.HostConfig.undeploy Undeploying context [/AssignmentPRJ23]
02-Mar-2023 16:00:35.204 INFO [http-nio-9999-exec-38] org.apache.catalina.startup.HostConfig.deployDescriptor Deploying deployment descriptor [C:\Program Files\Apache Software Foundation\Tomcat 10.0\conf\Catalina\localhost\AssignmentPRJ23.xml]
02-Mar-2023 16:00:35.206 WARNING [http-nio-9999-exec-38] org.apache.catalina.startup.HostConfig.deployDescriptor The path attribute with value [/AssignmentPRJ23] in deployment descriptor [C:\Program Files\Apache Software Foundation\Tomcat 10.0\conf\Catalina\localhost\AssignmentPRJ23.xml] has been ignored
02-Mar-2023 16:00:35.722 INFO [http-nio-9999-exec-38] org.apache.jasper.servlet.TldScanner.scanJars At least one JAR was scanned for TLDs yet contained no TLDs. Enable debug logging for this logger for a complete list of JARs that were scanned but no TLDs were found in them. Skipping unneeded JARs during scanning can improve startup time and JSP compilation time.
02-Mar-2023 16:00:35.732 INFO [http-nio-9999-exec-38] org.apache.catalina.startup.HostConfig.deployDescriptor Deployment of deployment descriptor [C:\Program Files\Apache Software Foundation\Tomcat 10.0\conf\Catalina\localhost\AssignmentPRJ23.xml] has finished in [528] ms
02-Mar-2023 16:00:35.735 INFO [http-nio-9999-exec-35] org.apache.catalina.util.LifecycleBase.start The start() method was called on component [StandardEngine[Catalina].StandardHost[localhost].StandardContext[/AssignmentPRJ23]] after start() had already been called. The second call will be ignored.
02-Mar-2023 17:10:29.153 INFO [http-nio-9999-exec-48] org.apache.catalina.core.StandardContext.reload Reloading Context with name [/Assignment] has started
02-Mar-2023 17:10:29.155 WARNING [http-nio-9999-exec-48] org.apache.catalina.loader.WebappClassLoaderBase.clearReferencesJdbc The web application [Assignment] registered the JDBC driver [com.microsoft.sqlserver.jdbc.SQLServerDriver] but failed to unregister it when the web application was stopped. To prevent a memory leak, the JDBC Driver has been forcibly unregistered.
02-Mar-2023 17:10:29.156 SEVERE [http-nio-9999-exec-48] org.apache.catalina.loader.WebappClassLoaderBase.checkThreadLocalMapForLeaks The web application [Assignment] created a ThreadLocal with key of type [com.microsoft.sqlserver.jdbc.ActivityCorrelator$1] (value [com.microsoft.sqlserver.jdbc.ActivityCorrelator$1@6ac03e88]) and a value of type [com.microsoft.sqlserver.jdbc.ActivityId] (value [a4b1c9cc-6043-413d-8319-5ed1eb9a3f0b-1]) but failed to remove it when the web application was stopped. Threads are going to be renewed over time to try and avoid a probable memory leak.
02-Mar-2023 17:10:29.156 SEVERE [http-nio-9999-exec-48] org.apache.catalina.loader.WebappClassLoaderBase.checkThreadLocalMapForLeaks The web application [Assignment] created a ThreadLocal with key of type [com.microsoft.sqlserver.jdbc.ActivityCorrelator$1] (value [com.microsoft.sqlserver.jdbc.ActivityCorrelator$1@6ac03e88]) and a value of type [com.microsoft.sqlserver.jdbc.ActivityId] (value [71fe53db-d093-4eb0-b13a-85949d8b0273-3]) but failed to remove it when the web application was stopped. Threads are going to be renewed over time to try and avoid a probable memory leak.
02-Mar-2023 17:10:29.156 SEVERE [http-nio-9999-exec-48] org.apache.catalina.loader.WebappClassLoaderBase.checkThreadLocalMapForLeaks The web application [Assignment] created a ThreadLocal with key of type [com.microsoft.sqlserver.jdbc.ActivityCorrelator$1] (value [com.microsoft.sqlserver.jdbc.ActivityCorrelator$1@6ac03e88]) and a value of type [com.microsoft.sqlserver.jdbc.ActivityId] (value [ebd73cc5-eb0d-4b18-9c34-9394309cdac1-1]) but failed to remove it when the web application was stopped. Threads are going to be renewed over time to try and avoid a probable memory leak.
02-Mar-2023 17:10:29.156 SEVERE [http-nio-9999-exec-48] org.apache.catalina.loader.WebappClassLoaderBase.checkThreadLocalMapForLeaks The web application [Assignment] created a ThreadLocal with key of type [com.microsoft.sqlserver.jdbc.ActivityCorrelator$1] (value [com.microsoft.sqlserver.jdbc.ActivityCorrelator$1@6ac03e88]) and a value of type [com.microsoft.sqlserver.jdbc.ActivityId] (value [749e81ca-72d1-42dd-8a45-fce7debdb825-1]) but failed to remove it when the web application was stopped. Threads are going to be renewed over time to try and avoid a probable memory leak.
02-Mar-2023 17:10:29.156 SEVERE [http-nio-9999-exec-48] org.apache.catalina.loader.WebappClassLoaderBase.checkThreadLocalMapForLeaks The web application [Assignment] created a ThreadLocal with key of type [com.microsoft.sqlserver.jdbc.ActivityCorrelator$1] (value [com.microsoft.sqlserver.jdbc.ActivityCorrelator$1@6ac03e88]) and a value of type [com.microsoft.sqlserver.jdbc.ActivityId] (value [9072cae0-8bf9-402b-b80b-9dd2a73ef98e-1]) but failed to remove it when the web application was stopped. Threads are going to be renewed over time to try and avoid a probable memory leak.
02-Mar-2023 17:10:29.625 INFO [http-nio-9999-exec-48] org.apache.jasper.servlet.TldScanner.scanJars At least one JAR was scanned for TLDs yet contained no TLDs. Enable debug logging for this logger for a complete list of JARs that were scanned but no TLDs were found in them. Skipping unneeded JARs during scanning can improve startup time and JSP compilation time.
02-Mar-2023 17:10:29.632 INFO [http-nio-9999-exec-48] org.apache.catalina.core.StandardContext.reload Reloading Context with name [/Assignment] is completed
02-Mar-2023 17:11:01.203 INFO [http-nio-9999-exec-49] org.apache.catalina.core.StandardContext.reload Reloading Context with name [/Assignment] has started
02-Mar-2023 17:11:01.723 INFO [http-nio-9999-exec-49] org.apache.jasper.servlet.TldScanner.scanJars At least one JAR was scanned for TLDs yet contained no TLDs. Enable debug logging for this logger for a complete list of JARs that were scanned but no TLDs were found in them. Skipping unneeded JARs during scanning can improve startup time and JSP compilation time.
02-Mar-2023 17:11:01.734 INFO [http-nio-9999-exec-49] org.apache.catalina.core.StandardContext.reload Reloading Context with name [/Assignment] is completed
02-Mar-2023 17:11:02.057 INFO [http-nio-9999-exec-45] org.apache.catalina.core.StandardContext.reload Reloading Context with name [/Assignment] has started
02-Mar-2023 17:11:02.532 INFO [http-nio-9999-exec-45] org.apache.jasper.servlet.TldScanner.scanJars At least one JAR was scanned for TLDs yet contained no TLDs. Enable debug logging for this logger for a complete list of JARs that were scanned but no TLDs were found in them. Skipping unneeded JARs during scanning can improve startup time and JSP compilation time.
02-Mar-2023 17:11:02.539 INFO [http-nio-9999-exec-45] org.apache.catalina.core.StandardContext.reload Reloading Context with name [/Assignment] is completed
02-Mar-2023 17:11:15.083 INFO [http-nio-9999-exec-50] org.apache.catalina.core.StandardContext.reload Reloading Context with name [/Assignment] has started
02-Mar-2023 17:11:15.488 INFO [http-nio-9999-exec-50] org.apache.jasper.servlet.TldScanner.scanJars At least one JAR was scanned for TLDs yet contained no TLDs. Enable debug logging for this logger for a complete list of JARs that were scanned but no TLDs were found in them. Skipping unneeded JARs during scanning can improve startup time and JSP compilation time.
02-Mar-2023 17:11:15.495 INFO [http-nio-9999-exec-50] org.apache.catalina.core.StandardContext.reload Reloading Context with name [/Assignment] is completed
02-Mar-2023 17:25:48.899 INFO [http-nio-9999-exec-58] org.apache.catalina.core.StandardContext.reload Reloading Context with name [/Assignment] has started
02-Mar-2023 17:25:49.400 INFO [http-nio-9999-exec-58] org.apache.jasper.servlet.TldScanner.scanJars At least one JAR was scanned for TLDs yet contained no TLDs. Enable debug logging for this logger for a complete list of JARs that were scanned but no TLDs were found in them. Skipping unneeded JARs during scanning can improve startup time and JSP compilation time.
02-Mar-2023 17:25:49.408 INFO [http-nio-9999-exec-58] org.apache.catalina.core.StandardContext.reload Reloading Context with name [/Assignment] is completed
02-Mar-2023 17:28:58.812 INFO [http-nio-9999-exec-69] org.apache.catalina.core.StandardContext.reload Reloading Context with name [/Assignment] has started
02-Mar-2023 17:28:59.244 INFO [http-nio-9999-exec-69] org.apache.jasper.servlet.TldScanner.scanJars At least one JAR was scanned for TLDs yet contained no TLDs. Enable debug logging for this logger for a complete list of JARs that were scanned but no TLDs were found in them. Skipping unneeded JARs during scanning can improve startup time and JSP compilation time.
02-Mar-2023 17:28:59.251 INFO [http-nio-9999-exec-69] org.apache.catalina.core.StandardContext.reload Reloading Context with name [/Assignment] is completed
02-Mar-2023 17:34:21.127 INFO [http-nio-9999-exec-73] org.apache.catalina.core.StandardContext.reload Reloading Context with name [/Assignment] has started
02-Mar-2023 17:34:21.533 INFO [http-nio-9999-exec-73] org.apache.jasper.servlet.TldScanner.scanJars At least one JAR was scanned for TLDs yet contained no TLDs. Enable debug logging for this logger for a complete list of JARs that were scanned but no TLDs were found in them. Skipping unneeded JARs during scanning can improve startup time and JSP compilation time.
02-Mar-2023 17:34:21.540 INFO [http-nio-9999-exec-73] org.apache.catalina.core.StandardContext.reload Reloading Context with name [/Assignment] is completed
02-Mar-2023 17:42:24.093 INFO [http-nio-9999-exec-84] org.apache.catalina.core.StandardContext.reload Reloading Context with name [/AssignmentPRJ23] has started
02-Mar-2023 17:42:24.095 WARNING [http-nio-9999-exec-84] org.apache.catalina.loader.WebappClassLoaderBase.clearReferencesJdbc The web application [AssignmentPRJ23] registered the JDBC driver [com.microsoft.sqlserver.jdbc.SQLServerDriver] but failed to unregister it when the web application was stopped. To prevent a memory leak, the JDBC Driver has been forcibly unregistered.
02-Mar-2023 17:42:24.466 INFO [http-nio-9999-exec-84] org.apache.jasper.servlet.TldScanner.scanJars At least one JAR was scanned for TLDs yet contained no TLDs. Enable debug logging for this logger for a complete list of JARs that were scanned but no TLDs were found in them. Skipping unneeded JARs during scanning can improve startup time and JSP compilation time.
02-Mar-2023 17:42:24.474 INFO [http-nio-9999-exec-84] org.apache.catalina.core.StandardContext.reload Reloading Context with name [/AssignmentPRJ23] is completed
02-Mar-2023 17:42:35.897 INFO [http-nio-9999-exec-81] org.apache.catalina.core.StandardContext.reload Reloading Context with name [/AssignmentPRJ23] has started
02-Mar-2023 17:42:36.245 INFO [http-nio-9999-exec-81] org.apache.jasper.servlet.TldScanner.scanJars At least one JAR was scanned for TLDs yet contained no TLDs. Enable debug logging for this logger for a complete list of JARs that were scanned but no TLDs were found in them. Skipping unneeded JARs during scanning can improve startup time and JSP compilation time.
02-Mar-2023 17:42:36.252 INFO [http-nio-9999-exec-81] org.apache.catalina.core.StandardContext.reload Reloading Context with name [/AssignmentPRJ23] is completed
02-Mar-2023 17:43:16.828 INFO [http-nio-9999-exec-80] org.apache.catalina.core.StandardContext.reload Reloading Context with name [/AssignmentPRJ23] has started
02-Mar-2023 17:43:17.217 INFO [http-nio-9999-exec-80] org.apache.jasper.servlet.TldScanner.scanJars At least one JAR was scanned for TLDs yet contained no TLDs. Enable debug logging for this logger for a complete list of JARs that were scanned but no TLDs were found in them. Skipping unneeded JARs during scanning can improve startup time and JSP compilation time.
02-Mar-2023 17:43:17.223 INFO [http-nio-9999-exec-80] org.apache.catalina.core.StandardContext.reload Reloading Context with name [/AssignmentPRJ23] is completed
02-Mar-2023 17:43:32.837 INFO [http-nio-9999-exec-82] org.apache.catalina.core.StandardContext.reload Reloading Context with name [/AssignmentPRJ23] has started
02-Mar-2023 17:43:33.246 INFO [http-nio-9999-exec-82] org.apache.jasper.servlet.TldScanner.scanJars At least one JAR was scanned for TLDs yet contained no TLDs. Enable debug logging for this logger for a complete list of JARs that were scanned but no TLDs were found in them. Skipping unneeded JARs during scanning can improve startup time and JSP compilation time.
02-Mar-2023 17:43:33.252 INFO [http-nio-9999-exec-82] org.apache.catalina.core.StandardContext.reload Reloading Context with name [/AssignmentPRJ23] is completed
02-Mar-2023 17:43:33.585 INFO [http-nio-9999-exec-76] org.apache.catalina.core.StandardContext.reload Reloading Context with name [/AssignmentPRJ23] has started
02-Mar-2023 17:43:34.025 INFO [http-nio-9999-exec-76] org.apache.jasper.servlet.TldScanner.scanJars At least one JAR was scanned for TLDs yet contained no TLDs. Enable debug logging for this logger for a complete list of JARs that were scanned but no TLDs were found in them. Skipping unneeded JARs during scanning can improve startup time and JSP compilation time.
02-Mar-2023 17:43:34.033 INFO [http-nio-9999-exec-76] org.apache.catalina.core.StandardContext.reload Reloading Context with name [/AssignmentPRJ23] is completed
02-Mar-2023 17:43:41.762 INFO [http-nio-9999-exec-89] org.apache.catalina.core.StandardContext.reload Reloading Context with name [/AssignmentPRJ23] has started
02-Mar-2023 17:43:42.187 INFO [http-nio-9999-exec-89] org.apache.jasper.servlet.TldScanner.scanJars At least one JAR was scanned for TLDs yet contained no TLDs. Enable debug logging for this logger for a complete list of JARs that were scanned but no TLDs were found in them. Skipping unneeded JARs during scanning can improve startup time and JSP compilation time.
02-Mar-2023 17:43:42.193 INFO [http-nio-9999-exec-89] org.apache.catalina.core.StandardContext.reload Reloading Context with name [/AssignmentPRJ23] is completed
02-Mar-2023 17:43:43.574 INFO [http-nio-9999-exec-82] org.apache.catalina.core.StandardContext.reload Reloading Context with name [/AssignmentPRJ23] has started
02-Mar-2023 17:43:43.948 INFO [http-nio-9999-exec-82] org.apache.jasper.servlet.TldScanner.scanJars At least one JAR was scanned for TLDs yet contained no TLDs. Enable debug logging for this logger for a complete list of JARs that were scanned but no TLDs were found in them. Skipping unneeded JARs during scanning can improve startup time and JSP compilation time.
02-Mar-2023 17:43:43.955 INFO [http-nio-9999-exec-82] org.apache.catalina.core.StandardContext.reload Reloading Context with name [/AssignmentPRJ23] is completed
02-Mar-2023 17:43:51.361 INFO [http-nio-9999-exec-77] org.apache.catalina.startup.HostConfig.undeploy Undeploying context [/AssignmentPRJ23]
02-Mar-2023 17:43:51.374 INFO [http-nio-9999-exec-92] org.apache.catalina.startup.HostConfig.deployDescriptor Deploying deployment descriptor [C:\Program Files\Apache Software Foundation\Tomcat 10.0\conf\Catalina\localhost\AssignmentPRJ23.xml]
02-Mar-2023 17:43:51.375 WARNING [http-nio-9999-exec-92] org.apache.catalina.startup.HostConfig.deployDescriptor The path attribute with value [/AssignmentPRJ23] in deployment descriptor [C:\Program Files\Apache Software Foundation\Tomcat 10.0\conf\Catalina\localhost\AssignmentPRJ23.xml] has been ignored
02-Mar-2023 17:43:51.731 INFO [http-nio-9999-exec-92] org.apache.jasper.servlet.TldScanner.scanJars At least one JAR was scanned for TLDs yet contained no TLDs. Enable debug logging for this logger for a complete list of JARs that were scanned but no TLDs were found in them. Skipping unneeded JARs during scanning can improve startup time and JSP compilation time.
02-Mar-2023 17:43:51.739 INFO [http-nio-9999-exec-92] org.apache.catalina.startup.HostConfig.deployDescriptor Deployment of deployment descriptor [C:\Program Files\Apache Software Foundation\Tomcat 10.0\conf\Catalina\localhost\AssignmentPRJ23.xml] has finished in [366] ms
02-Mar-2023 17:43:51.742 INFO [http-nio-9999-exec-78] org.apache.catalina.util.LifecycleBase.start The start() method was called on component [StandardEngine[Catalina].StandardHost[localhost].StandardContext[/AssignmentPRJ23]] after start() had already been called. The second call will be ignored.
