25-Feb-2023 23:04:24.387 INFO [main] org.apache.catalina.startup.VersionLoggerListener.log Server version name:   Apache Tomcat/10.0.27
25-Feb-2023 23:04:24.389 INFO [main] org.apache.catalina.startup.VersionLoggerListener.log Server built:          Oct 3 2022 14:18:31 UTC
25-Feb-2023 23:04:24.389 INFO [main] org.apache.catalina.startup.VersionLoggerListener.log Server version number: 10.0.27.0
25-Feb-2023 23:04:24.389 INFO [main] org.apache.catalina.startup.VersionLoggerListener.log OS Name:               Windows 10
25-Feb-2023 23:04:24.389 INFO [main] org.apache.catalina.startup.VersionLoggerListener.log OS Version:            10.0
25-Feb-2023 23:04:24.389 INFO [main] org.apache.catalina.startup.VersionLoggerListener.log Architecture:          amd64
25-Feb-2023 23:04:24.389 INFO [main] org.apache.catalina.startup.VersionLoggerListener.log Java Home:             C:\Program Files\Java\jdk1.8.0_321\jre
25-Feb-2023 23:04:24.389 INFO [main] org.apache.catalina.startup.VersionLoggerListener.log JVM Version:           1.8.0_321-b07
25-Feb-2023 23:04:24.389 INFO [main] org.apache.catalina.startup.VersionLoggerListener.log JVM Vendor:            Oracle Corporation
25-Feb-2023 23:04:24.389 INFO [main] org.apache.catalina.startup.VersionLoggerListener.log CATALINA_BASE:         C:\Program Files\Apache Software Foundation\Tomcat 10.0
25-Feb-2023 23:04:24.389 INFO [main] org.apache.catalina.startup.VersionLoggerListener.log CATALINA_HOME:         C:\Program Files\Apache Software Foundation\Tomcat 10.0
25-Feb-2023 23:04:24.390 INFO [main] org.apache.catalina.startup.VersionLoggerListener.log Command line argument: -Djava.util.logging.config.file=C:\Program Files\Apache Software Foundation\Tomcat 10.0\conf\logging.properties
25-Feb-2023 23:04:24.391 INFO [main] org.apache.catalina.startup.VersionLoggerListener.log Command line argument: -Djava.util.logging.manager=org.apache.juli.ClassLoaderLogManager
25-Feb-2023 23:04:24.391 INFO [main] org.apache.catalina.startup.VersionLoggerListener.log Command line argument: -Dhttp.proxyHost=proxy
25-Feb-2023 23:04:24.391 INFO [main] org.apache.catalina.startup.VersionLoggerListener.log Command line argument: -Dhttp.proxyPort=8080
25-Feb-2023 23:04:24.391 INFO [main] org.apache.catalina.startup.VersionLoggerListener.log Command line argument: -Dhttp.nonProxyHosts=localhost*|127.0.0.1*|GENTLE*|localhost|127.0.0.1|GENTLE
25-Feb-2023 23:04:24.391 INFO [main] org.apache.catalina.startup.VersionLoggerListener.log Command line argument: -Djdk.tls.ephemeralDHKeySize=2048
25-Feb-2023 23:04:24.391 INFO [main] org.apache.catalina.startup.VersionLoggerListener.log Command line argument: -Djava.protocol.handler.pkgs=org.apache.catalina.webresources
25-Feb-2023 23:04:24.391 INFO [main] org.apache.catalina.startup.VersionLoggerListener.log Command line argument: -Dignore.endorsed.dirs=
25-Feb-2023 23:04:24.391 INFO [main] org.apache.catalina.startup.VersionLoggerListener.log Command line argument: -Dcatalina.base=C:\Program Files\Apache Software Foundation\Tomcat 10.0
25-Feb-2023 23:04:24.391 INFO [main] org.apache.catalina.startup.VersionLoggerListener.log Command line argument: -Dcatalina.home=C:\Program Files\Apache Software Foundation\Tomcat 10.0
25-Feb-2023 23:04:24.391 INFO [main] org.apache.catalina.startup.VersionLoggerListener.log Command line argument: -Djava.io.tmpdir=C:\Program Files\Apache Software Foundation\Tomcat 10.0\temp
25-Feb-2023 23:04:24.400 INFO [main] org.apache.catalina.core.AprLifecycleListener.lifecycleEvent The Apache Tomcat Native library which allows using OpenSSL was not found on the java.library.path: [C:\Program Files\Java\jdk1.8.0_321\bin;C:\WINDOWS\Sun\Java\bin;C:\WINDOWS\system32;C:\WINDOWS;C:\Program Files\Common Files\Oracle\Java\javapath;C:\Program Files (x86)\Common Files\Oracle\Java\javapath;C:\ProgramData\Oracle\Java\javapath;C:\Windows\system32;C:\Windows;C:\Windows\System32\Wbem;C:\Windows\System32\WindowsPowerShell\v1.0\;C:\Windows\System32\OpenSSH\;C:\Program Files (x86)\NVIDIA Corporation\PhysX\Common;C:\Program Files\NVIDIA Corporation\NVIDIA NvDLISR;C:\WINDOWS\system32;C:\WINDOWS;C:\WINDOWS\System32\Wbem;C:\WINDOWS\System32\WindowsPowerShell\v1.0\;C:\WINDOWS\System32\OpenSSH\;C:\Program Files (x86)\Microsoft SQL Server\150\Tools\Binn\;C:\Program Files\Microsoft SQL Server\150\Tools\Binn\;C:\Program Files (x86)\Microsoft SQL Server\150\DTS\Binn\;C:\Program Files\Microsoft SQL Server\150\DTS\Binn\;C:\Program Files\Microsoft SQL Server\Client SDK\ODBC\170\Tools\Binn\;C:\Program Files\Azure Data Studio\bin;C:\Users\ADMIN\AppData\Local\Microsoft\WindowsApps;C:\Program Files\Azure Data Studio\bin;E:\Visual Code\Microsoft VS Code\bin;C:\Program Files\Java\jdk1.8.0_321\bin;;.]
25-Feb-2023 23:04:24.659 INFO [main] org.apache.coyote.AbstractProtocol.init Initializing ProtocolHandler ["http-nio-9999"]
25-Feb-2023 23:04:24.674 INFO [main] org.apache.catalina.startup.Catalina.load Server initialization in [416] milliseconds
25-Feb-2023 23:04:24.699 INFO [main] org.apache.catalina.core.StandardService.startInternal Starting service [Catalina]
25-Feb-2023 23:04:24.699 INFO [main] org.apache.catalina.core.StandardEngine.startInternal Starting Servlet engine: [Apache Tomcat/10.0.27]
25-Feb-2023 23:04:24.707 INFO [main] org.apache.catalina.startup.HostConfig.deployDescriptor Deploying deployment descriptor [C:\Program Files\Apache Software Foundation\Tomcat 10.0\conf\Catalina\localhost\btvn1.xml]
25-Feb-2023 23:04:24.719 WARNING [main] org.apache.catalina.startup.HostConfig.deployDescriptor The path attribute with value [/btvn1] in deployment descriptor [C:\Program Files\Apache Software Foundation\Tomcat 10.0\conf\Catalina\localhost\btvn1.xml] has been ignored
25-Feb-2023 23:04:25.318 INFO [main] org.apache.jasper.servlet.TldScanner.scanJars At least one JAR was scanned for TLDs yet contained no TLDs. Enable debug logging for this logger for a complete list of JARs that were scanned but no TLDs were found in them. Skipping unneeded JARs during scanning can improve startup time and JSP compilation time.
25-Feb-2023 23:04:25.456 WARNING [main] org.apache.catalina.util.SessionIdGeneratorBase.createSecureRandom Creation of SecureRandom instance for session ID generation using [SHA1PRNG] took [106] milliseconds.
25-Feb-2023 23:04:25.468 INFO [main] org.apache.catalina.startup.HostConfig.deployDescriptor Deployment of deployment descriptor [C:\Program Files\Apache Software Foundation\Tomcat 10.0\conf\Catalina\localhost\btvn1.xml] has finished in [761] ms
25-Feb-2023 23:04:25.468 INFO [main] org.apache.catalina.startup.HostConfig.deployDescriptor Deploying deployment descriptor [C:\Program Files\Apache Software Foundation\Tomcat 10.0\conf\Catalina\localhost\btvn2.xml]
25-Feb-2023 23:04:25.469 WARNING [main] org.apache.catalina.startup.HostConfig.deployDescriptor The path attribute with value [/btvn2] in deployment descriptor [C:\Program Files\Apache Software Foundation\Tomcat 10.0\conf\Catalina\localhost\btvn2.xml] has been ignored
25-Feb-2023 23:04:25.870 INFO [main] org.apache.jasper.servlet.TldScanner.scanJars At least one JAR was scanned for TLDs yet contained no TLDs. Enable debug logging for this logger for a complete list of JARs that were scanned but no TLDs were found in them. Skipping unneeded JARs during scanning can improve startup time and JSP compilation time.
25-Feb-2023 23:04:25.880 INFO [main] org.apache.catalina.startup.HostConfig.deployDescriptor Deployment of deployment descriptor [C:\Program Files\Apache Software Foundation\Tomcat 10.0\conf\Catalina\localhost\btvn2.xml] has finished in [412] ms
25-Feb-2023 23:04:25.880 INFO [main] org.apache.catalina.startup.HostConfig.deployDescriptor Deploying deployment descriptor [C:\Program Files\Apache Software Foundation\Tomcat 10.0\conf\Catalina\localhost\Buoi5_PRJ301.xml]
25-Feb-2023 23:04:25.881 WARNING [main] org.apache.catalina.startup.HostConfig.deployDescriptor The path attribute with value [/Buoi5_PRJ301] in deployment descriptor [C:\Program Files\Apache Software Foundation\Tomcat 10.0\conf\Catalina\localhost\Buoi5_PRJ301.xml] has been ignored
25-Feb-2023 23:04:25.914 INFO [main] org.apache.catalina.startup.HostConfig.deployDescriptor Deployment of deployment descriptor [C:\Program Files\Apache Software Foundation\Tomcat 10.0\conf\Catalina\localhost\Buoi5_PRJ301.xml] has finished in [34] ms
25-Feb-2023 23:04:25.914 INFO [main] org.apache.catalina.startup.HostConfig.deployDescriptor Deploying deployment descriptor [C:\Program Files\Apache Software Foundation\Tomcat 10.0\conf\Catalina\localhost\ChuaBTVN1.xml]
25-Feb-2023 23:04:25.915 WARNING [main] org.apache.catalina.startup.HostConfig.deployDescriptor The path attribute with value [/ChuaBTVN1] in deployment descriptor [C:\Program Files\Apache Software Foundation\Tomcat 10.0\conf\Catalina\localhost\ChuaBTVN1.xml] has been ignored
25-Feb-2023 23:04:25.917 SEVERE [main] org.apache.catalina.startup.HostConfig.deployDescriptor Error deploying deployment descriptor [C:\Program Files\Apache Software Foundation\Tomcat 10.0\conf\Catalina\localhost\ChuaBTVN1.xml]
	java.lang.IllegalStateException: Error starting child
		at org.apache.catalina.core.ContainerBase.addChildInternal(ContainerBase.java:729)
		at org.apache.catalina.core.ContainerBase.addChild(ContainerBase.java:698)
		at org.apache.catalina.core.StandardHost.addChild(StandardHost.java:747)
		at org.apache.catalina.startup.HostConfig.deployDescriptor(HostConfig.java:693)
		at org.apache.catalina.startup.HostConfig$DeployDescriptor.run(HostConfig.java:1979)
		at java.util.concurrent.Executors$RunnableAdapter.call(Executors.java:511)
		at java.util.concurrent.FutureTask.run(FutureTask.java:266)
		at org.apache.tomcat.util.threads.InlineExecutorService.execute(InlineExecutorService.java:75)
		at java.util.concurrent.AbstractExecutorService.submit(AbstractExecutorService.java:112)
		at org.apache.catalina.startup.HostConfig.deployDescriptors(HostConfig.java:586)
		at org.apache.catalina.startup.HostConfig.deployApps(HostConfig.java:476)
		at org.apache.catalina.startup.HostConfig.start(HostConfig.java:1708)
		at org.apache.catalina.startup.HostConfig.lifecycleEvent(HostConfig.java:320)
		at org.apache.catalina.util.LifecycleBase.fireLifecycleEvent(LifecycleBase.java:123)
		at org.apache.catalina.util.LifecycleBase.setStateInternal(LifecycleBase.java:423)
		at org.apache.catalina.util.LifecycleBase.setState(LifecycleBase.java:366)
		at org.apache.catalina.core.ContainerBase.startInternal(ContainerBase.java:946)
		at org.apache.catalina.core.StandardHost.startInternal(StandardHost.java:886)
		at org.apache.catalina.util.LifecycleBase.start(LifecycleBase.java:183)
		at org.apache.catalina.core.ContainerBase$StartChild.call(ContainerBase.java:1396)
		at org.apache.catalina.core.ContainerBase$StartChild.call(ContainerBase.java:1386)
		at java.util.concurrent.FutureTask.run(FutureTask.java:266)
		at org.apache.tomcat.util.threads.InlineExecutorService.execute(InlineExecutorService.java:75)
		at java.util.concurrent.AbstractExecutorService.submit(AbstractExecutorService.java:134)
		at org.apache.catalina.core.ContainerBase.startInternal(ContainerBase.java:919)
		at org.apache.catalina.core.StandardEngine.startInternal(StandardEngine.java:265)
		at org.apache.catalina.util.LifecycleBase.start(LifecycleBase.java:183)
		at org.apache.catalina.core.StandardService.startInternal(StandardService.java:432)
		at org.apache.catalina.util.LifecycleBase.start(LifecycleBase.java:183)
		at org.apache.catalina.core.StandardServer.startInternal(StandardServer.java:930)
		at org.apache.catalina.util.LifecycleBase.start(LifecycleBase.java:183)
		at org.apache.catalina.startup.Catalina.start(Catalina.java:795)
		at sun.reflect.NativeMethodAccessorImpl.invoke0(Native Method)
		at sun.reflect.NativeMethodAccessorImpl.invoke(NativeMethodAccessorImpl.java:62)
		at sun.reflect.DelegatingMethodAccessorImpl.invoke(DelegatingMethodAccessorImpl.java:43)
		at java.lang.reflect.Method.invoke(Method.java:498)
		at org.apache.catalina.startup.Bootstrap.start(Bootstrap.java:345)
		at org.apache.catalina.startup.Bootstrap.main(Bootstrap.java:476)
	Caused by: org.apache.catalina.LifecycleException: Failed to start component [org.apache.catalina.webresources.StandardRoot@51c959a4]
		at org.apache.catalina.util.LifecycleBase.handleSubClassException(LifecycleBase.java:440)
		at org.apache.catalina.util.LifecycleBase.start(LifecycleBase.java:198)
		at org.apache.catalina.core.StandardContext.resourcesStart(StandardContext.java:4835)
		at org.apache.catalina.core.StandardContext.startInternal(StandardContext.java:4973)
		at org.apache.catalina.util.LifecycleBase.start(LifecycleBase.java:183)
		at org.apache.catalina.core.ContainerBase.addChildInternal(ContainerBase.java:726)
		... 37 more
	Caused by: java.lang.IllegalArgumentException: The main resource set specified [C:\Users\ADMIN\Desktop\PRJ301\Code lop\ChuaBTVN1\build\web] is not valid
		at org.apache.catalina.webresources.StandardRoot.createMainResourceSet(StandardRoot.java:762)
		at org.apache.catalina.webresources.StandardRoot.startInternal(StandardRoot.java:719)
		at org.apache.catalina.util.LifecycleBase.start(LifecycleBase.java:183)
		... 41 more
25-Feb-2023 23:04:25.931 INFO [main] org.apache.catalina.startup.HostConfig.deployDescriptor Deployment of deployment descriptor [C:\Program Files\Apache Software Foundation\Tomcat 10.0\conf\Catalina\localhost\ChuaBTVN1.xml] has finished in [17] ms
25-Feb-2023 23:04:25.931 INFO [main] org.apache.catalina.startup.HostConfig.deployDescriptor Deploying deployment descriptor [C:\Program Files\Apache Software Foundation\Tomcat 10.0\conf\Catalina\localhost\CRUD.xml]
25-Feb-2023 23:04:25.932 WARNING [main] org.apache.catalina.startup.HostConfig.deployDescriptor The path attribute with value [/CRUD] in deployment descriptor [C:\Program Files\Apache Software Foundation\Tomcat 10.0\conf\Catalina\localhost\CRUD.xml] has been ignored
25-Feb-2023 23:04:26.535 INFO [main] org.apache.jasper.servlet.TldScanner.scanJars At least one JAR was scanned for TLDs yet contained no TLDs. Enable debug logging for this logger for a complete list of JARs that were scanned but no TLDs were found in them. Skipping unneeded JARs during scanning can improve startup time and JSP compilation time.
25-Feb-2023 23:04:26.544 INFO [main] org.apache.catalina.startup.HostConfig.deployDescriptor Deployment of deployment descriptor [C:\Program Files\Apache Software Foundation\Tomcat 10.0\conf\Catalina\localhost\CRUD.xml] has finished in [613] ms
25-Feb-2023 23:04:26.544 INFO [main] org.apache.catalina.startup.HostConfig.deployDescriptor Deploying deployment descriptor [C:\Program Files\Apache Software Foundation\Tomcat 10.0\conf\Catalina\localhost\HelloScope.xml]
25-Feb-2023 23:04:26.544 WARNING [main] org.apache.catalina.startup.HostConfig.deployDescriptor The path attribute with value [/HelloScope] in deployment descriptor [C:\Program Files\Apache Software Foundation\Tomcat 10.0\conf\Catalina\localhost\HelloScope.xml] has been ignored
25-Feb-2023 23:04:26.908 INFO [main] org.apache.jasper.servlet.TldScanner.scanJars At least one JAR was scanned for TLDs yet contained no TLDs. Enable debug logging for this logger for a complete list of JARs that were scanned but no TLDs were found in them. Skipping unneeded JARs during scanning can improve startup time and JSP compilation time.
25-Feb-2023 23:04:26.918 INFO [main] org.apache.catalina.startup.HostConfig.deployDescriptor Deployment of deployment descriptor [C:\Program Files\Apache Software Foundation\Tomcat 10.0\conf\Catalina\localhost\HelloScope.xml] has finished in [374] ms
25-Feb-2023 23:04:26.918 INFO [main] org.apache.catalina.startup.HostConfig.deployDescriptor Deploying deployment descriptor [C:\Program Files\Apache Software Foundation\Tomcat 10.0\conf\Catalina\localhost\HelloServlet.xml]
25-Feb-2023 23:04:26.919 WARNING [main] org.apache.catalina.startup.HostConfig.deployDescriptor The path attribute with value [/HelloServlet] in deployment descriptor [C:\Program Files\Apache Software Foundation\Tomcat 10.0\conf\Catalina\localhost\HelloServlet.xml] has been ignored
25-Feb-2023 23:04:26.946 INFO [main] org.apache.catalina.startup.HostConfig.deployDescriptor Deployment of deployment descriptor [C:\Program Files\Apache Software Foundation\Tomcat 10.0\conf\Catalina\localhost\HelloServlet.xml] has finished in [28] ms
25-Feb-2023 23:04:26.947 INFO [main] org.apache.catalina.startup.HostConfig.deployDescriptor Deploying deployment descriptor [C:\Program Files\Apache Software Foundation\Tomcat 10.0\conf\Catalina\localhost\HelloServletnew.xml]
25-Feb-2023 23:04:26.947 WARNING [main] org.apache.catalina.startup.HostConfig.deployDescriptor The path attribute with value [/HelloServletnew] in deployment descriptor [C:\Program Files\Apache Software Foundation\Tomcat 10.0\conf\Catalina\localhost\HelloServletnew.xml] has been ignored
25-Feb-2023 23:04:26.950 SEVERE [main] org.apache.catalina.startup.HostConfig.deployDescriptor Error deploying deployment descriptor [C:\Program Files\Apache Software Foundation\Tomcat 10.0\conf\Catalina\localhost\HelloServletnew.xml]
	java.lang.IllegalStateException: Error starting child
		at org.apache.catalina.core.ContainerBase.addChildInternal(ContainerBase.java:729)
		at org.apache.catalina.core.ContainerBase.addChild(ContainerBase.java:698)
		at org.apache.catalina.core.StandardHost.addChild(StandardHost.java:747)
		at org.apache.catalina.startup.HostConfig.deployDescriptor(HostConfig.java:693)
		at org.apache.catalina.startup.HostConfig$DeployDescriptor.run(HostConfig.java:1979)
		at java.util.concurrent.Executors$RunnableAdapter.call(Executors.java:511)
		at java.util.concurrent.FutureTask.run(FutureTask.java:266)
		at org.apache.tomcat.util.threads.InlineExecutorService.execute(InlineExecutorService.java:75)
		at java.util.concurrent.AbstractExecutorService.submit(AbstractExecutorService.java:112)
		at org.apache.catalina.startup.HostConfig.deployDescriptors(HostConfig.java:586)
		at org.apache.catalina.startup.HostConfig.deployApps(HostConfig.java:476)
		at org.apache.catalina.startup.HostConfig.start(HostConfig.java:1708)
		at org.apache.catalina.startup.HostConfig.lifecycleEvent(HostConfig.java:320)
		at org.apache.catalina.util.LifecycleBase.fireLifecycleEvent(LifecycleBase.java:123)
		at org.apache.catalina.util.LifecycleBase.setStateInternal(LifecycleBase.java:423)
		at org.apache.catalina.util.LifecycleBase.setState(LifecycleBase.java:366)
		at org.apache.catalina.core.ContainerBase.startInternal(ContainerBase.java:946)
		at org.apache.catalina.core.StandardHost.startInternal(StandardHost.java:886)
		at org.apache.catalina.util.LifecycleBase.start(LifecycleBase.java:183)
		at org.apache.catalina.core.ContainerBase$StartChild.call(ContainerBase.java:1396)
		at org.apache.catalina.core.ContainerBase$StartChild.call(ContainerBase.java:1386)
		at java.util.concurrent.FutureTask.run(FutureTask.java:266)
		at org.apache.tomcat.util.threads.InlineExecutorService.execute(InlineExecutorService.java:75)
		at java.util.concurrent.AbstractExecutorService.submit(AbstractExecutorService.java:134)
		at org.apache.catalina.core.ContainerBase.startInternal(ContainerBase.java:919)
		at org.apache.catalina.core.StandardEngine.startInternal(StandardEngine.java:265)
		at org.apache.catalina.util.LifecycleBase.start(LifecycleBase.java:183)
		at org.apache.catalina.core.StandardService.startInternal(StandardService.java:432)
		at org.apache.catalina.util.LifecycleBase.start(LifecycleBase.java:183)
		at org.apache.catalina.core.StandardServer.startInternal(StandardServer.java:930)
		at org.apache.catalina.util.LifecycleBase.start(LifecycleBase.java:183)
		at org.apache.catalina.startup.Catalina.start(Catalina.java:795)
		at sun.reflect.NativeMethodAccessorImpl.invoke0(Native Method)
		at sun.reflect.NativeMethodAccessorImpl.invoke(NativeMethodAccessorImpl.java:62)
		at sun.reflect.DelegatingMethodAccessorImpl.invoke(DelegatingMethodAccessorImpl.java:43)
		at java.lang.reflect.Method.invoke(Method.java:498)
		at org.apache.catalina.startup.Bootstrap.start(Bootstrap.java:345)
		at org.apache.catalina.startup.Bootstrap.main(Bootstrap.java:476)
	Caused by: org.apache.catalina.LifecycleException: Failed to start component [org.apache.catalina.webresources.StandardRoot@17befef0]
		at org.apache.catalina.util.LifecycleBase.handleSubClassException(LifecycleBase.java:440)
		at org.apache.catalina.util.LifecycleBase.start(LifecycleBase.java:198)
		at org.apache.catalina.core.StandardContext.resourcesStart(StandardContext.java:4835)
		at org.apache.catalina.core.StandardContext.startInternal(StandardContext.java:4973)
		at org.apache.catalina.util.LifecycleBase.start(LifecycleBase.java:183)
		at org.apache.catalina.core.ContainerBase.addChildInternal(ContainerBase.java:726)
		... 37 more
	Caused by: java.lang.IllegalArgumentException: The main resource set specified [C:\Users\ADMIN\Desktop\PRJ301\Code (Hoc Them)\HelloServletnew\build\web] is not valid
		at org.apache.catalina.webresources.StandardRoot.createMainResourceSet(StandardRoot.java:762)
		at org.apache.catalina.webresources.StandardRoot.startInternal(StandardRoot.java:719)
		at org.apache.catalina.util.LifecycleBase.start(LifecycleBase.java:183)
		... 41 more
25-Feb-2023 23:04:26.976 INFO [main] org.apache.catalina.startup.HostConfig.deployDescriptor Deployment of deployment descriptor [C:\Program Files\Apache Software Foundation\Tomcat 10.0\conf\Catalina\localhost\HelloServletnew.xml] has finished in [29] ms
25-Feb-2023 23:04:26.976 INFO [main] org.apache.catalina.startup.HostConfig.deployDescriptor Deploying deployment descriptor [C:\Program Files\Apache Software Foundation\Tomcat 10.0\conf\Catalina\localhost\HelloWorld.xml]
25-Feb-2023 23:04:26.977 WARNING [main] org.apache.catalina.startup.HostConfig.deployDescriptor The path attribute with value [/HelloWorld] in deployment descriptor [C:\Program Files\Apache Software Foundation\Tomcat 10.0\conf\Catalina\localhost\HelloWorld.xml] has been ignored
25-Feb-2023 23:04:26.980 SEVERE [main] org.apache.catalina.startup.HostConfig.deployDescriptor Error deploying deployment descriptor [C:\Program Files\Apache Software Foundation\Tomcat 10.0\conf\Catalina\localhost\HelloWorld.xml]
	java.lang.IllegalStateException: Error starting child
		at org.apache.catalina.core.ContainerBase.addChildInternal(ContainerBase.java:729)
		at org.apache.catalina.core.ContainerBase.addChild(ContainerBase.java:698)
		at org.apache.catalina.core.StandardHost.addChild(StandardHost.java:747)
		at org.apache.catalina.startup.HostConfig.deployDescriptor(HostConfig.java:693)
		at org.apache.catalina.startup.HostConfig$DeployDescriptor.run(HostConfig.java:1979)
		at java.util.concurrent.Executors$RunnableAdapter.call(Executors.java:511)
		at java.util.concurrent.FutureTask.run(FutureTask.java:266)
		at org.apache.tomcat.util.threads.InlineExecutorService.execute(InlineExecutorService.java:75)
		at java.util.concurrent.AbstractExecutorService.submit(AbstractExecutorService.java:112)
		at org.apache.catalina.startup.HostConfig.deployDescriptors(HostConfig.java:586)
		at org.apache.catalina.startup.HostConfig.deployApps(HostConfig.java:476)
		at org.apache.catalina.startup.HostConfig.start(HostConfig.java:1708)
		at org.apache.catalina.startup.HostConfig.lifecycleEvent(HostConfig.java:320)
		at org.apache.catalina.util.LifecycleBase.fireLifecycleEvent(LifecycleBase.java:123)
		at org.apache.catalina.util.LifecycleBase.setStateInternal(LifecycleBase.java:423)
		at org.apache.catalina.util.LifecycleBase.setState(LifecycleBase.java:366)
		at org.apache.catalina.core.ContainerBase.startInternal(ContainerBase.java:946)
		at org.apache.catalina.core.StandardHost.startInternal(StandardHost.java:886)
		at org.apache.catalina.util.LifecycleBase.start(LifecycleBase.java:183)
		at org.apache.catalina.core.ContainerBase$StartChild.call(ContainerBase.java:1396)
		at org.apache.catalina.core.ContainerBase$StartChild.call(ContainerBase.java:1386)
		at java.util.concurrent.FutureTask.run(FutureTask.java:266)
		at org.apache.tomcat.util.threads.InlineExecutorService.execute(InlineExecutorService.java:75)
		at java.util.concurrent.AbstractExecutorService.submit(AbstractExecutorService.java:134)
		at org.apache.catalina.core.ContainerBase.startInternal(ContainerBase.java:919)
		at org.apache.catalina.core.StandardEngine.startInternal(StandardEngine.java:265)
		at org.apache.catalina.util.LifecycleBase.start(LifecycleBase.java:183)
		at org.apache.catalina.core.StandardService.startInternal(StandardService.java:432)
		at org.apache.catalina.util.LifecycleBase.start(LifecycleBase.java:183)
		at org.apache.catalina.core.StandardServer.startInternal(StandardServer.java:930)
		at org.apache.catalina.util.LifecycleBase.start(LifecycleBase.java:183)
		at org.apache.catalina.startup.Catalina.start(Catalina.java:795)
		at sun.reflect.NativeMethodAccessorImpl.invoke0(Native Method)
		at sun.reflect.NativeMethodAccessorImpl.invoke(NativeMethodAccessorImpl.java:62)
		at sun.reflect.DelegatingMethodAccessorImpl.invoke(DelegatingMethodAccessorImpl.java:43)
		at java.lang.reflect.Method.invoke(Method.java:498)
		at org.apache.catalina.startup.Bootstrap.start(Bootstrap.java:345)
		at org.apache.catalina.startup.Bootstrap.main(Bootstrap.java:476)
	Caused by: org.apache.catalina.LifecycleException: Failed to start component [org.apache.catalina.webresources.StandardRoot@2f73f0c7]
		at org.apache.catalina.util.LifecycleBase.handleSubClassException(LifecycleBase.java:440)
		at org.apache.catalina.util.LifecycleBase.start(LifecycleBase.java:198)
		at org.apache.catalina.core.StandardContext.resourcesStart(StandardContext.java:4835)
		at org.apache.catalina.core.StandardContext.startInternal(StandardContext.java:4973)
		at org.apache.catalina.util.LifecycleBase.start(LifecycleBase.java:183)
		at org.apache.catalina.core.ContainerBase.addChildInternal(ContainerBase.java:726)
		... 37 more
	Caused by: java.lang.IllegalArgumentException: The main resource set specified [C:\Users\ADMIN\Desktop\PRJ301\Code (Hoc Them)\HelloWorld\build\web] is not valid
		at org.apache.catalina.webresources.StandardRoot.createMainResourceSet(StandardRoot.java:762)
		at org.apache.catalina.webresources.StandardRoot.startInternal(StandardRoot.java:719)
		at org.apache.catalina.util.LifecycleBase.start(LifecycleBase.java:183)
		... 41 more
25-Feb-2023 23:04:27.191 INFO [main] org.apache.catalina.startup.HostConfig.deployDescriptor Deployment of deployment descriptor [C:\Program Files\Apache Software Foundation\Tomcat 10.0\conf\Catalina\localhost\HelloWorld.xml] has finished in [215] ms
25-Feb-2023 23:04:27.192 INFO [main] org.apache.catalina.startup.HostConfig.deployDescriptor Deploying deployment descriptor [C:\Program Files\Apache Software Foundation\Tomcat 10.0\conf\Catalina\localhost\JSPDEMO.xml]
25-Feb-2023 23:04:27.192 WARNING [main] org.apache.catalina.startup.HostConfig.deployDescriptor The path attribute with value [/JSPDEMO] in deployment descriptor [C:\Program Files\Apache Software Foundation\Tomcat 10.0\conf\Catalina\localhost\JSPDEMO.xml] has been ignored
25-Feb-2023 23:04:27.218 INFO [main] org.apache.catalina.startup.HostConfig.deployDescriptor Deployment of deployment descriptor [C:\Program Files\Apache Software Foundation\Tomcat 10.0\conf\Catalina\localhost\JSPDEMO.xml] has finished in [25] ms
25-Feb-2023 23:04:27.218 INFO [main] org.apache.catalina.startup.HostConfig.deployDescriptor Deploying deployment descriptor [C:\Program Files\Apache Software Foundation\Tomcat 10.0\conf\Catalina\localhost\JSPDEMO2.xml]
25-Feb-2023 23:04:27.219 WARNING [main] org.apache.catalina.startup.HostConfig.deployDescriptor The path attribute with value [/JSPDEMO2] in deployment descriptor [C:\Program Files\Apache Software Foundation\Tomcat 10.0\conf\Catalina\localhost\JSPDEMO2.xml] has been ignored
25-Feb-2023 23:04:27.245 INFO [main] org.apache.catalina.startup.HostConfig.deployDescriptor Deployment of deployment descriptor [C:\Program Files\Apache Software Foundation\Tomcat 10.0\conf\Catalina\localhost\JSPDEMO2.xml] has finished in [27] ms
25-Feb-2023 23:04:27.245 INFO [main] org.apache.catalina.startup.HostConfig.deployDescriptor Deploying deployment descriptor [C:\Program Files\Apache Software Foundation\Tomcat 10.0\conf\Catalina\localhost\Login-buoi4.xml]
25-Feb-2023 23:04:27.246 WARNING [main] org.apache.catalina.startup.HostConfig.deployDescriptor The path attribute with value [/Login-buoi4] in deployment descriptor [C:\Program Files\Apache Software Foundation\Tomcat 10.0\conf\Catalina\localhost\Login-buoi4.xml] has been ignored
25-Feb-2023 23:04:27.649 INFO [main] org.apache.jasper.servlet.TldScanner.scanJars At least one JAR was scanned for TLDs yet contained no TLDs. Enable debug logging for this logger for a complete list of JARs that were scanned but no TLDs were found in them. Skipping unneeded JARs during scanning can improve startup time and JSP compilation time.
25-Feb-2023 23:04:27.658 INFO [main] org.apache.catalina.startup.HostConfig.deployDescriptor Deployment of deployment descriptor [C:\Program Files\Apache Software Foundation\Tomcat 10.0\conf\Catalina\localhost\Login-buoi4.xml] has finished in [413] ms
25-Feb-2023 23:04:27.658 INFO [main] org.apache.catalina.startup.HostConfig.deployDescriptor Deploying deployment descriptor [C:\Program Files\Apache Software Foundation\Tomcat 10.0\conf\Catalina\localhost\Online shop.xml]
25-Feb-2023 23:04:27.659 WARNING [main] org.apache.catalina.startup.HostConfig.deployDescriptor The path attribute with value [/Online shop] in deployment descriptor [C:\Program Files\Apache Software Foundation\Tomcat 10.0\conf\Catalina\localhost\Online shop.xml] has been ignored
25-Feb-2023 23:04:27.691 INFO [main] org.apache.catalina.startup.HostConfig.deployDescriptor Deployment of deployment descriptor [C:\Program Files\Apache Software Foundation\Tomcat 10.0\conf\Catalina\localhost\Online shop.xml] has finished in [33] ms
25-Feb-2023 23:04:27.691 INFO [main] org.apache.catalina.startup.HostConfig.deployDescriptor Deploying deployment descriptor [C:\Program Files\Apache Software Foundation\Tomcat 10.0\conf\Catalina\localhost\Party.xml]
25-Feb-2023 23:04:27.692 WARNING [main] org.apache.catalina.startup.HostConfig.deployDescriptor The path attribute with value [/Party] in deployment descriptor [C:\Program Files\Apache Software Foundation\Tomcat 10.0\conf\Catalina\localhost\Party.xml] has been ignored
25-Feb-2023 23:04:28.144 INFO [main] org.apache.jasper.servlet.TldScanner.scanJars At least one JAR was scanned for TLDs yet contained no TLDs. Enable debug logging for this logger for a complete list of JARs that were scanned but no TLDs were found in them. Skipping unneeded JARs during scanning can improve startup time and JSP compilation time.
25-Feb-2023 23:04:28.156 INFO [main] org.apache.catalina.startup.HostConfig.deployDescriptor Deployment of deployment descriptor [C:\Program Files\Apache Software Foundation\Tomcat 10.0\conf\Catalina\localhost\Party.xml] has finished in [465] ms
25-Feb-2023 23:04:28.156 INFO [main] org.apache.catalina.startup.HostConfig.deployDescriptor Deploying deployment descriptor [C:\Program Files\Apache Software Foundation\Tomcat 10.0\conf\Catalina\localhost\PRJ301SLot3.xml]
25-Feb-2023 23:04:28.157 WARNING [main] org.apache.catalina.startup.HostConfig.deployDescriptor The path attribute with value [/PRJ301SLot3] in deployment descriptor [C:\Program Files\Apache Software Foundation\Tomcat 10.0\conf\Catalina\localhost\PRJ301SLot3.xml] has been ignored
25-Feb-2023 23:04:28.272 INFO [main] org.apache.jasper.servlet.TldScanner.scanJars At least one JAR was scanned for TLDs yet contained no TLDs. Enable debug logging for this logger for a complete list of JARs that were scanned but no TLDs were found in them. Skipping unneeded JARs during scanning can improve startup time and JSP compilation time.
25-Feb-2023 23:04:28.274 INFO [main] org.apache.catalina.startup.HostConfig.deployDescriptor Deployment of deployment descriptor [C:\Program Files\Apache Software Foundation\Tomcat 10.0\conf\Catalina\localhost\PRJ301SLot3.xml] has finished in [118] ms
25-Feb-2023 23:04:28.274 INFO [main] org.apache.catalina.startup.HostConfig.deployDescriptor Deploying deployment descriptor [C:\Program Files\Apache Software Foundation\Tomcat 10.0\conf\Catalina\localhost\PRJ301Slot5_3.xml]
25-Feb-2023 23:04:28.275 WARNING [main] org.apache.catalina.startup.HostConfig.deployDescriptor The path attribute with value [/PRJ301Slot5_3] in deployment descriptor [C:\Program Files\Apache Software Foundation\Tomcat 10.0\conf\Catalina\localhost\PRJ301Slot5_3.xml] has been ignored
25-Feb-2023 23:04:28.393 INFO [main] org.apache.jasper.servlet.TldScanner.scanJars At least one JAR was scanned for TLDs yet contained no TLDs. Enable debug logging for this logger for a complete list of JARs that were scanned but no TLDs were found in them. Skipping unneeded JARs during scanning can improve startup time and JSP compilation time.
25-Feb-2023 23:04:28.394 INFO [main] org.apache.catalina.startup.HostConfig.deployDescriptor Deployment of deployment descriptor [C:\Program Files\Apache Software Foundation\Tomcat 10.0\conf\Catalina\localhost\PRJ301Slot5_3.xml] has finished in [120] ms
25-Feb-2023 23:04:28.394 INFO [main] org.apache.catalina.startup.HostConfig.deployDescriptor Deploying deployment descriptor [C:\Program Files\Apache Software Foundation\Tomcat 10.0\conf\Catalina\localhost\PRJ301_SE1726_Demo1.xml]
25-Feb-2023 23:04:28.395 WARNING [main] org.apache.catalina.startup.HostConfig.deployDescriptor The path attribute with value [/PRJ301_SE1726_Demo1] in deployment descriptor [C:\Program Files\Apache Software Foundation\Tomcat 10.0\conf\Catalina\localhost\PRJ301_SE1726_Demo1.xml] has been ignored
25-Feb-2023 23:04:28.425 INFO [main] org.apache.catalina.startup.HostConfig.deployDescriptor Deployment of deployment descriptor [C:\Program Files\Apache Software Foundation\Tomcat 10.0\conf\Catalina\localhost\PRJ301_SE1726_Demo1.xml] has finished in [31] ms
25-Feb-2023 23:04:28.425 INFO [main] org.apache.catalina.startup.HostConfig.deployDescriptor Deploying deployment descriptor [C:\Program Files\Apache Software Foundation\Tomcat 10.0\conf\Catalina\localhost\Q1_SP22_Block5.xml]
25-Feb-2023 23:04:28.426 WARNING [main] org.apache.catalina.startup.HostConfig.deployDescriptor The path attribute with value [/Q1_SP22_Block5] in deployment descriptor [C:\Program Files\Apache Software Foundation\Tomcat 10.0\conf\Catalina\localhost\Q1_SP22_Block5.xml] has been ignored
25-Feb-2023 23:04:28.452 INFO [main] org.apache.catalina.startup.HostConfig.deployDescriptor Deployment of deployment descriptor [C:\Program Files\Apache Software Foundation\Tomcat 10.0\conf\Catalina\localhost\Q1_SP22_Block5.xml] has finished in [27] ms
25-Feb-2023 23:04:28.453 INFO [main] org.apache.catalina.startup.HostConfig.deployDescriptor Deploying deployment descriptor [C:\Program Files\Apache Software Foundation\Tomcat 10.0\conf\Catalina\localhost\Q2_SP22_Block5.xml]
25-Feb-2023 23:04:28.453 WARNING [main] org.apache.catalina.startup.HostConfig.deployDescriptor The path attribute with value [/Q2_SP22_Block5] in deployment descriptor [C:\Program Files\Apache Software Foundation\Tomcat 10.0\conf\Catalina\localhost\Q2_SP22_Block5.xml] has been ignored
25-Feb-2023 23:04:28.858 INFO [main] org.apache.jasper.servlet.TldScanner.scanJars At least one JAR was scanned for TLDs yet contained no TLDs. Enable debug logging for this logger for a complete list of JARs that were scanned but no TLDs were found in them. Skipping unneeded JARs during scanning can improve startup time and JSP compilation time.
25-Feb-2023 23:04:28.870 INFO [main] org.apache.catalina.startup.HostConfig.deployDescriptor Deployment of deployment descriptor [C:\Program Files\Apache Software Foundation\Tomcat 10.0\conf\Catalina\localhost\Q2_SP22_Block5.xml] has finished in [418] ms
25-Feb-2023 23:04:28.870 INFO [main] org.apache.catalina.startup.HostConfig.deployDescriptor Deploying deployment descriptor [C:\Program Files\Apache Software Foundation\Tomcat 10.0\conf\Catalina\localhost\Q3_SP22_Block5.xml]
25-Feb-2023 23:04:28.871 WARNING [main] org.apache.catalina.startup.HostConfig.deployDescriptor The path attribute with value [/Q3_SP22_Block5] in deployment descriptor [C:\Program Files\Apache Software Foundation\Tomcat 10.0\conf\Catalina\localhost\Q3_SP22_Block5.xml] has been ignored
25-Feb-2023 23:04:29.307 INFO [main] org.apache.jasper.servlet.TldScanner.scanJars At least one JAR was scanned for TLDs yet contained no TLDs. Enable debug logging for this logger for a complete list of JARs that were scanned but no TLDs were found in them. Skipping unneeded JARs during scanning can improve startup time and JSP compilation time.
25-Feb-2023 23:04:29.318 INFO [main] org.apache.catalina.startup.HostConfig.deployDescriptor Deployment of deployment descriptor [C:\Program Files\Apache Software Foundation\Tomcat 10.0\conf\Catalina\localhost\Q3_SP22_Block5.xml] has finished in [448] ms
25-Feb-2023 23:04:29.318 INFO [main] org.apache.catalina.startup.HostConfig.deployDescriptor Deploying deployment descriptor [C:\Program Files\Apache Software Foundation\Tomcat 10.0\conf\Catalina\localhost\StudentManage.xml]
25-Feb-2023 23:04:29.318 WARNING [main] org.apache.catalina.startup.HostConfig.deployDescriptor The path attribute with value [/StudentManage] in deployment descriptor [C:\Program Files\Apache Software Foundation\Tomcat 10.0\conf\Catalina\localhost\StudentManage.xml] has been ignored
25-Feb-2023 23:04:29.747 INFO [main] org.apache.jasper.servlet.TldScanner.scanJars At least one JAR was scanned for TLDs yet contained no TLDs. Enable debug logging for this logger for a complete list of JARs that were scanned but no TLDs were found in them. Skipping unneeded JARs during scanning can improve startup time and JSP compilation time.
25-Feb-2023 23:04:29.755 INFO [main] org.apache.catalina.startup.HostConfig.deployDescriptor Deployment of deployment descriptor [C:\Program Files\Apache Software Foundation\Tomcat 10.0\conf\Catalina\localhost\StudentManage.xml] has finished in [437] ms
25-Feb-2023 23:04:29.755 INFO [main] org.apache.catalina.startup.HostConfig.deployDescriptor Deploying deployment descriptor [C:\Program Files\Apache Software Foundation\Tomcat 10.0\conf\Catalina\localhost\WebApplication1.xml]
25-Feb-2023 23:04:29.756 WARNING [main] org.apache.catalina.startup.HostConfig.deployDescriptor The path attribute with value [/WebApplication1] in deployment descriptor [C:\Program Files\Apache Software Foundation\Tomcat 10.0\conf\Catalina\localhost\WebApplication1.xml] has been ignored
25-Feb-2023 23:04:29.777 INFO [main] org.apache.catalina.startup.HostConfig.deployDescriptor Deployment of deployment descriptor [C:\Program Files\Apache Software Foundation\Tomcat 10.0\conf\Catalina\localhost\WebApplication1.xml] has finished in [22] ms
25-Feb-2023 23:04:29.778 INFO [main] org.apache.catalina.startup.HostConfig.deployDescriptor Deploying deployment descriptor [C:\Program Files\Apache Software Foundation\Tomcat 10.0\conf\Catalina\localhost\WebApplication2.xml]
25-Feb-2023 23:04:29.778 WARNING [main] org.apache.catalina.startup.HostConfig.deployDescriptor The path attribute with value [/WebApplication2] in deployment descriptor [C:\Program Files\Apache Software Foundation\Tomcat 10.0\conf\Catalina\localhost\WebApplication2.xml] has been ignored
25-Feb-2023 23:04:29.888 INFO [main] org.apache.jasper.servlet.TldScanner.scanJars At least one JAR was scanned for TLDs yet contained no TLDs. Enable debug logging for this logger for a complete list of JARs that were scanned but no TLDs were found in them. Skipping unneeded JARs during scanning can improve startup time and JSP compilation time.
25-Feb-2023 23:04:29.889 INFO [main] org.apache.catalina.startup.HostConfig.deployDescriptor Deployment of deployment descriptor [C:\Program Files\Apache Software Foundation\Tomcat 10.0\conf\Catalina\localhost\WebApplication2.xml] has finished in [111] ms
25-Feb-2023 23:04:29.889 INFO [main] org.apache.catalina.startup.HostConfig.deployDescriptor Deploying deployment descriptor [C:\Program Files\Apache Software Foundation\Tomcat 10.0\conf\Catalina\localhost\WebApplication3.xml]
25-Feb-2023 23:04:29.890 WARNING [main] org.apache.catalina.startup.HostConfig.deployDescriptor The path attribute with value [/WebApplication3] in deployment descriptor [C:\Program Files\Apache Software Foundation\Tomcat 10.0\conf\Catalina\localhost\WebApplication3.xml] has been ignored
25-Feb-2023 23:04:30.287 INFO [main] org.apache.jasper.servlet.TldScanner.scanJars At least one JAR was scanned for TLDs yet contained no TLDs. Enable debug logging for this logger for a complete list of JARs that were scanned but no TLDs were found in them. Skipping unneeded JARs during scanning can improve startup time and JSP compilation time.
25-Feb-2023 23:04:30.295 INFO [main] org.apache.catalina.startup.HostConfig.deployDescriptor Deployment of deployment descriptor [C:\Program Files\Apache Software Foundation\Tomcat 10.0\conf\Catalina\localhost\WebApplication3.xml] has finished in [406] ms
25-Feb-2023 23:04:30.296 INFO [main] org.apache.catalina.startup.HostConfig.deployDescriptor Deploying deployment descriptor [C:\Program Files\Apache Software Foundation\Tomcat 10.0\conf\Catalina\localhost\Workshop1.xml]
25-Feb-2023 23:04:30.296 WARNING [main] org.apache.catalina.startup.HostConfig.deployDescriptor The path attribute with value [/Workshop1] in deployment descriptor [C:\Program Files\Apache Software Foundation\Tomcat 10.0\conf\Catalina\localhost\Workshop1.xml] has been ignored
25-Feb-2023 23:04:30.299 SEVERE [main] org.apache.catalina.startup.HostConfig.deployDescriptor Error deploying deployment descriptor [C:\Program Files\Apache Software Foundation\Tomcat 10.0\conf\Catalina\localhost\Workshop1.xml]
	java.lang.IllegalStateException: Error starting child
		at org.apache.catalina.core.ContainerBase.addChildInternal(ContainerBase.java:729)
		at org.apache.catalina.core.ContainerBase.addChild(ContainerBase.java:698)
		at org.apache.catalina.core.StandardHost.addChild(StandardHost.java:747)
		at org.apache.catalina.startup.HostConfig.deployDescriptor(HostConfig.java:693)
		at org.apache.catalina.startup.HostConfig$DeployDescriptor.run(HostConfig.java:1979)
		at java.util.concurrent.Executors$RunnableAdapter.call(Executors.java:511)
		at java.util.concurrent.FutureTask.run(FutureTask.java:266)
		at org.apache.tomcat.util.threads.InlineExecutorService.execute(InlineExecutorService.java:75)
		at java.util.concurrent.AbstractExecutorService.submit(AbstractExecutorService.java:112)
		at org.apache.catalina.startup.HostConfig.deployDescriptors(HostConfig.java:586)
		at org.apache.catalina.startup.HostConfig.deployApps(HostConfig.java:476)
		at org.apache.catalina.startup.HostConfig.start(HostConfig.java:1708)
		at org.apache.catalina.startup.HostConfig.lifecycleEvent(HostConfig.java:320)
		at org.apache.catalina.util.LifecycleBase.fireLifecycleEvent(LifecycleBase.java:123)
		at org.apache.catalina.util.LifecycleBase.setStateInternal(LifecycleBase.java:423)
		at org.apache.catalina.util.LifecycleBase.setState(LifecycleBase.java:366)
		at org.apache.catalina.core.ContainerBase.startInternal(ContainerBase.java:946)
		at org.apache.catalina.core.StandardHost.startInternal(StandardHost.java:886)
		at org.apache.catalina.util.LifecycleBase.start(LifecycleBase.java:183)
		at org.apache.catalina.core.ContainerBase$StartChild.call(ContainerBase.java:1396)
		at org.apache.catalina.core.ContainerBase$StartChild.call(ContainerBase.java:1386)
		at java.util.concurrent.FutureTask.run(FutureTask.java:266)
		at org.apache.tomcat.util.threads.InlineExecutorService.execute(InlineExecutorService.java:75)
		at java.util.concurrent.AbstractExecutorService.submit(AbstractExecutorService.java:134)
		at org.apache.catalina.core.ContainerBase.startInternal(ContainerBase.java:919)
		at org.apache.catalina.core.StandardEngine.startInternal(StandardEngine.java:265)
		at org.apache.catalina.util.LifecycleBase.start(LifecycleBase.java:183)
		at org.apache.catalina.core.StandardService.startInternal(StandardService.java:432)
		at org.apache.catalina.util.LifecycleBase.start(LifecycleBase.java:183)
		at org.apache.catalina.core.StandardServer.startInternal(StandardServer.java:930)
		at org.apache.catalina.util.LifecycleBase.start(LifecycleBase.java:183)
		at org.apache.catalina.startup.Catalina.start(Catalina.java:795)
		at sun.reflect.NativeMethodAccessorImpl.invoke0(Native Method)
		at sun.reflect.NativeMethodAccessorImpl.invoke(NativeMethodAccessorImpl.java:62)
		at sun.reflect.DelegatingMethodAccessorImpl.invoke(DelegatingMethodAccessorImpl.java:43)
		at java.lang.reflect.Method.invoke(Method.java:498)
		at org.apache.catalina.startup.Bootstrap.start(Bootstrap.java:345)
		at org.apache.catalina.startup.Bootstrap.main(Bootstrap.java:476)
	Caused by: org.apache.catalina.LifecycleException: Failed to start component [org.apache.catalina.webresources.StandardRoot@747d4d9a]
		at org.apache.catalina.util.LifecycleBase.handleSubClassException(LifecycleBase.java:440)
		at org.apache.catalina.util.LifecycleBase.start(LifecycleBase.java:198)
		at org.apache.catalina.core.StandardContext.resourcesStart(StandardContext.java:4835)
		at org.apache.catalina.core.StandardContext.startInternal(StandardContext.java:4973)
		at org.apache.catalina.util.LifecycleBase.start(LifecycleBase.java:183)
		at org.apache.catalina.core.ContainerBase.addChildInternal(ContainerBase.java:726)
		... 37 more
	Caused by: java.lang.IllegalArgumentException: The main resource set specified [C:\Users\ADMIN\Desktop\Nguyen Tien Dat - HE163935\Workshop1\build\web] is not valid
		at org.apache.catalina.webresources.StandardRoot.createMainResourceSet(StandardRoot.java:762)
		at org.apache.catalina.webresources.StandardRoot.startInternal(StandardRoot.java:719)
		at org.apache.catalina.util.LifecycleBase.start(LifecycleBase.java:183)
		... 41 more
25-Feb-2023 23:04:30.315 INFO [main] org.apache.catalina.startup.HostConfig.deployDescriptor Deployment of deployment descriptor [C:\Program Files\Apache Software Foundation\Tomcat 10.0\conf\Catalina\localhost\Workshop1.xml] has finished in [19] ms
25-Feb-2023 23:04:30.315 INFO [main] org.apache.catalina.startup.HostConfig.deployDescriptor Deploying deployment descriptor [C:\Program Files\Apache Software Foundation\Tomcat 10.0\conf\Catalina\localhost\WS1Chua.xml]
25-Feb-2023 23:04:30.316 WARNING [main] org.apache.catalina.startup.HostConfig.deployDescriptor The path attribute with value [/WS1Chua] in deployment descriptor [C:\Program Files\Apache Software Foundation\Tomcat 10.0\conf\Catalina\localhost\WS1Chua.xml] has been ignored
25-Feb-2023 23:04:30.318 SEVERE [main] org.apache.catalina.startup.HostConfig.deployDescriptor Error deploying deployment descriptor [C:\Program Files\Apache Software Foundation\Tomcat 10.0\conf\Catalina\localhost\WS1Chua.xml]
	java.lang.IllegalStateException: Error starting child
		at org.apache.catalina.core.ContainerBase.addChildInternal(ContainerBase.java:729)
		at org.apache.catalina.core.ContainerBase.addChild(ContainerBase.java:698)
		at org.apache.catalina.core.StandardHost.addChild(StandardHost.java:747)
		at org.apache.catalina.startup.HostConfig.deployDescriptor(HostConfig.java:693)
		at org.apache.catalina.startup.HostConfig$DeployDescriptor.run(HostConfig.java:1979)
		at java.util.concurrent.Executors$RunnableAdapter.call(Executors.java:511)
		at java.util.concurrent.FutureTask.run(FutureTask.java:266)
		at org.apache.tomcat.util.threads.InlineExecutorService.execute(InlineExecutorService.java:75)
		at java.util.concurrent.AbstractExecutorService.submit(AbstractExecutorService.java:112)
		at org.apache.catalina.startup.HostConfig.deployDescriptors(HostConfig.java:586)
		at org.apache.catalina.startup.HostConfig.deployApps(HostConfig.java:476)
		at org.apache.catalina.startup.HostConfig.start(HostConfig.java:1708)
		at org.apache.catalina.startup.HostConfig.lifecycleEvent(HostConfig.java:320)
		at org.apache.catalina.util.LifecycleBase.fireLifecycleEvent(LifecycleBase.java:123)
		at org.apache.catalina.util.LifecycleBase.setStateInternal(LifecycleBase.java:423)
		at org.apache.catalina.util.LifecycleBase.setState(LifecycleBase.java:366)
		at org.apache.catalina.core.ContainerBase.startInternal(ContainerBase.java:946)
		at org.apache.catalina.core.StandardHost.startInternal(StandardHost.java:886)
		at org.apache.catalina.util.LifecycleBase.start(LifecycleBase.java:183)
		at org.apache.catalina.core.ContainerBase$StartChild.call(ContainerBase.java:1396)
		at org.apache.catalina.core.ContainerBase$StartChild.call(ContainerBase.java:1386)
		at java.util.concurrent.FutureTask.run(FutureTask.java:266)
		at org.apache.tomcat.util.threads.InlineExecutorService.execute(InlineExecutorService.java:75)
		at java.util.concurrent.AbstractExecutorService.submit(AbstractExecutorService.java:134)
		at org.apache.catalina.core.ContainerBase.startInternal(ContainerBase.java:919)
		at org.apache.catalina.core.StandardEngine.startInternal(StandardEngine.java:265)
		at org.apache.catalina.util.LifecycleBase.start(LifecycleBase.java:183)
		at org.apache.catalina.core.StandardService.startInternal(StandardService.java:432)
		at org.apache.catalina.util.LifecycleBase.start(LifecycleBase.java:183)
		at org.apache.catalina.core.StandardServer.startInternal(StandardServer.java:930)
		at org.apache.catalina.util.LifecycleBase.start(LifecycleBase.java:183)
		at org.apache.catalina.startup.Catalina.start(Catalina.java:795)
		at sun.reflect.NativeMethodAccessorImpl.invoke0(Native Method)
		at sun.reflect.NativeMethodAccessorImpl.invoke(NativeMethodAccessorImpl.java:62)
		at sun.reflect.DelegatingMethodAccessorImpl.invoke(DelegatingMethodAccessorImpl.java:43)
		at java.lang.reflect.Method.invoke(Method.java:498)
		at org.apache.catalina.startup.Bootstrap.start(Bootstrap.java:345)
		at org.apache.catalina.startup.Bootstrap.main(Bootstrap.java:476)
	Caused by: org.apache.catalina.LifecycleException: Failed to start component [org.apache.catalina.webresources.StandardRoot@25b665ca]
		at org.apache.catalina.util.LifecycleBase.handleSubClassException(LifecycleBase.java:440)
		at org.apache.catalina.util.LifecycleBase.start(LifecycleBase.java:198)
		at org.apache.catalina.core.StandardContext.resourcesStart(StandardContext.java:4835)
		at org.apache.catalina.core.StandardContext.startInternal(StandardContext.java:4973)
		at org.apache.catalina.util.LifecycleBase.start(LifecycleBase.java:183)
		at org.apache.catalina.core.ContainerBase.addChildInternal(ContainerBase.java:726)
		... 37 more
	Caused by: java.lang.IllegalArgumentException: The main resource set specified [C:\Users\ADMIN\Desktop\PRJ301\Code lop\WS1Chua\build\web] is not valid
		at org.apache.catalina.webresources.StandardRoot.createMainResourceSet(StandardRoot.java:762)
		at org.apache.catalina.webresources.StandardRoot.startInternal(StandardRoot.java:719)
		at org.apache.catalina.util.LifecycleBase.start(LifecycleBase.java:183)
		... 41 more
25-Feb-2023 23:04:30.484 INFO [main] org.apache.catalina.startup.HostConfig.deployDescriptor Deployment of deployment descriptor [C:\Program Files\Apache Software Foundation\Tomcat 10.0\conf\Catalina\localhost\WS1Chua.xml] has finished in [169] ms
25-Feb-2023 23:04:30.485 INFO [main] org.apache.catalina.startup.HostConfig.deployDirectory Deploying web application directory [C:\Program Files\Apache Software Foundation\Tomcat 10.0\webapps\docs]
25-Feb-2023 23:04:30.500 INFO [main] org.apache.catalina.startup.HostConfig.deployDirectory Deployment of web application directory [C:\Program Files\Apache Software Foundation\Tomcat 10.0\webapps\docs] has finished in [15] ms
25-Feb-2023 23:04:30.500 INFO [main] org.apache.catalina.startup.HostConfig.deployDirectory Deploying web application directory [C:\Program Files\Apache Software Foundation\Tomcat 10.0\webapps\manager]
25-Feb-2023 23:04:30.531 INFO [main] org.apache.catalina.startup.HostConfig.deployDirectory Deployment of web application directory [C:\Program Files\Apache Software Foundation\Tomcat 10.0\webapps\manager] has finished in [31] ms
25-Feb-2023 23:04:30.531 INFO [main] org.apache.catalina.startup.HostConfig.deployDirectory Deploying web application directory [C:\Program Files\Apache Software Foundation\Tomcat 10.0\webapps\ROOT]
25-Feb-2023 23:04:30.546 INFO [main] org.apache.catalina.startup.HostConfig.deployDirectory Deployment of web application directory [C:\Program Files\Apache Software Foundation\Tomcat 10.0\webapps\ROOT] has finished in [15] ms
25-Feb-2023 23:04:30.548 INFO [main] org.apache.coyote.AbstractProtocol.start Starting ProtocolHandler ["http-nio-9999"]
25-Feb-2023 23:04:30.562 INFO [main] org.apache.catalina.startup.Catalina.start Server startup in [5888] milliseconds
25-Feb-2023 23:04:33.856 INFO [http-nio-9999-exec-2] org.apache.catalina.startup.HostConfig.deployDescriptor Deploying deployment descriptor [C:\Program Files\Apache Software Foundation\Tomcat 10.0\conf\Catalina\localhost\Assignment.xml]
25-Feb-2023 23:04:33.857 WARNING [http-nio-9999-exec-2] org.apache.catalina.startup.HostConfig.deployDescriptor The path attribute with value [/Assignment] in deployment descriptor [C:\Program Files\Apache Software Foundation\Tomcat 10.0\conf\Catalina\localhost\Assignment.xml] has been ignored
25-Feb-2023 23:04:34.294 INFO [http-nio-9999-exec-2] org.apache.jasper.servlet.TldScanner.scanJars At least one JAR was scanned for TLDs yet contained no TLDs. Enable debug logging for this logger for a complete list of JARs that were scanned but no TLDs were found in them. Skipping unneeded JARs during scanning can improve startup time and JSP compilation time.
25-Feb-2023 23:04:34.303 INFO [http-nio-9999-exec-2] org.apache.catalina.startup.HostConfig.deployDescriptor Deployment of deployment descriptor [C:\Program Files\Apache Software Foundation\Tomcat 10.0\conf\Catalina\localhost\Assignment.xml] has finished in [447] ms
25-Feb-2023 23:04:34.307 INFO [http-nio-9999-exec-1] org.apache.catalina.util.LifecycleBase.start The start() method was called on component [StandardEngine[Catalina].StandardHost[localhost].StandardContext[/Assignment]] after start() had already been called. The second call will be ignored.
25-Feb-2023 23:08:21.488 INFO [http-nio-9999-exec-8] org.apache.catalina.core.StandardContext.reload Reloading Context with name [/Assignment] has started
25-Feb-2023 23:08:21.491 WARNING [http-nio-9999-exec-8] org.apache.catalina.loader.WebappClassLoaderBase.clearReferencesJdbc The web application [Assignment] registered the JDBC driver [com.microsoft.sqlserver.jdbc.SQLServerDriver] but failed to unregister it when the web application was stopped. To prevent a memory leak, the JDBC Driver has been forcibly unregistered.
25-Feb-2023 23:08:21.492 SEVERE [http-nio-9999-exec-8] org.apache.catalina.loader.WebappClassLoaderBase.checkThreadLocalMapForLeaks The web application [Assignment] created a ThreadLocal with key of type [com.microsoft.sqlserver.jdbc.ActivityCorrelator$1] (value [com.microsoft.sqlserver.jdbc.ActivityCorrelator$1@635f898]) and a value of type [com.microsoft.sqlserver.jdbc.ActivityId] (value [ecafbe77-6831-44e4-9c3a-57c8ffe5bb90-1]) but failed to remove it when the web application was stopped. Threads are going to be renewed over time to try and avoid a probable memory leak.
25-Feb-2023 23:08:21.492 SEVERE [http-nio-9999-exec-8] org.apache.catalina.loader.WebappClassLoaderBase.checkThreadLocalMapForLeaks The web application [Assignment] created a ThreadLocal with key of type [com.microsoft.sqlserver.jdbc.ActivityCorrelator$1] (value [com.microsoft.sqlserver.jdbc.ActivityCorrelator$1@635f898]) and a value of type [com.microsoft.sqlserver.jdbc.ActivityId] (value [8ea75b40-7267-4785-a1ef-e059f312740b-1]) but failed to remove it when the web application was stopped. Threads are going to be renewed over time to try and avoid a probable memory leak.
25-Feb-2023 23:08:21.917 INFO [http-nio-9999-exec-8] org.apache.jasper.servlet.TldScanner.scanJars At least one JAR was scanned for TLDs yet contained no TLDs. Enable debug logging for this logger for a complete list of JARs that were scanned but no TLDs were found in them. Skipping unneeded JARs during scanning can improve startup time and JSP compilation time.
25-Feb-2023 23:08:21.928 INFO [http-nio-9999-exec-8] org.apache.catalina.core.StandardContext.reload Reloading Context with name [/Assignment] is completed
25-Feb-2023 23:09:22.323 INFO [http-nio-9999-exec-7] org.apache.catalina.core.StandardContext.reload Reloading Context with name [/Assignment] has started
25-Feb-2023 23:09:22.739 INFO [http-nio-9999-exec-7] org.apache.jasper.servlet.TldScanner.scanJars At least one JAR was scanned for TLDs yet contained no TLDs. Enable debug logging for this logger for a complete list of JARs that were scanned but no TLDs were found in them. Skipping unneeded JARs during scanning can improve startup time and JSP compilation time.
25-Feb-2023 23:09:22.748 INFO [http-nio-9999-exec-7] org.apache.catalina.core.StandardContext.reload Reloading Context with name [/Assignment] is completed
25-Feb-2023 23:09:54.673 INFO [http-nio-9999-exec-4] org.apache.catalina.core.StandardContext.reload Reloading Context with name [/Assignment] has started
25-Feb-2023 23:09:55.117 INFO [http-nio-9999-exec-4] org.apache.jasper.servlet.TldScanner.scanJars At least one JAR was scanned for TLDs yet contained no TLDs. Enable debug logging for this logger for a complete list of JARs that were scanned but no TLDs were found in them. Skipping unneeded JARs during scanning can improve startup time and JSP compilation time.
25-Feb-2023 23:09:55.124 INFO [http-nio-9999-exec-4] org.apache.catalina.core.StandardContext.reload Reloading Context with name [/Assignment] is completed
25-Feb-2023 23:10:24.624 INFO [http-nio-9999-exec-12] org.apache.jasper.servlet.TldScanner.scanJars At least one JAR was scanned for TLDs yet contained no TLDs. Enable debug logging for this logger for a complete list of JARs that were scanned but no TLDs were found in them. Skipping unneeded JARs during scanning can improve startup time and JSP compilation time.
25-Feb-2023 23:10:24.956 INFO [http-nio-9999-exec-6] org.apache.catalina.core.StandardContext.reload Reloading Context with name [/Assignment] has started
25-Feb-2023 23:10:25.389 INFO [http-nio-9999-exec-6] org.apache.jasper.servlet.TldScanner.scanJars At least one JAR was scanned for TLDs yet contained no TLDs. Enable debug logging for this logger for a complete list of JARs that were scanned but no TLDs were found in them. Skipping unneeded JARs during scanning can improve startup time and JSP compilation time.
25-Feb-2023 23:10:25.397 INFO [http-nio-9999-exec-6] org.apache.catalina.core.StandardContext.reload Reloading Context with name [/Assignment] is completed
25-Feb-2023 23:10:31.161 INFO [Catalina-utility-2] org.apache.catalina.startup.HostConfig.reload Reloading context [/Assignment]
25-Feb-2023 23:10:31.161 INFO [Catalina-utility-2] org.apache.catalina.core.StandardContext.reload Reloading Context with name [/Assignment] has started
25-Feb-2023 23:10:31.504 INFO [Catalina-utility-2] org.apache.jasper.servlet.TldScanner.scanJars At least one JAR was scanned for TLDs yet contained no TLDs. Enable debug logging for this logger for a complete list of JARs that were scanned but no TLDs were found in them. Skipping unneeded JARs during scanning can improve startup time and JSP compilation time.
25-Feb-2023 23:10:31.511 INFO [Catalina-utility-2] org.apache.catalina.core.StandardContext.reload Reloading Context with name [/Assignment] is completed
25-Feb-2023 23:11:42.596 INFO [http-nio-9999-exec-14] org.apache.catalina.core.StandardContext.reload Reloading Context with name [/Assignment] has started
25-Feb-2023 23:11:42.981 INFO [http-nio-9999-exec-14] org.apache.jasper.servlet.TldScanner.scanJars At least one JAR was scanned for TLDs yet contained no TLDs. Enable debug logging for this logger for a complete list of JARs that were scanned but no TLDs were found in them. Skipping unneeded JARs during scanning can improve startup time and JSP compilation time.
25-Feb-2023 23:11:42.989 INFO [http-nio-9999-exec-14] org.apache.catalina.core.StandardContext.reload Reloading Context with name [/Assignment] is completed
25-Feb-2023 23:11:50.074 INFO [http-nio-9999-exec-1] org.apache.catalina.core.StandardContext.reload Reloading Context with name [/Assignment] has started
25-Feb-2023 23:11:50.485 INFO [http-nio-9999-exec-1] org.apache.jasper.servlet.TldScanner.scanJars At least one JAR was scanned for TLDs yet contained no TLDs. Enable debug logging for this logger for a complete list of JARs that were scanned but no TLDs were found in them. Skipping unneeded JARs during scanning can improve startup time and JSP compilation time.
25-Feb-2023 23:11:50.493 INFO [http-nio-9999-exec-1] org.apache.catalina.core.StandardContext.reload Reloading Context with name [/Assignment] is completed
25-Feb-2023 23:13:57.064 INFO [http-nio-9999-exec-22] org.apache.catalina.core.StandardContext.reload Reloading Context with name [/Assignment] has started
25-Feb-2023 23:13:57.449 INFO [http-nio-9999-exec-22] org.apache.jasper.servlet.TldScanner.scanJars At least one JAR was scanned for TLDs yet contained no TLDs. Enable debug logging for this logger for a complete list of JARs that were scanned but no TLDs were found in them. Skipping unneeded JARs during scanning can improve startup time and JSP compilation time.
25-Feb-2023 23:13:57.456 INFO [http-nio-9999-exec-22] org.apache.catalina.core.StandardContext.reload Reloading Context with name [/Assignment] is completed
25-Feb-2023 23:14:29.787 INFO [http-nio-9999-exec-1] org.apache.catalina.core.StandardContext.reload Reloading Context with name [/Assignment] has started
25-Feb-2023 23:14:30.167 INFO [http-nio-9999-exec-1] org.apache.jasper.servlet.TldScanner.scanJars At least one JAR was scanned for TLDs yet contained no TLDs. Enable debug logging for this logger for a complete list of JARs that were scanned but no TLDs were found in them. Skipping unneeded JARs during scanning can improve startup time and JSP compilation time.
25-Feb-2023 23:14:30.177 INFO [http-nio-9999-exec-1] org.apache.catalina.core.StandardContext.reload Reloading Context with name [/Assignment] is completed
25-Feb-2023 23:14:33.084 INFO [http-nio-9999-exec-11] org.apache.catalina.core.StandardContext.reload Reloading Context with name [/Assignment] has started
25-Feb-2023 23:14:33.483 INFO [http-nio-9999-exec-11] org.apache.jasper.servlet.TldScanner.scanJars At least one JAR was scanned for TLDs yet contained no TLDs. Enable debug logging for this logger for a complete list of JARs that were scanned but no TLDs were found in them. Skipping unneeded JARs during scanning can improve startup time and JSP compilation time.
25-Feb-2023 23:14:33.495 INFO [http-nio-9999-exec-11] org.apache.catalina.core.StandardContext.reload Reloading Context with name [/Assignment] is completed
25-Feb-2023 23:14:54.641 INFO [http-nio-9999-exec-16] org.apache.catalina.core.StandardContext.reload Reloading Context with name [/Assignment] has started
25-Feb-2023 23:14:55.018 INFO [http-nio-9999-exec-16] org.apache.jasper.servlet.TldScanner.scanJars At least one JAR was scanned for TLDs yet contained no TLDs. Enable debug logging for this logger for a complete list of JARs that were scanned but no TLDs were found in them. Skipping unneeded JARs during scanning can improve startup time and JSP compilation time.
25-Feb-2023 23:14:55.025 INFO [http-nio-9999-exec-16] org.apache.catalina.core.StandardContext.reload Reloading Context with name [/Assignment] is completed
25-Feb-2023 23:15:06.366 INFO [http-nio-9999-exec-1] org.apache.catalina.core.StandardContext.reload Reloading Context with name [/Assignment] has started
25-Feb-2023 23:15:06.721 INFO [http-nio-9999-exec-1] org.apache.jasper.servlet.TldScanner.scanJars At least one JAR was scanned for TLDs yet contained no TLDs. Enable debug logging for this logger for a complete list of JARs that were scanned but no TLDs were found in them. Skipping unneeded JARs during scanning can improve startup time and JSP compilation time.
25-Feb-2023 23:15:06.731 INFO [http-nio-9999-exec-1] org.apache.catalina.core.StandardContext.reload Reloading Context with name [/Assignment] is completed
25-Feb-2023 23:17:02.733 INFO [http-nio-9999-exec-29] org.apache.catalina.core.StandardContext.reload Reloading Context with name [/Assignment] has started
25-Feb-2023 23:17:02.735 WARNING [http-nio-9999-exec-29] org.apache.catalina.loader.WebappClassLoaderBase.clearReferencesJdbc The web application [Assignment] registered the JDBC driver [com.microsoft.sqlserver.jdbc.SQLServerDriver] but failed to unregister it when the web application was stopped. To prevent a memory leak, the JDBC Driver has been forcibly unregistered.
25-Feb-2023 23:17:03.100 INFO [http-nio-9999-exec-29] org.apache.jasper.servlet.TldScanner.scanJars At least one JAR was scanned for TLDs yet contained no TLDs. Enable debug logging for this logger for a complete list of JARs that were scanned but no TLDs were found in them. Skipping unneeded JARs during scanning can improve startup time and JSP compilation time.
25-Feb-2023 23:17:03.107 INFO [http-nio-9999-exec-29] org.apache.catalina.core.StandardContext.reload Reloading Context with name [/Assignment] is completed
25-Feb-2023 23:17:28.266 INFO [http-nio-9999-exec-30] org.apache.jasper.servlet.TldScanner.scanJars At least one JAR was scanned for TLDs yet contained no TLDs. Enable debug logging for this logger for a complete list of JARs that were scanned but no TLDs were found in them. Skipping unneeded JARs during scanning can improve startup time and JSP compilation time.
25-Feb-2023 23:17:28.610 INFO [http-nio-9999-exec-29] org.apache.catalina.core.StandardContext.reload Reloading Context with name [/Assignment] has started
25-Feb-2023 23:17:28.995 INFO [http-nio-9999-exec-29] org.apache.jasper.servlet.TldScanner.scanJars At least one JAR was scanned for TLDs yet contained no TLDs. Enable debug logging for this logger for a complete list of JARs that were scanned but no TLDs were found in them. Skipping unneeded JARs during scanning can improve startup time and JSP compilation time.
25-Feb-2023 23:17:29.002 INFO [http-nio-9999-exec-29] org.apache.catalina.core.StandardContext.reload Reloading Context with name [/Assignment] is completed
25-Feb-2023 23:17:32.231 INFO [Catalina-utility-1] org.apache.catalina.startup.HostConfig.reload Reloading context [/Assignment]
25-Feb-2023 23:17:32.232 INFO [Catalina-utility-1] org.apache.catalina.core.StandardContext.reload Reloading Context with name [/Assignment] has started
25-Feb-2023 23:17:32.620 INFO [Catalina-utility-1] org.apache.jasper.servlet.TldScanner.scanJars At least one JAR was scanned for TLDs yet contained no TLDs. Enable debug logging for this logger for a complete list of JARs that were scanned but no TLDs were found in them. Skipping unneeded JARs during scanning can improve startup time and JSP compilation time.
25-Feb-2023 23:17:32.626 INFO [Catalina-utility-1] org.apache.catalina.core.StandardContext.reload Reloading Context with name [/Assignment] is completed
25-Feb-2023 23:18:49.758 INFO [http-nio-9999-exec-32] org.apache.catalina.core.StandardContext.reload Reloading Context with name [/Assignment] has started
25-Feb-2023 23:18:50.130 INFO [http-nio-9999-exec-32] org.apache.jasper.servlet.TldScanner.scanJars At least one JAR was scanned for TLDs yet contained no TLDs. Enable debug logging for this logger for a complete list of JARs that were scanned but no TLDs were found in them. Skipping unneeded JARs during scanning can improve startup time and JSP compilation time.
25-Feb-2023 23:18:50.137 INFO [http-nio-9999-exec-32] org.apache.catalina.core.StandardContext.reload Reloading Context with name [/Assignment] is completed
25-Feb-2023 23:19:13.125 INFO [http-nio-9999-exec-35] org.apache.catalina.core.StandardContext.reload Reloading Context with name [/Assignment] has started
25-Feb-2023 23:19:13.544 INFO [http-nio-9999-exec-35] org.apache.jasper.servlet.TldScanner.scanJars At least one JAR was scanned for TLDs yet contained no TLDs. Enable debug logging for this logger for a complete list of JARs that were scanned but no TLDs were found in them. Skipping unneeded JARs during scanning can improve startup time and JSP compilation time.
25-Feb-2023 23:19:13.551 INFO [http-nio-9999-exec-35] org.apache.catalina.core.StandardContext.reload Reloading Context with name [/Assignment] is completed
25-Feb-2023 23:20:20.339 INFO [http-nio-9999-exec-30] org.apache.catalina.core.StandardContext.reload Reloading Context with name [/Assignment] has started
25-Feb-2023 23:20:20.731 INFO [http-nio-9999-exec-30] org.apache.jasper.servlet.TldScanner.scanJars At least one JAR was scanned for TLDs yet contained no TLDs. Enable debug logging for this logger for a complete list of JARs that were scanned but no TLDs were found in them. Skipping unneeded JARs during scanning can improve startup time and JSP compilation time.
25-Feb-2023 23:20:20.738 INFO [http-nio-9999-exec-30] org.apache.catalina.core.StandardContext.reload Reloading Context with name [/Assignment] is completed
25-Feb-2023 23:22:55.696 INFO [http-nio-9999-exec-43] org.apache.catalina.core.StandardContext.reload Reloading Context with name [/Assignment] has started
25-Feb-2023 23:22:55.698 WARNING [http-nio-9999-exec-43] org.apache.catalina.loader.WebappClassLoaderBase.clearReferencesJdbc The web application [Assignment] registered the JDBC driver [com.microsoft.sqlserver.jdbc.SQLServerDriver] but failed to unregister it when the web application was stopped. To prevent a memory leak, the JDBC Driver has been forcibly unregistered.
25-Feb-2023 23:22:55.698 SEVERE [http-nio-9999-exec-43] org.apache.catalina.loader.WebappClassLoaderBase.checkThreadLocalMapForLeaks The web application [Assignment] created a ThreadLocal with key of type [com.microsoft.sqlserver.jdbc.ActivityCorrelator$1] (value [com.microsoft.sqlserver.jdbc.ActivityCorrelator$1@33345692]) and a value of type [com.microsoft.sqlserver.jdbc.ActivityId] (value [252acff5-9264-40ac-b65c-3cdd19b7784a-1]) but failed to remove it when the web application was stopped. Threads are going to be renewed over time to try and avoid a probable memory leak.
25-Feb-2023 23:22:55.698 SEVERE [http-nio-9999-exec-43] org.apache.catalina.loader.WebappClassLoaderBase.checkThreadLocalMapForLeaks The web application [Assignment] created a ThreadLocal with key of type [com.microsoft.sqlserver.jdbc.ActivityCorrelator$1] (value [com.microsoft.sqlserver.jdbc.ActivityCorrelator$1@33345692]) and a value of type [com.microsoft.sqlserver.jdbc.ActivityId] (value [cc28b87a-50a0-4d8c-a621-ff3bb462bcb6-1]) but failed to remove it when the web application was stopped. Threads are going to be renewed over time to try and avoid a probable memory leak.
25-Feb-2023 23:22:56.067 INFO [http-nio-9999-exec-43] org.apache.jasper.servlet.TldScanner.scanJars At least one JAR was scanned for TLDs yet contained no TLDs. Enable debug logging for this logger for a complete list of JARs that were scanned but no TLDs were found in them. Skipping unneeded JARs during scanning can improve startup time and JSP compilation time.
25-Feb-2023 23:22:56.074 INFO [http-nio-9999-exec-43] org.apache.catalina.core.StandardContext.reload Reloading Context with name [/Assignment] is completed
25-Feb-2023 23:23:12.044 INFO [http-nio-9999-exec-48] org.apache.jasper.servlet.TldScanner.scanJars At least one JAR was scanned for TLDs yet contained no TLDs. Enable debug logging for this logger for a complete list of JARs that were scanned but no TLDs were found in them. Skipping unneeded JARs during scanning can improve startup time and JSP compilation time.
25-Feb-2023 23:23:12.374 INFO [http-nio-9999-exec-50] org.apache.catalina.core.StandardContext.reload Reloading Context with name [/Assignment] has started
25-Feb-2023 23:23:12.833 INFO [http-nio-9999-exec-50] org.apache.jasper.servlet.TldScanner.scanJars At least one JAR was scanned for TLDs yet contained no TLDs. Enable debug logging for this logger for a complete list of JARs that were scanned but no TLDs were found in them. Skipping unneeded JARs during scanning can improve startup time and JSP compilation time.
25-Feb-2023 23:23:12.841 INFO [http-nio-9999-exec-50] org.apache.catalina.core.StandardContext.reload Reloading Context with name [/Assignment] is completed
25-Feb-2023 23:23:13.147 INFO [Catalina-utility-2] org.apache.catalina.startup.HostConfig.reload Reloading context [/Assignment]
25-Feb-2023 23:23:13.147 INFO [Catalina-utility-2] org.apache.catalina.core.StandardContext.reload Reloading Context with name [/Assignment] has started
25-Feb-2023 23:23:13.510 INFO [Catalina-utility-2] org.apache.jasper.servlet.TldScanner.scanJars At least one JAR was scanned for TLDs yet contained no TLDs. Enable debug logging for this logger for a complete list of JARs that were scanned but no TLDs were found in them. Skipping unneeded JARs during scanning can improve startup time and JSP compilation time.
25-Feb-2023 23:23:13.516 INFO [Catalina-utility-2] org.apache.catalina.core.StandardContext.reload Reloading Context with name [/Assignment] is completed
25-Feb-2023 23:23:43.762 INFO [http-nio-9999-exec-47] org.apache.catalina.core.StandardContext.reload Reloading Context with name [/Assignment] has started
25-Feb-2023 23:23:44.145 INFO [http-nio-9999-exec-47] org.apache.jasper.servlet.TldScanner.scanJars At least one JAR was scanned for TLDs yet contained no TLDs. Enable debug logging for this logger for a complete list of JARs that were scanned but no TLDs were found in them. Skipping unneeded JARs during scanning can improve startup time and JSP compilation time.
25-Feb-2023 23:23:44.153 INFO [http-nio-9999-exec-47] org.apache.catalina.core.StandardContext.reload Reloading Context with name [/Assignment] is completed
25-Feb-2023 23:38:15.596 INFO [http-nio-9999-exec-57] org.apache.catalina.core.StandardContext.reload Reloading Context with name [/Assignment] has started
25-Feb-2023 23:38:16.005 INFO [http-nio-9999-exec-57] org.apache.jasper.servlet.TldScanner.scanJars At least one JAR was scanned for TLDs yet contained no TLDs. Enable debug logging for this logger for a complete list of JARs that were scanned but no TLDs were found in them. Skipping unneeded JARs during scanning can improve startup time and JSP compilation time.
25-Feb-2023 23:38:16.012 INFO [http-nio-9999-exec-57] org.apache.catalina.core.StandardContext.reload Reloading Context with name [/Assignment] is completed
25-Feb-2023 23:38:16.345 INFO [http-nio-9999-exec-59] org.apache.catalina.core.StandardContext.reload Reloading Context with name [/Assignment] has started
25-Feb-2023 23:38:16.730 INFO [http-nio-9999-exec-59] org.apache.jasper.servlet.TldScanner.scanJars At least one JAR was scanned for TLDs yet contained no TLDs. Enable debug logging for this logger for a complete list of JARs that were scanned but no TLDs were found in them. Skipping unneeded JARs during scanning can improve startup time and JSP compilation time.
25-Feb-2023 23:38:16.737 INFO [http-nio-9999-exec-59] org.apache.catalina.core.StandardContext.reload Reloading Context with name [/Assignment] is completed
25-Feb-2023 23:38:38.865 INFO [http-nio-9999-exec-58] org.apache.catalina.core.StandardContext.reload Reloading Context with name [/Assignment] has started
25-Feb-2023 23:38:39.251 INFO [http-nio-9999-exec-58] org.apache.jasper.servlet.TldScanner.scanJars At least one JAR was scanned for TLDs yet contained no TLDs. Enable debug logging for this logger for a complete list of JARs that were scanned but no TLDs were found in them. Skipping unneeded JARs during scanning can improve startup time and JSP compilation time.
25-Feb-2023 23:38:39.257 INFO [http-nio-9999-exec-58] org.apache.catalina.core.StandardContext.reload Reloading Context with name [/Assignment] is completed
25-Feb-2023 23:39:02.499 INFO [http-nio-9999-exec-63] org.apache.catalina.core.StandardContext.reload Reloading Context with name [/Assignment] has started
25-Feb-2023 23:39:02.873 INFO [http-nio-9999-exec-63] org.apache.jasper.servlet.TldScanner.scanJars At least one JAR was scanned for TLDs yet contained no TLDs. Enable debug logging for this logger for a complete list of JARs that were scanned but no TLDs were found in them. Skipping unneeded JARs during scanning can improve startup time and JSP compilation time.
25-Feb-2023 23:39:02.880 INFO [http-nio-9999-exec-63] org.apache.catalina.core.StandardContext.reload Reloading Context with name [/Assignment] is completed
25-Feb-2023 23:50:46.610 WARNING [http-nio-9999-exec-75] org.apache.catalina.loader.WebappClassLoaderBase.clearReferencesJdbc The web application [Assignment] registered the JDBC driver [com.microsoft.sqlserver.jdbc.SQLServerDriver] but failed to unregister it when the web application was stopped. To prevent a memory leak, the JDBC Driver has been forcibly unregistered.
25-Feb-2023 23:50:46.610 SEVERE [http-nio-9999-exec-75] org.apache.catalina.loader.WebappClassLoaderBase.checkThreadLocalMapForLeaks The web application [Assignment] created a ThreadLocal with key of type [com.microsoft.sqlserver.jdbc.ActivityCorrelator$1] (value [com.microsoft.sqlserver.jdbc.ActivityCorrelator$1@29ce953a]) and a value of type [com.microsoft.sqlserver.jdbc.ActivityId] (value [109bf779-3fdb-4ecb-8453-89ddaedd3ec0-1]) but failed to remove it when the web application was stopped. Threads are going to be renewed over time to try and avoid a probable memory leak.
25-Feb-2023 23:50:47.002 INFO [http-nio-9999-exec-73] org.apache.jasper.servlet.TldScanner.scanJars At least one JAR was scanned for TLDs yet contained no TLDs. Enable debug logging for this logger for a complete list of JARs that were scanned but no TLDs were found in them. Skipping unneeded JARs during scanning can improve startup time and JSP compilation time.
25-Feb-2023 23:54:05.720 INFO [http-nio-9999-exec-82] org.apache.catalina.core.StandardContext.reload Reloading Context with name [/Assignment] has started
25-Feb-2023 23:54:06.102 INFO [http-nio-9999-exec-82] org.apache.jasper.servlet.TldScanner.scanJars At least one JAR was scanned for TLDs yet contained no TLDs. Enable debug logging for this logger for a complete list of JARs that were scanned but no TLDs were found in them. Skipping unneeded JARs during scanning can improve startup time and JSP compilation time.
25-Feb-2023 23:54:06.110 INFO [http-nio-9999-exec-82] org.apache.catalina.core.StandardContext.reload Reloading Context with name [/Assignment] is completed
25-Feb-2023 23:58:25.587 INFO [http-nio-9999-exec-89] org.apache.catalina.core.StandardContext.reload Reloading Context with name [/Assignment] has started
25-Feb-2023 23:58:25.589 WARNING [http-nio-9999-exec-89] org.apache.catalina.loader.WebappClassLoaderBase.clearReferencesJdbc The web application [Assignment] registered the JDBC driver [com.microsoft.sqlserver.jdbc.SQLServerDriver] but failed to unregister it when the web application was stopped. To prevent a memory leak, the JDBC Driver has been forcibly unregistered.
25-Feb-2023 23:58:25.589 SEVERE [http-nio-9999-exec-89] org.apache.catalina.loader.WebappClassLoaderBase.checkThreadLocalMapForLeaks The web application [Assignment] created a ThreadLocal with key of type [com.microsoft.sqlserver.jdbc.ActivityCorrelator$1] (value [com.microsoft.sqlserver.jdbc.ActivityCorrelator$1@7386bf50]) and a value of type [com.microsoft.sqlserver.jdbc.ActivityId] (value [714682c3-f337-480b-b502-3137c0ce9c53-1]) but failed to remove it when the web application was stopped. Threads are going to be renewed over time to try and avoid a probable memory leak.
25-Feb-2023 23:58:25.987 INFO [http-nio-9999-exec-89] org.apache.jasper.servlet.TldScanner.scanJars At least one JAR was scanned for TLDs yet contained no TLDs. Enable debug logging for this logger for a complete list of JARs that were scanned but no TLDs were found in them. Skipping unneeded JARs during scanning can improve startup time and JSP compilation time.
25-Feb-2023 23:58:25.993 INFO [http-nio-9999-exec-89] org.apache.catalina.core.StandardContext.reload Reloading Context with name [/Assignment] is completed
25-Feb-2023 23:59:41.438 INFO [http-nio-9999-exec-91] org.apache.catalina.core.StandardContext.reload Reloading Context with name [/Assignment] has started
25-Feb-2023 23:59:41.800 INFO [http-nio-9999-exec-91] org.apache.jasper.servlet.TldScanner.scanJars At least one JAR was scanned for TLDs yet contained no TLDs. Enable debug logging for this logger for a complete list of JARs that were scanned but no TLDs were found in them. Skipping unneeded JARs during scanning can improve startup time and JSP compilation time.
25-Feb-2023 23:59:41.806 INFO [http-nio-9999-exec-91] org.apache.catalina.core.StandardContext.reload Reloading Context with name [/Assignment] is completed
25-Feb-2023 23:59:50.517 INFO [http-nio-9999-exec-94] org.apache.catalina.core.StandardContext.reload Reloading Context with name [/Assignment] has started
25-Feb-2023 23:59:50.881 INFO [http-nio-9999-exec-94] org.apache.jasper.servlet.TldScanner.scanJars At least one JAR was scanned for TLDs yet contained no TLDs. Enable debug logging for this logger for a complete list of JARs that were scanned but no TLDs were found in them. Skipping unneeded JARs during scanning can improve startup time and JSP compilation time.
25-Feb-2023 23:59:50.888 INFO [http-nio-9999-exec-94] org.apache.catalina.core.StandardContext.reload Reloading Context with name [/Assignment] is completed
