09-Mar-2023 12:59:21.219 INFO [http-nio-9999-exec-27] org.apache.catalina.core.ApplicationContext.log AdminFilter:Initializing filter
09-Mar-2023 15:08:35.410 SEVERE [http-nio-9999-exec-41] org.apache.catalina.core.StandardWrapperValve.invoke Servlet.service() for servlet [Home] in context with path [/Assignment] threw exception
	java.lang.NullPointerException
		at controller.Home.processRequest(Home.java:44)
		at controller.Home.doGet(Home.java:67)
		at jakarta.servlet.http.HttpServlet.service(HttpServlet.java:683)
		at jakarta.servlet.http.HttpServlet.service(HttpServlet.java:792)
		at org.apache.catalina.core.ApplicationFilterChain.internalDoFilter(ApplicationFilterChain.java:223)
		at org.apache.catalina.core.ApplicationFilterChain.doFilter(ApplicationFilterChain.java:158)
		at org.apache.tomcat.websocket.server.WsFilter.doFilter(WsFilter.java:53)
		at org.apache.catalina.core.ApplicationFilterChain.internalDoFilter(ApplicationFilterChain.java:185)
		at org.apache.catalina.core.ApplicationFilterChain.doFilter(ApplicationFilterChain.java:158)
		at org.apache.catalina.core.StandardWrapperValve.invoke(StandardWrapperValve.java:197)
		at org.apache.catalina.core.StandardContextValve.invoke(StandardContextValve.java:97)
		at org.apache.catalina.authenticator.AuthenticatorBase.invoke(AuthenticatorBase.java:542)
		at org.apache.catalina.core.StandardHostValve.invoke(StandardHostValve.java:119)
		at org.apache.catalina.valves.ErrorReportValve.invoke(ErrorReportValve.java:92)
		at org.apache.catalina.valves.AbstractAccessLogValve.invoke(AbstractAccessLogValve.java:690)
		at org.apache.catalina.core.StandardEngineValve.invoke(StandardEngineValve.java:78)
		at org.apache.catalina.connector.CoyoteAdapter.service(CoyoteAdapter.java:356)
		at org.apache.coyote.http11.Http11Processor.service(Http11Processor.java:399)
		at org.apache.coyote.AbstractProcessorLight.process(AbstractProcessorLight.java:65)
		at org.apache.coyote.AbstractProtocol$ConnectionHandler.process(AbstractProtocol.java:870)
		at org.apache.tomcat.util.net.NioEndpoint$SocketProcessor.doRun(NioEndpoint.java:1762)
		at org.apache.tomcat.util.net.SocketProcessorBase.run(SocketProcessorBase.java:49)
		at org.apache.tomcat.util.threads.ThreadPoolExecutor.runWorker(ThreadPoolExecutor.java:1191)
		at org.apache.tomcat.util.threads.ThreadPoolExecutor$Worker.run(ThreadPoolExecutor.java:659)
		at org.apache.tomcat.util.threads.TaskThread$WrappingRunnable.run(TaskThread.java:61)
		at java.lang.Thread.run(Thread.java:750)
09-Mar-2023 15:13:56.071 SEVERE [http-nio-9999-exec-46] org.apache.catalina.core.ApplicationDispatcher.invoke Servlet.service() for servlet [jsp] threw exception
	jakarta.el.MethodNotFoundException: Method not found: class model.User.size()
		at jakarta.el.Util.findWrapper(Util.java:375)
		at jakarta.el.Util.findMethod(Util.java:217)
		at jakarta.el.BeanELResolver.invoke(BeanELResolver.java:152)
		at org.apache.jasper.el.JasperELResolver.invoke(JasperELResolver.java:162)
		at org.apache.el.parser.AstValue.getValue(AstValue.java:158)
		at org.apache.el.parser.AstGreaterThan.getValue(AstGreaterThan.java:36)
		at org.apache.el.ValueExpressionImpl.getValue(ValueExpressionImpl.java:189)
		at org.apache.jasper.runtime.PageContextImpl.proprietaryEvaluate(PageContextImpl.java:702)
		at org.apache.jsp.usermanager_jsp._jspx_meth_c_005fif_005f4(usermanager_jsp.java:444)
		at org.apache.jsp.usermanager_jsp._jspService(usermanager_jsp.java:168)
		at org.apache.jasper.runtime.HttpJspBase.service(HttpJspBase.java:70)
		at jakarta.servlet.http.HttpServlet.service(HttpServlet.java:792)
		at org.apache.jasper.servlet.JspServletWrapper.service(JspServletWrapper.java:466)
		at org.apache.jasper.servlet.JspServlet.serviceJspFile(JspServlet.java:380)
		at org.apache.jasper.servlet.JspServlet.service(JspServlet.java:328)
		at jakarta.servlet.http.HttpServlet.service(HttpServlet.java:792)
		at org.apache.catalina.core.ApplicationFilterChain.internalDoFilter(ApplicationFilterChain.java:223)
		at org.apache.catalina.core.ApplicationFilterChain.doFilter(ApplicationFilterChain.java:158)
		at org.apache.tomcat.websocket.server.WsFilter.doFilter(WsFilter.java:53)
		at org.apache.catalina.core.ApplicationFilterChain.internalDoFilter(ApplicationFilterChain.java:185)
		at org.apache.catalina.core.ApplicationFilterChain.doFilter(ApplicationFilterChain.java:158)
		at org.apache.catalina.core.ApplicationDispatcher.invoke(ApplicationDispatcher.java:691)
		at org.apache.catalina.core.ApplicationDispatcher.processRequest(ApplicationDispatcher.java:441)
		at org.apache.catalina.core.ApplicationDispatcher.doForward(ApplicationDispatcher.java:367)
		at org.apache.catalina.core.ApplicationDispatcher.forward(ApplicationDispatcher.java:295)
		at controller.EditUserManager.doGet(EditUserManager.java:66)
		at jakarta.servlet.http.HttpServlet.service(HttpServlet.java:683)
		at jakarta.servlet.http.HttpServlet.service(HttpServlet.java:792)
		at org.apache.catalina.core.ApplicationFilterChain.internalDoFilter(ApplicationFilterChain.java:223)
		at org.apache.catalina.core.ApplicationFilterChain.doFilter(ApplicationFilterChain.java:158)
		at org.apache.tomcat.websocket.server.WsFilter.doFilter(WsFilter.java:53)
		at org.apache.catalina.core.ApplicationFilterChain.internalDoFilter(ApplicationFilterChain.java:185)
		at org.apache.catalina.core.ApplicationFilterChain.doFilter(ApplicationFilterChain.java:158)
		at org.apache.catalina.core.StandardWrapperValve.invoke(StandardWrapperValve.java:197)
		at org.apache.catalina.core.StandardContextValve.invoke(StandardContextValve.java:97)
		at org.apache.catalina.authenticator.AuthenticatorBase.invoke(AuthenticatorBase.java:542)
		at org.apache.catalina.core.StandardHostValve.invoke(StandardHostValve.java:119)
		at org.apache.catalina.valves.ErrorReportValve.invoke(ErrorReportValve.java:92)
		at org.apache.catalina.valves.AbstractAccessLogValve.invoke(AbstractAccessLogValve.java:690)
		at org.apache.catalina.core.StandardEngineValve.invoke(StandardEngineValve.java:78)
		at org.apache.catalina.connector.CoyoteAdapter.service(CoyoteAdapter.java:356)
		at org.apache.coyote.http11.Http11Processor.service(Http11Processor.java:399)
		at org.apache.coyote.AbstractProcessorLight.process(AbstractProcessorLight.java:65)
		at org.apache.coyote.AbstractProtocol$ConnectionHandler.process(AbstractProtocol.java:870)
		at org.apache.tomcat.util.net.NioEndpoint$SocketProcessor.doRun(NioEndpoint.java:1762)
		at org.apache.tomcat.util.net.SocketProcessorBase.run(SocketProcessorBase.java:49)
		at org.apache.tomcat.util.threads.ThreadPoolExecutor.runWorker(ThreadPoolExecutor.java:1191)
		at org.apache.tomcat.util.threads.ThreadPoolExecutor$Worker.run(ThreadPoolExecutor.java:659)
		at org.apache.tomcat.util.threads.TaskThread$WrappingRunnable.run(TaskThread.java:61)
		at java.lang.Thread.run(Thread.java:750)
09-Mar-2023 15:13:56.071 SEVERE [http-nio-9999-exec-46] org.apache.catalina.core.StandardWrapperValve.invoke Servlet.service() for servlet [EditUserManager] in context with path [/Assignment] threw exception [An exception occurred processing [/usermanager.jsp] at line [81]

78:                 </c:forEach>
79:             </tbody>
80:         </table>
81:         <c:if test="${euser.size()>0}">
82:             <div>
83:                 <form method="POST" action="editUserManager">
84:                     <input type="hidden" name="id" value="${euser.id}">


Stacktrace:] with root cause
	jakarta.el.MethodNotFoundException: Method not found: class model.User.size()
		at jakarta.el.Util.findWrapper(Util.java:375)
		at jakarta.el.Util.findMethod(Util.java:217)
		at jakarta.el.BeanELResolver.invoke(BeanELResolver.java:152)
		at org.apache.jasper.el.JasperELResolver.invoke(JasperELResolver.java:162)
		at org.apache.el.parser.AstValue.getValue(AstValue.java:158)
		at org.apache.el.parser.AstGreaterThan.getValue(AstGreaterThan.java:36)
		at org.apache.el.ValueExpressionImpl.getValue(ValueExpressionImpl.java:189)
		at org.apache.jasper.runtime.PageContextImpl.proprietaryEvaluate(PageContextImpl.java:702)
		at org.apache.jsp.usermanager_jsp._jspx_meth_c_005fif_005f4(usermanager_jsp.java:444)
		at org.apache.jsp.usermanager_jsp._jspService(usermanager_jsp.java:168)
		at org.apache.jasper.runtime.HttpJspBase.service(HttpJspBase.java:70)
		at jakarta.servlet.http.HttpServlet.service(HttpServlet.java:792)
		at org.apache.jasper.servlet.JspServletWrapper.service(JspServletWrapper.java:466)
		at org.apache.jasper.servlet.JspServlet.serviceJspFile(JspServlet.java:380)
		at org.apache.jasper.servlet.JspServlet.service(JspServlet.java:328)
		at jakarta.servlet.http.HttpServlet.service(HttpServlet.java:792)
		at org.apache.catalina.core.ApplicationFilterChain.internalDoFilter(ApplicationFilterChain.java:223)
		at org.apache.catalina.core.ApplicationFilterChain.doFilter(ApplicationFilterChain.java:158)
		at org.apache.tomcat.websocket.server.WsFilter.doFilter(WsFilter.java:53)
		at org.apache.catalina.core.ApplicationFilterChain.internalDoFilter(ApplicationFilterChain.java:185)
		at org.apache.catalina.core.ApplicationFilterChain.doFilter(ApplicationFilterChain.java:158)
		at org.apache.catalina.core.ApplicationDispatcher.invoke(ApplicationDispatcher.java:691)
		at org.apache.catalina.core.ApplicationDispatcher.processRequest(ApplicationDispatcher.java:441)
		at org.apache.catalina.core.ApplicationDispatcher.doForward(ApplicationDispatcher.java:367)
		at org.apache.catalina.core.ApplicationDispatcher.forward(ApplicationDispatcher.java:295)
		at controller.EditUserManager.doGet(EditUserManager.java:66)
		at jakarta.servlet.http.HttpServlet.service(HttpServlet.java:683)
		at jakarta.servlet.http.HttpServlet.service(HttpServlet.java:792)
		at org.apache.catalina.core.ApplicationFilterChain.internalDoFilter(ApplicationFilterChain.java:223)
		at org.apache.catalina.core.ApplicationFilterChain.doFilter(ApplicationFilterChain.java:158)
		at org.apache.tomcat.websocket.server.WsFilter.doFilter(WsFilter.java:53)
		at org.apache.catalina.core.ApplicationFilterChain.internalDoFilter(ApplicationFilterChain.java:185)
		at org.apache.catalina.core.ApplicationFilterChain.doFilter(ApplicationFilterChain.java:158)
		at org.apache.catalina.core.StandardWrapperValve.invoke(StandardWrapperValve.java:197)
		at org.apache.catalina.core.StandardContextValve.invoke(StandardContextValve.java:97)
		at org.apache.catalina.authenticator.AuthenticatorBase.invoke(AuthenticatorBase.java:542)
		at org.apache.catalina.core.StandardHostValve.invoke(StandardHostValve.java:119)
		at org.apache.catalina.valves.ErrorReportValve.invoke(ErrorReportValve.java:92)
		at org.apache.catalina.valves.AbstractAccessLogValve.invoke(AbstractAccessLogValve.java:690)
		at org.apache.catalina.core.StandardEngineValve.invoke(StandardEngineValve.java:78)
		at org.apache.catalina.connector.CoyoteAdapter.service(CoyoteAdapter.java:356)
		at org.apache.coyote.http11.Http11Processor.service(Http11Processor.java:399)
		at org.apache.coyote.AbstractProcessorLight.process(AbstractProcessorLight.java:65)
		at org.apache.coyote.AbstractProtocol$ConnectionHandler.process(AbstractProtocol.java:870)
		at org.apache.tomcat.util.net.NioEndpoint$SocketProcessor.doRun(NioEndpoint.java:1762)
		at org.apache.tomcat.util.net.SocketProcessorBase.run(SocketProcessorBase.java:49)
		at org.apache.tomcat.util.threads.ThreadPoolExecutor.runWorker(ThreadPoolExecutor.java:1191)
		at org.apache.tomcat.util.threads.ThreadPoolExecutor$Worker.run(ThreadPoolExecutor.java:659)
		at org.apache.tomcat.util.threads.TaskThread$WrappingRunnable.run(TaskThread.java:61)
		at java.lang.Thread.run(Thread.java:750)
