12-Mar-2023 14:00:27.917 INFO [main] org.apache.catalina.core.ApplicationContext.log AdminFilter:Initializing filter
12-Mar-2023 14:00:30.963 INFO [main] org.apache.catalina.core.ApplicationContext.log AdminFilter:Initializing filter
12-Mar-2023 14:00:32.303 INFO [main] org.apache.catalina.core.ApplicationContext.log loginFilter:Initializing filter
12-Mar-2023 14:01:06.933 INFO [http-nio-9999-exec-10] org.apache.catalina.core.ApplicationContext.log Marking servlet [EnrollServlet] as unavailable
12-Mar-2023 14:01:06.933 SEVERE [http-nio-9999-exec-10] org.apache.catalina.core.StandardWrapperValve.invoke Allocate exception for servlet [EnrollServlet]
	java.lang.ClassNotFoundException: EnrollServlet
		at org.apache.catalina.loader.WebappClassLoaderBase.loadClass(WebappClassLoaderBase.java:1449)
		at org.apache.catalina.loader.WebappClassLoaderBase.loadClass(WebappClassLoaderBase.java:1257)
		at org.apache.catalina.core.DefaultInstanceManager.loadClass(DefaultInstanceManager.java:535)
		at org.apache.catalina.core.DefaultInstanceManager.loadClassMaybePrivileged(DefaultInstanceManager.java:516)
		at org.apache.catalina.core.DefaultInstanceManager.newInstance(DefaultInstanceManager.java:150)
		at org.apache.catalina.core.StandardWrapper.loadServlet(StandardWrapper.java:1071)
		at org.apache.catalina.core.StandardWrapper.allocate(StandardWrapper.java:789)
		at org.apache.catalina.core.StandardWrapperValve.invoke(StandardWrapperValve.java:128)
		at org.apache.catalina.core.StandardContextValve.invoke(StandardContextValve.java:97)
		at org.apache.catalina.authenticator.AuthenticatorBase.invoke(AuthenticatorBase.java:542)
		at org.apache.catalina.core.StandardHostValve.invoke(StandardHostValve.java:119)
		at org.apache.catalina.valves.ErrorReportValve.invoke(ErrorReportValve.java:92)
		at org.apache.catalina.valves.AbstractAccessLogValve.invoke(AbstractAccessLogValve.java:690)
		at org.apache.catalina.core.StandardEngineValve.invoke(StandardEngineValve.java:78)
		at org.apache.catalina.connector.CoyoteAdapter.service(CoyoteAdapter.java:356)
		at org.apache.coyote.http11.Http11Processor.service(Http11Processor.java:399)
		at org.apache.coyote.AbstractProcessorLight.process(AbstractProcessorLight.java:65)
		at org.apache.coyote.AbstractProtocol$ConnectionHandler.process(AbstractProtocol.java:870)
		at org.apache.tomcat.util.net.NioEndpoint$SocketProcessor.doRun(NioEndpoint.java:1762)
		at org.apache.tomcat.util.net.SocketProcessorBase.run(SocketProcessorBase.java:49)
		at org.apache.tomcat.util.threads.ThreadPoolExecutor.runWorker(ThreadPoolExecutor.java:1191)
		at org.apache.tomcat.util.threads.ThreadPoolExecutor$Worker.run(ThreadPoolExecutor.java:659)
		at org.apache.tomcat.util.threads.TaskThread$WrappingRunnable.run(TaskThread.java:61)
		at java.lang.Thread.run(Thread.java:750)
12-Mar-2023 17:07:18.012 INFO [http-nio-9999-exec-8] org.apache.catalina.core.ApplicationContext.log AdminFilter:Initializing filter
12-Mar-2023 17:07:44.785 INFO [http-nio-9999-exec-4] org.apache.catalina.core.ApplicationContext.log AdminFilter:Initializing filter
12-Mar-2023 17:08:54.307 INFO [http-nio-9999-exec-18] org.apache.catalina.core.ApplicationContext.log AdminFilter:Initializing filter
12-Mar-2023 17:08:55.313 INFO [Catalina-utility-2] org.apache.catalina.core.ApplicationContext.log AdminFilter:Initializing filter
12-Mar-2023 17:09:02.483 INFO [http-nio-9999-exec-16] org.apache.catalina.core.ApplicationContext.log AdminFilter:Initializing filter
12-Mar-2023 17:14:11.418 INFO [http-nio-9999-exec-25] org.apache.catalina.core.ApplicationContext.log AdminFilter:Initializing filter
12-Mar-2023 17:20:20.699 INFO [http-nio-9999-exec-38] org.apache.catalina.core.ApplicationContext.log AdminFilter:Initializing filter
12-Mar-2023 17:20:22.829 INFO [http-nio-9999-exec-35] org.apache.catalina.core.ApplicationContext.log AdminFilter:Initializing filter
12-Mar-2023 17:21:53.818 INFO [http-nio-9999-exec-43] org.apache.catalina.core.ApplicationContext.log AdminFilter:Initializing filter
12-Mar-2023 17:26:12.883 INFO [http-nio-9999-exec-61] org.apache.catalina.core.ApplicationContext.log AdminFilter:Initializing filter
12-Mar-2023 17:35:17.034 INFO [http-nio-9999-exec-72] org.apache.catalina.core.ApplicationContext.log AdminFilter:Initializing filter
12-Mar-2023 17:43:53.088 INFO [http-nio-9999-exec-75] org.apache.catalina.core.ApplicationContext.log AdminFilter:Initializing filter
12-Mar-2023 17:49:27.188 INFO [http-nio-9999-exec-87] org.apache.catalina.core.ApplicationContext.log AdminFilter:Initializing filter
12-Mar-2023 17:49:39.205 INFO [http-nio-9999-exec-84] org.apache.catalina.core.ApplicationContext.log AdminFilter:Initializing filter
12-Mar-2023 17:49:56.682 INFO [http-nio-9999-exec-83] org.apache.catalina.core.ApplicationContext.log AdminFilter:Initializing filter
12-Mar-2023 17:50:16.551 INFO [http-nio-9999-exec-84] org.apache.catalina.core.ApplicationContext.log AdminFilter:Initializing filter
12-Mar-2023 17:50:31.286 INFO [http-nio-9999-exec-87] org.apache.catalina.core.ApplicationContext.log AdminFilter:Initializing filter
12-Mar-2023 17:51:05.679 INFO [http-nio-9999-exec-98] org.apache.catalina.core.ApplicationContext.log AdminFilter:Initializing filter
12-Mar-2023 17:51:23.805 INFO [http-nio-9999-exec-98] org.apache.catalina.core.ApplicationContext.log AdminFilter:Initializing filter
12-Mar-2023 17:51:28.038 INFO [http-nio-9999-exec-98] org.apache.catalina.core.ApplicationContext.log AdminFilter:Initializing filter
12-Mar-2023 18:02:51.965 INFO [http-nio-9999-exec-111] org.apache.catalina.core.ApplicationContext.log Marking servlet [APIController] as unavailable
12-Mar-2023 18:02:51.965 SEVERE [http-nio-9999-exec-111] org.apache.catalina.core.StandardWrapperValve.invoke Allocate exception for servlet [APIController]
	java.lang.RuntimeException: Uncompilable code - cannot find symbol
  symbol:   class Gson
  location: class controller.APIController
		at controller.APIController.<clinit>(APIController.java:1)
		at sun.reflect.NativeConstructorAccessorImpl.newInstance0(Native Method)
		at sun.reflect.NativeConstructorAccessorImpl.newInstance(NativeConstructorAccessorImpl.java:62)
		at sun.reflect.DelegatingConstructorAccessorImpl.newInstance(DelegatingConstructorAccessorImpl.java:45)
		at java.lang.reflect.Constructor.newInstance(Constructor.java:423)
		at org.apache.catalina.core.DefaultInstanceManager.newInstance(DefaultInstanceManager.java:151)
		at org.apache.catalina.core.StandardWrapper.loadServlet(StandardWrapper.java:1071)
		at org.apache.catalina.core.StandardWrapper.allocate(StandardWrapper.java:789)
		at org.apache.catalina.core.StandardWrapperValve.invoke(StandardWrapperValve.java:128)
		at org.apache.catalina.core.StandardContextValve.invoke(StandardContextValve.java:97)
		at org.apache.catalina.authenticator.AuthenticatorBase.invoke(AuthenticatorBase.java:542)
		at org.apache.catalina.core.StandardHostValve.invoke(StandardHostValve.java:119)
		at org.apache.catalina.valves.ErrorReportValve.invoke(ErrorReportValve.java:92)
		at org.apache.catalina.valves.AbstractAccessLogValve.invoke(AbstractAccessLogValve.java:690)
		at org.apache.catalina.core.StandardEngineValve.invoke(StandardEngineValve.java:78)
		at org.apache.catalina.connector.CoyoteAdapter.service(CoyoteAdapter.java:356)
		at org.apache.coyote.http11.Http11Processor.service(Http11Processor.java:399)
		at org.apache.coyote.AbstractProcessorLight.process(AbstractProcessorLight.java:65)
		at org.apache.coyote.AbstractProtocol$ConnectionHandler.process(AbstractProtocol.java:870)
		at org.apache.tomcat.util.net.NioEndpoint$SocketProcessor.doRun(NioEndpoint.java:1762)
		at org.apache.tomcat.util.net.SocketProcessorBase.run(SocketProcessorBase.java:49)
		at org.apache.tomcat.util.threads.ThreadPoolExecutor.runWorker(ThreadPoolExecutor.java:1191)
		at org.apache.tomcat.util.threads.ThreadPoolExecutor$Worker.run(ThreadPoolExecutor.java:659)
		at org.apache.tomcat.util.threads.TaskThread$WrappingRunnable.run(TaskThread.java:61)
		at java.lang.Thread.run(Thread.java:750)
12-Mar-2023 18:04:17.616 INFO [http-nio-9999-exec-111] org.apache.catalina.core.ApplicationContext.log AdminFilter:Initializing filter
12-Mar-2023 18:04:47.019 INFO [http-nio-9999-exec-115] org.apache.catalina.core.ApplicationContext.log AdminFilter:Initializing filter
12-Mar-2023 18:04:47.705 INFO [http-nio-9999-exec-116] org.apache.catalina.core.ApplicationContext.log AdminFilter:Initializing filter
12-Mar-2023 18:06:02.921 INFO [http-nio-9999-exec-118] org.apache.catalina.core.ApplicationContext.log AdminFilter:Initializing filter
12-Mar-2023 18:06:10.790 INFO [Catalina-utility-2] org.apache.catalina.core.ApplicationContext.log AdminFilter:Initializing filter
12-Mar-2023 18:07:07.050 INFO [http-nio-9999-exec-106] org.apache.catalina.core.ApplicationContext.log AdminFilter:Initializing filter
12-Mar-2023 18:09:53.159 INFO [http-nio-9999-exec-124] org.apache.catalina.core.ApplicationContext.log AdminFilter:Initializing filter
12-Mar-2023 18:10:02.490 INFO [http-nio-9999-exec-106] org.apache.catalina.core.ApplicationContext.log AdminFilter:Initializing filter
12-Mar-2023 18:10:03.207 INFO [http-nio-9999-exec-123] org.apache.catalina.core.ApplicationContext.log AdminFilter:Initializing filter
12-Mar-2023 18:10:08.814 INFO [http-nio-9999-exec-120] org.apache.catalina.core.ApplicationContext.log AdminFilter:Initializing filter
12-Mar-2023 18:11:19.513 INFO [http-nio-9999-exec-115] org.apache.catalina.core.ApplicationContext.log AdminFilter:Initializing filter
12-Mar-2023 18:14:15.973 INFO [http-nio-9999-exec-141] org.apache.catalina.core.ApplicationContext.log AdminFilter:Initializing filter
12-Mar-2023 18:14:34.094 INFO [http-nio-9999-exec-144] org.apache.catalina.core.ApplicationContext.log AdminFilter:Initializing filter
12-Mar-2023 18:15:07.036 INFO [http-nio-9999-exec-151] org.apache.catalina.core.ApplicationContext.log AdminFilter:Initializing filter
12-Mar-2023 18:17:21.370 INFO [http-nio-9999-exec-162] org.apache.catalina.core.ApplicationContext.log AdminFilter:Initializing filter
12-Mar-2023 18:17:24.810 INFO [http-nio-9999-exec-164] org.apache.catalina.core.ApplicationContext.log AdminFilter:Initializing filter
12-Mar-2023 18:38:06.088 INFO [http-nio-9999-exec-171] org.apache.catalina.core.ApplicationContext.log AdminFilter:Initializing filter
12-Mar-2023 18:38:11.837 INFO [http-nio-9999-exec-168] org.apache.catalina.core.ApplicationContext.log AdminFilter:Initializing filter
12-Mar-2023 18:42:31.183 INFO [http-nio-9999-exec-179] org.apache.catalina.core.ApplicationContext.log AdminFilter:Initializing filter
12-Mar-2023 18:43:38.512 INFO [http-nio-9999-exec-190] org.apache.catalina.core.ApplicationContext.log AdminFilter:Initializing filter
12-Mar-2023 19:28:24.322 INFO [http-nio-9999-exec-201] org.apache.catalina.core.ApplicationContext.log AdminFilter:Initializing filter
12-Mar-2023 20:03:17.268 SEVERE [http-nio-9999-exec-209] org.apache.catalina.core.ApplicationDispatcher.invoke Servlet.service() for servlet [jsp] threw exception
	org.apache.jasper.JasperException: /productlist_1.jsp (line: [96], column: [1]) Page directive must not have multiple occurrences of pageencoding
		at org.apache.jasper.compiler.DefaultErrorHandler.jspError(DefaultErrorHandler.java:41)
		at org.apache.jasper.compiler.ErrorDispatcher.dispatch(ErrorDispatcher.java:292)
		at org.apache.jasper.compiler.ErrorDispatcher.jspError(ErrorDispatcher.java:115)
		at org.apache.jasper.compiler.Validator$DirectiveVisitor.visit(Validator.java:200)
		at org.apache.jasper.compiler.Node$PageDirective.accept(Node.java:581)
		at org.apache.jasper.compiler.Node$Nodes.visit(Node.java:2386)
		at org.apache.jasper.compiler.Node$Visitor.visitBody(Node.java:2438)
		at org.apache.jasper.compiler.Node$Visitor.visit(Node.java:2444)
		at org.apache.jasper.compiler.Node$Root.accept(Node.java:472)
		at org.apache.jasper.compiler.Node$Nodes.visit(Node.java:2386)
		at org.apache.jasper.compiler.Validator.validateDirectives(Validator.java:1829)
		at org.apache.jasper.compiler.Compiler.generateJava(Compiler.java:203)
		at org.apache.jasper.compiler.Compiler.compile(Compiler.java:391)
		at org.apache.jasper.compiler.Compiler.compile(Compiler.java:367)
		at org.apache.jasper.compiler.Compiler.compile(Compiler.java:351)
		at org.apache.jasper.JspCompilationContext.compile(JspCompilationContext.java:603)
		at org.apache.jasper.servlet.JspServletWrapper.service(JspServletWrapper.java:399)
		at org.apache.jasper.servlet.JspServlet.serviceJspFile(JspServlet.java:380)
		at org.apache.jasper.servlet.JspServlet.service(JspServlet.java:328)
		at jakarta.servlet.http.HttpServlet.service(HttpServlet.java:792)
		at org.apache.catalina.core.ApplicationFilterChain.internalDoFilter(ApplicationFilterChain.java:223)
		at org.apache.catalina.core.ApplicationFilterChain.doFilter(ApplicationFilterChain.java:158)
		at org.apache.tomcat.websocket.server.WsFilter.doFilter(WsFilter.java:53)
		at org.apache.catalina.core.ApplicationFilterChain.internalDoFilter(ApplicationFilterChain.java:185)
		at org.apache.catalina.core.ApplicationFilterChain.doFilter(ApplicationFilterChain.java:158)
		at org.apache.catalina.core.ApplicationDispatcher.invoke(ApplicationDispatcher.java:691)
		at org.apache.catalina.core.ApplicationDispatcher.processRequest(ApplicationDispatcher.java:441)
		at org.apache.catalina.core.ApplicationDispatcher.doForward(ApplicationDispatcher.java:367)
		at org.apache.catalina.core.ApplicationDispatcher.forward(ApplicationDispatcher.java:295)
		at controller.ProductList1.doGet(ProductList1.java:101)
		at jakarta.servlet.http.HttpServlet.service(HttpServlet.java:683)
		at jakarta.servlet.http.HttpServlet.service(HttpServlet.java:792)
		at org.apache.catalina.core.ApplicationFilterChain.internalDoFilter(ApplicationFilterChain.java:223)
		at org.apache.catalina.core.ApplicationFilterChain.doFilter(ApplicationFilterChain.java:158)
		at org.apache.tomcat.websocket.server.WsFilter.doFilter(WsFilter.java:53)
		at org.apache.catalina.core.ApplicationFilterChain.internalDoFilter(ApplicationFilterChain.java:185)
		at org.apache.catalina.core.ApplicationFilterChain.doFilter(ApplicationFilterChain.java:158)
		at org.apache.catalina.core.StandardWrapperValve.invoke(StandardWrapperValve.java:197)
		at org.apache.catalina.core.StandardContextValve.invoke(StandardContextValve.java:97)
		at org.apache.catalina.authenticator.AuthenticatorBase.invoke(AuthenticatorBase.java:542)
		at org.apache.catalina.core.StandardHostValve.invoke(StandardHostValve.java:119)
		at org.apache.catalina.valves.ErrorReportValve.invoke(ErrorReportValve.java:92)
		at org.apache.catalina.valves.AbstractAccessLogValve.invoke(AbstractAccessLogValve.java:690)
		at org.apache.catalina.core.StandardEngineValve.invoke(StandardEngineValve.java:78)
		at org.apache.catalina.connector.CoyoteAdapter.service(CoyoteAdapter.java:356)
		at org.apache.coyote.http11.Http11Processor.service(Http11Processor.java:399)
		at org.apache.coyote.AbstractProcessorLight.process(AbstractProcessorLight.java:65)
		at org.apache.coyote.AbstractProtocol$ConnectionHandler.process(AbstractProtocol.java:870)
		at org.apache.tomcat.util.net.NioEndpoint$SocketProcessor.doRun(NioEndpoint.java:1762)
		at org.apache.tomcat.util.net.SocketProcessorBase.run(SocketProcessorBase.java:49)
		at org.apache.tomcat.util.threads.ThreadPoolExecutor.runWorker(ThreadPoolExecutor.java:1191)
		at org.apache.tomcat.util.threads.ThreadPoolExecutor$Worker.run(ThreadPoolExecutor.java:659)
		at org.apache.tomcat.util.threads.TaskThread$WrappingRunnable.run(TaskThread.java:61)
		at java.lang.Thread.run(Thread.java:750)
12-Mar-2023 20:03:17.268 SEVERE [http-nio-9999-exec-209] org.apache.catalina.core.StandardWrapperValve.invoke Servlet.service() for servlet [ManageProduct] in context with path [/Assignment] threw exception [/productlist_1.jsp (line: [96], column: [1]) Page directive must not have multiple occurrences of pageencoding] with root cause
	org.apache.jasper.JasperException: /productlist_1.jsp (line: [96], column: [1]) Page directive must not have multiple occurrences of pageencoding
		at org.apache.jasper.compiler.DefaultErrorHandler.jspError(DefaultErrorHandler.java:41)
		at org.apache.jasper.compiler.ErrorDispatcher.dispatch(ErrorDispatcher.java:292)
		at org.apache.jasper.compiler.ErrorDispatcher.jspError(ErrorDispatcher.java:115)
		at org.apache.jasper.compiler.Validator$DirectiveVisitor.visit(Validator.java:200)
		at org.apache.jasper.compiler.Node$PageDirective.accept(Node.java:581)
		at org.apache.jasper.compiler.Node$Nodes.visit(Node.java:2386)
		at org.apache.jasper.compiler.Node$Visitor.visitBody(Node.java:2438)
		at org.apache.jasper.compiler.Node$Visitor.visit(Node.java:2444)
		at org.apache.jasper.compiler.Node$Root.accept(Node.java:472)
		at org.apache.jasper.compiler.Node$Nodes.visit(Node.java:2386)
		at org.apache.jasper.compiler.Validator.validateDirectives(Validator.java:1829)
		at org.apache.jasper.compiler.Compiler.generateJava(Compiler.java:203)
		at org.apache.jasper.compiler.Compiler.compile(Compiler.java:391)
		at org.apache.jasper.compiler.Compiler.compile(Compiler.java:367)
		at org.apache.jasper.compiler.Compiler.compile(Compiler.java:351)
		at org.apache.jasper.JspCompilationContext.compile(JspCompilationContext.java:603)
		at org.apache.jasper.servlet.JspServletWrapper.service(JspServletWrapper.java:399)
		at org.apache.jasper.servlet.JspServlet.serviceJspFile(JspServlet.java:380)
		at org.apache.jasper.servlet.JspServlet.service(JspServlet.java:328)
		at jakarta.servlet.http.HttpServlet.service(HttpServlet.java:792)
		at org.apache.catalina.core.ApplicationFilterChain.internalDoFilter(ApplicationFilterChain.java:223)
		at org.apache.catalina.core.ApplicationFilterChain.doFilter(ApplicationFilterChain.java:158)
		at org.apache.tomcat.websocket.server.WsFilter.doFilter(WsFilter.java:53)
		at org.apache.catalina.core.ApplicationFilterChain.internalDoFilter(ApplicationFilterChain.java:185)
		at org.apache.catalina.core.ApplicationFilterChain.doFilter(ApplicationFilterChain.java:158)
		at org.apache.catalina.core.ApplicationDispatcher.invoke(ApplicationDispatcher.java:691)
		at org.apache.catalina.core.ApplicationDispatcher.processRequest(ApplicationDispatcher.java:441)
		at org.apache.catalina.core.ApplicationDispatcher.doForward(ApplicationDispatcher.java:367)
		at org.apache.catalina.core.ApplicationDispatcher.forward(ApplicationDispatcher.java:295)
		at controller.ProductList1.doGet(ProductList1.java:101)
		at jakarta.servlet.http.HttpServlet.service(HttpServlet.java:683)
		at jakarta.servlet.http.HttpServlet.service(HttpServlet.java:792)
		at org.apache.catalina.core.ApplicationFilterChain.internalDoFilter(ApplicationFilterChain.java:223)
		at org.apache.catalina.core.ApplicationFilterChain.doFilter(ApplicationFilterChain.java:158)
		at org.apache.tomcat.websocket.server.WsFilter.doFilter(WsFilter.java:53)
		at org.apache.catalina.core.ApplicationFilterChain.internalDoFilter(ApplicationFilterChain.java:185)
		at org.apache.catalina.core.ApplicationFilterChain.doFilter(ApplicationFilterChain.java:158)
		at org.apache.catalina.core.StandardWrapperValve.invoke(StandardWrapperValve.java:197)
		at org.apache.catalina.core.StandardContextValve.invoke(StandardContextValve.java:97)
		at org.apache.catalina.authenticator.AuthenticatorBase.invoke(AuthenticatorBase.java:542)
		at org.apache.catalina.core.StandardHostValve.invoke(StandardHostValve.java:119)
		at org.apache.catalina.valves.ErrorReportValve.invoke(ErrorReportValve.java:92)
		at org.apache.catalina.valves.AbstractAccessLogValve.invoke(AbstractAccessLogValve.java:690)
		at org.apache.catalina.core.StandardEngineValve.invoke(StandardEngineValve.java:78)
		at org.apache.catalina.connector.CoyoteAdapter.service(CoyoteAdapter.java:356)
		at org.apache.coyote.http11.Http11Processor.service(Http11Processor.java:399)
		at org.apache.coyote.AbstractProcessorLight.process(AbstractProcessorLight.java:65)
		at org.apache.coyote.AbstractProtocol$ConnectionHandler.process(AbstractProtocol.java:870)
		at org.apache.tomcat.util.net.NioEndpoint$SocketProcessor.doRun(NioEndpoint.java:1762)
		at org.apache.tomcat.util.net.SocketProcessorBase.run(SocketProcessorBase.java:49)
		at org.apache.tomcat.util.threads.ThreadPoolExecutor.runWorker(ThreadPoolExecutor.java:1191)
		at org.apache.tomcat.util.threads.ThreadPoolExecutor$Worker.run(ThreadPoolExecutor.java:659)
		at org.apache.tomcat.util.threads.TaskThread$WrappingRunnable.run(TaskThread.java:61)
		at java.lang.Thread.run(Thread.java:750)
12-Mar-2023 20:11:32.237 SEVERE [http-nio-9999-exec-206] org.apache.catalina.core.ApplicationDispatcher.invoke Servlet.service() for servlet [jsp] threw exception
	org.apache.jasper.JasperException: /productlist_1.jsp (line: [96], column: [1]) Page directive must not have multiple occurrences of pageencoding
		at org.apache.jasper.compiler.DefaultErrorHandler.jspError(DefaultErrorHandler.java:41)
		at org.apache.jasper.compiler.ErrorDispatcher.dispatch(ErrorDispatcher.java:292)
		at org.apache.jasper.compiler.ErrorDispatcher.jspError(ErrorDispatcher.java:115)
		at org.apache.jasper.compiler.Validator$DirectiveVisitor.visit(Validator.java:200)
		at org.apache.jasper.compiler.Node$PageDirective.accept(Node.java:581)
		at org.apache.jasper.compiler.Node$Nodes.visit(Node.java:2386)
		at org.apache.jasper.compiler.Node$Visitor.visitBody(Node.java:2438)
		at org.apache.jasper.compiler.Node$Visitor.visit(Node.java:2444)
		at org.apache.jasper.compiler.Node$Root.accept(Node.java:472)
		at org.apache.jasper.compiler.Node$Nodes.visit(Node.java:2386)
		at org.apache.jasper.compiler.Validator.validateDirectives(Validator.java:1829)
		at org.apache.jasper.compiler.Compiler.generateJava(Compiler.java:203)
		at org.apache.jasper.compiler.Compiler.compile(Compiler.java:391)
		at org.apache.jasper.compiler.Compiler.compile(Compiler.java:367)
		at org.apache.jasper.compiler.Compiler.compile(Compiler.java:351)
		at org.apache.jasper.JspCompilationContext.compile(JspCompilationContext.java:603)
		at org.apache.jasper.servlet.JspServletWrapper.service(JspServletWrapper.java:399)
		at org.apache.jasper.servlet.JspServlet.serviceJspFile(JspServlet.java:380)
		at org.apache.jasper.servlet.JspServlet.service(JspServlet.java:328)
		at jakarta.servlet.http.HttpServlet.service(HttpServlet.java:792)
		at org.apache.catalina.core.ApplicationFilterChain.internalDoFilter(ApplicationFilterChain.java:223)
		at org.apache.catalina.core.ApplicationFilterChain.doFilter(ApplicationFilterChain.java:158)
		at org.apache.tomcat.websocket.server.WsFilter.doFilter(WsFilter.java:53)
		at org.apache.catalina.core.ApplicationFilterChain.internalDoFilter(ApplicationFilterChain.java:185)
		at org.apache.catalina.core.ApplicationFilterChain.doFilter(ApplicationFilterChain.java:158)
		at org.apache.catalina.core.ApplicationDispatcher.invoke(ApplicationDispatcher.java:691)
		at org.apache.catalina.core.ApplicationDispatcher.processRequest(ApplicationDispatcher.java:441)
		at org.apache.catalina.core.ApplicationDispatcher.doForward(ApplicationDispatcher.java:367)
		at org.apache.catalina.core.ApplicationDispatcher.forward(ApplicationDispatcher.java:295)
		at controller.ProductList1.doGet(ProductList1.java:101)
		at jakarta.servlet.http.HttpServlet.service(HttpServlet.java:683)
		at jakarta.servlet.http.HttpServlet.service(HttpServlet.java:792)
		at org.apache.catalina.core.ApplicationFilterChain.internalDoFilter(ApplicationFilterChain.java:223)
		at org.apache.catalina.core.ApplicationFilterChain.doFilter(ApplicationFilterChain.java:158)
		at org.apache.tomcat.websocket.server.WsFilter.doFilter(WsFilter.java:53)
		at org.apache.catalina.core.ApplicationFilterChain.internalDoFilter(ApplicationFilterChain.java:185)
		at org.apache.catalina.core.ApplicationFilterChain.doFilter(ApplicationFilterChain.java:158)
		at org.apache.catalina.core.StandardWrapperValve.invoke(StandardWrapperValve.java:197)
		at org.apache.catalina.core.StandardContextValve.invoke(StandardContextValve.java:97)
		at org.apache.catalina.authenticator.AuthenticatorBase.invoke(AuthenticatorBase.java:542)
		at org.apache.catalina.core.StandardHostValve.invoke(StandardHostValve.java:119)
		at org.apache.catalina.valves.ErrorReportValve.invoke(ErrorReportValve.java:92)
		at org.apache.catalina.valves.AbstractAccessLogValve.invoke(AbstractAccessLogValve.java:690)
		at org.apache.catalina.core.StandardEngineValve.invoke(StandardEngineValve.java:78)
		at org.apache.catalina.connector.CoyoteAdapter.service(CoyoteAdapter.java:356)
		at org.apache.coyote.http11.Http11Processor.service(Http11Processor.java:399)
		at org.apache.coyote.AbstractProcessorLight.process(AbstractProcessorLight.java:65)
		at org.apache.coyote.AbstractProtocol$ConnectionHandler.process(AbstractProtocol.java:870)
		at org.apache.tomcat.util.net.NioEndpoint$SocketProcessor.doRun(NioEndpoint.java:1762)
		at org.apache.tomcat.util.net.SocketProcessorBase.run(SocketProcessorBase.java:49)
		at org.apache.tomcat.util.threads.ThreadPoolExecutor.runWorker(ThreadPoolExecutor.java:1191)
		at org.apache.tomcat.util.threads.ThreadPoolExecutor$Worker.run(ThreadPoolExecutor.java:659)
		at org.apache.tomcat.util.threads.TaskThread$WrappingRunnable.run(TaskThread.java:61)
		at java.lang.Thread.run(Thread.java:750)
12-Mar-2023 20:11:32.237 SEVERE [http-nio-9999-exec-206] org.apache.catalina.core.StandardWrapperValve.invoke Servlet.service() for servlet [ManageProduct] in context with path [/Assignment] threw exception [/productlist_1.jsp (line: [96], column: [1]) Page directive must not have multiple occurrences of pageencoding] with root cause
	org.apache.jasper.JasperException: /productlist_1.jsp (line: [96], column: [1]) Page directive must not have multiple occurrences of pageencoding
		at org.apache.jasper.compiler.DefaultErrorHandler.jspError(DefaultErrorHandler.java:41)
		at org.apache.jasper.compiler.ErrorDispatcher.dispatch(ErrorDispatcher.java:292)
		at org.apache.jasper.compiler.ErrorDispatcher.jspError(ErrorDispatcher.java:115)
		at org.apache.jasper.compiler.Validator$DirectiveVisitor.visit(Validator.java:200)
		at org.apache.jasper.compiler.Node$PageDirective.accept(Node.java:581)
		at org.apache.jasper.compiler.Node$Nodes.visit(Node.java:2386)
		at org.apache.jasper.compiler.Node$Visitor.visitBody(Node.java:2438)
		at org.apache.jasper.compiler.Node$Visitor.visit(Node.java:2444)
		at org.apache.jasper.compiler.Node$Root.accept(Node.java:472)
		at org.apache.jasper.compiler.Node$Nodes.visit(Node.java:2386)
		at org.apache.jasper.compiler.Validator.validateDirectives(Validator.java:1829)
		at org.apache.jasper.compiler.Compiler.generateJava(Compiler.java:203)
		at org.apache.jasper.compiler.Compiler.compile(Compiler.java:391)
		at org.apache.jasper.compiler.Compiler.compile(Compiler.java:367)
		at org.apache.jasper.compiler.Compiler.compile(Compiler.java:351)
		at org.apache.jasper.JspCompilationContext.compile(JspCompilationContext.java:603)
		at org.apache.jasper.servlet.JspServletWrapper.service(JspServletWrapper.java:399)
		at org.apache.jasper.servlet.JspServlet.serviceJspFile(JspServlet.java:380)
		at org.apache.jasper.servlet.JspServlet.service(JspServlet.java:328)
		at jakarta.servlet.http.HttpServlet.service(HttpServlet.java:792)
		at org.apache.catalina.core.ApplicationFilterChain.internalDoFilter(ApplicationFilterChain.java:223)
		at org.apache.catalina.core.ApplicationFilterChain.doFilter(ApplicationFilterChain.java:158)
		at org.apache.tomcat.websocket.server.WsFilter.doFilter(WsFilter.java:53)
		at org.apache.catalina.core.ApplicationFilterChain.internalDoFilter(ApplicationFilterChain.java:185)
		at org.apache.catalina.core.ApplicationFilterChain.doFilter(ApplicationFilterChain.java:158)
		at org.apache.catalina.core.ApplicationDispatcher.invoke(ApplicationDispatcher.java:691)
		at org.apache.catalina.core.ApplicationDispatcher.processRequest(ApplicationDispatcher.java:441)
		at org.apache.catalina.core.ApplicationDispatcher.doForward(ApplicationDispatcher.java:367)
		at org.apache.catalina.core.ApplicationDispatcher.forward(ApplicationDispatcher.java:295)
		at controller.ProductList1.doGet(ProductList1.java:101)
		at jakarta.servlet.http.HttpServlet.service(HttpServlet.java:683)
		at jakarta.servlet.http.HttpServlet.service(HttpServlet.java:792)
		at org.apache.catalina.core.ApplicationFilterChain.internalDoFilter(ApplicationFilterChain.java:223)
		at org.apache.catalina.core.ApplicationFilterChain.doFilter(ApplicationFilterChain.java:158)
		at org.apache.tomcat.websocket.server.WsFilter.doFilter(WsFilter.java:53)
		at org.apache.catalina.core.ApplicationFilterChain.internalDoFilter(ApplicationFilterChain.java:185)
		at org.apache.catalina.core.ApplicationFilterChain.doFilter(ApplicationFilterChain.java:158)
		at org.apache.catalina.core.StandardWrapperValve.invoke(StandardWrapperValve.java:197)
		at org.apache.catalina.core.StandardContextValve.invoke(StandardContextValve.java:97)
		at org.apache.catalina.authenticator.AuthenticatorBase.invoke(AuthenticatorBase.java:542)
		at org.apache.catalina.core.StandardHostValve.invoke(StandardHostValve.java:119)
		at org.apache.catalina.valves.ErrorReportValve.invoke(ErrorReportValve.java:92)
		at org.apache.catalina.valves.AbstractAccessLogValve.invoke(AbstractAccessLogValve.java:690)
		at org.apache.catalina.core.StandardEngineValve.invoke(StandardEngineValve.java:78)
		at org.apache.catalina.connector.CoyoteAdapter.service(CoyoteAdapter.java:356)
		at org.apache.coyote.http11.Http11Processor.service(Http11Processor.java:399)
		at org.apache.coyote.AbstractProcessorLight.process(AbstractProcessorLight.java:65)
		at org.apache.coyote.AbstractProtocol$ConnectionHandler.process(AbstractProtocol.java:870)
		at org.apache.tomcat.util.net.NioEndpoint$SocketProcessor.doRun(NioEndpoint.java:1762)
		at org.apache.tomcat.util.net.SocketProcessorBase.run(SocketProcessorBase.java:49)
		at org.apache.tomcat.util.threads.ThreadPoolExecutor.runWorker(ThreadPoolExecutor.java:1191)
		at org.apache.tomcat.util.threads.ThreadPoolExecutor$Worker.run(ThreadPoolExecutor.java:659)
		at org.apache.tomcat.util.threads.TaskThread$WrappingRunnable.run(TaskThread.java:61)
		at java.lang.Thread.run(Thread.java:750)
12-Mar-2023 20:11:38.026 SEVERE [http-nio-9999-exec-208] org.apache.catalina.core.ApplicationDispatcher.invoke Servlet.service() for servlet [jsp] threw exception
	org.apache.jasper.JasperException: /productlist_1.jsp (line: [96], column: [1]) Page directive must not have multiple occurrences of pageencoding
		at org.apache.jasper.compiler.DefaultErrorHandler.jspError(DefaultErrorHandler.java:41)
		at org.apache.jasper.compiler.ErrorDispatcher.dispatch(ErrorDispatcher.java:292)
		at org.apache.jasper.compiler.ErrorDispatcher.jspError(ErrorDispatcher.java:115)
		at org.apache.jasper.compiler.Validator$DirectiveVisitor.visit(Validator.java:200)
		at org.apache.jasper.compiler.Node$PageDirective.accept(Node.java:581)
		at org.apache.jasper.compiler.Node$Nodes.visit(Node.java:2386)
		at org.apache.jasper.compiler.Node$Visitor.visitBody(Node.java:2438)
		at org.apache.jasper.compiler.Node$Visitor.visit(Node.java:2444)
		at org.apache.jasper.compiler.Node$Root.accept(Node.java:472)
		at org.apache.jasper.compiler.Node$Nodes.visit(Node.java:2386)
		at org.apache.jasper.compiler.Validator.validateDirectives(Validator.java:1829)
		at org.apache.jasper.compiler.Compiler.generateJava(Compiler.java:203)
		at org.apache.jasper.compiler.Compiler.compile(Compiler.java:391)
		at org.apache.jasper.compiler.Compiler.compile(Compiler.java:367)
		at org.apache.jasper.compiler.Compiler.compile(Compiler.java:351)
		at org.apache.jasper.JspCompilationContext.compile(JspCompilationContext.java:603)
		at org.apache.jasper.servlet.JspServletWrapper.service(JspServletWrapper.java:399)
		at org.apache.jasper.servlet.JspServlet.serviceJspFile(JspServlet.java:380)
		at org.apache.jasper.servlet.JspServlet.service(JspServlet.java:328)
		at jakarta.servlet.http.HttpServlet.service(HttpServlet.java:792)
		at org.apache.catalina.core.ApplicationFilterChain.internalDoFilter(ApplicationFilterChain.java:223)
		at org.apache.catalina.core.ApplicationFilterChain.doFilter(ApplicationFilterChain.java:158)
		at org.apache.tomcat.websocket.server.WsFilter.doFilter(WsFilter.java:53)
		at org.apache.catalina.core.ApplicationFilterChain.internalDoFilter(ApplicationFilterChain.java:185)
		at org.apache.catalina.core.ApplicationFilterChain.doFilter(ApplicationFilterChain.java:158)
		at org.apache.catalina.core.ApplicationDispatcher.invoke(ApplicationDispatcher.java:691)
		at org.apache.catalina.core.ApplicationDispatcher.processRequest(ApplicationDispatcher.java:441)
		at org.apache.catalina.core.ApplicationDispatcher.doForward(ApplicationDispatcher.java:367)
		at org.apache.catalina.core.ApplicationDispatcher.forward(ApplicationDispatcher.java:295)
		at controller.ProductList1.doGet(ProductList1.java:101)
		at jakarta.servlet.http.HttpServlet.service(HttpServlet.java:683)
		at jakarta.servlet.http.HttpServlet.service(HttpServlet.java:792)
		at org.apache.catalina.core.ApplicationFilterChain.internalDoFilter(ApplicationFilterChain.java:223)
		at org.apache.catalina.core.ApplicationFilterChain.doFilter(ApplicationFilterChain.java:158)
		at org.apache.tomcat.websocket.server.WsFilter.doFilter(WsFilter.java:53)
		at org.apache.catalina.core.ApplicationFilterChain.internalDoFilter(ApplicationFilterChain.java:185)
		at org.apache.catalina.core.ApplicationFilterChain.doFilter(ApplicationFilterChain.java:158)
		at org.apache.catalina.core.StandardWrapperValve.invoke(StandardWrapperValve.java:197)
		at org.apache.catalina.core.StandardContextValve.invoke(StandardContextValve.java:97)
		at org.apache.catalina.authenticator.AuthenticatorBase.invoke(AuthenticatorBase.java:542)
		at org.apache.catalina.core.StandardHostValve.invoke(StandardHostValve.java:119)
		at org.apache.catalina.valves.ErrorReportValve.invoke(ErrorReportValve.java:92)
		at org.apache.catalina.valves.AbstractAccessLogValve.invoke(AbstractAccessLogValve.java:690)
		at org.apache.catalina.core.StandardEngineValve.invoke(StandardEngineValve.java:78)
		at org.apache.catalina.connector.CoyoteAdapter.service(CoyoteAdapter.java:356)
		at org.apache.coyote.http11.Http11Processor.service(Http11Processor.java:399)
		at org.apache.coyote.AbstractProcessorLight.process(AbstractProcessorLight.java:65)
		at org.apache.coyote.AbstractProtocol$ConnectionHandler.process(AbstractProtocol.java:870)
		at org.apache.tomcat.util.net.NioEndpoint$SocketProcessor.doRun(NioEndpoint.java:1762)
		at org.apache.tomcat.util.net.SocketProcessorBase.run(SocketProcessorBase.java:49)
		at org.apache.tomcat.util.threads.ThreadPoolExecutor.runWorker(ThreadPoolExecutor.java:1191)
		at org.apache.tomcat.util.threads.ThreadPoolExecutor$Worker.run(ThreadPoolExecutor.java:659)
		at org.apache.tomcat.util.threads.TaskThread$WrappingRunnable.run(TaskThread.java:61)
		at java.lang.Thread.run(Thread.java:750)
12-Mar-2023 20:11:38.026 SEVERE [http-nio-9999-exec-208] org.apache.catalina.core.StandardWrapperValve.invoke Servlet.service() for servlet [ManageProduct] in context with path [/Assignment] threw exception [/productlist_1.jsp (line: [96], column: [1]) Page directive must not have multiple occurrences of pageencoding] with root cause
	org.apache.jasper.JasperException: /productlist_1.jsp (line: [96], column: [1]) Page directive must not have multiple occurrences of pageencoding
		at org.apache.jasper.compiler.DefaultErrorHandler.jspError(DefaultErrorHandler.java:41)
		at org.apache.jasper.compiler.ErrorDispatcher.dispatch(ErrorDispatcher.java:292)
		at org.apache.jasper.compiler.ErrorDispatcher.jspError(ErrorDispatcher.java:115)
		at org.apache.jasper.compiler.Validator$DirectiveVisitor.visit(Validator.java:200)
		at org.apache.jasper.compiler.Node$PageDirective.accept(Node.java:581)
		at org.apache.jasper.compiler.Node$Nodes.visit(Node.java:2386)
		at org.apache.jasper.compiler.Node$Visitor.visitBody(Node.java:2438)
		at org.apache.jasper.compiler.Node$Visitor.visit(Node.java:2444)
		at org.apache.jasper.compiler.Node$Root.accept(Node.java:472)
		at org.apache.jasper.compiler.Node$Nodes.visit(Node.java:2386)
		at org.apache.jasper.compiler.Validator.validateDirectives(Validator.java:1829)
		at org.apache.jasper.compiler.Compiler.generateJava(Compiler.java:203)
		at org.apache.jasper.compiler.Compiler.compile(Compiler.java:391)
		at org.apache.jasper.compiler.Compiler.compile(Compiler.java:367)
		at org.apache.jasper.compiler.Compiler.compile(Compiler.java:351)
		at org.apache.jasper.JspCompilationContext.compile(JspCompilationContext.java:603)
		at org.apache.jasper.servlet.JspServletWrapper.service(JspServletWrapper.java:399)
		at org.apache.jasper.servlet.JspServlet.serviceJspFile(JspServlet.java:380)
		at org.apache.jasper.servlet.JspServlet.service(JspServlet.java:328)
		at jakarta.servlet.http.HttpServlet.service(HttpServlet.java:792)
		at org.apache.catalina.core.ApplicationFilterChain.internalDoFilter(ApplicationFilterChain.java:223)
		at org.apache.catalina.core.ApplicationFilterChain.doFilter(ApplicationFilterChain.java:158)
		at org.apache.tomcat.websocket.server.WsFilter.doFilter(WsFilter.java:53)
		at org.apache.catalina.core.ApplicationFilterChain.internalDoFilter(ApplicationFilterChain.java:185)
		at org.apache.catalina.core.ApplicationFilterChain.doFilter(ApplicationFilterChain.java:158)
		at org.apache.catalina.core.ApplicationDispatcher.invoke(ApplicationDispatcher.java:691)
		at org.apache.catalina.core.ApplicationDispatcher.processRequest(ApplicationDispatcher.java:441)
		at org.apache.catalina.core.ApplicationDispatcher.doForward(ApplicationDispatcher.java:367)
		at org.apache.catalina.core.ApplicationDispatcher.forward(ApplicationDispatcher.java:295)
		at controller.ProductList1.doGet(ProductList1.java:101)
		at jakarta.servlet.http.HttpServlet.service(HttpServlet.java:683)
		at jakarta.servlet.http.HttpServlet.service(HttpServlet.java:792)
		at org.apache.catalina.core.ApplicationFilterChain.internalDoFilter(ApplicationFilterChain.java:223)
		at org.apache.catalina.core.ApplicationFilterChain.doFilter(ApplicationFilterChain.java:158)
		at org.apache.tomcat.websocket.server.WsFilter.doFilter(WsFilter.java:53)
		at org.apache.catalina.core.ApplicationFilterChain.internalDoFilter(ApplicationFilterChain.java:185)
		at org.apache.catalina.core.ApplicationFilterChain.doFilter(ApplicationFilterChain.java:158)
		at org.apache.catalina.core.StandardWrapperValve.invoke(StandardWrapperValve.java:197)
		at org.apache.catalina.core.StandardContextValve.invoke(StandardContextValve.java:97)
		at org.apache.catalina.authenticator.AuthenticatorBase.invoke(AuthenticatorBase.java:542)
		at org.apache.catalina.core.StandardHostValve.invoke(StandardHostValve.java:119)
		at org.apache.catalina.valves.ErrorReportValve.invoke(ErrorReportValve.java:92)
		at org.apache.catalina.valves.AbstractAccessLogValve.invoke(AbstractAccessLogValve.java:690)
		at org.apache.catalina.core.StandardEngineValve.invoke(StandardEngineValve.java:78)
		at org.apache.catalina.connector.CoyoteAdapter.service(CoyoteAdapter.java:356)
		at org.apache.coyote.http11.Http11Processor.service(Http11Processor.java:399)
		at org.apache.coyote.AbstractProcessorLight.process(AbstractProcessorLight.java:65)
		at org.apache.coyote.AbstractProtocol$ConnectionHandler.process(AbstractProtocol.java:870)
		at org.apache.tomcat.util.net.NioEndpoint$SocketProcessor.doRun(NioEndpoint.java:1762)
		at org.apache.tomcat.util.net.SocketProcessorBase.run(SocketProcessorBase.java:49)
		at org.apache.tomcat.util.threads.ThreadPoolExecutor.runWorker(ThreadPoolExecutor.java:1191)
		at org.apache.tomcat.util.threads.ThreadPoolExecutor$Worker.run(ThreadPoolExecutor.java:659)
		at org.apache.tomcat.util.threads.TaskThread$WrappingRunnable.run(TaskThread.java:61)
		at java.lang.Thread.run(Thread.java:750)
12-Mar-2023 20:20:01.623 INFO [http-nio-9999-exec-230] org.apache.catalina.core.ApplicationContext.log AdminFilter:Initializing filter
12-Mar-2023 20:22:11.753 INFO [http-nio-9999-exec-237] org.apache.catalina.core.ApplicationContext.log AdminFilter:Initializing filter
12-Mar-2023 20:26:30.845 INFO [http-nio-9999-exec-246] org.apache.catalina.core.ApplicationContext.log AdminFilter:Initializing filter
12-Mar-2023 20:26:33.159 INFO [http-nio-9999-exec-250] org.apache.catalina.core.ApplicationContext.log AdminFilter:Initializing filter
12-Mar-2023 20:26:33.812 INFO [http-nio-9999-exec-254] org.apache.catalina.core.ApplicationContext.log AdminFilter:Initializing filter
12-Mar-2023 20:26:36.738 INFO [Catalina-utility-2] org.apache.catalina.core.ApplicationContext.log AdminFilter:Initializing filter
12-Mar-2023 20:28:02.106 INFO [http-nio-9999-exec-247] org.apache.catalina.core.ApplicationContext.log AdminFilter:Initializing filter
12-Mar-2023 20:28:07.225 INFO [Catalina-utility-2] org.apache.catalina.core.ApplicationContext.log AdminFilter:Initializing filter
12-Mar-2023 20:29:40.970 INFO [http-nio-9999-exec-266] org.apache.catalina.core.ApplicationContext.log AdminFilter:Initializing filter
12-Mar-2023 20:31:10.512 INFO [http-nio-9999-exec-282] org.apache.catalina.core.ApplicationContext.log AdminFilter:Initializing filter
12-Mar-2023 21:42:48.152 INFO [http-nio-9999-exec-289] org.apache.catalina.core.ApplicationContext.log AdminFilter:Initializing filter
12-Mar-2023 21:45:59.053 INFO [http-nio-9999-exec-297] org.apache.catalina.core.ApplicationContext.log AdminFilter:Initializing filter
12-Mar-2023 21:48:36.505 INFO [http-nio-9999-exec-294] org.apache.catalina.core.ApplicationContext.log AdminFilter:Initializing filter
12-Mar-2023 21:52:29.655 INFO [http-nio-9999-exec-305] org.apache.catalina.core.ApplicationContext.log AdminFilter:Initializing filter
12-Mar-2023 22:33:03.675 INFO [http-nio-9999-exec-314] org.apache.catalina.core.ApplicationContext.log AdminFilter:Initializing filter
12-Mar-2023 22:48:47.758 INFO [http-nio-9999-exec-319] org.apache.catalina.core.ApplicationContext.log AdminFilter:Initializing filter
12-Mar-2023 22:53:00.142 INFO [http-nio-9999-exec-333] org.apache.catalina.core.ApplicationContext.log AdminFilter:Initializing filter
12-Mar-2023 22:53:04.787 INFO [http-nio-9999-exec-331] org.apache.catalina.core.ApplicationContext.log AdminFilter:Initializing filter
12-Mar-2023 22:54:08.778 INFO [http-nio-9999-exec-335] org.apache.catalina.core.ApplicationContext.log AdminFilter:Initializing filter
12-Mar-2023 22:54:25.543 INFO [http-nio-9999-exec-330] org.apache.catalina.core.ApplicationContext.log AdminFilter:Initializing filter
12-Mar-2023 22:55:53.516 INFO [http-nio-9999-exec-348] org.apache.catalina.core.ApplicationContext.log AdminFilter:Initializing filter
12-Mar-2023 22:56:06.627 INFO [http-nio-9999-exec-355] org.apache.catalina.core.ApplicationContext.log AdminFilter:Initializing filter
12-Mar-2023 22:56:18.552 INFO [http-nio-9999-exec-353] org.apache.catalina.core.ApplicationContext.log AdminFilter:Initializing filter
12-Mar-2023 23:06:47.280 INFO [http-nio-9999-exec-361] org.apache.catalina.core.ApplicationContext.log AdminFilter:Initializing filter
12-Mar-2023 23:40:35.275 INFO [http-nio-9999-exec-372] org.apache.catalina.core.ApplicationContext.log AdminFilter:Initializing filter
