05-Mar-2023 15:11:22.985 INFO [http-nio-9999-exec-82] org.apache.catalina.core.ApplicationContext.log Manager: list: Listing contexts for virtual host 'localhost'
05-Mar-2023 15:11:22.994 INFO [http-nio-9999-exec-81] org.apache.catalina.core.ApplicationContext.log Manager: list: Listing contexts for virtual host 'localhost'
05-Mar-2023 15:11:23.074 INFO [http-nio-9999-exec-78] org.apache.catalina.core.ApplicationContext.log Manager: stop: Stopping web application '/Assignment'
05-Mar-2023 15:11:23.109 INFO [http-nio-9999-exec-76] org.apache.catalina.core.ApplicationContext.log Manager: start: Starting web application '/Assignment'
05-Mar-2023 19:53:38.545 INFO [http-nio-9999-exec-6] org.apache.catalina.core.ApplicationContext.log Manager: init: Associated with Deployer 'Catalina:type=Deployer,host=localhost'
05-Mar-2023 19:53:38.546 INFO [http-nio-9999-exec-6] org.apache.catalina.core.ApplicationContext.log Manager: init: Global resources are available
05-Mar-2023 19:53:38.573 INFO [http-nio-9999-exec-7] org.apache.catalina.core.ApplicationContext.log Manager: list: Listing contexts for virtual host 'localhost'
05-Mar-2023 19:53:38.578 INFO [http-nio-9999-exec-9] org.apache.catalina.core.ApplicationContext.log Manager: list: Listing contexts for virtual host 'localhost'
05-Mar-2023 20:32:55.411 INFO [http-nio-9999-exec-5] org.apache.catalina.core.ApplicationContext.log Manager: list: Listing contexts for virtual host 'localhost'
05-Mar-2023 20:32:55.420 INFO [http-nio-9999-exec-6] org.apache.catalina.core.ApplicationContext.log Manager: restart: Reloading web application '/Assignment'
05-Mar-2023 20:35:34.331 INFO [http-nio-9999-exec-12] org.apache.catalina.core.ApplicationContext.log Manager: list: Listing contexts for virtual host 'localhost'
05-Mar-2023 20:57:13.471 INFO [http-nio-9999-exec-13] org.apache.catalina.core.ApplicationContext.log Manager: list: Listing contexts for virtual host 'localhost'
05-Mar-2023 20:57:13.477 INFO [http-nio-9999-exec-11] org.apache.catalina.core.ApplicationContext.log Manager: restart: Reloading web application '/Assignment'
05-Mar-2023 21:01:02.286 INFO [http-nio-9999-exec-22] org.apache.catalina.core.ApplicationContext.log Manager: list: Listing contexts for virtual host 'localhost'
05-Mar-2023 21:01:02.298 INFO [http-nio-9999-exec-23] org.apache.catalina.core.ApplicationContext.log Manager: restart: Reloading web application '/Assignment'
05-Mar-2023 21:01:03.137 INFO [http-nio-9999-exec-25] org.apache.catalina.core.ApplicationContext.log Manager: list: Listing contexts for virtual host 'localhost'
05-Mar-2023 21:01:03.144 INFO [http-nio-9999-exec-22] org.apache.catalina.core.ApplicationContext.log Manager: restart: Reloading web application '/Assignment'
05-Mar-2023 21:05:34.858 INFO [http-nio-9999-exec-27] org.apache.catalina.core.ApplicationContext.log Manager: list: Listing contexts for virtual host 'localhost'
05-Mar-2023 21:05:34.867 INFO [http-nio-9999-exec-28] org.apache.catalina.core.ApplicationContext.log Manager: stop: Stopping web application '/Assignment'
05-Mar-2023 21:05:34.878 INFO [http-nio-9999-exec-17] org.apache.catalina.core.ApplicationContext.log Manager: start: Starting web application '/Assignment'
05-Mar-2023 21:05:35.777 INFO [http-nio-9999-exec-26] org.apache.catalina.core.ApplicationContext.log Manager: list: Listing contexts for virtual host 'localhost'
05-Mar-2023 21:05:35.788 INFO [http-nio-9999-exec-27] org.apache.catalina.core.ApplicationContext.log Manager: restart: Reloading web application '/Assignment'
05-Mar-2023 21:07:55.212 INFO [http-nio-9999-exec-33] org.apache.catalina.core.ApplicationContext.log Manager: list: Listing contexts for virtual host 'localhost'
05-Mar-2023 21:07:55.217 INFO [http-nio-9999-exec-35] org.apache.catalina.core.ApplicationContext.log Manager: restart: Reloading web application '/Assignment'
05-Mar-2023 21:10:10.242 INFO [http-nio-9999-exec-36] org.apache.catalina.core.ApplicationContext.log Manager: list: Listing contexts for virtual host 'localhost'
05-Mar-2023 21:10:10.249 INFO [http-nio-9999-exec-38] org.apache.catalina.core.ApplicationContext.log Manager: restart: Reloading web application '/Assignment'
05-Mar-2023 21:10:35.931 INFO [http-nio-9999-exec-37] org.apache.catalina.core.ApplicationContext.log Manager: list: Listing contexts for virtual host 'localhost'
05-Mar-2023 21:10:35.937 INFO [http-nio-9999-exec-36] org.apache.catalina.core.ApplicationContext.log Manager: restart: Reloading web application '/Assignment'
05-Mar-2023 21:13:33.615 INFO [http-nio-9999-exec-38] org.apache.catalina.core.ApplicationContext.log Manager: list: Listing contexts for virtual host 'localhost'
05-Mar-2023 21:13:33.622 INFO [http-nio-9999-exec-37] org.apache.catalina.core.ApplicationContext.log Manager: restart: Reloading web application '/Assignment'
05-Mar-2023 21:13:49.071 INFO [http-nio-9999-exec-42] org.apache.catalina.core.ApplicationContext.log Manager: list: Listing contexts for virtual host 'localhost'
05-Mar-2023 21:13:49.076 INFO [http-nio-9999-exec-40] org.apache.catalina.core.ApplicationContext.log Manager: restart: Reloading web application '/Assignment'
05-Mar-2023 21:14:50.760 INFO [http-nio-9999-exec-37] org.apache.catalina.core.ApplicationContext.log Manager: list: Listing contexts for virtual host 'localhost'
05-Mar-2023 21:14:50.766 INFO [http-nio-9999-exec-14] org.apache.catalina.core.ApplicationContext.log Manager: restart: Reloading web application '/Assignment'
05-Mar-2023 21:15:01.377 INFO [http-nio-9999-exec-44] org.apache.catalina.core.ApplicationContext.log Manager: list: Listing contexts for virtual host 'localhost'
05-Mar-2023 21:15:01.384 INFO [http-nio-9999-exec-43] org.apache.catalina.core.ApplicationContext.log Manager: restart: Reloading web application '/Assignment'
05-Mar-2023 21:15:02.087 INFO [http-nio-9999-exec-14] org.apache.catalina.core.ApplicationContext.log Manager: list: Listing contexts for virtual host 'localhost'
05-Mar-2023 21:15:02.093 INFO [http-nio-9999-exec-44] org.apache.catalina.core.ApplicationContext.log Manager: restart: Reloading web application '/Assignment'
05-Mar-2023 21:17:14.560 INFO [http-nio-9999-exec-48] org.apache.catalina.core.ApplicationContext.log Manager: list: Listing contexts for virtual host 'localhost'
05-Mar-2023 21:17:14.568 INFO [http-nio-9999-exec-45] org.apache.catalina.core.ApplicationContext.log Manager: restart: Reloading web application '/Assignment'
05-Mar-2023 21:19:05.837 INFO [http-nio-9999-exec-37] org.apache.catalina.core.ApplicationContext.log Manager: list: Listing contexts for virtual host 'localhost'
05-Mar-2023 21:19:05.843 INFO [http-nio-9999-exec-14] org.apache.catalina.core.ApplicationContext.log Manager: restart: Reloading web application '/Assignment'
05-Mar-2023 21:20:24.133 INFO [http-nio-9999-exec-45] org.apache.catalina.core.ApplicationContext.log Manager: list: Listing contexts for virtual host 'localhost'
05-Mar-2023 21:20:24.468 INFO [http-nio-9999-exec-41] org.apache.catalina.core.ApplicationContext.log Manager: list: Listing contexts for virtual host 'localhost'
05-Mar-2023 21:24:37.383 INFO [http-nio-9999-exec-56] org.apache.catalina.core.ApplicationContext.log Manager: list: Listing contexts for virtual host 'localhost'
05-Mar-2023 21:24:37.582 INFO [http-nio-9999-exec-57] org.apache.catalina.core.ApplicationContext.log Manager: list: Listing contexts for virtual host 'localhost'
05-Mar-2023 21:24:37.588 INFO [http-nio-9999-exec-59] org.apache.catalina.core.ApplicationContext.log Manager: restart: Reloading web application '/Assignment'
05-Mar-2023 21:24:38.390 INFO [http-nio-9999-exec-57] org.apache.catalina.core.ApplicationContext.log Manager: list: Listing contexts for virtual host 'localhost'
05-Mar-2023 21:24:38.397 INFO [http-nio-9999-exec-41] org.apache.catalina.core.ApplicationContext.log Manager: restart: Reloading web application '/Assignment'
05-Mar-2023 21:39:49.963 INFO [http-nio-9999-exec-70] org.apache.catalina.core.ApplicationContext.log Manager: list: Listing contexts for virtual host 'localhost'
05-Mar-2023 21:39:49.970 INFO [http-nio-9999-exec-64] org.apache.catalina.core.ApplicationContext.log Manager: restart: Reloading web application '/Assignment'
