13-Mar-2023 00:00:44.152 INFO [http-nio-9999-exec-389] org.apache.catalina.core.ApplicationContext.log Manager: list: Listing contexts for virtual host 'localhost'
13-Mar-2023 00:02:48.092 INFO [http-nio-9999-exec-389] org.apache.catalina.core.ApplicationContext.log Manager: list: Listing contexts for virtual host 'localhost'
13-Mar-2023 00:03:22.577 INFO [http-nio-9999-exec-389] org.apache.catalina.core.ApplicationContext.log Manager: list: Listing contexts for virtual host 'localhost'
13-Mar-2023 00:03:57.659 INFO [http-nio-9999-exec-389] org.apache.catalina.core.ApplicationContext.log Manager: list: Listing contexts for virtual host 'localhost'
13-Mar-2023 00:05:24.276 INFO [http-nio-9999-exec-390] org.apache.catalina.core.ApplicationContext.log Manager: list: Listing contexts for virtual host 'localhost'
13-Mar-2023 00:05:50.195 INFO [http-nio-9999-exec-389] org.apache.catalina.core.ApplicationContext.log Manager: list: Listing contexts for virtual host 'localhost'
13-Mar-2023 00:08:34.660 INFO [http-nio-9999-exec-382] org.apache.catalina.core.ApplicationContext.log Manager: list: Listing contexts for virtual host 'localhost'
13-Mar-2023 00:09:05.812 INFO [http-nio-9999-exec-381] org.apache.catalina.core.ApplicationContext.log Manager: list: Listing contexts for virtual host 'localhost'
13-Mar-2023 00:09:28.626 INFO [http-nio-9999-exec-386] org.apache.catalina.core.ApplicationContext.log Manager: list: Listing contexts for virtual host 'localhost'
13-Mar-2023 00:12:56.661 INFO [http-nio-9999-exec-383] org.apache.catalina.core.ApplicationContext.log Manager: list: Listing contexts for virtual host 'localhost'
13-Mar-2023 00:15:56.638 INFO [http-nio-9999-exec-389] org.apache.catalina.core.ApplicationContext.log Manager: list: Listing contexts for virtual host 'localhost'
13-Mar-2023 00:17:37.266 INFO [http-nio-9999-exec-382] org.apache.catalina.core.ApplicationContext.log Manager: list: Listing contexts for virtual host 'localhost'
13-Mar-2023 00:26:40.871 INFO [http-nio-9999-exec-382] org.apache.catalina.core.ApplicationContext.log Manager: list: Listing contexts for virtual host 'localhost'
13-Mar-2023 00:26:40.876 INFO [http-nio-9999-exec-381] org.apache.catalina.core.ApplicationContext.log Manager: restart: Reloading web application '/Assignment'
13-Mar-2023 00:29:30.553 INFO [http-nio-9999-exec-383] org.apache.catalina.core.ApplicationContext.log Manager: list: Listing contexts for virtual host 'localhost'
13-Mar-2023 00:30:55.447 INFO [http-nio-9999-exec-394] org.apache.catalina.core.ApplicationContext.log Manager: list: Listing contexts for virtual host 'localhost'
13-Mar-2023 00:31:39.623 INFO [http-nio-9999-exec-396] org.apache.catalina.core.ApplicationContext.log Manager: list: Listing contexts for virtual host 'localhost'
13-Mar-2023 00:32:04.543 INFO [http-nio-9999-exec-394] org.apache.catalina.core.ApplicationContext.log Manager: list: Listing contexts for virtual host 'localhost'
13-Mar-2023 00:36:04.259 INFO [http-nio-9999-exec-394] org.apache.catalina.core.ApplicationContext.log Manager: list: Listing contexts for virtual host 'localhost'
13-Mar-2023 00:36:04.265 INFO [http-nio-9999-exec-393] org.apache.catalina.core.ApplicationContext.log Manager: restart: Reloading web application '/Assignment'
13-Mar-2023 00:37:13.815 INFO [http-nio-9999-exec-400] org.apache.catalina.core.ApplicationContext.log Manager: list: Listing contexts for virtual host 'localhost'
13-Mar-2023 00:37:26.692 INFO [http-nio-9999-exec-403] org.apache.catalina.core.ApplicationContext.log Manager: list: Listing contexts for virtual host 'localhost'
13-Mar-2023 00:37:26.694 INFO [http-nio-9999-exec-392] org.apache.catalina.core.ApplicationContext.log Manager: list: Listing contexts for virtual host 'localhost'
13-Mar-2023 00:37:26.721 INFO [http-nio-9999-exec-404] org.apache.catalina.core.ApplicationContext.log Manager: undeploy: Undeploying web application at '/Assignment'
13-Mar-2023 00:37:27.245 INFO [http-nio-9999-exec-403] org.apache.catalina.core.ApplicationContext.log Manager: install: Installing context configuration at 'file:/C:/Users/ADMIN/AppData/Local/Temp/context8118137862813769930.xml'
13-Mar-2023 00:37:27.611 INFO [http-nio-9999-exec-395] org.apache.catalina.core.ApplicationContext.log Manager: start: Starting web application '/Assignment'
13-Mar-2023 00:40:48.948 INFO [http-nio-9999-exec-411] org.apache.catalina.core.ApplicationContext.log Manager: list: Listing contexts for virtual host 'localhost'
13-Mar-2023 00:41:05.338 INFO [http-nio-9999-exec-411] org.apache.catalina.core.ApplicationContext.log Manager: list: Listing contexts for virtual host 'localhost'
13-Mar-2023 00:47:30.072 INFO [http-nio-9999-exec-412] org.apache.catalina.core.ApplicationContext.log Manager: list: Listing contexts for virtual host 'localhost'
13-Mar-2023 00:47:30.077 INFO [http-nio-9999-exec-411] org.apache.catalina.core.ApplicationContext.log Manager: restart: Reloading web application '/Assignment'
13-Mar-2023 00:47:30.769 INFO [http-nio-9999-exec-414] org.apache.catalina.core.ApplicationContext.log Manager: list: Listing contexts for virtual host 'localhost'
13-Mar-2023 00:47:30.773 INFO [http-nio-9999-exec-416] org.apache.catalina.core.ApplicationContext.log Manager: restart: Reloading web application '/Assignment'
13-Mar-2023 00:48:07.646 INFO [http-nio-9999-exec-421] org.apache.catalina.core.ApplicationContext.log Manager: list: Listing contexts for virtual host 'localhost'
13-Mar-2023 00:48:07.652 INFO [http-nio-9999-exec-422] org.apache.catalina.core.ApplicationContext.log Manager: restart: Reloading web application '/Assignment'
13-Mar-2023 00:48:20.931 INFO [http-nio-9999-exec-420] org.apache.catalina.core.ApplicationContext.log Manager: list: Listing contexts for virtual host 'localhost'
13-Mar-2023 00:48:20.936 INFO [http-nio-9999-exec-415] org.apache.catalina.core.ApplicationContext.log Manager: restart: Reloading web application '/Assignment'
13-Mar-2023 00:48:30.246 INFO [http-nio-9999-exec-428] org.apache.catalina.core.ApplicationContext.log Manager: list: Listing contexts for virtual host 'localhost'
13-Mar-2023 00:48:30.247 INFO [http-nio-9999-exec-415] org.apache.catalina.core.ApplicationContext.log Manager: list: Listing contexts for virtual host 'localhost'
13-Mar-2023 00:48:30.273 INFO [http-nio-9999-exec-419] org.apache.catalina.core.ApplicationContext.log Manager: undeploy: Undeploying web application at '/Assignment'
13-Mar-2023 00:48:30.798 INFO [http-nio-9999-exec-423] org.apache.catalina.core.ApplicationContext.log Manager: install: Installing context configuration at 'file:/C:/Users/ADMIN/AppData/Local/Temp/context6825871728433408018.xml'
13-Mar-2023 00:48:31.161 INFO [http-nio-9999-exec-417] org.apache.catalina.core.ApplicationContext.log Manager: start: Starting web application '/Assignment'
13-Mar-2023 00:51:49.958 INFO [http-nio-9999-exec-430] org.apache.catalina.core.ApplicationContext.log Manager: list: Listing contexts for virtual host 'localhost'
13-Mar-2023 00:51:49.963 INFO [http-nio-9999-exec-436] org.apache.catalina.core.ApplicationContext.log Manager: restart: Reloading web application '/Assignment'
13-Mar-2023 00:51:50.639 INFO [http-nio-9999-exec-429] org.apache.catalina.core.ApplicationContext.log Manager: list: Listing contexts for virtual host 'localhost'
13-Mar-2023 00:51:50.643 INFO [http-nio-9999-exec-435] org.apache.catalina.core.ApplicationContext.log Manager: restart: Reloading web application '/Assignment'
13-Mar-2023 00:52:03.536 INFO [http-nio-9999-exec-431] org.apache.catalina.core.ApplicationContext.log Manager: list: Listing contexts for virtual host 'localhost'
13-Mar-2023 00:52:03.541 INFO [http-nio-9999-exec-439] org.apache.catalina.core.ApplicationContext.log Manager: restart: Reloading web application '/Assignment'
13-Mar-2023 00:52:16.129 INFO [http-nio-9999-exec-435] org.apache.catalina.core.ApplicationContext.log Manager: list: Listing contexts for virtual host 'localhost'
13-Mar-2023 00:52:16.134 INFO [http-nio-9999-exec-431] org.apache.catalina.core.ApplicationContext.log Manager: restart: Reloading web application '/Assignment'
13-Mar-2023 00:52:31.241 INFO [http-nio-9999-exec-441] org.apache.catalina.core.ApplicationContext.log Manager: list: Listing contexts for virtual host 'localhost'
13-Mar-2023 00:52:31.248 INFO [http-nio-9999-exec-437] org.apache.catalina.core.ApplicationContext.log Manager: restart: Reloading web application '/Assignment'
13-Mar-2023 00:52:51.670 INFO [http-nio-9999-exec-442] org.apache.catalina.core.ApplicationContext.log Manager: list: Listing contexts for virtual host 'localhost'
13-Mar-2023 00:52:51.676 INFO [http-nio-9999-exec-431] org.apache.catalina.core.ApplicationContext.log Manager: restart: Reloading web application '/Assignment'
13-Mar-2023 00:53:04.295 INFO [http-nio-9999-exec-446] org.apache.catalina.core.ApplicationContext.log Manager: list: Listing contexts for virtual host 'localhost'
13-Mar-2023 00:53:04.297 INFO [http-nio-9999-exec-430] org.apache.catalina.core.ApplicationContext.log Manager: list: Listing contexts for virtual host 'localhost'
13-Mar-2023 00:53:04.325 INFO [http-nio-9999-exec-444] org.apache.catalina.core.ApplicationContext.log Manager: undeploy: Undeploying web application at '/Assignment'
13-Mar-2023 00:53:04.843 INFO [http-nio-9999-exec-445] org.apache.catalina.core.ApplicationContext.log Manager: install: Installing context configuration at 'file:/C:/Users/ADMIN/AppData/Local/Temp/context3802799941612785322.xml'
13-Mar-2023 00:53:05.237 INFO [http-nio-9999-exec-433] org.apache.catalina.core.ApplicationContext.log Manager: start: Starting web application '/Assignment'
13-Mar-2023 01:00:00.695 INFO [http-nio-9999-exec-449] org.apache.catalina.core.ApplicationContext.log Manager: list: Listing contexts for virtual host 'localhost'
13-Mar-2023 01:02:29.169 INFO [http-nio-9999-exec-448] org.apache.catalina.core.ApplicationContext.log Manager: list: Listing contexts for virtual host 'localhost'
13-Mar-2023 01:02:29.174 INFO [http-nio-9999-exec-447] org.apache.catalina.core.ApplicationContext.log Manager: restart: Reloading web application '/Assignment'
13-Mar-2023 01:02:29.876 INFO [http-nio-9999-exec-450] org.apache.catalina.core.ApplicationContext.log Manager: list: Listing contexts for virtual host 'localhost'
13-Mar-2023 01:02:29.880 INFO [http-nio-9999-exec-451] org.apache.catalina.core.ApplicationContext.log Manager: restart: Reloading web application '/Assignment'
13-Mar-2023 01:02:38.147 INFO [http-nio-9999-exec-456] org.apache.catalina.core.ApplicationContext.log Manager: list: Listing contexts for virtual host 'localhost'
13-Mar-2023 01:02:38.151 INFO [http-nio-9999-exec-454] org.apache.catalina.core.ApplicationContext.log Manager: restart: Reloading web application '/Assignment'
13-Mar-2023 01:02:48.984 INFO [http-nio-9999-exec-456] org.apache.catalina.core.ApplicationContext.log Manager: list: Listing contexts for virtual host 'localhost'
13-Mar-2023 01:02:48.989 INFO [http-nio-9999-exec-457] org.apache.catalina.core.ApplicationContext.log Manager: restart: Reloading web application '/Assignment'
13-Mar-2023 01:02:54.438 INFO [http-nio-9999-exec-459] org.apache.catalina.core.ApplicationContext.log Manager: list: Listing contexts for virtual host 'localhost'
13-Mar-2023 01:02:54.443 INFO [http-nio-9999-exec-456] org.apache.catalina.core.ApplicationContext.log Manager: restart: Reloading web application '/Assignment'
13-Mar-2023 01:03:01.933 INFO [http-nio-9999-exec-458] org.apache.catalina.core.ApplicationContext.log Manager: list: Listing contexts for virtual host 'localhost'
13-Mar-2023 01:03:01.934 INFO [http-nio-9999-exec-448] org.apache.catalina.core.ApplicationContext.log Manager: list: Listing contexts for virtual host 'localhost'
13-Mar-2023 01:03:01.960 INFO [http-nio-9999-exec-453] org.apache.catalina.core.ApplicationContext.log Manager: undeploy: Undeploying web application at '/Assignment'
13-Mar-2023 01:03:02.476 INFO [http-nio-9999-exec-457] org.apache.catalina.core.ApplicationContext.log Manager: install: Installing context configuration at 'file:/C:/Users/ADMIN/AppData/Local/Temp/context5752783323011666059.xml'
13-Mar-2023 01:03:02.831 INFO [http-nio-9999-exec-458] org.apache.catalina.core.ApplicationContext.log Manager: start: Starting web application '/Assignment'
13-Mar-2023 01:03:51.081 INFO [http-nio-9999-exec-466] org.apache.catalina.core.ApplicationContext.log Manager: list: Listing contexts for virtual host 'localhost'
13-Mar-2023 01:03:51.085 INFO [http-nio-9999-exec-467] org.apache.catalina.core.ApplicationContext.log Manager: restart: Reloading web application '/Assignment'
13-Mar-2023 01:03:51.764 INFO [http-nio-9999-exec-458] org.apache.catalina.core.ApplicationContext.log Manager: list: Listing contexts for virtual host 'localhost'
13-Mar-2023 01:03:51.768 INFO [http-nio-9999-exec-463] org.apache.catalina.core.ApplicationContext.log Manager: restart: Reloading web application '/Assignment'
13-Mar-2023 01:04:00.726 INFO [http-nio-9999-exec-466] org.apache.catalina.core.ApplicationContext.log Manager: list: Listing contexts for virtual host 'localhost'
13-Mar-2023 01:04:00.731 INFO [http-nio-9999-exec-468] org.apache.catalina.core.ApplicationContext.log Manager: restart: Reloading web application '/Assignment'
13-Mar-2023 01:04:04.209 INFO [http-nio-9999-exec-466] org.apache.catalina.core.ApplicationContext.log Manager: list: Listing contexts for virtual host 'localhost'
13-Mar-2023 01:04:04.214 INFO [http-nio-9999-exec-472] org.apache.catalina.core.ApplicationContext.log Manager: restart: Reloading web application '/Assignment'
13-Mar-2023 01:04:12.693 INFO [http-nio-9999-exec-466] org.apache.catalina.core.ApplicationContext.log Manager: list: Listing contexts for virtual host 'localhost'
13-Mar-2023 01:04:12.699 INFO [http-nio-9999-exec-468] org.apache.catalina.core.ApplicationContext.log Manager: restart: Reloading web application '/Assignment'
13-Mar-2023 01:05:08.195 INFO [http-nio-9999-exec-472] org.apache.catalina.core.ApplicationContext.log Manager: list: Listing contexts for virtual host 'localhost'
13-Mar-2023 01:05:21.979 INFO [http-nio-9999-exec-479] org.apache.catalina.core.ApplicationContext.log Manager: list: Listing contexts for virtual host 'localhost'
13-Mar-2023 01:05:21.981 INFO [http-nio-9999-exec-477] org.apache.catalina.core.ApplicationContext.log Manager: list: Listing contexts for virtual host 'localhost'
13-Mar-2023 01:05:22.006 INFO [http-nio-9999-exec-478] org.apache.catalina.core.ApplicationContext.log Manager: undeploy: Undeploying web application at '/Assignment'
13-Mar-2023 01:05:22.522 INFO [http-nio-9999-exec-470] org.apache.catalina.core.ApplicationContext.log Manager: install: Installing context configuration at 'file:/C:/Users/ADMIN/AppData/Local/Temp/context215952509483734719.xml'
13-Mar-2023 01:05:22.885 INFO [http-nio-9999-exec-473] org.apache.catalina.core.ApplicationContext.log Manager: start: Starting web application '/Assignment'
13-Mar-2023 01:05:40.216 INFO [http-nio-9999-exec-470] org.apache.catalina.core.ApplicationContext.log Manager: list: Listing contexts for virtual host 'localhost'
13-Mar-2023 01:10:31.101 INFO [http-nio-9999-exec-487] org.apache.catalina.core.ApplicationContext.log Manager: list: Listing contexts for virtual host 'localhost'
13-Mar-2023 01:17:30.581 INFO [http-nio-9999-exec-483] org.apache.catalina.core.ApplicationContext.log Manager: list: Listing contexts for virtual host 'localhost'
13-Mar-2023 01:17:56.553 INFO [http-nio-9999-exec-481] org.apache.catalina.core.ApplicationContext.log Manager: list: Listing contexts for virtual host 'localhost'
13-Mar-2023 01:18:10.125 INFO [http-nio-9999-exec-481] org.apache.catalina.core.ApplicationContext.log Manager: list: Listing contexts for virtual host 'localhost'
13-Mar-2023 01:20:07.616 INFO [http-nio-9999-exec-481] org.apache.catalina.core.ApplicationContext.log Manager: list: Listing contexts for virtual host 'localhost'
13-Mar-2023 01:20:31.925 INFO [http-nio-9999-exec-481] org.apache.catalina.core.ApplicationContext.log Manager: list: Listing contexts for virtual host 'localhost'
13-Mar-2023 01:21:44.687 INFO [http-nio-9999-exec-485] org.apache.catalina.core.ApplicationContext.log Manager: list: Listing contexts for virtual host 'localhost'
13-Mar-2023 01:21:54.712 INFO [http-nio-9999-exec-482] org.apache.catalina.core.ApplicationContext.log Manager: list: Listing contexts for virtual host 'localhost'
13-Mar-2023 01:22:13.015 INFO [http-nio-9999-exec-486] org.apache.catalina.core.ApplicationContext.log Manager: list: Listing contexts for virtual host 'localhost'
13-Mar-2023 01:22:15.513 INFO [http-nio-9999-exec-481] org.apache.catalina.core.ApplicationContext.log Manager: list: Listing contexts for virtual host 'localhost'
13-Mar-2023 01:22:31.348 INFO [http-nio-9999-exec-487] org.apache.catalina.core.ApplicationContext.log Manager: list: Listing contexts for virtual host 'localhost'
13-Mar-2023 01:23:08.004 INFO [http-nio-9999-exec-484] org.apache.catalina.core.ApplicationContext.log Manager: list: Listing contexts for virtual host 'localhost'
13-Mar-2023 01:24:08.556 INFO [http-nio-9999-exec-480] org.apache.catalina.core.ApplicationContext.log Manager: list: Listing contexts for virtual host 'localhost'
13-Mar-2023 01:24:39.135 INFO [http-nio-9999-exec-480] org.apache.catalina.core.ApplicationContext.log Manager: list: Listing contexts for virtual host 'localhost'
13-Mar-2023 01:25:00.359 INFO [http-nio-9999-exec-488] org.apache.catalina.core.ApplicationContext.log Manager: list: Listing contexts for virtual host 'localhost'
13-Mar-2023 01:25:19.164 INFO [http-nio-9999-exec-481] org.apache.catalina.core.ApplicationContext.log Manager: list: Listing contexts for virtual host 'localhost'
13-Mar-2023 01:25:41.351 INFO [http-nio-9999-exec-481] org.apache.catalina.core.ApplicationContext.log Manager: list: Listing contexts for virtual host 'localhost'
13-Mar-2023 01:25:58.437 INFO [http-nio-9999-exec-481] org.apache.catalina.core.ApplicationContext.log Manager: list: Listing contexts for virtual host 'localhost'
13-Mar-2023 01:26:57.858 INFO [http-nio-9999-exec-480] org.apache.catalina.core.ApplicationContext.log Manager: list: Listing contexts for virtual host 'localhost'
13-Mar-2023 01:28:12.885 INFO [http-nio-9999-exec-481] org.apache.catalina.core.ApplicationContext.log Manager: list: Listing contexts for virtual host 'localhost'
13-Mar-2023 01:29:52.755 INFO [http-nio-9999-exec-484] org.apache.catalina.core.ApplicationContext.log Manager: list: Listing contexts for virtual host 'localhost'
13-Mar-2023 01:29:52.757 INFO [http-nio-9999-exec-486] org.apache.catalina.core.ApplicationContext.log Manager: list: Listing contexts for virtual host 'localhost'
13-Mar-2023 01:29:52.785 INFO [http-nio-9999-exec-483] org.apache.catalina.core.ApplicationContext.log Manager: undeploy: Undeploying web application at '/Assignment'
13-Mar-2023 01:29:53.311 INFO [http-nio-9999-exec-480] org.apache.catalina.core.ApplicationContext.log Manager: install: Installing context configuration at 'file:/C:/Users/ADMIN/AppData/Local/Temp/context2985580850670835714.xml'
13-Mar-2023 01:29:53.671 INFO [http-nio-9999-exec-481] org.apache.catalina.core.ApplicationContext.log Manager: start: Starting web application '/Assignment'
13-Mar-2023 01:31:13.535 INFO [http-nio-9999-exec-494] org.apache.catalina.core.ApplicationContext.log Manager: list: Listing contexts for virtual host 'localhost'
13-Mar-2023 01:31:13.537 INFO [http-nio-9999-exec-496] org.apache.catalina.core.ApplicationContext.log Manager: list: Listing contexts for virtual host 'localhost'
13-Mar-2023 01:31:13.561 INFO [http-nio-9999-exec-493] org.apache.catalina.core.ApplicationContext.log Manager: undeploy: Undeploying web application at '/Assignment'
13-Mar-2023 01:31:14.084 INFO [http-nio-9999-exec-494] org.apache.catalina.core.ApplicationContext.log Manager: install: Installing context configuration at 'file:/C:/Users/ADMIN/AppData/Local/Temp/context923304035424548824.xml'
13-Mar-2023 01:31:14.450 INFO [http-nio-9999-exec-496] org.apache.catalina.core.ApplicationContext.log Manager: start: Starting web application '/Assignment'
13-Mar-2023 01:32:54.161 INFO [http-nio-9999-exec-501] org.apache.catalina.core.ApplicationContext.log Manager: list: Listing contexts for virtual host 'localhost'
13-Mar-2023 01:33:05.066 INFO [http-nio-9999-exec-500] org.apache.catalina.core.ApplicationContext.log Manager: list: Listing contexts for virtual host 'localhost'
13-Mar-2023 01:33:05.068 INFO [http-nio-9999-exec-491] org.apache.catalina.core.ApplicationContext.log Manager: list: Listing contexts for virtual host 'localhost'
13-Mar-2023 01:33:05.113 INFO [http-nio-9999-exec-504] org.apache.catalina.core.ApplicationContext.log Manager: undeploy: Undeploying web application at '/Assignment'
13-Mar-2023 01:33:06.151 INFO [http-nio-9999-exec-503] org.apache.catalina.core.ApplicationContext.log Manager: install: Installing context configuration at 'file:/C:/Users/ADMIN/AppData/Local/Temp/context8545372947788394646.xml'
13-Mar-2023 01:33:06.500 INFO [http-nio-9999-exec-502] org.apache.catalina.core.ApplicationContext.log Manager: start: Starting web application '/Assignment'
13-Mar-2023 01:34:18.200 INFO [http-nio-9999-exec-512] org.apache.catalina.core.ApplicationContext.log Manager: list: Listing contexts for virtual host 'localhost'
13-Mar-2023 01:34:38.329 INFO [http-nio-9999-exec-517] org.apache.catalina.core.ApplicationContext.log Manager: list: Listing contexts for virtual host 'localhost'
13-Mar-2023 01:34:47.114 INFO [http-nio-9999-exec-512] org.apache.catalina.core.ApplicationContext.log Manager: list: Listing contexts for virtual host 'localhost'
13-Mar-2023 01:38:20.304 INFO [http-nio-9999-exec-516] org.apache.catalina.core.ApplicationContext.log Manager: list: Listing contexts for virtual host 'localhost'
13-Mar-2023 01:38:20.621 INFO [http-nio-9999-exec-513] org.apache.catalina.core.ApplicationContext.log Manager: list: Listing contexts for virtual host 'localhost'
13-Mar-2023 01:38:42.899 INFO [http-nio-9999-exec-511] org.apache.catalina.core.ApplicationContext.log Manager: list: Listing contexts for virtual host 'localhost'
13-Mar-2023 01:39:32.504 INFO [http-nio-9999-exec-510] org.apache.catalina.core.ApplicationContext.log Manager: list: Listing contexts for virtual host 'localhost'
13-Mar-2023 01:42:00.665 INFO [http-nio-9999-exec-510] org.apache.catalina.core.ApplicationContext.log Manager: list: Listing contexts for virtual host 'localhost'
13-Mar-2023 01:45:02.469 INFO [http-nio-9999-exec-513] org.apache.catalina.core.ApplicationContext.log Manager: list: Listing contexts for virtual host 'localhost'
13-Mar-2023 01:52:34.606 INFO [http-nio-9999-exec-516] org.apache.catalina.core.ApplicationContext.log Manager: list: Listing contexts for virtual host 'localhost'
13-Mar-2023 01:53:05.585 INFO [http-nio-9999-exec-516] org.apache.catalina.core.ApplicationContext.log Manager: list: Listing contexts for virtual host 'localhost'
13-Mar-2023 01:54:06.064 INFO [http-nio-9999-exec-517] org.apache.catalina.core.ApplicationContext.log Manager: list: Listing contexts for virtual host 'localhost'
13-Mar-2023 01:54:27.894 INFO [http-nio-9999-exec-515] org.apache.catalina.core.ApplicationContext.log Manager: list: Listing contexts for virtual host 'localhost'
13-Mar-2023 01:54:27.896 INFO [http-nio-9999-exec-510] org.apache.catalina.core.ApplicationContext.log Manager: list: Listing contexts for virtual host 'localhost'
13-Mar-2023 01:54:27.923 INFO [http-nio-9999-exec-516] org.apache.catalina.core.ApplicationContext.log Manager: undeploy: Undeploying web application at '/Assignment'
13-Mar-2023 01:54:28.957 INFO [http-nio-9999-exec-508] org.apache.catalina.core.ApplicationContext.log Manager: install: Installing context configuration at 'file:/C:/Users/ADMIN/AppData/Local/Temp/context1339928761255042262.xml'
13-Mar-2023 01:54:29.303 INFO [http-nio-9999-exec-511] org.apache.catalina.core.ApplicationContext.log Manager: start: Starting web application '/Assignment'
13-Mar-2023 01:56:37.764 INFO [http-nio-9999-exec-515] org.apache.catalina.core.ApplicationContext.log Manager: list: Listing contexts for virtual host 'localhost'
13-Mar-2023 01:56:37.789 INFO [http-nio-9999-exec-524] org.apache.catalina.core.ApplicationContext.log Manager: restart: Reloading web application '/Assignment'
13-Mar-2023 01:57:14.198 INFO [http-nio-9999-exec-511] org.apache.catalina.core.ApplicationContext.log Manager: list: Listing contexts for virtual host 'localhost'
13-Mar-2023 01:57:14.208 INFO [http-nio-9999-exec-519] org.apache.catalina.core.ApplicationContext.log Manager: restart: Reloading web application '/Assignment'
13-Mar-2023 01:57:30.332 INFO [http-nio-9999-exec-524] org.apache.catalina.core.ApplicationContext.log Manager: list: Listing contexts for virtual host 'localhost'
13-Mar-2023 01:57:30.342 INFO [http-nio-9999-exec-525] org.apache.catalina.core.ApplicationContext.log Manager: restart: Reloading web application '/Assignment'
13-Mar-2023 01:57:32.058 INFO [http-nio-9999-exec-511] org.apache.catalina.core.ApplicationContext.log Manager: list: Listing contexts for virtual host 'localhost'
13-Mar-2023 01:57:32.069 INFO [http-nio-9999-exec-520] org.apache.catalina.core.ApplicationContext.log Manager: restart: Reloading web application '/Assignment'
13-Mar-2023 01:57:32.765 INFO [http-nio-9999-exec-508] org.apache.catalina.core.ApplicationContext.log Manager: list: Listing contexts for virtual host 'localhost'
13-Mar-2023 01:57:32.770 INFO [http-nio-9999-exec-511] org.apache.catalina.core.ApplicationContext.log Manager: restart: Reloading web application '/Assignment'
13-Mar-2023 12:52:37.330 INFO [http-nio-9999-exec-7] org.apache.catalina.core.ApplicationContext.log Manager: init: Associated with Deployer 'Catalina:type=Deployer,host=localhost'
13-Mar-2023 12:52:37.330 INFO [http-nio-9999-exec-7] org.apache.catalina.core.ApplicationContext.log Manager: init: Global resources are available
13-Mar-2023 12:52:37.397 INFO [http-nio-9999-exec-10] org.apache.catalina.core.ApplicationContext.log Manager: list: Listing contexts for virtual host 'localhost'
13-Mar-2023 12:52:37.411 INFO [http-nio-9999-exec-4] org.apache.catalina.core.ApplicationContext.log Manager: list: Listing contexts for virtual host 'localhost'
13-Mar-2023 12:52:37.559 INFO [http-nio-9999-exec-1] org.apache.catalina.core.ApplicationContext.log Manager: undeploy: Undeploying web application at '/Assignment'
13-Mar-2023 12:52:38.114 INFO [http-nio-9999-exec-2] org.apache.catalina.core.ApplicationContext.log Manager: install: Installing context configuration at 'file:/C:/Users/ADMIN/AppData/Local/Temp/context787390966793012110.xml'
13-Mar-2023 12:52:38.902 INFO [http-nio-9999-exec-6] org.apache.catalina.core.ApplicationContext.log Manager: start: Starting web application '/Assignment'
13-Mar-2023 13:01:01.390 INFO [http-nio-9999-exec-19] org.apache.catalina.core.ApplicationContext.log Manager: list: Listing contexts for virtual host 'localhost'
13-Mar-2023 13:01:01.743 INFO [http-nio-9999-exec-11] org.apache.catalina.core.ApplicationContext.log Manager: list: Listing contexts for virtual host 'localhost'
13-Mar-2023 13:01:44.214 INFO [http-nio-9999-exec-19] org.apache.catalina.core.ApplicationContext.log Manager: list: Listing contexts for virtual host 'localhost'
13-Mar-2023 13:02:34.850 INFO [http-nio-9999-exec-19] org.apache.catalina.core.ApplicationContext.log Manager: list: Listing contexts for virtual host 'localhost'
13-Mar-2023 13:03:16.301 INFO [http-nio-9999-exec-20] org.apache.catalina.core.ApplicationContext.log Manager: list: Listing contexts for virtual host 'localhost'
13-Mar-2023 13:03:16.637 INFO [http-nio-9999-exec-15] org.apache.catalina.core.ApplicationContext.log Manager: list: Listing contexts for virtual host 'localhost'
13-Mar-2023 13:05:45.149 INFO [http-nio-9999-exec-12] org.apache.catalina.core.ApplicationContext.log Manager: list: Listing contexts for virtual host 'localhost'
13-Mar-2023 13:06:13.815 INFO [http-nio-9999-exec-15] org.apache.catalina.core.ApplicationContext.log Manager: list: Listing contexts for virtual host 'localhost'
13-Mar-2023 13:07:04.063 INFO [http-nio-9999-exec-18] org.apache.catalina.core.ApplicationContext.log Manager: list: Listing contexts for virtual host 'localhost'
13-Mar-2023 13:09:06.979 INFO [http-nio-9999-exec-18] org.apache.catalina.core.ApplicationContext.log Manager: list: Listing contexts for virtual host 'localhost'
13-Mar-2023 13:10:12.422 INFO [http-nio-9999-exec-13] org.apache.catalina.core.ApplicationContext.log Manager: list: Listing contexts for virtual host 'localhost'
13-Mar-2023 13:10:41.051 INFO [http-nio-9999-exec-14] org.apache.catalina.core.ApplicationContext.log Manager: list: Listing contexts for virtual host 'localhost'
13-Mar-2023 13:10:49.071 INFO [http-nio-9999-exec-11] org.apache.catalina.core.ApplicationContext.log Manager: list: Listing contexts for virtual host 'localhost'
13-Mar-2023 13:10:59.452 INFO [http-nio-9999-exec-20] org.apache.catalina.core.ApplicationContext.log Manager: list: Listing contexts for virtual host 'localhost'
13-Mar-2023 13:27:46.664 INFO [http-nio-9999-exec-12] org.apache.catalina.core.ApplicationContext.log Manager: list: Listing contexts for virtual host 'localhost'
13-Mar-2023 13:28:13.000 INFO [http-nio-9999-exec-12] org.apache.catalina.core.ApplicationContext.log Manager: list: Listing contexts for virtual host 'localhost'
13-Mar-2023 13:28:49.596 INFO [http-nio-9999-exec-16] org.apache.catalina.core.ApplicationContext.log Manager: list: Listing contexts for virtual host 'localhost'
13-Mar-2023 13:31:39.256 INFO [http-nio-9999-exec-17] org.apache.catalina.core.ApplicationContext.log Manager: list: Listing contexts for virtual host 'localhost'
13-Mar-2023 13:32:29.385 INFO [http-nio-9999-exec-13] org.apache.catalina.core.ApplicationContext.log Manager: list: Listing contexts for virtual host 'localhost'
13-Mar-2023 13:34:26.528 INFO [http-nio-9999-exec-13] org.apache.catalina.core.ApplicationContext.log Manager: list: Listing contexts for virtual host 'localhost'
13-Mar-2023 13:35:48.022 INFO [http-nio-9999-exec-13] org.apache.catalina.core.ApplicationContext.log Manager: list: Listing contexts for virtual host 'localhost'
13-Mar-2023 13:36:03.171 INFO [http-nio-9999-exec-13] org.apache.catalina.core.ApplicationContext.log Manager: list: Listing contexts for virtual host 'localhost'
13-Mar-2023 13:41:10.130 INFO [http-nio-9999-exec-18] org.apache.catalina.core.ApplicationContext.log Manager: list: Listing contexts for virtual host 'localhost'
13-Mar-2023 13:41:10.135 INFO [http-nio-9999-exec-19] org.apache.catalina.core.ApplicationContext.log Manager: restart: Reloading web application '/Assignment'
13-Mar-2023 13:48:23.017 INFO [http-nio-9999-exec-21] org.apache.catalina.core.ApplicationContext.log Manager: list: Listing contexts for virtual host 'localhost'
13-Mar-2023 13:55:27.481 INFO [http-nio-9999-exec-25] org.apache.catalina.core.ApplicationContext.log Manager: list: Listing contexts for virtual host 'localhost'
13-Mar-2023 13:58:52.268 INFO [http-nio-9999-exec-27] org.apache.catalina.core.ApplicationContext.log Manager: list: Listing contexts for virtual host 'localhost'
13-Mar-2023 14:05:23.903 INFO [http-nio-9999-exec-22] org.apache.catalina.core.ApplicationContext.log Manager: list: Listing contexts for virtual host 'localhost'
13-Mar-2023 14:05:23.909 INFO [http-nio-9999-exec-30] org.apache.catalina.core.ApplicationContext.log Manager: restart: Reloading web application '/Assignment'
13-Mar-2023 14:05:24.930 INFO [http-nio-9999-exec-28] org.apache.catalina.core.ApplicationContext.log Manager: list: Listing contexts for virtual host 'localhost'
13-Mar-2023 14:05:24.937 INFO [http-nio-9999-exec-24] org.apache.catalina.core.ApplicationContext.log Manager: restart: Reloading web application '/Assignment'
13-Mar-2023 14:06:24.998 INFO [http-nio-9999-exec-23] org.apache.catalina.core.ApplicationContext.log Manager: list: Listing contexts for virtual host 'localhost'
13-Mar-2023 14:06:25.004 INFO [http-nio-9999-exec-31] org.apache.catalina.core.ApplicationContext.log Manager: restart: Reloading web application '/Assignment'
13-Mar-2023 14:11:50.348 INFO [http-nio-9999-exec-34] org.apache.catalina.core.ApplicationContext.log Manager: list: Listing contexts for virtual host 'localhost'
13-Mar-2023 14:12:02.778 INFO [http-nio-9999-exec-40] org.apache.catalina.core.ApplicationContext.log Manager: list: Listing contexts for virtual host 'localhost'
13-Mar-2023 14:13:25.054 INFO [http-nio-9999-exec-33] org.apache.catalina.core.ApplicationContext.log Manager: list: Listing contexts for virtual host 'localhost'
13-Mar-2023 14:13:53.038 INFO [http-nio-9999-exec-40] org.apache.catalina.core.ApplicationContext.log Manager: list: Listing contexts for virtual host 'localhost'
13-Mar-2023 14:13:53.044 INFO [http-nio-9999-exec-38] org.apache.catalina.core.ApplicationContext.log Manager: restart: Reloading web application '/Assignment'
13-Mar-2023 14:23:01.138 INFO [http-nio-9999-exec-50] org.apache.catalina.core.ApplicationContext.log Manager: list: Listing contexts for virtual host 'localhost'
13-Mar-2023 14:23:15.606 INFO [http-nio-9999-exec-52] org.apache.catalina.core.ApplicationContext.log Manager: list: Listing contexts for virtual host 'localhost'
13-Mar-2023 14:23:28.056 INFO [http-nio-9999-exec-52] org.apache.catalina.core.ApplicationContext.log Manager: list: Listing contexts for virtual host 'localhost'
13-Mar-2023 14:24:02.296 INFO [http-nio-9999-exec-49] org.apache.catalina.core.ApplicationContext.log Manager: list: Listing contexts for virtual host 'localhost'
13-Mar-2023 14:25:00.666 INFO [http-nio-9999-exec-45] org.apache.catalina.core.ApplicationContext.log Manager: list: Listing contexts for virtual host 'localhost'
13-Mar-2023 14:25:24.886 INFO [http-nio-9999-exec-45] org.apache.catalina.core.ApplicationContext.log Manager: list: Listing contexts for virtual host 'localhost'
13-Mar-2023 14:25:42.789 INFO [http-nio-9999-exec-52] org.apache.catalina.core.ApplicationContext.log Manager: list: Listing contexts for virtual host 'localhost'
13-Mar-2023 14:25:52.015 INFO [http-nio-9999-exec-52] org.apache.catalina.core.ApplicationContext.log Manager: list: Listing contexts for virtual host 'localhost'
13-Mar-2023 14:31:25.545 INFO [http-nio-9999-exec-52] org.apache.catalina.core.ApplicationContext.log Manager: list: Listing contexts for virtual host 'localhost'
13-Mar-2023 14:36:08.483 INFO [http-nio-9999-exec-47] org.apache.catalina.core.ApplicationContext.log Manager: list: Listing contexts for virtual host 'localhost'
13-Mar-2023 14:37:15.821 INFO [http-nio-9999-exec-46] org.apache.catalina.core.ApplicationContext.log Manager: list: Listing contexts for virtual host 'localhost'
13-Mar-2023 14:38:40.158 INFO [http-nio-9999-exec-51] org.apache.catalina.core.ApplicationContext.log Manager: list: Listing contexts for virtual host 'localhost'
13-Mar-2023 14:49:55.359 INFO [http-nio-9999-exec-43] org.apache.catalina.core.ApplicationContext.log Manager: list: Listing contexts for virtual host 'localhost'
13-Mar-2023 14:50:49.477 INFO [http-nio-9999-exec-48] org.apache.catalina.core.ApplicationContext.log Manager: list: Listing contexts for virtual host 'localhost'
13-Mar-2023 14:50:49.482 INFO [http-nio-9999-exec-49] org.apache.catalina.core.ApplicationContext.log Manager: restart: Reloading web application '/Assignment'
13-Mar-2023 14:50:57.895 INFO [http-nio-9999-exec-52] org.apache.catalina.core.ApplicationContext.log Manager: list: Listing contexts for virtual host 'localhost'
13-Mar-2023 14:50:57.900 INFO [http-nio-9999-exec-44] org.apache.catalina.core.ApplicationContext.log Manager: restart: Reloading web application '/Assignment'
13-Mar-2023 14:51:34.946 INFO [http-nio-9999-exec-56] org.apache.catalina.core.ApplicationContext.log Manager: list: Listing contexts for virtual host 'localhost'
13-Mar-2023 14:51:34.952 INFO [http-nio-9999-exec-60] org.apache.catalina.core.ApplicationContext.log Manager: restart: Reloading web application '/Assignment'
13-Mar-2023 14:52:23.360 INFO [http-nio-9999-exec-45] org.apache.catalina.core.ApplicationContext.log Manager: list: Listing contexts for virtual host 'localhost'
13-Mar-2023 14:52:23.365 INFO [http-nio-9999-exec-61] org.apache.catalina.core.ApplicationContext.log Manager: restart: Reloading web application '/Assignment'
13-Mar-2023 14:53:28.625 INFO [http-nio-9999-exec-60] org.apache.catalina.core.ApplicationContext.log Manager: list: Listing contexts for virtual host 'localhost'
13-Mar-2023 14:53:28.631 INFO [http-nio-9999-exec-57] org.apache.catalina.core.ApplicationContext.log Manager: restart: Reloading web application '/Assignment'
13-Mar-2023 14:53:29.315 INFO [http-nio-9999-exec-58] org.apache.catalina.core.ApplicationContext.log Manager: list: Listing contexts for virtual host 'localhost'
13-Mar-2023 14:53:29.322 INFO [http-nio-9999-exec-65] org.apache.catalina.core.ApplicationContext.log Manager: restart: Reloading web application '/Assignment'
13-Mar-2023 14:53:48.690 INFO [http-nio-9999-exec-59] org.apache.catalina.core.ApplicationContext.log Manager: list: Listing contexts for virtual host 'localhost'
13-Mar-2023 14:53:48.696 INFO [http-nio-9999-exec-61] org.apache.catalina.core.ApplicationContext.log Manager: restart: Reloading web application '/Assignment'
13-Mar-2023 15:00:56.085 INFO [http-nio-9999-exec-71] org.apache.catalina.core.ApplicationContext.log Manager: list: Listing contexts for virtual host 'localhost'
13-Mar-2023 15:00:56.090 INFO [http-nio-9999-exec-72] org.apache.catalina.core.ApplicationContext.log Manager: restart: Reloading web application '/Assignment'
13-Mar-2023 15:01:30.689 INFO [http-nio-9999-exec-75] org.apache.catalina.core.ApplicationContext.log Manager: list: Listing contexts for virtual host 'localhost'
13-Mar-2023 15:01:30.694 INFO [http-nio-9999-exec-78] org.apache.catalina.core.ApplicationContext.log Manager: restart: Reloading web application '/Assignment'
13-Mar-2023 15:03:39.298 INFO [http-nio-9999-exec-79] org.apache.catalina.core.ApplicationContext.log Manager: list: Listing contexts for virtual host 'localhost'
13-Mar-2023 15:03:39.304 INFO [http-nio-9999-exec-80] org.apache.catalina.core.ApplicationContext.log Manager: restart: Reloading web application '/Assignment'
13-Mar-2023 15:04:00.834 INFO [http-nio-9999-exec-84] org.apache.catalina.core.ApplicationContext.log Manager: list: Listing contexts for virtual host 'localhost'
13-Mar-2023 15:04:00.841 INFO [http-nio-9999-exec-78] org.apache.catalina.core.ApplicationContext.log Manager: restart: Reloading web application '/Assignment'
13-Mar-2023 15:04:12.245 INFO [http-nio-9999-exec-79] org.apache.catalina.core.ApplicationContext.log Manager: list: Listing contexts for virtual host 'localhost'
13-Mar-2023 15:04:12.250 INFO [http-nio-9999-exec-80] org.apache.catalina.core.ApplicationContext.log Manager: restart: Reloading web application '/Assignment'
13-Mar-2023 15:07:01.141 INFO [http-nio-9999-exec-92] org.apache.catalina.core.ApplicationContext.log Manager: list: Listing contexts for virtual host 'localhost'
13-Mar-2023 15:08:11.048 INFO [http-nio-9999-exec-92] org.apache.catalina.core.ApplicationContext.log Manager: list: Listing contexts for virtual host 'localhost'
13-Mar-2023 15:08:11.054 INFO [http-nio-9999-exec-90] org.apache.catalina.core.ApplicationContext.log Manager: restart: Reloading web application '/Assignment'
13-Mar-2023 15:08:24.904 INFO [http-nio-9999-exec-95] org.apache.catalina.core.ApplicationContext.log Manager: list: Listing contexts for virtual host 'localhost'
13-Mar-2023 15:08:24.909 INFO [http-nio-9999-exec-91] org.apache.catalina.core.ApplicationContext.log Manager: restart: Reloading web application '/Assignment'
13-Mar-2023 15:08:25.589 INFO [http-nio-9999-exec-92] org.apache.catalina.core.ApplicationContext.log Manager: list: Listing contexts for virtual host 'localhost'
13-Mar-2023 15:08:25.594 INFO [http-nio-9999-exec-93] org.apache.catalina.core.ApplicationContext.log Manager: restart: Reloading web application '/Assignment'
13-Mar-2023 15:08:37.656 INFO [http-nio-9999-exec-95] org.apache.catalina.core.ApplicationContext.log Manager: list: Listing contexts for virtual host 'localhost'
13-Mar-2023 15:08:37.662 INFO [http-nio-9999-exec-91] org.apache.catalina.core.ApplicationContext.log Manager: restart: Reloading web application '/Assignment'
13-Mar-2023 15:11:39.863 INFO [http-nio-9999-exec-101] org.apache.catalina.core.ApplicationContext.log Manager: list: Listing contexts for virtual host 'localhost'
13-Mar-2023 15:11:39.869 INFO [http-nio-9999-exec-103] org.apache.catalina.core.ApplicationContext.log Manager: restart: Reloading web application '/Assignment'
13-Mar-2023 15:11:40.575 INFO [http-nio-9999-exec-110] org.apache.catalina.core.ApplicationContext.log Manager: list: Listing contexts for virtual host 'localhost'
13-Mar-2023 15:11:40.579 INFO [http-nio-9999-exec-104] org.apache.catalina.core.ApplicationContext.log Manager: restart: Reloading web application '/Assignment'
13-Mar-2023 15:12:23.963 INFO [http-nio-9999-exec-102] org.apache.catalina.core.ApplicationContext.log Manager: list: Listing contexts for virtual host 'localhost'
13-Mar-2023 15:12:23.969 INFO [http-nio-9999-exec-108] org.apache.catalina.core.ApplicationContext.log Manager: restart: Reloading web application '/Assignment'
13-Mar-2023 15:12:35.253 INFO [http-nio-9999-exec-105] org.apache.catalina.core.ApplicationContext.log Manager: list: Listing contexts for virtual host 'localhost'
13-Mar-2023 15:12:35.258 INFO [http-nio-9999-exec-106] org.apache.catalina.core.ApplicationContext.log Manager: restart: Reloading web application '/Assignment'
13-Mar-2023 15:13:38.611 INFO [http-nio-9999-exec-117] org.apache.catalina.core.ApplicationContext.log Manager: list: Listing contexts for virtual host 'localhost'
13-Mar-2023 15:13:38.617 INFO [http-nio-9999-exec-118] org.apache.catalina.core.ApplicationContext.log Manager: restart: Reloading web application '/Assignment'
13-Mar-2023 15:13:52.114 INFO [http-nio-9999-exec-117] org.apache.catalina.core.ApplicationContext.log Manager: list: Listing contexts for virtual host 'localhost'
13-Mar-2023 15:13:52.118 INFO [http-nio-9999-exec-121] org.apache.catalina.core.ApplicationContext.log Manager: restart: Reloading web application '/Assignment'
13-Mar-2023 15:13:52.791 INFO [http-nio-9999-exec-116] org.apache.catalina.core.ApplicationContext.log Manager: list: Listing contexts for virtual host 'localhost'
13-Mar-2023 15:13:52.795 INFO [http-nio-9999-exec-122] org.apache.catalina.core.ApplicationContext.log Manager: restart: Reloading web application '/Assignment'
13-Mar-2023 15:14:06.854 INFO [http-nio-9999-exec-117] org.apache.catalina.core.ApplicationContext.log Manager: list: Listing contexts for virtual host 'localhost'
13-Mar-2023 15:14:06.859 INFO [http-nio-9999-exec-121] org.apache.catalina.core.ApplicationContext.log Manager: restart: Reloading web application '/Assignment'
13-Mar-2023 15:18:05.653 INFO [http-nio-9999-exec-131] org.apache.catalina.core.ApplicationContext.log Manager: list: Listing contexts for virtual host 'localhost'
13-Mar-2023 15:18:05.661 INFO [http-nio-9999-exec-132] org.apache.catalina.core.ApplicationContext.log Manager: restart: Reloading web application '/Assignment'
13-Mar-2023 15:18:06.418 INFO [http-nio-9999-exec-134] org.apache.catalina.core.ApplicationContext.log Manager: list: Listing contexts for virtual host 'localhost'
13-Mar-2023 15:18:06.423 INFO [http-nio-9999-exec-133] org.apache.catalina.core.ApplicationContext.log Manager: restart: Reloading web application '/Assignment'
13-Mar-2023 15:18:24.480 INFO [http-nio-9999-exec-127] org.apache.catalina.core.ApplicationContext.log Manager: list: Listing contexts for virtual host 'localhost'
13-Mar-2023 15:18:24.487 INFO [http-nio-9999-exec-130] org.apache.catalina.core.ApplicationContext.log Manager: restart: Reloading web application '/Assignment'
13-Mar-2023 15:18:37.671 INFO [http-nio-9999-exec-125] org.apache.catalina.core.ApplicationContext.log Manager: list: Listing contexts for virtual host 'localhost'
13-Mar-2023 15:18:37.677 INFO [http-nio-9999-exec-136] org.apache.catalina.core.ApplicationContext.log Manager: restart: Reloading web application '/Assignment'
13-Mar-2023 15:19:36.883 INFO [http-nio-9999-exec-144] org.apache.catalina.core.ApplicationContext.log Manager: list: Listing contexts for virtual host 'localhost'
13-Mar-2023 15:59:32.209 INFO [http-nio-9999-exec-147] org.apache.catalina.core.ApplicationContext.log Manager: list: Listing contexts for virtual host 'localhost'
13-Mar-2023 15:59:46.562 INFO [http-nio-9999-exec-139] org.apache.catalina.core.ApplicationContext.log Manager: list: Listing contexts for virtual host 'localhost'
13-Mar-2023 16:00:02.250 INFO [http-nio-9999-exec-146] org.apache.catalina.core.ApplicationContext.log Manager: list: Listing contexts for virtual host 'localhost'
13-Mar-2023 16:00:27.369 INFO [http-nio-9999-exec-144] org.apache.catalina.core.ApplicationContext.log Manager: list: Listing contexts for virtual host 'localhost'
13-Mar-2023 16:00:43.248 INFO [http-nio-9999-exec-147] org.apache.catalina.core.ApplicationContext.log Manager: list: Listing contexts for virtual host 'localhost'
13-Mar-2023 16:02:25.174 INFO [http-nio-9999-exec-146] org.apache.catalina.core.ApplicationContext.log Manager: list: Listing contexts for virtual host 'localhost'
13-Mar-2023 16:33:40.273 INFO [http-nio-9999-exec-138] org.apache.catalina.core.ApplicationContext.log Manager: list: Listing contexts for virtual host 'localhost'
13-Mar-2023 16:35:06.895 INFO [http-nio-9999-exec-140] org.apache.catalina.core.ApplicationContext.log Manager: list: Listing contexts for virtual host 'localhost'
13-Mar-2023 16:35:38.261 INFO [http-nio-9999-exec-141] org.apache.catalina.core.ApplicationContext.log Manager: list: Listing contexts for virtual host 'localhost'
13-Mar-2023 16:36:06.945 INFO [http-nio-9999-exec-139] org.apache.catalina.core.ApplicationContext.log Manager: list: Listing contexts for virtual host 'localhost'
13-Mar-2023 16:37:00.973 INFO [http-nio-9999-exec-144] org.apache.catalina.core.ApplicationContext.log Manager: list: Listing contexts for virtual host 'localhost'
13-Mar-2023 16:38:30.442 INFO [http-nio-9999-exec-146] org.apache.catalina.core.ApplicationContext.log Manager: list: Listing contexts for virtual host 'localhost'
13-Mar-2023 16:39:48.442 INFO [http-nio-9999-exec-142] org.apache.catalina.core.ApplicationContext.log Manager: list: Listing contexts for virtual host 'localhost'
13-Mar-2023 16:41:14.263 INFO [http-nio-9999-exec-143] org.apache.catalina.core.ApplicationContext.log Manager: list: Listing contexts for virtual host 'localhost'
13-Mar-2023 16:42:44.705 INFO [http-nio-9999-exec-138] org.apache.catalina.core.ApplicationContext.log Manager: list: Listing contexts for virtual host 'localhost'
13-Mar-2023 16:43:14.944 INFO [http-nio-9999-exec-143] org.apache.catalina.core.ApplicationContext.log Manager: list: Listing contexts for virtual host 'localhost'
13-Mar-2023 16:44:32.728 INFO [http-nio-9999-exec-147] org.apache.catalina.core.ApplicationContext.log Manager: list: Listing contexts for virtual host 'localhost'
13-Mar-2023 16:47:04.529 INFO [http-nio-9999-exec-143] org.apache.catalina.core.ApplicationContext.log Manager: list: Listing contexts for virtual host 'localhost'
13-Mar-2023 16:49:20.521 INFO [http-nio-9999-exec-143] org.apache.catalina.core.ApplicationContext.log Manager: list: Listing contexts for virtual host 'localhost'
13-Mar-2023 16:49:43.844 INFO [http-nio-9999-exec-145] org.apache.catalina.core.ApplicationContext.log Manager: list: Listing contexts for virtual host 'localhost'
13-Mar-2023 16:50:26.498 INFO [http-nio-9999-exec-145] org.apache.catalina.core.ApplicationContext.log Manager: list: Listing contexts for virtual host 'localhost'
13-Mar-2023 16:50:47.368 INFO [http-nio-9999-exec-138] org.apache.catalina.core.ApplicationContext.log Manager: list: Listing contexts for virtual host 'localhost'
13-Mar-2023 16:52:59.394 INFO [http-nio-9999-exec-141] org.apache.catalina.core.ApplicationContext.log Manager: list: Listing contexts for virtual host 'localhost'
13-Mar-2023 16:54:21.483 INFO [http-nio-9999-exec-141] org.apache.catalina.core.ApplicationContext.log Manager: list: Listing contexts for virtual host 'localhost'
13-Mar-2023 16:54:31.528 INFO [http-nio-9999-exec-145] org.apache.catalina.core.ApplicationContext.log Manager: list: Listing contexts for virtual host 'localhost'
13-Mar-2023 16:54:57.845 INFO [http-nio-9999-exec-140] org.apache.catalina.core.ApplicationContext.log Manager: list: Listing contexts for virtual host 'localhost'
13-Mar-2023 16:55:44.573 INFO [http-nio-9999-exec-140] org.apache.catalina.core.ApplicationContext.log Manager: list: Listing contexts for virtual host 'localhost'
13-Mar-2023 16:55:54.183 INFO [http-nio-9999-exec-138] org.apache.catalina.core.ApplicationContext.log Manager: list: Listing contexts for virtual host 'localhost'
13-Mar-2023 16:56:50.132 INFO [http-nio-9999-exec-145] org.apache.catalina.core.ApplicationContext.log Manager: list: Listing contexts for virtual host 'localhost'
13-Mar-2023 16:59:23.026 INFO [http-nio-9999-exec-143] org.apache.catalina.core.ApplicationContext.log Manager: list: Listing contexts for virtual host 'localhost'
13-Mar-2023 17:00:03.116 INFO [http-nio-9999-exec-141] org.apache.catalina.core.ApplicationContext.log Manager: list: Listing contexts for virtual host 'localhost'
13-Mar-2023 17:00:10.967 INFO [http-nio-9999-exec-144] org.apache.catalina.core.ApplicationContext.log Manager: list: Listing contexts for virtual host 'localhost'
13-Mar-2023 17:01:12.468 INFO [http-nio-9999-exec-143] org.apache.catalina.core.ApplicationContext.log Manager: list: Listing contexts for virtual host 'localhost'
13-Mar-2023 17:01:38.378 INFO [http-nio-9999-exec-139] org.apache.catalina.core.ApplicationContext.log Manager: list: Listing contexts for virtual host 'localhost'
13-Mar-2023 17:03:42.985 INFO [http-nio-9999-exec-147] org.apache.catalina.core.ApplicationContext.log Manager: list: Listing contexts for virtual host 'localhost'
13-Mar-2023 17:04:05.948 INFO [http-nio-9999-exec-144] org.apache.catalina.core.ApplicationContext.log Manager: list: Listing contexts for virtual host 'localhost'
13-Mar-2023 17:04:23.310 INFO [http-nio-9999-exec-143] org.apache.catalina.core.ApplicationContext.log Manager: list: Listing contexts for virtual host 'localhost'
13-Mar-2023 17:04:35.247 INFO [http-nio-9999-exec-143] org.apache.catalina.core.ApplicationContext.log Manager: list: Listing contexts for virtual host 'localhost'
13-Mar-2023 17:05:52.597 INFO [http-nio-9999-exec-139] org.apache.catalina.core.ApplicationContext.log Manager: list: Listing contexts for virtual host 'localhost'
13-Mar-2023 17:06:01.802 INFO [http-nio-9999-exec-145] org.apache.catalina.core.ApplicationContext.log Manager: list: Listing contexts for virtual host 'localhost'
13-Mar-2023 17:06:10.465 INFO [http-nio-9999-exec-141] org.apache.catalina.core.ApplicationContext.log Manager: list: Listing contexts for virtual host 'localhost'
13-Mar-2023 17:08:10.625 INFO [http-nio-9999-exec-143] org.apache.catalina.core.ApplicationContext.log Manager: list: Listing contexts for virtual host 'localhost'
13-Mar-2023 17:08:22.001 INFO [http-nio-9999-exec-139] org.apache.catalina.core.ApplicationContext.log Manager: list: Listing contexts for virtual host 'localhost'
13-Mar-2023 17:10:09.937 INFO [http-nio-9999-exec-145] org.apache.catalina.core.ApplicationContext.log Manager: list: Listing contexts for virtual host 'localhost'
13-Mar-2023 17:11:11.117 INFO [http-nio-9999-exec-147] org.apache.catalina.core.ApplicationContext.log Manager: list: Listing contexts for virtual host 'localhost'
13-Mar-2023 17:11:16.147 INFO [http-nio-9999-exec-142] org.apache.catalina.core.ApplicationContext.log Manager: list: Listing contexts for virtual host 'localhost'
13-Mar-2023 17:12:01.308 INFO [http-nio-9999-exec-146] org.apache.catalina.core.ApplicationContext.log Manager: list: Listing contexts for virtual host 'localhost'
13-Mar-2023 17:12:16.286 INFO [http-nio-9999-exec-146] org.apache.catalina.core.ApplicationContext.log Manager: list: Listing contexts for virtual host 'localhost'
13-Mar-2023 17:12:58.104 INFO [http-nio-9999-exec-139] org.apache.catalina.core.ApplicationContext.log Manager: list: Listing contexts for virtual host 'localhost'
13-Mar-2023 17:13:26.440 INFO [http-nio-9999-exec-139] org.apache.catalina.core.ApplicationContext.log Manager: list: Listing contexts for virtual host 'localhost'
13-Mar-2023 17:13:33.948 INFO [http-nio-9999-exec-143] org.apache.catalina.core.ApplicationContext.log Manager: list: Listing contexts for virtual host 'localhost'
13-Mar-2023 17:13:51.334 INFO [http-nio-9999-exec-147] org.apache.catalina.core.ApplicationContext.log Manager: list: Listing contexts for virtual host 'localhost'
13-Mar-2023 17:14:27.059 INFO [http-nio-9999-exec-143] org.apache.catalina.core.ApplicationContext.log Manager: list: Listing contexts for virtual host 'localhost'
13-Mar-2023 17:16:46.407 INFO [http-nio-9999-exec-144] org.apache.catalina.core.ApplicationContext.log Manager: list: Listing contexts for virtual host 'localhost'
13-Mar-2023 17:16:54.706 INFO [http-nio-9999-exec-146] org.apache.catalina.core.ApplicationContext.log Manager: list: Listing contexts for virtual host 'localhost'
13-Mar-2023 17:59:29.389 INFO [http-nio-9999-exec-6] org.apache.catalina.core.ApplicationContext.log Manager: init: Associated with Deployer 'Catalina:type=Deployer,host=localhost'
13-Mar-2023 17:59:29.389 INFO [http-nio-9999-exec-6] org.apache.catalina.core.ApplicationContext.log Manager: init: Global resources are available
13-Mar-2023 17:59:29.416 INFO [http-nio-9999-exec-9] org.apache.catalina.core.ApplicationContext.log Manager: list: Listing contexts for virtual host 'localhost'
13-Mar-2023 17:59:29.421 INFO [http-nio-9999-exec-10] org.apache.catalina.core.ApplicationContext.log Manager: list: Listing contexts for virtual host 'localhost'
13-Mar-2023 17:59:29.492 INFO [http-nio-9999-exec-1] org.apache.catalina.core.ApplicationContext.log Manager: undeploy: Undeploying web application at '/Assignment'
13-Mar-2023 17:59:30.025 INFO [http-nio-9999-exec-9] org.apache.catalina.core.ApplicationContext.log Manager: install: Installing context configuration at 'file:/C:/Users/ADMIN/AppData/Local/Temp/context4968276091452926767.xml'
13-Mar-2023 17:59:30.424 INFO [http-nio-9999-exec-2] org.apache.catalina.core.ApplicationContext.log Manager: start: Starting web application '/Assignment'
13-Mar-2023 18:01:00.555 INFO [http-nio-9999-exec-11] org.apache.catalina.core.ApplicationContext.log Manager: list: Listing contexts for virtual host 'localhost'
13-Mar-2023 18:01:09.610 INFO [http-nio-9999-exec-16] org.apache.catalina.core.ApplicationContext.log Manager: list: Listing contexts for virtual host 'localhost'
13-Mar-2023 18:02:15.593 INFO [http-nio-9999-exec-20] org.apache.catalina.core.ApplicationContext.log Manager: list: Listing contexts for virtual host 'localhost'
13-Mar-2023 18:02:37.132 INFO [http-nio-9999-exec-14] org.apache.catalina.core.ApplicationContext.log Manager: list: Listing contexts for virtual host 'localhost'
13-Mar-2023 18:03:38.579 INFO [http-nio-9999-exec-19] org.apache.catalina.core.ApplicationContext.log Manager: list: Listing contexts for virtual host 'localhost'
13-Mar-2023 18:05:18.971 INFO [http-nio-9999-exec-18] org.apache.catalina.core.ApplicationContext.log Manager: list: Listing contexts for virtual host 'localhost'
13-Mar-2023 18:05:27.654 INFO [http-nio-9999-exec-14] org.apache.catalina.core.ApplicationContext.log Manager: list: Listing contexts for virtual host 'localhost'
13-Mar-2023 18:10:14.184 INFO [http-nio-9999-exec-12] org.apache.catalina.core.ApplicationContext.log Manager: list: Listing contexts for virtual host 'localhost'
13-Mar-2023 18:10:14.190 INFO [http-nio-9999-exec-14] org.apache.catalina.core.ApplicationContext.log Manager: restart: Reloading web application '/Assignment'
13-Mar-2023 18:11:09.985 INFO [http-nio-9999-exec-13] org.apache.catalina.core.ApplicationContext.log Manager: list: Listing contexts for virtual host 'localhost'
13-Mar-2023 18:11:09.990 INFO [http-nio-9999-exec-15] org.apache.catalina.core.ApplicationContext.log Manager: restart: Reloading web application '/Assignment'
13-Mar-2023 18:14:28.484 INFO [http-nio-9999-exec-16] org.apache.catalina.core.ApplicationContext.log Manager: list: Listing contexts for virtual host 'localhost'
13-Mar-2023 18:14:28.491 INFO [http-nio-9999-exec-26] org.apache.catalina.core.ApplicationContext.log Manager: restart: Reloading web application '/Assignment'
13-Mar-2023 18:14:29.224 INFO [http-nio-9999-exec-15] org.apache.catalina.core.ApplicationContext.log Manager: list: Listing contexts for virtual host 'localhost'
13-Mar-2023 18:14:29.229 INFO [http-nio-9999-exec-13] org.apache.catalina.core.ApplicationContext.log Manager: restart: Reloading web application '/Assignment'
13-Mar-2023 18:18:32.554 INFO [http-nio-9999-exec-30] org.apache.catalina.core.ApplicationContext.log Manager: list: Listing contexts for virtual host 'localhost'
13-Mar-2023 18:20:05.598 INFO [http-nio-9999-exec-28] org.apache.catalina.core.ApplicationContext.log Manager: list: Listing contexts for virtual host 'localhost'
13-Mar-2023 18:20:05.604 INFO [http-nio-9999-exec-29] org.apache.catalina.core.ApplicationContext.log Manager: restart: Reloading web application '/Assignment'
13-Mar-2023 18:24:05.712 INFO [http-nio-9999-exec-36] org.apache.catalina.core.ApplicationContext.log Manager: list: Listing contexts for virtual host 'localhost'
13-Mar-2023 18:30:02.623 INFO [http-nio-9999-exec-44] org.apache.catalina.core.ApplicationContext.log Manager: list: Listing contexts for virtual host 'localhost'
13-Mar-2023 18:35:05.921 INFO [http-nio-9999-exec-39] org.apache.catalina.core.ApplicationContext.log Manager: list: Listing contexts for virtual host 'localhost'
13-Mar-2023 18:35:05.926 INFO [http-nio-9999-exec-40] org.apache.catalina.core.ApplicationContext.log Manager: restart: Reloading web application '/Assignment'
13-Mar-2023 18:35:06.675 INFO [http-nio-9999-exec-42] org.apache.catalina.core.ApplicationContext.log Manager: list: Listing contexts for virtual host 'localhost'
13-Mar-2023 18:35:06.681 INFO [http-nio-9999-exec-37] org.apache.catalina.core.ApplicationContext.log Manager: restart: Reloading web application '/Assignment'
13-Mar-2023 18:35:08.198 INFO [http-nio-9999-exec-44] org.apache.catalina.core.ApplicationContext.log Manager: list: Listing contexts for virtual host 'localhost'
13-Mar-2023 18:35:08.204 INFO [http-nio-9999-exec-36] org.apache.catalina.core.ApplicationContext.log Manager: restart: Reloading web application '/Assignment'
13-Mar-2023 18:35:15.191 INFO [http-nio-9999-exec-35] org.apache.catalina.core.ApplicationContext.log Manager: list: Listing contexts for virtual host 'localhost'
13-Mar-2023 18:35:15.197 INFO [http-nio-9999-exec-41] org.apache.catalina.core.ApplicationContext.log Manager: restart: Reloading web application '/Assignment'
13-Mar-2023 18:39:25.795 INFO [http-nio-9999-exec-51] org.apache.catalina.core.ApplicationContext.log Manager: list: Listing contexts for virtual host 'localhost'
13-Mar-2023 18:39:25.800 INFO [http-nio-9999-exec-52] org.apache.catalina.core.ApplicationContext.log Manager: restart: Reloading web application '/Assignment'
13-Mar-2023 18:40:17.670 INFO [http-nio-9999-exec-51] org.apache.catalina.core.ApplicationContext.log Manager: list: Listing contexts for virtual host 'localhost'
13-Mar-2023 18:40:17.676 INFO [http-nio-9999-exec-49] org.apache.catalina.core.ApplicationContext.log Manager: restart: Reloading web application '/Assignment'
13-Mar-2023 18:45:41.236 INFO [http-nio-9999-exec-64] org.apache.catalina.core.ApplicationContext.log Manager: list: Listing contexts for virtual host 'localhost'
13-Mar-2023 18:45:41.242 INFO [http-nio-9999-exec-65] org.apache.catalina.core.ApplicationContext.log Manager: restart: Reloading web application '/Assignment'
13-Mar-2023 18:45:41.939 INFO [http-nio-9999-exec-63] org.apache.catalina.core.ApplicationContext.log Manager: list: Listing contexts for virtual host 'localhost'
13-Mar-2023 18:45:41.945 INFO [http-nio-9999-exec-61] org.apache.catalina.core.ApplicationContext.log Manager: restart: Reloading web application '/Assignment'
13-Mar-2023 18:45:53.424 INFO [http-nio-9999-exec-64] org.apache.catalina.core.ApplicationContext.log Manager: list: Listing contexts for virtual host 'localhost'
13-Mar-2023 18:45:53.430 INFO [http-nio-9999-exec-67] org.apache.catalina.core.ApplicationContext.log Manager: restart: Reloading web application '/Assignment'
13-Mar-2023 18:48:03.908 INFO [http-nio-9999-exec-74] org.apache.catalina.core.ApplicationContext.log Manager: list: Listing contexts for virtual host 'localhost'
13-Mar-2023 18:50:41.666 INFO [http-nio-9999-exec-77] org.apache.catalina.core.ApplicationContext.log Manager: list: Listing contexts for virtual host 'localhost'
13-Mar-2023 18:52:53.421 INFO [http-nio-9999-exec-75] org.apache.catalina.core.ApplicationContext.log Manager: list: Listing contexts for virtual host 'localhost'
13-Mar-2023 19:01:19.856 INFO [http-nio-9999-exec-74] org.apache.catalina.core.ApplicationContext.log Manager: list: Listing contexts for virtual host 'localhost'
13-Mar-2023 19:14:21.615 INFO [http-nio-9999-exec-79] org.apache.catalina.core.ApplicationContext.log Manager: list: Listing contexts for virtual host 'localhost'
13-Mar-2023 19:15:10.299 INFO [http-nio-9999-exec-76] org.apache.catalina.core.ApplicationContext.log Manager: list: Listing contexts for virtual host 'localhost'
13-Mar-2023 19:15:37.723 INFO [http-nio-9999-exec-79] org.apache.catalina.core.ApplicationContext.log Manager: list: Listing contexts for virtual host 'localhost'
13-Mar-2023 19:16:01.605 INFO [http-nio-9999-exec-78] org.apache.catalina.core.ApplicationContext.log Manager: list: Listing contexts for virtual host 'localhost'
13-Mar-2023 19:17:30.793 INFO [http-nio-9999-exec-73] org.apache.catalina.core.ApplicationContext.log Manager: list: Listing contexts for virtual host 'localhost'
13-Mar-2023 19:17:30.799 INFO [http-nio-9999-exec-76] org.apache.catalina.core.ApplicationContext.log Manager: restart: Reloading web application '/Assignment'
13-Mar-2023 19:17:40.235 INFO [http-nio-9999-exec-80] org.apache.catalina.core.ApplicationContext.log Manager: list: Listing contexts for virtual host 'localhost'
13-Mar-2023 19:18:08.081 INFO [http-nio-9999-exec-85] org.apache.catalina.core.ApplicationContext.log Manager: list: Listing contexts for virtual host 'localhost'
13-Mar-2023 19:18:39.044 INFO [http-nio-9999-exec-89] org.apache.catalina.core.ApplicationContext.log Manager: list: Listing contexts for virtual host 'localhost'
13-Mar-2023 19:35:47.237 INFO [http-nio-9999-exec-84] org.apache.catalina.core.ApplicationContext.log Manager: list: Listing contexts for virtual host 'localhost'
13-Mar-2023 19:36:01.395 INFO [http-nio-9999-exec-85] org.apache.catalina.core.ApplicationContext.log Manager: list: Listing contexts for virtual host 'localhost'
13-Mar-2023 19:36:42.293 INFO [http-nio-9999-exec-83] org.apache.catalina.core.ApplicationContext.log Manager: list: Listing contexts for virtual host 'localhost'
13-Mar-2023 19:36:53.615 INFO [http-nio-9999-exec-82] org.apache.catalina.core.ApplicationContext.log Manager: list: Listing contexts for virtual host 'localhost'
13-Mar-2023 19:37:47.651 INFO [http-nio-9999-exec-91] org.apache.catalina.core.ApplicationContext.log Manager: list: Listing contexts for virtual host 'localhost'
13-Mar-2023 19:38:23.126 INFO [http-nio-9999-exec-89] org.apache.catalina.core.ApplicationContext.log Manager: list: Listing contexts for virtual host 'localhost'
13-Mar-2023 19:39:12.353 INFO [http-nio-9999-exec-82] org.apache.catalina.core.ApplicationContext.log Manager: list: Listing contexts for virtual host 'localhost'
13-Mar-2023 19:40:37.195 INFO [http-nio-9999-exec-91] org.apache.catalina.core.ApplicationContext.log Manager: list: Listing contexts for virtual host 'localhost'
13-Mar-2023 19:40:59.239 INFO [http-nio-9999-exec-87] org.apache.catalina.core.ApplicationContext.log Manager: list: Listing contexts for virtual host 'localhost'
13-Mar-2023 19:41:08.498 INFO [http-nio-9999-exec-82] org.apache.catalina.core.ApplicationContext.log Manager: list: Listing contexts for virtual host 'localhost'
13-Mar-2023 20:38:41.809 INFO [http-nio-9999-exec-88] org.apache.catalina.core.ApplicationContext.log Manager: list: Listing contexts for virtual host 'localhost'
13-Mar-2023 20:38:42.133 INFO [http-nio-9999-exec-84] org.apache.catalina.core.ApplicationContext.log Manager: list: Listing contexts for virtual host 'localhost'
13-Mar-2023 20:39:16.940 INFO [http-nio-9999-exec-88] org.apache.catalina.core.ApplicationContext.log Manager: list: Listing contexts for virtual host 'localhost'
13-Mar-2023 20:41:44.474 INFO [http-nio-9999-exec-88] org.apache.catalina.core.ApplicationContext.log Manager: list: Listing contexts for virtual host 'localhost'
13-Mar-2023 20:42:43.320 INFO [http-nio-9999-exec-82] org.apache.catalina.core.ApplicationContext.log Manager: list: Listing contexts for virtual host 'localhost'
13-Mar-2023 20:43:05.166 INFO [http-nio-9999-exec-91] org.apache.catalina.core.ApplicationContext.log Manager: list: Listing contexts for virtual host 'localhost'
13-Mar-2023 20:48:43.533 INFO [http-nio-9999-exec-86] org.apache.catalina.core.ApplicationContext.log Manager: list: Listing contexts for virtual host 'localhost'
13-Mar-2023 20:49:27.875 INFO [http-nio-9999-exec-84] org.apache.catalina.core.ApplicationContext.log Manager: list: Listing contexts for virtual host 'localhost'
13-Mar-2023 20:49:27.883 INFO [http-nio-9999-exec-85] org.apache.catalina.core.ApplicationContext.log Manager: stop: Stopping web application '/Assignment'
13-Mar-2023 20:49:27.891 INFO [http-nio-9999-exec-89] org.apache.catalina.core.ApplicationContext.log Manager: start: Starting web application '/Assignment'
13-Mar-2023 20:49:28.726 INFO [http-nio-9999-exec-86] org.apache.catalina.core.ApplicationContext.log Manager: list: Listing contexts for virtual host 'localhost'
13-Mar-2023 20:49:28.737 INFO [http-nio-9999-exec-83] org.apache.catalina.core.ApplicationContext.log Manager: restart: Reloading web application '/Assignment'
13-Mar-2023 20:50:09.107 INFO [http-nio-9999-exec-93] org.apache.catalina.core.ApplicationContext.log Manager: list: Listing contexts for virtual host 'localhost'
13-Mar-2023 20:50:09.116 INFO [http-nio-9999-exec-82] org.apache.catalina.core.ApplicationContext.log Manager: restart: Reloading web application '/Assignment'
13-Mar-2023 20:50:22.755 INFO [http-nio-9999-exec-94] org.apache.catalina.core.ApplicationContext.log Manager: list: Listing contexts for virtual host 'localhost'
13-Mar-2023 20:50:23.087 INFO [http-nio-9999-exec-82] org.apache.catalina.core.ApplicationContext.log Manager: list: Listing contexts for virtual host 'localhost'
13-Mar-2023 20:50:57.149 INFO [http-nio-9999-exec-82] org.apache.catalina.core.ApplicationContext.log Manager: list: Listing contexts for virtual host 'localhost'
13-Mar-2023 20:54:27.358 INFO [http-nio-9999-exec-99] org.apache.catalina.core.ApplicationContext.log Manager: list: Listing contexts for virtual host 'localhost'
13-Mar-2023 20:54:41.904 INFO [http-nio-9999-exec-100] org.apache.catalina.core.ApplicationContext.log Manager: list: Listing contexts for virtual host 'localhost'
13-Mar-2023 20:54:54.402 INFO [http-nio-9999-exec-104] org.apache.catalina.core.ApplicationContext.log Manager: list: Listing contexts for virtual host 'localhost'
13-Mar-2023 20:55:18.757 INFO [http-nio-9999-exec-99] org.apache.catalina.core.ApplicationContext.log Manager: list: Listing contexts for virtual host 'localhost'
13-Mar-2023 20:56:44.121 INFO [http-nio-9999-exec-100] org.apache.catalina.core.ApplicationContext.log Manager: list: Listing contexts for virtual host 'localhost'
13-Mar-2023 20:56:56.997 INFO [http-nio-9999-exec-97] org.apache.catalina.core.ApplicationContext.log Manager: list: Listing contexts for virtual host 'localhost'
13-Mar-2023 20:57:57.228 INFO [http-nio-9999-exec-104] org.apache.catalina.core.ApplicationContext.log Manager: list: Listing contexts for virtual host 'localhost'
13-Mar-2023 20:58:50.089 INFO [http-nio-9999-exec-104] org.apache.catalina.core.ApplicationContext.log Manager: list: Listing contexts for virtual host 'localhost'
13-Mar-2023 20:59:04.509 INFO [http-nio-9999-exec-100] org.apache.catalina.core.ApplicationContext.log Manager: list: Listing contexts for virtual host 'localhost'
13-Mar-2023 20:59:44.274 INFO [http-nio-9999-exec-102] org.apache.catalina.core.ApplicationContext.log Manager: list: Listing contexts for virtual host 'localhost'
13-Mar-2023 21:02:35.203 INFO [http-nio-9999-exec-104] org.apache.catalina.core.ApplicationContext.log Manager: list: Listing contexts for virtual host 'localhost'
13-Mar-2023 21:02:55.266 INFO [http-nio-9999-exec-95] org.apache.catalina.core.ApplicationContext.log Manager: list: Listing contexts for virtual host 'localhost'
13-Mar-2023 21:05:13.994 INFO [http-nio-9999-exec-95] org.apache.catalina.core.ApplicationContext.log Manager: list: Listing contexts for virtual host 'localhost'
13-Mar-2023 21:05:22.937 INFO [http-nio-9999-exec-96] org.apache.catalina.core.ApplicationContext.log Manager: list: Listing contexts for virtual host 'localhost'
13-Mar-2023 21:05:53.716 INFO [http-nio-9999-exec-98] org.apache.catalina.core.ApplicationContext.log Manager: list: Listing contexts for virtual host 'localhost'
13-Mar-2023 21:06:38.539 INFO [http-nio-9999-exec-104] org.apache.catalina.core.ApplicationContext.log Manager: list: Listing contexts for virtual host 'localhost'
13-Mar-2023 21:09:28.422 INFO [http-nio-9999-exec-95] org.apache.catalina.core.ApplicationContext.log Manager: list: Listing contexts for virtual host 'localhost'
13-Mar-2023 21:10:22.290 INFO [http-nio-9999-exec-103] org.apache.catalina.core.ApplicationContext.log Manager: list: Listing contexts for virtual host 'localhost'
13-Mar-2023 21:10:22.291 INFO [http-nio-9999-exec-96] org.apache.catalina.core.ApplicationContext.log Manager: list: Listing contexts for virtual host 'localhost'
13-Mar-2023 21:10:22.337 INFO [http-nio-9999-exec-98] org.apache.catalina.core.ApplicationContext.log Manager: undeploy: Undeploying web application at '/Assignment'
13-Mar-2023 21:10:22.941 INFO [http-nio-9999-exec-103] org.apache.catalina.core.ApplicationContext.log Manager: install: Installing context configuration at 'file:/C:/Users/ADMIN/AppData/Local/Temp/context4259536848776028881.xml'
13-Mar-2023 21:10:23.332 INFO [http-nio-9999-exec-100] org.apache.catalina.core.ApplicationContext.log Manager: start: Starting web application '/Assignment'
13-Mar-2023 21:11:11.492 INFO [http-nio-9999-exec-109] org.apache.catalina.core.ApplicationContext.log Manager: list: Listing contexts for virtual host 'localhost'
13-Mar-2023 21:11:23.532 INFO [http-nio-9999-exec-105] org.apache.catalina.core.ApplicationContext.log Manager: list: Listing contexts for virtual host 'localhost'
13-Mar-2023 21:11:23.534 INFO [http-nio-9999-exec-114] org.apache.catalina.core.ApplicationContext.log Manager: list: Listing contexts for virtual host 'localhost'
13-Mar-2023 21:11:23.566 INFO [http-nio-9999-exec-110] org.apache.catalina.core.ApplicationContext.log Manager: undeploy: Undeploying web application at '/Assignment'
13-Mar-2023 21:11:24.078 INFO [http-nio-9999-exec-111] org.apache.catalina.core.ApplicationContext.log Manager: install: Installing context configuration at 'file:/C:/Users/ADMIN/AppData/Local/Temp/context1246070315403118296.xml'
13-Mar-2023 21:11:24.430 INFO [http-nio-9999-exec-112] org.apache.catalina.core.ApplicationContext.log Manager: start: Starting web application '/Assignment'
13-Mar-2023 21:12:35.336 INFO [http-nio-9999-exec-119] org.apache.catalina.core.ApplicationContext.log Manager: list: Listing contexts for virtual host 'localhost'
13-Mar-2023 21:12:58.291 INFO [http-nio-9999-exec-122] org.apache.catalina.core.ApplicationContext.log Manager: list: Listing contexts for virtual host 'localhost'
13-Mar-2023 21:13:05.383 INFO [http-nio-9999-exec-119] org.apache.catalina.core.ApplicationContext.log Manager: list: Listing contexts for virtual host 'localhost'
13-Mar-2023 21:31:29.623 INFO [http-nio-9999-exec-115] org.apache.catalina.core.ApplicationContext.log Manager: list: Listing contexts for virtual host 'localhost'
13-Mar-2023 21:31:29.630 INFO [http-nio-9999-exec-120] org.apache.catalina.core.ApplicationContext.log Manager: restart: Reloading web application '/Assignment'
13-Mar-2023 21:32:11.852 INFO [http-nio-9999-exec-118] org.apache.catalina.core.ApplicationContext.log Manager: list: Listing contexts for virtual host 'localhost'
13-Mar-2023 21:32:11.858 INFO [http-nio-9999-exec-122] org.apache.catalina.core.ApplicationContext.log Manager: restart: Reloading web application '/Assignment'
13-Mar-2023 21:39:16.728 INFO [http-nio-9999-exec-130] org.apache.catalina.core.ApplicationContext.log Manager: list: Listing contexts for virtual host 'localhost'
13-Mar-2023 21:39:16.734 INFO [http-nio-9999-exec-129] org.apache.catalina.core.ApplicationContext.log Manager: restart: Reloading web application '/Assignment'
13-Mar-2023 21:46:11.821 INFO [http-nio-9999-exec-138] org.apache.catalina.core.ApplicationContext.log Manager: list: Listing contexts for virtual host 'localhost'
13-Mar-2023 21:46:11.826 INFO [http-nio-9999-exec-137] org.apache.catalina.core.ApplicationContext.log Manager: restart: Reloading web application '/Assignment'
13-Mar-2023 21:58:01.783 INFO [http-nio-9999-exec-145] org.apache.catalina.core.ApplicationContext.log Manager: list: Listing contexts for virtual host 'localhost'
13-Mar-2023 21:58:01.788 INFO [http-nio-9999-exec-144] org.apache.catalina.core.ApplicationContext.log Manager: restart: Reloading web application '/Assignment'
13-Mar-2023 22:05:02.564 INFO [http-nio-9999-exec-155] org.apache.catalina.core.ApplicationContext.log Manager: list: Listing contexts for virtual host 'localhost'
13-Mar-2023 22:05:02.569 INFO [http-nio-9999-exec-154] org.apache.catalina.core.ApplicationContext.log Manager: restart: Reloading web application '/Assignment'
13-Mar-2023 22:15:17.146 INFO [http-nio-9999-exec-163] org.apache.catalina.core.ApplicationContext.log Manager: list: Listing contexts for virtual host 'localhost'
13-Mar-2023 22:15:17.151 INFO [http-nio-9999-exec-162] org.apache.catalina.core.ApplicationContext.log Manager: restart: Reloading web application '/Assignment'
13-Mar-2023 22:21:10.074 INFO [http-nio-9999-exec-172] org.apache.catalina.core.ApplicationContext.log Manager: list: Listing contexts for virtual host 'localhost'
13-Mar-2023 22:21:10.080 INFO [http-nio-9999-exec-173] org.apache.catalina.core.ApplicationContext.log Manager: restart: Reloading web application '/Assignment'
13-Mar-2023 22:27:11.320 INFO [http-nio-9999-exec-181] org.apache.catalina.core.ApplicationContext.log Manager: list: Listing contexts for virtual host 'localhost'
13-Mar-2023 22:27:11.326 INFO [http-nio-9999-exec-185] org.apache.catalina.core.ApplicationContext.log Manager: restart: Reloading web application '/Assignment'
13-Mar-2023 22:29:15.474 INFO [http-nio-9999-exec-187] org.apache.catalina.core.ApplicationContext.log Manager: list: Listing contexts for virtual host 'localhost'
13-Mar-2023 22:30:08.608 INFO [http-nio-9999-exec-193] org.apache.catalina.core.ApplicationContext.log Manager: list: Listing contexts for virtual host 'localhost'
13-Mar-2023 22:30:23.443 INFO [http-nio-9999-exec-192] org.apache.catalina.core.ApplicationContext.log Manager: list: Listing contexts for virtual host 'localhost'
13-Mar-2023 22:30:23.449 INFO [http-nio-9999-exec-189] org.apache.catalina.core.ApplicationContext.log Manager: restart: Reloading web application '/Assignment'
13-Mar-2023 22:30:30.985 INFO [http-nio-9999-exec-191] org.apache.catalina.core.ApplicationContext.log Manager: list: Listing contexts for virtual host 'localhost'
13-Mar-2023 22:30:42.829 INFO [http-nio-9999-exec-191] org.apache.catalina.core.ApplicationContext.log Manager: list: Listing contexts for virtual host 'localhost'
13-Mar-2023 22:31:14.163 INFO [http-nio-9999-exec-196] org.apache.catalina.core.ApplicationContext.log Manager: list: Listing contexts for virtual host 'localhost'
13-Mar-2023 22:32:30.589 INFO [http-nio-9999-exec-200] org.apache.catalina.core.ApplicationContext.log Manager: list: Listing contexts for virtual host 'localhost'
13-Mar-2023 22:32:30.596 INFO [http-nio-9999-exec-202] org.apache.catalina.core.ApplicationContext.log Manager: restart: Reloading web application '/Assignment'
13-Mar-2023 22:36:54.169 INFO [http-nio-9999-exec-207] org.apache.catalina.core.ApplicationContext.log Manager: list: Listing contexts for virtual host 'localhost'
13-Mar-2023 22:39:12.778 INFO [http-nio-9999-exec-216] org.apache.catalina.core.ApplicationContext.log Manager: list: Listing contexts for virtual host 'localhost'
13-Mar-2023 22:39:12.786 INFO [http-nio-9999-exec-211] org.apache.catalina.core.ApplicationContext.log Manager: restart: Reloading web application '/Assignment'
13-Mar-2023 22:39:13.491 INFO [http-nio-9999-exec-212] org.apache.catalina.core.ApplicationContext.log Manager: list: Listing contexts for virtual host 'localhost'
13-Mar-2023 22:39:13.496 INFO [http-nio-9999-exec-210] org.apache.catalina.core.ApplicationContext.log Manager: restart: Reloading web application '/Assignment'
13-Mar-2023 22:39:27.623 INFO [http-nio-9999-exec-217] org.apache.catalina.core.ApplicationContext.log Manager: list: Listing contexts for virtual host 'localhost'
13-Mar-2023 22:39:27.628 INFO [http-nio-9999-exec-208] org.apache.catalina.core.ApplicationContext.log Manager: restart: Reloading web application '/Assignment'
13-Mar-2023 22:40:19.607 INFO [http-nio-9999-exec-217] org.apache.catalina.core.ApplicationContext.log Manager: list: Listing contexts for virtual host 'localhost'
13-Mar-2023 22:40:19.612 INFO [http-nio-9999-exec-215] org.apache.catalina.core.ApplicationContext.log Manager: restart: Reloading web application '/Assignment'
13-Mar-2023 22:40:20.341 INFO [http-nio-9999-exec-212] org.apache.catalina.core.ApplicationContext.log Manager: list: Listing contexts for virtual host 'localhost'
13-Mar-2023 22:40:20.346 INFO [http-nio-9999-exec-218] org.apache.catalina.core.ApplicationContext.log Manager: restart: Reloading web application '/Assignment'
13-Mar-2023 22:40:57.133 INFO [http-nio-9999-exec-208] org.apache.catalina.core.ApplicationContext.log Manager: list: Listing contexts for virtual host 'localhost'
13-Mar-2023 22:40:57.139 INFO [http-nio-9999-exec-217] org.apache.catalina.core.ApplicationContext.log Manager: restart: Reloading web application '/Assignment'
13-Mar-2023 22:41:30.761 INFO [http-nio-9999-exec-208] org.apache.catalina.core.ApplicationContext.log Manager: list: Listing contexts for virtual host 'localhost'
13-Mar-2023 22:41:39.520 INFO [http-nio-9999-exec-216] org.apache.catalina.core.ApplicationContext.log Manager: list: Listing contexts for virtual host 'localhost'
13-Mar-2023 22:42:23.936 INFO [http-nio-9999-exec-220] org.apache.catalina.core.ApplicationContext.log Manager: list: Listing contexts for virtual host 'localhost'
13-Mar-2023 22:42:49.695 INFO [http-nio-9999-exec-224] org.apache.catalina.core.ApplicationContext.log Manager: list: Listing contexts for virtual host 'localhost'
13-Mar-2023 22:43:57.247 INFO [http-nio-9999-exec-224] org.apache.catalina.core.ApplicationContext.log Manager: list: Listing contexts for virtual host 'localhost'
13-Mar-2023 22:44:50.232 INFO [http-nio-9999-exec-222] org.apache.catalina.core.ApplicationContext.log Manager: list: Listing contexts for virtual host 'localhost'
13-Mar-2023 22:47:40.460 INFO [http-nio-9999-exec-223] org.apache.catalina.core.ApplicationContext.log Manager: list: Listing contexts for virtual host 'localhost'
13-Mar-2023 22:48:19.334 INFO [http-nio-9999-exec-229] org.apache.catalina.core.ApplicationContext.log Manager: list: Listing contexts for virtual host 'localhost'
13-Mar-2023 22:51:17.539 INFO [http-nio-9999-exec-229] org.apache.catalina.core.ApplicationContext.log Manager: list: Listing contexts for virtual host 'localhost'
13-Mar-2023 22:56:14.912 INFO [http-nio-9999-exec-229] org.apache.catalina.core.ApplicationContext.log Manager: list: Listing contexts for virtual host 'localhost'
13-Mar-2023 22:56:14.917 INFO [http-nio-9999-exec-230] org.apache.catalina.core.ApplicationContext.log Manager: restart: Reloading web application '/Assignment'
13-Mar-2023 22:56:15.909 INFO [http-nio-9999-exec-231] org.apache.catalina.core.ApplicationContext.log Manager: list: Listing contexts for virtual host 'localhost'
13-Mar-2023 22:56:15.918 INFO [http-nio-9999-exec-226] org.apache.catalina.core.ApplicationContext.log Manager: restart: Reloading web application '/Assignment'
13-Mar-2023 22:59:52.863 INFO [http-nio-9999-exec-225] org.apache.catalina.core.ApplicationContext.log Manager: list: Listing contexts for virtual host 'localhost'
13-Mar-2023 22:59:52.870 INFO [http-nio-9999-exec-236] org.apache.catalina.core.ApplicationContext.log Manager: restart: Reloading web application '/Assignment'
13-Mar-2023 23:03:41.760 INFO [http-nio-9999-exec-222] org.apache.catalina.core.ApplicationContext.log Manager: list: Listing contexts for virtual host 'localhost'
13-Mar-2023 23:03:41.765 INFO [http-nio-9999-exec-240] org.apache.catalina.core.ApplicationContext.log Manager: restart: Reloading web application '/Assignment'
13-Mar-2023 23:04:48.618 INFO [http-nio-9999-exec-243] org.apache.catalina.core.ApplicationContext.log Manager: list: Listing contexts for virtual host 'localhost'
13-Mar-2023 23:04:55.925 INFO [http-nio-9999-exec-241] org.apache.catalina.core.ApplicationContext.log Manager: list: Listing contexts for virtual host 'localhost'
13-Mar-2023 23:06:37.258 INFO [http-nio-9999-exec-245] org.apache.catalina.core.ApplicationContext.log Manager: list: Listing contexts for virtual host 'localhost'
13-Mar-2023 23:08:16.647 INFO [http-nio-9999-exec-247] org.apache.catalina.core.ApplicationContext.log Manager: list: Listing contexts for virtual host 'localhost'
13-Mar-2023 23:09:53.203 INFO [http-nio-9999-exec-244] org.apache.catalina.core.ApplicationContext.log Manager: list: Listing contexts for virtual host 'localhost'
13-Mar-2023 23:10:56.780 INFO [http-nio-9999-exec-249] org.apache.catalina.core.ApplicationContext.log Manager: list: Listing contexts for virtual host 'localhost'
13-Mar-2023 23:11:26.282 INFO [http-nio-9999-exec-244] org.apache.catalina.core.ApplicationContext.log Manager: list: Listing contexts for virtual host 'localhost'
13-Mar-2023 23:11:34.640 INFO [http-nio-9999-exec-245] org.apache.catalina.core.ApplicationContext.log Manager: list: Listing contexts for virtual host 'localhost'
13-Mar-2023 23:11:52.886 INFO [http-nio-9999-exec-249] org.apache.catalina.core.ApplicationContext.log Manager: list: Listing contexts for virtual host 'localhost'
13-Mar-2023 23:12:12.913 INFO [http-nio-9999-exec-245] org.apache.catalina.core.ApplicationContext.log Manager: list: Listing contexts for virtual host 'localhost'
13-Mar-2023 23:12:43.648 INFO [http-nio-9999-exec-243] org.apache.catalina.core.ApplicationContext.log Manager: list: Listing contexts for virtual host 'localhost'
13-Mar-2023 23:13:03.840 INFO [http-nio-9999-exec-241] org.apache.catalina.core.ApplicationContext.log Manager: list: Listing contexts for virtual host 'localhost'
13-Mar-2023 23:13:18.113 INFO [http-nio-9999-exec-247] org.apache.catalina.core.ApplicationContext.log Manager: list: Listing contexts for virtual host 'localhost'
13-Mar-2023 23:13:27.623 INFO [http-nio-9999-exec-245] org.apache.catalina.core.ApplicationContext.log Manager: list: Listing contexts for virtual host 'localhost'
13-Mar-2023 23:13:46.313 INFO [http-nio-9999-exec-242] org.apache.catalina.core.ApplicationContext.log Manager: list: Listing contexts for virtual host 'localhost'
13-Mar-2023 23:14:25.607 INFO [http-nio-9999-exec-242] org.apache.catalina.core.ApplicationContext.log Manager: list: Listing contexts for virtual host 'localhost'
13-Mar-2023 23:22:20.923 INFO [http-nio-9999-exec-247] org.apache.catalina.core.ApplicationContext.log Manager: list: Listing contexts for virtual host 'localhost'
13-Mar-2023 23:22:20.929 INFO [http-nio-9999-exec-243] org.apache.catalina.core.ApplicationContext.log Manager: restart: Reloading web application '/Assignment'
13-Mar-2023 23:22:30.965 INFO [http-nio-9999-exec-242] org.apache.catalina.core.ApplicationContext.log Manager: list: Listing contexts for virtual host 'localhost'
13-Mar-2023 23:22:30.970 INFO [http-nio-9999-exec-246] org.apache.catalina.core.ApplicationContext.log Manager: restart: Reloading web application '/Assignment'
13-Mar-2023 23:23:33.311 INFO [http-nio-9999-exec-241] org.apache.catalina.core.ApplicationContext.log Manager: list: Listing contexts for virtual host 'localhost'
13-Mar-2023 23:23:33.316 INFO [http-nio-9999-exec-248] org.apache.catalina.core.ApplicationContext.log Manager: restart: Reloading web application '/Assignment'
13-Mar-2023 23:23:53.610 INFO [http-nio-9999-exec-247] org.apache.catalina.core.ApplicationContext.log Manager: list: Listing contexts for virtual host 'localhost'
13-Mar-2023 23:29:04.131 INFO [http-nio-9999-exec-256] org.apache.catalina.core.ApplicationContext.log Manager: list: Listing contexts for virtual host 'localhost'
13-Mar-2023 23:29:27.647 INFO [http-nio-9999-exec-261] org.apache.catalina.core.ApplicationContext.log Manager: list: Listing contexts for virtual host 'localhost'
13-Mar-2023 23:31:15.603 INFO [http-nio-9999-exec-261] org.apache.catalina.core.ApplicationContext.log Manager: list: Listing contexts for virtual host 'localhost'
13-Mar-2023 23:31:15.607 INFO [http-nio-9999-exec-262] org.apache.catalina.core.ApplicationContext.log Manager: restart: Reloading web application '/Assignment'
13-Mar-2023 23:34:27.031 INFO [http-nio-9999-exec-266] org.apache.catalina.core.ApplicationContext.log Manager: list: Listing contexts for virtual host 'localhost'
13-Mar-2023 23:34:27.036 INFO [http-nio-9999-exec-269] org.apache.catalina.core.ApplicationContext.log Manager: restart: Reloading web application '/Assignment'
13-Mar-2023 23:41:08.832 INFO [http-nio-9999-exec-282] org.apache.catalina.core.ApplicationContext.log Manager: list: Listing contexts for virtual host 'localhost'
13-Mar-2023 23:42:23.226 INFO [http-nio-9999-exec-280] org.apache.catalina.core.ApplicationContext.log Manager: list: Listing contexts for virtual host 'localhost'
13-Mar-2023 23:46:00.955 INFO [http-nio-9999-exec-277] org.apache.catalina.core.ApplicationContext.log Manager: list: Listing contexts for virtual host 'localhost'
13-Mar-2023 23:46:13.496 INFO [http-nio-9999-exec-281] org.apache.catalina.core.ApplicationContext.log Manager: list: Listing contexts for virtual host 'localhost'
13-Mar-2023 23:47:42.200 INFO [http-nio-9999-exec-279] org.apache.catalina.core.ApplicationContext.log Manager: list: Listing contexts for virtual host 'localhost'
13-Mar-2023 23:48:33.212 INFO [http-nio-9999-exec-282] org.apache.catalina.core.ApplicationContext.log Manager: list: Listing contexts for virtual host 'localhost'
13-Mar-2023 23:49:14.007 INFO [http-nio-9999-exec-282] org.apache.catalina.core.ApplicationContext.log Manager: list: Listing contexts for virtual host 'localhost'
13-Mar-2023 23:49:56.885 INFO [http-nio-9999-exec-281] org.apache.catalina.core.ApplicationContext.log Manager: list: Listing contexts for virtual host 'localhost'
13-Mar-2023 23:50:13.198 INFO [http-nio-9999-exec-276] org.apache.catalina.core.ApplicationContext.log Manager: list: Listing contexts for virtual host 'localhost'
13-Mar-2023 23:50:22.360 INFO [http-nio-9999-exec-277] org.apache.catalina.core.ApplicationContext.log Manager: list: Listing contexts for virtual host 'localhost'
13-Mar-2023 23:50:36.074 INFO [http-nio-9999-exec-279] org.apache.catalina.core.ApplicationContext.log Manager: list: Listing contexts for virtual host 'localhost'
13-Mar-2023 23:50:45.493 INFO [http-nio-9999-exec-279] org.apache.catalina.core.ApplicationContext.log Manager: list: Listing contexts for virtual host 'localhost'
