27-Feb-2023 13:05:28.379 INFO [http-nio-9999-exec-6] org.apache.catalina.core.ApplicationContext.log Manager: init: Associated with Deployer 'Catalina:type=Deployer,host=localhost'
27-Feb-2023 13:05:28.379 INFO [http-nio-9999-exec-6] org.apache.catalina.core.ApplicationContext.log Manager: init: Global resources are available
27-Feb-2023 13:05:28.420 INFO [http-nio-9999-exec-9] org.apache.catalina.core.ApplicationContext.log Manager: list: Listing contexts for virtual host 'localhost'
27-Feb-2023 13:05:28.424 INFO [http-nio-9999-exec-10] org.apache.catalina.core.ApplicationContext.log Manager: list: Listing contexts for virtual host 'localhost'
27-Feb-2023 13:05:28.473 INFO [http-nio-9999-exec-3] org.apache.catalina.core.ApplicationContext.log Manager: restart: Reloading web application '/Assignment'
27-Feb-2023 14:50:59.959 INFO [http-nio-9999-exec-11] org.apache.catalina.core.ApplicationContext.log Manager: list: Listing contexts for virtual host 'localhost'
27-Feb-2023 14:51:00.003 INFO [http-nio-9999-exec-18] org.apache.catalina.core.ApplicationContext.log Manager: list: Listing contexts for virtual host 'localhost'
27-Feb-2023 14:51:00.028 INFO [http-nio-9999-exec-13] org.apache.catalina.core.ApplicationContext.log Manager: install: Installing context configuration at 'file:/C:/Users/ADMIN/AppData/Local/Temp/context6361431809864443434.xml'
27-Feb-2023 14:51:00.130 INFO [http-nio-9999-exec-19] org.apache.catalina.core.ApplicationContext.log Manager: start: Starting web application '/AssignmentPRJ23'
27-Feb-2023 14:51:52.872 INFO [http-nio-9999-exec-15] org.apache.catalina.core.ApplicationContext.log Manager: list: Listing contexts for virtual host 'localhost'
27-Feb-2023 14:51:52.883 INFO [http-nio-9999-exec-16] org.apache.catalina.core.ApplicationContext.log Manager: restart: Reloading web application '/AssignmentPRJ23'
27-Feb-2023 14:52:08.133 INFO [http-nio-9999-exec-14] org.apache.catalina.core.ApplicationContext.log Manager: list: Listing contexts for virtual host 'localhost'
27-Feb-2023 14:52:08.137 INFO [http-nio-9999-exec-19] org.apache.catalina.core.ApplicationContext.log Manager: list: Listing contexts for virtual host 'localhost'
27-Feb-2023 14:52:08.173 INFO [http-nio-9999-exec-13] org.apache.catalina.core.ApplicationContext.log Manager: restart: Reloading web application '/AssignmentPRJ23'
27-Feb-2023 14:53:50.288 INFO [http-nio-9999-exec-26] org.apache.catalina.core.ApplicationContext.log Manager: list: Listing contexts for virtual host 'localhost'
27-Feb-2023 14:54:07.999 INFO [http-nio-9999-exec-26] org.apache.catalina.core.ApplicationContext.log Manager: list: Listing contexts for virtual host 'localhost'
27-Feb-2023 14:54:08.004 INFO [http-nio-9999-exec-25] org.apache.catalina.core.ApplicationContext.log Manager: restart: Reloading web application '/AssignmentPRJ23'
27-Feb-2023 14:55:58.713 INFO [http-nio-9999-exec-35] org.apache.catalina.core.ApplicationContext.log Manager: list: Listing contexts for virtual host 'localhost'
27-Feb-2023 14:55:58.720 INFO [http-nio-9999-exec-36] org.apache.catalina.core.ApplicationContext.log Manager: stop: Stopping web application '/WebApplication3'
27-Feb-2023 14:55:58.745 INFO [http-nio-9999-exec-39] org.apache.catalina.core.ApplicationContext.log Manager: start: Starting web application '/WebApplication3'
27-Feb-2023 14:56:02.773 INFO [http-nio-9999-exec-38] org.apache.catalina.core.ApplicationContext.log Manager: list: Listing contexts for virtual host 'localhost'
27-Feb-2023 14:56:02.775 INFO [http-nio-9999-exec-32] org.apache.catalina.core.ApplicationContext.log Manager: list: Listing contexts for virtual host 'localhost'
27-Feb-2023 14:56:02.811 INFO [http-nio-9999-exec-33] org.apache.catalina.core.ApplicationContext.log Manager: stop: Stopping web application '/WebApplication3'
27-Feb-2023 14:56:02.836 INFO [http-nio-9999-exec-39] org.apache.catalina.core.ApplicationContext.log Manager: start: Starting web application '/WebApplication3'
27-Feb-2023 14:56:20.347 INFO [http-nio-9999-exec-32] org.apache.catalina.core.ApplicationContext.log Manager: list: Listing contexts for virtual host 'localhost'
27-Feb-2023 14:56:20.354 INFO [http-nio-9999-exec-41] org.apache.catalina.core.ApplicationContext.log Manager: stop: Stopping web application '/WebApplication3'
27-Feb-2023 14:56:20.380 INFO [http-nio-9999-exec-36] org.apache.catalina.core.ApplicationContext.log Manager: start: Starting web application '/WebApplication3'
27-Feb-2023 14:58:16.552 INFO [http-nio-9999-exec-35] org.apache.catalina.core.ApplicationContext.log Manager: list: Listing contexts for virtual host 'localhost'
27-Feb-2023 14:58:16.555 INFO [http-nio-9999-exec-49] org.apache.catalina.core.ApplicationContext.log Manager: list: Listing contexts for virtual host 'localhost'
27-Feb-2023 14:58:16.586 INFO [http-nio-9999-exec-50] org.apache.catalina.core.ApplicationContext.log Manager: restart: Reloading web application '/AssignmentPRJ23'
27-Feb-2023 15:02:16.219 INFO [http-nio-9999-exec-54] org.apache.catalina.core.ApplicationContext.log Manager: list: Listing contexts for virtual host 'localhost'
27-Feb-2023 15:02:16.224 INFO [http-nio-9999-exec-55] org.apache.catalina.core.ApplicationContext.log Manager: restart: Reloading web application '/AssignmentPRJ23'
27-Feb-2023 15:07:38.829 INFO [http-nio-9999-exec-64] org.apache.catalina.core.ApplicationContext.log Manager: list: Listing contexts for virtual host 'localhost'
27-Feb-2023 15:07:38.834 INFO [http-nio-9999-exec-63] org.apache.catalina.core.ApplicationContext.log Manager: restart: Reloading web application '/AssignmentPRJ23'
27-Feb-2023 15:07:55.420 INFO [http-nio-9999-exec-61] org.apache.catalina.core.ApplicationContext.log Manager: list: Listing contexts for virtual host 'localhost'
27-Feb-2023 15:07:55.425 INFO [http-nio-9999-exec-53] org.apache.catalina.core.ApplicationContext.log Manager: restart: Reloading web application '/AssignmentPRJ23'
27-Feb-2023 15:15:21.869 INFO [http-nio-9999-exec-73] org.apache.catalina.core.ApplicationContext.log Manager: list: Listing contexts for virtual host 'localhost'
27-Feb-2023 15:15:43.190 INFO [http-nio-9999-exec-68] org.apache.catalina.core.ApplicationContext.log Manager: list: Listing contexts for virtual host 'localhost'
27-Feb-2023 15:15:43.198 INFO [http-nio-9999-exec-74] org.apache.catalina.core.ApplicationContext.log Manager: restart: Reloading web application '/AssignmentPRJ23'
27-Feb-2023 15:15:43.922 INFO [http-nio-9999-exec-69] org.apache.catalina.core.ApplicationContext.log Manager: list: Listing contexts for virtual host 'localhost'
27-Feb-2023 15:15:43.926 INFO [http-nio-9999-exec-70] org.apache.catalina.core.ApplicationContext.log Manager: restart: Reloading web application '/AssignmentPRJ23'
27-Feb-2023 15:20:56.882 INFO [http-nio-9999-exec-84] org.apache.catalina.core.ApplicationContext.log Manager: list: Listing contexts for virtual host 'localhost'
27-Feb-2023 15:20:56.899 INFO [http-nio-9999-exec-83] org.apache.catalina.core.ApplicationContext.log Manager: restart: Reloading web application '/AssignmentPRJ23'
27-Feb-2023 15:21:28.653 INFO [http-nio-9999-exec-80] org.apache.catalina.core.ApplicationContext.log Manager: list: Listing contexts for virtual host 'localhost'
27-Feb-2023 15:21:28.658 INFO [http-nio-9999-exec-82] org.apache.catalina.core.ApplicationContext.log Manager: list: Listing contexts for virtual host 'localhost'
27-Feb-2023 15:21:28.691 INFO [http-nio-9999-exec-72] org.apache.catalina.core.ApplicationContext.log Manager: restart: Reloading web application '/AssignmentPRJ23'
27-Feb-2023 15:22:36.201 INFO [http-nio-9999-exec-88] org.apache.catalina.core.ApplicationContext.log Manager: list: Listing contexts for virtual host 'localhost'
27-Feb-2023 15:22:36.204 INFO [http-nio-9999-exec-94] org.apache.catalina.core.ApplicationContext.log Manager: list: Listing contexts for virtual host 'localhost'
27-Feb-2023 15:24:19.983 INFO [http-nio-9999-exec-88] org.apache.catalina.core.ApplicationContext.log Manager: list: Listing contexts for virtual host 'localhost'
27-Feb-2023 15:24:19.985 INFO [http-nio-9999-exec-93] org.apache.catalina.core.ApplicationContext.log Manager: list: Listing contexts for virtual host 'localhost'
27-Feb-2023 15:24:20.019 INFO [http-nio-9999-exec-89] org.apache.catalina.core.ApplicationContext.log Manager: stop: Stopping web application '/WebApplication3'
27-Feb-2023 15:24:20.041 INFO [http-nio-9999-exec-92] org.apache.catalina.core.ApplicationContext.log Manager: start: Starting web application '/WebApplication3'
27-Feb-2023 15:28:47.140 INFO [http-nio-9999-exec-102] org.apache.catalina.core.ApplicationContext.log Manager: list: Listing contexts for virtual host 'localhost'
27-Feb-2023 15:28:47.147 INFO [http-nio-9999-exec-101] org.apache.catalina.core.ApplicationContext.log Manager: restart: Reloading web application '/AssignmentPRJ23'
27-Feb-2023 15:29:07.982 INFO [http-nio-9999-exec-111] org.apache.catalina.core.ApplicationContext.log Manager: list: Listing contexts for virtual host 'localhost'
27-Feb-2023 15:29:07.985 INFO [http-nio-9999-exec-98] org.apache.catalina.core.ApplicationContext.log Manager: list: Listing contexts for virtual host 'localhost'
27-Feb-2023 15:29:08.018 INFO [http-nio-9999-exec-109] org.apache.catalina.core.ApplicationContext.log Manager: restart: Reloading web application '/AssignmentPRJ23'
27-Feb-2023 15:29:51.113 INFO [http-nio-9999-exec-113] org.apache.catalina.core.ApplicationContext.log Manager: list: Listing contexts for virtual host 'localhost'
27-Feb-2023 15:29:51.119 INFO [http-nio-9999-exec-114] org.apache.catalina.core.ApplicationContext.log Manager: restart: Reloading web application '/AssignmentPRJ23'
27-Feb-2023 15:30:49.877 INFO [http-nio-9999-exec-126] org.apache.catalina.core.ApplicationContext.log Manager: list: Listing contexts for virtual host 'localhost'
27-Feb-2023 15:30:49.880 INFO [http-nio-9999-exec-123] org.apache.catalina.core.ApplicationContext.log Manager: list: Listing contexts for virtual host 'localhost'
27-Feb-2023 15:30:49.909 INFO [http-nio-9999-exec-124] org.apache.catalina.core.ApplicationContext.log Manager: restart: Reloading web application '/AssignmentPRJ23'
27-Feb-2023 15:51:58.474 INFO [http-nio-9999-exec-134] org.apache.catalina.core.ApplicationContext.log Manager: list: Listing contexts for virtual host 'localhost'
27-Feb-2023 15:51:58.480 INFO [http-nio-9999-exec-135] org.apache.catalina.core.ApplicationContext.log Manager: list: Listing contexts for virtual host 'localhost'
27-Feb-2023 15:55:20.505 INFO [http-nio-9999-exec-136] org.apache.catalina.core.ApplicationContext.log Manager: list: Listing contexts for virtual host 'localhost'
27-Feb-2023 15:55:32.781 INFO [http-nio-9999-exec-133] org.apache.catalina.core.ApplicationContext.log Manager: list: Listing contexts for virtual host 'localhost'
27-Feb-2023 15:55:58.127 INFO [http-nio-9999-exec-134] org.apache.catalina.core.ApplicationContext.log Manager: list: Listing contexts for virtual host 'localhost'
27-Feb-2023 15:57:06.636 INFO [http-nio-9999-exec-133] org.apache.catalina.core.ApplicationContext.log Manager: list: Listing contexts for virtual host 'localhost'
27-Feb-2023 15:57:33.023 INFO [http-nio-9999-exec-134] org.apache.catalina.core.ApplicationContext.log Manager: list: Listing contexts for virtual host 'localhost'
27-Feb-2023 15:57:47.378 INFO [http-nio-9999-exec-128] org.apache.catalina.core.ApplicationContext.log Manager: list: Listing contexts for virtual host 'localhost'
27-Feb-2023 15:57:54.599 INFO [http-nio-9999-exec-130] org.apache.catalina.core.ApplicationContext.log Manager: list: Listing contexts for virtual host 'localhost'
27-Feb-2023 15:58:39.538 INFO [http-nio-9999-exec-129] org.apache.catalina.core.ApplicationContext.log Manager: list: Listing contexts for virtual host 'localhost'
27-Feb-2023 16:00:07.089 INFO [http-nio-9999-exec-130] org.apache.catalina.core.ApplicationContext.log Manager: list: Listing contexts for virtual host 'localhost'
27-Feb-2023 16:00:13.218 INFO [http-nio-9999-exec-127] org.apache.catalina.core.ApplicationContext.log Manager: list: Listing contexts for virtual host 'localhost'
27-Feb-2023 16:00:42.262 INFO [http-nio-9999-exec-130] org.apache.catalina.core.ApplicationContext.log Manager: list: Listing contexts for virtual host 'localhost'
