02-Mar-2023 12:10:36.730 INFO [http-nio-9999-exec-6] org.apache.catalina.core.ApplicationContext.log Manager: init: Associated with Deployer 'Catalina:type=Deployer,host=localhost'
02-Mar-2023 12:10:36.730 INFO [http-nio-9999-exec-6] org.apache.catalina.core.ApplicationContext.log Manager: init: Global resources are available
02-Mar-2023 12:10:36.759 INFO [http-nio-9999-exec-9] org.apache.catalina.core.ApplicationContext.log Manager: list: Listing contexts for virtual host 'localhost'
02-Mar-2023 12:10:36.764 INFO [http-nio-9999-exec-10] org.apache.catalina.core.ApplicationContext.log Manager: list: Listing contexts for virtual host 'localhost'
02-Mar-2023 12:10:36.821 INFO [http-nio-9999-exec-2] org.apache.catalina.core.ApplicationContext.log Manager: undeploy: Undeploying web application at '/AssignmentPRJ23'
02-Mar-2023 12:10:37.362 INFO [http-nio-9999-exec-6] org.apache.catalina.core.ApplicationContext.log Manager: install: Installing context configuration at 'file:/C:/Users/ADMIN/AppData/Local/Temp/context2510487062798164951.xml'
02-Mar-2023 12:10:37.761 INFO [http-nio-9999-exec-4] org.apache.catalina.core.ApplicationContext.log Manager: start: Starting web application '/AssignmentPRJ23'
02-Mar-2023 13:05:32.285 INFO [http-nio-9999-exec-17] org.apache.catalina.core.ApplicationContext.log Manager: list: Listing contexts for virtual host 'localhost'
02-Mar-2023 13:05:41.648 INFO [http-nio-9999-exec-15] org.apache.catalina.core.ApplicationContext.log Manager: list: Listing contexts for virtual host 'localhost'
02-Mar-2023 13:05:41.654 INFO [http-nio-9999-exec-12] org.apache.catalina.core.ApplicationContext.log Manager: list: Listing contexts for virtual host 'localhost'
02-Mar-2023 13:05:41.686 INFO [http-nio-9999-exec-13] org.apache.catalina.core.ApplicationContext.log Manager: restart: Reloading web application '/Assignment'
02-Mar-2023 13:15:24.497 INFO [http-nio-9999-exec-21] org.apache.catalina.core.ApplicationContext.log Manager: list: Listing contexts for virtual host 'localhost'
02-Mar-2023 13:16:03.259 INFO [http-nio-9999-exec-29] org.apache.catalina.core.ApplicationContext.log Manager: list: Listing contexts for virtual host 'localhost'
02-Mar-2023 14:12:01.404 INFO [http-nio-9999-exec-30] org.apache.catalina.core.ApplicationContext.log Manager: list: Listing contexts for virtual host 'localhost'
02-Mar-2023 14:12:07.390 INFO [http-nio-9999-exec-21] org.apache.catalina.core.ApplicationContext.log Manager: list: Listing contexts for virtual host 'localhost'
02-Mar-2023 14:12:07.393 INFO [http-nio-9999-exec-23] org.apache.catalina.core.ApplicationContext.log Manager: list: Listing contexts for virtual host 'localhost'
02-Mar-2023 14:12:07.429 INFO [http-nio-9999-exec-30] org.apache.catalina.core.ApplicationContext.log Manager: undeploy: Undeploying web application at '/AssignmentPRJ23'
02-Mar-2023 14:12:07.961 INFO [http-nio-9999-exec-23] org.apache.catalina.core.ApplicationContext.log Manager: install: Installing context configuration at 'file:/C:/Users/ADMIN/AppData/Local/Temp/context2252310480888506735.xml'
02-Mar-2023 14:12:08.394 INFO [http-nio-9999-exec-29] org.apache.catalina.core.ApplicationContext.log Manager: start: Starting web application '/AssignmentPRJ23'
02-Mar-2023 16:00:34.552 INFO [http-nio-9999-exec-32] org.apache.catalina.core.ApplicationContext.log Manager: list: Listing contexts for virtual host 'localhost'
02-Mar-2023 16:00:34.557 INFO [http-nio-9999-exec-38] org.apache.catalina.core.ApplicationContext.log Manager: list: Listing contexts for virtual host 'localhost'
02-Mar-2023 16:00:34.638 INFO [http-nio-9999-exec-31] org.apache.catalina.core.ApplicationContext.log Manager: undeploy: Undeploying web application at '/AssignmentPRJ23'
02-Mar-2023 16:00:35.202 INFO [http-nio-9999-exec-38] org.apache.catalina.core.ApplicationContext.log Manager: install: Installing context configuration at 'file:/C:/Users/ADMIN/AppData/Local/Temp/context5726313953112983603.xml'
02-Mar-2023 16:00:35.735 INFO [http-nio-9999-exec-35] org.apache.catalina.core.ApplicationContext.log Manager: start: Starting web application '/AssignmentPRJ23'
02-Mar-2023 17:05:20.299 INFO [http-nio-9999-exec-45] org.apache.catalina.core.ApplicationContext.log Manager: list: Listing contexts for virtual host 'localhost'
02-Mar-2023 17:05:42.988 INFO [http-nio-9999-exec-49] org.apache.catalina.core.ApplicationContext.log Manager: list: Listing contexts for virtual host 'localhost'
02-Mar-2023 17:05:42.991 INFO [http-nio-9999-exec-47] org.apache.catalina.core.ApplicationContext.log Manager: list: Listing contexts for virtual host 'localhost'
02-Mar-2023 17:06:16.117 INFO [http-nio-9999-exec-49] org.apache.catalina.core.ApplicationContext.log Manager: list: Listing contexts for virtual host 'localhost'
02-Mar-2023 17:06:42.647 INFO [http-nio-9999-exec-45] org.apache.catalina.core.ApplicationContext.log Manager: list: Listing contexts for virtual host 'localhost'
02-Mar-2023 17:07:04.417 INFO [http-nio-9999-exec-48] org.apache.catalina.core.ApplicationContext.log Manager: list: Listing contexts for virtual host 'localhost'
02-Mar-2023 17:07:27.344 INFO [http-nio-9999-exec-42] org.apache.catalina.core.ApplicationContext.log Manager: list: Listing contexts for virtual host 'localhost'
02-Mar-2023 17:07:34.592 INFO [http-nio-9999-exec-50] org.apache.catalina.core.ApplicationContext.log Manager: list: Listing contexts for virtual host 'localhost'
02-Mar-2023 17:10:00.383 INFO [http-nio-9999-exec-50] org.apache.catalina.core.ApplicationContext.log Manager: list: Listing contexts for virtual host 'localhost'
02-Mar-2023 17:10:29.148 INFO [http-nio-9999-exec-44] org.apache.catalina.core.ApplicationContext.log Manager: list: Listing contexts for virtual host 'localhost'
02-Mar-2023 17:10:29.153 INFO [http-nio-9999-exec-48] org.apache.catalina.core.ApplicationContext.log Manager: restart: Reloading web application '/Assignment'
02-Mar-2023 17:11:01.196 INFO [http-nio-9999-exec-46] org.apache.catalina.core.ApplicationContext.log Manager: list: Listing contexts for virtual host 'localhost'
02-Mar-2023 17:11:01.203 INFO [http-nio-9999-exec-49] org.apache.catalina.core.ApplicationContext.log Manager: restart: Reloading web application '/Assignment'
02-Mar-2023 17:11:02.051 INFO [http-nio-9999-exec-43] org.apache.catalina.core.ApplicationContext.log Manager: list: Listing contexts for virtual host 'localhost'
02-Mar-2023 17:11:02.057 INFO [http-nio-9999-exec-45] org.apache.catalina.core.ApplicationContext.log Manager: restart: Reloading web application '/Assignment'
02-Mar-2023 17:11:15.077 INFO [http-nio-9999-exec-41] org.apache.catalina.core.ApplicationContext.log Manager: list: Listing contexts for virtual host 'localhost'
02-Mar-2023 17:11:15.083 INFO [http-nio-9999-exec-50] org.apache.catalina.core.ApplicationContext.log Manager: restart: Reloading web application '/Assignment'
02-Mar-2023 17:25:48.894 INFO [http-nio-9999-exec-57] org.apache.catalina.core.ApplicationContext.log Manager: list: Listing contexts for virtual host 'localhost'
02-Mar-2023 17:25:48.899 INFO [http-nio-9999-exec-58] org.apache.catalina.core.ApplicationContext.log Manager: restart: Reloading web application '/Assignment'
02-Mar-2023 17:28:58.806 INFO [http-nio-9999-exec-67] org.apache.catalina.core.ApplicationContext.log Manager: list: Listing contexts for virtual host 'localhost'
02-Mar-2023 17:28:58.812 INFO [http-nio-9999-exec-69] org.apache.catalina.core.ApplicationContext.log Manager: restart: Reloading web application '/Assignment'
02-Mar-2023 17:34:21.122 INFO [http-nio-9999-exec-72] org.apache.catalina.core.ApplicationContext.log Manager: list: Listing contexts for virtual host 'localhost'
02-Mar-2023 17:34:21.127 INFO [http-nio-9999-exec-73] org.apache.catalina.core.ApplicationContext.log Manager: restart: Reloading web application '/Assignment'
02-Mar-2023 17:39:12.113 INFO [http-nio-9999-exec-81] org.apache.catalina.core.ApplicationContext.log Manager: list: Listing contexts for virtual host 'localhost'
02-Mar-2023 17:39:36.049 INFO [http-nio-9999-exec-78] org.apache.catalina.core.ApplicationContext.log Manager: list: Listing contexts for virtual host 'localhost'
02-Mar-2023 17:42:03.101 INFO [http-nio-9999-exec-78] org.apache.catalina.core.ApplicationContext.log Manager: list: Listing contexts for virtual host 'localhost'
02-Mar-2023 17:42:24.087 INFO [http-nio-9999-exec-76] org.apache.catalina.core.ApplicationContext.log Manager: list: Listing contexts for virtual host 'localhost'
02-Mar-2023 17:42:24.093 INFO [http-nio-9999-exec-84] org.apache.catalina.core.ApplicationContext.log Manager: restart: Reloading web application '/AssignmentPRJ23'
02-Mar-2023 17:42:35.891 INFO [http-nio-9999-exec-82] org.apache.catalina.core.ApplicationContext.log Manager: list: Listing contexts for virtual host 'localhost'
02-Mar-2023 17:42:35.897 INFO [http-nio-9999-exec-81] org.apache.catalina.core.ApplicationContext.log Manager: restart: Reloading web application '/AssignmentPRJ23'
02-Mar-2023 17:43:16.822 INFO [http-nio-9999-exec-87] org.apache.catalina.core.ApplicationContext.log Manager: list: Listing contexts for virtual host 'localhost'
02-Mar-2023 17:43:16.828 INFO [http-nio-9999-exec-80] org.apache.catalina.core.ApplicationContext.log Manager: restart: Reloading web application '/AssignmentPRJ23'
02-Mar-2023 17:43:32.829 INFO [http-nio-9999-exec-87] org.apache.catalina.core.ApplicationContext.log Manager: list: Listing contexts for virtual host 'localhost'
02-Mar-2023 17:43:32.837 INFO [http-nio-9999-exec-82] org.apache.catalina.core.ApplicationContext.log Manager: restart: Reloading web application '/AssignmentPRJ23'
02-Mar-2023 17:43:33.580 INFO [http-nio-9999-exec-83] org.apache.catalina.core.ApplicationContext.log Manager: list: Listing contexts for virtual host 'localhost'
02-Mar-2023 17:43:33.585 INFO [http-nio-9999-exec-76] org.apache.catalina.core.ApplicationContext.log Manager: restart: Reloading web application '/AssignmentPRJ23'
02-Mar-2023 17:43:41.756 INFO [http-nio-9999-exec-87] org.apache.catalina.core.ApplicationContext.log Manager: list: Listing contexts for virtual host 'localhost'
02-Mar-2023 17:43:41.762 INFO [http-nio-9999-exec-89] org.apache.catalina.core.ApplicationContext.log Manager: restart: Reloading web application '/AssignmentPRJ23'
02-Mar-2023 17:43:43.569 INFO [http-nio-9999-exec-77] org.apache.catalina.core.ApplicationContext.log Manager: list: Listing contexts for virtual host 'localhost'
02-Mar-2023 17:43:43.574 INFO [http-nio-9999-exec-82] org.apache.catalina.core.ApplicationContext.log Manager: restart: Reloading web application '/AssignmentPRJ23'
02-Mar-2023 17:43:50.801 INFO [http-nio-9999-exec-92] org.apache.catalina.core.ApplicationContext.log Manager: list: Listing contexts for virtual host 'localhost'
02-Mar-2023 17:43:50.804 INFO [http-nio-9999-exec-80] org.apache.catalina.core.ApplicationContext.log Manager: list: Listing contexts for virtual host 'localhost'
02-Mar-2023 17:43:50.834 INFO [http-nio-9999-exec-77] org.apache.catalina.core.ApplicationContext.log Manager: undeploy: Undeploying web application at '/AssignmentPRJ23'
02-Mar-2023 17:43:51.372 INFO [http-nio-9999-exec-92] org.apache.catalina.core.ApplicationContext.log Manager: install: Installing context configuration at 'file:/C:/Users/ADMIN/AppData/Local/Temp/context4484826486399950548.xml'
02-Mar-2023 17:43:51.742 INFO [http-nio-9999-exec-78] org.apache.catalina.core.ApplicationContext.log Manager: start: Starting web application '/AssignmentPRJ23'
