19-May-2023 06:15:51.095 INFO [http-nio-9999-exec-5] org.apache.catalina.core.ApplicationContext.log Manager: init: Associated with Deployer 'Catalina:type=Deployer,host=localhost'
19-May-2023 06:15:51.096 INFO [http-nio-9999-exec-5] org.apache.catalina.core.ApplicationContext.log Manager: init: Global resources are available
19-May-2023 06:15:51.128 INFO [http-nio-9999-exec-8] org.apache.catalina.core.ApplicationContext.log Manager: list: Listing contexts for virtual host 'localhost'
19-May-2023 06:15:51.133 INFO [http-nio-9999-exec-9] org.apache.catalina.core.ApplicationContext.log Manager: list: Listing contexts for virtual host 'localhost'
19-May-2023 06:22:25.100 INFO [http-nio-9999-exec-4] org.apache.catalina.core.ApplicationContext.log Manager: list: Listing contexts for virtual host 'localhost'
19-May-2023 06:22:25.112 INFO [http-nio-9999-exec-2] org.apache.catalina.core.ApplicationContext.log Manager: stop: Stopping web application '/F8_Group6_td'
19-May-2023 06:22:25.127 INFO [http-nio-9999-exec-4] org.apache.catalina.core.ApplicationContext.log Manager: start: Starting web application '/F8_Group6_td'
19-May-2023 06:22:26.472 INFO [http-nio-9999-exec-6] org.apache.catalina.core.ApplicationContext.log Manager: list: Listing contexts for virtual host 'localhost'
19-May-2023 06:22:26.481 INFO [http-nio-9999-exec-7] org.apache.catalina.core.ApplicationContext.log Manager: restart: Reloading web application '/F8_Group6_td'
19-May-2023 06:22:27.650 INFO [http-nio-9999-exec-10] org.apache.catalina.core.ApplicationContext.log Manager: list: Listing contexts for virtual host 'localhost'
19-May-2023 06:22:27.655 INFO [http-nio-9999-exec-3] org.apache.catalina.core.ApplicationContext.log Manager: restart: Reloading web application '/F8_Group6_td'
19-May-2023 06:22:58.949 INFO [http-nio-9999-exec-10] org.apache.catalina.core.ApplicationContext.log Manager: list: Listing contexts for virtual host 'localhost'
19-May-2023 06:22:58.955 INFO [http-nio-9999-exec-9] org.apache.catalina.core.ApplicationContext.log Manager: restart: Reloading web application '/F8_Group6_td'
19-May-2023 06:23:19.415 INFO [http-nio-9999-exec-10] org.apache.catalina.core.ApplicationContext.log Manager: list: Listing contexts for virtual host 'localhost'
19-May-2023 06:23:19.418 INFO [http-nio-9999-exec-12] org.apache.catalina.core.ApplicationContext.log Manager: list: Listing contexts for virtual host 'localhost'
19-May-2023 06:23:19.459 INFO [http-nio-9999-exec-5] org.apache.catalina.core.ApplicationContext.log Manager: stop: Stopping web application '/F8_Group6_td'
19-May-2023 06:23:19.467 INFO [http-nio-9999-exec-12] org.apache.catalina.core.ApplicationContext.log Manager: start: Starting web application '/F8_Group6_td'
19-May-2023 07:20:44.516 INFO [http-nio-9999-exec-27] org.apache.catalina.core.ApplicationContext.log Manager: list: Listing contexts for virtual host 'localhost'
19-May-2023 07:20:44.522 INFO [http-nio-9999-exec-18] org.apache.catalina.core.ApplicationContext.log Manager: list: Listing contexts for virtual host 'localhost'
19-May-2023 07:21:03.853 INFO [http-nio-9999-exec-22] org.apache.catalina.core.ApplicationContext.log Manager: list: Listing contexts for virtual host 'localhost'
19-May-2023 07:21:03.856 INFO [http-nio-9999-exec-21] org.apache.catalina.core.ApplicationContext.log Manager: list: Listing contexts for virtual host 'localhost'
19-May-2023 07:36:35.580 INFO [http-nio-9999-exec-23] org.apache.catalina.core.ApplicationContext.log Manager: list: Listing contexts for virtual host 'localhost'
19-May-2023 07:36:35.587 INFO [http-nio-9999-exec-21] org.apache.catalina.core.ApplicationContext.log Manager: restart: Reloading web application '/F8_Group6_td'
19-May-2023 07:38:06.190 INFO [http-nio-9999-exec-27] org.apache.catalina.core.ApplicationContext.log Manager: list: Listing contexts for virtual host 'localhost'
19-May-2023 07:38:06.195 INFO [http-nio-9999-exec-20] org.apache.catalina.core.ApplicationContext.log Manager: restart: Reloading web application '/F8_Group6_td'
19-May-2023 07:38:07.213 INFO [http-nio-9999-exec-30] org.apache.catalina.core.ApplicationContext.log Manager: list: Listing contexts for virtual host 'localhost'
19-May-2023 07:38:07.219 INFO [http-nio-9999-exec-25] org.apache.catalina.core.ApplicationContext.log Manager: restart: Reloading web application '/F8_Group6_td'
19-May-2023 07:38:27.548 INFO [http-nio-9999-exec-28] org.apache.catalina.core.ApplicationContext.log Manager: list: Listing contexts for virtual host 'localhost'
19-May-2023 07:38:27.554 INFO [http-nio-9999-exec-31] org.apache.catalina.core.ApplicationContext.log Manager: restart: Reloading web application '/F8_Group6_td'
19-May-2023 07:38:28.553 INFO [http-nio-9999-exec-20] org.apache.catalina.core.ApplicationContext.log Manager: list: Listing contexts for virtual host 'localhost'
19-May-2023 07:38:28.559 INFO [http-nio-9999-exec-25] org.apache.catalina.core.ApplicationContext.log Manager: restart: Reloading web application '/F8_Group6_td'
19-May-2023 07:38:32.675 INFO [http-nio-9999-exec-32] org.apache.catalina.core.ApplicationContext.log Manager: list: Listing contexts for virtual host 'localhost'
19-May-2023 07:38:32.680 INFO [http-nio-9999-exec-27] org.apache.catalina.core.ApplicationContext.log Manager: restart: Reloading web application '/F8_Group6_td'
19-May-2023 07:38:33.631 INFO [http-nio-9999-exec-34] org.apache.catalina.core.ApplicationContext.log Manager: list: Listing contexts for virtual host 'localhost'
19-May-2023 07:38:33.639 INFO [http-nio-9999-exec-22] org.apache.catalina.core.ApplicationContext.log Manager: restart: Reloading web application '/F8_Group6_td'
19-May-2023 07:38:53.611 INFO [http-nio-9999-exec-27] org.apache.catalina.core.ApplicationContext.log Manager: list: Listing contexts for virtual host 'localhost'
19-May-2023 07:38:53.617 INFO [http-nio-9999-exec-32] org.apache.catalina.core.ApplicationContext.log Manager: restart: Reloading web application '/F8_Group6_td'
19-May-2023 07:38:54.626 INFO [http-nio-9999-exec-30] org.apache.catalina.core.ApplicationContext.log Manager: list: Listing contexts for virtual host 'localhost'
19-May-2023 07:38:54.634 INFO [http-nio-9999-exec-35] org.apache.catalina.core.ApplicationContext.log Manager: restart: Reloading web application '/F8_Group6_td'
19-May-2023 07:39:09.239 INFO [http-nio-9999-exec-26] org.apache.catalina.core.ApplicationContext.log Manager: list: Listing contexts for virtual host 'localhost'
19-May-2023 07:39:09.244 INFO [http-nio-9999-exec-34] org.apache.catalina.core.ApplicationContext.log Manager: restart: Reloading web application '/F8_Group6_td'
19-May-2023 07:39:10.246 INFO [http-nio-9999-exec-30] org.apache.catalina.core.ApplicationContext.log Manager: list: Listing contexts for virtual host 'localhost'
19-May-2023 07:39:10.253 INFO [http-nio-9999-exec-33] org.apache.catalina.core.ApplicationContext.log Manager: restart: Reloading web application '/F8_Group6_td'
19-May-2023 07:39:56.088 INFO [http-nio-9999-exec-38] org.apache.catalina.core.ApplicationContext.log Manager: list: Listing contexts for virtual host 'localhost'
19-May-2023 07:39:56.090 INFO [http-nio-9999-exec-28] org.apache.catalina.core.ApplicationContext.log Manager: list: Listing contexts for virtual host 'localhost'
19-May-2023 07:39:56.142 INFO [http-nio-9999-exec-36] org.apache.catalina.core.ApplicationContext.log Manager: undeploy: Undeploying web application at '/Assignment'
19-May-2023 07:39:56.673 INFO [http-nio-9999-exec-26] org.apache.catalina.core.ApplicationContext.log Manager: install: Installing context configuration at 'file:/C:/Users/ADMIN/AppData/Local/Temp/context6506069521452962816.xml'
19-May-2023 07:39:56.982 INFO [http-nio-9999-exec-28] org.apache.catalina.core.ApplicationContext.log Manager: start: Starting web application '/Assignment'
19-May-2023 07:41:14.949 INFO [http-nio-9999-exec-28] org.apache.catalina.core.ApplicationContext.log Manager: list: Listing contexts for virtual host 'localhost'
19-May-2023 07:41:14.955 INFO [http-nio-9999-exec-46] org.apache.catalina.core.ApplicationContext.log Manager: restart: Reloading web application '/F8_Group6_td'
19-May-2023 07:44:19.185 INFO [http-nio-9999-exec-28] org.apache.catalina.core.ApplicationContext.log Manager: list: Listing contexts for virtual host 'localhost'
19-May-2023 07:44:19.191 INFO [http-nio-9999-exec-50] org.apache.catalina.core.ApplicationContext.log Manager: restart: Reloading web application '/F8_Group6_td'
19-May-2023 07:44:20.199 INFO [http-nio-9999-exec-46] org.apache.catalina.core.ApplicationContext.log Manager: list: Listing contexts for virtual host 'localhost'
19-May-2023 07:44:20.204 INFO [http-nio-9999-exec-38] org.apache.catalina.core.ApplicationContext.log Manager: restart: Reloading web application '/F8_Group6_td'
19-May-2023 07:45:11.233 INFO [http-nio-9999-exec-28] org.apache.catalina.core.ApplicationContext.log Manager: list: Listing contexts for virtual host 'localhost'
19-May-2023 07:45:11.239 INFO [http-nio-9999-exec-48] org.apache.catalina.core.ApplicationContext.log Manager: restart: Reloading web application '/F8_Group6_td'
19-May-2023 07:45:12.202 INFO [http-nio-9999-exec-49] org.apache.catalina.core.ApplicationContext.log Manager: list: Listing contexts for virtual host 'localhost'
19-May-2023 07:45:12.206 INFO [http-nio-9999-exec-38] org.apache.catalina.core.ApplicationContext.log Manager: restart: Reloading web application '/F8_Group6_td'
19-May-2023 07:45:50.576 INFO [http-nio-9999-exec-28] org.apache.catalina.core.ApplicationContext.log Manager: list: Listing contexts for virtual host 'localhost'
19-May-2023 07:45:50.581 INFO [http-nio-9999-exec-52] org.apache.catalina.core.ApplicationContext.log Manager: restart: Reloading web application '/F8_Group6_td'
19-May-2023 07:47:05.673 INFO [http-nio-9999-exec-53] org.apache.catalina.core.ApplicationContext.log Manager: list: Listing contexts for virtual host 'localhost'
19-May-2023 07:47:05.679 INFO [http-nio-9999-exec-48] org.apache.catalina.core.ApplicationContext.log Manager: restart: Reloading web application '/F8_Group6_td'
19-May-2023 07:49:47.539 INFO [http-nio-9999-exec-52] org.apache.catalina.core.ApplicationContext.log Manager: list: Listing contexts for virtual host 'localhost'
19-May-2023 07:49:47.545 INFO [http-nio-9999-exec-51] org.apache.catalina.core.ApplicationContext.log Manager: restart: Reloading web application '/F8_Group6_td'
19-May-2023 07:50:59.197 INFO [http-nio-9999-exec-48] org.apache.catalina.core.ApplicationContext.log Manager: list: Listing contexts for virtual host 'localhost'
19-May-2023 07:50:59.203 INFO [http-nio-9999-exec-52] org.apache.catalina.core.ApplicationContext.log Manager: restart: Reloading web application '/F8_Group6_td'
19-May-2023 08:30:52.975 INFO [http-nio-9999-exec-64] org.apache.catalina.core.ApplicationContext.log Manager: list: Listing contexts for virtual host 'localhost'
19-May-2023 08:30:52.985 INFO [http-nio-9999-exec-65] org.apache.catalina.core.ApplicationContext.log Manager: restart: Reloading web application '/F8_Group6_td'
19-May-2023 08:34:16.729 INFO [http-nio-9999-exec-74] org.apache.catalina.core.ApplicationContext.log Manager: list: Listing contexts for virtual host 'localhost'
19-May-2023 08:34:16.735 INFO [http-nio-9999-exec-76] org.apache.catalina.core.ApplicationContext.log Manager: restart: Reloading web application '/F8_Group6_td'
19-May-2023 08:35:03.877 INFO [http-nio-9999-exec-72] org.apache.catalina.core.ApplicationContext.log Manager: list: Listing contexts for virtual host 'localhost'
19-May-2023 08:35:03.881 INFO [http-nio-9999-exec-73] org.apache.catalina.core.ApplicationContext.log Manager: restart: Reloading web application '/F8_Group6_td'
19-May-2023 08:39:57.558 INFO [http-nio-9999-exec-80] org.apache.catalina.core.ApplicationContext.log Manager: list: Listing contexts for virtual host 'localhost'
19-May-2023 08:39:57.563 INFO [http-nio-9999-exec-82] org.apache.catalina.core.ApplicationContext.log Manager: restart: Reloading web application '/F8_Group6_td'
19-May-2023 08:41:22.339 INFO [http-nio-9999-exec-73] org.apache.catalina.core.ApplicationContext.log Manager: list: Listing contexts for virtual host 'localhost'
19-May-2023 08:41:22.344 INFO [http-nio-9999-exec-79] org.apache.catalina.core.ApplicationContext.log Manager: restart: Reloading web application '/F8_Group6_td'
19-May-2023 08:41:30.525 INFO [http-nio-9999-exec-83] org.apache.catalina.core.ApplicationContext.log Manager: list: Listing contexts for virtual host 'localhost'
19-May-2023 08:41:30.529 INFO [http-nio-9999-exec-80] org.apache.catalina.core.ApplicationContext.log Manager: restart: Reloading web application '/F8_Group6_td'
19-May-2023 08:41:31.478 INFO [http-nio-9999-exec-83] org.apache.catalina.core.ApplicationContext.log Manager: list: Listing contexts for virtual host 'localhost'
19-May-2023 08:41:31.482 INFO [http-nio-9999-exec-84] org.apache.catalina.core.ApplicationContext.log Manager: restart: Reloading web application '/F8_Group6_td'
19-May-2023 08:42:11.751 INFO [http-nio-9999-exec-77] org.apache.catalina.core.ApplicationContext.log Manager: list: Listing contexts for virtual host 'localhost'
19-May-2023 08:42:11.756 INFO [http-nio-9999-exec-75] org.apache.catalina.core.ApplicationContext.log Manager: stop: Stopping web application '/F8_Group6_td'
19-May-2023 08:42:11.785 INFO [http-nio-9999-exec-83] org.apache.catalina.core.ApplicationContext.log Manager: start: Starting web application '/F8_Group6_td'
19-May-2023 08:42:12.917 INFO [http-nio-9999-exec-82] org.apache.catalina.core.ApplicationContext.log Manager: list: Listing contexts for virtual host 'localhost'
19-May-2023 08:42:12.925 INFO [http-nio-9999-exec-73] org.apache.catalina.core.ApplicationContext.log Manager: restart: Reloading web application '/F8_Group6_td'
19-May-2023 08:42:13.958 INFO [http-nio-9999-exec-82] org.apache.catalina.core.ApplicationContext.log Manager: list: Listing contexts for virtual host 'localhost'
19-May-2023 08:42:13.963 INFO [http-nio-9999-exec-86] org.apache.catalina.core.ApplicationContext.log Manager: restart: Reloading web application '/F8_Group6_td'
19-May-2023 08:47:44.059 INFO [http-nio-9999-exec-92] org.apache.catalina.core.ApplicationContext.log Manager: list: Listing contexts for virtual host 'localhost'
19-May-2023 08:47:44.063 INFO [http-nio-9999-exec-93] org.apache.catalina.core.ApplicationContext.log Manager: restart: Reloading web application '/F8_Group6_td'
19-May-2023 08:55:27.560 INFO [http-nio-9999-exec-98] org.apache.catalina.core.ApplicationContext.log Manager: list: Listing contexts for virtual host 'localhost'
19-May-2023 08:55:27.564 INFO [http-nio-9999-exec-99] org.apache.catalina.core.ApplicationContext.log Manager: restart: Reloading web application '/F8_Group6_td'
19-May-2023 09:03:01.016 INFO [http-nio-9999-exec-106] org.apache.catalina.core.ApplicationContext.log Manager: list: Listing contexts for virtual host 'localhost'
19-May-2023 09:03:01.020 INFO [http-nio-9999-exec-107] org.apache.catalina.core.ApplicationContext.log Manager: restart: Reloading web application '/F8_Group6_td'
19-May-2023 09:10:31.459 INFO [http-nio-9999-exec-114] org.apache.catalina.core.ApplicationContext.log Manager: list: Listing contexts for virtual host 'localhost'
19-May-2023 09:10:31.463 INFO [http-nio-9999-exec-115] org.apache.catalina.core.ApplicationContext.log Manager: restart: Reloading web application '/F8_Group6_td'
19-May-2023 09:12:13.212 INFO [http-nio-9999-exec-107] org.apache.catalina.core.ApplicationContext.log Manager: list: Listing contexts for virtual host 'localhost'
19-May-2023 09:12:34.963 INFO [http-nio-9999-exec-115] org.apache.catalina.core.ApplicationContext.log Manager: list: Listing contexts for virtual host 'localhost'
19-May-2023 12:00:35.293 INFO [http-nio-9999-exec-127] org.apache.catalina.core.ApplicationContext.log Manager: list: Listing contexts for virtual host 'localhost'
19-May-2023 12:00:37.089 INFO [http-nio-9999-exec-129] org.apache.catalina.core.ApplicationContext.log Manager: list: Listing contexts for virtual host 'localhost'
19-May-2023 12:01:13.690 INFO [http-nio-9999-exec-128] org.apache.catalina.core.ApplicationContext.log Manager: list: Listing contexts for virtual host 'localhost'
19-May-2023 12:03:20.250 INFO [http-nio-9999-exec-122] org.apache.catalina.core.ApplicationContext.log Manager: list: Listing contexts for virtual host 'localhost'
19-May-2023 12:03:27.517 INFO [http-nio-9999-exec-127] org.apache.catalina.core.ApplicationContext.log Manager: list: Listing contexts for virtual host 'localhost'
19-May-2023 12:03:33.395 INFO [http-nio-9999-exec-123] org.apache.catalina.core.ApplicationContext.log Manager: list: Listing contexts for virtual host 'localhost'
19-May-2023 12:03:33.399 INFO [http-nio-9999-exec-120] org.apache.catalina.core.ApplicationContext.log Manager: list: Listing contexts for virtual host 'localhost'
19-May-2023 12:03:33.605 INFO [http-nio-9999-exec-122] org.apache.catalina.core.ApplicationContext.log Manager: stop: Stopping web application '/F8_Group6_td'
19-May-2023 12:03:33.615 INFO [http-nio-9999-exec-128] org.apache.catalina.core.ApplicationContext.log Manager: start: Starting web application '/F8_Group6_td'
19-May-2023 12:04:36.790 INFO [http-nio-9999-exec-121] org.apache.catalina.core.ApplicationContext.log Manager: list: Listing contexts for virtual host 'localhost'
19-May-2023 12:04:37.125 INFO [http-nio-9999-exec-130] org.apache.catalina.core.ApplicationContext.log Manager: list: Listing contexts for virtual host 'localhost'
19-May-2023 12:05:32.023 INFO [http-nio-9999-exec-134] org.apache.catalina.core.ApplicationContext.log Manager: list: Listing contexts for virtual host 'localhost'
19-May-2023 12:05:32.029 INFO [http-nio-9999-exec-131] org.apache.catalina.core.ApplicationContext.log Manager: restart: Reloading web application '/F8_Group6_td'
19-May-2023 12:05:45.684 INFO [http-nio-9999-exec-142] org.apache.catalina.core.ApplicationContext.log Manager: list: Listing contexts for virtual host 'localhost'
19-May-2023 12:05:45.689 INFO [http-nio-9999-exec-143] org.apache.catalina.core.ApplicationContext.log Manager: restart: Reloading web application '/F8_Group6_td'
19-May-2023 12:05:57.803 INFO [http-nio-9999-exec-133] org.apache.catalina.core.ApplicationContext.log Manager: list: Listing contexts for virtual host 'localhost'
19-May-2023 12:05:58.132 INFO [http-nio-9999-exec-143] org.apache.catalina.core.ApplicationContext.log Manager: list: Listing contexts for virtual host 'localhost'
19-May-2023 12:09:09.590 INFO [http-nio-9999-exec-146] org.apache.catalina.core.ApplicationContext.log Manager: list: Listing contexts for virtual host 'localhost'
19-May-2023 12:09:09.916 INFO [http-nio-9999-exec-149] org.apache.catalina.core.ApplicationContext.log Manager: list: Listing contexts for virtual host 'localhost'
19-May-2023 14:57:37.716 INFO [http-nio-9999-exec-149] org.apache.catalina.core.ApplicationContext.log Manager: list: Listing contexts for virtual host 'localhost'
19-May-2023 14:57:42.428 INFO [http-nio-9999-exec-151] org.apache.catalina.core.ApplicationContext.log Manager: list: Listing contexts for virtual host 'localhost'
19-May-2023 14:57:42.431 INFO [http-nio-9999-exec-152] org.apache.catalina.core.ApplicationContext.log Manager: list: Listing contexts for virtual host 'localhost'
19-May-2023 14:57:42.546 INFO [http-nio-9999-exec-144] org.apache.catalina.core.ApplicationContext.log Manager: restart: Reloading web application '/F8_Group6_td'
19-May-2023 14:58:35.641 INFO [http-nio-9999-exec-159] org.apache.catalina.core.ApplicationContext.log Manager: list: Listing contexts for virtual host 'localhost'
19-May-2023 14:58:35.643 INFO [http-nio-9999-exec-156] org.apache.catalina.core.ApplicationContext.log Manager: list: Listing contexts for virtual host 'localhost'
19-May-2023 14:59:07.943 INFO [http-nio-9999-exec-156] org.apache.catalina.core.ApplicationContext.log Manager: list: Listing contexts for virtual host 'localhost'
19-May-2023 14:59:25.958 INFO [http-nio-9999-exec-161] org.apache.catalina.core.ApplicationContext.log Manager: list: Listing contexts for virtual host 'localhost'
19-May-2023 14:59:56.868 INFO [http-nio-9999-exec-156] org.apache.catalina.core.ApplicationContext.log Manager: list: Listing contexts for virtual host 'localhost'
19-May-2023 14:59:56.869 INFO [http-nio-9999-exec-154] org.apache.catalina.core.ApplicationContext.log Manager: list: Listing contexts for virtual host 'localhost'
19-May-2023 15:00:16.463 INFO [http-nio-9999-exec-161] org.apache.catalina.core.ApplicationContext.log Manager: list: Listing contexts for virtual host 'localhost'
19-May-2023 15:00:16.465 INFO [http-nio-9999-exec-160] org.apache.catalina.core.ApplicationContext.log Manager: list: Listing contexts for virtual host 'localhost'
19-May-2023 15:00:24.321 INFO [http-nio-9999-exec-157] org.apache.catalina.core.ApplicationContext.log Manager: list: Listing contexts for virtual host 'localhost'
19-May-2023 15:00:24.322 INFO [http-nio-9999-exec-158] org.apache.catalina.core.ApplicationContext.log Manager: list: Listing contexts for virtual host 'localhost'
19-May-2023 15:00:32.821 INFO [http-nio-9999-exec-154] org.apache.catalina.core.ApplicationContext.log Manager: list: Listing contexts for virtual host 'localhost'
19-May-2023 15:00:32.824 INFO [http-nio-9999-exec-155] org.apache.catalina.core.ApplicationContext.log Manager: list: Listing contexts for virtual host 'localhost'
19-May-2023 15:00:47.849 INFO [http-nio-9999-exec-156] org.apache.catalina.core.ApplicationContext.log Manager: list: Listing contexts for virtual host 'localhost'
19-May-2023 15:00:47.851 INFO [http-nio-9999-exec-159] org.apache.catalina.core.ApplicationContext.log Manager: list: Listing contexts for virtual host 'localhost'
19-May-2023 15:01:44.046 INFO [http-nio-9999-exec-160] org.apache.catalina.core.ApplicationContext.log Manager: list: Listing contexts for virtual host 'localhost'
19-May-2023 15:01:45.573 INFO [http-nio-9999-exec-156] org.apache.catalina.core.ApplicationContext.log Manager: list: Listing contexts for virtual host 'localhost'
19-May-2023 15:01:49.835 INFO [http-nio-9999-exec-159] org.apache.catalina.core.ApplicationContext.log Manager: list: Listing contexts for virtual host 'localhost'
19-May-2023 15:02:00.771 INFO [http-nio-9999-exec-163] org.apache.catalina.core.ApplicationContext.log Manager: list: Listing contexts for virtual host 'localhost'
19-May-2023 15:02:00.773 INFO [http-nio-9999-exec-155] org.apache.catalina.core.ApplicationContext.log Manager: list: Listing contexts for virtual host 'localhost'
19-May-2023 15:04:10.861 INFO [http-nio-9999-exec-161] org.apache.catalina.core.ApplicationContext.log Manager: list: Listing contexts for virtual host 'localhost'
19-May-2023 15:04:10.865 INFO [http-nio-9999-exec-157] org.apache.catalina.core.ApplicationContext.log Manager: restart: Reloading web application '/F8_Group6_td'
19-May-2023 15:04:14.740 INFO [http-nio-9999-exec-162] org.apache.catalina.core.ApplicationContext.log Manager: list: Listing contexts for virtual host 'localhost'
19-May-2023 15:04:14.742 INFO [http-nio-9999-exec-159] org.apache.catalina.core.ApplicationContext.log Manager: list: Listing contexts for virtual host 'localhost'
19-May-2023 15:04:14.836 INFO [http-nio-9999-exec-161] org.apache.catalina.core.ApplicationContext.log Manager: restart: Reloading web application '/F8_Group6_td'
19-May-2023 15:08:11.445 INFO [http-nio-9999-exec-168] org.apache.catalina.core.ApplicationContext.log Manager: list: Listing contexts for virtual host 'localhost'
19-May-2023 15:08:14.583 INFO [http-nio-9999-exec-175] org.apache.catalina.core.ApplicationContext.log Manager: list: Listing contexts for virtual host 'localhost'
19-May-2023 15:08:14.586 INFO [http-nio-9999-exec-169] org.apache.catalina.core.ApplicationContext.log Manager: list: Listing contexts for virtual host 'localhost'
19-May-2023 15:09:47.980 INFO [http-nio-9999-exec-166] org.apache.catalina.core.ApplicationContext.log Manager: list: Listing contexts for virtual host 'localhost'
19-May-2023 15:10:02.948 INFO [http-nio-9999-exec-166] org.apache.catalina.core.ApplicationContext.log Manager: list: Listing contexts for virtual host 'localhost'
19-May-2023 15:12:06.153 INFO [http-nio-9999-exec-172] org.apache.catalina.core.ApplicationContext.log Manager: list: Listing contexts for virtual host 'localhost'
19-May-2023 15:13:22.992 INFO [http-nio-9999-exec-172] org.apache.catalina.core.ApplicationContext.log Manager: list: Listing contexts for virtual host 'localhost'
19-May-2023 15:14:52.147 INFO [http-nio-9999-exec-173] org.apache.catalina.core.ApplicationContext.log Manager: list: Listing contexts for virtual host 'localhost'
19-May-2023 15:15:28.773 INFO [http-nio-9999-exec-168] org.apache.catalina.core.ApplicationContext.log Manager: list: Listing contexts for virtual host 'localhost'
19-May-2023 15:16:38.966 INFO [http-nio-9999-exec-174] org.apache.catalina.core.ApplicationContext.log Manager: list: Listing contexts for virtual host 'localhost'
19-May-2023 15:17:16.235 INFO [http-nio-9999-exec-172] org.apache.catalina.core.ApplicationContext.log Manager: list: Listing contexts for virtual host 'localhost'
19-May-2023 15:19:16.914 INFO [http-nio-9999-exec-169] org.apache.catalina.core.ApplicationContext.log Manager: list: Listing contexts for virtual host 'localhost'
19-May-2023 15:20:02.784 INFO [http-nio-9999-exec-169] org.apache.catalina.core.ApplicationContext.log Manager: list: Listing contexts for virtual host 'localhost'
19-May-2023 15:20:59.541 INFO [http-nio-9999-exec-169] org.apache.catalina.core.ApplicationContext.log Manager: list: Listing contexts for virtual host 'localhost'
19-May-2023 15:21:10.933 INFO [http-nio-9999-exec-174] org.apache.catalina.core.ApplicationContext.log Manager: list: Listing contexts for virtual host 'localhost'
19-May-2023 15:21:22.621 INFO [http-nio-9999-exec-169] org.apache.catalina.core.ApplicationContext.log Manager: list: Listing contexts for virtual host 'localhost'
19-May-2023 15:21:42.310 INFO [http-nio-9999-exec-175] org.apache.catalina.core.ApplicationContext.log Manager: list: Listing contexts for virtual host 'localhost'
19-May-2023 15:22:08.516 INFO [http-nio-9999-exec-175] org.apache.catalina.core.ApplicationContext.log Manager: list: Listing contexts for virtual host 'localhost'
19-May-2023 15:22:17.895 INFO [http-nio-9999-exec-169] org.apache.catalina.core.ApplicationContext.log Manager: list: Listing contexts for virtual host 'localhost'
19-May-2023 15:22:33.118 INFO [http-nio-9999-exec-169] org.apache.catalina.core.ApplicationContext.log Manager: list: Listing contexts for virtual host 'localhost'
19-May-2023 15:23:30.927 INFO [http-nio-9999-exec-168] org.apache.catalina.core.ApplicationContext.log Manager: list: Listing contexts for virtual host 'localhost'
19-May-2023 15:23:41.495 INFO [http-nio-9999-exec-173] org.apache.catalina.core.ApplicationContext.log Manager: list: Listing contexts for virtual host 'localhost'
19-May-2023 15:24:04.168 INFO [http-nio-9999-exec-172] org.apache.catalina.core.ApplicationContext.log Manager: list: Listing contexts for virtual host 'localhost'
19-May-2023 15:25:09.613 INFO [http-nio-9999-exec-175] org.apache.catalina.core.ApplicationContext.log Manager: list: Listing contexts for virtual host 'localhost'
19-May-2023 15:25:09.637 INFO [http-nio-9999-exec-173] org.apache.catalina.core.ApplicationContext.log Manager: list: Listing contexts for virtual host 'localhost'
19-May-2023 15:25:09.655 INFO [http-nio-9999-exec-172] org.apache.catalina.core.ApplicationContext.log Manager: install: Installing context configuration at 'file:/C:/Users/ADMIN/AppData/Local/Temp/context6197264808893405168.xml'
19-May-2023 15:25:10.209 INFO [http-nio-9999-exec-167] org.apache.catalina.core.ApplicationContext.log Manager: start: Starting web application '/F8_Group6'
19-May-2023 15:25:51.941 INFO [http-nio-9999-exec-168] org.apache.catalina.core.ApplicationContext.log Manager: list: Listing contexts for virtual host 'localhost'
19-May-2023 15:25:51.946 INFO [http-nio-9999-exec-169] org.apache.catalina.core.ApplicationContext.log Manager: restart: Reloading web application '/F8_Group6'
19-May-2023 15:26:38.060 INFO [http-nio-9999-exec-173] org.apache.catalina.core.ApplicationContext.log Manager: list: Listing contexts for virtual host 'localhost'
19-May-2023 15:26:38.065 INFO [http-nio-9999-exec-177] org.apache.catalina.core.ApplicationContext.log Manager: stop: Stopping web application '/F8_Group6'
19-May-2023 15:26:38.093 INFO [http-nio-9999-exec-182] org.apache.catalina.core.ApplicationContext.log Manager: start: Starting web application '/F8_Group6'
19-May-2023 15:27:07.265 INFO [http-nio-9999-exec-182] org.apache.catalina.core.ApplicationContext.log Manager: list: Listing contexts for virtual host 'localhost'
19-May-2023 15:27:07.270 INFO [http-nio-9999-exec-178] org.apache.catalina.core.ApplicationContext.log Manager: stop: Stopping web application '/F8_Group6'
19-May-2023 15:27:07.301 INFO [http-nio-9999-exec-182] org.apache.catalina.core.ApplicationContext.log Manager: start: Starting web application '/F8_Group6'
19-May-2023 15:27:48.158 INFO [http-nio-9999-exec-183] org.apache.catalina.core.ApplicationContext.log Manager: list: Listing contexts for virtual host 'localhost'
19-May-2023 15:27:48.163 INFO [http-nio-9999-exec-182] org.apache.catalina.core.ApplicationContext.log Manager: restart: Reloading web application '/F8_Group6'
19-May-2023 15:28:13.871 INFO [http-nio-9999-exec-190] org.apache.catalina.core.ApplicationContext.log Manager: list: Listing contexts for virtual host 'localhost'
19-May-2023 15:28:13.872 INFO [http-nio-9999-exec-191] org.apache.catalina.core.ApplicationContext.log Manager: list: Listing contexts for virtual host 'localhost'
19-May-2023 15:28:13.981 INFO [http-nio-9999-exec-192] org.apache.catalina.core.ApplicationContext.log Manager: stop: Stopping web application '/F8_Group6'
19-May-2023 15:28:14.010 INFO [http-nio-9999-exec-190] org.apache.catalina.core.ApplicationContext.log Manager: start: Starting web application '/F8_Group6'
19-May-2023 15:28:47.083 INFO [http-nio-9999-exec-194] org.apache.catalina.core.ApplicationContext.log Manager: list: Listing contexts for virtual host 'localhost'
19-May-2023 15:28:47.088 INFO [http-nio-9999-exec-176] org.apache.catalina.core.ApplicationContext.log Manager: restart: Reloading web application '/F8_Group6'
19-May-2023 15:29:29.233 INFO [http-nio-9999-exec-176] org.apache.catalina.core.ApplicationContext.log Manager: list: Listing contexts for virtual host 'localhost'
19-May-2023 15:29:59.598 INFO [http-nio-9999-exec-200] org.apache.catalina.core.ApplicationContext.log Manager: list: Listing contexts for virtual host 'localhost'
19-May-2023 15:31:12.063 INFO [http-nio-9999-exec-200] org.apache.catalina.core.ApplicationContext.log Manager: list: Listing contexts for virtual host 'localhost'
19-May-2023 15:37:28.575 INFO [http-nio-9999-exec-207] org.apache.catalina.core.ApplicationContext.log Manager: list: Listing contexts for virtual host 'localhost'
19-May-2023 15:37:28.580 INFO [http-nio-9999-exec-202] org.apache.catalina.core.ApplicationContext.log Manager: restart: Reloading web application '/F8_Group6_td'
19-May-2023 15:37:37.400 INFO [http-nio-9999-exec-200] org.apache.catalina.core.ApplicationContext.log Manager: list: Listing contexts for virtual host 'localhost'
19-May-2023 15:37:37.404 INFO [http-nio-9999-exec-203] org.apache.catalina.core.ApplicationContext.log Manager: restart: Reloading web application '/F8_Group6_td'
19-May-2023 15:39:43.066 INFO [http-nio-9999-exec-213] org.apache.catalina.core.ApplicationContext.log Manager: list: Listing contexts for virtual host 'localhost'
19-May-2023 15:39:54.438 INFO [http-nio-9999-exec-211] org.apache.catalina.core.ApplicationContext.log Manager: list: Listing contexts for virtual host 'localhost'
19-May-2023 15:45:20.988 INFO [http-nio-9999-exec-218] org.apache.catalina.core.ApplicationContext.log Manager: list: Listing contexts for virtual host 'localhost'
19-May-2023 15:51:32.359 INFO [http-nio-9999-exec-215] org.apache.catalina.core.ApplicationContext.log Manager: list: Listing contexts for virtual host 'localhost'
19-May-2023 15:51:32.364 INFO [http-nio-9999-exec-216] org.apache.catalina.core.ApplicationContext.log Manager: restart: Reloading web application '/F8_Group6_td'
19-May-2023 15:52:36.084 INFO [http-nio-9999-exec-222] org.apache.catalina.core.ApplicationContext.log Manager: list: Listing contexts for virtual host 'localhost'
19-May-2023 15:53:26.039 INFO [http-nio-9999-exec-224] org.apache.catalina.core.ApplicationContext.log Manager: list: Listing contexts for virtual host 'localhost'
19-May-2023 15:53:47.392 INFO [http-nio-9999-exec-220] org.apache.catalina.core.ApplicationContext.log Manager: list: Listing contexts for virtual host 'localhost'
19-May-2023 15:56:51.577 INFO [http-nio-9999-exec-221] org.apache.catalina.core.ApplicationContext.log Manager: list: Listing contexts for virtual host 'localhost'
19-May-2023 15:57:00.165 INFO [http-nio-9999-exec-226] org.apache.catalina.core.ApplicationContext.log Manager: list: Listing contexts for virtual host 'localhost'
19-May-2023 16:03:43.218 INFO [http-nio-9999-exec-221] org.apache.catalina.core.ApplicationContext.log Manager: list: Listing contexts for virtual host 'localhost'
19-May-2023 16:03:43.222 INFO [http-nio-9999-exec-220] org.apache.catalina.core.ApplicationContext.log Manager: restart: Reloading web application '/F8_Group6_td'
19-May-2023 16:08:32.445 INFO [http-nio-9999-exec-233] org.apache.catalina.core.ApplicationContext.log Manager: list: Listing contexts for virtual host 'localhost'
19-May-2023 16:08:32.450 INFO [http-nio-9999-exec-232] org.apache.catalina.core.ApplicationContext.log Manager: restart: Reloading web application '/F8_Group6_td'
19-May-2023 16:13:29.684 INFO [http-nio-9999-exec-238] org.apache.catalina.core.ApplicationContext.log Manager: list: Listing contexts for virtual host 'localhost'
19-May-2023 16:13:29.688 INFO [http-nio-9999-exec-240] org.apache.catalina.core.ApplicationContext.log Manager: restart: Reloading web application '/F8_Group6_td'
19-May-2023 16:16:04.942 INFO [http-nio-9999-exec-243] org.apache.catalina.core.ApplicationContext.log Manager: list: Listing contexts for virtual host 'localhost'
19-May-2023 16:16:04.947 INFO [http-nio-9999-exec-245] org.apache.catalina.core.ApplicationContext.log Manager: restart: Reloading web application '/F8_Group6_td'
19-May-2023 16:16:11.412 INFO [http-nio-9999-exec-240] org.apache.catalina.core.ApplicationContext.log Manager: list: Listing contexts for virtual host 'localhost'
19-May-2023 16:16:11.416 INFO [http-nio-9999-exec-237] org.apache.catalina.core.ApplicationContext.log Manager: restart: Reloading web application '/F8_Group6_td'
19-May-2023 16:16:48.151 INFO [http-nio-9999-exec-241] org.apache.catalina.core.ApplicationContext.log Manager: list: Listing contexts for virtual host 'localhost'
19-May-2023 16:16:48.152 INFO [http-nio-9999-exec-224] org.apache.catalina.core.ApplicationContext.log Manager: list: Listing contexts for virtual host 'localhost'
19-May-2023 16:16:48.248 INFO [http-nio-9999-exec-247] org.apache.catalina.core.ApplicationContext.log Manager: restart: Reloading web application '/F8_Group6_td'
19-May-2023 16:22:17.816 INFO [http-nio-9999-exec-253] org.apache.catalina.core.ApplicationContext.log Manager: list: Listing contexts for virtual host 'localhost'
19-May-2023 16:22:17.821 INFO [http-nio-9999-exec-252] org.apache.catalina.core.ApplicationContext.log Manager: restart: Reloading web application '/F8_Group6_td'
19-May-2023 16:22:38.022 INFO [http-nio-9999-exec-251] org.apache.catalina.core.ApplicationContext.log Manager: list: Listing contexts for virtual host 'localhost'
19-May-2023 16:22:38.024 INFO [http-nio-9999-exec-261] org.apache.catalina.core.ApplicationContext.log Manager: list: Listing contexts for virtual host 'localhost'
19-May-2023 16:22:38.118 INFO [http-nio-9999-exec-262] org.apache.catalina.core.ApplicationContext.log Manager: restart: Reloading web application '/F8_Group6_td'
19-May-2023 16:24:20.453 INFO [http-nio-9999-exec-266] org.apache.catalina.core.ApplicationContext.log Manager: list: Listing contexts for virtual host 'localhost'
19-May-2023 16:24:20.457 INFO [http-nio-9999-exec-267] org.apache.catalina.core.ApplicationContext.log Manager: restart: Reloading web application '/F8_Group6_td'
19-May-2023 16:24:29.822 INFO [http-nio-9999-exec-270] org.apache.catalina.core.ApplicationContext.log Manager: list: Listing contexts for virtual host 'localhost'
19-May-2023 16:24:29.824 INFO [http-nio-9999-exec-259] org.apache.catalina.core.ApplicationContext.log Manager: list: Listing contexts for virtual host 'localhost'
19-May-2023 16:24:29.917 INFO [http-nio-9999-exec-269] org.apache.catalina.core.ApplicationContext.log Manager: restart: Reloading web application '/F8_Group6_td'
19-May-2023 16:26:09.996 INFO [http-nio-9999-exec-280] org.apache.catalina.core.ApplicationContext.log Manager: list: Listing contexts for virtual host 'localhost'
19-May-2023 16:26:10.001 INFO [http-nio-9999-exec-275] org.apache.catalina.core.ApplicationContext.log Manager: restart: Reloading web application '/F8_Group6_td'
19-May-2023 16:32:28.501 INFO [http-nio-9999-exec-285] org.apache.catalina.core.ApplicationContext.log Manager: list: Listing contexts for virtual host 'localhost'
19-May-2023 16:32:28.506 INFO [http-nio-9999-exec-286] org.apache.catalina.core.ApplicationContext.log Manager: restart: Reloading web application '/F8_Group6_td'
19-May-2023 16:35:17.108 INFO [http-nio-9999-exec-295] org.apache.catalina.core.ApplicationContext.log Manager: list: Listing contexts for virtual host 'localhost'
19-May-2023 16:35:17.113 INFO [http-nio-9999-exec-296] org.apache.catalina.core.ApplicationContext.log Manager: restart: Reloading web application '/F8_Group6_td'
19-May-2023 16:38:46.662 INFO [http-nio-9999-exec-303] org.apache.catalina.core.ApplicationContext.log Manager: list: Listing contexts for virtual host 'localhost'
19-May-2023 16:38:46.667 INFO [http-nio-9999-exec-304] org.apache.catalina.core.ApplicationContext.log Manager: restart: Reloading web application '/F8_Group6_td'
19-May-2023 16:38:56.544 INFO [http-nio-9999-exec-306] org.apache.catalina.core.ApplicationContext.log Manager: list: Listing contexts for virtual host 'localhost'
19-May-2023 16:38:56.548 INFO [http-nio-9999-exec-308] org.apache.catalina.core.ApplicationContext.log Manager: restart: Reloading web application '/F8_Group6_td'
19-May-2023 16:56:19.957 INFO [http-nio-9999-exec-319] org.apache.catalina.core.ApplicationContext.log Manager: list: Listing contexts for virtual host 'localhost'
19-May-2023 16:56:19.960 INFO [http-nio-9999-exec-320] org.apache.catalina.core.ApplicationContext.log Manager: list: Listing contexts for virtual host 'localhost'
19-May-2023 16:56:20.061 INFO [http-nio-9999-exec-315] org.apache.catalina.core.ApplicationContext.log Manager: restart: Reloading web application '/F8_Group6'
19-May-2023 16:59:37.277 INFO [http-nio-9999-exec-324] org.apache.catalina.core.ApplicationContext.log Manager: list: Listing contexts for virtual host 'localhost'
19-May-2023 16:59:37.283 INFO [http-nio-9999-exec-321] org.apache.catalina.core.ApplicationContext.log Manager: restart: Reloading web application '/F8_Group6'
19-May-2023 16:59:41.076 INFO [http-nio-9999-exec-329] org.apache.catalina.core.ApplicationContext.log Manager: list: Listing contexts for virtual host 'localhost'
19-May-2023 16:59:41.080 INFO [http-nio-9999-exec-324] org.apache.catalina.core.ApplicationContext.log Manager: list: Listing contexts for virtual host 'localhost'
19-May-2023 16:59:41.180 INFO [http-nio-9999-exec-323] org.apache.catalina.core.ApplicationContext.log Manager: restart: Reloading web application '/F8_Group6'
19-May-2023 16:59:53.040 INFO [http-nio-9999-exec-321] org.apache.catalina.core.ApplicationContext.log Manager: list: Listing contexts for virtual host 'localhost'
19-May-2023 17:03:17.221 INFO [http-nio-9999-exec-333] org.apache.catalina.core.ApplicationContext.log Manager: list: Listing contexts for virtual host 'localhost'
19-May-2023 17:03:17.225 INFO [http-nio-9999-exec-332] org.apache.catalina.core.ApplicationContext.log Manager: restart: Reloading web application '/F8_Group6'
19-May-2023 17:03:18.222 INFO [http-nio-9999-exec-337] org.apache.catalina.core.ApplicationContext.log Manager: list: Listing contexts for virtual host 'localhost'
19-May-2023 17:03:18.228 INFO [http-nio-9999-exec-334] org.apache.catalina.core.ApplicationContext.log Manager: restart: Reloading web application '/F8_Group6'
19-May-2023 17:03:19.091 INFO [http-nio-9999-exec-338] org.apache.catalina.core.ApplicationContext.log Manager: list: Listing contexts for virtual host 'localhost'
19-May-2023 17:03:19.096 INFO [http-nio-9999-exec-337] org.apache.catalina.core.ApplicationContext.log Manager: restart: Reloading web application '/F8_Group6'
19-May-2023 17:03:30.818 INFO [http-nio-9999-exec-332] org.apache.catalina.core.ApplicationContext.log Manager: list: Listing contexts for virtual host 'localhost'
19-May-2023 17:03:30.822 INFO [http-nio-9999-exec-336] org.apache.catalina.core.ApplicationContext.log Manager: restart: Reloading web application '/F8_Group6'
19-May-2023 17:03:32.357 INFO [http-nio-9999-exec-340] org.apache.catalina.core.ApplicationContext.log Manager: list: Listing contexts for virtual host 'localhost'
19-May-2023 17:03:32.363 INFO [http-nio-9999-exec-338] org.apache.catalina.core.ApplicationContext.log Manager: restart: Reloading web application '/F8_Group6'
19-May-2023 22:06:58.958 INFO [http-nio-9999-exec-5] org.apache.catalina.core.ApplicationContext.log Manager: init: Associated with Deployer 'Catalina:type=Deployer,host=localhost'
19-May-2023 22:06:58.958 INFO [http-nio-9999-exec-5] org.apache.catalina.core.ApplicationContext.log Manager: init: Global resources are available
19-May-2023 22:06:58.987 INFO [http-nio-9999-exec-9] org.apache.catalina.core.ApplicationContext.log Manager: list: Listing contexts for virtual host 'localhost'
19-May-2023 22:06:58.992 INFO [http-nio-9999-exec-10] org.apache.catalina.core.ApplicationContext.log Manager: list: Listing contexts for virtual host 'localhost'
19-May-2023 22:06:59.147 INFO [http-nio-9999-exec-3] org.apache.catalina.core.ApplicationContext.log Manager: restart: Reloading web application '/F8_Group6_td'
19-May-2023 22:07:39.542 INFO [http-nio-9999-exec-7] org.apache.catalina.core.ApplicationContext.log Manager: list: Listing contexts for virtual host 'localhost'
19-May-2023 22:07:39.911 INFO [http-nio-9999-exec-10] org.apache.catalina.core.ApplicationContext.log Manager: list: Listing contexts for virtual host 'localhost'
19-May-2023 22:08:09.449 INFO [http-nio-9999-exec-14] org.apache.catalina.core.ApplicationContext.log Manager: list: Listing contexts for virtual host 'localhost'
19-May-2023 22:08:39.327 INFO [http-nio-9999-exec-13] org.apache.catalina.core.ApplicationContext.log Manager: list: Listing contexts for virtual host 'localhost'
19-May-2023 22:08:39.408 INFO [http-nio-9999-exec-11] org.apache.catalina.core.ApplicationContext.log Manager: list: Listing contexts for virtual host 'localhost'
19-May-2023 22:08:56.996 INFO [http-nio-9999-exec-18] org.apache.catalina.core.ApplicationContext.log Manager: list: Listing contexts for virtual host 'localhost'
19-May-2023 22:09:41.543 INFO [http-nio-9999-exec-17] org.apache.catalina.core.ApplicationContext.log Manager: list: Listing contexts for virtual host 'localhost'
19-May-2023 22:09:59.957 INFO [http-nio-9999-exec-14] org.apache.catalina.core.ApplicationContext.log Manager: list: Listing contexts for virtual host 'localhost'
19-May-2023 22:09:59.966 INFO [http-nio-9999-exec-11] org.apache.catalina.core.ApplicationContext.log Manager: stop: Stopping web application '/F8_Group6_td'
19-May-2023 22:09:59.974 INFO [http-nio-9999-exec-12] org.apache.catalina.core.ApplicationContext.log Manager: start: Starting web application '/F8_Group6_td'
19-May-2023 22:10:01.235 INFO [http-nio-9999-exec-16] org.apache.catalina.core.ApplicationContext.log Manager: list: Listing contexts for virtual host 'localhost'
19-May-2023 22:10:01.243 INFO [http-nio-9999-exec-20] org.apache.catalina.core.ApplicationContext.log Manager: restart: Reloading web application '/F8_Group6_td'
19-May-2023 22:10:25.698 INFO [http-nio-9999-exec-12] org.apache.catalina.core.ApplicationContext.log Manager: list: Listing contexts for virtual host 'localhost'
19-May-2023 22:10:25.705 INFO [http-nio-9999-exec-19] org.apache.catalina.core.ApplicationContext.log Manager: restart: Reloading web application '/F8_Group6_td'
19-May-2023 22:10:55.093 INFO [http-nio-9999-exec-17] org.apache.catalina.core.ApplicationContext.log Manager: list: Listing contexts for virtual host 'localhost'
19-May-2023 22:11:43.560 INFO [http-nio-9999-exec-32] org.apache.catalina.core.ApplicationContext.log Manager: list: Listing contexts for virtual host 'localhost'
