22-May-2023 11:05:13.666 INFO [http-nio-9999-exec-3] org.apache.catalina.core.ApplicationContext.log Manager: init: Associated with Deployer 'Catalina:type=Deployer,host=localhost'
22-May-2023 11:05:13.666 INFO [http-nio-9999-exec-3] org.apache.catalina.core.ApplicationContext.log Manager: init: Global resources are available
22-May-2023 11:05:13.702 INFO [http-nio-9999-exec-9] org.apache.catalina.core.ApplicationContext.log Manager: list: Listing contexts for virtual host 'localhost'
22-May-2023 11:05:13.707 INFO [http-nio-9999-exec-6] org.apache.catalina.core.ApplicationContext.log Manager: list: Listing contexts for virtual host 'localhost'
22-May-2023 11:05:13.829 INFO [http-nio-9999-exec-1] org.apache.catalina.core.ApplicationContext.log Manager: stop: Stopping web application '/F8_Group6_td'
22-May-2023 11:05:13.836 INFO [http-nio-9999-exec-6] org.apache.catalina.core.ApplicationContext.log Manager: start: Starting web application '/F8_Group6_td'
22-May-2023 11:06:01.796 INFO [http-nio-9999-exec-12] org.apache.catalina.core.ApplicationContext.log Manager: list: Listing contexts for virtual host 'localhost'
22-May-2023 11:06:01.802 INFO [http-nio-9999-exec-4] org.apache.catalina.core.ApplicationContext.log Manager: restart: Reloading web application '/F8_Group6'
22-May-2023 22:02:15.286 INFO [http-nio-9999-exec-6] org.apache.catalina.core.ApplicationContext.log Manager: init: Associated with Deployer 'Catalina:type=Deployer,host=localhost'
22-May-2023 22:02:15.286 INFO [http-nio-9999-exec-6] org.apache.catalina.core.ApplicationContext.log Manager: init: Global resources are available
22-May-2023 22:02:15.327 INFO [http-nio-9999-exec-9] org.apache.catalina.core.ApplicationContext.log Manager: list: Listing contexts for virtual host 'localhost'
22-May-2023 22:02:15.333 INFO [http-nio-9999-exec-10] org.apache.catalina.core.ApplicationContext.log Manager: list: Listing contexts for virtual host 'localhost'
22-May-2023 22:02:15.710 INFO [http-nio-9999-exec-1] org.apache.catalina.core.ApplicationContext.log Manager: restart: Reloading web application '/F8_Group6_td'
22-May-2023 22:05:19.776 INFO [http-nio-9999-exec-17] org.apache.catalina.core.ApplicationContext.log Manager: list: Listing contexts for virtual host 'localhost'
22-May-2023 22:05:19.783 INFO [http-nio-9999-exec-18] org.apache.catalina.core.ApplicationContext.log Manager: restart: Reloading web application '/F8_Group6_td'
22-May-2023 22:05:26.418 INFO [http-nio-9999-exec-12] org.apache.catalina.core.ApplicationContext.log Manager: list: Listing contexts for virtual host 'localhost'
22-May-2023 22:05:26.424 INFO [http-nio-9999-exec-11] org.apache.catalina.core.ApplicationContext.log Manager: restart: Reloading web application '/F8_Group6_td'
22-May-2023 22:05:27.491 INFO [http-nio-9999-exec-16] org.apache.catalina.core.ApplicationContext.log Manager: list: Listing contexts for virtual host 'localhost'
22-May-2023 22:05:27.498 INFO [http-nio-9999-exec-14] org.apache.catalina.core.ApplicationContext.log Manager: restart: Reloading web application '/F8_Group6_td'
22-May-2023 22:05:30.777 INFO [http-nio-9999-exec-16] org.apache.catalina.core.ApplicationContext.log Manager: list: Listing contexts for virtual host 'localhost'
22-May-2023 22:05:30.783 INFO [http-nio-9999-exec-12] org.apache.catalina.core.ApplicationContext.log Manager: restart: Reloading web application '/F8_Group6_td'
22-May-2023 22:06:44.558 INFO [http-nio-9999-exec-13] org.apache.catalina.core.ApplicationContext.log Manager: list: Listing contexts for virtual host 'localhost'
22-May-2023 22:06:44.565 INFO [http-nio-9999-exec-14] org.apache.catalina.core.ApplicationContext.log Manager: restart: Reloading web application '/F8_Group6_td'
22-May-2023 22:07:13.182 INFO [http-nio-9999-exec-19] org.apache.catalina.core.ApplicationContext.log Manager: list: Listing contexts for virtual host 'localhost'
22-May-2023 22:07:13.188 INFO [http-nio-9999-exec-12] org.apache.catalina.core.ApplicationContext.log Manager: restart: Reloading web application '/F8_Group6_td'
22-May-2023 22:07:28.067 INFO [http-nio-9999-exec-13] org.apache.catalina.core.ApplicationContext.log Manager: list: Listing contexts for virtual host 'localhost'
22-May-2023 22:07:28.074 INFO [http-nio-9999-exec-19] org.apache.catalina.core.ApplicationContext.log Manager: restart: Reloading web application '/F8_Group6_td'
22-May-2023 22:10:27.434 INFO [http-nio-9999-exec-27] org.apache.catalina.core.ApplicationContext.log Manager: list: Listing contexts for virtual host 'localhost'
22-May-2023 22:10:27.439 INFO [http-nio-9999-exec-14] org.apache.catalina.core.ApplicationContext.log Manager: restart: Reloading web application '/F8_Group6_td'
22-May-2023 22:12:56.252 INFO [http-nio-9999-exec-29] org.apache.catalina.core.ApplicationContext.log Manager: list: Listing contexts for virtual host 'localhost'
22-May-2023 22:12:56.258 INFO [http-nio-9999-exec-19] org.apache.catalina.core.ApplicationContext.log Manager: restart: Reloading web application '/F8_Group6_td'
22-May-2023 22:14:20.063 INFO [http-nio-9999-exec-23] org.apache.catalina.core.ApplicationContext.log Manager: list: Listing contexts for virtual host 'localhost'
22-May-2023 22:14:20.068 INFO [http-nio-9999-exec-29] org.apache.catalina.core.ApplicationContext.log Manager: restart: Reloading web application '/F8_Group6_td'
22-May-2023 22:14:34.979 INFO [http-nio-9999-exec-32] org.apache.catalina.core.ApplicationContext.log Manager: list: Listing contexts for virtual host 'localhost'
22-May-2023 22:14:34.984 INFO [http-nio-9999-exec-23] org.apache.catalina.core.ApplicationContext.log Manager: restart: Reloading web application '/F8_Group6_td'
22-May-2023 22:14:38.415 INFO [http-nio-9999-exec-37] org.apache.catalina.core.ApplicationContext.log Manager: list: Listing contexts for virtual host 'localhost'
22-May-2023 22:14:38.420 INFO [http-nio-9999-exec-35] org.apache.catalina.core.ApplicationContext.log Manager: restart: Reloading web application '/F8_Group6_td'
22-May-2023 22:19:17.802 INFO [http-nio-9999-exec-41] org.apache.catalina.core.ApplicationContext.log Manager: list: Listing contexts for virtual host 'localhost'
22-May-2023 22:19:17.807 INFO [http-nio-9999-exec-43] org.apache.catalina.core.ApplicationContext.log Manager: restart: Reloading web application '/F8_Group6_td'
22-May-2023 22:19:18.760 INFO [http-nio-9999-exec-34] org.apache.catalina.core.ApplicationContext.log Manager: list: Listing contexts for virtual host 'localhost'
22-May-2023 22:19:18.765 INFO [http-nio-9999-exec-40] org.apache.catalina.core.ApplicationContext.log Manager: restart: Reloading web application '/F8_Group6_td'
22-May-2023 22:19:23.199 INFO [http-nio-9999-exec-36] org.apache.catalina.core.ApplicationContext.log Manager: list: Listing contexts for virtual host 'localhost'
22-May-2023 22:19:23.205 INFO [http-nio-9999-exec-42] org.apache.catalina.core.ApplicationContext.log Manager: restart: Reloading web application '/F8_Group6_td'
22-May-2023 22:19:24.268 INFO [http-nio-9999-exec-39] org.apache.catalina.core.ApplicationContext.log Manager: list: Listing contexts for virtual host 'localhost'
22-May-2023 22:19:24.277 INFO [http-nio-9999-exec-32] org.apache.catalina.core.ApplicationContext.log Manager: restart: Reloading web application '/F8_Group6_td'
22-May-2023 22:19:37.611 INFO [http-nio-9999-exec-45] org.apache.catalina.core.ApplicationContext.log Manager: list: Listing contexts for virtual host 'localhost'
22-May-2023 22:19:37.616 INFO [http-nio-9999-exec-42] org.apache.catalina.core.ApplicationContext.log Manager: restart: Reloading web application '/F8_Group6_td'
22-May-2023 22:19:44.960 INFO [http-nio-9999-exec-47] org.apache.catalina.core.ApplicationContext.log Manager: list: Listing contexts for virtual host 'localhost'
22-May-2023 22:19:44.965 INFO [http-nio-9999-exec-45] org.apache.catalina.core.ApplicationContext.log Manager: restart: Reloading web application '/F8_Group6_td'
22-May-2023 22:19:50.308 INFO [http-nio-9999-exec-46] org.apache.catalina.core.ApplicationContext.log Manager: list: Listing contexts for virtual host 'localhost'
22-May-2023 22:19:50.312 INFO [http-nio-9999-exec-42] org.apache.catalina.core.ApplicationContext.log Manager: restart: Reloading web application '/F8_Group6_td'
22-May-2023 22:20:06.116 INFO [http-nio-9999-exec-49] org.apache.catalina.core.ApplicationContext.log Manager: list: Listing contexts for virtual host 'localhost'
22-May-2023 22:20:06.121 INFO [http-nio-9999-exec-45] org.apache.catalina.core.ApplicationContext.log Manager: restart: Reloading web application '/F8_Group6_td'
22-May-2023 22:20:34.081 INFO [http-nio-9999-exec-47] org.apache.catalina.core.ApplicationContext.log Manager: list: Listing contexts for virtual host 'localhost'
22-May-2023 22:20:34.084 INFO [http-nio-9999-exec-37] org.apache.catalina.core.ApplicationContext.log Manager: list: Listing contexts for virtual host 'localhost'
22-May-2023 22:20:34.171 INFO [http-nio-9999-exec-41] org.apache.catalina.core.ApplicationContext.log Manager: restart: Reloading web application '/F8_Group6_td'
22-May-2023 22:21:16.543 INFO [http-nio-9999-exec-51] org.apache.catalina.core.ApplicationContext.log Manager: list: Listing contexts for virtual host 'localhost'
22-May-2023 22:21:19.866 INFO [http-nio-9999-exec-54] org.apache.catalina.core.ApplicationContext.log Manager: list: Listing contexts for virtual host 'localhost'
22-May-2023 22:21:24.653 INFO [http-nio-9999-exec-53] org.apache.catalina.core.ApplicationContext.log Manager: list: Listing contexts for virtual host 'localhost'
22-May-2023 22:22:00.542 INFO [http-nio-9999-exec-52] org.apache.catalina.core.ApplicationContext.log Manager: list: Listing contexts for virtual host 'localhost'
22-May-2023 22:22:00.547 INFO [http-nio-9999-exec-58] org.apache.catalina.core.ApplicationContext.log Manager: restart: Reloading web application '/F8_Group6_td'
22-May-2023 22:22:08.588 INFO [http-nio-9999-exec-60] org.apache.catalina.core.ApplicationContext.log Manager: list: Listing contexts for virtual host 'localhost'
22-May-2023 22:22:08.593 INFO [http-nio-9999-exec-52] org.apache.catalina.core.ApplicationContext.log Manager: restart: Reloading web application '/F8_Group6_td'
22-May-2023 22:22:13.967 INFO [http-nio-9999-exec-60] org.apache.catalina.core.ApplicationContext.log Manager: list: Listing contexts for virtual host 'localhost'
22-May-2023 22:22:13.969 INFO [http-nio-9999-exec-52] org.apache.catalina.core.ApplicationContext.log Manager: list: Listing contexts for virtual host 'localhost'
22-May-2023 22:22:14.092 INFO [http-nio-9999-exec-61] org.apache.catalina.core.ApplicationContext.log Manager: restart: Reloading web application '/F8_Group6_td'
22-May-2023 22:30:29.690 INFO [http-nio-9999-exec-72] org.apache.catalina.core.ApplicationContext.log Manager: list: Listing contexts for virtual host 'localhost'
22-May-2023 22:30:29.694 INFO [http-nio-9999-exec-71] org.apache.catalina.core.ApplicationContext.log Manager: list: Listing contexts for virtual host 'localhost'
22-May-2023 22:32:11.872 INFO [http-nio-9999-exec-66] org.apache.catalina.core.ApplicationContext.log Manager: list: Listing contexts for virtual host 'localhost'
22-May-2023 22:32:11.879 INFO [http-nio-9999-exec-72] org.apache.catalina.core.ApplicationContext.log Manager: restart: Reloading web application '/F8_Group6_td'
22-May-2023 22:36:30.483 INFO [http-nio-9999-exec-74] org.apache.catalina.core.ApplicationContext.log Manager: list: Listing contexts for virtual host 'localhost'
22-May-2023 22:36:30.491 INFO [http-nio-9999-exec-76] org.apache.catalina.core.ApplicationContext.log Manager: restart: Reloading web application '/F8_Group6_td'
22-May-2023 22:39:40.883 INFO [http-nio-9999-exec-86] org.apache.catalina.core.ApplicationContext.log Manager: list: Listing contexts for virtual host 'localhost'
22-May-2023 22:39:40.888 INFO [http-nio-9999-exec-87] org.apache.catalina.core.ApplicationContext.log Manager: restart: Reloading web application '/F8_Group6_td'
22-May-2023 22:41:38.288 INFO [http-nio-9999-exec-95] org.apache.catalina.core.ApplicationContext.log Manager: list: Listing contexts for virtual host 'localhost'
22-May-2023 22:41:38.295 INFO [http-nio-9999-exec-96] org.apache.catalina.core.ApplicationContext.log Manager: restart: Reloading web application '/F8_Group6_td'
22-May-2023 22:46:31.009 INFO [http-nio-9999-exec-103] org.apache.catalina.core.ApplicationContext.log Manager: list: Listing contexts for virtual host 'localhost'
22-May-2023 22:46:31.014 INFO [http-nio-9999-exec-104] org.apache.catalina.core.ApplicationContext.log Manager: restart: Reloading web application '/F8_Group6_td'
22-May-2023 22:46:36.744 INFO [http-nio-9999-exec-110] org.apache.catalina.core.ApplicationContext.log Manager: list: Listing contexts for virtual host 'localhost'
22-May-2023 22:46:36.749 INFO [http-nio-9999-exec-107] org.apache.catalina.core.ApplicationContext.log Manager: restart: Reloading web application '/F8_Group6_td'
