06-Mar-2023 11:42:24.032 INFO [http-nio-9999-exec-6] org.apache.catalina.core.ApplicationContext.log Manager: init: Associated with Deployer 'Catalina:type=Deployer,host=localhost'
06-Mar-2023 11:42:24.032 INFO [http-nio-9999-exec-6] org.apache.catalina.core.ApplicationContext.log Manager: init: Global resources are available
06-Mar-2023 11:42:24.091 INFO [http-nio-9999-exec-8] org.apache.catalina.core.ApplicationContext.log Manager: list: Listing contexts for virtual host 'localhost'
06-Mar-2023 11:42:24.098 INFO [http-nio-9999-exec-9] org.apache.catalina.core.ApplicationContext.log Manager: list: Listing contexts for virtual host 'localhost'
06-Mar-2023 11:42:24.178 INFO [http-nio-9999-exec-10] org.apache.catalina.core.ApplicationContext.log Manager: stop: Stopping web application '/Assignment'
06-Mar-2023 11:42:24.193 INFO [http-nio-9999-exec-3] org.apache.catalina.core.ApplicationContext.log Manager: start: Starting web application '/Assignment'
06-Mar-2023 11:44:52.115 INFO [http-nio-9999-exec-15] org.apache.catalina.core.ApplicationContext.log Manager: list: Listing contexts for virtual host 'localhost'
06-Mar-2023 11:44:52.122 INFO [http-nio-9999-exec-16] org.apache.catalina.core.ApplicationContext.log Manager: restart: Reloading web application '/Assignment'
06-Mar-2023 11:47:33.020 INFO [http-nio-9999-exec-24] org.apache.catalina.core.ApplicationContext.log Manager: list: Listing contexts for virtual host 'localhost'
06-Mar-2023 11:47:33.027 INFO [http-nio-9999-exec-29] org.apache.catalina.core.ApplicationContext.log Manager: restart: Reloading web application '/Assignment'
06-Mar-2023 11:52:52.577 INFO [http-nio-9999-exec-40] org.apache.catalina.core.ApplicationContext.log Manager: list: Listing contexts for virtual host 'localhost'
06-Mar-2023 11:52:52.585 INFO [http-nio-9999-exec-37] org.apache.catalina.core.ApplicationContext.log Manager: restart: Reloading web application '/Assignment'
06-Mar-2023 11:55:44.664 INFO [http-nio-9999-exec-41] org.apache.catalina.core.ApplicationContext.log Manager: list: Listing contexts for virtual host 'localhost'
06-Mar-2023 11:55:44.673 INFO [http-nio-9999-exec-42] org.apache.catalina.core.ApplicationContext.log Manager: restart: Reloading web application '/Assignment'
06-Mar-2023 11:55:45.441 INFO [http-nio-9999-exec-43] org.apache.catalina.core.ApplicationContext.log Manager: list: Listing contexts for virtual host 'localhost'
06-Mar-2023 11:55:45.449 INFO [http-nio-9999-exec-39] org.apache.catalina.core.ApplicationContext.log Manager: restart: Reloading web application '/Assignment'
06-Mar-2023 11:56:31.795 INFO [http-nio-9999-exec-35] org.apache.catalina.core.ApplicationContext.log Manager: list: Listing contexts for virtual host 'localhost'
06-Mar-2023 11:57:31.011 INFO [http-nio-9999-exec-42] org.apache.catalina.core.ApplicationContext.log Manager: list: Listing contexts for virtual host 'localhost'
06-Mar-2023 11:59:31.105 INFO [http-nio-9999-exec-45] org.apache.catalina.core.ApplicationContext.log Manager: list: Listing contexts for virtual host 'localhost'
06-Mar-2023 11:59:31.110 INFO [http-nio-9999-exec-47] org.apache.catalina.core.ApplicationContext.log Manager: restart: Reloading web application '/Assignment'
06-Mar-2023 11:59:43.358 INFO [http-nio-9999-exec-42] org.apache.catalina.core.ApplicationContext.log Manager: list: Listing contexts for virtual host 'localhost'
06-Mar-2023 11:59:43.363 INFO [http-nio-9999-exec-36] org.apache.catalina.core.ApplicationContext.log Manager: restart: Reloading web application '/Assignment'
06-Mar-2023 12:00:49.016 INFO [http-nio-9999-exec-46] org.apache.catalina.core.ApplicationContext.log Manager: list: Listing contexts for virtual host 'localhost'
06-Mar-2023 12:00:49.023 INFO [http-nio-9999-exec-45] org.apache.catalina.core.ApplicationContext.log Manager: restart: Reloading web application '/Assignment'
06-Mar-2023 12:01:28.312 INFO [http-nio-9999-exec-47] org.apache.catalina.core.ApplicationContext.log Manager: list: Listing contexts for virtual host 'localhost'
06-Mar-2023 12:01:28.317 INFO [http-nio-9999-exec-52] org.apache.catalina.core.ApplicationContext.log Manager: restart: Reloading web application '/Assignment'
06-Mar-2023 12:02:43.053 INFO [http-nio-9999-exec-54] org.apache.catalina.core.ApplicationContext.log Manager: list: Listing contexts for virtual host 'localhost'
06-Mar-2023 12:09:26.235 INFO [http-nio-9999-exec-63] org.apache.catalina.core.ApplicationContext.log Manager: list: Listing contexts for virtual host 'localhost'
06-Mar-2023 12:09:26.242 INFO [http-nio-9999-exec-62] org.apache.catalina.core.ApplicationContext.log Manager: restart: Reloading web application '/Assignment'
06-Mar-2023 12:10:26.199 INFO [http-nio-9999-exec-56] org.apache.catalina.core.ApplicationContext.log Manager: list: Listing contexts for virtual host 'localhost'
06-Mar-2023 12:10:26.204 INFO [http-nio-9999-exec-58] org.apache.catalina.core.ApplicationContext.log Manager: restart: Reloading web application '/Assignment'
06-Mar-2023 12:11:04.007 INFO [http-nio-9999-exec-61] org.apache.catalina.core.ApplicationContext.log Manager: list: Listing contexts for virtual host 'localhost'
06-Mar-2023 12:11:04.013 INFO [http-nio-9999-exec-64] org.apache.catalina.core.ApplicationContext.log Manager: restart: Reloading web application '/Assignment'
06-Mar-2023 12:55:34.491 INFO [http-nio-9999-exec-6] org.apache.catalina.core.ApplicationContext.log Manager: init: Associated with Deployer 'Catalina:type=Deployer,host=localhost'
06-Mar-2023 12:55:34.491 INFO [http-nio-9999-exec-6] org.apache.catalina.core.ApplicationContext.log Manager: init: Global resources are available
06-Mar-2023 12:55:34.521 INFO [http-nio-9999-exec-9] org.apache.catalina.core.ApplicationContext.log Manager: list: Listing contexts for virtual host 'localhost'
06-Mar-2023 12:55:34.526 INFO [http-nio-9999-exec-10] org.apache.catalina.core.ApplicationContext.log Manager: list: Listing contexts for virtual host 'localhost'
06-Mar-2023 12:55:34.583 INFO [http-nio-9999-exec-2] org.apache.catalina.core.ApplicationContext.log Manager: restart: Reloading web application '/Assignment'
06-Mar-2023 13:24:01.863 INFO [http-nio-9999-exec-18] org.apache.catalina.core.ApplicationContext.log Manager: list: Listing contexts for virtual host 'localhost'
06-Mar-2023 13:24:01.870 INFO [http-nio-9999-exec-12] org.apache.catalina.core.ApplicationContext.log Manager: restart: Reloading web application '/Assignment'
06-Mar-2023 13:26:58.393 INFO [http-nio-9999-exec-22] org.apache.catalina.core.ApplicationContext.log Manager: list: Listing contexts for virtual host 'localhost'
06-Mar-2023 13:26:58.400 INFO [http-nio-9999-exec-24] org.apache.catalina.core.ApplicationContext.log Manager: restart: Reloading web application '/Assignment'
06-Mar-2023 13:26:59.176 INFO [http-nio-9999-exec-19] org.apache.catalina.core.ApplicationContext.log Manager: list: Listing contexts for virtual host 'localhost'
06-Mar-2023 13:26:59.183 INFO [http-nio-9999-exec-23] org.apache.catalina.core.ApplicationContext.log Manager: restart: Reloading web application '/Assignment'
06-Mar-2023 13:28:29.607 INFO [http-nio-9999-exec-27] org.apache.catalina.core.ApplicationContext.log Manager: list: Listing contexts for virtual host 'localhost'
06-Mar-2023 13:28:29.614 INFO [http-nio-9999-exec-22] org.apache.catalina.core.ApplicationContext.log Manager: restart: Reloading web application '/Assignment'
06-Mar-2023 13:30:16.560 INFO [http-nio-9999-exec-26] org.apache.catalina.core.ApplicationContext.log Manager: list: Listing contexts for virtual host 'localhost'
06-Mar-2023 13:30:16.567 INFO [http-nio-9999-exec-27] org.apache.catalina.core.ApplicationContext.log Manager: restart: Reloading web application '/Assignment'
06-Mar-2023 13:30:36.449 INFO [http-nio-9999-exec-11] org.apache.catalina.core.ApplicationContext.log Manager: list: Listing contexts for virtual host 'localhost'
06-Mar-2023 13:30:36.456 INFO [http-nio-9999-exec-28] org.apache.catalina.core.ApplicationContext.log Manager: restart: Reloading web application '/Assignment'
06-Mar-2023 13:30:37.204 INFO [http-nio-9999-exec-22] org.apache.catalina.core.ApplicationContext.log Manager: list: Listing contexts for virtual host 'localhost'
06-Mar-2023 13:30:37.209 INFO [http-nio-9999-exec-30] org.apache.catalina.core.ApplicationContext.log Manager: restart: Reloading web application '/Assignment'
06-Mar-2023 13:37:15.572 INFO [http-nio-9999-exec-34] org.apache.catalina.core.ApplicationContext.log Manager: list: Listing contexts for virtual host 'localhost'
06-Mar-2023 13:59:50.959 INFO [http-nio-9999-exec-31] org.apache.catalina.core.ApplicationContext.log Manager: list: Listing contexts for virtual host 'localhost'
06-Mar-2023 14:05:00.831 INFO [http-nio-9999-exec-33] org.apache.catalina.core.ApplicationContext.log Manager: list: Listing contexts for virtual host 'localhost'
06-Mar-2023 14:05:00.840 INFO [http-nio-9999-exec-36] org.apache.catalina.core.ApplicationContext.log Manager: stop: Stopping web application '/Assignment'
06-Mar-2023 14:05:00.864 INFO [http-nio-9999-exec-38] org.apache.catalina.core.ApplicationContext.log Manager: start: Starting web application '/Assignment'
06-Mar-2023 14:05:01.750 INFO [http-nio-9999-exec-35] org.apache.catalina.core.ApplicationContext.log Manager: list: Listing contexts for virtual host 'localhost'
06-Mar-2023 14:05:01.760 INFO [http-nio-9999-exec-33] org.apache.catalina.core.ApplicationContext.log Manager: restart: Reloading web application '/Assignment'
06-Mar-2023 14:12:00.281 INFO [http-nio-9999-exec-45] org.apache.catalina.core.ApplicationContext.log Manager: list: Listing contexts for virtual host 'localhost'
06-Mar-2023 14:12:00.450 INFO [http-nio-9999-exec-46] org.apache.catalina.core.ApplicationContext.log Manager: list: Listing contexts for virtual host 'localhost'
06-Mar-2023 14:12:00.457 INFO [http-nio-9999-exec-47] org.apache.catalina.core.ApplicationContext.log Manager: restart: Reloading web application '/Assignment'
06-Mar-2023 14:16:09.055 INFO [http-nio-9999-exec-56] org.apache.catalina.core.ApplicationContext.log Manager: list: Listing contexts for virtual host 'localhost'
06-Mar-2023 14:16:09.061 INFO [http-nio-9999-exec-57] org.apache.catalina.core.ApplicationContext.log Manager: restart: Reloading web application '/Assignment'
06-Mar-2023 14:16:52.982 INFO [http-nio-9999-exec-55] org.apache.catalina.core.ApplicationContext.log Manager: list: Listing contexts for virtual host 'localhost'
06-Mar-2023 14:16:53.006 INFO [http-nio-9999-exec-58] org.apache.catalina.core.ApplicationContext.log Manager: list: Listing contexts for virtual host 'localhost'
06-Mar-2023 14:19:30.223 INFO [http-nio-9999-exec-62] org.apache.catalina.core.ApplicationContext.log Manager: list: Listing contexts for virtual host 'localhost'
06-Mar-2023 14:19:30.229 INFO [http-nio-9999-exec-64] org.apache.catalina.core.ApplicationContext.log Manager: restart: Reloading web application '/Assignment'
06-Mar-2023 14:20:04.852 INFO [http-nio-9999-exec-56] org.apache.catalina.core.ApplicationContext.log Manager: list: Listing contexts for virtual host 'localhost'
06-Mar-2023 14:20:04.858 INFO [http-nio-9999-exec-60] org.apache.catalina.core.ApplicationContext.log Manager: restart: Reloading web application '/Assignment'
06-Mar-2023 14:21:04.643 INFO [http-nio-9999-exec-50] org.apache.catalina.core.ApplicationContext.log Manager: list: Listing contexts for virtual host 'localhost'
06-Mar-2023 14:21:04.650 INFO [http-nio-9999-exec-57] org.apache.catalina.core.ApplicationContext.log Manager: restart: Reloading web application '/Assignment'
06-Mar-2023 14:23:52.748 INFO [http-nio-9999-exec-69] org.apache.catalina.core.ApplicationContext.log Manager: list: Listing contexts for virtual host 'localhost'
06-Mar-2023 14:23:52.754 INFO [http-nio-9999-exec-50] org.apache.catalina.core.ApplicationContext.log Manager: restart: Reloading web application '/Assignment'
06-Mar-2023 14:31:08.638 INFO [http-nio-9999-exec-71] org.apache.catalina.core.ApplicationContext.log Manager: list: Listing contexts for virtual host 'localhost'
06-Mar-2023 14:31:08.644 INFO [http-nio-9999-exec-72] org.apache.catalina.core.ApplicationContext.log Manager: restart: Reloading web application '/Assignment'
06-Mar-2023 14:31:42.108 INFO [http-nio-9999-exec-78] org.apache.catalina.core.ApplicationContext.log Manager: list: Listing contexts for virtual host 'localhost'
06-Mar-2023 14:31:42.114 INFO [http-nio-9999-exec-58] org.apache.catalina.core.ApplicationContext.log Manager: restart: Reloading web application '/Assignment'
06-Mar-2023 14:33:39.066 INFO [http-nio-9999-exec-73] org.apache.catalina.core.ApplicationContext.log Manager: list: Listing contexts for virtual host 'localhost'
06-Mar-2023 14:33:39.409 INFO [http-nio-9999-exec-58] org.apache.catalina.core.ApplicationContext.log Manager: list: Listing contexts for virtual host 'localhost'
06-Mar-2023 14:33:39.415 INFO [http-nio-9999-exec-74] org.apache.catalina.core.ApplicationContext.log Manager: restart: Reloading web application '/Assignment'
06-Mar-2023 14:33:49.328 INFO [http-nio-9999-exec-73] org.apache.catalina.core.ApplicationContext.log Manager: list: Listing contexts for virtual host 'localhost'
06-Mar-2023 14:33:49.334 INFO [http-nio-9999-exec-70] org.apache.catalina.core.ApplicationContext.log Manager: restart: Reloading web application '/Assignment'
06-Mar-2023 14:44:20.812 INFO [http-nio-9999-exec-84] org.apache.catalina.core.ApplicationContext.log Manager: list: Listing contexts for virtual host 'localhost'
06-Mar-2023 14:44:20.818 INFO [http-nio-9999-exec-82] org.apache.catalina.core.ApplicationContext.log Manager: restart: Reloading web application '/Assignment'
06-Mar-2023 15:15:36.819 INFO [http-nio-9999-exec-100] org.apache.catalina.core.ApplicationContext.log Manager: list: Listing contexts for virtual host 'localhost'
06-Mar-2023 15:24:15.342 INFO [http-nio-9999-exec-94] org.apache.catalina.core.ApplicationContext.log Manager: list: Listing contexts for virtual host 'localhost'
06-Mar-2023 15:30:06.574 INFO [http-nio-9999-exec-94] org.apache.catalina.core.ApplicationContext.log Manager: list: Listing contexts for virtual host 'localhost'
06-Mar-2023 15:41:35.665 INFO [http-nio-9999-exec-99] org.apache.catalina.core.ApplicationContext.log Manager: list: Listing contexts for virtual host 'localhost'
06-Mar-2023 15:42:16.810 INFO [http-nio-9999-exec-96] org.apache.catalina.core.ApplicationContext.log Manager: list: Listing contexts for virtual host 'localhost'
06-Mar-2023 15:44:19.499 INFO [http-nio-9999-exec-96] org.apache.catalina.core.ApplicationContext.log Manager: list: Listing contexts for virtual host 'localhost'
06-Mar-2023 15:45:05.362 INFO [http-nio-9999-exec-94] org.apache.catalina.core.ApplicationContext.log Manager: list: Listing contexts for virtual host 'localhost'
06-Mar-2023 15:51:39.171 INFO [http-nio-9999-exec-95] org.apache.catalina.core.ApplicationContext.log Manager: list: Listing contexts for virtual host 'localhost'
06-Mar-2023 15:55:40.768 INFO [http-nio-9999-exec-99] org.apache.catalina.core.ApplicationContext.log Manager: list: Listing contexts for virtual host 'localhost'
06-Mar-2023 15:55:40.774 INFO [http-nio-9999-exec-100] org.apache.catalina.core.ApplicationContext.log Manager: restart: Reloading web application '/Assignment'
06-Mar-2023 15:58:04.320 INFO [http-nio-9999-exec-103] org.apache.catalina.core.ApplicationContext.log Manager: list: Listing contexts for virtual host 'localhost'
06-Mar-2023 15:58:04.326 INFO [http-nio-9999-exec-104] org.apache.catalina.core.ApplicationContext.log Manager: restart: Reloading web application '/Assignment'
06-Mar-2023 15:58:12.243 INFO [http-nio-9999-exec-112] org.apache.catalina.core.ApplicationContext.log Manager: list: Listing contexts for virtual host 'localhost'
06-Mar-2023 16:00:18.998 INFO [http-nio-9999-exec-112] org.apache.catalina.core.ApplicationContext.log Manager: list: Listing contexts for virtual host 'localhost'
06-Mar-2023 16:00:19.004 INFO [http-nio-9999-exec-118] org.apache.catalina.core.ApplicationContext.log Manager: restart: Reloading web application '/Assignment'
06-Mar-2023 16:01:44.228 INFO [http-nio-9999-exec-124] org.apache.catalina.core.ApplicationContext.log Manager: list: Listing contexts for virtual host 'localhost'
06-Mar-2023 16:01:49.879 INFO [http-nio-9999-exec-112] org.apache.catalina.core.ApplicationContext.log Manager: list: Listing contexts for virtual host 'localhost'
06-Mar-2023 16:01:49.885 INFO [http-nio-9999-exec-117] org.apache.catalina.core.ApplicationContext.log Manager: restart: Reloading web application '/Assignment'
06-Mar-2023 16:02:44.356 INFO [http-nio-9999-exec-125] org.apache.catalina.core.ApplicationContext.log Manager: list: Listing contexts for virtual host 'localhost'
06-Mar-2023 16:02:44.362 INFO [http-nio-9999-exec-121] org.apache.catalina.core.ApplicationContext.log Manager: stop: Stopping web application '/Assignment'
06-Mar-2023 16:02:44.366 INFO [http-nio-9999-exec-116] org.apache.catalina.core.ApplicationContext.log Manager: start: Starting web application '/Assignment'
06-Mar-2023 16:04:08.708 INFO [http-nio-9999-exec-128] org.apache.catalina.core.ApplicationContext.log Manager: list: Listing contexts for virtual host 'localhost'
06-Mar-2023 16:06:05.622 INFO [http-nio-9999-exec-133] org.apache.catalina.core.ApplicationContext.log Manager: list: Listing contexts for virtual host 'localhost'
06-Mar-2023 16:06:31.790 INFO [http-nio-9999-exec-136] org.apache.catalina.core.ApplicationContext.log Manager: list: Listing contexts for virtual host 'localhost'
06-Mar-2023 16:06:45.608 INFO [http-nio-9999-exec-136] org.apache.catalina.core.ApplicationContext.log Manager: list: Listing contexts for virtual host 'localhost'
06-Mar-2023 16:06:45.613 INFO [http-nio-9999-exec-131] org.apache.catalina.core.ApplicationContext.log Manager: restart: Reloading web application '/Assignment'
06-Mar-2023 16:08:37.555 INFO [http-nio-9999-exec-137] org.apache.catalina.core.ApplicationContext.log Manager: list: Listing contexts for virtual host 'localhost'
06-Mar-2023 16:13:30.280 INFO [http-nio-9999-exec-144] org.apache.catalina.core.ApplicationContext.log Manager: list: Listing contexts for virtual host 'localhost'
06-Mar-2023 16:17:16.213 INFO [http-nio-9999-exec-144] org.apache.catalina.core.ApplicationContext.log Manager: list: Listing contexts for virtual host 'localhost'
06-Mar-2023 16:17:46.808 INFO [http-nio-9999-exec-145] org.apache.catalina.core.ApplicationContext.log Manager: list: Listing contexts for virtual host 'localhost'
06-Mar-2023 16:20:04.791 INFO [http-nio-9999-exec-145] org.apache.catalina.core.ApplicationContext.log Manager: list: Listing contexts for virtual host 'localhost'
06-Mar-2023 16:47:37.488 INFO [http-nio-9999-exec-144] org.apache.catalina.core.ApplicationContext.log Manager: list: Listing contexts for virtual host 'localhost'
06-Mar-2023 16:47:37.490 INFO [http-nio-9999-exec-137] org.apache.catalina.core.ApplicationContext.log Manager: list: Listing contexts for virtual host 'localhost'
06-Mar-2023 16:47:37.523 INFO [http-nio-9999-exec-138] org.apache.catalina.core.ApplicationContext.log Manager: undeploy: Undeploying web application at '/Party'
06-Mar-2023 16:47:38.087 INFO [http-nio-9999-exec-144] org.apache.catalina.core.ApplicationContext.log Manager: install: Installing context configuration at 'file:/C:/Users/ADMIN/AppData/Local/Temp/context7911546186009521043.xml'
06-Mar-2023 16:47:38.474 INFO [http-nio-9999-exec-141] org.apache.catalina.core.ApplicationContext.log Manager: start: Starting web application '/Party'
06-Mar-2023 17:07:04.725 INFO [http-nio-9999-exec-149] org.apache.catalina.core.ApplicationContext.log Manager: list: Listing contexts for virtual host 'localhost'
06-Mar-2023 17:07:04.754 INFO [http-nio-9999-exec-151] org.apache.catalina.core.ApplicationContext.log Manager: list: Listing contexts for virtual host 'localhost'
06-Mar-2023 17:08:23.602 INFO [http-nio-9999-exec-148] org.apache.catalina.core.ApplicationContext.log Manager: list: Listing contexts for virtual host 'localhost'
06-Mar-2023 17:08:23.607 INFO [http-nio-9999-exec-149] org.apache.catalina.core.ApplicationContext.log Manager: stop: Stopping web application '/Assignment'
06-Mar-2023 17:08:23.613 INFO [http-nio-9999-exec-148] org.apache.catalina.core.ApplicationContext.log Manager: start: Starting web application '/Assignment'
06-Mar-2023 17:08:31.563 INFO [http-nio-9999-exec-157] org.apache.catalina.core.ApplicationContext.log Manager: list: Listing contexts for virtual host 'localhost'
06-Mar-2023 17:08:31.565 INFO [http-nio-9999-exec-158] org.apache.catalina.core.ApplicationContext.log Manager: list: Listing contexts for virtual host 'localhost'
06-Mar-2023 17:08:31.602 INFO [http-nio-9999-exec-154] org.apache.catalina.core.ApplicationContext.log Manager: stop: Stopping web application '/Assignment'
06-Mar-2023 17:08:31.624 INFO [http-nio-9999-exec-151] org.apache.catalina.core.ApplicationContext.log Manager: start: Starting web application '/Assignment'
06-Mar-2023 17:10:01.096 INFO [http-nio-9999-exec-165] org.apache.catalina.core.ApplicationContext.log Manager: list: Listing contexts for virtual host 'localhost'
06-Mar-2023 17:11:33.415 INFO [http-nio-9999-exec-166] org.apache.catalina.core.ApplicationContext.log Manager: list: Listing contexts for virtual host 'localhost'
06-Mar-2023 17:11:33.417 INFO [http-nio-9999-exec-168] org.apache.catalina.core.ApplicationContext.log Manager: list: Listing contexts for virtual host 'localhost'
06-Mar-2023 18:36:17.535 INFO [http-nio-9999-exec-161] org.apache.catalina.core.ApplicationContext.log Manager: list: Listing contexts for virtual host 'localhost'
06-Mar-2023 18:36:17.538 INFO [http-nio-9999-exec-168] org.apache.catalina.core.ApplicationContext.log Manager: list: Listing contexts for virtual host 'localhost'
06-Mar-2023 18:38:03.240 INFO [http-nio-9999-exec-162] org.apache.catalina.core.ApplicationContext.log Manager: list: Listing contexts for virtual host 'localhost'
06-Mar-2023 18:39:44.327 INFO [http-nio-9999-exec-166] org.apache.catalina.core.ApplicationContext.log Manager: list: Listing contexts for virtual host 'localhost'
06-Mar-2023 18:39:44.332 INFO [http-nio-9999-exec-161] org.apache.catalina.core.ApplicationContext.log Manager: restart: Reloading web application '/Assignment'
06-Mar-2023 18:44:10.904 INFO [http-nio-9999-exec-172] org.apache.catalina.core.ApplicationContext.log Manager: list: Listing contexts for virtual host 'localhost'
06-Mar-2023 18:44:10.910 INFO [http-nio-9999-exec-171] org.apache.catalina.core.ApplicationContext.log Manager: restart: Reloading web application '/Assignment'
06-Mar-2023 18:44:11.669 INFO [http-nio-9999-exec-163] org.apache.catalina.core.ApplicationContext.log Manager: list: Listing contexts for virtual host 'localhost'
06-Mar-2023 18:44:11.674 INFO [http-nio-9999-exec-165] org.apache.catalina.core.ApplicationContext.log Manager: restart: Reloading web application '/Assignment'
06-Mar-2023 18:44:37.721 INFO [http-nio-9999-exec-169] org.apache.catalina.core.ApplicationContext.log Manager: list: Listing contexts for virtual host 'localhost'
06-Mar-2023 18:44:37.730 INFO [http-nio-9999-exec-159] org.apache.catalina.core.ApplicationContext.log Manager: stop: Stopping web application '/Assignment'
06-Mar-2023 18:44:37.757 INFO [http-nio-9999-exec-160] org.apache.catalina.core.ApplicationContext.log Manager: start: Starting web application '/Assignment'
06-Mar-2023 18:44:38.198 INFO [http-nio-9999-exec-175] org.apache.catalina.core.ApplicationContext.log Manager: list: Listing contexts for virtual host 'localhost'
06-Mar-2023 18:44:38.206 INFO [http-nio-9999-exec-174] org.apache.catalina.core.ApplicationContext.log Manager: restart: Reloading web application '/Assignment'
06-Mar-2023 19:02:11.837 INFO [http-nio-9999-exec-179] org.apache.catalina.core.ApplicationContext.log Manager: list: Listing contexts for virtual host 'localhost'
06-Mar-2023 19:02:11.843 INFO [http-nio-9999-exec-180] org.apache.catalina.core.ApplicationContext.log Manager: restart: Reloading web application '/Assignment'
06-Mar-2023 19:02:20.694 INFO [http-nio-9999-exec-179] org.apache.catalina.core.ApplicationContext.log Manager: list: Listing contexts for virtual host 'localhost'
06-Mar-2023 19:02:21.011 INFO [http-nio-9999-exec-187] org.apache.catalina.core.ApplicationContext.log Manager: list: Listing contexts for virtual host 'localhost'
06-Mar-2023 19:04:16.935 INFO [http-nio-9999-exec-182] org.apache.catalina.core.ApplicationContext.log Manager: list: Listing contexts for virtual host 'localhost'
06-Mar-2023 19:04:18.656 INFO [http-nio-9999-exec-189] org.apache.catalina.core.ApplicationContext.log Manager: list: Listing contexts for virtual host 'localhost'
06-Mar-2023 19:12:37.402 INFO [http-nio-9999-exec-190] org.apache.catalina.core.ApplicationContext.log Manager: list: Listing contexts for virtual host 'localhost'
06-Mar-2023 19:18:10.360 INFO [http-nio-9999-exec-196] org.apache.catalina.core.ApplicationContext.log Manager: list: Listing contexts for virtual host 'localhost'
06-Mar-2023 19:18:10.367 INFO [http-nio-9999-exec-187] org.apache.catalina.core.ApplicationContext.log Manager: restart: Reloading web application '/Assignment'
06-Mar-2023 19:21:36.389 INFO [http-nio-9999-exec-198] org.apache.catalina.core.ApplicationContext.log Manager: list: Listing contexts for virtual host 'localhost'
06-Mar-2023 19:22:40.439 INFO [http-nio-9999-exec-203] org.apache.catalina.core.ApplicationContext.log Manager: list: Listing contexts for virtual host 'localhost'
06-Mar-2023 19:22:40.444 INFO [http-nio-9999-exec-206] org.apache.catalina.core.ApplicationContext.log Manager: restart: Reloading web application '/Assignment'
06-Mar-2023 19:23:27.335 INFO [http-nio-9999-exec-202] org.apache.catalina.core.ApplicationContext.log Manager: list: Listing contexts for virtual host 'localhost'
06-Mar-2023 19:23:27.339 INFO [http-nio-9999-exec-204] org.apache.catalina.core.ApplicationContext.log Manager: restart: Reloading web application '/Assignment'
06-Mar-2023 19:23:58.557 INFO [http-nio-9999-exec-207] org.apache.catalina.core.ApplicationContext.log Manager: list: Listing contexts for virtual host 'localhost'
06-Mar-2023 19:25:00.504 INFO [http-nio-9999-exec-208] org.apache.catalina.core.ApplicationContext.log Manager: list: Listing contexts for virtual host 'localhost'
06-Mar-2023 19:25:21.384 INFO [http-nio-9999-exec-199] org.apache.catalina.core.ApplicationContext.log Manager: list: Listing contexts for virtual host 'localhost'
06-Mar-2023 19:31:34.933 INFO [http-nio-9999-exec-208] org.apache.catalina.core.ApplicationContext.log Manager: list: Listing contexts for virtual host 'localhost'
06-Mar-2023 19:31:34.938 INFO [http-nio-9999-exec-209] org.apache.catalina.core.ApplicationContext.log Manager: restart: Reloading web application '/Assignment'
06-Mar-2023 19:32:35.683 INFO [http-nio-9999-exec-210] org.apache.catalina.core.ApplicationContext.log Manager: list: Listing contexts for virtual host 'localhost'
06-Mar-2023 19:32:35.689 INFO [http-nio-9999-exec-217] org.apache.catalina.core.ApplicationContext.log Manager: restart: Reloading web application '/Assignment'
06-Mar-2023 19:37:06.457 INFO [http-nio-9999-exec-223] org.apache.catalina.core.ApplicationContext.log Manager: list: Listing contexts for virtual host 'localhost'
06-Mar-2023 19:37:06.463 INFO [http-nio-9999-exec-222] org.apache.catalina.core.ApplicationContext.log Manager: restart: Reloading web application '/Assignment'
06-Mar-2023 19:48:49.837 INFO [http-nio-9999-exec-229] org.apache.catalina.core.ApplicationContext.log Manager: list: Listing contexts for virtual host 'localhost'
06-Mar-2023 19:53:07.735 INFO [http-nio-9999-exec-229] org.apache.catalina.core.ApplicationContext.log Manager: list: Listing contexts for virtual host 'localhost'
06-Mar-2023 19:54:10.997 INFO [http-nio-9999-exec-235] org.apache.catalina.core.ApplicationContext.log Manager: list: Listing contexts for virtual host 'localhost'
06-Mar-2023 19:54:44.690 INFO [http-nio-9999-exec-232] org.apache.catalina.core.ApplicationContext.log Manager: list: Listing contexts for virtual host 'localhost'
06-Mar-2023 19:54:44.695 INFO [http-nio-9999-exec-233] org.apache.catalina.core.ApplicationContext.log Manager: restart: Reloading web application '/Assignment'
06-Mar-2023 20:03:20.388 INFO [http-nio-9999-exec-237] org.apache.catalina.core.ApplicationContext.log Manager: list: Listing contexts for virtual host 'localhost'
06-Mar-2023 20:03:20.395 INFO [http-nio-9999-exec-238] org.apache.catalina.core.ApplicationContext.log Manager: restart: Reloading web application '/Assignment'
06-Mar-2023 20:11:07.943 INFO [http-nio-9999-exec-247] org.apache.catalina.core.ApplicationContext.log Manager: list: Listing contexts for virtual host 'localhost'
06-Mar-2023 20:11:07.948 INFO [http-nio-9999-exec-248] org.apache.catalina.core.ApplicationContext.log Manager: restart: Reloading web application '/Assignment'
06-Mar-2023 20:11:14.702 INFO [http-nio-9999-exec-249] org.apache.catalina.core.ApplicationContext.log Manager: list: Listing contexts for virtual host 'localhost'
06-Mar-2023 20:11:14.707 INFO [http-nio-9999-exec-253] org.apache.catalina.core.ApplicationContext.log Manager: restart: Reloading web application '/Assignment'
06-Mar-2023 20:13:27.826 INFO [http-nio-9999-exec-249] org.apache.catalina.core.ApplicationContext.log Manager: list: Listing contexts for virtual host 'localhost'
06-Mar-2023 20:13:27.832 INFO [http-nio-9999-exec-246] org.apache.catalina.core.ApplicationContext.log Manager: restart: Reloading web application '/Assignment'
06-Mar-2023 20:16:54.351 INFO [http-nio-9999-exec-265] org.apache.catalina.core.ApplicationContext.log Manager: list: Listing contexts for virtual host 'localhost'
06-Mar-2023 20:17:14.668 INFO [http-nio-9999-exec-262] org.apache.catalina.core.ApplicationContext.log Manager: list: Listing contexts for virtual host 'localhost'
06-Mar-2023 20:21:11.906 INFO [http-nio-9999-exec-260] org.apache.catalina.core.ApplicationContext.log Manager: list: Listing contexts for virtual host 'localhost'
06-Mar-2023 20:21:11.912 INFO [http-nio-9999-exec-265] org.apache.catalina.core.ApplicationContext.log Manager: restart: Reloading web application '/Assignment'
06-Mar-2023 20:22:08.495 INFO [http-nio-9999-exec-261] org.apache.catalina.core.ApplicationContext.log Manager: list: Listing contexts for virtual host 'localhost'
06-Mar-2023 20:22:08.500 INFO [http-nio-9999-exec-267] org.apache.catalina.core.ApplicationContext.log Manager: restart: Reloading web application '/Assignment'
06-Mar-2023 20:26:09.473 INFO [http-nio-9999-exec-272] org.apache.catalina.core.ApplicationContext.log Manager: list: Listing contexts for virtual host 'localhost'
06-Mar-2023 20:26:09.478 INFO [http-nio-9999-exec-261] org.apache.catalina.core.ApplicationContext.log Manager: restart: Reloading web application '/Assignment'
06-Mar-2023 20:26:23.937 INFO [http-nio-9999-exec-259] org.apache.catalina.core.ApplicationContext.log Manager: list: Listing contexts for virtual host 'localhost'
06-Mar-2023 20:26:23.943 INFO [http-nio-9999-exec-272] org.apache.catalina.core.ApplicationContext.log Manager: restart: Reloading web application '/Assignment'
06-Mar-2023 20:26:27.589 INFO [http-nio-9999-exec-267] org.apache.catalina.core.ApplicationContext.log Manager: list: Listing contexts for virtual host 'localhost'
06-Mar-2023 20:26:27.594 INFO [http-nio-9999-exec-259] org.apache.catalina.core.ApplicationContext.log Manager: restart: Reloading web application '/Assignment'
06-Mar-2023 20:26:28.912 INFO [http-nio-9999-exec-263] org.apache.catalina.core.ApplicationContext.log Manager: list: Listing contexts for virtual host 'localhost'
06-Mar-2023 20:26:28.918 INFO [http-nio-9999-exec-270] org.apache.catalina.core.ApplicationContext.log Manager: restart: Reloading web application '/Assignment'
06-Mar-2023 20:26:39.133 INFO [http-nio-9999-exec-259] org.apache.catalina.core.ApplicationContext.log Manager: list: Listing contexts for virtual host 'localhost'
06-Mar-2023 20:26:39.138 INFO [http-nio-9999-exec-267] org.apache.catalina.core.ApplicationContext.log Manager: restart: Reloading web application '/Assignment'
06-Mar-2023 20:26:51.409 INFO [http-nio-9999-exec-276] org.apache.catalina.core.ApplicationContext.log Manager: list: Listing contexts for virtual host 'localhost'
06-Mar-2023 20:26:51.413 INFO [http-nio-9999-exec-277] org.apache.catalina.core.ApplicationContext.log Manager: restart: Reloading web application '/Assignment'
06-Mar-2023 20:28:37.960 INFO [http-nio-9999-exec-259] org.apache.catalina.core.ApplicationContext.log Manager: list: Listing contexts for virtual host 'localhost'
06-Mar-2023 20:28:37.965 INFO [http-nio-9999-exec-276] org.apache.catalina.core.ApplicationContext.log Manager: restart: Reloading web application '/Assignment'
06-Mar-2023 20:29:40.028 INFO [http-nio-9999-exec-279] org.apache.catalina.core.ApplicationContext.log Manager: list: Listing contexts for virtual host 'localhost'
06-Mar-2023 20:29:40.033 INFO [http-nio-9999-exec-283] org.apache.catalina.core.ApplicationContext.log Manager: restart: Reloading web application '/Assignment'
06-Mar-2023 20:29:52.206 INFO [http-nio-9999-exec-289] org.apache.catalina.core.ApplicationContext.log Manager: list: Listing contexts for virtual host 'localhost'
06-Mar-2023 20:29:52.211 INFO [http-nio-9999-exec-288] org.apache.catalina.core.ApplicationContext.log Manager: restart: Reloading web application '/Assignment'
06-Mar-2023 20:32:06.700 INFO [http-nio-9999-exec-295] org.apache.catalina.core.ApplicationContext.log Manager: list: Listing contexts for virtual host 'localhost'
06-Mar-2023 20:32:06.705 INFO [http-nio-9999-exec-294] org.apache.catalina.core.ApplicationContext.log Manager: restart: Reloading web application '/Assignment'
06-Mar-2023 20:32:13.587 INFO [http-nio-9999-exec-295] org.apache.catalina.core.ApplicationContext.log Manager: list: Listing contexts for virtual host 'localhost'
06-Mar-2023 20:32:13.592 INFO [http-nio-9999-exec-291] org.apache.catalina.core.ApplicationContext.log Manager: restart: Reloading web application '/Assignment'
06-Mar-2023 20:32:20.554 INFO [http-nio-9999-exec-288] org.apache.catalina.core.ApplicationContext.log Manager: list: Listing contexts for virtual host 'localhost'
06-Mar-2023 20:32:20.559 INFO [http-nio-9999-exec-298] org.apache.catalina.core.ApplicationContext.log Manager: restart: Reloading web application '/Assignment'
06-Mar-2023 20:32:27.203 INFO [http-nio-9999-exec-291] org.apache.catalina.core.ApplicationContext.log Manager: list: Listing contexts for virtual host 'localhost'
06-Mar-2023 20:32:27.208 INFO [http-nio-9999-exec-295] org.apache.catalina.core.ApplicationContext.log Manager: restart: Reloading web application '/Assignment'
06-Mar-2023 20:33:25.001 INFO [http-nio-9999-exec-300] org.apache.catalina.core.ApplicationContext.log Manager: list: Listing contexts for virtual host 'localhost'
06-Mar-2023 20:33:25.007 INFO [http-nio-9999-exec-291] org.apache.catalina.core.ApplicationContext.log Manager: restart: Reloading web application '/Assignment'
06-Mar-2023 20:34:09.408 INFO [http-nio-9999-exec-294] org.apache.catalina.core.ApplicationContext.log Manager: list: Listing contexts for virtual host 'localhost'
06-Mar-2023 21:44:17.759 INFO [http-nio-9999-exec-303] org.apache.catalina.core.ApplicationContext.log Manager: list: Listing contexts for virtual host 'localhost'
06-Mar-2023 21:44:21.331 INFO [http-nio-9999-exec-304] org.apache.catalina.core.ApplicationContext.log Manager: list: Listing contexts for virtual host 'localhost'
06-Mar-2023 21:44:21.336 INFO [http-nio-9999-exec-302] org.apache.catalina.core.ApplicationContext.log Manager: list: Listing contexts for virtual host 'localhost'
06-Mar-2023 21:44:21.399 INFO [http-nio-9999-exec-308] org.apache.catalina.core.ApplicationContext.log Manager: stop: Stopping web application '/Assignment'
06-Mar-2023 21:44:21.426 INFO [http-nio-9999-exec-310] org.apache.catalina.core.ApplicationContext.log Manager: start: Starting web application '/Assignment'
06-Mar-2023 21:51:42.825 INFO [http-nio-9999-exec-315] org.apache.catalina.core.ApplicationContext.log Manager: list: Listing contexts for virtual host 'localhost'
06-Mar-2023 21:52:30.573 INFO [http-nio-9999-exec-321] org.apache.catalina.core.ApplicationContext.log Manager: list: Listing contexts for virtual host 'localhost'
06-Mar-2023 21:53:23.949 INFO [http-nio-9999-exec-321] org.apache.catalina.core.ApplicationContext.log Manager: list: Listing contexts for virtual host 'localhost'
06-Mar-2023 21:56:58.883 INFO [http-nio-9999-exec-312] org.apache.catalina.core.ApplicationContext.log Manager: list: Listing contexts for virtual host 'localhost'
06-Mar-2023 22:06:19.054 INFO [http-nio-9999-exec-320] org.apache.catalina.core.ApplicationContext.log Manager: list: Listing contexts for virtual host 'localhost'
06-Mar-2023 22:06:25.829 INFO [http-nio-9999-exec-319] org.apache.catalina.core.ApplicationContext.log Manager: list: Listing contexts for virtual host 'localhost'
06-Mar-2023 22:08:06.953 INFO [http-nio-9999-exec-319] org.apache.catalina.core.ApplicationContext.log Manager: list: Listing contexts for virtual host 'localhost'
06-Mar-2023 22:10:25.412 INFO [http-nio-9999-exec-319] org.apache.catalina.core.ApplicationContext.log Manager: list: Listing contexts for virtual host 'localhost'
06-Mar-2023 22:10:25.420 INFO [http-nio-9999-exec-320] org.apache.catalina.core.ApplicationContext.log Manager: restart: Reloading web application '/Assignment'
06-Mar-2023 22:10:32.582 INFO [http-nio-9999-exec-312] org.apache.catalina.core.ApplicationContext.log Manager: list: Listing contexts for virtual host 'localhost'
06-Mar-2023 22:11:02.175 INFO [http-nio-9999-exec-322] org.apache.catalina.core.ApplicationContext.log Manager: list: Listing contexts for virtual host 'localhost'
06-Mar-2023 22:12:58.746 INFO [http-nio-9999-exec-322] org.apache.catalina.core.ApplicationContext.log Manager: list: Listing contexts for virtual host 'localhost'
06-Mar-2023 22:12:58.751 INFO [http-nio-9999-exec-324] org.apache.catalina.core.ApplicationContext.log Manager: restart: Reloading web application '/Assignment'
06-Mar-2023 22:13:47.765 INFO [http-nio-9999-exec-331] org.apache.catalina.core.ApplicationContext.log Manager: list: Listing contexts for virtual host 'localhost'
06-Mar-2023 22:14:03.157 INFO [http-nio-9999-exec-335] org.apache.catalina.core.ApplicationContext.log Manager: list: Listing contexts for virtual host 'localhost'
06-Mar-2023 22:14:16.985 INFO [http-nio-9999-exec-333] org.apache.catalina.core.ApplicationContext.log Manager: list: Listing contexts for virtual host 'localhost'
06-Mar-2023 22:14:16.990 INFO [http-nio-9999-exec-334] org.apache.catalina.core.ApplicationContext.log Manager: restart: Reloading web application '/Assignment'
06-Mar-2023 22:43:38.371 INFO [http-nio-9999-exec-339] org.apache.catalina.core.ApplicationContext.log Manager: list: Listing contexts for virtual host 'localhost'
06-Mar-2023 22:44:41.064 INFO [http-nio-9999-exec-341] org.apache.catalina.core.ApplicationContext.log Manager: list: Listing contexts for virtual host 'localhost'
06-Mar-2023 22:48:23.187 INFO [http-nio-9999-exec-348] org.apache.catalina.core.ApplicationContext.log Manager: list: Listing contexts for virtual host 'localhost'
06-Mar-2023 22:48:51.052 INFO [http-nio-9999-exec-346] org.apache.catalina.core.ApplicationContext.log Manager: list: Listing contexts for virtual host 'localhost'
06-Mar-2023 22:49:46.536 INFO [http-nio-9999-exec-345] org.apache.catalina.core.ApplicationContext.log Manager: list: Listing contexts for virtual host 'localhost'
06-Mar-2023 22:51:00.821 INFO [http-nio-9999-exec-340] org.apache.catalina.core.ApplicationContext.log Manager: list: Listing contexts for virtual host 'localhost'
06-Mar-2023 22:51:10.836 INFO [http-nio-9999-exec-347] org.apache.catalina.core.ApplicationContext.log Manager: list: Listing contexts for virtual host 'localhost'
06-Mar-2023 22:51:45.831 INFO [http-nio-9999-exec-346] org.apache.catalina.core.ApplicationContext.log Manager: list: Listing contexts for virtual host 'localhost'
06-Mar-2023 22:52:06.852 INFO [http-nio-9999-exec-339] org.apache.catalina.core.ApplicationContext.log Manager: list: Listing contexts for virtual host 'localhost'
06-Mar-2023 23:01:30.947 INFO [http-nio-9999-exec-342] org.apache.catalina.core.ApplicationContext.log Manager: list: Listing contexts for virtual host 'localhost'
06-Mar-2023 23:02:38.053 INFO [http-nio-9999-exec-348] org.apache.catalina.core.ApplicationContext.log Manager: list: Listing contexts for virtual host 'localhost'
06-Mar-2023 23:02:57.741 INFO [http-nio-9999-exec-339] org.apache.catalina.core.ApplicationContext.log Manager: list: Listing contexts for virtual host 'localhost'
06-Mar-2023 23:03:12.291 INFO [http-nio-9999-exec-339] org.apache.catalina.core.ApplicationContext.log Manager: list: Listing contexts for virtual host 'localhost'
06-Mar-2023 23:03:25.763 INFO [http-nio-9999-exec-344] org.apache.catalina.core.ApplicationContext.log Manager: list: Listing contexts for virtual host 'localhost'
06-Mar-2023 23:06:53.227 INFO [http-nio-9999-exec-347] org.apache.catalina.core.ApplicationContext.log Manager: list: Listing contexts for virtual host 'localhost'
06-Mar-2023 23:11:35.606 INFO [http-nio-9999-exec-347] org.apache.catalina.core.ApplicationContext.log Manager: list: Listing contexts for virtual host 'localhost'
06-Mar-2023 23:12:27.575 INFO [http-nio-9999-exec-347] org.apache.catalina.core.ApplicationContext.log Manager: list: Listing contexts for virtual host 'localhost'
06-Mar-2023 23:13:50.292 INFO [http-nio-9999-exec-347] org.apache.catalina.core.ApplicationContext.log Manager: list: Listing contexts for virtual host 'localhost'
06-Mar-2023 23:16:50.077 INFO [http-nio-9999-exec-343] org.apache.catalina.core.ApplicationContext.log Manager: list: Listing contexts for virtual host 'localhost'
06-Mar-2023 23:16:50.083 INFO [http-nio-9999-exec-341] org.apache.catalina.core.ApplicationContext.log Manager: restart: Reloading web application '/Assignment'
06-Mar-2023 23:17:34.488 INFO [http-nio-9999-exec-344] org.apache.catalina.core.ApplicationContext.log Manager: list: Listing contexts for virtual host 'localhost'
06-Mar-2023 23:17:34.494 INFO [http-nio-9999-exec-350] org.apache.catalina.core.ApplicationContext.log Manager: restart: Reloading web application '/Assignment'
06-Mar-2023 23:17:35.242 INFO [http-nio-9999-exec-349] org.apache.catalina.core.ApplicationContext.log Manager: list: Listing contexts for virtual host 'localhost'
06-Mar-2023 23:17:35.247 INFO [http-nio-9999-exec-351] org.apache.catalina.core.ApplicationContext.log Manager: restart: Reloading web application '/Assignment'
06-Mar-2023 23:17:55.594 INFO [http-nio-9999-exec-349] org.apache.catalina.core.ApplicationContext.log Manager: list: Listing contexts for virtual host 'localhost'
06-Mar-2023 23:17:55.600 INFO [http-nio-9999-exec-352] org.apache.catalina.core.ApplicationContext.log Manager: restart: Reloading web application '/Assignment'
06-Mar-2023 23:17:56.313 INFO [http-nio-9999-exec-357] org.apache.catalina.core.ApplicationContext.log Manager: list: Listing contexts for virtual host 'localhost'
06-Mar-2023 23:17:56.317 INFO [http-nio-9999-exec-349] org.apache.catalina.core.ApplicationContext.log Manager: restart: Reloading web application '/Assignment'
06-Mar-2023 23:19:39.164 INFO [http-nio-9999-exec-360] org.apache.catalina.core.ApplicationContext.log Manager: list: Listing contexts for virtual host 'localhost'
06-Mar-2023 23:19:39.170 INFO [http-nio-9999-exec-362] org.apache.catalina.core.ApplicationContext.log Manager: restart: Reloading web application '/Assignment'
06-Mar-2023 23:20:16.847 INFO [http-nio-9999-exec-353] org.apache.catalina.core.ApplicationContext.log Manager: list: Listing contexts for virtual host 'localhost'
06-Mar-2023 23:20:16.852 INFO [http-nio-9999-exec-354] org.apache.catalina.core.ApplicationContext.log Manager: restart: Reloading web application '/Assignment'
06-Mar-2023 23:20:37.709 INFO [http-nio-9999-exec-350] org.apache.catalina.core.ApplicationContext.log Manager: list: Listing contexts for virtual host 'localhost'
06-Mar-2023 23:21:11.934 INFO [http-nio-9999-exec-365] org.apache.catalina.core.ApplicationContext.log Manager: list: Listing contexts for virtual host 'localhost'
06-Mar-2023 23:21:26.503 INFO [http-nio-9999-exec-369] org.apache.catalina.core.ApplicationContext.log Manager: list: Listing contexts for virtual host 'localhost'
06-Mar-2023 23:28:55.470 INFO [http-nio-9999-exec-368] org.apache.catalina.core.ApplicationContext.log Manager: list: Listing contexts for virtual host 'localhost'
06-Mar-2023 23:28:55.476 INFO [http-nio-9999-exec-369] org.apache.catalina.core.ApplicationContext.log Manager: restart: Reloading web application '/Assignment'
06-Mar-2023 23:29:12.794 INFO [http-nio-9999-exec-371] org.apache.catalina.core.ApplicationContext.log Manager: list: Listing contexts for virtual host 'localhost'
06-Mar-2023 23:29:39.050 INFO [http-nio-9999-exec-374] org.apache.catalina.core.ApplicationContext.log Manager: list: Listing contexts for virtual host 'localhost'
06-Mar-2023 23:29:57.246 INFO [http-nio-9999-exec-380] org.apache.catalina.core.ApplicationContext.log Manager: list: Listing contexts for virtual host 'localhost'
06-Mar-2023 23:30:11.478 INFO [http-nio-9999-exec-381] org.apache.catalina.core.ApplicationContext.log Manager: list: Listing contexts for virtual host 'localhost'
06-Mar-2023 23:31:17.143 INFO [http-nio-9999-exec-377] org.apache.catalina.core.ApplicationContext.log Manager: list: Listing contexts for virtual host 'localhost'
06-Mar-2023 23:50:06.652 INFO [http-nio-9999-exec-383] org.apache.catalina.core.ApplicationContext.log Manager: list: Listing contexts for virtual host 'localhost'
06-Mar-2023 23:51:13.636 INFO [http-nio-9999-exec-381] org.apache.catalina.core.ApplicationContext.log Manager: list: Listing contexts for virtual host 'localhost'
06-Mar-2023 23:55:35.349 INFO [http-nio-9999-exec-379] org.apache.catalina.core.ApplicationContext.log Manager: list: Listing contexts for virtual host 'localhost'
06-Mar-2023 23:55:59.541 INFO [http-nio-9999-exec-384] org.apache.catalina.core.ApplicationContext.log Manager: list: Listing contexts for virtual host 'localhost'
06-Mar-2023 23:57:07.791 INFO [http-nio-9999-exec-384] org.apache.catalina.core.ApplicationContext.log Manager: list: Listing contexts for virtual host 'localhost'
06-Mar-2023 23:57:59.700 INFO [http-nio-9999-exec-374] org.apache.catalina.core.ApplicationContext.log Manager: list: Listing contexts for virtual host 'localhost'
06-Mar-2023 23:57:59.705 INFO [http-nio-9999-exec-384] org.apache.catalina.core.ApplicationContext.log Manager: restart: Reloading web application '/Assignment'
06-Mar-2023 23:58:30.395 INFO [http-nio-9999-exec-383] org.apache.catalina.core.ApplicationContext.log Manager: list: Listing contexts for virtual host 'localhost'
06-Mar-2023 23:58:51.538 INFO [http-nio-9999-exec-391] org.apache.catalina.core.ApplicationContext.log Manager: list: Listing contexts for virtual host 'localhost'
06-Mar-2023 23:59:16.631 INFO [http-nio-9999-exec-391] org.apache.catalina.core.ApplicationContext.log Manager: list: Listing contexts for virtual host 'localhost'
06-Mar-2023 23:59:16.637 INFO [http-nio-9999-exec-389] org.apache.catalina.core.ApplicationContext.log Manager: restart: Reloading web application '/Assignment'
