07-Mar-2023 00:00:25.739 INFO [http-nio-9999-exec-385] org.apache.catalina.core.ApplicationContext.log Manager: list: Listing contexts for virtual host 'localhost'
07-Mar-2023 00:00:25.745 INFO [http-nio-9999-exec-395] org.apache.catalina.core.ApplicationContext.log Manager: restart: Reloading web application '/Assignment'
07-Mar-2023 00:00:50.981 INFO [http-nio-9999-exec-394] org.apache.catalina.core.ApplicationContext.log Manager: list: Listing contexts for virtual host 'localhost'
07-Mar-2023 00:01:03.919 INFO [http-nio-9999-exec-399] org.apache.catalina.core.ApplicationContext.log Manager: list: Listing contexts for virtual host 'localhost'
07-Mar-2023 00:01:14.858 INFO [http-nio-9999-exec-400] org.apache.catalina.core.ApplicationContext.log Manager: list: Listing contexts for virtual host 'localhost'
07-Mar-2023 00:01:56.410 INFO [http-nio-9999-exec-403] org.apache.catalina.core.ApplicationContext.log Manager: list: Listing contexts for virtual host 'localhost'
07-Mar-2023 00:02:10.021 INFO [http-nio-9999-exec-402] org.apache.catalina.core.ApplicationContext.log Manager: list: Listing contexts for virtual host 'localhost'
07-Mar-2023 00:02:58.436 INFO [http-nio-9999-exec-402] org.apache.catalina.core.ApplicationContext.log Manager: list: Listing contexts for virtual host 'localhost'
07-Mar-2023 00:05:34.516 INFO [http-nio-9999-exec-401] org.apache.catalina.core.ApplicationContext.log Manager: list: Listing contexts for virtual host 'localhost'
07-Mar-2023 00:05:45.291 INFO [http-nio-9999-exec-399] org.apache.catalina.core.ApplicationContext.log Manager: list: Listing contexts for virtual host 'localhost'
07-Mar-2023 00:05:51.035 INFO [http-nio-9999-exec-404] org.apache.catalina.core.ApplicationContext.log Manager: list: Listing contexts for virtual host 'localhost'
07-Mar-2023 00:06:01.505 INFO [http-nio-9999-exec-404] org.apache.catalina.core.ApplicationContext.log Manager: list: Listing contexts for virtual host 'localhost'
07-Mar-2023 00:06:05.620 INFO [http-nio-9999-exec-396] org.apache.catalina.core.ApplicationContext.log Manager: list: Listing contexts for virtual host 'localhost'
07-Mar-2023 00:07:00.742 INFO [http-nio-9999-exec-401] org.apache.catalina.core.ApplicationContext.log Manager: list: Listing contexts for virtual host 'localhost'
07-Mar-2023 00:07:19.598 INFO [http-nio-9999-exec-398] org.apache.catalina.core.ApplicationContext.log Manager: list: Listing contexts for virtual host 'localhost'
07-Mar-2023 00:10:38.219 INFO [http-nio-9999-exec-399] org.apache.catalina.core.ApplicationContext.log Manager: list: Listing contexts for virtual host 'localhost'
07-Mar-2023 00:10:38.224 INFO [http-nio-9999-exec-401] org.apache.catalina.core.ApplicationContext.log Manager: restart: Reloading web application '/Assignment'
07-Mar-2023 00:11:54.927 INFO [http-nio-9999-exec-409] org.apache.catalina.core.ApplicationContext.log Manager: list: Listing contexts for virtual host 'localhost'
07-Mar-2023 00:11:54.932 INFO [http-nio-9999-exec-406] org.apache.catalina.core.ApplicationContext.log Manager: restart: Reloading web application '/Assignment'
07-Mar-2023 00:18:00.821 INFO [http-nio-9999-exec-422] org.apache.catalina.core.ApplicationContext.log Manager: list: Listing contexts for virtual host 'localhost'
07-Mar-2023 00:19:39.737 INFO [http-nio-9999-exec-426] org.apache.catalina.core.ApplicationContext.log Manager: list: Listing contexts for virtual host 'localhost'
07-Mar-2023 00:19:56.652 INFO [http-nio-9999-exec-426] org.apache.catalina.core.ApplicationContext.log Manager: list: Listing contexts for virtual host 'localhost'
07-Mar-2023 00:28:59.486 INFO [http-nio-9999-exec-426] org.apache.catalina.core.ApplicationContext.log Manager: list: Listing contexts for virtual host 'localhost'
07-Mar-2023 00:28:59.492 INFO [http-nio-9999-exec-420] org.apache.catalina.core.ApplicationContext.log Manager: restart: Reloading web application '/Assignment'
07-Mar-2023 00:31:24.486 INFO [http-nio-9999-exec-417] org.apache.catalina.core.ApplicationContext.log Manager: list: Listing contexts for virtual host 'localhost'
07-Mar-2023 00:31:24.491 INFO [http-nio-9999-exec-430] org.apache.catalina.core.ApplicationContext.log Manager: restart: Reloading web application '/Assignment'
07-Mar-2023 00:32:02.058 INFO [http-nio-9999-exec-425] org.apache.catalina.core.ApplicationContext.log Manager: list: Listing contexts for virtual host 'localhost'
07-Mar-2023 00:32:02.062 INFO [http-nio-9999-exec-427] org.apache.catalina.core.ApplicationContext.log Manager: restart: Reloading web application '/Assignment'
07-Mar-2023 00:32:31.773 INFO [http-nio-9999-exec-429] org.apache.catalina.core.ApplicationContext.log Manager: list: Listing contexts for virtual host 'localhost'
07-Mar-2023 00:33:20.315 INFO [http-nio-9999-exec-435] org.apache.catalina.core.ApplicationContext.log Manager: list: Listing contexts for virtual host 'localhost'
07-Mar-2023 00:33:20.321 INFO [http-nio-9999-exec-438] org.apache.catalina.core.ApplicationContext.log Manager: stop: Stopping web application '/Assignment'
07-Mar-2023 00:33:20.326 INFO [http-nio-9999-exec-434] org.apache.catalina.core.ApplicationContext.log Manager: start: Starting web application '/Assignment'
07-Mar-2023 00:34:48.647 INFO [http-nio-9999-exec-445] org.apache.catalina.core.ApplicationContext.log Manager: list: Listing contexts for virtual host 'localhost'
07-Mar-2023 00:35:06.684 INFO [http-nio-9999-exec-447] org.apache.catalina.core.ApplicationContext.log Manager: list: Listing contexts for virtual host 'localhost'
07-Mar-2023 00:35:19.323 INFO [http-nio-9999-exec-445] org.apache.catalina.core.ApplicationContext.log Manager: list: Listing contexts for virtual host 'localhost'
07-Mar-2023 00:37:41.993 INFO [http-nio-9999-exec-442] org.apache.catalina.core.ApplicationContext.log Manager: list: Listing contexts for virtual host 'localhost'
07-Mar-2023 00:37:41.999 INFO [http-nio-9999-exec-443] org.apache.catalina.core.ApplicationContext.log Manager: restart: Reloading web application '/Assignment'
07-Mar-2023 00:38:11.339 INFO [http-nio-9999-exec-450] org.apache.catalina.core.ApplicationContext.log Manager: list: Listing contexts for virtual host 'localhost'
07-Mar-2023 00:38:11.344 INFO [http-nio-9999-exec-445] org.apache.catalina.core.ApplicationContext.log Manager: restart: Reloading web application '/Assignment'
07-Mar-2023 00:39:49.991 INFO [http-nio-9999-exec-450] org.apache.catalina.core.ApplicationContext.log Manager: list: Listing contexts for virtual host 'localhost'
07-Mar-2023 00:39:49.996 INFO [http-nio-9999-exec-448] org.apache.catalina.core.ApplicationContext.log Manager: restart: Reloading web application '/Assignment'
07-Mar-2023 00:39:52.815 INFO [http-nio-9999-exec-454] org.apache.catalina.core.ApplicationContext.log Manager: list: Listing contexts for virtual host 'localhost'
07-Mar-2023 00:39:52.821 INFO [http-nio-9999-exec-452] org.apache.catalina.core.ApplicationContext.log Manager: restart: Reloading web application '/Assignment'
07-Mar-2023 00:40:05.340 INFO [http-nio-9999-exec-448] org.apache.catalina.core.ApplicationContext.log Manager: list: Listing contexts for virtual host 'localhost'
07-Mar-2023 00:40:05.346 INFO [http-nio-9999-exec-454] org.apache.catalina.core.ApplicationContext.log Manager: restart: Reloading web application '/Assignment'
07-Mar-2023 00:43:19.258 INFO [http-nio-9999-exec-461] org.apache.catalina.core.ApplicationContext.log Manager: list: Listing contexts for virtual host 'localhost'
07-Mar-2023 00:43:19.263 INFO [http-nio-9999-exec-460] org.apache.catalina.core.ApplicationContext.log Manager: restart: Reloading web application '/Assignment'
07-Mar-2023 00:46:25.124 INFO [http-nio-9999-exec-472] org.apache.catalina.core.ApplicationContext.log Manager: list: Listing contexts for virtual host 'localhost'
07-Mar-2023 00:46:25.129 INFO [http-nio-9999-exec-471] org.apache.catalina.core.ApplicationContext.log Manager: restart: Reloading web application '/Assignment'
07-Mar-2023 00:46:31.040 INFO [http-nio-9999-exec-473] org.apache.catalina.core.ApplicationContext.log Manager: list: Listing contexts for virtual host 'localhost'
07-Mar-2023 00:46:35.077 INFO [http-nio-9999-exec-470] org.apache.catalina.core.ApplicationContext.log Manager: list: Listing contexts for virtual host 'localhost'
07-Mar-2023 00:46:35.084 INFO [http-nio-9999-exec-472] org.apache.catalina.core.ApplicationContext.log Manager: stop: Stopping web application '/Assignment'
07-Mar-2023 00:46:35.109 INFO [http-nio-9999-exec-480] org.apache.catalina.core.ApplicationContext.log Manager: start: Starting web application '/Assignment'
07-Mar-2023 00:47:11.432 INFO [http-nio-9999-exec-468] org.apache.catalina.core.ApplicationContext.log Manager: list: Listing contexts for virtual host 'localhost'
07-Mar-2023 00:47:11.438 INFO [http-nio-9999-exec-478] org.apache.catalina.core.ApplicationContext.log Manager: restart: Reloading web application '/Assignment'
07-Mar-2023 00:47:12.157 INFO [http-nio-9999-exec-483] org.apache.catalina.core.ApplicationContext.log Manager: list: Listing contexts for virtual host 'localhost'
07-Mar-2023 00:47:12.162 INFO [http-nio-9999-exec-468] org.apache.catalina.core.ApplicationContext.log Manager: restart: Reloading web application '/Assignment'
07-Mar-2023 00:47:48.558 INFO [http-nio-9999-exec-483] org.apache.catalina.core.ApplicationContext.log Manager: list: Listing contexts for virtual host 'localhost'
07-Mar-2023 00:47:48.563 INFO [http-nio-9999-exec-481] org.apache.catalina.core.ApplicationContext.log Manager: restart: Reloading web application '/Assignment'
07-Mar-2023 00:49:00.734 INFO [http-nio-9999-exec-492] org.apache.catalina.core.ApplicationContext.log Manager: list: Listing contexts for virtual host 'localhost'
07-Mar-2023 00:49:00.739 INFO [http-nio-9999-exec-493] org.apache.catalina.core.ApplicationContext.log Manager: restart: Reloading web application '/Assignment'
07-Mar-2023 00:50:33.163 INFO [http-nio-9999-exec-501] org.apache.catalina.core.ApplicationContext.log Manager: list: Listing contexts for virtual host 'localhost'
07-Mar-2023 00:51:24.859 INFO [http-nio-9999-exec-503] org.apache.catalina.core.ApplicationContext.log Manager: list: Listing contexts for virtual host 'localhost'
07-Mar-2023 00:51:36.490 INFO [http-nio-9999-exec-502] org.apache.catalina.core.ApplicationContext.log Manager: list: Listing contexts for virtual host 'localhost'
07-Mar-2023 00:51:43.113 INFO [http-nio-9999-exec-502] org.apache.catalina.core.ApplicationContext.log Manager: list: Listing contexts for virtual host 'localhost'
07-Mar-2023 00:51:55.926 INFO [http-nio-9999-exec-501] org.apache.catalina.core.ApplicationContext.log Manager: list: Listing contexts for virtual host 'localhost'
07-Mar-2023 00:54:05.367 INFO [http-nio-9999-exec-500] org.apache.catalina.core.ApplicationContext.log Manager: list: Listing contexts for virtual host 'localhost'
07-Mar-2023 00:55:25.310 INFO [http-nio-9999-exec-503] org.apache.catalina.core.ApplicationContext.log Manager: list: Listing contexts for virtual host 'localhost'
07-Mar-2023 00:55:25.312 INFO [http-nio-9999-exec-505] org.apache.catalina.core.ApplicationContext.log Manager: list: Listing contexts for virtual host 'localhost'
07-Mar-2023 00:58:01.643 INFO [http-nio-9999-exec-498] org.apache.catalina.core.ApplicationContext.log Manager: list: Listing contexts for virtual host 'localhost'
07-Mar-2023 00:59:32.300 INFO [http-nio-9999-exec-506] org.apache.catalina.core.ApplicationContext.log Manager: list: Listing contexts for virtual host 'localhost'
07-Mar-2023 01:00:07.503 INFO [http-nio-9999-exec-505] org.apache.catalina.core.ApplicationContext.log Manager: list: Listing contexts for virtual host 'localhost'
07-Mar-2023 01:01:00.477 INFO [http-nio-9999-exec-505] org.apache.catalina.core.ApplicationContext.log Manager: list: Listing contexts for virtual host 'localhost'
07-Mar-2023 01:02:03.726 INFO [http-nio-9999-exec-503] org.apache.catalina.core.ApplicationContext.log Manager: list: Listing contexts for virtual host 'localhost'
07-Mar-2023 01:02:05.224 INFO [http-nio-9999-exec-499] org.apache.catalina.core.ApplicationContext.log Manager: list: Listing contexts for virtual host 'localhost'
07-Mar-2023 01:02:50.203 INFO [http-nio-9999-exec-499] org.apache.catalina.core.ApplicationContext.log Manager: list: Listing contexts for virtual host 'localhost'
07-Mar-2023 01:03:17.664 INFO [http-nio-9999-exec-499] org.apache.catalina.core.ApplicationContext.log Manager: list: Listing contexts for virtual host 'localhost'
07-Mar-2023 01:04:07.487 INFO [http-nio-9999-exec-499] org.apache.catalina.core.ApplicationContext.log Manager: list: Listing contexts for virtual host 'localhost'
07-Mar-2023 01:25:14.709 INFO [http-nio-9999-exec-507] org.apache.catalina.core.ApplicationContext.log Manager: list: Listing contexts for virtual host 'localhost'
07-Mar-2023 01:46:51.033 INFO [http-nio-9999-exec-503] org.apache.catalina.core.ApplicationContext.log Manager: list: Listing contexts for virtual host 'localhost'
07-Mar-2023 01:47:35.984 INFO [http-nio-9999-exec-506] org.apache.catalina.core.ApplicationContext.log Manager: list: Listing contexts for virtual host 'localhost'
07-Mar-2023 01:48:01.692 INFO [http-nio-9999-exec-507] org.apache.catalina.core.ApplicationContext.log Manager: list: Listing contexts for virtual host 'localhost'
07-Mar-2023 01:48:01.702 INFO [http-nio-9999-exec-501] org.apache.catalina.core.ApplicationContext.log Manager: stop: Stopping web application '/Assignment'
07-Mar-2023 01:48:01.708 INFO [http-nio-9999-exec-505] org.apache.catalina.core.ApplicationContext.log Manager: start: Starting web application '/Assignment'
07-Mar-2023 01:48:02.530 INFO [http-nio-9999-exec-507] org.apache.catalina.core.ApplicationContext.log Manager: list: Listing contexts for virtual host 'localhost'
07-Mar-2023 01:48:02.540 INFO [http-nio-9999-exec-499] org.apache.catalina.core.ApplicationContext.log Manager: restart: Reloading web application '/Assignment'
07-Mar-2023 01:48:31.147 INFO [http-nio-9999-exec-505] org.apache.catalina.core.ApplicationContext.log Manager: list: Listing contexts for virtual host 'localhost'
07-Mar-2023 01:48:31.152 INFO [http-nio-9999-exec-508] org.apache.catalina.core.ApplicationContext.log Manager: restart: Reloading web application '/Assignment'
07-Mar-2023 01:52:45.603 INFO [http-nio-9999-exec-513] org.apache.catalina.core.ApplicationContext.log Manager: list: Listing contexts for virtual host 'localhost'
07-Mar-2023 01:52:45.608 INFO [http-nio-9999-exec-515] org.apache.catalina.core.ApplicationContext.log Manager: restart: Reloading web application '/Assignment'
07-Mar-2023 10:40:57.808 INFO [http-nio-9999-exec-4] org.apache.catalina.core.ApplicationContext.log Manager: init: Associated with Deployer 'Catalina:type=Deployer,host=localhost'
07-Mar-2023 10:40:57.808 INFO [http-nio-9999-exec-4] org.apache.catalina.core.ApplicationContext.log Manager: init: Global resources are available
07-Mar-2023 10:40:57.809 INFO [http-nio-9999-exec-4] org.apache.catalina.core.ApplicationContext.log Manager: list: Listing contexts for virtual host 'localhost'
07-Mar-2023 10:40:57.818 INFO [http-nio-9999-exec-10] org.apache.catalina.core.ApplicationContext.log Manager: list: Listing contexts for virtual host 'localhost'
07-Mar-2023 10:40:57.915 INFO [http-nio-9999-exec-3] org.apache.catalina.core.ApplicationContext.log Manager: stop: Stopping web application '/Assignment'
07-Mar-2023 10:40:57.930 INFO [http-nio-9999-exec-10] org.apache.catalina.core.ApplicationContext.log Manager: start: Starting web application '/Assignment'
07-Mar-2023 11:19:37.603 INFO [http-nio-9999-exec-20] org.apache.catalina.core.ApplicationContext.log Manager: list: Listing contexts for virtual host 'localhost'
07-Mar-2023 11:19:37.611 INFO [http-nio-9999-exec-13] org.apache.catalina.core.ApplicationContext.log Manager: restart: Reloading web application '/Assignment'
07-Mar-2023 11:25:40.100 INFO [http-nio-9999-exec-22] org.apache.catalina.core.ApplicationContext.log Manager: list: Listing contexts for virtual host 'localhost'
07-Mar-2023 11:25:42.300 INFO [http-nio-9999-exec-26] org.apache.catalina.core.ApplicationContext.log Manager: list: Listing contexts for virtual host 'localhost'
07-Mar-2023 11:25:42.307 INFO [http-nio-9999-exec-28] org.apache.catalina.core.ApplicationContext.log Manager: restart: Reloading web application '/Assignment'
07-Mar-2023 11:25:43.090 INFO [http-nio-9999-exec-23] org.apache.catalina.core.ApplicationContext.log Manager: list: Listing contexts for virtual host 'localhost'
07-Mar-2023 11:25:43.096 INFO [http-nio-9999-exec-22] org.apache.catalina.core.ApplicationContext.log Manager: restart: Reloading web application '/Assignment'
07-Mar-2023 11:29:02.916 INFO [http-nio-9999-exec-31] org.apache.catalina.core.ApplicationContext.log Manager: list: Listing contexts for virtual host 'localhost'
07-Mar-2023 11:29:02.922 INFO [http-nio-9999-exec-32] org.apache.catalina.core.ApplicationContext.log Manager: restart: Reloading web application '/Assignment'
07-Mar-2023 11:33:24.434 INFO [http-nio-9999-exec-41] org.apache.catalina.core.ApplicationContext.log Manager: list: Listing contexts for virtual host 'localhost'
07-Mar-2023 11:33:24.442 INFO [http-nio-9999-exec-42] org.apache.catalina.core.ApplicationContext.log Manager: restart: Reloading web application '/Assignment'
07-Mar-2023 11:36:35.622 INFO [http-nio-9999-exec-46] org.apache.catalina.core.ApplicationContext.log Manager: list: Listing contexts for virtual host 'localhost'
07-Mar-2023 11:36:35.629 INFO [http-nio-9999-exec-47] org.apache.catalina.core.ApplicationContext.log Manager: restart: Reloading web application '/Assignment'
07-Mar-2023 11:36:36.398 INFO [http-nio-9999-exec-43] org.apache.catalina.core.ApplicationContext.log Manager: list: Listing contexts for virtual host 'localhost'
07-Mar-2023 11:36:36.407 INFO [http-nio-9999-exec-40] org.apache.catalina.core.ApplicationContext.log Manager: restart: Reloading web application '/Assignment'
07-Mar-2023 11:37:24.868 INFO [http-nio-9999-exec-47] org.apache.catalina.core.ApplicationContext.log Manager: list: Listing contexts for virtual host 'localhost'
07-Mar-2023 11:37:24.873 INFO [http-nio-9999-exec-48] org.apache.catalina.core.ApplicationContext.log Manager: restart: Reloading web application '/Assignment'
07-Mar-2023 11:37:59.901 INFO [http-nio-9999-exec-35] org.apache.catalina.core.ApplicationContext.log Manager: list: Listing contexts for virtual host 'localhost'
07-Mar-2023 11:38:54.401 INFO [http-nio-9999-exec-60] org.apache.catalina.core.ApplicationContext.log Manager: list: Listing contexts for virtual host 'localhost'
07-Mar-2023 11:38:54.408 INFO [http-nio-9999-exec-56] org.apache.catalina.core.ApplicationContext.log Manager: restart: Reloading web application '/Assignment'
07-Mar-2023 11:38:57.411 INFO [http-nio-9999-exec-55] org.apache.catalina.core.ApplicationContext.log Manager: list: Listing contexts for virtual host 'localhost'
07-Mar-2023 11:38:57.418 INFO [http-nio-9999-exec-58] org.apache.catalina.core.ApplicationContext.log Manager: restart: Reloading web application '/Assignment'
07-Mar-2023 13:04:22.492 INFO [http-nio-9999-exec-73] org.apache.catalina.core.ApplicationContext.log Manager: list: Listing contexts for virtual host 'localhost'
07-Mar-2023 13:04:22.498 INFO [http-nio-9999-exec-64] org.apache.catalina.core.ApplicationContext.log Manager: list: Listing contexts for virtual host 'localhost'
07-Mar-2023 13:04:22.622 INFO [http-nio-9999-exec-65] org.apache.catalina.core.ApplicationContext.log Manager: restart: Reloading web application '/Assignment'
07-Mar-2023 13:10:26.643 INFO [http-nio-9999-exec-82] org.apache.catalina.core.ApplicationContext.log Manager: list: Listing contexts for virtual host 'localhost'
07-Mar-2023 13:10:27.024 INFO [http-nio-9999-exec-82] org.apache.catalina.core.ApplicationContext.log Manager: list: Listing contexts for virtual host 'localhost'
07-Mar-2023 13:10:27.028 INFO [http-nio-9999-exec-79] org.apache.catalina.core.ApplicationContext.log Manager: list: Listing contexts for virtual host 'localhost'
07-Mar-2023 13:10:27.103 INFO [http-nio-9999-exec-77] org.apache.catalina.core.ApplicationContext.log Manager: undeploy: Undeploying web application at '/Party'
07-Mar-2023 13:10:27.697 INFO [http-nio-9999-exec-81] org.apache.catalina.core.ApplicationContext.log Manager: install: Installing context configuration at 'file:/C:/Users/ADMIN/AppData/Local/Temp/context2104556890365791934.xml'
07-Mar-2023 13:10:28.170 INFO [http-nio-9999-exec-82] org.apache.catalina.core.ApplicationContext.log Manager: start: Starting web application '/Party'
07-Mar-2023 13:29:34.778 INFO [http-nio-9999-exec-89] org.apache.catalina.core.ApplicationContext.log Manager: list: Listing contexts for virtual host 'localhost'
07-Mar-2023 13:35:14.328 INFO [http-nio-9999-exec-91] org.apache.catalina.core.ApplicationContext.log Manager: list: Listing contexts for virtual host 'localhost'
07-Mar-2023 13:35:14.333 INFO [http-nio-9999-exec-92] org.apache.catalina.core.ApplicationContext.log Manager: restart: Reloading web application '/Assignment'
07-Mar-2023 13:36:52.513 INFO [http-nio-9999-exec-86] org.apache.catalina.core.ApplicationContext.log Manager: list: Listing contexts for virtual host 'localhost'
07-Mar-2023 13:36:52.520 INFO [http-nio-9999-exec-98] org.apache.catalina.core.ApplicationContext.log Manager: restart: Reloading web application '/Assignment'
07-Mar-2023 13:41:46.872 INFO [http-nio-9999-exec-101] org.apache.catalina.core.ApplicationContext.log Manager: list: Listing contexts for virtual host 'localhost'
07-Mar-2023 13:41:46.882 INFO [http-nio-9999-exec-103] org.apache.catalina.core.ApplicationContext.log Manager: stop: Stopping web application '/Assignment'
07-Mar-2023 13:41:46.915 INFO [http-nio-9999-exec-93] org.apache.catalina.core.ApplicationContext.log Manager: start: Starting web application '/Assignment'
07-Mar-2023 13:41:47.506 INFO [http-nio-9999-exec-100] org.apache.catalina.core.ApplicationContext.log Manager: list: Listing contexts for virtual host 'localhost'
07-Mar-2023 13:41:47.520 INFO [http-nio-9999-exec-96] org.apache.catalina.core.ApplicationContext.log Manager: restart: Reloading web application '/Assignment'
07-Mar-2023 13:52:30.735 INFO [http-nio-9999-exec-107] org.apache.catalina.core.ApplicationContext.log Manager: list: Listing contexts for virtual host 'localhost'
07-Mar-2023 13:52:30.740 INFO [http-nio-9999-exec-108] org.apache.catalina.core.ApplicationContext.log Manager: restart: Reloading web application '/Assignment'
07-Mar-2023 13:53:38.522 INFO [http-nio-9999-exec-105] org.apache.catalina.core.ApplicationContext.log Manager: list: Listing contexts for virtual host 'localhost'
07-Mar-2023 13:53:38.527 INFO [http-nio-9999-exec-117] org.apache.catalina.core.ApplicationContext.log Manager: restart: Reloading web application '/Assignment'
07-Mar-2023 13:53:55.223 INFO [http-nio-9999-exec-114] org.apache.catalina.core.ApplicationContext.log Manager: list: Listing contexts for virtual host 'localhost'
07-Mar-2023 13:53:55.228 INFO [http-nio-9999-exec-105] org.apache.catalina.core.ApplicationContext.log Manager: restart: Reloading web application '/Assignment'
07-Mar-2023 13:55:15.949 INFO [http-nio-9999-exec-118] org.apache.catalina.core.ApplicationContext.log Manager: list: Listing contexts for virtual host 'localhost'
07-Mar-2023 13:59:52.023 INFO [http-nio-9999-exec-127] org.apache.catalina.core.ApplicationContext.log Manager: list: Listing contexts for virtual host 'localhost'
07-Mar-2023 13:59:52.030 INFO [http-nio-9999-exec-119] org.apache.catalina.core.ApplicationContext.log Manager: stop: Stopping web application '/Assignment'
07-Mar-2023 13:59:52.037 INFO [http-nio-9999-exec-126] org.apache.catalina.core.ApplicationContext.log Manager: start: Starting web application '/Assignment'
07-Mar-2023 14:04:35.062 INFO [http-nio-9999-exec-131] org.apache.catalina.core.ApplicationContext.log Manager: list: Listing contexts for virtual host 'localhost'
07-Mar-2023 14:06:38.394 INFO [http-nio-9999-exec-134] org.apache.catalina.core.ApplicationContext.log Manager: list: Listing contexts for virtual host 'localhost'
07-Mar-2023 14:06:52.631 INFO [http-nio-9999-exec-134] org.apache.catalina.core.ApplicationContext.log Manager: list: Listing contexts for virtual host 'localhost'
07-Mar-2023 14:07:22.649 INFO [http-nio-9999-exec-139] org.apache.catalina.core.ApplicationContext.log Manager: list: Listing contexts for virtual host 'localhost'
07-Mar-2023 14:08:07.004 INFO [http-nio-9999-exec-137] org.apache.catalina.core.ApplicationContext.log Manager: list: Listing contexts for virtual host 'localhost'
07-Mar-2023 14:08:53.113 INFO [http-nio-9999-exec-134] org.apache.catalina.core.ApplicationContext.log Manager: list: Listing contexts for virtual host 'localhost'
07-Mar-2023 14:31:40.867 INFO [http-nio-9999-exec-137] org.apache.catalina.core.ApplicationContext.log Manager: list: Listing contexts for virtual host 'localhost'
07-Mar-2023 14:31:40.873 INFO [http-nio-9999-exec-139] org.apache.catalina.core.ApplicationContext.log Manager: stop: Stopping web application '/Assignment'
07-Mar-2023 14:31:40.881 INFO [http-nio-9999-exec-132] org.apache.catalina.core.ApplicationContext.log Manager: start: Starting web application '/Assignment'
07-Mar-2023 14:33:51.788 INFO [http-nio-9999-exec-144] org.apache.catalina.core.ApplicationContext.log Manager: list: Listing contexts for virtual host 'localhost'
07-Mar-2023 14:33:51.795 INFO [http-nio-9999-exec-137] org.apache.catalina.core.ApplicationContext.log Manager: restart: Reloading web application '/Assignment'
07-Mar-2023 14:33:52.676 INFO [http-nio-9999-exec-144] org.apache.catalina.core.ApplicationContext.log Manager: list: Listing contexts for virtual host 'localhost'
07-Mar-2023 14:33:52.682 INFO [http-nio-9999-exec-131] org.apache.catalina.core.ApplicationContext.log Manager: restart: Reloading web application '/Assignment'
07-Mar-2023 14:34:47.173 INFO [http-nio-9999-exec-144] org.apache.catalina.core.ApplicationContext.log Manager: list: Listing contexts for virtual host 'localhost'
07-Mar-2023 14:34:47.178 INFO [http-nio-9999-exec-142] org.apache.catalina.core.ApplicationContext.log Manager: restart: Reloading web application '/Assignment'
07-Mar-2023 14:42:28.349 INFO [http-nio-9999-exec-155] org.apache.catalina.core.ApplicationContext.log Manager: list: Listing contexts for virtual host 'localhost'
07-Mar-2023 14:42:28.355 INFO [http-nio-9999-exec-156] org.apache.catalina.core.ApplicationContext.log Manager: restart: Reloading web application '/Assignment'
07-Mar-2023 14:46:15.321 INFO [http-nio-9999-exec-157] org.apache.catalina.core.ApplicationContext.log Manager: list: Listing contexts for virtual host 'localhost'
07-Mar-2023 14:46:15.327 INFO [http-nio-9999-exec-160] org.apache.catalina.core.ApplicationContext.log Manager: restart: Reloading web application '/Assignment'
07-Mar-2023 14:46:20.936 INFO [http-nio-9999-exec-162] org.apache.catalina.core.ApplicationContext.log Manager: list: Listing contexts for virtual host 'localhost'
07-Mar-2023 14:46:20.942 INFO [http-nio-9999-exec-164] org.apache.catalina.core.ApplicationContext.log Manager: restart: Reloading web application '/Assignment'
07-Mar-2023 14:46:42.079 INFO [http-nio-9999-exec-161] org.apache.catalina.core.ApplicationContext.log Manager: list: Listing contexts for virtual host 'localhost'
07-Mar-2023 14:46:42.085 INFO [http-nio-9999-exec-160] org.apache.catalina.core.ApplicationContext.log Manager: restart: Reloading web application '/Assignment'
07-Mar-2023 15:01:23.250 INFO [http-nio-9999-exec-174] org.apache.catalina.core.ApplicationContext.log Manager: list: Listing contexts for virtual host 'localhost'
07-Mar-2023 15:01:23.255 INFO [http-nio-9999-exec-173] org.apache.catalina.core.ApplicationContext.log Manager: restart: Reloading web application '/Assignment'
07-Mar-2023 15:02:12.543 INFO [http-nio-9999-exec-179] org.apache.catalina.core.ApplicationContext.log Manager: list: Listing contexts for virtual host 'localhost'
07-Mar-2023 15:02:12.549 INFO [http-nio-9999-exec-175] org.apache.catalina.core.ApplicationContext.log Manager: restart: Reloading web application '/Assignment'
07-Mar-2023 15:03:32.039 INFO [http-nio-9999-exec-181] org.apache.catalina.core.ApplicationContext.log Manager: list: Listing contexts for virtual host 'localhost'
07-Mar-2023 15:03:32.045 INFO [http-nio-9999-exec-176] org.apache.catalina.core.ApplicationContext.log Manager: restart: Reloading web application '/Assignment'
07-Mar-2023 15:03:45.841 INFO [http-nio-9999-exec-183] org.apache.catalina.core.ApplicationContext.log Manager: list: Listing contexts for virtual host 'localhost'
07-Mar-2023 15:03:45.846 INFO [http-nio-9999-exec-170] org.apache.catalina.core.ApplicationContext.log Manager: restart: Reloading web application '/Assignment'
07-Mar-2023 15:03:46.604 INFO [http-nio-9999-exec-184] org.apache.catalina.core.ApplicationContext.log Manager: list: Listing contexts for virtual host 'localhost'
07-Mar-2023 15:03:46.609 INFO [http-nio-9999-exec-176] org.apache.catalina.core.ApplicationContext.log Manager: restart: Reloading web application '/Assignment'
07-Mar-2023 15:04:35.027 INFO [http-nio-9999-exec-174] org.apache.catalina.core.ApplicationContext.log Manager: list: Listing contexts for virtual host 'localhost'
07-Mar-2023 15:04:35.032 INFO [http-nio-9999-exec-178] org.apache.catalina.core.ApplicationContext.log Manager: restart: Reloading web application '/Assignment'
07-Mar-2023 15:25:39.261 INFO [http-nio-9999-exec-191] org.apache.catalina.core.ApplicationContext.log Manager: list: Listing contexts for virtual host 'localhost'
07-Mar-2023 15:25:39.266 INFO [http-nio-9999-exec-187] org.apache.catalina.core.ApplicationContext.log Manager: restart: Reloading web application '/Assignment'
07-Mar-2023 15:26:16.959 INFO [http-nio-9999-exec-191] org.apache.catalina.core.ApplicationContext.log Manager: list: Listing contexts for virtual host 'localhost'
07-Mar-2023 15:26:16.967 INFO [http-nio-9999-exec-192] org.apache.catalina.core.ApplicationContext.log Manager: stop: Stopping web application '/Assignment'
07-Mar-2023 15:26:16.995 INFO [http-nio-9999-exec-187] org.apache.catalina.core.ApplicationContext.log Manager: start: Starting web application '/Assignment'
07-Mar-2023 15:26:17.732 INFO [http-nio-9999-exec-195] org.apache.catalina.core.ApplicationContext.log Manager: list: Listing contexts for virtual host 'localhost'
07-Mar-2023 15:26:17.740 INFO [http-nio-9999-exec-190] org.apache.catalina.core.ApplicationContext.log Manager: restart: Reloading web application '/Assignment'
07-Mar-2023 15:27:24.578 INFO [http-nio-9999-exec-188] org.apache.catalina.core.ApplicationContext.log Manager: list: Listing contexts for virtual host 'localhost'
07-Mar-2023 15:27:24.583 INFO [http-nio-9999-exec-187] org.apache.catalina.core.ApplicationContext.log Manager: restart: Reloading web application '/Assignment'
07-Mar-2023 15:28:30.279 INFO [http-nio-9999-exec-208] org.apache.catalina.core.ApplicationContext.log Manager: list: Listing contexts for virtual host 'localhost'
07-Mar-2023 15:28:30.285 INFO [http-nio-9999-exec-207] org.apache.catalina.core.ApplicationContext.log Manager: restart: Reloading web application '/Assignment'
07-Mar-2023 15:28:35.755 INFO [http-nio-9999-exec-210] org.apache.catalina.core.ApplicationContext.log Manager: list: Listing contexts for virtual host 'localhost'
07-Mar-2023 15:28:36.087 INFO [http-nio-9999-exec-211] org.apache.catalina.core.ApplicationContext.log Manager: list: Listing contexts for virtual host 'localhost'
07-Mar-2023 15:29:42.066 INFO [http-nio-9999-exec-205] org.apache.catalina.core.ApplicationContext.log Manager: list: Listing contexts for virtual host 'localhost'
07-Mar-2023 15:30:38.526 INFO [http-nio-9999-exec-216] org.apache.catalina.core.ApplicationContext.log Manager: list: Listing contexts for virtual host 'localhost'
07-Mar-2023 15:31:33.080 INFO [http-nio-9999-exec-215] org.apache.catalina.core.ApplicationContext.log Manager: list: Listing contexts for virtual host 'localhost'
07-Mar-2023 15:31:33.411 INFO [http-nio-9999-exec-212] org.apache.catalina.core.ApplicationContext.log Manager: list: Listing contexts for virtual host 'localhost'
07-Mar-2023 15:33:06.900 INFO [http-nio-9999-exec-214] org.apache.catalina.core.ApplicationContext.log Manager: list: Listing contexts for virtual host 'localhost'
07-Mar-2023 15:33:06.906 INFO [http-nio-9999-exec-219] org.apache.catalina.core.ApplicationContext.log Manager: restart: Reloading web application '/Assignment'
07-Mar-2023 15:35:07.832 INFO [http-nio-9999-exec-214] org.apache.catalina.core.ApplicationContext.log Manager: list: Listing contexts for virtual host 'localhost'
07-Mar-2023 15:35:07.837 INFO [http-nio-9999-exec-212] org.apache.catalina.core.ApplicationContext.log Manager: restart: Reloading web application '/Assignment'
07-Mar-2023 15:41:55.638 INFO [http-nio-9999-exec-231] org.apache.catalina.core.ApplicationContext.log Manager: list: Listing contexts for virtual host 'localhost'
07-Mar-2023 15:42:22.014 INFO [http-nio-9999-exec-226] org.apache.catalina.core.ApplicationContext.log Manager: list: Listing contexts for virtual host 'localhost'
07-Mar-2023 15:42:22.016 INFO [http-nio-9999-exec-232] org.apache.catalina.core.ApplicationContext.log Manager: list: Listing contexts for virtual host 'localhost'
07-Mar-2023 15:42:22.054 INFO [http-nio-9999-exec-224] org.apache.catalina.core.ApplicationContext.log Manager: stop: Stopping web application '/Assignment'
07-Mar-2023 15:42:22.059 INFO [http-nio-9999-exec-226] org.apache.catalina.core.ApplicationContext.log Manager: start: Starting web application '/Assignment'
07-Mar-2023 15:59:26.446 INFO [http-nio-9999-exec-233] org.apache.catalina.core.ApplicationContext.log Manager: list: Listing contexts for virtual host 'localhost'
07-Mar-2023 16:09:50.366 INFO [http-nio-9999-exec-242] org.apache.catalina.core.ApplicationContext.log Manager: list: Listing contexts for virtual host 'localhost'
07-Mar-2023 16:12:14.441 INFO [http-nio-9999-exec-235] org.apache.catalina.core.ApplicationContext.log Manager: list: Listing contexts for virtual host 'localhost'
07-Mar-2023 16:36:23.862 INFO [http-nio-9999-exec-239] org.apache.catalina.core.ApplicationContext.log Manager: list: Listing contexts for virtual host 'localhost'
07-Mar-2023 16:36:23.864 INFO [http-nio-9999-exec-240] org.apache.catalina.core.ApplicationContext.log Manager: list: Listing contexts for virtual host 'localhost'
07-Mar-2023 16:37:15.806 INFO [http-nio-9999-exec-241] org.apache.catalina.core.ApplicationContext.log Manager: list: Listing contexts for virtual host 'localhost'
07-Mar-2023 16:38:31.741 INFO [http-nio-9999-exec-234] org.apache.catalina.core.ApplicationContext.log Manager: list: Listing contexts for virtual host 'localhost'
07-Mar-2023 16:39:03.788 INFO [http-nio-9999-exec-234] org.apache.catalina.core.ApplicationContext.log Manager: list: Listing contexts for virtual host 'localhost'
07-Mar-2023 16:42:23.680 INFO [http-nio-9999-exec-242] org.apache.catalina.core.ApplicationContext.log Manager: list: Listing contexts for virtual host 'localhost'
07-Mar-2023 16:42:43.763 INFO [http-nio-9999-exec-237] org.apache.catalina.core.ApplicationContext.log Manager: list: Listing contexts for virtual host 'localhost'
07-Mar-2023 16:42:52.835 INFO [http-nio-9999-exec-238] org.apache.catalina.core.ApplicationContext.log Manager: list: Listing contexts for virtual host 'localhost'
07-Mar-2023 16:43:03.121 INFO [http-nio-9999-exec-235] org.apache.catalina.core.ApplicationContext.log Manager: list: Listing contexts for virtual host 'localhost'
07-Mar-2023 16:43:18.611 INFO [http-nio-9999-exec-241] org.apache.catalina.core.ApplicationContext.log Manager: list: Listing contexts for virtual host 'localhost'
07-Mar-2023 16:43:26.793 INFO [http-nio-9999-exec-234] org.apache.catalina.core.ApplicationContext.log Manager: list: Listing contexts for virtual host 'localhost'
07-Mar-2023 16:44:21.996 INFO [http-nio-9999-exec-234] org.apache.catalina.core.ApplicationContext.log Manager: list: Listing contexts for virtual host 'localhost'
07-Mar-2023 16:48:50.813 INFO [http-nio-9999-exec-240] org.apache.catalina.core.ApplicationContext.log Manager: list: Listing contexts for virtual host 'localhost'
07-Mar-2023 17:17:03.265 INFO [http-nio-9999-exec-236] org.apache.catalina.core.ApplicationContext.log Manager: list: Listing contexts for virtual host 'localhost'
07-Mar-2023 17:19:08.739 INFO [http-nio-9999-exec-237] org.apache.catalina.core.ApplicationContext.log Manager: list: Listing contexts for virtual host 'localhost'
07-Mar-2023 17:19:08.750 INFO [http-nio-9999-exec-239] org.apache.catalina.core.ApplicationContext.log Manager: stop: Stopping web application '/Assignment'
07-Mar-2023 17:19:08.764 INFO [http-nio-9999-exec-233] org.apache.catalina.core.ApplicationContext.log Manager: start: Starting web application '/Assignment'
07-Mar-2023 17:23:04.038 INFO [http-nio-9999-exec-252] org.apache.catalina.core.ApplicationContext.log Manager: list: Listing contexts for virtual host 'localhost'
07-Mar-2023 17:25:30.456 INFO [http-nio-9999-exec-248] org.apache.catalina.core.ApplicationContext.log Manager: list: Listing contexts for virtual host 'localhost'
07-Mar-2023 17:26:24.247 INFO [http-nio-9999-exec-253] org.apache.catalina.core.ApplicationContext.log Manager: list: Listing contexts for virtual host 'localhost'
07-Mar-2023 17:26:38.347 INFO [http-nio-9999-exec-252] org.apache.catalina.core.ApplicationContext.log Manager: list: Listing contexts for virtual host 'localhost'
07-Mar-2023 17:26:52.489 INFO [http-nio-9999-exec-248] org.apache.catalina.core.ApplicationContext.log Manager: list: Listing contexts for virtual host 'localhost'
07-Mar-2023 17:26:52.498 INFO [http-nio-9999-exec-250] org.apache.catalina.core.ApplicationContext.log Manager: restart: Reloading web application '/Assignment'
07-Mar-2023 17:28:27.410 INFO [http-nio-9999-exec-261] org.apache.catalina.core.ApplicationContext.log Manager: list: Listing contexts for virtual host 'localhost'
07-Mar-2023 18:12:46.658 INFO [http-nio-9999-exec-6] org.apache.catalina.core.ApplicationContext.log Manager: init: Associated with Deployer 'Catalina:type=Deployer,host=localhost'
07-Mar-2023 18:12:46.658 INFO [http-nio-9999-exec-6] org.apache.catalina.core.ApplicationContext.log Manager: init: Global resources are available
07-Mar-2023 18:12:46.710 INFO [http-nio-9999-exec-10] org.apache.catalina.core.ApplicationContext.log Manager: list: Listing contexts for virtual host 'localhost'
07-Mar-2023 18:12:46.720 INFO [http-nio-9999-exec-4] org.apache.catalina.core.ApplicationContext.log Manager: list: Listing contexts for virtual host 'localhost'
07-Mar-2023 18:12:46.833 INFO [http-nio-9999-exec-3] org.apache.catalina.core.ApplicationContext.log Manager: stop: Stopping web application '/Assignment'
07-Mar-2023 18:12:46.847 INFO [http-nio-9999-exec-6] org.apache.catalina.core.ApplicationContext.log Manager: start: Starting web application '/Assignment'
07-Mar-2023 18:14:42.634 INFO [http-nio-9999-exec-13] org.apache.catalina.core.ApplicationContext.log Manager: list: Listing contexts for virtual host 'localhost'
07-Mar-2023 18:15:06.425 INFO [http-nio-9999-exec-12] org.apache.catalina.core.ApplicationContext.log Manager: list: Listing contexts for virtual host 'localhost'
07-Mar-2023 18:17:00.232 INFO [http-nio-9999-exec-11] org.apache.catalina.core.ApplicationContext.log Manager: list: Listing contexts for virtual host 'localhost'
07-Mar-2023 18:19:55.275 INFO [http-nio-9999-exec-12] org.apache.catalina.core.ApplicationContext.log Manager: list: Listing contexts for virtual host 'localhost'
07-Mar-2023 18:25:35.007 INFO [http-nio-9999-exec-18] org.apache.catalina.core.ApplicationContext.log Manager: list: Listing contexts for virtual host 'localhost'
07-Mar-2023 18:26:09.531 INFO [http-nio-9999-exec-13] org.apache.catalina.core.ApplicationContext.log Manager: list: Listing contexts for virtual host 'localhost'
07-Mar-2023 18:26:19.647 INFO [http-nio-9999-exec-19] org.apache.catalina.core.ApplicationContext.log Manager: list: Listing contexts for virtual host 'localhost'
07-Mar-2023 18:27:00.041 INFO [http-nio-9999-exec-19] org.apache.catalina.core.ApplicationContext.log Manager: list: Listing contexts for virtual host 'localhost'
07-Mar-2023 18:27:00.047 INFO [http-nio-9999-exec-13] org.apache.catalina.core.ApplicationContext.log Manager: restart: Reloading web application '/Assignment'
07-Mar-2023 18:27:51.237 INFO [http-nio-9999-exec-21] org.apache.catalina.core.ApplicationContext.log Manager: list: Listing contexts for virtual host 'localhost'
07-Mar-2023 18:27:51.243 INFO [http-nio-9999-exec-26] org.apache.catalina.core.ApplicationContext.log Manager: restart: Reloading web application '/Assignment'
07-Mar-2023 18:28:45.565 INFO [http-nio-9999-exec-28] org.apache.catalina.core.ApplicationContext.log Manager: list: Listing contexts for virtual host 'localhost'
07-Mar-2023 18:29:14.381 INFO [http-nio-9999-exec-33] org.apache.catalina.core.ApplicationContext.log Manager: list: Listing contexts for virtual host 'localhost'
07-Mar-2023 18:29:24.818 INFO [http-nio-9999-exec-31] org.apache.catalina.core.ApplicationContext.log Manager: list: Listing contexts for virtual host 'localhost'
07-Mar-2023 18:29:45.965 INFO [http-nio-9999-exec-31] org.apache.catalina.core.ApplicationContext.log Manager: list: Listing contexts for virtual host 'localhost'
07-Mar-2023 18:30:01.746 INFO [http-nio-9999-exec-31] org.apache.catalina.core.ApplicationContext.log Manager: list: Listing contexts for virtual host 'localhost'
07-Mar-2023 18:31:03.924 INFO [http-nio-9999-exec-28] org.apache.catalina.core.ApplicationContext.log Manager: list: Listing contexts for virtual host 'localhost'
07-Mar-2023 18:31:18.454 INFO [http-nio-9999-exec-32] org.apache.catalina.core.ApplicationContext.log Manager: list: Listing contexts for virtual host 'localhost'
07-Mar-2023 18:31:49.851 INFO [http-nio-9999-exec-33] org.apache.catalina.core.ApplicationContext.log Manager: list: Listing contexts for virtual host 'localhost'
07-Mar-2023 18:32:04.964 INFO [http-nio-9999-exec-31] org.apache.catalina.core.ApplicationContext.log Manager: list: Listing contexts for virtual host 'localhost'
07-Mar-2023 18:32:55.571 INFO [http-nio-9999-exec-31] org.apache.catalina.core.ApplicationContext.log Manager: list: Listing contexts for virtual host 'localhost'
07-Mar-2023 18:32:55.578 INFO [http-nio-9999-exec-34] org.apache.catalina.core.ApplicationContext.log Manager: restart: Reloading web application '/Assignment'
07-Mar-2023 18:33:55.123 INFO [http-nio-9999-exec-37] org.apache.catalina.core.ApplicationContext.log Manager: list: Listing contexts for virtual host 'localhost'
07-Mar-2023 18:33:55.134 INFO [http-nio-9999-exec-42] org.apache.catalina.core.ApplicationContext.log Manager: stop: Stopping web application '/Assignment'
07-Mar-2023 18:33:55.148 INFO [http-nio-9999-exec-29] org.apache.catalina.core.ApplicationContext.log Manager: start: Starting web application '/Assignment'
07-Mar-2023 18:33:56.144 INFO [http-nio-9999-exec-29] org.apache.catalina.core.ApplicationContext.log Manager: list: Listing contexts for virtual host 'localhost'
07-Mar-2023 18:33:56.170 INFO [http-nio-9999-exec-38] org.apache.catalina.core.ApplicationContext.log Manager: restart: Reloading web application '/Assignment'
07-Mar-2023 18:37:34.098 INFO [http-nio-9999-exec-45] org.apache.catalina.core.ApplicationContext.log Manager: list: Listing contexts for virtual host 'localhost'
07-Mar-2023 18:37:34.111 INFO [http-nio-9999-exec-30] org.apache.catalina.core.ApplicationContext.log Manager: restart: Reloading web application '/Assignment'
07-Mar-2023 18:37:35.184 INFO [http-nio-9999-exec-29] org.apache.catalina.core.ApplicationContext.log Manager: list: Listing contexts for virtual host 'localhost'
07-Mar-2023 18:37:35.199 INFO [http-nio-9999-exec-47] org.apache.catalina.core.ApplicationContext.log Manager: restart: Reloading web application '/Assignment'
07-Mar-2023 18:38:20.533 INFO [http-nio-9999-exec-35] org.apache.catalina.core.ApplicationContext.log Manager: list: Listing contexts for virtual host 'localhost'
07-Mar-2023 18:38:20.549 INFO [http-nio-9999-exec-30] org.apache.catalina.core.ApplicationContext.log Manager: restart: Reloading web application '/Assignment'
07-Mar-2023 18:41:27.930 INFO [http-nio-9999-exec-50] org.apache.catalina.core.ApplicationContext.log Manager: list: Listing contexts for virtual host 'localhost'
07-Mar-2023 18:41:27.936 INFO [http-nio-9999-exec-51] org.apache.catalina.core.ApplicationContext.log Manager: restart: Reloading web application '/Assignment'
07-Mar-2023 18:41:28.718 INFO [http-nio-9999-exec-52] org.apache.catalina.core.ApplicationContext.log Manager: list: Listing contexts for virtual host 'localhost'
07-Mar-2023 18:41:28.724 INFO [http-nio-9999-exec-53] org.apache.catalina.core.ApplicationContext.log Manager: restart: Reloading web application '/Assignment'
07-Mar-2023 18:42:21.191 INFO [http-nio-9999-exec-54] org.apache.catalina.core.ApplicationContext.log Manager: list: Listing contexts for virtual host 'localhost'
07-Mar-2023 18:42:21.197 INFO [http-nio-9999-exec-58] org.apache.catalina.core.ApplicationContext.log Manager: restart: Reloading web application '/Assignment'
07-Mar-2023 18:43:46.672 INFO [http-nio-9999-exec-63] org.apache.catalina.core.ApplicationContext.log Manager: list: Listing contexts for virtual host 'localhost'
07-Mar-2023 18:43:46.679 INFO [http-nio-9999-exec-50] org.apache.catalina.core.ApplicationContext.log Manager: restart: Reloading web application '/Assignment'
07-Mar-2023 18:44:15.308 INFO [http-nio-9999-exec-54] org.apache.catalina.core.ApplicationContext.log Manager: list: Listing contexts for virtual host 'localhost'
07-Mar-2023 18:46:14.966 INFO [http-nio-9999-exec-65] org.apache.catalina.core.ApplicationContext.log Manager: list: Listing contexts for virtual host 'localhost'
07-Mar-2023 18:46:14.973 INFO [http-nio-9999-exec-66] org.apache.catalina.core.ApplicationContext.log Manager: restart: Reloading web application '/Assignment'
07-Mar-2023 18:46:15.714 INFO [http-nio-9999-exec-67] org.apache.catalina.core.ApplicationContext.log Manager: list: Listing contexts for virtual host 'localhost'
07-Mar-2023 18:46:15.719 INFO [http-nio-9999-exec-73] org.apache.catalina.core.ApplicationContext.log Manager: restart: Reloading web application '/Assignment'
07-Mar-2023 18:53:54.359 INFO [http-nio-9999-exec-75] org.apache.catalina.core.ApplicationContext.log Manager: list: Listing contexts for virtual host 'localhost'
07-Mar-2023 19:05:44.738 INFO [http-nio-9999-exec-82] org.apache.catalina.core.ApplicationContext.log Manager: list: Listing contexts for virtual host 'localhost'
07-Mar-2023 19:06:11.427 INFO [http-nio-9999-exec-83] org.apache.catalina.core.ApplicationContext.log Manager: list: Listing contexts for virtual host 'localhost'
07-Mar-2023 19:07:12.215 INFO [http-nio-9999-exec-74] org.apache.catalina.core.ApplicationContext.log Manager: list: Listing contexts for virtual host 'localhost'
07-Mar-2023 19:07:36.806 INFO [http-nio-9999-exec-79] org.apache.catalina.core.ApplicationContext.log Manager: list: Listing contexts for virtual host 'localhost'
07-Mar-2023 19:08:31.109 INFO [http-nio-9999-exec-74] org.apache.catalina.core.ApplicationContext.log Manager: list: Listing contexts for virtual host 'localhost'
07-Mar-2023 19:09:07.521 INFO [http-nio-9999-exec-78] org.apache.catalina.core.ApplicationContext.log Manager: list: Listing contexts for virtual host 'localhost'
07-Mar-2023 19:09:17.495 INFO [http-nio-9999-exec-80] org.apache.catalina.core.ApplicationContext.log Manager: list: Listing contexts for virtual host 'localhost'
07-Mar-2023 19:10:24.725 INFO [http-nio-9999-exec-75] org.apache.catalina.core.ApplicationContext.log Manager: list: Listing contexts for virtual host 'localhost'
07-Mar-2023 19:17:21.874 INFO [http-nio-9999-exec-80] org.apache.catalina.core.ApplicationContext.log Manager: list: Listing contexts for virtual host 'localhost'
07-Mar-2023 19:17:38.570 INFO [http-nio-9999-exec-74] org.apache.catalina.core.ApplicationContext.log Manager: list: Listing contexts for virtual host 'localhost'
07-Mar-2023 19:19:52.602 INFO [http-nio-9999-exec-81] org.apache.catalina.core.ApplicationContext.log Manager: list: Listing contexts for virtual host 'localhost'
07-Mar-2023 19:20:27.475 INFO [http-nio-9999-exec-74] org.apache.catalina.core.ApplicationContext.log Manager: list: Listing contexts for virtual host 'localhost'
07-Mar-2023 20:46:38.635 INFO [http-nio-9999-exec-75] org.apache.catalina.core.ApplicationContext.log Manager: list: Listing contexts for virtual host 'localhost'
07-Mar-2023 20:46:38.641 INFO [http-nio-9999-exec-80] org.apache.catalina.core.ApplicationContext.log Manager: list: Listing contexts for virtual host 'localhost'
07-Mar-2023 20:46:38.721 INFO [http-nio-9999-exec-77] org.apache.catalina.core.ApplicationContext.log Manager: stop: Stopping web application '/Assignment'
07-Mar-2023 20:46:38.758 INFO [http-nio-9999-exec-75] org.apache.catalina.core.ApplicationContext.log Manager: start: Starting web application '/Assignment'
07-Mar-2023 20:49:21.932 INFO [http-nio-9999-exec-88] org.apache.catalina.core.ApplicationContext.log Manager: list: Listing contexts for virtual host 'localhost'
07-Mar-2023 20:49:58.863 INFO [http-nio-9999-exec-86] org.apache.catalina.core.ApplicationContext.log Manager: list: Listing contexts for virtual host 'localhost'
07-Mar-2023 20:49:58.872 INFO [http-nio-9999-exec-93] org.apache.catalina.core.ApplicationContext.log Manager: stop: Stopping web application '/Assignment'
07-Mar-2023 20:49:58.882 INFO [http-nio-9999-exec-89] org.apache.catalina.core.ApplicationContext.log Manager: start: Starting web application '/Assignment'
07-Mar-2023 20:50:01.426 INFO [http-nio-9999-exec-86] org.apache.catalina.core.ApplicationContext.log Manager: list: Listing contexts for virtual host 'localhost'
07-Mar-2023 20:50:01.441 INFO [http-nio-9999-exec-92] org.apache.catalina.core.ApplicationContext.log Manager: restart: Reloading web application '/Assignment'
07-Mar-2023 20:51:05.329 INFO [http-nio-9999-exec-101] org.apache.catalina.core.ApplicationContext.log Manager: list: Listing contexts for virtual host 'localhost'
07-Mar-2023 20:51:39.412 INFO [http-nio-9999-exec-95] org.apache.catalina.core.ApplicationContext.log Manager: list: Listing contexts for virtual host 'localhost'
07-Mar-2023 20:51:46.364 INFO [http-nio-9999-exec-100] org.apache.catalina.core.ApplicationContext.log Manager: list: Listing contexts for virtual host 'localhost'
07-Mar-2023 20:52:58.734 INFO [http-nio-9999-exec-100] org.apache.catalina.core.ApplicationContext.log Manager: list: Listing contexts for virtual host 'localhost'
07-Mar-2023 20:53:07.363 INFO [http-nio-9999-exec-98] org.apache.catalina.core.ApplicationContext.log Manager: list: Listing contexts for virtual host 'localhost'
07-Mar-2023 20:53:15.374 INFO [http-nio-9999-exec-96] org.apache.catalina.core.ApplicationContext.log Manager: list: Listing contexts for virtual host 'localhost'
07-Mar-2023 20:53:40.675 INFO [http-nio-9999-exec-101] org.apache.catalina.core.ApplicationContext.log Manager: list: Listing contexts for virtual host 'localhost'
07-Mar-2023 20:53:53.213 INFO [http-nio-9999-exec-103] org.apache.catalina.core.ApplicationContext.log Manager: list: Listing contexts for virtual host 'localhost'
07-Mar-2023 20:54:04.509 INFO [http-nio-9999-exec-98] org.apache.catalina.core.ApplicationContext.log Manager: list: Listing contexts for virtual host 'localhost'
07-Mar-2023 20:54:30.923 INFO [http-nio-9999-exec-97] org.apache.catalina.core.ApplicationContext.log Manager: list: Listing contexts for virtual host 'localhost'
07-Mar-2023 20:56:20.223 INFO [http-nio-9999-exec-104] org.apache.catalina.core.ApplicationContext.log Manager: list: Listing contexts for virtual host 'localhost'
07-Mar-2023 20:56:20.232 INFO [http-nio-9999-exec-98] org.apache.catalina.core.ApplicationContext.log Manager: restart: Reloading web application '/Assignment'
07-Mar-2023 20:57:46.807 INFO [http-nio-9999-exec-95] org.apache.catalina.core.ApplicationContext.log Manager: list: Listing contexts for virtual host 'localhost'
07-Mar-2023 20:57:46.814 INFO [http-nio-9999-exec-107] org.apache.catalina.core.ApplicationContext.log Manager: restart: Reloading web application '/Assignment'
07-Mar-2023 20:57:47.771 INFO [http-nio-9999-exec-99] org.apache.catalina.core.ApplicationContext.log Manager: list: Listing contexts for virtual host 'localhost'
07-Mar-2023 20:57:47.778 INFO [http-nio-9999-exec-101] org.apache.catalina.core.ApplicationContext.log Manager: restart: Reloading web application '/Assignment'
07-Mar-2023 21:00:24.327 INFO [http-nio-9999-exec-106] org.apache.catalina.core.ApplicationContext.log Manager: list: Listing contexts for virtual host 'localhost'
07-Mar-2023 21:00:24.336 INFO [http-nio-9999-exec-111] org.apache.catalina.core.ApplicationContext.log Manager: restart: Reloading web application '/Assignment'
07-Mar-2023 21:21:43.728 INFO [http-nio-9999-exec-114] org.apache.catalina.core.ApplicationContext.log Manager: list: Listing contexts for virtual host 'localhost'
07-Mar-2023 21:21:43.736 INFO [http-nio-9999-exec-115] org.apache.catalina.core.ApplicationContext.log Manager: restart: Reloading web application '/Assignment'
07-Mar-2023 21:22:16.358 INFO [http-nio-9999-exec-123] org.apache.catalina.core.ApplicationContext.log Manager: list: Listing contexts for virtual host 'localhost'
07-Mar-2023 21:22:16.365 INFO [http-nio-9999-exec-124] org.apache.catalina.core.ApplicationContext.log Manager: restart: Reloading web application '/Assignment'
07-Mar-2023 21:28:44.804 INFO [http-nio-9999-exec-133] org.apache.catalina.core.ApplicationContext.log Manager: list: Listing contexts for virtual host 'localhost'
07-Mar-2023 21:28:44.811 INFO [http-nio-9999-exec-132] org.apache.catalina.core.ApplicationContext.log Manager: restart: Reloading web application '/Assignment'
07-Mar-2023 21:29:38.942 INFO [http-nio-9999-exec-138] org.apache.catalina.core.ApplicationContext.log Manager: list: Listing contexts for virtual host 'localhost'
07-Mar-2023 21:31:18.924 INFO [http-nio-9999-exec-144] org.apache.catalina.core.ApplicationContext.log Manager: list: Listing contexts for virtual host 'localhost'
07-Mar-2023 22:07:46.247 INFO [http-nio-9999-exec-143] org.apache.catalina.core.ApplicationContext.log Manager: list: Listing contexts for virtual host 'localhost'
07-Mar-2023 22:07:46.251 INFO [http-nio-9999-exec-140] org.apache.catalina.core.ApplicationContext.log Manager: list: Listing contexts for virtual host 'localhost'
07-Mar-2023 22:07:46.317 INFO [http-nio-9999-exec-141] org.apache.catalina.core.ApplicationContext.log Manager: stop: Stopping web application '/Assignment'
07-Mar-2023 22:07:46.324 INFO [http-nio-9999-exec-147] org.apache.catalina.core.ApplicationContext.log Manager: start: Starting web application '/Assignment'
07-Mar-2023 22:34:52.850 INFO [http-nio-9999-exec-148] org.apache.catalina.core.ApplicationContext.log Manager: list: Listing contexts for virtual host 'localhost'
07-Mar-2023 22:38:16.953 INFO [http-nio-9999-exec-150] org.apache.catalina.core.ApplicationContext.log Manager: list: Listing contexts for virtual host 'localhost'
07-Mar-2023 22:38:26.555 INFO [http-nio-9999-exec-153] org.apache.catalina.core.ApplicationContext.log Manager: list: Listing contexts for virtual host 'localhost'
07-Mar-2023 22:39:31.092 INFO [http-nio-9999-exec-152] org.apache.catalina.core.ApplicationContext.log Manager: list: Listing contexts for virtual host 'localhost'
07-Mar-2023 22:39:31.102 INFO [http-nio-9999-exec-154] org.apache.catalina.core.ApplicationContext.log Manager: stop: Stopping web application '/Assignment'
07-Mar-2023 22:39:31.112 INFO [http-nio-9999-exec-148] org.apache.catalina.core.ApplicationContext.log Manager: start: Starting web application '/Assignment'
07-Mar-2023 22:39:32.087 INFO [http-nio-9999-exec-156] org.apache.catalina.core.ApplicationContext.log Manager: list: Listing contexts for virtual host 'localhost'
07-Mar-2023 22:39:32.106 INFO [http-nio-9999-exec-151] org.apache.catalina.core.ApplicationContext.log Manager: restart: Reloading web application '/Assignment'
07-Mar-2023 22:40:13.668 INFO [http-nio-9999-exec-149] org.apache.catalina.core.ApplicationContext.log Manager: list: Listing contexts for virtual host 'localhost'
07-Mar-2023 22:40:13.674 INFO [http-nio-9999-exec-155] org.apache.catalina.core.ApplicationContext.log Manager: restart: Reloading web application '/Assignment'
07-Mar-2023 22:42:20.794 INFO [http-nio-9999-exec-163] org.apache.catalina.core.ApplicationContext.log Manager: list: Listing contexts for virtual host 'localhost'
07-Mar-2023 22:42:40.292 INFO [http-nio-9999-exec-161] org.apache.catalina.core.ApplicationContext.log Manager: list: Listing contexts for virtual host 'localhost'
07-Mar-2023 22:44:28.653 INFO [http-nio-9999-exec-163] org.apache.catalina.core.ApplicationContext.log Manager: list: Listing contexts for virtual host 'localhost'
07-Mar-2023 22:44:28.978 INFO [http-nio-9999-exec-165] org.apache.catalina.core.ApplicationContext.log Manager: list: Listing contexts for virtual host 'localhost'
07-Mar-2023 22:45:05.142 INFO [http-nio-9999-exec-163] org.apache.catalina.core.ApplicationContext.log Manager: list: Listing contexts for virtual host 'localhost'
07-Mar-2023 22:45:30.437 INFO [http-nio-9999-exec-168] org.apache.catalina.core.ApplicationContext.log Manager: list: Listing contexts for virtual host 'localhost'
07-Mar-2023 22:45:30.443 INFO [http-nio-9999-exec-170] org.apache.catalina.core.ApplicationContext.log Manager: restart: Reloading web application '/Assignment'
07-Mar-2023 22:46:34.622 INFO [http-nio-9999-exec-174] org.apache.catalina.core.ApplicationContext.log Manager: list: Listing contexts for virtual host 'localhost'
07-Mar-2023 22:47:08.580 INFO [http-nio-9999-exec-177] org.apache.catalina.core.ApplicationContext.log Manager: list: Listing contexts for virtual host 'localhost'
07-Mar-2023 22:47:08.586 INFO [http-nio-9999-exec-172] org.apache.catalina.core.ApplicationContext.log Manager: stop: Stopping web application '/Assignment'
07-Mar-2023 22:47:08.590 INFO [http-nio-9999-exec-174] org.apache.catalina.core.ApplicationContext.log Manager: start: Starting web application '/Assignment'
07-Mar-2023 22:47:40.395 INFO [http-nio-9999-exec-177] org.apache.catalina.core.ApplicationContext.log Manager: list: Listing contexts for virtual host 'localhost'
07-Mar-2023 22:51:35.223 INFO [http-nio-9999-exec-183] org.apache.catalina.core.ApplicationContext.log Manager: list: Listing contexts for virtual host 'localhost'
07-Mar-2023 22:58:20.833 INFO [http-nio-9999-exec-186] org.apache.catalina.core.ApplicationContext.log Manager: list: Listing contexts for virtual host 'localhost'
07-Mar-2023 22:59:56.440 INFO [http-nio-9999-exec-190] org.apache.catalina.core.ApplicationContext.log Manager: list: Listing contexts for virtual host 'localhost'
07-Mar-2023 23:00:36.317 INFO [http-nio-9999-exec-186] org.apache.catalina.core.ApplicationContext.log Manager: list: Listing contexts for virtual host 'localhost'
07-Mar-2023 23:02:44.529 INFO [http-nio-9999-exec-189] org.apache.catalina.core.ApplicationContext.log Manager: list: Listing contexts for virtual host 'localhost'
07-Mar-2023 23:04:25.554 INFO [http-nio-9999-exec-183] org.apache.catalina.core.ApplicationContext.log Manager: list: Listing contexts for virtual host 'localhost'
07-Mar-2023 23:04:25.561 INFO [http-nio-9999-exec-186] org.apache.catalina.core.ApplicationContext.log Manager: restart: Reloading web application '/Assignment'
07-Mar-2023 23:05:27.194 INFO [http-nio-9999-exec-194] org.apache.catalina.core.ApplicationContext.log Manager: list: Listing contexts for virtual host 'localhost'
07-Mar-2023 23:05:48.186 INFO [http-nio-9999-exec-193] org.apache.catalina.core.ApplicationContext.log Manager: list: Listing contexts for virtual host 'localhost'
07-Mar-2023 23:06:18.702 INFO [http-nio-9999-exec-199] org.apache.catalina.core.ApplicationContext.log Manager: list: Listing contexts for virtual host 'localhost'
07-Mar-2023 23:06:18.709 INFO [http-nio-9999-exec-193] org.apache.catalina.core.ApplicationContext.log Manager: restart: Reloading web application '/Assignment'
07-Mar-2023 23:08:18.879 INFO [http-nio-9999-exec-204] org.apache.catalina.core.ApplicationContext.log Manager: list: Listing contexts for virtual host 'localhost'
07-Mar-2023 23:08:18.884 INFO [http-nio-9999-exec-205] org.apache.catalina.core.ApplicationContext.log Manager: restart: Reloading web application '/Assignment'
07-Mar-2023 23:09:03.899 INFO [http-nio-9999-exec-212] org.apache.catalina.core.ApplicationContext.log Manager: list: Listing contexts for virtual host 'localhost'
07-Mar-2023 23:09:03.906 INFO [http-nio-9999-exec-209] org.apache.catalina.core.ApplicationContext.log Manager: restart: Reloading web application '/Assignment'
07-Mar-2023 23:12:57.173 INFO [http-nio-9999-exec-217] org.apache.catalina.core.ApplicationContext.log Manager: list: Listing contexts for virtual host 'localhost'
07-Mar-2023 23:15:25.662 INFO [http-nio-9999-exec-221] org.apache.catalina.core.ApplicationContext.log Manager: list: Listing contexts for virtual host 'localhost'
07-Mar-2023 23:15:25.668 INFO [http-nio-9999-exec-220] org.apache.catalina.core.ApplicationContext.log Manager: restart: Reloading web application '/Assignment'
07-Mar-2023 23:15:26.425 INFO [http-nio-9999-exec-223] org.apache.catalina.core.ApplicationContext.log Manager: list: Listing contexts for virtual host 'localhost'
07-Mar-2023 23:15:26.432 INFO [http-nio-9999-exec-224] org.apache.catalina.core.ApplicationContext.log Manager: restart: Reloading web application '/Assignment'
07-Mar-2023 23:17:23.220 INFO [http-nio-9999-exec-228] org.apache.catalina.core.ApplicationContext.log Manager: list: Listing contexts for virtual host 'localhost'
07-Mar-2023 23:17:23.228 INFO [http-nio-9999-exec-231] org.apache.catalina.core.ApplicationContext.log Manager: restart: Reloading web application '/Assignment'
07-Mar-2023 23:17:51.264 INFO [http-nio-9999-exec-229] org.apache.catalina.core.ApplicationContext.log Manager: list: Listing contexts for virtual host 'localhost'
07-Mar-2023 23:18:53.296 INFO [http-nio-9999-exec-236] org.apache.catalina.core.ApplicationContext.log Manager: list: Listing contexts for virtual host 'localhost'
07-Mar-2023 23:19:58.089 INFO [http-nio-9999-exec-235] org.apache.catalina.core.ApplicationContext.log Manager: list: Listing contexts for virtual host 'localhost'
07-Mar-2023 23:20:51.946 INFO [http-nio-9999-exec-242] org.apache.catalina.core.ApplicationContext.log Manager: list: Listing contexts for virtual host 'localhost'
07-Mar-2023 23:21:38.080 INFO [http-nio-9999-exec-242] org.apache.catalina.core.ApplicationContext.log Manager: list: Listing contexts for virtual host 'localhost'
07-Mar-2023 23:21:50.980 INFO [http-nio-9999-exec-240] org.apache.catalina.core.ApplicationContext.log Manager: list: Listing contexts for virtual host 'localhost'
07-Mar-2023 23:22:12.041 INFO [http-nio-9999-exec-234] org.apache.catalina.core.ApplicationContext.log Manager: list: Listing contexts for virtual host 'localhost'
07-Mar-2023 23:23:13.573 INFO [http-nio-9999-exec-243] org.apache.catalina.core.ApplicationContext.log Manager: list: Listing contexts for virtual host 'localhost'
07-Mar-2023 23:23:50.347 INFO [http-nio-9999-exec-242] org.apache.catalina.core.ApplicationContext.log Manager: list: Listing contexts for virtual host 'localhost'
07-Mar-2023 23:24:05.650 INFO [http-nio-9999-exec-241] org.apache.catalina.core.ApplicationContext.log Manager: list: Listing contexts for virtual host 'localhost'
07-Mar-2023 23:24:43.260 INFO [http-nio-9999-exec-237] org.apache.catalina.core.ApplicationContext.log Manager: list: Listing contexts for virtual host 'localhost'
07-Mar-2023 23:27:25.459 INFO [http-nio-9999-exec-237] org.apache.catalina.core.ApplicationContext.log Manager: list: Listing contexts for virtual host 'localhost'
07-Mar-2023 23:27:59.249 INFO [http-nio-9999-exec-240] org.apache.catalina.core.ApplicationContext.log Manager: list: Listing contexts for virtual host 'localhost'
07-Mar-2023 23:28:38.331 INFO [http-nio-9999-exec-240] org.apache.catalina.core.ApplicationContext.log Manager: list: Listing contexts for virtual host 'localhost'
07-Mar-2023 23:31:12.791 INFO [http-nio-9999-exec-237] org.apache.catalina.core.ApplicationContext.log Manager: list: Listing contexts for virtual host 'localhost'
07-Mar-2023 23:31:26.442 INFO [http-nio-9999-exec-239] org.apache.catalina.core.ApplicationContext.log Manager: list: Listing contexts for virtual host 'localhost'
07-Mar-2023 23:31:43.045 INFO [http-nio-9999-exec-238] org.apache.catalina.core.ApplicationContext.log Manager: list: Listing contexts for virtual host 'localhost'
07-Mar-2023 23:31:52.664 INFO [http-nio-9999-exec-234] org.apache.catalina.core.ApplicationContext.log Manager: list: Listing contexts for virtual host 'localhost'
07-Mar-2023 23:32:15.078 INFO [http-nio-9999-exec-234] org.apache.catalina.core.ApplicationContext.log Manager: list: Listing contexts for virtual host 'localhost'
07-Mar-2023 23:32:42.514 INFO [http-nio-9999-exec-235] org.apache.catalina.core.ApplicationContext.log Manager: list: Listing contexts for virtual host 'localhost'
07-Mar-2023 23:32:42.669 INFO [http-nio-9999-exec-234] org.apache.catalina.core.ApplicationContext.log Manager: list: Listing contexts for virtual host 'localhost'
07-Mar-2023 23:32:42.674 INFO [http-nio-9999-exec-238] org.apache.catalina.core.ApplicationContext.log Manager: restart: Reloading web application '/Assignment'
07-Mar-2023 23:33:08.257 INFO [http-nio-9999-exec-244] org.apache.catalina.core.ApplicationContext.log Manager: list: Listing contexts for virtual host 'localhost'
07-Mar-2023 23:33:44.055 INFO [http-nio-9999-exec-244] org.apache.catalina.core.ApplicationContext.log Manager: list: Listing contexts for virtual host 'localhost'
07-Mar-2023 23:39:55.281 INFO [http-nio-9999-exec-247] org.apache.catalina.core.ApplicationContext.log Manager: list: Listing contexts for virtual host 'localhost'
07-Mar-2023 23:40:31.997 INFO [http-nio-9999-exec-245] org.apache.catalina.core.ApplicationContext.log Manager: list: Listing contexts for virtual host 'localhost'
07-Mar-2023 23:41:15.488 INFO [http-nio-9999-exec-248] org.apache.catalina.core.ApplicationContext.log Manager: list: Listing contexts for virtual host 'localhost'
07-Mar-2023 23:41:52.431 INFO [http-nio-9999-exec-248] org.apache.catalina.core.ApplicationContext.log Manager: list: Listing contexts for virtual host 'localhost'
07-Mar-2023 23:42:57.055 INFO [http-nio-9999-exec-248] org.apache.catalina.core.ApplicationContext.log Manager: list: Listing contexts for virtual host 'localhost'
07-Mar-2023 23:43:17.545 INFO [http-nio-9999-exec-246] org.apache.catalina.core.ApplicationContext.log Manager: list: Listing contexts for virtual host 'localhost'
07-Mar-2023 23:43:27.910 INFO [http-nio-9999-exec-246] org.apache.catalina.core.ApplicationContext.log Manager: list: Listing contexts for virtual host 'localhost'
07-Mar-2023 23:44:25.216 INFO [http-nio-9999-exec-246] org.apache.catalina.core.ApplicationContext.log Manager: list: Listing contexts for virtual host 'localhost'
07-Mar-2023 23:45:15.723 INFO [http-nio-9999-exec-246] org.apache.catalina.core.ApplicationContext.log Manager: list: Listing contexts for virtual host 'localhost'
07-Mar-2023 23:45:31.389 INFO [http-nio-9999-exec-252] org.apache.catalina.core.ApplicationContext.log Manager: list: Listing contexts for virtual host 'localhost'
07-Mar-2023 23:47:29.051 INFO [http-nio-9999-exec-252] org.apache.catalina.core.ApplicationContext.log Manager: list: Listing contexts for virtual host 'localhost'
07-Mar-2023 23:50:37.528 INFO [http-nio-9999-exec-247] org.apache.catalina.core.ApplicationContext.log Manager: list: Listing contexts for virtual host 'localhost'
07-Mar-2023 23:50:57.239 INFO [http-nio-9999-exec-248] org.apache.catalina.core.ApplicationContext.log Manager: list: Listing contexts for virtual host 'localhost'
07-Mar-2023 23:52:26.791 INFO [http-nio-9999-exec-244] org.apache.catalina.core.ApplicationContext.log Manager: list: Listing contexts for virtual host 'localhost'
07-Mar-2023 23:54:12.310 INFO [http-nio-9999-exec-244] org.apache.catalina.core.ApplicationContext.log Manager: list: Listing contexts for virtual host 'localhost'
07-Mar-2023 23:54:23.034 INFO [http-nio-9999-exec-250] org.apache.catalina.core.ApplicationContext.log Manager: list: Listing contexts for virtual host 'localhost'
07-Mar-2023 23:57:27.389 INFO [http-nio-9999-exec-250] org.apache.catalina.core.ApplicationContext.log Manager: list: Listing contexts for virtual host 'localhost'
07-Mar-2023 23:57:55.687 INFO [http-nio-9999-exec-252] org.apache.catalina.core.ApplicationContext.log Manager: list: Listing contexts for virtual host 'localhost'
07-Mar-2023 23:58:55.961 INFO [http-nio-9999-exec-252] org.apache.catalina.core.ApplicationContext.log Manager: list: Listing contexts for virtual host 'localhost'
07-Mar-2023 23:59:05.533 INFO [http-nio-9999-exec-244] org.apache.catalina.core.ApplicationContext.log Manager: list: Listing contexts for virtual host 'localhost'
07-Mar-2023 23:59:51.730 INFO [http-nio-9999-exec-249] org.apache.catalina.core.ApplicationContext.log Manager: list: Listing contexts for virtual host 'localhost'
