25-Feb-2023 23:04:33.774 INFO [http-nio-9999-exec-6] org.apache.catalina.core.ApplicationContext.log Manager: init: Associated with Deployer 'Catalina:type=Deployer,host=localhost'
25-Feb-2023 23:04:33.774 INFO [http-nio-9999-exec-6] org.apache.catalina.core.ApplicationContext.log Manager: init: Global resources are available
25-Feb-2023 23:04:33.804 INFO [http-nio-9999-exec-9] org.apache.catalina.core.ApplicationContext.log Manager: list: Listing contexts for virtual host 'localhost'
25-Feb-2023 23:04:33.836 INFO [http-nio-9999-exec-10] org.apache.catalina.core.ApplicationContext.log Manager: list: Listing contexts for virtual host 'localhost'
25-Feb-2023 23:04:33.852 INFO [http-nio-9999-exec-2] org.apache.catalina.core.ApplicationContext.log Manager: install: Installing context configuration at 'file:/C:/Users/ADMIN/AppData/Local/Temp/context2815539519894769173.xml'
25-Feb-2023 23:04:34.306 INFO [http-nio-9999-exec-1] org.apache.catalina.core.ApplicationContext.log Manager: start: Starting web application '/Assignment'
25-Feb-2023 23:08:21.476 INFO [http-nio-9999-exec-6] org.apache.catalina.core.ApplicationContext.log Manager: list: Listing contexts for virtual host 'localhost'
25-Feb-2023 23:08:21.487 INFO [http-nio-9999-exec-8] org.apache.catalina.core.ApplicationContext.log Manager: restart: Reloading web application '/Assignment'
25-Feb-2023 23:09:22.317 INFO [http-nio-9999-exec-1] org.apache.catalina.core.ApplicationContext.log Manager: list: Listing contexts for virtual host 'localhost'
25-Feb-2023 23:09:22.323 INFO [http-nio-9999-exec-7] org.apache.catalina.core.ApplicationContext.log Manager: restart: Reloading web application '/Assignment'
25-Feb-2023 23:09:54.667 INFO [http-nio-9999-exec-11] org.apache.catalina.core.ApplicationContext.log Manager: list: Listing contexts for virtual host 'localhost'
25-Feb-2023 23:09:54.673 INFO [http-nio-9999-exec-4] org.apache.catalina.core.ApplicationContext.log Manager: restart: Reloading web application '/Assignment'
25-Feb-2023 23:10:24.136 INFO [http-nio-9999-exec-11] org.apache.catalina.core.ApplicationContext.log Manager: list: Listing contexts for virtual host 'localhost'
25-Feb-2023 23:10:24.145 INFO [http-nio-9999-exec-10] org.apache.catalina.core.ApplicationContext.log Manager: stop: Stopping web application '/Assignment'
25-Feb-2023 23:10:24.154 INFO [http-nio-9999-exec-12] org.apache.catalina.core.ApplicationContext.log Manager: start: Starting web application '/Assignment'
25-Feb-2023 23:10:24.950 INFO [http-nio-9999-exec-11] org.apache.catalina.core.ApplicationContext.log Manager: list: Listing contexts for virtual host 'localhost'
25-Feb-2023 23:10:24.956 INFO [http-nio-9999-exec-6] org.apache.catalina.core.ApplicationContext.log Manager: restart: Reloading web application '/Assignment'
25-Feb-2023 23:11:42.590 INFO [http-nio-9999-exec-15] org.apache.catalina.core.ApplicationContext.log Manager: list: Listing contexts for virtual host 'localhost'
25-Feb-2023 23:11:42.596 INFO [http-nio-9999-exec-14] org.apache.catalina.core.ApplicationContext.log Manager: restart: Reloading web application '/Assignment'
25-Feb-2023 23:11:50.069 INFO [http-nio-9999-exec-17] org.apache.catalina.core.ApplicationContext.log Manager: list: Listing contexts for virtual host 'localhost'
25-Feb-2023 23:11:50.074 INFO [http-nio-9999-exec-1] org.apache.catalina.core.ApplicationContext.log Manager: restart: Reloading web application '/Assignment'
25-Feb-2023 23:13:57.058 INFO [http-nio-9999-exec-20] org.apache.catalina.core.ApplicationContext.log Manager: list: Listing contexts for virtual host 'localhost'
25-Feb-2023 23:13:57.064 INFO [http-nio-9999-exec-22] org.apache.catalina.core.ApplicationContext.log Manager: restart: Reloading web application '/Assignment'
25-Feb-2023 23:14:29.780 INFO [http-nio-9999-exec-20] org.apache.catalina.core.ApplicationContext.log Manager: list: Listing contexts for virtual host 'localhost'
25-Feb-2023 23:14:29.787 INFO [http-nio-9999-exec-1] org.apache.catalina.core.ApplicationContext.log Manager: restart: Reloading web application '/Assignment'
25-Feb-2023 23:14:33.078 INFO [http-nio-9999-exec-21] org.apache.catalina.core.ApplicationContext.log Manager: list: Listing contexts for virtual host 'localhost'
25-Feb-2023 23:14:33.084 INFO [http-nio-9999-exec-11] org.apache.catalina.core.ApplicationContext.log Manager: restart: Reloading web application '/Assignment'
25-Feb-2023 23:14:54.636 INFO [http-nio-9999-exec-20] org.apache.catalina.core.ApplicationContext.log Manager: list: Listing contexts for virtual host 'localhost'
25-Feb-2023 23:14:54.641 INFO [http-nio-9999-exec-16] org.apache.catalina.core.ApplicationContext.log Manager: restart: Reloading web application '/Assignment'
25-Feb-2023 23:15:06.360 INFO [http-nio-9999-exec-20] org.apache.catalina.core.ApplicationContext.log Manager: list: Listing contexts for virtual host 'localhost'
25-Feb-2023 23:15:06.366 INFO [http-nio-9999-exec-1] org.apache.catalina.core.ApplicationContext.log Manager: restart: Reloading web application '/Assignment'
25-Feb-2023 23:17:02.727 INFO [http-nio-9999-exec-28] org.apache.catalina.core.ApplicationContext.log Manager: list: Listing contexts for virtual host 'localhost'
25-Feb-2023 23:17:02.733 INFO [http-nio-9999-exec-29] org.apache.catalina.core.ApplicationContext.log Manager: restart: Reloading web application '/Assignment'
25-Feb-2023 23:17:27.827 INFO [http-nio-9999-exec-34] org.apache.catalina.core.ApplicationContext.log Manager: list: Listing contexts for virtual host 'localhost'
25-Feb-2023 23:17:27.835 INFO [http-nio-9999-exec-28] org.apache.catalina.core.ApplicationContext.log Manager: stop: Stopping web application '/Assignment'
25-Feb-2023 23:17:27.845 INFO [http-nio-9999-exec-30] org.apache.catalina.core.ApplicationContext.log Manager: start: Starting web application '/Assignment'
25-Feb-2023 23:17:28.604 INFO [http-nio-9999-exec-33] org.apache.catalina.core.ApplicationContext.log Manager: list: Listing contexts for virtual host 'localhost'
25-Feb-2023 23:17:28.610 INFO [http-nio-9999-exec-29] org.apache.catalina.core.ApplicationContext.log Manager: restart: Reloading web application '/Assignment'
25-Feb-2023 23:18:49.752 INFO [http-nio-9999-exec-33] org.apache.catalina.core.ApplicationContext.log Manager: list: Listing contexts for virtual host 'localhost'
25-Feb-2023 23:18:49.758 INFO [http-nio-9999-exec-32] org.apache.catalina.core.ApplicationContext.log Manager: restart: Reloading web application '/Assignment'
25-Feb-2023 23:19:13.119 INFO [http-nio-9999-exec-23] org.apache.catalina.core.ApplicationContext.log Manager: list: Listing contexts for virtual host 'localhost'
25-Feb-2023 23:19:13.125 INFO [http-nio-9999-exec-35] org.apache.catalina.core.ApplicationContext.log Manager: restart: Reloading web application '/Assignment'
25-Feb-2023 23:20:20.334 INFO [http-nio-9999-exec-26] org.apache.catalina.core.ApplicationContext.log Manager: list: Listing contexts for virtual host 'localhost'
25-Feb-2023 23:20:20.339 INFO [http-nio-9999-exec-30] org.apache.catalina.core.ApplicationContext.log Manager: restart: Reloading web application '/Assignment'
25-Feb-2023 23:20:50.889 INFO [http-nio-9999-exec-39] org.apache.catalina.core.ApplicationContext.log Manager: list: Listing contexts for virtual host 'localhost'
25-Feb-2023 23:22:55.690 INFO [http-nio-9999-exec-42] org.apache.catalina.core.ApplicationContext.log Manager: list: Listing contexts for virtual host 'localhost'
25-Feb-2023 23:22:55.696 INFO [http-nio-9999-exec-43] org.apache.catalina.core.ApplicationContext.log Manager: restart: Reloading web application '/Assignment'
25-Feb-2023 23:23:11.615 INFO [http-nio-9999-exec-46] org.apache.catalina.core.ApplicationContext.log Manager: list: Listing contexts for virtual host 'localhost'
25-Feb-2023 23:23:11.622 INFO [http-nio-9999-exec-47] org.apache.catalina.core.ApplicationContext.log Manager: stop: Stopping web application '/Assignment'
25-Feb-2023 23:23:11.629 INFO [http-nio-9999-exec-48] org.apache.catalina.core.ApplicationContext.log Manager: start: Starting web application '/Assignment'
25-Feb-2023 23:23:12.368 INFO [http-nio-9999-exec-51] org.apache.catalina.core.ApplicationContext.log Manager: list: Listing contexts for virtual host 'localhost'
25-Feb-2023 23:23:12.374 INFO [http-nio-9999-exec-50] org.apache.catalina.core.ApplicationContext.log Manager: restart: Reloading web application '/Assignment'
25-Feb-2023 23:23:20.078 INFO [http-nio-9999-exec-49] org.apache.catalina.core.ApplicationContext.log Manager: list: Listing contexts for virtual host 'localhost'
25-Feb-2023 23:23:20.410 INFO [http-nio-9999-exec-51] org.apache.catalina.core.ApplicationContext.log Manager: list: Listing contexts for virtual host 'localhost'
25-Feb-2023 23:23:26.544 INFO [http-nio-9999-exec-52] org.apache.catalina.core.ApplicationContext.log Manager: list: Listing contexts for virtual host 'localhost'
25-Feb-2023 23:23:43.756 INFO [http-nio-9999-exec-55] org.apache.catalina.core.ApplicationContext.log Manager: list: Listing contexts for virtual host 'localhost'
25-Feb-2023 23:23:43.762 INFO [http-nio-9999-exec-47] org.apache.catalina.core.ApplicationContext.log Manager: restart: Reloading web application '/Assignment'
25-Feb-2023 23:24:26.906 INFO [http-nio-9999-exec-42] org.apache.catalina.core.ApplicationContext.log Manager: list: Listing contexts for virtual host 'localhost'
25-Feb-2023 23:24:45.204 INFO [http-nio-9999-exec-54] org.apache.catalina.core.ApplicationContext.log Manager: list: Listing contexts for virtual host 'localhost'
25-Feb-2023 23:25:46.935 INFO [http-nio-9999-exec-56] org.apache.catalina.core.ApplicationContext.log Manager: list: Listing contexts for virtual host 'localhost'
25-Feb-2023 23:29:13.463 INFO [http-nio-9999-exec-59] org.apache.catalina.core.ApplicationContext.log Manager: list: Listing contexts for virtual host 'localhost'
25-Feb-2023 23:29:20.963 INFO [http-nio-9999-exec-51] org.apache.catalina.core.ApplicationContext.log Manager: list: Listing contexts for virtual host 'localhost'
25-Feb-2023 23:29:49.502 INFO [http-nio-9999-exec-58] org.apache.catalina.core.ApplicationContext.log Manager: list: Listing contexts for virtual host 'localhost'
25-Feb-2023 23:38:15.591 INFO [http-nio-9999-exec-56] org.apache.catalina.core.ApplicationContext.log Manager: list: Listing contexts for virtual host 'localhost'
25-Feb-2023 23:38:15.596 INFO [http-nio-9999-exec-57] org.apache.catalina.core.ApplicationContext.log Manager: restart: Reloading web application '/Assignment'
25-Feb-2023 23:38:16.341 INFO [http-nio-9999-exec-56] org.apache.catalina.core.ApplicationContext.log Manager: list: Listing contexts for virtual host 'localhost'
25-Feb-2023 23:38:16.345 INFO [http-nio-9999-exec-59] org.apache.catalina.core.ApplicationContext.log Manager: restart: Reloading web application '/Assignment'
25-Feb-2023 23:38:38.860 INFO [http-nio-9999-exec-66] org.apache.catalina.core.ApplicationContext.log Manager: list: Listing contexts for virtual host 'localhost'
25-Feb-2023 23:38:38.865 INFO [http-nio-9999-exec-58] org.apache.catalina.core.ApplicationContext.log Manager: restart: Reloading web application '/Assignment'
25-Feb-2023 23:39:02.494 INFO [http-nio-9999-exec-65] org.apache.catalina.core.ApplicationContext.log Manager: list: Listing contexts for virtual host 'localhost'
25-Feb-2023 23:39:02.499 INFO [http-nio-9999-exec-63] org.apache.catalina.core.ApplicationContext.log Manager: restart: Reloading web application '/Assignment'
25-Feb-2023 23:50:46.575 INFO [http-nio-9999-exec-74] org.apache.catalina.core.ApplicationContext.log Manager: list: Listing contexts for virtual host 'localhost'
25-Feb-2023 23:50:46.579 INFO [http-nio-9999-exec-73] org.apache.catalina.core.ApplicationContext.log Manager: list: Listing contexts for virtual host 'localhost'
25-Feb-2023 23:50:46.607 INFO [http-nio-9999-exec-75] org.apache.catalina.core.ApplicationContext.log Manager: stop: Stopping web application '/Assignment'
25-Feb-2023 23:50:46.613 INFO [http-nio-9999-exec-73] org.apache.catalina.core.ApplicationContext.log Manager: start: Starting web application '/Assignment'
25-Feb-2023 23:54:05.715 INFO [http-nio-9999-exec-81] org.apache.catalina.core.ApplicationContext.log Manager: list: Listing contexts for virtual host 'localhost'
25-Feb-2023 23:54:05.720 INFO [http-nio-9999-exec-82] org.apache.catalina.core.ApplicationContext.log Manager: restart: Reloading web application '/Assignment'
25-Feb-2023 23:58:25.582 INFO [http-nio-9999-exec-88] org.apache.catalina.core.ApplicationContext.log Manager: list: Listing contexts for virtual host 'localhost'
25-Feb-2023 23:58:25.587 INFO [http-nio-9999-exec-89] org.apache.catalina.core.ApplicationContext.log Manager: restart: Reloading web application '/Assignment'
25-Feb-2023 23:59:41.433 INFO [http-nio-9999-exec-90] org.apache.catalina.core.ApplicationContext.log Manager: list: Listing contexts for virtual host 'localhost'
25-Feb-2023 23:59:41.438 INFO [http-nio-9999-exec-91] org.apache.catalina.core.ApplicationContext.log Manager: restart: Reloading web application '/Assignment'
25-Feb-2023 23:59:50.512 INFO [http-nio-9999-exec-90] org.apache.catalina.core.ApplicationContext.log Manager: list: Listing contexts for virtual host 'localhost'
25-Feb-2023 23:59:50.517 INFO [http-nio-9999-exec-94] org.apache.catalina.core.ApplicationContext.log Manager: restart: Reloading web application '/Assignment'
