01-Mar-2023 11:10:38.624 INFO [http-nio-9999-exec-6] org.apache.catalina.core.ApplicationContext.log Manager: init: Associated with Deployer 'Catalina:type=Deployer,host=localhost'
01-Mar-2023 11:10:38.624 INFO [http-nio-9999-exec-6] org.apache.catalina.core.ApplicationContext.log Manager: init: Global resources are available
01-Mar-2023 11:10:38.659 INFO [http-nio-9999-exec-9] org.apache.catalina.core.ApplicationContext.log Manager: list: Listing contexts for virtual host 'localhost'
01-Mar-2023 11:10:38.665 INFO [http-nio-9999-exec-10] org.apache.catalina.core.ApplicationContext.log Manager: list: Listing contexts for virtual host 'localhost'
01-Mar-2023 11:10:38.727 INFO [http-nio-9999-exec-1] org.apache.catalina.core.ApplicationContext.log Manager: restart: Reloading web application '/Assignment'
01-Mar-2023 11:16:52.464 INFO [http-nio-9999-exec-12] org.apache.catalina.core.ApplicationContext.log Manager: list: Listing contexts for virtual host 'localhost'
01-Mar-2023 11:17:20.767 INFO [http-nio-9999-exec-12] org.apache.catalina.core.ApplicationContext.log Manager: list: Listing contexts for virtual host 'localhost'
01-Mar-2023 11:18:58.144 INFO [http-nio-9999-exec-11] org.apache.catalina.core.ApplicationContext.log Manager: list: Listing contexts for virtual host 'localhost'
01-Mar-2023 11:19:40.101 INFO [http-nio-9999-exec-14] org.apache.catalina.core.ApplicationContext.log Manager: list: Listing contexts for virtual host 'localhost'
01-Mar-2023 11:19:48.431 INFO [http-nio-9999-exec-15] org.apache.catalina.core.ApplicationContext.log Manager: list: Listing contexts for virtual host 'localhost'
01-Mar-2023 11:20:37.038 INFO [http-nio-9999-exec-15] org.apache.catalina.core.ApplicationContext.log Manager: list: Listing contexts for virtual host 'localhost'
01-Mar-2023 11:20:41.700 INFO [http-nio-9999-exec-13] org.apache.catalina.core.ApplicationContext.log Manager: list: Listing contexts for virtual host 'localhost'
01-Mar-2023 11:20:41.703 INFO [http-nio-9999-exec-16] org.apache.catalina.core.ApplicationContext.log Manager: list: Listing contexts for virtual host 'localhost'
01-Mar-2023 11:21:19.228 INFO [http-nio-9999-exec-19] org.apache.catalina.core.ApplicationContext.log Manager: list: Listing contexts for virtual host 'localhost'
01-Mar-2023 11:21:19.233 INFO [http-nio-9999-exec-11] org.apache.catalina.core.ApplicationContext.log Manager: list: Listing contexts for virtual host 'localhost'
01-Mar-2023 11:21:19.271 INFO [http-nio-9999-exec-16] org.apache.catalina.core.ApplicationContext.log Manager: undeploy: Undeploying web application at '/Party'
01-Mar-2023 11:21:19.842 INFO [http-nio-9999-exec-17] org.apache.catalina.core.ApplicationContext.log Manager: install: Installing context configuration at 'file:/C:/Users/ADMIN/AppData/Local/Temp/context3645933713691302179.xml'
01-Mar-2023 11:21:20.230 INFO [http-nio-9999-exec-11] org.apache.catalina.core.ApplicationContext.log Manager: start: Starting web application '/Party'
01-Mar-2023 11:21:51.654 INFO [http-nio-9999-exec-26] org.apache.catalina.core.ApplicationContext.log Manager: list: Listing contexts for virtual host 'localhost'
01-Mar-2023 11:21:51.657 INFO [http-nio-9999-exec-20] org.apache.catalina.core.ApplicationContext.log Manager: list: Listing contexts for virtual host 'localhost'
01-Mar-2023 11:21:51.686 INFO [http-nio-9999-exec-21] org.apache.catalina.core.ApplicationContext.log Manager: undeploy: Undeploying web application at '/StudentManage'
01-Mar-2023 11:21:52.224 INFO [http-nio-9999-exec-19] org.apache.catalina.core.ApplicationContext.log Manager: install: Installing context configuration at 'file:/C:/Users/ADMIN/AppData/Local/Temp/context7545160486697068182.xml'
01-Mar-2023 11:21:52.601 INFO [http-nio-9999-exec-15] org.apache.catalina.core.ApplicationContext.log Manager: start: Starting web application '/StudentManage'
01-Mar-2023 11:22:39.120 INFO [http-nio-9999-exec-36] org.apache.catalina.core.ApplicationContext.log Manager: list: Listing contexts for virtual host 'localhost'
01-Mar-2023 11:22:40.634 INFO [http-nio-9999-exec-23] org.apache.catalina.core.ApplicationContext.log Manager: list: Listing contexts for virtual host 'localhost'
01-Mar-2023 11:24:53.622 INFO [http-nio-9999-exec-36] org.apache.catalina.core.ApplicationContext.log Manager: list: Listing contexts for virtual host 'localhost'
01-Mar-2023 11:24:53.628 INFO [http-nio-9999-exec-37] org.apache.catalina.core.ApplicationContext.log Manager: restart: Reloading web application '/Assignment'
01-Mar-2023 11:24:54.398 INFO [http-nio-9999-exec-29] org.apache.catalina.core.ApplicationContext.log Manager: list: Listing contexts for virtual host 'localhost'
01-Mar-2023 11:24:54.403 INFO [http-nio-9999-exec-34] org.apache.catalina.core.ApplicationContext.log Manager: restart: Reloading web application '/Assignment'
01-Mar-2023 11:25:17.682 INFO [http-nio-9999-exec-29] org.apache.catalina.core.ApplicationContext.log Manager: list: Listing contexts for virtual host 'localhost'
01-Mar-2023 11:25:17.689 INFO [http-nio-9999-exec-28] org.apache.catalina.core.ApplicationContext.log Manager: restart: Reloading web application '/Assignment'
01-Mar-2023 11:26:10.795 INFO [http-nio-9999-exec-40] org.apache.catalina.core.ApplicationContext.log Manager: list: Listing contexts for virtual host 'localhost'
01-Mar-2023 11:26:10.801 INFO [http-nio-9999-exec-29] org.apache.catalina.core.ApplicationContext.log Manager: restart: Reloading web application '/Assignment'
01-Mar-2023 11:28:03.854 INFO [http-nio-9999-exec-42] org.apache.catalina.core.ApplicationContext.log Manager: list: Listing contexts for virtual host 'localhost'
01-Mar-2023 11:28:03.861 INFO [http-nio-9999-exec-31] org.apache.catalina.core.ApplicationContext.log Manager: restart: Reloading web application '/Assignment'
01-Mar-2023 11:28:19.372 INFO [http-nio-9999-exec-38] org.apache.catalina.core.ApplicationContext.log Manager: list: Listing contexts for virtual host 'localhost'
01-Mar-2023 11:28:19.703 INFO [http-nio-9999-exec-40] org.apache.catalina.core.ApplicationContext.log Manager: list: Listing contexts for virtual host 'localhost'
01-Mar-2023 11:30:44.766 INFO [http-nio-9999-exec-47] org.apache.catalina.core.ApplicationContext.log Manager: list: Listing contexts for virtual host 'localhost'
01-Mar-2023 11:30:44.772 INFO [http-nio-9999-exec-43] org.apache.catalina.core.ApplicationContext.log Manager: restart: Reloading web application '/Assignment'
01-Mar-2023 11:30:48.961 INFO [http-nio-9999-exec-51] org.apache.catalina.core.ApplicationContext.log Manager: list: Listing contexts for virtual host 'localhost'
01-Mar-2023 11:30:48.967 INFO [http-nio-9999-exec-50] org.apache.catalina.core.ApplicationContext.log Manager: restart: Reloading web application '/Assignment'
01-Mar-2023 11:31:40.499 INFO [http-nio-9999-exec-53] org.apache.catalina.core.ApplicationContext.log Manager: list: Listing contexts for virtual host 'localhost'
01-Mar-2023 11:35:40.392 INFO [http-nio-9999-exec-57] org.apache.catalina.core.ApplicationContext.log Manager: list: Listing contexts for virtual host 'localhost'
01-Mar-2023 11:36:47.116 INFO [http-nio-9999-exec-54] org.apache.catalina.core.ApplicationContext.log Manager: list: Listing contexts for virtual host 'localhost'
01-Mar-2023 11:38:50.239 INFO [http-nio-9999-exec-59] org.apache.catalina.core.ApplicationContext.log Manager: list: Listing contexts for virtual host 'localhost'
01-Mar-2023 11:38:50.245 INFO [http-nio-9999-exec-60] org.apache.catalina.core.ApplicationContext.log Manager: restart: Reloading web application '/Assignment'
01-Mar-2023 11:40:12.270 INFO [http-nio-9999-exec-63] org.apache.catalina.core.ApplicationContext.log Manager: list: Listing contexts for virtual host 'localhost'
01-Mar-2023 11:40:12.276 INFO [http-nio-9999-exec-64] org.apache.catalina.core.ApplicationContext.log Manager: restart: Reloading web application '/Assignment'
01-Mar-2023 11:41:04.723 INFO [http-nio-9999-exec-76] org.apache.catalina.core.ApplicationContext.log Manager: list: Listing contexts for virtual host 'localhost'
01-Mar-2023 11:41:04.728 INFO [http-nio-9999-exec-64] org.apache.catalina.core.ApplicationContext.log Manager: restart: Reloading web application '/Assignment'
01-Mar-2023 11:43:25.225 INFO [http-nio-9999-exec-78] org.apache.catalina.core.ApplicationContext.log Manager: list: Listing contexts for virtual host 'localhost'
01-Mar-2023 11:43:39.843 INFO [http-nio-9999-exec-86] org.apache.catalina.core.ApplicationContext.log Manager: list: Listing contexts for virtual host 'localhost'
01-Mar-2023 11:55:10.539 INFO [http-nio-9999-exec-83] org.apache.catalina.core.ApplicationContext.log Manager: list: Listing contexts for virtual host 'localhost'
01-Mar-2023 11:55:10.545 INFO [http-nio-9999-exec-77] org.apache.catalina.core.ApplicationContext.log Manager: restart: Reloading web application '/Assignment'
01-Mar-2023 11:55:23.784 INFO [http-nio-9999-exec-88] org.apache.catalina.core.ApplicationContext.log Manager: list: Listing contexts for virtual host 'localhost'
01-Mar-2023 11:55:23.791 INFO [http-nio-9999-exec-80] org.apache.catalina.core.ApplicationContext.log Manager: restart: Reloading web application '/Assignment'
01-Mar-2023 11:56:18.653 INFO [http-nio-9999-exec-81] org.apache.catalina.core.ApplicationContext.log Manager: list: Listing contexts for virtual host 'localhost'
01-Mar-2023 11:56:18.659 INFO [http-nio-9999-exec-79] org.apache.catalina.core.ApplicationContext.log Manager: restart: Reloading web application '/Assignment'
01-Mar-2023 11:57:01.575 INFO [http-nio-9999-exec-90] org.apache.catalina.core.ApplicationContext.log Manager: list: Listing contexts for virtual host 'localhost'
01-Mar-2023 11:57:01.581 INFO [http-nio-9999-exec-84] org.apache.catalina.core.ApplicationContext.log Manager: restart: Reloading web application '/Assignment'
01-Mar-2023 11:57:21.891 INFO [http-nio-9999-exec-81] org.apache.catalina.core.ApplicationContext.log Manager: list: Listing contexts for virtual host 'localhost'
01-Mar-2023 11:57:21.896 INFO [http-nio-9999-exec-90] org.apache.catalina.core.ApplicationContext.log Manager: restart: Reloading web application '/Assignment'
01-Mar-2023 11:57:28.445 INFO [http-nio-9999-exec-81] org.apache.catalina.core.ApplicationContext.log Manager: list: Listing contexts for virtual host 'localhost'
01-Mar-2023 11:57:28.450 INFO [http-nio-9999-exec-84] org.apache.catalina.core.ApplicationContext.log Manager: restart: Reloading web application '/Assignment'
01-Mar-2023 11:58:01.010 INFO [http-nio-9999-exec-89] org.apache.catalina.core.ApplicationContext.log Manager: list: Listing contexts for virtual host 'localhost'
01-Mar-2023 11:58:01.016 INFO [http-nio-9999-exec-84] org.apache.catalina.core.ApplicationContext.log Manager: restart: Reloading web application '/Assignment'
01-Mar-2023 11:58:08.817 INFO [http-nio-9999-exec-85] org.apache.catalina.core.ApplicationContext.log Manager: list: Listing contexts for virtual host 'localhost'
01-Mar-2023 11:58:08.823 INFO [http-nio-9999-exec-86] org.apache.catalina.core.ApplicationContext.log Manager: restart: Reloading web application '/Assignment'
01-Mar-2023 11:58:32.180 INFO [http-nio-9999-exec-91] org.apache.catalina.core.ApplicationContext.log Manager: list: Listing contexts for virtual host 'localhost'
01-Mar-2023 11:58:32.186 INFO [http-nio-9999-exec-84] org.apache.catalina.core.ApplicationContext.log Manager: restart: Reloading web application '/Assignment'
01-Mar-2023 11:59:33.952 INFO [http-nio-9999-exec-97] org.apache.catalina.core.ApplicationContext.log Manager: list: Listing contexts for virtual host 'localhost'
01-Mar-2023 11:59:33.958 INFO [http-nio-9999-exec-89] org.apache.catalina.core.ApplicationContext.log Manager: restart: Reloading web application '/Assignment'
01-Mar-2023 11:59:34.704 INFO [http-nio-9999-exec-99] org.apache.catalina.core.ApplicationContext.log Manager: list: Listing contexts for virtual host 'localhost'
01-Mar-2023 11:59:34.713 INFO [http-nio-9999-exec-93] org.apache.catalina.core.ApplicationContext.log Manager: restart: Reloading web application '/Assignment'
01-Mar-2023 11:59:44.639 INFO [http-nio-9999-exec-98] org.apache.catalina.core.ApplicationContext.log Manager: list: Listing contexts for virtual host 'localhost'
01-Mar-2023 11:59:44.645 INFO [http-nio-9999-exec-97] org.apache.catalina.core.ApplicationContext.log Manager: restart: Reloading web application '/Assignment'
01-Mar-2023 12:03:31.561 INFO [http-nio-9999-exec-103] org.apache.catalina.core.ApplicationContext.log Manager: list: Listing contexts for virtual host 'localhost'
01-Mar-2023 12:03:31.566 INFO [http-nio-9999-exec-105] org.apache.catalina.core.ApplicationContext.log Manager: restart: Reloading web application '/Assignment'
01-Mar-2023 12:04:18.912 INFO [http-nio-9999-exec-78] org.apache.catalina.core.ApplicationContext.log Manager: list: Listing contexts for virtual host 'localhost'
01-Mar-2023 12:04:18.917 INFO [http-nio-9999-exec-100] org.apache.catalina.core.ApplicationContext.log Manager: restart: Reloading web application '/Assignment'
01-Mar-2023 12:06:18.054 INFO [http-nio-9999-exec-102] org.apache.catalina.core.ApplicationContext.log Manager: list: Listing contexts for virtual host 'localhost'
01-Mar-2023 12:06:18.060 INFO [http-nio-9999-exec-105] org.apache.catalina.core.ApplicationContext.log Manager: restart: Reloading web application '/Assignment'
01-Mar-2023 12:08:14.940 INFO [http-nio-9999-exec-103] org.apache.catalina.core.ApplicationContext.log Manager: list: Listing contexts for virtual host 'localhost'
01-Mar-2023 12:08:14.945 INFO [http-nio-9999-exec-98] org.apache.catalina.core.ApplicationContext.log Manager: restart: Reloading web application '/Assignment'
01-Mar-2023 12:08:19.214 INFO [http-nio-9999-exec-111] org.apache.catalina.core.ApplicationContext.log Manager: list: Listing contexts for virtual host 'localhost'
01-Mar-2023 12:08:19.219 INFO [http-nio-9999-exec-110] org.apache.catalina.core.ApplicationContext.log Manager: restart: Reloading web application '/Assignment'
01-Mar-2023 12:08:45.675 INFO [http-nio-9999-exec-106] org.apache.catalina.core.ApplicationContext.log Manager: list: Listing contexts for virtual host 'localhost'
01-Mar-2023 12:08:45.680 INFO [http-nio-9999-exec-107] org.apache.catalina.core.ApplicationContext.log Manager: restart: Reloading web application '/Assignment'
01-Mar-2023 12:09:00.679 INFO [http-nio-9999-exec-113] org.apache.catalina.core.ApplicationContext.log Manager: list: Listing contexts for virtual host 'localhost'
01-Mar-2023 12:09:00.685 INFO [http-nio-9999-exec-109] org.apache.catalina.core.ApplicationContext.log Manager: restart: Reloading web application '/Assignment'
01-Mar-2023 12:16:58.863 INFO [http-nio-9999-exec-116] org.apache.catalina.core.ApplicationContext.log Manager: list: Listing contexts for virtual host 'localhost'
01-Mar-2023 12:16:58.868 INFO [http-nio-9999-exec-114] org.apache.catalina.core.ApplicationContext.log Manager: restart: Reloading web application '/Assignment'
01-Mar-2023 12:17:05.239 INFO [http-nio-9999-exec-123] org.apache.catalina.core.ApplicationContext.log Manager: list: Listing contexts for virtual host 'localhost'
01-Mar-2023 12:17:05.241 INFO [http-nio-9999-exec-124] org.apache.catalina.core.ApplicationContext.log Manager: list: Listing contexts for virtual host 'localhost'
01-Mar-2023 12:17:05.273 INFO [http-nio-9999-exec-120] org.apache.catalina.core.ApplicationContext.log Manager: restart: Reloading web application '/Assignment'
01-Mar-2023 12:19:44.711 INFO [http-nio-9999-exec-129] org.apache.catalina.core.ApplicationContext.log Manager: list: Listing contexts for virtual host 'localhost'
01-Mar-2023 12:19:44.716 INFO [http-nio-9999-exec-128] org.apache.catalina.core.ApplicationContext.log Manager: restart: Reloading web application '/Assignment'
01-Mar-2023 12:20:23.046 INFO [http-nio-9999-exec-127] org.apache.catalina.core.ApplicationContext.log Manager: list: Listing contexts for virtual host 'localhost'
01-Mar-2023 12:20:23.052 INFO [http-nio-9999-exec-134] org.apache.catalina.core.ApplicationContext.log Manager: restart: Reloading web application '/Assignment'
01-Mar-2023 12:21:38.060 INFO [http-nio-9999-exec-135] org.apache.catalina.core.ApplicationContext.log Manager: list: Listing contexts for virtual host 'localhost'
01-Mar-2023 12:21:38.065 INFO [http-nio-9999-exec-128] org.apache.catalina.core.ApplicationContext.log Manager: restart: Reloading web application '/Assignment'
01-Mar-2023 12:22:47.471 INFO [http-nio-9999-exec-135] org.apache.catalina.core.ApplicationContext.log Manager: list: Listing contexts for virtual host 'localhost'
01-Mar-2023 12:22:47.476 INFO [http-nio-9999-exec-120] org.apache.catalina.core.ApplicationContext.log Manager: restart: Reloading web application '/Assignment'
01-Mar-2023 12:25:26.973 INFO [http-nio-9999-exec-142] org.apache.catalina.core.ApplicationContext.log Manager: list: Listing contexts for virtual host 'localhost'
01-Mar-2023 12:25:55.727 INFO [http-nio-9999-exec-143] org.apache.catalina.core.ApplicationContext.log Manager: list: Listing contexts for virtual host 'localhost'
01-Mar-2023 12:27:33.709 INFO [http-nio-9999-exec-146] org.apache.catalina.core.ApplicationContext.log Manager: list: Listing contexts for virtual host 'localhost'
01-Mar-2023 12:28:41.932 INFO [http-nio-9999-exec-145] org.apache.catalina.core.ApplicationContext.log Manager: list: Listing contexts for virtual host 'localhost'
01-Mar-2023 12:30:10.940 INFO [http-nio-9999-exec-143] org.apache.catalina.core.ApplicationContext.log Manager: list: Listing contexts for virtual host 'localhost'
01-Mar-2023 12:31:24.124 INFO [http-nio-9999-exec-146] org.apache.catalina.core.ApplicationContext.log Manager: list: Listing contexts for virtual host 'localhost'
01-Mar-2023 12:33:21.434 INFO [http-nio-9999-exec-148] org.apache.catalina.core.ApplicationContext.log Manager: list: Listing contexts for virtual host 'localhost'
01-Mar-2023 13:00:29.067 INFO [http-nio-9999-exec-147] org.apache.catalina.core.ApplicationContext.log Manager: list: Listing contexts for virtual host 'localhost'
01-Mar-2023 13:00:29.073 INFO [http-nio-9999-exec-140] org.apache.catalina.core.ApplicationContext.log Manager: restart: Reloading web application '/Assignment'
01-Mar-2023 13:00:29.992 INFO [http-nio-9999-exec-145] org.apache.catalina.core.ApplicationContext.log Manager: list: Listing contexts for virtual host 'localhost'
01-Mar-2023 13:00:29.999 INFO [http-nio-9999-exec-141] org.apache.catalina.core.ApplicationContext.log Manager: restart: Reloading web application '/Assignment'
01-Mar-2023 13:01:06.465 INFO [http-nio-9999-exec-147] org.apache.catalina.core.ApplicationContext.log Manager: list: Listing contexts for virtual host 'localhost'
01-Mar-2023 13:01:06.470 INFO [http-nio-9999-exec-150] org.apache.catalina.core.ApplicationContext.log Manager: restart: Reloading web application '/Assignment'
01-Mar-2023 13:03:38.610 INFO [http-nio-9999-exec-144] org.apache.catalina.core.ApplicationContext.log Manager: list: Listing contexts for virtual host 'localhost'
01-Mar-2023 13:03:38.616 INFO [http-nio-9999-exec-147] org.apache.catalina.core.ApplicationContext.log Manager: restart: Reloading web application '/Assignment'
01-Mar-2023 16:46:58.086 INFO [http-nio-9999-exec-6] org.apache.catalina.core.ApplicationContext.log Manager: init: Associated with Deployer 'Catalina:type=Deployer,host=localhost'
01-Mar-2023 16:46:58.086 INFO [http-nio-9999-exec-6] org.apache.catalina.core.ApplicationContext.log Manager: init: Global resources are available
01-Mar-2023 16:46:58.116 INFO [http-nio-9999-exec-9] org.apache.catalina.core.ApplicationContext.log Manager: list: Listing contexts for virtual host 'localhost'
01-Mar-2023 16:46:58.121 INFO [http-nio-9999-exec-10] org.apache.catalina.core.ApplicationContext.log Manager: list: Listing contexts for virtual host 'localhost'
01-Mar-2023 16:46:58.196 INFO [http-nio-9999-exec-2] org.apache.catalina.core.ApplicationContext.log Manager: restart: Reloading web application '/Assignment'
01-Mar-2023 16:47:40.683 INFO [http-nio-9999-exec-15] org.apache.catalina.core.ApplicationContext.log Manager: list: Listing contexts for virtual host 'localhost'
01-Mar-2023 16:49:23.946 INFO [http-nio-9999-exec-16] org.apache.catalina.core.ApplicationContext.log Manager: list: Listing contexts for virtual host 'localhost'
01-Mar-2023 16:49:23.953 INFO [http-nio-9999-exec-12] org.apache.catalina.core.ApplicationContext.log Manager: restart: Reloading web application '/Assignment'
01-Mar-2023 16:50:16.612 INFO [http-nio-9999-exec-24] org.apache.catalina.core.ApplicationContext.log Manager: list: Listing contexts for virtual host 'localhost'
01-Mar-2023 16:50:16.619 INFO [http-nio-9999-exec-17] org.apache.catalina.core.ApplicationContext.log Manager: restart: Reloading web application '/Assignment'
01-Mar-2023 16:50:17.414 INFO [http-nio-9999-exec-21] org.apache.catalina.core.ApplicationContext.log Manager: list: Listing contexts for virtual host 'localhost'
01-Mar-2023 16:50:17.422 INFO [http-nio-9999-exec-20] org.apache.catalina.core.ApplicationContext.log Manager: restart: Reloading web application '/Assignment'
01-Mar-2023 16:52:32.664 INFO [http-nio-9999-exec-12] org.apache.catalina.core.ApplicationContext.log Manager: list: Listing contexts for virtual host 'localhost'
01-Mar-2023 16:52:32.667 INFO [http-nio-9999-exec-27] org.apache.catalina.core.ApplicationContext.log Manager: list: Listing contexts for virtual host 'localhost'
01-Mar-2023 16:52:32.704 INFO [http-nio-9999-exec-13] org.apache.catalina.core.ApplicationContext.log Manager: undeploy: Undeploying web application at '/AssignmentPRJ23'
01-Mar-2023 16:52:33.240 INFO [http-nio-9999-exec-25] org.apache.catalina.core.ApplicationContext.log Manager: install: Installing context configuration at 'file:/C:/Users/ADMIN/AppData/Local/Temp/context3559772022307687698.xml'
01-Mar-2023 16:52:33.650 INFO [http-nio-9999-exec-21] org.apache.catalina.core.ApplicationContext.log Manager: start: Starting web application '/AssignmentPRJ23'
01-Mar-2023 16:54:06.732 INFO [http-nio-9999-exec-30] org.apache.catalina.core.ApplicationContext.log Manager: list: Listing contexts for virtual host 'localhost'
01-Mar-2023 16:54:06.741 INFO [http-nio-9999-exec-31] org.apache.catalina.core.ApplicationContext.log Manager: stop: Stopping web application '/AssignmentPRJ23'
01-Mar-2023 16:54:06.752 INFO [http-nio-9999-exec-26] org.apache.catalina.core.ApplicationContext.log Manager: start: Starting web application '/AssignmentPRJ23'
01-Mar-2023 16:54:07.357 INFO [http-nio-9999-exec-26] org.apache.catalina.core.ApplicationContext.log Manager: list: Listing contexts for virtual host 'localhost'
01-Mar-2023 16:54:07.368 INFO [http-nio-9999-exec-36] org.apache.catalina.core.ApplicationContext.log Manager: restart: Reloading web application '/AssignmentPRJ23'
01-Mar-2023 16:54:27.246 INFO [http-nio-9999-exec-37] org.apache.catalina.core.ApplicationContext.log Manager: list: Listing contexts for virtual host 'localhost'
01-Mar-2023 16:54:27.256 INFO [http-nio-9999-exec-34] org.apache.catalina.core.ApplicationContext.log Manager: stop: Stopping web application '/AssignmentPRJ23'
01-Mar-2023 16:54:27.265 INFO [http-nio-9999-exec-37] org.apache.catalina.core.ApplicationContext.log Manager: start: Starting web application '/AssignmentPRJ23'
01-Mar-2023 16:54:28.109 INFO [http-nio-9999-exec-38] org.apache.catalina.core.ApplicationContext.log Manager: list: Listing contexts for virtual host 'localhost'
01-Mar-2023 16:54:28.116 INFO [http-nio-9999-exec-31] org.apache.catalina.core.ApplicationContext.log Manager: restart: Reloading web application '/AssignmentPRJ23'
01-Mar-2023 16:54:50.066 INFO [http-nio-9999-exec-40] org.apache.catalina.core.ApplicationContext.log Manager: list: Listing contexts for virtual host 'localhost'
01-Mar-2023 16:54:50.077 INFO [http-nio-9999-exec-35] org.apache.catalina.core.ApplicationContext.log Manager: stop: Stopping web application '/AssignmentPRJ23'
01-Mar-2023 16:54:50.086 INFO [http-nio-9999-exec-26] org.apache.catalina.core.ApplicationContext.log Manager: start: Starting web application '/AssignmentPRJ23'
01-Mar-2023 16:54:50.846 INFO [http-nio-9999-exec-39] org.apache.catalina.core.ApplicationContext.log Manager: list: Listing contexts for virtual host 'localhost'
01-Mar-2023 16:54:50.853 INFO [http-nio-9999-exec-40] org.apache.catalina.core.ApplicationContext.log Manager: restart: Reloading web application '/AssignmentPRJ23'
01-Mar-2023 16:57:18.625 INFO [http-nio-9999-exec-44] org.apache.catalina.core.ApplicationContext.log Manager: list: Listing contexts for virtual host 'localhost'
01-Mar-2023 16:57:18.628 INFO [http-nio-9999-exec-37] org.apache.catalina.core.ApplicationContext.log Manager: list: Listing contexts for virtual host 'localhost'
01-Mar-2023 16:59:17.810 INFO [http-nio-9999-exec-45] org.apache.catalina.core.ApplicationContext.log Manager: list: Listing contexts for virtual host 'localhost'
01-Mar-2023 16:59:17.818 INFO [http-nio-9999-exec-43] org.apache.catalina.core.ApplicationContext.log Manager: restart: Reloading web application '/AssignmentPRJ23'
01-Mar-2023 17:00:24.557 INFO [http-nio-9999-exec-44] org.apache.catalina.core.ApplicationContext.log Manager: list: Listing contexts for virtual host 'localhost'
01-Mar-2023 17:00:24.563 INFO [http-nio-9999-exec-48] org.apache.catalina.core.ApplicationContext.log Manager: restart: Reloading web application '/AssignmentPRJ23'
01-Mar-2023 17:12:25.635 INFO [http-nio-9999-exec-53] org.apache.catalina.core.ApplicationContext.log Manager: list: Listing contexts for virtual host 'localhost'
01-Mar-2023 17:12:25.642 INFO [http-nio-9999-exec-54] org.apache.catalina.core.ApplicationContext.log Manager: restart: Reloading web application '/AssignmentPRJ23'
01-Mar-2023 17:12:26.408 INFO [http-nio-9999-exec-62] org.apache.catalina.core.ApplicationContext.log Manager: list: Listing contexts for virtual host 'localhost'
01-Mar-2023 17:12:26.414 INFO [http-nio-9999-exec-53] org.apache.catalina.core.ApplicationContext.log Manager: restart: Reloading web application '/AssignmentPRJ23'
01-Mar-2023 17:15:41.065 INFO [http-nio-9999-exec-68] org.apache.catalina.core.ApplicationContext.log Manager: list: Listing contexts for virtual host 'localhost'
01-Mar-2023 17:15:41.071 INFO [http-nio-9999-exec-65] org.apache.catalina.core.ApplicationContext.log Manager: restart: Reloading web application '/AssignmentPRJ23'
01-Mar-2023 17:16:32.375 INFO [http-nio-9999-exec-64] org.apache.catalina.core.ApplicationContext.log Manager: list: Listing contexts for virtual host 'localhost'
01-Mar-2023 17:16:32.381 INFO [http-nio-9999-exec-68] org.apache.catalina.core.ApplicationContext.log Manager: restart: Reloading web application '/Assignment'
01-Mar-2023 17:17:01.836 INFO [http-nio-9999-exec-69] org.apache.catalina.core.ApplicationContext.log Manager: list: Listing contexts for virtual host 'localhost'
01-Mar-2023 17:17:01.842 INFO [http-nio-9999-exec-72] org.apache.catalina.core.ApplicationContext.log Manager: restart: Reloading web application '/Assignment'
01-Mar-2023 17:17:08.276 INFO [http-nio-9999-exec-66] org.apache.catalina.core.ApplicationContext.log Manager: list: Listing contexts for virtual host 'localhost'
01-Mar-2023 17:17:08.283 INFO [http-nio-9999-exec-64] org.apache.catalina.core.ApplicationContext.log Manager: restart: Reloading web application '/AssignmentPRJ23'
01-Mar-2023 17:18:02.105 INFO [http-nio-9999-exec-69] org.apache.catalina.core.ApplicationContext.log Manager: list: Listing contexts for virtual host 'localhost'
01-Mar-2023 17:18:02.430 INFO [http-nio-9999-exec-68] org.apache.catalina.core.ApplicationContext.log Manager: list: Listing contexts for virtual host 'localhost'
01-Mar-2023 17:18:25.305 INFO [http-nio-9999-exec-74] org.apache.catalina.core.ApplicationContext.log Manager: list: Listing contexts for virtual host 'localhost'
01-Mar-2023 17:19:25.065 INFO [http-nio-9999-exec-76] org.apache.catalina.core.ApplicationContext.log Manager: list: Listing contexts for virtual host 'localhost'
01-Mar-2023 17:21:34.740 INFO [http-nio-9999-exec-77] org.apache.catalina.core.ApplicationContext.log Manager: list: Listing contexts for virtual host 'localhost'
01-Mar-2023 17:21:50.251 INFO [http-nio-9999-exec-80] org.apache.catalina.core.ApplicationContext.log Manager: list: Listing contexts for virtual host 'localhost'
01-Mar-2023 17:21:50.256 INFO [http-nio-9999-exec-82] org.apache.catalina.core.ApplicationContext.log Manager: restart: Reloading web application '/AssignmentPRJ23'
01-Mar-2023 17:22:05.678 INFO [http-nio-9999-exec-77] org.apache.catalina.core.ApplicationContext.log Manager: list: Listing contexts for virtual host 'localhost'
01-Mar-2023 17:23:05.642 INFO [http-nio-9999-exec-87] org.apache.catalina.core.ApplicationContext.log Manager: list: Listing contexts for virtual host 'localhost'
01-Mar-2023 17:23:05.647 INFO [http-nio-9999-exec-84] org.apache.catalina.core.ApplicationContext.log Manager: restart: Reloading web application '/AssignmentPRJ23'
01-Mar-2023 17:23:28.260 INFO [http-nio-9999-exec-90] org.apache.catalina.core.ApplicationContext.log Manager: list: Listing contexts for virtual host 'localhost'
01-Mar-2023 17:23:28.266 INFO [http-nio-9999-exec-85] org.apache.catalina.core.ApplicationContext.log Manager: restart: Reloading web application '/AssignmentPRJ23'
01-Mar-2023 17:23:47.263 INFO [http-nio-9999-exec-80] org.apache.catalina.core.ApplicationContext.log Manager: list: Listing contexts for virtual host 'localhost'
01-Mar-2023 17:23:47.268 INFO [http-nio-9999-exec-85] org.apache.catalina.core.ApplicationContext.log Manager: restart: Reloading web application '/AssignmentPRJ23'
01-Mar-2023 17:24:21.521 INFO [http-nio-9999-exec-85] org.apache.catalina.core.ApplicationContext.log Manager: list: Listing contexts for virtual host 'localhost'
01-Mar-2023 17:24:21.528 INFO [http-nio-9999-exec-83] org.apache.catalina.core.ApplicationContext.log Manager: restart: Reloading web application '/AssignmentPRJ23'
01-Mar-2023 17:24:26.555 INFO [http-nio-9999-exec-97] org.apache.catalina.core.ApplicationContext.log Manager: list: Listing contexts for virtual host 'localhost'
01-Mar-2023 17:24:26.560 INFO [http-nio-9999-exec-96] org.apache.catalina.core.ApplicationContext.log Manager: restart: Reloading web application '/AssignmentPRJ23'
01-Mar-2023 17:24:30.401 INFO [http-nio-9999-exec-99] org.apache.catalina.core.ApplicationContext.log Manager: list: Listing contexts for virtual host 'localhost'
01-Mar-2023 17:24:30.407 INFO [http-nio-9999-exec-97] org.apache.catalina.core.ApplicationContext.log Manager: restart: Reloading web application '/AssignmentPRJ23'
01-Mar-2023 17:25:36.957 INFO [http-nio-9999-exec-102] org.apache.catalina.core.ApplicationContext.log Manager: list: Listing contexts for virtual host 'localhost'
01-Mar-2023 17:27:58.030 INFO [http-nio-9999-exec-101] org.apache.catalina.core.ApplicationContext.log Manager: list: Listing contexts for virtual host 'localhost'
01-Mar-2023 17:30:20.090 INFO [http-nio-9999-exec-101] org.apache.catalina.core.ApplicationContext.log Manager: list: Listing contexts for virtual host 'localhost'
01-Mar-2023 17:30:20.095 INFO [http-nio-9999-exec-103] org.apache.catalina.core.ApplicationContext.log Manager: restart: Reloading web application '/AssignmentPRJ23'
01-Mar-2023 17:32:12.937 INFO [http-nio-9999-exec-113] org.apache.catalina.core.ApplicationContext.log Manager: list: Listing contexts for virtual host 'localhost'
01-Mar-2023 17:32:12.942 INFO [http-nio-9999-exec-115] org.apache.catalina.core.ApplicationContext.log Manager: restart: Reloading web application '/AssignmentPRJ23'
01-Mar-2023 17:33:44.642 INFO [http-nio-9999-exec-109] org.apache.catalina.core.ApplicationContext.log Manager: list: Listing contexts for virtual host 'localhost'
01-Mar-2023 17:33:44.647 INFO [http-nio-9999-exec-112] org.apache.catalina.core.ApplicationContext.log Manager: restart: Reloading web application '/AssignmentPRJ23'
01-Mar-2023 17:35:04.915 INFO [http-nio-9999-exec-109] org.apache.catalina.core.ApplicationContext.log Manager: list: Listing contexts for virtual host 'localhost'
01-Mar-2023 17:35:05.250 INFO [http-nio-9999-exec-102] org.apache.catalina.core.ApplicationContext.log Manager: list: Listing contexts for virtual host 'localhost'
01-Mar-2023 17:35:33.406 INFO [http-nio-9999-exec-122] org.apache.catalina.core.ApplicationContext.log Manager: list: Listing contexts for virtual host 'localhost'
01-Mar-2023 17:35:41.841 INFO [http-nio-9999-exec-124] org.apache.catalina.core.ApplicationContext.log Manager: list: Listing contexts for virtual host 'localhost'
01-Mar-2023 17:35:57.119 INFO [http-nio-9999-exec-112] org.apache.catalina.core.ApplicationContext.log Manager: list: Listing contexts for virtual host 'localhost'
01-Mar-2023 17:36:03.612 INFO [http-nio-9999-exec-124] org.apache.catalina.core.ApplicationContext.log Manager: list: Listing contexts for virtual host 'localhost'
01-Mar-2023 17:37:06.015 INFO [http-nio-9999-exec-123] org.apache.catalina.core.ApplicationContext.log Manager: list: Listing contexts for virtual host 'localhost'
01-Mar-2023 17:38:10.749 INFO [http-nio-9999-exec-123] org.apache.catalina.core.ApplicationContext.log Manager: list: Listing contexts for virtual host 'localhost'
01-Mar-2023 17:38:32.536 INFO [http-nio-9999-exec-125] org.apache.catalina.core.ApplicationContext.log Manager: list: Listing contexts for virtual host 'localhost'
01-Mar-2023 17:38:49.725 INFO [http-nio-9999-exec-123] org.apache.catalina.core.ApplicationContext.log Manager: list: Listing contexts for virtual host 'localhost'
01-Mar-2023 17:39:46.130 INFO [http-nio-9999-exec-122] org.apache.catalina.core.ApplicationContext.log Manager: list: Listing contexts for virtual host 'localhost'
01-Mar-2023 17:39:46.136 INFO [http-nio-9999-exec-128] org.apache.catalina.core.ApplicationContext.log Manager: restart: Reloading web application '/AssignmentPRJ23'
01-Mar-2023 17:39:57.776 INFO [http-nio-9999-exec-132] org.apache.catalina.core.ApplicationContext.log Manager: list: Listing contexts for virtual host 'localhost'
01-Mar-2023 17:39:57.781 INFO [http-nio-9999-exec-122] org.apache.catalina.core.ApplicationContext.log Manager: restart: Reloading web application '/AssignmentPRJ23'
01-Mar-2023 17:40:07.683 INFO [http-nio-9999-exec-130] org.apache.catalina.core.ApplicationContext.log Manager: list: Listing contexts for virtual host 'localhost'
01-Mar-2023 17:40:07.689 INFO [http-nio-9999-exec-132] org.apache.catalina.core.ApplicationContext.log Manager: restart: Reloading web application '/AssignmentPRJ23'
01-Mar-2023 17:40:29.044 INFO [http-nio-9999-exec-125] org.apache.catalina.core.ApplicationContext.log Manager: list: Listing contexts for virtual host 'localhost'
01-Mar-2023 17:41:59.863 INFO [http-nio-9999-exec-137] org.apache.catalina.core.ApplicationContext.log Manager: list: Listing contexts for virtual host 'localhost'
01-Mar-2023 17:41:59.869 INFO [http-nio-9999-exec-138] org.apache.catalina.core.ApplicationContext.log Manager: restart: Reloading web application '/AssignmentPRJ23'
01-Mar-2023 17:43:38.992 INFO [http-nio-9999-exec-135] org.apache.catalina.core.ApplicationContext.log Manager: list: Listing contexts for virtual host 'localhost'
01-Mar-2023 17:45:38.456 INFO [http-nio-9999-exec-143] org.apache.catalina.core.ApplicationContext.log Manager: list: Listing contexts for virtual host 'localhost'
01-Mar-2023 17:45:38.781 INFO [http-nio-9999-exec-142] org.apache.catalina.core.ApplicationContext.log Manager: list: Listing contexts for virtual host 'localhost'
01-Mar-2023 17:46:02.494 INFO [http-nio-9999-exec-143] org.apache.catalina.core.ApplicationContext.log Manager: list: Listing contexts for virtual host 'localhost'
01-Mar-2023 17:46:04.119 INFO [http-nio-9999-exec-147] org.apache.catalina.core.ApplicationContext.log Manager: list: Listing contexts for virtual host 'localhost'
01-Mar-2023 17:46:04.125 INFO [http-nio-9999-exec-146] org.apache.catalina.core.ApplicationContext.log Manager: restart: Reloading web application '/AssignmentPRJ23'
01-Mar-2023 17:55:41.318 INFO [http-nio-9999-exec-153] org.apache.catalina.core.ApplicationContext.log Manager: list: Listing contexts for virtual host 'localhost'
01-Mar-2023 17:55:41.323 INFO [http-nio-9999-exec-152] org.apache.catalina.core.ApplicationContext.log Manager: restart: Reloading web application '/AssignmentPRJ23'
01-Mar-2023 17:55:41.509 INFO [http-nio-9999-exec-161] org.apache.catalina.core.ApplicationContext.log Manager: list: Listing contexts for virtual host 'localhost'
01-Mar-2023 17:55:41.511 INFO [http-nio-9999-exec-153] org.apache.catalina.core.ApplicationContext.log Manager: list: Listing contexts for virtual host 'localhost'
01-Mar-2023 17:59:10.287 INFO [http-nio-9999-exec-166] org.apache.catalina.core.ApplicationContext.log Manager: list: Listing contexts for virtual host 'localhost'
01-Mar-2023 17:59:10.293 INFO [http-nio-9999-exec-170] org.apache.catalina.core.ApplicationContext.log Manager: restart: Reloading web application '/AssignmentPRJ23'
01-Mar-2023 18:05:57.851 INFO [http-nio-9999-exec-171] org.apache.catalina.core.ApplicationContext.log Manager: list: Listing contexts for virtual host 'localhost'
01-Mar-2023 18:05:57.853 INFO [http-nio-9999-exec-177] org.apache.catalina.core.ApplicationContext.log Manager: list: Listing contexts for virtual host 'localhost'
01-Mar-2023 18:05:57.882 INFO [http-nio-9999-exec-173] org.apache.catalina.core.ApplicationContext.log Manager: undeploy: Undeploying web application at '/AssignmentPRJ23'
01-Mar-2023 18:05:58.410 INFO [http-nio-9999-exec-180] org.apache.catalina.core.ApplicationContext.log Manager: install: Installing context configuration at 'file:/C:/Users/ADMIN/AppData/Local/Temp/context536383958922152017.xml'
01-Mar-2023 18:05:58.788 INFO [http-nio-9999-exec-176] org.apache.catalina.core.ApplicationContext.log Manager: start: Starting web application '/AssignmentPRJ23'
