18-Mar-2023 15:50:01.535 INFO [http-nio-9999-exec-7] org.apache.catalina.core.ApplicationContext.log Manager: init: Associated with Deployer 'Catalina:type=Deployer,host=localhost'
18-Mar-2023 15:50:01.536 INFO [http-nio-9999-exec-7] org.apache.catalina.core.ApplicationContext.log Manager: init: Global resources are available
18-Mar-2023 15:50:01.580 INFO [http-nio-9999-exec-10] org.apache.catalina.core.ApplicationContext.log Manager: list: Listing contexts for virtual host 'localhost'
18-Mar-2023 15:50:01.586 INFO [http-nio-9999-exec-2] org.apache.catalina.core.ApplicationContext.log Manager: list: Listing contexts for virtual host 'localhost'
18-Mar-2023 15:50:01.711 INFO [http-nio-9999-exec-1] org.apache.catalina.core.ApplicationContext.log Manager: undeploy: Undeploying web application at '/Assignment'
18-Mar-2023 15:50:02.258 INFO [http-nio-9999-exec-3] org.apache.catalina.core.ApplicationContext.log Manager: install: Installing context configuration at 'file:/C:/Users/ADMIN/AppData/Local/Temp/context1766274693072027926.xml'
18-Mar-2023 15:50:02.682 INFO [http-nio-9999-exec-6] org.apache.catalina.core.ApplicationContext.log Manager: start: Starting web application '/Assignment'
18-Mar-2023 17:39:08.992 INFO [http-nio-9999-exec-19] org.apache.catalina.core.ApplicationContext.log Manager: list: Listing contexts for virtual host 'localhost'
18-Mar-2023 17:39:09.028 INFO [http-nio-9999-exec-17] org.apache.catalina.core.ApplicationContext.log Manager: list: Listing contexts for virtual host 'localhost'
18-Mar-2023 17:39:09.044 INFO [http-nio-9999-exec-20] org.apache.catalina.core.ApplicationContext.log Manager: install: Installing context configuration at 'file:/C:/Users/ADMIN/AppData/Local/Temp/context5551874475094907671.xml'
18-Mar-2023 17:39:09.085 INFO [http-nio-9999-exec-18] org.apache.catalina.core.ApplicationContext.log Manager: start: Starting web application '/Q1_SP23_Test'
18-Mar-2023 19:08:52.012 INFO [http-nio-9999-exec-13] org.apache.catalina.core.ApplicationContext.log Manager: list: Listing contexts for virtual host 'localhost'
18-Mar-2023 19:08:52.035 INFO [http-nio-9999-exec-12] org.apache.catalina.core.ApplicationContext.log Manager: list: Listing contexts for virtual host 'localhost'
18-Mar-2023 19:08:52.041 INFO [http-nio-9999-exec-20] org.apache.catalina.core.ApplicationContext.log Manager: install: Installing context configuration at 'file:/C:/Users/ADMIN/AppData/Local/Temp/context6559990390719167023.xml'
18-Mar-2023 19:08:52.070 INFO [http-nio-9999-exec-19] org.apache.catalina.core.ApplicationContext.log Manager: start: Starting web application '/Q2_SP23_Test'
18-Mar-2023 19:10:47.525 INFO [http-nio-9999-exec-16] org.apache.catalina.core.ApplicationContext.log Manager: list: Listing contexts for virtual host 'localhost'
18-Mar-2023 19:10:47.534 INFO [http-nio-9999-exec-15] org.apache.catalina.core.ApplicationContext.log Manager: restart: Reloading web application '/Q2_SP23_Test'
18-Mar-2023 19:12:09.117 INFO [http-nio-9999-exec-21] org.apache.catalina.core.ApplicationContext.log Manager: list: Listing contexts for virtual host 'localhost'
18-Mar-2023 19:12:09.122 INFO [http-nio-9999-exec-24] org.apache.catalina.core.ApplicationContext.log Manager: restart: Reloading web application '/Q2_SP23_Test'
18-Mar-2023 19:13:09.352 INFO [http-nio-9999-exec-32] org.apache.catalina.core.ApplicationContext.log Manager: list: Listing contexts for virtual host 'localhost'
18-Mar-2023 19:13:09.356 INFO [http-nio-9999-exec-23] org.apache.catalina.core.ApplicationContext.log Manager: restart: Reloading web application '/Q2_SP23_Test'
18-Mar-2023 19:13:14.574 INFO [http-nio-9999-exec-36] org.apache.catalina.core.ApplicationContext.log Manager: list: Listing contexts for virtual host 'localhost'
18-Mar-2023 19:13:14.577 INFO [http-nio-9999-exec-33] org.apache.catalina.core.ApplicationContext.log Manager: list: Listing contexts for virtual host 'localhost'
18-Mar-2023 19:13:14.607 INFO [http-nio-9999-exec-35] org.apache.catalina.core.ApplicationContext.log Manager: restart: Reloading web application '/Q2_SP23_Test'
18-Mar-2023 19:13:45.009 INFO [http-nio-9999-exec-30] org.apache.catalina.core.ApplicationContext.log Manager: list: Listing contexts for virtual host 'localhost'
18-Mar-2023 19:13:45.014 INFO [http-nio-9999-exec-23] org.apache.catalina.core.ApplicationContext.log Manager: restart: Reloading web application '/Q2_SP23_Test'
18-Mar-2023 19:16:08.672 INFO [http-nio-9999-exec-46] org.apache.catalina.core.ApplicationContext.log Manager: list: Listing contexts for virtual host 'localhost'
18-Mar-2023 19:16:18.034 INFO [http-nio-9999-exec-44] org.apache.catalina.core.ApplicationContext.log Manager: list: Listing contexts for virtual host 'localhost'
18-Mar-2023 19:16:18.038 INFO [http-nio-9999-exec-53] org.apache.catalina.core.ApplicationContext.log Manager: restart: Reloading web application '/Q2_SP23_Test'
18-Mar-2023 19:16:22.146 INFO [http-nio-9999-exec-50] org.apache.catalina.core.ApplicationContext.log Manager: list: Listing contexts for virtual host 'localhost'
18-Mar-2023 19:16:22.150 INFO [http-nio-9999-exec-44] org.apache.catalina.core.ApplicationContext.log Manager: restart: Reloading web application '/Q2_SP23_Test'
18-Mar-2023 19:16:57.717 INFO [http-nio-9999-exec-56] org.apache.catalina.core.ApplicationContext.log Manager: list: Listing contexts for virtual host 'localhost'
18-Mar-2023 19:16:57.721 INFO [http-nio-9999-exec-50] org.apache.catalina.core.ApplicationContext.log Manager: restart: Reloading web application '/Q2_SP23_Test'
18-Mar-2023 19:18:36.568 INFO [http-nio-9999-exec-61] org.apache.catalina.core.ApplicationContext.log Manager: list: Listing contexts for virtual host 'localhost'
18-Mar-2023 19:18:36.572 INFO [http-nio-9999-exec-46] org.apache.catalina.core.ApplicationContext.log Manager: restart: Reloading web application '/Q2_SP23_Test'
18-Mar-2023 19:18:38.608 INFO [http-nio-9999-exec-50] org.apache.catalina.core.ApplicationContext.log Manager: list: Listing contexts for virtual host 'localhost'
18-Mar-2023 19:18:38.613 INFO [http-nio-9999-exec-52] org.apache.catalina.core.ApplicationContext.log Manager: restart: Reloading web application '/Q2_SP23_Test'
18-Mar-2023 19:18:56.274 INFO [http-nio-9999-exec-56] org.apache.catalina.core.ApplicationContext.log Manager: list: Listing contexts for virtual host 'localhost'
18-Mar-2023 19:18:56.279 INFO [http-nio-9999-exec-64] org.apache.catalina.core.ApplicationContext.log Manager: restart: Reloading web application '/Q2_SP23_Test'
18-Mar-2023 19:18:56.962 INFO [http-nio-9999-exec-65] org.apache.catalina.core.ApplicationContext.log Manager: list: Listing contexts for virtual host 'localhost'
18-Mar-2023 19:18:56.966 INFO [http-nio-9999-exec-66] org.apache.catalina.core.ApplicationContext.log Manager: restart: Reloading web application '/Q2_SP23_Test'
18-Mar-2023 19:19:04.089 INFO [http-nio-9999-exec-57] org.apache.catalina.core.ApplicationContext.log Manager: list: Listing contexts for virtual host 'localhost'
18-Mar-2023 19:19:04.094 INFO [http-nio-9999-exec-56] org.apache.catalina.core.ApplicationContext.log Manager: restart: Reloading web application '/Q2_SP23_Test'
18-Mar-2023 19:19:24.873 INFO [http-nio-9999-exec-59] org.apache.catalina.core.ApplicationContext.log Manager: list: Listing contexts for virtual host 'localhost'
18-Mar-2023 19:19:24.875 INFO [http-nio-9999-exec-70] org.apache.catalina.core.ApplicationContext.log Manager: list: Listing contexts for virtual host 'localhost'
18-Mar-2023 19:19:24.902 INFO [http-nio-9999-exec-71] org.apache.catalina.core.ApplicationContext.log Manager: restart: Reloading web application '/Q2_SP23_Test'
18-Mar-2023 19:20:04.450 INFO [http-nio-9999-exec-77] org.apache.catalina.core.ApplicationContext.log Manager: list: Listing contexts for virtual host 'localhost'
18-Mar-2023 19:20:04.455 INFO [http-nio-9999-exec-76] org.apache.catalina.core.ApplicationContext.log Manager: restart: Reloading web application '/Q2_SP23_Test'
18-Mar-2023 19:28:05.614 INFO [http-nio-9999-exec-7] org.apache.catalina.core.ApplicationContext.log Manager: init: Associated with Deployer 'Catalina:type=Deployer,host=localhost'
18-Mar-2023 19:28:05.614 INFO [http-nio-9999-exec-7] org.apache.catalina.core.ApplicationContext.log Manager: init: Global resources are available
18-Mar-2023 19:28:05.653 INFO [http-nio-9999-exec-1] org.apache.catalina.core.ApplicationContext.log Manager: list: Listing contexts for virtual host 'localhost'
18-Mar-2023 19:28:05.658 INFO [http-nio-9999-exec-2] org.apache.catalina.core.ApplicationContext.log Manager: list: Listing contexts for virtual host 'localhost'
18-Mar-2023 19:28:05.747 INFO [http-nio-9999-exec-3] org.apache.catalina.core.ApplicationContext.log Manager: restart: Reloading web application '/Q2_SP23_Test'
18-Mar-2023 19:29:14.646 INFO [http-nio-9999-exec-13] org.apache.catalina.core.ApplicationContext.log Manager: list: Listing contexts for virtual host 'localhost'
18-Mar-2023 19:29:15.811 INFO [http-nio-9999-exec-14] org.apache.catalina.core.ApplicationContext.log Manager: list: Listing contexts for virtual host 'localhost'
18-Mar-2023 19:29:20.969 INFO [http-nio-9999-exec-19] org.apache.catalina.core.ApplicationContext.log Manager: list: Listing contexts for virtual host 'localhost'
18-Mar-2023 19:29:52.024 INFO [http-nio-9999-exec-11] org.apache.catalina.core.ApplicationContext.log Manager: list: Listing contexts for virtual host 'localhost'
18-Mar-2023 19:29:52.031 INFO [http-nio-9999-exec-17] org.apache.catalina.core.ApplicationContext.log Manager: stop: Stopping web application '/Q2_SP23_Test'
18-Mar-2023 19:29:52.037 INFO [http-nio-9999-exec-12] org.apache.catalina.core.ApplicationContext.log Manager: start: Starting web application '/Q2_SP23_Test'
18-Mar-2023 19:29:52.698 INFO [http-nio-9999-exec-11] org.apache.catalina.core.ApplicationContext.log Manager: list: Listing contexts for virtual host 'localhost'
18-Mar-2023 19:29:52.707 INFO [http-nio-9999-exec-16] org.apache.catalina.core.ApplicationContext.log Manager: restart: Reloading web application '/Q2_SP23_Test'
18-Mar-2023 19:29:59.452 INFO [http-nio-9999-exec-18] org.apache.catalina.core.ApplicationContext.log Manager: list: Listing contexts for virtual host 'localhost'
18-Mar-2023 19:29:59.460 INFO [http-nio-9999-exec-12] org.apache.catalina.core.ApplicationContext.log Manager: stop: Stopping web application '/Q2_SP23_Test'
18-Mar-2023 19:29:59.466 INFO [http-nio-9999-exec-13] org.apache.catalina.core.ApplicationContext.log Manager: start: Starting web application '/Q2_SP23_Test'
18-Mar-2023 19:29:59.841 SEVERE [http-nio-9999-exec-13] org.apache.catalina.core.ApplicationContext.log Manager: Error starting [/Q2_SP23_Test]
	org.apache.catalina.LifecycleException: Failed to start component [StandardEngine[Catalina].StandardHost[localhost].StandardContext[/Q2_SP23_Test]]
		at org.apache.catalina.util.LifecycleBase.handleSubClassException(LifecycleBase.java:440)
		at org.apache.catalina.util.LifecycleBase.start(LifecycleBase.java:198)
		at org.apache.catalina.manager.ManagerServlet.start(ManagerServlet.java:1415)
		at org.apache.catalina.manager.ManagerServlet.doGet(ManagerServlet.java:380)
		at jakarta.servlet.http.HttpServlet.service(HttpServlet.java:683)
		at jakarta.servlet.http.HttpServlet.service(HttpServlet.java:792)
		at org.apache.catalina.core.ApplicationFilterChain.internalDoFilter(ApplicationFilterChain.java:223)
		at org.apache.catalina.core.ApplicationFilterChain.doFilter(ApplicationFilterChain.java:158)
		at org.apache.tomcat.websocket.server.WsFilter.doFilter(WsFilter.java:53)
		at org.apache.catalina.core.ApplicationFilterChain.internalDoFilter(ApplicationFilterChain.java:185)
		at org.apache.catalina.core.ApplicationFilterChain.doFilter(ApplicationFilterChain.java:158)
		at org.apache.catalina.filters.HttpHeaderSecurityFilter.doFilter(HttpHeaderSecurityFilter.java:126)
		at org.apache.catalina.core.ApplicationFilterChain.internalDoFilter(ApplicationFilterChain.java:185)
		at org.apache.catalina.core.ApplicationFilterChain.doFilter(ApplicationFilterChain.java:158)
		at org.apache.catalina.core.StandardWrapperValve.invoke(StandardWrapperValve.java:197)
		at org.apache.catalina.core.StandardContextValve.invoke(StandardContextValve.java:97)
		at org.apache.catalina.authenticator.AuthenticatorBase.invoke(AuthenticatorBase.java:661)
		at org.apache.catalina.valves.RequestFilterValve.process(RequestFilterValve.java:378)
		at org.apache.catalina.valves.RemoteAddrValve.invoke(RemoteAddrValve.java:56)
		at org.apache.catalina.core.StandardHostValve.invoke(StandardHostValve.java:119)
		at org.apache.catalina.valves.ErrorReportValve.invoke(ErrorReportValve.java:92)
		at org.apache.catalina.valves.AbstractAccessLogValve.invoke(AbstractAccessLogValve.java:690)
		at org.apache.catalina.core.StandardEngineValve.invoke(StandardEngineValve.java:78)
		at org.apache.catalina.connector.CoyoteAdapter.service(CoyoteAdapter.java:356)
		at org.apache.coyote.http11.Http11Processor.service(Http11Processor.java:399)
		at org.apache.coyote.AbstractProcessorLight.process(AbstractProcessorLight.java:65)
		at org.apache.coyote.AbstractProtocol$ConnectionHandler.process(AbstractProtocol.java:870)
		at org.apache.tomcat.util.net.NioEndpoint$SocketProcessor.doRun(NioEndpoint.java:1762)
		at org.apache.tomcat.util.net.SocketProcessorBase.run(SocketProcessorBase.java:49)
		at org.apache.tomcat.util.threads.ThreadPoolExecutor.runWorker(ThreadPoolExecutor.java:1191)
		at org.apache.tomcat.util.threads.ThreadPoolExecutor$Worker.run(ThreadPoolExecutor.java:659)
		at org.apache.tomcat.util.threads.TaskThread$WrappingRunnable.run(TaskThread.java:61)
		at java.lang.Thread.run(Thread.java:750)
	Caused by: java.lang.IllegalArgumentException: Servlet mapping specifies an unknown servlet name [InsertServlet]
		at org.apache.catalina.core.StandardContext.addServletMappingDecoded(StandardContext.java:3258)
		at org.apache.catalina.Context.addServletMappingDecoded(Context.java:905)
		at org.apache.catalina.startup.ContextConfig.configureContext(ContextConfig.java:1562)
		at org.apache.catalina.startup.ContextConfig.webConfig(ContextConfig.java:1329)
		at org.apache.catalina.startup.ContextConfig.configureStart(ContextConfig.java:986)
		at org.apache.catalina.startup.ContextConfig.lifecycleEvent(ContextConfig.java:303)
		at org.apache.catalina.util.LifecycleBase.fireLifecycleEvent(LifecycleBase.java:123)
		at org.apache.catalina.core.StandardContext.startInternal(StandardContext.java:5085)
		at org.apache.catalina.util.LifecycleBase.start(LifecycleBase.java:183)
		... 31 more
18-Mar-2023 19:30:00.166 INFO [http-nio-9999-exec-22] org.apache.catalina.core.ApplicationContext.log Manager: list: Listing contexts for virtual host 'localhost'
18-Mar-2023 19:30:00.169 INFO [http-nio-9999-exec-15] org.apache.catalina.core.ApplicationContext.log Manager: list: Listing contexts for virtual host 'localhost'
18-Mar-2023 19:30:00.192 INFO [http-nio-9999-exec-12] org.apache.catalina.core.ApplicationContext.log Manager: undeploy: Undeploying web application at '/Q2_SP23_Test'
18-Mar-2023 19:30:00.707 INFO [http-nio-9999-exec-23] org.apache.catalina.core.ApplicationContext.log Manager: install: Installing context configuration at 'file:/C:/Users/ADMIN/AppData/Local/Temp/context7529087746659494758.xml'
18-Mar-2023 19:30:01.053 INFO [http-nio-9999-exec-20] org.apache.catalina.core.ApplicationContext.log Manager: start: Starting web application '/Q2_SP23_Test'
18-Mar-2023 19:30:01.720 INFO [http-nio-9999-exec-22] org.apache.catalina.core.ApplicationContext.log Manager: list: Listing contexts for virtual host 'localhost'
18-Mar-2023 19:30:01.739 INFO [http-nio-9999-exec-25] org.apache.catalina.core.ApplicationContext.log Manager: list: Listing contexts for virtual host 'localhost'
18-Mar-2023 19:30:23.045 INFO [http-nio-9999-exec-22] org.apache.catalina.core.ApplicationContext.log Manager: list: Listing contexts for virtual host 'localhost'
18-Mar-2023 19:30:23.054 INFO [http-nio-9999-exec-15] org.apache.catalina.core.ApplicationContext.log Manager: stop: Stopping web application '/Q2_SP23_Test'
18-Mar-2023 19:30:23.061 INFO [http-nio-9999-exec-20] org.apache.catalina.core.ApplicationContext.log Manager: start: Starting web application '/Q2_SP23_Test'
18-Mar-2023 19:30:23.563 INFO [http-nio-9999-exec-25] org.apache.catalina.core.ApplicationContext.log Manager: list: Listing contexts for virtual host 'localhost'
18-Mar-2023 19:30:23.570 INFO [http-nio-9999-exec-22] org.apache.catalina.core.ApplicationContext.log Manager: restart: Reloading web application '/Q2_SP23_Test'
18-Mar-2023 19:31:59.060 INFO [http-nio-9999-exec-11] org.apache.catalina.core.ApplicationContext.log Manager: list: Listing contexts for virtual host 'localhost'
18-Mar-2023 19:31:59.066 INFO [http-nio-9999-exec-15] org.apache.catalina.core.ApplicationContext.log Manager: restart: Reloading web application '/Q2_SP23_Test'
18-Mar-2023 19:32:06.122 INFO [http-nio-9999-exec-24] org.apache.catalina.core.ApplicationContext.log Manager: list: Listing contexts for virtual host 'localhost'
18-Mar-2023 19:32:06.127 INFO [http-nio-9999-exec-22] org.apache.catalina.core.ApplicationContext.log Manager: restart: Reloading web application '/Q2_SP23_Test'
18-Mar-2023 19:32:12.464 INFO [http-nio-9999-exec-15] org.apache.catalina.core.ApplicationContext.log Manager: list: Listing contexts for virtual host 'localhost'
18-Mar-2023 19:32:12.470 INFO [http-nio-9999-exec-21] org.apache.catalina.core.ApplicationContext.log Manager: restart: Reloading web application '/Q2_SP23_Test'
18-Mar-2023 19:34:57.701 INFO [http-nio-9999-exec-31] org.apache.catalina.core.ApplicationContext.log Manager: list: Listing contexts for virtual host 'localhost'
18-Mar-2023 19:35:32.046 INFO [http-nio-9999-exec-40] org.apache.catalina.core.ApplicationContext.log Manager: list: Listing contexts for virtual host 'localhost'
18-Mar-2023 19:35:32.052 INFO [http-nio-9999-exec-31] org.apache.catalina.core.ApplicationContext.log Manager: restart: Reloading web application '/Q2_SP23_Test'
18-Mar-2023 19:36:19.042 INFO [http-nio-9999-exec-41] org.apache.catalina.core.ApplicationContext.log Manager: list: Listing contexts for virtual host 'localhost'
18-Mar-2023 19:36:50.918 INFO [http-nio-9999-exec-48] org.apache.catalina.core.ApplicationContext.log Manager: list: Listing contexts for virtual host 'localhost'
18-Mar-2023 19:39:32.410 INFO [http-nio-9999-exec-48] org.apache.catalina.core.ApplicationContext.log Manager: list: Listing contexts for virtual host 'localhost'
18-Mar-2023 21:22:30.906 INFO [http-nio-9999-exec-50] org.apache.catalina.core.ApplicationContext.log Manager: list: Listing contexts for virtual host 'localhost'
18-Mar-2023 21:23:09.921 INFO [http-nio-9999-exec-41] org.apache.catalina.core.ApplicationContext.log Manager: list: Listing contexts for virtual host 'localhost'
18-Mar-2023 21:23:39.569 INFO [http-nio-9999-exec-41] org.apache.catalina.core.ApplicationContext.log Manager: list: Listing contexts for virtual host 'localhost'
18-Mar-2023 21:25:35.033 INFO [http-nio-9999-exec-45] org.apache.catalina.core.ApplicationContext.log Manager: list: Listing contexts for virtual host 'localhost'
18-Mar-2023 21:25:35.040 INFO [http-nio-9999-exec-42] org.apache.catalina.core.ApplicationContext.log Manager: restart: Reloading web application '/Q2_SP23_Test'
18-Mar-2023 21:25:35.705 INFO [http-nio-9999-exec-49] org.apache.catalina.core.ApplicationContext.log Manager: list: Listing contexts for virtual host 'localhost'
18-Mar-2023 21:25:35.709 INFO [http-nio-9999-exec-47] org.apache.catalina.core.ApplicationContext.log Manager: restart: Reloading web application '/Q2_SP23_Test'
18-Mar-2023 21:26:37.759 INFO [http-nio-9999-exec-45] org.apache.catalina.core.ApplicationContext.log Manager: list: Listing contexts for virtual host 'localhost'
18-Mar-2023 21:26:37.764 INFO [http-nio-9999-exec-46] org.apache.catalina.core.ApplicationContext.log Manager: restart: Reloading web application '/Q2_SP23_Test'
18-Mar-2023 21:29:07.718 INFO [http-nio-9999-exec-48] org.apache.catalina.core.ApplicationContext.log Manager: list: Listing contexts for virtual host 'localhost'
18-Mar-2023 21:29:07.723 INFO [http-nio-9999-exec-52] org.apache.catalina.core.ApplicationContext.log Manager: restart: Reloading web application '/Q2_SP23_Test'
18-Mar-2023 21:29:08.367 INFO [http-nio-9999-exec-49] org.apache.catalina.core.ApplicationContext.log Manager: list: Listing contexts for virtual host 'localhost'
18-Mar-2023 21:29:08.370 INFO [http-nio-9999-exec-53] org.apache.catalina.core.ApplicationContext.log Manager: restart: Reloading web application '/Q2_SP23_Test'
18-Mar-2023 21:30:41.495 INFO [http-nio-9999-exec-51] org.apache.catalina.core.ApplicationContext.log Manager: list: Listing contexts for virtual host 'localhost'
18-Mar-2023 21:30:41.500 INFO [http-nio-9999-exec-52] org.apache.catalina.core.ApplicationContext.log Manager: restart: Reloading web application '/Q2_SP23_Test'
18-Mar-2023 21:31:45.579 INFO [http-nio-9999-exec-59] org.apache.catalina.core.ApplicationContext.log Manager: list: Listing contexts for virtual host 'localhost'
18-Mar-2023 21:32:06.724 INFO [http-nio-9999-exec-60] org.apache.catalina.core.ApplicationContext.log Manager: list: Listing contexts for virtual host 'localhost'
18-Mar-2023 21:32:27.516 INFO [http-nio-9999-exec-60] org.apache.catalina.core.ApplicationContext.log Manager: list: Listing contexts for virtual host 'localhost'
18-Mar-2023 21:32:53.145 INFO [http-nio-9999-exec-61] org.apache.catalina.core.ApplicationContext.log Manager: list: Listing contexts for virtual host 'localhost'
18-Mar-2023 21:35:09.086 INFO [http-nio-9999-exec-60] org.apache.catalina.core.ApplicationContext.log Manager: list: Listing contexts for virtual host 'localhost'
18-Mar-2023 21:35:09.090 INFO [http-nio-9999-exec-61] org.apache.catalina.core.ApplicationContext.log Manager: restart: Reloading web application '/Q2_SP23_Test'
18-Mar-2023 21:35:34.152 INFO [http-nio-9999-exec-67] org.apache.catalina.core.ApplicationContext.log Manager: list: Listing contexts for virtual host 'localhost'
18-Mar-2023 21:35:34.158 INFO [http-nio-9999-exec-60] org.apache.catalina.core.ApplicationContext.log Manager: restart: Reloading web application '/Q2_SP23_Test'
18-Mar-2023 21:35:34.784 INFO [http-nio-9999-exec-68] org.apache.catalina.core.ApplicationContext.log Manager: list: Listing contexts for virtual host 'localhost'
18-Mar-2023 21:35:34.788 INFO [http-nio-9999-exec-65] org.apache.catalina.core.ApplicationContext.log Manager: restart: Reloading web application '/Q2_SP23_Test'
18-Mar-2023 21:41:15.086 INFO [http-nio-9999-exec-75] org.apache.catalina.core.ApplicationContext.log Manager: list: Listing contexts for virtual host 'localhost'
18-Mar-2023 21:41:15.091 INFO [http-nio-9999-exec-74] org.apache.catalina.core.ApplicationContext.log Manager: restart: Reloading web application '/Q2_SP23_Test'
18-Mar-2023 21:42:31.340 INFO [http-nio-9999-exec-65] org.apache.catalina.core.ApplicationContext.log Manager: list: Listing contexts for virtual host 'localhost'
18-Mar-2023 21:42:31.345 INFO [http-nio-9999-exec-75] org.apache.catalina.core.ApplicationContext.log Manager: restart: Reloading web application '/Q2_SP23_Test'
18-Mar-2023 21:42:45.142 INFO [http-nio-9999-exec-78] org.apache.catalina.core.ApplicationContext.log Manager: list: Listing contexts for virtual host 'localhost'
18-Mar-2023 21:43:51.560 INFO [http-nio-9999-exec-81] org.apache.catalina.core.ApplicationContext.log Manager: list: Listing contexts for virtual host 'localhost'
18-Mar-2023 21:43:51.564 INFO [http-nio-9999-exec-73] org.apache.catalina.core.ApplicationContext.log Manager: restart: Reloading web application '/Q2_SP23_Test'
18-Mar-2023 21:46:20.659 INFO [http-nio-9999-exec-81] org.apache.catalina.core.ApplicationContext.log Manager: list: Listing contexts for virtual host 'localhost'
18-Mar-2023 21:46:20.663 INFO [http-nio-9999-exec-85] org.apache.catalina.core.ApplicationContext.log Manager: restart: Reloading web application '/Q2_SP23_Test'
18-Mar-2023 21:46:36.039 INFO [http-nio-9999-exec-81] org.apache.catalina.core.ApplicationContext.log Manager: list: Listing contexts for virtual host 'localhost'
18-Mar-2023 21:46:36.044 INFO [http-nio-9999-exec-84] org.apache.catalina.core.ApplicationContext.log Manager: restart: Reloading web application '/Q2_SP23_Test'
18-Mar-2023 22:01:19.087 INFO [http-nio-9999-exec-91] org.apache.catalina.core.ApplicationContext.log Manager: list: Listing contexts for virtual host 'localhost'
18-Mar-2023 22:01:19.106 INFO [http-nio-9999-exec-93] org.apache.catalina.core.ApplicationContext.log Manager: list: Listing contexts for virtual host 'localhost'
18-Mar-2023 22:01:19.110 INFO [http-nio-9999-exec-94] org.apache.catalina.core.ApplicationContext.log Manager: install: Installing context configuration at 'file:/C:/Users/ADMIN/AppData/Local/Temp/context1634362282870429255.xml'
18-Mar-2023 22:01:19.400 INFO [http-nio-9999-exec-95] org.apache.catalina.core.ApplicationContext.log Manager: start: Starting web application '/Q3_SP23_Test'
18-Mar-2023 22:01:46.994 INFO [http-nio-9999-exec-88] org.apache.catalina.core.ApplicationContext.log Manager: list: Listing contexts for virtual host 'localhost'
18-Mar-2023 22:01:46.998 INFO [http-nio-9999-exec-87] org.apache.catalina.core.ApplicationContext.log Manager: stop: Stopping web application '/Q3_SP23_Test'
18-Mar-2023 22:01:47.021 INFO [http-nio-9999-exec-92] org.apache.catalina.core.ApplicationContext.log Manager: start: Starting web application '/Q3_SP23_Test'
18-Mar-2023 22:01:47.686 INFO [http-nio-9999-exec-94] org.apache.catalina.core.ApplicationContext.log Manager: list: Listing contexts for virtual host 'localhost'
18-Mar-2023 22:01:47.691 INFO [http-nio-9999-exec-95] org.apache.catalina.core.ApplicationContext.log Manager: stop: Stopping web application '/Q3_SP23_Test'
18-Mar-2023 22:01:47.709 INFO [http-nio-9999-exec-92] org.apache.catalina.core.ApplicationContext.log Manager: start: Starting web application '/Q3_SP23_Test'
18-Mar-2023 22:02:06.539 INFO [http-nio-9999-exec-91] org.apache.catalina.core.ApplicationContext.log Manager: list: Listing contexts for virtual host 'localhost'
18-Mar-2023 22:02:06.543 INFO [http-nio-9999-exec-95] org.apache.catalina.core.ApplicationContext.log Manager: restart: Reloading web application '/Q3_SP23_Test'
18-Mar-2023 22:02:44.454 INFO [http-nio-9999-exec-95] org.apache.catalina.core.ApplicationContext.log Manager: list: Listing contexts for virtual host 'localhost'
18-Mar-2023 22:02:44.462 INFO [http-nio-9999-exec-98] org.apache.catalina.core.ApplicationContext.log Manager: restart: Reloading web application '/Q3_SP23_Test'
18-Mar-2023 22:02:45.103 INFO [http-nio-9999-exec-93] org.apache.catalina.core.ApplicationContext.log Manager: list: Listing contexts for virtual host 'localhost'
18-Mar-2023 22:02:45.107 INFO [http-nio-9999-exec-102] org.apache.catalina.core.ApplicationContext.log Manager: restart: Reloading web application '/Q3_SP23_Test'
18-Mar-2023 22:02:51.980 INFO [http-nio-9999-exec-93] org.apache.catalina.core.ApplicationContext.log Manager: list: Listing contexts for virtual host 'localhost'
18-Mar-2023 22:02:51.984 INFO [http-nio-9999-exec-103] org.apache.catalina.core.ApplicationContext.log Manager: restart: Reloading web application '/Q3_SP23_Test'
18-Mar-2023 22:03:07.822 INFO [http-nio-9999-exec-104] org.apache.catalina.core.ApplicationContext.log Manager: list: Listing contexts for virtual host 'localhost'
18-Mar-2023 22:03:07.826 INFO [http-nio-9999-exec-101] org.apache.catalina.core.ApplicationContext.log Manager: restart: Reloading web application '/Q3_SP23_Test'
18-Mar-2023 22:03:08.443 INFO [http-nio-9999-exec-103] org.apache.catalina.core.ApplicationContext.log Manager: list: Listing contexts for virtual host 'localhost'
18-Mar-2023 22:03:08.446 INFO [http-nio-9999-exec-91] org.apache.catalina.core.ApplicationContext.log Manager: restart: Reloading web application '/Q3_SP23_Test'
18-Mar-2023 22:03:31.888 INFO [http-nio-9999-exec-104] org.apache.catalina.core.ApplicationContext.log Manager: list: Listing contexts for virtual host 'localhost'
18-Mar-2023 22:03:31.892 INFO [http-nio-9999-exec-99] org.apache.catalina.core.ApplicationContext.log Manager: restart: Reloading web application '/Q3_SP23_Test'
18-Mar-2023 22:04:07.006 INFO [http-nio-9999-exec-101] org.apache.catalina.core.ApplicationContext.log Manager: list: Listing contexts for virtual host 'localhost'
18-Mar-2023 22:04:07.010 INFO [http-nio-9999-exec-104] org.apache.catalina.core.ApplicationContext.log Manager: restart: Reloading web application '/Q3_SP23_Test'
18-Mar-2023 22:05:02.563 INFO [http-nio-9999-exec-104] org.apache.catalina.core.ApplicationContext.log Manager: list: Listing contexts for virtual host 'localhost'
18-Mar-2023 22:06:32.338 INFO [http-nio-9999-exec-110] org.apache.catalina.core.ApplicationContext.log Manager: list: Listing contexts for virtual host 'localhost'
18-Mar-2023 22:07:11.410 INFO [http-nio-9999-exec-112] org.apache.catalina.core.ApplicationContext.log Manager: list: Listing contexts for virtual host 'localhost'
18-Mar-2023 22:07:11.414 INFO [http-nio-9999-exec-116] org.apache.catalina.core.ApplicationContext.log Manager: restart: Reloading web application '/Q3_SP23_Test'
18-Mar-2023 22:07:12.063 INFO [http-nio-9999-exec-112] org.apache.catalina.core.ApplicationContext.log Manager: list: Listing contexts for virtual host 'localhost'
18-Mar-2023 22:07:12.067 INFO [http-nio-9999-exec-111] org.apache.catalina.core.ApplicationContext.log Manager: restart: Reloading web application '/Q3_SP23_Test'
18-Mar-2023 22:11:54.609 INFO [http-nio-9999-exec-119] org.apache.catalina.core.ApplicationContext.log Manager: list: Listing contexts for virtual host 'localhost'
18-Mar-2023 22:11:54.614 INFO [http-nio-9999-exec-120] org.apache.catalina.core.ApplicationContext.log Manager: restart: Reloading web application '/Q3_SP23_Test'
18-Mar-2023 22:13:07.702 INFO [http-nio-9999-exec-118] org.apache.catalina.core.ApplicationContext.log Manager: list: Listing contexts for virtual host 'localhost'
18-Mar-2023 22:13:07.707 INFO [http-nio-9999-exec-112] org.apache.catalina.core.ApplicationContext.log Manager: restart: Reloading web application '/Q3_SP23_Test'
18-Mar-2023 22:13:08.339 INFO [http-nio-9999-exec-107] org.apache.catalina.core.ApplicationContext.log Manager: list: Listing contexts for virtual host 'localhost'
18-Mar-2023 22:13:08.343 INFO [http-nio-9999-exec-118] org.apache.catalina.core.ApplicationContext.log Manager: restart: Reloading web application '/Q3_SP23_Test'
18-Mar-2023 22:14:28.492 INFO [http-nio-9999-exec-112] org.apache.catalina.core.ApplicationContext.log Manager: list: Listing contexts for virtual host 'localhost'
18-Mar-2023 22:14:28.497 INFO [http-nio-9999-exec-115] org.apache.catalina.core.ApplicationContext.log Manager: restart: Reloading web application '/Q3_SP23_Test'
18-Mar-2023 22:15:32.835 INFO [http-nio-9999-exec-124] org.apache.catalina.core.ApplicationContext.log Manager: list: Listing contexts for virtual host 'localhost'
18-Mar-2023 22:15:32.839 INFO [http-nio-9999-exec-121] org.apache.catalina.core.ApplicationContext.log Manager: restart: Reloading web application '/Q3_SP23_Test'
18-Mar-2023 22:15:45.910 INFO [http-nio-9999-exec-127] org.apache.catalina.core.ApplicationContext.log Manager: list: Listing contexts for virtual host 'localhost'
18-Mar-2023 22:15:45.914 INFO [http-nio-9999-exec-128] org.apache.catalina.core.ApplicationContext.log Manager: restart: Reloading web application '/Q3_SP23_Test'
18-Mar-2023 22:16:08.306 INFO [http-nio-9999-exec-117] org.apache.catalina.core.ApplicationContext.log Manager: list: Listing contexts for virtual host 'localhost'
18-Mar-2023 22:16:08.310 INFO [http-nio-9999-exec-121] org.apache.catalina.core.ApplicationContext.log Manager: restart: Reloading web application '/Q3_SP23_Test'
18-Mar-2023 22:17:33.498 INFO [http-nio-9999-exec-124] org.apache.catalina.core.ApplicationContext.log Manager: list: Listing contexts for virtual host 'localhost'
18-Mar-2023 22:18:39.092 INFO [http-nio-9999-exec-131] org.apache.catalina.core.ApplicationContext.log Manager: list: Listing contexts for virtual host 'localhost'
18-Mar-2023 22:18:39.356 INFO [http-nio-9999-exec-133] org.apache.catalina.core.ApplicationContext.log Manager: list: Listing contexts for virtual host 'localhost'
18-Mar-2023 22:18:39.359 INFO [http-nio-9999-exec-121] org.apache.catalina.core.ApplicationContext.log Manager: restart: Reloading web application '/Q3_SP23_Test'
18-Mar-2023 22:19:33.316 INFO [http-nio-9999-exec-133] org.apache.catalina.core.ApplicationContext.log Manager: list: Listing contexts for virtual host 'localhost'
18-Mar-2023 22:21:56.554 INFO [http-nio-9999-exec-142] org.apache.catalina.core.ApplicationContext.log Manager: list: Listing contexts for virtual host 'localhost'
18-Mar-2023 22:21:56.556 INFO [http-nio-9999-exec-136] org.apache.catalina.core.ApplicationContext.log Manager: list: Listing contexts for virtual host 'localhost'
18-Mar-2023 22:21:56.581 INFO [http-nio-9999-exec-137] org.apache.catalina.core.ApplicationContext.log Manager: stop: Stopping web application '/Q3_SP23_Test'
18-Mar-2023 22:21:56.586 INFO [http-nio-9999-exec-141] org.apache.catalina.core.ApplicationContext.log Manager: start: Starting web application '/Q3_SP23_Test'
18-Mar-2023 22:22:23.869 INFO [http-nio-9999-exec-144] org.apache.catalina.core.ApplicationContext.log Manager: list: Listing contexts for virtual host 'localhost'
18-Mar-2023 22:22:23.874 INFO [http-nio-9999-exec-138] org.apache.catalina.core.ApplicationContext.log Manager: restart: Reloading web application '/Q3_SP23_Test'
18-Mar-2023 22:22:32.836 INFO [http-nio-9999-exec-150] org.apache.catalina.core.ApplicationContext.log Manager: list: Listing contexts for virtual host 'localhost'
18-Mar-2023 22:22:32.837 INFO [http-nio-9999-exec-151] org.apache.catalina.core.ApplicationContext.log Manager: list: Listing contexts for virtual host 'localhost'
18-Mar-2023 22:22:32.862 INFO [http-nio-9999-exec-147] org.apache.catalina.core.ApplicationContext.log Manager: restart: Reloading web application '/Q3_SP23_Test'
18-Mar-2023 22:23:09.635 INFO [http-nio-9999-exec-151] org.apache.catalina.core.ApplicationContext.log Manager: list: Listing contexts for virtual host 'localhost'
18-Mar-2023 22:23:09.640 INFO [http-nio-9999-exec-154] org.apache.catalina.core.ApplicationContext.log Manager: restart: Reloading web application '/Q3_SP23_Test'
18-Mar-2023 22:23:51.610 INFO [http-nio-9999-exec-138] org.apache.catalina.core.ApplicationContext.log Manager: list: Listing contexts for virtual host 'localhost'
18-Mar-2023 22:23:51.616 INFO [http-nio-9999-exec-147] org.apache.catalina.core.ApplicationContext.log Manager: restart: Reloading web application '/Q3_SP23_Test'
18-Mar-2023 22:23:52.353 INFO [http-nio-9999-exec-155] org.apache.catalina.core.ApplicationContext.log Manager: list: Listing contexts for virtual host 'localhost'
18-Mar-2023 22:23:52.357 INFO [http-nio-9999-exec-160] org.apache.catalina.core.ApplicationContext.log Manager: restart: Reloading web application '/Q3_SP23_Test'
18-Mar-2023 22:25:09.961 INFO [http-nio-9999-exec-163] org.apache.catalina.core.ApplicationContext.log Manager: list: Listing contexts for virtual host 'localhost'
18-Mar-2023 22:25:10.243 INFO [http-nio-9999-exec-151] org.apache.catalina.core.ApplicationContext.log Manager: list: Listing contexts for virtual host 'localhost'
18-Mar-2023 22:25:10.247 INFO [http-nio-9999-exec-153] org.apache.catalina.core.ApplicationContext.log Manager: restart: Reloading web application '/Q3_SP23_Test'
18-Mar-2023 22:31:36.435 INFO [http-nio-9999-exec-170] org.apache.catalina.core.ApplicationContext.log Manager: list: Listing contexts for virtual host 'localhost'
18-Mar-2023 22:31:36.439 INFO [http-nio-9999-exec-169] org.apache.catalina.core.ApplicationContext.log Manager: restart: Reloading web application '/Q3_SP23_Test'
18-Mar-2023 22:31:38.065 INFO [http-nio-9999-exec-174] org.apache.catalina.core.ApplicationContext.log Manager: list: Listing contexts for virtual host 'localhost'
18-Mar-2023 22:31:38.069 INFO [http-nio-9999-exec-173] org.apache.catalina.core.ApplicationContext.log Manager: restart: Reloading web application '/Q3_SP23_Test'
18-Mar-2023 22:32:29.976 INFO [http-nio-9999-exec-188] org.apache.catalina.core.ApplicationContext.log Manager: list: Listing contexts for virtual host 'localhost'
18-Mar-2023 22:32:29.980 INFO [http-nio-9999-exec-180] org.apache.catalina.core.ApplicationContext.log Manager: restart: Reloading web application '/Q3_SP23_Test'
18-Mar-2023 22:33:38.934 INFO [http-nio-9999-exec-193] org.apache.catalina.core.ApplicationContext.log Manager: list: Listing contexts for virtual host 'localhost'
18-Mar-2023 22:33:38.936 INFO [http-nio-9999-exec-196] org.apache.catalina.core.ApplicationContext.log Manager: list: Listing contexts for virtual host 'localhost'
18-Mar-2023 22:33:38.993 INFO [http-nio-9999-exec-194] org.apache.catalina.core.ApplicationContext.log Manager: undeploy: Undeploying web application at '/Assignment'
18-Mar-2023 22:33:39.532 INFO [http-nio-9999-exec-195] org.apache.catalina.core.ApplicationContext.log Manager: install: Installing context configuration at 'file:/C:/Users/ADMIN/AppData/Local/Temp/context7474657318438177840.xml'
18-Mar-2023 22:33:39.904 INFO [http-nio-9999-exec-186] org.apache.catalina.core.ApplicationContext.log Manager: start: Starting web application '/Assignment'
18-Mar-2023 22:38:56.617 INFO [http-nio-9999-exec-202] org.apache.catalina.core.ApplicationContext.log Manager: list: Listing contexts for virtual host 'localhost'
18-Mar-2023 22:38:56.620 INFO [http-nio-9999-exec-203] org.apache.catalina.core.ApplicationContext.log Manager: restart: Reloading web application '/Q3_SP23_Test'
18-Mar-2023 22:39:27.274 INFO [http-nio-9999-exec-205] org.apache.catalina.core.ApplicationContext.log Manager: list: Listing contexts for virtual host 'localhost'
18-Mar-2023 22:39:27.279 INFO [http-nio-9999-exec-208] org.apache.catalina.core.ApplicationContext.log Manager: restart: Reloading web application '/Q3_SP23_Test'
18-Mar-2023 22:40:07.576 INFO [http-nio-9999-exec-205] org.apache.catalina.core.ApplicationContext.log Manager: list: Listing contexts for virtual host 'localhost'
18-Mar-2023 22:40:07.580 INFO [http-nio-9999-exec-215] org.apache.catalina.core.ApplicationContext.log Manager: restart: Reloading web application '/Q3_SP23_Test'
18-Mar-2023 22:40:41.952 INFO [http-nio-9999-exec-214] org.apache.catalina.core.ApplicationContext.log Manager: list: Listing contexts for virtual host 'localhost'
18-Mar-2023 22:40:42.246 INFO [http-nio-9999-exec-220] org.apache.catalina.core.ApplicationContext.log Manager: list: Listing contexts for virtual host 'localhost'
18-Mar-2023 22:40:42.247 INFO [http-nio-9999-exec-221] org.apache.catalina.core.ApplicationContext.log Manager: list: Listing contexts for virtual host 'localhost'
18-Mar-2023 22:40:42.281 INFO [http-nio-9999-exec-216] org.apache.catalina.core.ApplicationContext.log Manager: undeploy: Undeploying web application at '/Assignment'
18-Mar-2023 22:40:42.794 INFO [http-nio-9999-exec-205] org.apache.catalina.core.ApplicationContext.log Manager: install: Installing context configuration at 'file:/C:/Users/ADMIN/AppData/Local/Temp/context1328310057537368462.xml'
18-Mar-2023 22:40:43.145 INFO [http-nio-9999-exec-223] org.apache.catalina.core.ApplicationContext.log Manager: start: Starting web application '/Assignment'
18-Mar-2023 22:42:07.561 INFO [http-nio-9999-exec-228] org.apache.catalina.core.ApplicationContext.log Manager: list: Listing contexts for virtual host 'localhost'
18-Mar-2023 22:42:22.876 INFO [http-nio-9999-exec-231] org.apache.catalina.core.ApplicationContext.log Manager: list: Listing contexts for virtual host 'localhost'
18-Mar-2023 22:45:26.266 INFO [http-nio-9999-exec-229] org.apache.catalina.core.ApplicationContext.log Manager: list: Listing contexts for virtual host 'localhost'
18-Mar-2023 22:46:28.324 INFO [http-nio-9999-exec-231] org.apache.catalina.core.ApplicationContext.log Manager: list: Listing contexts for virtual host 'localhost'
18-Mar-2023 22:46:45.229 INFO [http-nio-9999-exec-233] org.apache.catalina.core.ApplicationContext.log Manager: list: Listing contexts for virtual host 'localhost'
18-Mar-2023 22:47:05.824 INFO [http-nio-9999-exec-225] org.apache.catalina.core.ApplicationContext.log Manager: list: Listing contexts for virtual host 'localhost'
18-Mar-2023 22:47:05.825 INFO [http-nio-9999-exec-232] org.apache.catalina.core.ApplicationContext.log Manager: list: Listing contexts for virtual host 'localhost'
18-Mar-2023 22:47:05.850 INFO [http-nio-9999-exec-227] org.apache.catalina.core.ApplicationContext.log Manager: restart: Reloading web application '/Q3_SP23_Test'
18-Mar-2023 22:48:29.375 INFO [http-nio-9999-exec-241] org.apache.catalina.core.ApplicationContext.log Manager: list: Listing contexts for virtual host 'localhost'
18-Mar-2023 22:48:35.710 INFO [http-nio-9999-exec-236] org.apache.catalina.core.ApplicationContext.log Manager: list: Listing contexts for virtual host 'localhost'
18-Mar-2023 22:48:35.711 INFO [http-nio-9999-exec-237] org.apache.catalina.core.ApplicationContext.log Manager: list: Listing contexts for virtual host 'localhost'
18-Mar-2023 22:48:55.791 INFO [http-nio-9999-exec-235] org.apache.catalina.core.ApplicationContext.log Manager: list: Listing contexts for virtual host 'localhost'
18-Mar-2023 22:48:55.792 INFO [http-nio-9999-exec-236] org.apache.catalina.core.ApplicationContext.log Manager: list: Listing contexts for virtual host 'localhost'
18-Mar-2023 22:49:19.368 INFO [http-nio-9999-exec-239] org.apache.catalina.core.ApplicationContext.log Manager: list: Listing contexts for virtual host 'localhost'
18-Mar-2023 22:51:16.253 INFO [http-nio-9999-exec-237] org.apache.catalina.core.ApplicationContext.log Manager: list: Listing contexts for virtual host 'localhost'
18-Mar-2023 22:51:16.256 INFO [http-nio-9999-exec-236] org.apache.catalina.core.ApplicationContext.log Manager: list: Listing contexts for virtual host 'localhost'
18-Mar-2023 22:51:16.319 INFO [http-nio-9999-exec-238] org.apache.catalina.core.ApplicationContext.log Manager: undeploy: Undeploying web application at '/Assignment'
18-Mar-2023 22:51:16.852 INFO [http-nio-9999-exec-234] org.apache.catalina.core.ApplicationContext.log Manager: install: Installing context configuration at 'file:/C:/Users/ADMIN/AppData/Local/Temp/context7150862312590321419.xml'
18-Mar-2023 22:51:17.205 INFO [http-nio-9999-exec-241] org.apache.catalina.core.ApplicationContext.log Manager: start: Starting web application '/Assignment'
18-Mar-2023 22:54:01.009 INFO [http-nio-9999-exec-244] org.apache.catalina.core.ApplicationContext.log Manager: list: Listing contexts for virtual host 'localhost'
18-Mar-2023 23:46:00.977 INFO [http-nio-9999-exec-7] org.apache.catalina.core.ApplicationContext.log Manager: init: Associated with Deployer 'Catalina:type=Deployer,host=localhost'
18-Mar-2023 23:46:00.977 INFO [http-nio-9999-exec-7] org.apache.catalina.core.ApplicationContext.log Manager: init: Global resources are available
18-Mar-2023 23:46:01.009 INFO [http-nio-9999-exec-2] org.apache.catalina.core.ApplicationContext.log Manager: list: Listing contexts for virtual host 'localhost'
18-Mar-2023 23:46:01.014 INFO [http-nio-9999-exec-3] org.apache.catalina.core.ApplicationContext.log Manager: list: Listing contexts for virtual host 'localhost'
18-Mar-2023 23:46:01.087 INFO [http-nio-9999-exec-1] org.apache.catalina.core.ApplicationContext.log Manager: stop: Stopping web application '/Q2_SP23_Test'
18-Mar-2023 23:46:01.100 INFO [http-nio-9999-exec-7] org.apache.catalina.core.ApplicationContext.log Manager: start: Starting web application '/Q2_SP23_Test'
