10-Mar-2023 15:42:09.468 INFO [http-nio-9999-exec-6] org.apache.catalina.core.ApplicationContext.log Manager: init: Associated with Deployer 'Catalina:type=Deployer,host=localhost'
10-Mar-2023 15:42:09.468 INFO [http-nio-9999-exec-6] org.apache.catalina.core.ApplicationContext.log Manager: init: Global resources are available
10-Mar-2023 15:42:09.509 INFO [http-nio-9999-exec-7] org.apache.catalina.core.ApplicationContext.log Manager: list: Listing contexts for virtual host 'localhost'
10-Mar-2023 15:42:09.546 INFO [http-nio-9999-exec-9] org.apache.catalina.core.ApplicationContext.log Manager: list: Listing contexts for virtual host 'localhost'
10-Mar-2023 15:42:09.559 INFO [http-nio-9999-exec-10] org.apache.catalina.core.ApplicationContext.log Manager: install: Installing context configuration at 'file:/C:/Users/ADMIN/AppData/Local/Temp/context7536312448966904649.xml'
10-Mar-2023 15:42:09.599 INFO [http-nio-9999-exec-3] org.apache.catalina.core.ApplicationContext.log Manager: start: Starting web application '/Q1_HE163935'
10-Mar-2023 15:42:47.328 INFO [http-nio-9999-exec-5] org.apache.catalina.core.ApplicationContext.log Manager: list: Listing contexts for virtual host 'localhost'
10-Mar-2023 15:43:23.698 INFO [http-nio-9999-exec-1] org.apache.catalina.core.ApplicationContext.log Manager: list: Listing contexts for virtual host 'localhost'
10-Mar-2023 15:51:12.023 INFO [http-nio-9999-exec-6] org.apache.catalina.core.ApplicationContext.log Manager: list: Listing contexts for virtual host 'localhost'
10-Mar-2023 15:51:12.032 INFO [http-nio-9999-exec-7] org.apache.catalina.core.ApplicationContext.log Manager: stop: Stopping web application '/Q1_HE163935'
10-Mar-2023 15:51:12.043 INFO [http-nio-9999-exec-2] org.apache.catalina.core.ApplicationContext.log Manager: start: Starting web application '/Q1_HE163935'
10-Mar-2023 15:51:12.398 INFO [http-nio-9999-exec-3] org.apache.catalina.core.ApplicationContext.log Manager: list: Listing contexts for virtual host 'localhost'
10-Mar-2023 15:51:12.405 INFO [http-nio-9999-exec-4] org.apache.catalina.core.ApplicationContext.log Manager: stop: Stopping web application '/Q1_HE163935'
10-Mar-2023 15:51:12.410 INFO [http-nio-9999-exec-8] org.apache.catalina.core.ApplicationContext.log Manager: start: Starting web application '/Q1_HE163935'
10-Mar-2023 15:51:13.869 INFO [http-nio-9999-exec-9] org.apache.catalina.core.ApplicationContext.log Manager: list: Listing contexts for virtual host 'localhost'
10-Mar-2023 15:51:13.876 INFO [http-nio-9999-exec-3] org.apache.catalina.core.ApplicationContext.log Manager: restart: Reloading web application '/Q1_HE163935'
10-Mar-2023 15:53:49.540 INFO [http-nio-9999-exec-15] org.apache.catalina.core.ApplicationContext.log Manager: list: Listing contexts for virtual host 'localhost'
10-Mar-2023 15:53:49.545 INFO [http-nio-9999-exec-12] org.apache.catalina.core.ApplicationContext.log Manager: restart: Reloading web application '/Q1_HE163935'
10-Mar-2023 15:54:51.928 INFO [http-nio-9999-exec-19] org.apache.catalina.core.ApplicationContext.log Manager: list: Listing contexts for virtual host 'localhost'
10-Mar-2023 15:54:51.933 INFO [http-nio-9999-exec-4] org.apache.catalina.core.ApplicationContext.log Manager: restart: Reloading web application '/Q1_HE163935'
10-Mar-2023 15:58:54.616 INFO [http-nio-9999-exec-23] org.apache.catalina.core.ApplicationContext.log Manager: list: Listing contexts for virtual host 'localhost'
10-Mar-2023 15:58:54.634 INFO [http-nio-9999-exec-24] org.apache.catalina.core.ApplicationContext.log Manager: list: Listing contexts for virtual host 'localhost'
10-Mar-2023 15:58:54.639 INFO [http-nio-9999-exec-25] org.apache.catalina.core.ApplicationContext.log Manager: install: Installing context configuration at 'file:/C:/Users/ADMIN/AppData/Local/Temp/context8159601031504673686.xml'
10-Mar-2023 15:58:55.075 INFO [http-nio-9999-exec-26] org.apache.catalina.core.ApplicationContext.log Manager: start: Starting web application '/Q2_HE163935'
10-Mar-2023 16:01:38.135 INFO [http-nio-9999-exec-29] org.apache.catalina.core.ApplicationContext.log Manager: list: Listing contexts for virtual host 'localhost'
10-Mar-2023 16:02:40.641 INFO [http-nio-9999-exec-24] org.apache.catalina.core.ApplicationContext.log Manager: list: Listing contexts for virtual host 'localhost'
10-Mar-2023 16:02:40.648 INFO [http-nio-9999-exec-25] org.apache.catalina.core.ApplicationContext.log Manager: restart: Reloading web application '/Q2_HE163935'
10-Mar-2023 16:02:41.386 INFO [http-nio-9999-exec-23] org.apache.catalina.core.ApplicationContext.log Manager: list: Listing contexts for virtual host 'localhost'
10-Mar-2023 16:02:41.391 INFO [http-nio-9999-exec-28] org.apache.catalina.core.ApplicationContext.log Manager: restart: Reloading web application '/Q2_HE163935'
10-Mar-2023 16:03:20.707 INFO [http-nio-9999-exec-21] org.apache.catalina.core.ApplicationContext.log Manager: list: Listing contexts for virtual host 'localhost'
10-Mar-2023 16:03:20.712 INFO [http-nio-9999-exec-26] org.apache.catalina.core.ApplicationContext.log Manager: restart: Reloading web application '/Q2_HE163935'
10-Mar-2023 16:03:31.202 INFO [http-nio-9999-exec-27] org.apache.catalina.core.ApplicationContext.log Manager: list: Listing contexts for virtual host 'localhost'
10-Mar-2023 16:03:31.207 INFO [http-nio-9999-exec-28] org.apache.catalina.core.ApplicationContext.log Manager: restart: Reloading web application '/Q2_HE163935'
10-Mar-2023 16:03:31.972 INFO [http-nio-9999-exec-22] org.apache.catalina.core.ApplicationContext.log Manager: list: Listing contexts for virtual host 'localhost'
10-Mar-2023 16:03:31.978 INFO [http-nio-9999-exec-24] org.apache.catalina.core.ApplicationContext.log Manager: restart: Reloading web application '/Q2_HE163935'
10-Mar-2023 16:03:40.165 INFO [http-nio-9999-exec-26] org.apache.catalina.core.ApplicationContext.log Manager: list: Listing contexts for virtual host 'localhost'
10-Mar-2023 16:03:40.171 INFO [http-nio-9999-exec-28] org.apache.catalina.core.ApplicationContext.log Manager: restart: Reloading web application '/Q2_HE163935'
10-Mar-2023 16:04:03.651 INFO [http-nio-9999-exec-35] org.apache.catalina.core.ApplicationContext.log Manager: list: Listing contexts for virtual host 'localhost'
10-Mar-2023 16:04:03.656 INFO [http-nio-9999-exec-34] org.apache.catalina.core.ApplicationContext.log Manager: restart: Reloading web application '/Q2_HE163935'
10-Mar-2023 16:04:29.181 INFO [http-nio-9999-exec-36] org.apache.catalina.core.ApplicationContext.log Manager: list: Listing contexts for virtual host 'localhost'
10-Mar-2023 16:04:29.189 INFO [http-nio-9999-exec-22] org.apache.catalina.core.ApplicationContext.log Manager: stop: Stopping web application '/Q2_HE163935'
10-Mar-2023 16:04:29.196 INFO [http-nio-9999-exec-35] org.apache.catalina.core.ApplicationContext.log Manager: start: Starting web application '/Q2_HE163935'
10-Mar-2023 16:04:29.980 INFO [http-nio-9999-exec-36] org.apache.catalina.core.ApplicationContext.log Manager: list: Listing contexts for virtual host 'localhost'
10-Mar-2023 16:04:29.987 INFO [http-nio-9999-exec-20] org.apache.catalina.core.ApplicationContext.log Manager: stop: Stopping web application '/Q2_HE163935'
10-Mar-2023 16:04:29.991 INFO [http-nio-9999-exec-36] org.apache.catalina.core.ApplicationContext.log Manager: start: Starting web application '/Q2_HE163935'
10-Mar-2023 16:06:16.839 INFO [http-nio-9999-exec-37] org.apache.catalina.core.ApplicationContext.log Manager: list: Listing contexts for virtual host 'localhost'
10-Mar-2023 16:06:16.846 INFO [http-nio-9999-exec-22] org.apache.catalina.core.ApplicationContext.log Manager: restart: Reloading web application '/Q2_HE163935'
10-Mar-2023 16:07:47.749 INFO [http-nio-9999-exec-34] org.apache.catalina.core.ApplicationContext.log Manager: list: Listing contexts for virtual host 'localhost'
10-Mar-2023 16:07:47.755 INFO [http-nio-9999-exec-33] org.apache.catalina.core.ApplicationContext.log Manager: restart: Reloading web application '/Q2_HE163935'
10-Mar-2023 16:07:51.888 INFO [http-nio-9999-exec-41] org.apache.catalina.core.ApplicationContext.log Manager: list: Listing contexts for virtual host 'localhost'
10-Mar-2023 16:07:51.893 INFO [http-nio-9999-exec-40] org.apache.catalina.core.ApplicationContext.log Manager: restart: Reloading web application '/Q2_HE163935'
10-Mar-2023 16:07:57.540 INFO [http-nio-9999-exec-41] org.apache.catalina.core.ApplicationContext.log Manager: list: Listing contexts for virtual host 'localhost'
10-Mar-2023 16:07:57.545 INFO [http-nio-9999-exec-26] org.apache.catalina.core.ApplicationContext.log Manager: restart: Reloading web application '/Q2_HE163935'
10-Mar-2023 16:07:57.655 INFO [http-nio-9999-exec-42] org.apache.catalina.core.ApplicationContext.log Manager: list: Listing contexts for virtual host 'localhost'
10-Mar-2023 16:07:57.658 INFO [http-nio-9999-exec-41] org.apache.catalina.core.ApplicationContext.log Manager: list: Listing contexts for virtual host 'localhost'
10-Mar-2023 16:07:57.917 INFO [http-nio-9999-exec-39] org.apache.catalina.core.ApplicationContext.log Manager: stop: Stopping web application '/Q2_HE163935'
10-Mar-2023 16:07:57.923 INFO [http-nio-9999-exec-20] org.apache.catalina.core.ApplicationContext.log Manager: start: Starting web application '/Q2_HE163935'
10-Mar-2023 16:08:24.661 INFO [http-nio-9999-exec-21] org.apache.catalina.core.ApplicationContext.log Manager: list: Listing contexts for virtual host 'localhost'
10-Mar-2023 16:08:31.391 INFO [http-nio-9999-exec-47] org.apache.catalina.core.ApplicationContext.log Manager: list: Listing contexts for virtual host 'localhost'
10-Mar-2023 16:08:37.800 INFO [http-nio-9999-exec-40] org.apache.catalina.core.ApplicationContext.log Manager: list: Listing contexts for virtual host 'localhost'
10-Mar-2023 16:10:47.500 INFO [http-nio-9999-exec-45] org.apache.catalina.core.ApplicationContext.log Manager: list: Listing contexts for virtual host 'localhost'
10-Mar-2023 16:11:39.877 INFO [http-nio-9999-exec-51] org.apache.catalina.core.ApplicationContext.log Manager: list: Listing contexts for virtual host 'localhost'
10-Mar-2023 16:15:01.170 INFO [http-nio-9999-exec-52] org.apache.catalina.core.ApplicationContext.log Manager: list: Listing contexts for virtual host 'localhost'
10-Mar-2023 16:15:01.176 INFO [http-nio-9999-exec-53] org.apache.catalina.core.ApplicationContext.log Manager: restart: Reloading web application '/Q2_HE163935'
10-Mar-2023 16:15:27.578 INFO [http-nio-9999-exec-59] org.apache.catalina.core.ApplicationContext.log Manager: list: Listing contexts for virtual host 'localhost'
10-Mar-2023 16:16:39.993 INFO [http-nio-9999-exec-56] org.apache.catalina.core.ApplicationContext.log Manager: list: Listing contexts for virtual host 'localhost'
10-Mar-2023 16:17:19.965 INFO [http-nio-9999-exec-60] org.apache.catalina.core.ApplicationContext.log Manager: list: Listing contexts for virtual host 'localhost'
10-Mar-2023 16:17:38.533 INFO [http-nio-9999-exec-58] org.apache.catalina.core.ApplicationContext.log Manager: list: Listing contexts for virtual host 'localhost'
10-Mar-2023 16:17:58.199 INFO [http-nio-9999-exec-56] org.apache.catalina.core.ApplicationContext.log Manager: list: Listing contexts for virtual host 'localhost'
10-Mar-2023 16:17:58.202 INFO [http-nio-9999-exec-57] org.apache.catalina.core.ApplicationContext.log Manager: list: Listing contexts for virtual host 'localhost'
10-Mar-2023 16:17:58.230 INFO [http-nio-9999-exec-63] org.apache.catalina.core.ApplicationContext.log Manager: restart: Reloading web application '/Q2_HE163935'
10-Mar-2023 16:18:26.834 INFO [http-nio-9999-exec-56] org.apache.catalina.core.ApplicationContext.log Manager: list: Listing contexts for virtual host 'localhost'
10-Mar-2023 16:18:55.398 INFO [http-nio-9999-exec-67] org.apache.catalina.core.ApplicationContext.log Manager: list: Listing contexts for virtual host 'localhost'
10-Mar-2023 16:18:55.403 INFO [http-nio-9999-exec-68] org.apache.catalina.core.ApplicationContext.log Manager: restart: Reloading web application '/Q2_HE163935'
10-Mar-2023 16:31:32.656 INFO [http-nio-9999-exec-76] org.apache.catalina.core.ApplicationContext.log Manager: list: Listing contexts for virtual host 'localhost'
10-Mar-2023 16:49:25.276 INFO [http-nio-9999-exec-73] org.apache.catalina.core.ApplicationContext.log Manager: list: Listing contexts for virtual host 'localhost'
10-Mar-2023 16:49:25.299 INFO [http-nio-9999-exec-79] org.apache.catalina.core.ApplicationContext.log Manager: list: Listing contexts for virtual host 'localhost'
10-Mar-2023 16:49:25.311 INFO [http-nio-9999-exec-78] org.apache.catalina.core.ApplicationContext.log Manager: install: Installing context configuration at 'file:/C:/Users/ADMIN/AppData/Local/Temp/context1768637029029341119.xml'
10-Mar-2023 16:49:25.699 INFO [http-nio-9999-exec-74] org.apache.catalina.core.ApplicationContext.log Manager: start: Starting web application '/Q3_HE163935'
10-Mar-2023 16:52:38.889 INFO [http-nio-9999-exec-79] org.apache.catalina.core.ApplicationContext.log Manager: list: Listing contexts for virtual host 'localhost'
10-Mar-2023 16:52:38.903 INFO [http-nio-9999-exec-73] org.apache.catalina.core.ApplicationContext.log Manager: restart: Reloading web application '/Q3_HE163935'
10-Mar-2023 16:52:39.653 INFO [http-nio-9999-exec-71] org.apache.catalina.core.ApplicationContext.log Manager: list: Listing contexts for virtual host 'localhost'
10-Mar-2023 16:52:39.659 INFO [http-nio-9999-exec-72] org.apache.catalina.core.ApplicationContext.log Manager: restart: Reloading web application '/Q3_HE163935'
10-Mar-2023 16:52:45.922 INFO [http-nio-9999-exec-76] org.apache.catalina.core.ApplicationContext.log Manager: list: Listing contexts for virtual host 'localhost'
10-Mar-2023 16:52:45.930 INFO [http-nio-9999-exec-78] org.apache.catalina.core.ApplicationContext.log Manager: restart: Reloading web application '/Q3_HE163935'
10-Mar-2023 16:52:46.628 INFO [http-nio-9999-exec-79] org.apache.catalina.core.ApplicationContext.log Manager: list: Listing contexts for virtual host 'localhost'
10-Mar-2023 16:52:46.634 INFO [http-nio-9999-exec-80] org.apache.catalina.core.ApplicationContext.log Manager: restart: Reloading web application '/Q3_HE163935'
10-Mar-2023 16:53:18.321 INFO [http-nio-9999-exec-75] org.apache.catalina.core.ApplicationContext.log Manager: list: Listing contexts for virtual host 'localhost'
10-Mar-2023 16:53:18.327 INFO [http-nio-9999-exec-78] org.apache.catalina.core.ApplicationContext.log Manager: restart: Reloading web application '/Q3_HE163935'
10-Mar-2023 16:53:39.239 INFO [http-nio-9999-exec-72] org.apache.catalina.core.ApplicationContext.log Manager: list: Listing contexts for virtual host 'localhost'
10-Mar-2023 16:53:39.244 INFO [http-nio-9999-exec-81] org.apache.catalina.core.ApplicationContext.log Manager: restart: Reloading web application '/Q3_HE163935'
10-Mar-2023 16:53:58.937 INFO [http-nio-9999-exec-72] org.apache.catalina.core.ApplicationContext.log Manager: list: Listing contexts for virtual host 'localhost'
10-Mar-2023 16:53:58.943 INFO [http-nio-9999-exec-78] org.apache.catalina.core.ApplicationContext.log Manager: restart: Reloading web application '/Q3_HE163935'
10-Mar-2023 16:55:07.897 INFO [http-nio-9999-exec-72] org.apache.catalina.core.ApplicationContext.log Manager: list: Listing contexts for virtual host 'localhost'
10-Mar-2023 16:55:07.903 INFO [http-nio-9999-exec-76] org.apache.catalina.core.ApplicationContext.log Manager: restart: Reloading web application '/Q3_HE163935'
10-Mar-2023 16:55:41.394 INFO [http-nio-9999-exec-72] org.apache.catalina.core.ApplicationContext.log Manager: list: Listing contexts for virtual host 'localhost'
10-Mar-2023 16:55:41.400 INFO [http-nio-9999-exec-78] org.apache.catalina.core.ApplicationContext.log Manager: restart: Reloading web application '/Q3_HE163935'
10-Mar-2023 16:55:42.164 INFO [http-nio-9999-exec-85] org.apache.catalina.core.ApplicationContext.log Manager: list: Listing contexts for virtual host 'localhost'
10-Mar-2023 16:55:42.169 INFO [http-nio-9999-exec-88] org.apache.catalina.core.ApplicationContext.log Manager: restart: Reloading web application '/Q3_HE163935'
10-Mar-2023 16:55:58.298 INFO [http-nio-9999-exec-72] org.apache.catalina.core.ApplicationContext.log Manager: list: Listing contexts for virtual host 'localhost'
10-Mar-2023 16:55:58.627 INFO [http-nio-9999-exec-89] org.apache.catalina.core.ApplicationContext.log Manager: list: Listing contexts for virtual host 'localhost'
10-Mar-2023 17:03:22.359 INFO [http-nio-9999-exec-94] org.apache.catalina.core.ApplicationContext.log Manager: list: Listing contexts for virtual host 'localhost'
10-Mar-2023 17:03:22.380 INFO [http-nio-9999-exec-93] org.apache.catalina.core.ApplicationContext.log Manager: stop: Stopping web application '/Q3_HE163935'
10-Mar-2023 17:03:22.388 INFO [http-nio-9999-exec-94] org.apache.catalina.core.ApplicationContext.log Manager: start: Starting web application '/Q3_HE163935'
10-Mar-2023 17:03:24.012 INFO [http-nio-9999-exec-96] org.apache.catalina.core.ApplicationContext.log Manager: list: Listing contexts for virtual host 'localhost'
10-Mar-2023 17:03:24.019 INFO [http-nio-9999-exec-92] org.apache.catalina.core.ApplicationContext.log Manager: restart: Reloading web application '/Q3_HE163935'
10-Mar-2023 17:03:49.982 INFO [http-nio-9999-exec-99] org.apache.catalina.core.ApplicationContext.log Manager: list: Listing contexts for virtual host 'localhost'
10-Mar-2023 17:03:49.991 INFO [http-nio-9999-exec-97] org.apache.catalina.core.ApplicationContext.log Manager: restart: Reloading web application '/Q3_HE163935'
10-Mar-2023 17:03:50.722 INFO [http-nio-9999-exec-98] org.apache.catalina.core.ApplicationContext.log Manager: list: Listing contexts for virtual host 'localhost'
10-Mar-2023 17:03:50.727 INFO [http-nio-9999-exec-99] org.apache.catalina.core.ApplicationContext.log Manager: restart: Reloading web application '/Q3_HE163935'
10-Mar-2023 17:03:57.650 INFO [http-nio-9999-exec-100] org.apache.catalina.core.ApplicationContext.log Manager: list: Listing contexts for virtual host 'localhost'
10-Mar-2023 17:03:57.674 INFO [http-nio-9999-exec-101] org.apache.catalina.core.ApplicationContext.log Manager: list: Listing contexts for virtual host 'localhost'
10-Mar-2023 17:04:03.793 INFO [http-nio-9999-exec-100] org.apache.catalina.core.ApplicationContext.log Manager: list: Listing contexts for virtual host 'localhost'
10-Mar-2023 17:04:03.802 INFO [http-nio-9999-exec-103] org.apache.catalina.core.ApplicationContext.log Manager: stop: Stopping web application '/Q3_HE163935'
10-Mar-2023 17:04:03.809 INFO [http-nio-9999-exec-97] org.apache.catalina.core.ApplicationContext.log Manager: start: Starting web application '/Q3_HE163935'
10-Mar-2023 17:04:04.764 INFO [http-nio-9999-exec-92] org.apache.catalina.core.ApplicationContext.log Manager: list: Listing contexts for virtual host 'localhost'
10-Mar-2023 17:04:04.773 INFO [http-nio-9999-exec-102] org.apache.catalina.core.ApplicationContext.log Manager: restart: Reloading web application '/Q3_HE163935'
10-Mar-2023 17:05:24.180 INFO [http-nio-9999-exec-97] org.apache.catalina.core.ApplicationContext.log Manager: list: Listing contexts for virtual host 'localhost'
10-Mar-2023 17:05:24.185 INFO [http-nio-9999-exec-94] org.apache.catalina.core.ApplicationContext.log Manager: restart: Reloading web application '/Q3_HE163935'
10-Mar-2023 17:05:24.910 INFO [http-nio-9999-exec-96] org.apache.catalina.core.ApplicationContext.log Manager: list: Listing contexts for virtual host 'localhost'
10-Mar-2023 17:05:24.915 INFO [http-nio-9999-exec-90] org.apache.catalina.core.ApplicationContext.log Manager: restart: Reloading web application '/Q3_HE163935'
10-Mar-2023 17:05:56.974 INFO [http-nio-9999-exec-93] org.apache.catalina.core.ApplicationContext.log Manager: list: Listing contexts for virtual host 'localhost'
10-Mar-2023 17:06:03.857 INFO [http-nio-9999-exec-103] org.apache.catalina.core.ApplicationContext.log Manager: list: Listing contexts for virtual host 'localhost'
10-Mar-2023 17:06:03.860 INFO [http-nio-9999-exec-101] org.apache.catalina.core.ApplicationContext.log Manager: list: Listing contexts for virtual host 'localhost'
10-Mar-2023 17:06:03.895 INFO [http-nio-9999-exec-107] org.apache.catalina.core.ApplicationContext.log Manager: stop: Stopping web application '/Q3_HE163935'
10-Mar-2023 17:06:03.902 INFO [http-nio-9999-exec-108] org.apache.catalina.core.ApplicationContext.log Manager: start: Starting web application '/Q3_HE163935'
10-Mar-2023 17:06:49.360 INFO [http-nio-9999-exec-114] org.apache.catalina.core.ApplicationContext.log Manager: list: Listing contexts for virtual host 'localhost'
10-Mar-2023 17:06:49.366 INFO [http-nio-9999-exec-118] org.apache.catalina.core.ApplicationContext.log Manager: restart: Reloading web application '/Q3_HE163935'
10-Mar-2023 17:20:11.557 INFO [http-nio-9999-exec-127] org.apache.catalina.core.ApplicationContext.log Manager: list: Listing contexts for virtual host 'localhost'
10-Mar-2023 17:20:11.581 INFO [http-nio-9999-exec-128] org.apache.catalina.core.ApplicationContext.log Manager: undeploy: Undeploying web application at '/Q1_HE163935'
10-Mar-2023 17:20:17.356 INFO [http-nio-9999-exec-122] org.apache.catalina.core.ApplicationContext.log Manager: list: Listing contexts for virtual host 'localhost'
10-Mar-2023 17:20:17.372 INFO [http-nio-9999-exec-129] org.apache.catalina.core.ApplicationContext.log Manager: undeploy: Undeploying web application at '/Q2_HE163935'
10-Mar-2023 17:20:20.560 INFO [http-nio-9999-exec-121] org.apache.catalina.core.ApplicationContext.log Manager: list: Listing contexts for virtual host 'localhost'
10-Mar-2023 17:20:20.568 INFO [http-nio-9999-exec-129] org.apache.catalina.core.ApplicationContext.log Manager: undeploy: Undeploying web application at '/Q3_HE163935'
10-Mar-2023 17:24:43.069 INFO [http-nio-9999-exec-136] org.apache.catalina.core.ApplicationContext.log Manager: list: Listing contexts for virtual host 'localhost'
10-Mar-2023 17:24:46.763 INFO [http-nio-9999-exec-123] org.apache.catalina.core.ApplicationContext.log Manager: list: Listing contexts for virtual host 'localhost'
10-Mar-2023 17:24:50.242 INFO [http-nio-9999-exec-131] org.apache.catalina.core.ApplicationContext.log Manager: list: Listing contexts for virtual host 'localhost'
10-Mar-2023 17:35:14.766 INFO [http-nio-9999-exec-132] org.apache.catalina.core.ApplicationContext.log Manager: list: Listing contexts for virtual host 'localhost'
10-Mar-2023 17:35:14.769 INFO [http-nio-9999-exec-139] org.apache.catalina.core.ApplicationContext.log Manager: list: Listing contexts for virtual host 'localhost'
10-Mar-2023 22:41:34.101 INFO [http-nio-9999-exec-6] org.apache.catalina.core.ApplicationContext.log Manager: init: Associated with Deployer 'Catalina:type=Deployer,host=localhost'
10-Mar-2023 22:41:34.101 INFO [http-nio-9999-exec-6] org.apache.catalina.core.ApplicationContext.log Manager: init: Global resources are available
10-Mar-2023 22:41:34.133 INFO [http-nio-9999-exec-9] org.apache.catalina.core.ApplicationContext.log Manager: list: Listing contexts for virtual host 'localhost'
10-Mar-2023 22:41:34.138 INFO [http-nio-9999-exec-10] org.apache.catalina.core.ApplicationContext.log Manager: list: Listing contexts for virtual host 'localhost'
