26-May-2023 00:09:53.809 INFO [http-nio-9999-exec-356] org.apache.catalina.core.ApplicationContext.log Manager: list: Listing contexts for virtual host 'localhost'
26-May-2023 00:09:53.813 INFO [http-nio-9999-exec-357] org.apache.catalina.core.ApplicationContext.log Manager: restart: Reloading web application '/F8_Group6'
26-May-2023 00:10:03.654 INFO [http-nio-9999-exec-358] org.apache.catalina.core.ApplicationContext.log Manager: list: Listing contexts for virtual host 'localhost'
26-May-2023 00:10:03.659 INFO [http-nio-9999-exec-363] org.apache.catalina.core.ApplicationContext.log Manager: restart: Reloading web application '/F8_Group6'
26-May-2023 00:10:47.803 INFO [http-nio-9999-exec-364] org.apache.catalina.core.ApplicationContext.log Manager: list: Listing contexts for virtual host 'localhost'
26-May-2023 00:10:51.794 INFO [http-nio-9999-exec-358] org.apache.catalina.core.ApplicationContext.log Manager: list: Listing contexts for virtual host 'localhost'
26-May-2023 00:10:59.222 INFO [http-nio-9999-exec-362] org.apache.catalina.core.ApplicationContext.log Manager: list: Listing contexts for virtual host 'localhost'
26-May-2023 00:10:59.228 INFO [http-nio-9999-exec-368] org.apache.catalina.core.ApplicationContext.log Manager: restart: Reloading web application '/F8_Group6'
26-May-2023 00:11:22.953 INFO [http-nio-9999-exec-369] org.apache.catalina.core.ApplicationContext.log Manager: list: Listing contexts for virtual host 'localhost'
26-May-2023 00:18:42.590 INFO [http-nio-9999-exec-372] org.apache.catalina.core.ApplicationContext.log Manager: list: Listing contexts for virtual host 'localhost'
26-May-2023 00:18:42.595 INFO [http-nio-9999-exec-373] org.apache.catalina.core.ApplicationContext.log Manager: restart: Reloading web application '/F8_Group6'
26-May-2023 00:20:10.435 INFO [http-nio-9999-exec-371] org.apache.catalina.core.ApplicationContext.log Manager: list: Listing contexts for virtual host 'localhost'
26-May-2023 00:20:10.440 INFO [http-nio-9999-exec-379] org.apache.catalina.core.ApplicationContext.log Manager: restart: Reloading web application '/F8_Group6'
26-May-2023 00:20:26.739 INFO [http-nio-9999-exec-376] org.apache.catalina.core.ApplicationContext.log Manager: list: Listing contexts for virtual host 'localhost'
26-May-2023 00:20:26.744 INFO [http-nio-9999-exec-380] org.apache.catalina.core.ApplicationContext.log Manager: restart: Reloading web application '/F8_Group6'
26-May-2023 00:20:54.883 INFO [http-nio-9999-exec-382] org.apache.catalina.core.ApplicationContext.log Manager: list: Listing contexts for virtual host 'localhost'
26-May-2023 00:20:54.888 INFO [http-nio-9999-exec-371] org.apache.catalina.core.ApplicationContext.log Manager: restart: Reloading web application '/F8_Group6'
26-May-2023 00:21:55.896 INFO [http-nio-9999-exec-379] org.apache.catalina.core.ApplicationContext.log Manager: list: Listing contexts for virtual host 'localhost'
26-May-2023 00:21:55.901 INFO [http-nio-9999-exec-382] org.apache.catalina.core.ApplicationContext.log Manager: restart: Reloading web application '/F8_Group6'
26-May-2023 00:29:19.417 INFO [http-nio-9999-exec-386] org.apache.catalina.core.ApplicationContext.log Manager: list: Listing contexts for virtual host 'localhost'
26-May-2023 00:30:49.396 INFO [http-nio-9999-exec-387] org.apache.catalina.core.ApplicationContext.log Manager: list: Listing contexts for virtual host 'localhost'
26-May-2023 00:31:58.696 INFO [http-nio-9999-exec-394] org.apache.catalina.core.ApplicationContext.log Manager: list: Listing contexts for virtual host 'localhost'
26-May-2023 00:32:20.990 INFO [http-nio-9999-exec-394] org.apache.catalina.core.ApplicationContext.log Manager: list: Listing contexts for virtual host 'localhost'
26-May-2023 00:34:03.177 INFO [http-nio-9999-exec-394] org.apache.catalina.core.ApplicationContext.log Manager: list: Listing contexts for virtual host 'localhost'
26-May-2023 00:39:17.016 INFO [http-nio-9999-exec-388] org.apache.catalina.core.ApplicationContext.log Manager: list: Listing contexts for virtual host 'localhost'
26-May-2023 00:39:25.973 INFO [http-nio-9999-exec-385] org.apache.catalina.core.ApplicationContext.log Manager: list: Listing contexts for virtual host 'localhost'
26-May-2023 00:39:53.682 INFO [http-nio-9999-exec-386] org.apache.catalina.core.ApplicationContext.log Manager: list: Listing contexts for virtual host 'localhost'
26-May-2023 00:40:36.355 INFO [http-nio-9999-exec-393] org.apache.catalina.core.ApplicationContext.log Manager: list: Listing contexts for virtual host 'localhost'
26-May-2023 00:41:48.213 INFO [http-nio-9999-exec-388] org.apache.catalina.core.ApplicationContext.log Manager: list: Listing contexts for virtual host 'localhost'
26-May-2023 00:41:53.897 INFO [http-nio-9999-exec-392] org.apache.catalina.core.ApplicationContext.log Manager: list: Listing contexts for virtual host 'localhost'
26-May-2023 00:42:06.666 INFO [http-nio-9999-exec-393] org.apache.catalina.core.ApplicationContext.log Manager: list: Listing contexts for virtual host 'localhost'
26-May-2023 00:42:17.230 INFO [http-nio-9999-exec-385] org.apache.catalina.core.ApplicationContext.log Manager: list: Listing contexts for virtual host 'localhost'
26-May-2023 00:42:28.209 INFO [http-nio-9999-exec-386] org.apache.catalina.core.ApplicationContext.log Manager: list: Listing contexts for virtual host 'localhost'
26-May-2023 00:43:01.855 INFO [http-nio-9999-exec-391] org.apache.catalina.core.ApplicationContext.log Manager: list: Listing contexts for virtual host 'localhost'
26-May-2023 00:43:50.248 INFO [http-nio-9999-exec-393] org.apache.catalina.core.ApplicationContext.log Manager: list: Listing contexts for virtual host 'localhost'
26-May-2023 00:44:08.615 INFO [http-nio-9999-exec-386] org.apache.catalina.core.ApplicationContext.log Manager: list: Listing contexts for virtual host 'localhost'
26-May-2023 00:44:27.811 INFO [http-nio-9999-exec-392] org.apache.catalina.core.ApplicationContext.log Manager: list: Listing contexts for virtual host 'localhost'
26-May-2023 00:45:28.817 INFO [http-nio-9999-exec-393] org.apache.catalina.core.ApplicationContext.log Manager: list: Listing contexts for virtual host 'localhost'
26-May-2023 00:45:42.485 INFO [http-nio-9999-exec-392] org.apache.catalina.core.ApplicationContext.log Manager: list: Listing contexts for virtual host 'localhost'
26-May-2023 00:48:19.297 INFO [http-nio-9999-exec-389] org.apache.catalina.core.ApplicationContext.log Manager: list: Listing contexts for virtual host 'localhost'
26-May-2023 00:48:19.298 INFO [http-nio-9999-exec-393] org.apache.catalina.core.ApplicationContext.log Manager: list: Listing contexts for virtual host 'localhost'
26-May-2023 00:48:19.336 INFO [http-nio-9999-exec-386] org.apache.catalina.core.ApplicationContext.log Manager: undeploy: Undeploying web application at '/F8_Group6_td'
26-May-2023 00:48:19.853 INFO [http-nio-9999-exec-393] org.apache.catalina.core.ApplicationContext.log Manager: install: Installing context configuration at 'file:/C:/Users/ADMIN/AppData/Local/Temp/context2175467416226410700.xml'
26-May-2023 00:48:20.516 INFO [http-nio-9999-exec-388] org.apache.catalina.core.ApplicationContext.log Manager: start: Starting web application '/F8_Group6_td'
26-May-2023 00:54:55.283 INFO [http-nio-9999-exec-401] org.apache.catalina.core.ApplicationContext.log Manager: list: Listing contexts for virtual host 'localhost'
26-May-2023 00:54:55.288 INFO [http-nio-9999-exec-400] org.apache.catalina.core.ApplicationContext.log Manager: restart: Reloading web application '/F8_Group6'
26-May-2023 00:57:22.353 INFO [http-nio-9999-exec-403] org.apache.catalina.core.ApplicationContext.log Manager: list: Listing contexts for virtual host 'localhost'
26-May-2023 00:57:22.358 INFO [http-nio-9999-exec-408] org.apache.catalina.core.ApplicationContext.log Manager: restart: Reloading web application '/F8_Group6'
26-May-2023 01:01:42.726 INFO [http-nio-9999-exec-413] org.apache.catalina.core.ApplicationContext.log Manager: list: Listing contexts for virtual host 'localhost'
26-May-2023 01:01:42.730 INFO [http-nio-9999-exec-414] org.apache.catalina.core.ApplicationContext.log Manager: restart: Reloading web application '/F8_Group6'
26-May-2023 01:02:04.700 INFO [http-nio-9999-exec-416] org.apache.catalina.core.ApplicationContext.log Manager: list: Listing contexts for virtual host 'localhost'
26-May-2023 01:02:04.705 INFO [http-nio-9999-exec-419] org.apache.catalina.core.ApplicationContext.log Manager: restart: Reloading web application '/F8_Group6'
26-May-2023 01:02:18.583 INFO [http-nio-9999-exec-419] org.apache.catalina.core.ApplicationContext.log Manager: list: Listing contexts for virtual host 'localhost'
26-May-2023 01:02:18.587 INFO [http-nio-9999-exec-422] org.apache.catalina.core.ApplicationContext.log Manager: restart: Reloading web application '/F8_Group6'
26-May-2023 01:02:33.388 INFO [http-nio-9999-exec-416] org.apache.catalina.core.ApplicationContext.log Manager: list: Listing contexts for virtual host 'localhost'
26-May-2023 01:02:33.393 INFO [http-nio-9999-exec-422] org.apache.catalina.core.ApplicationContext.log Manager: restart: Reloading web application '/F8_Group6'
26-May-2023 01:05:19.026 INFO [http-nio-9999-exec-431] org.apache.catalina.core.ApplicationContext.log Manager: list: Listing contexts for virtual host 'localhost'
26-May-2023 01:05:19.031 INFO [http-nio-9999-exec-433] org.apache.catalina.core.ApplicationContext.log Manager: restart: Reloading web application '/F8_Group6'
26-May-2023 01:05:31.069 INFO [http-nio-9999-exec-423] org.apache.catalina.core.ApplicationContext.log Manager: list: Listing contexts for virtual host 'localhost'
26-May-2023 01:05:31.070 INFO [http-nio-9999-exec-431] org.apache.catalina.core.ApplicationContext.log Manager: list: Listing contexts for virtual host 'localhost'
26-May-2023 01:05:31.182 INFO [http-nio-9999-exec-434] org.apache.catalina.core.ApplicationContext.log Manager: stop: Stopping web application '/F8_Group6'
26-May-2023 01:05:31.185 INFO [http-nio-9999-exec-436] org.apache.catalina.core.ApplicationContext.log Manager: start: Starting web application '/F8_Group6'
26-May-2023 01:05:58.238 INFO [http-nio-9999-exec-432] org.apache.catalina.core.ApplicationContext.log Manager: list: Listing contexts for virtual host 'localhost'
26-May-2023 01:05:58.244 INFO [http-nio-9999-exec-429] org.apache.catalina.core.ApplicationContext.log Manager: restart: Reloading web application '/F8_Group6'
26-May-2023 01:10:39.064 INFO [http-nio-9999-exec-446] org.apache.catalina.core.ApplicationContext.log Manager: list: Listing contexts for virtual host 'localhost'
26-May-2023 01:10:39.068 INFO [http-nio-9999-exec-447] org.apache.catalina.core.ApplicationContext.log Manager: restart: Reloading web application '/F8_Group6'
26-May-2023 01:10:50.374 INFO [http-nio-9999-exec-451] org.apache.catalina.core.ApplicationContext.log Manager: list: Listing contexts for virtual host 'localhost'
26-May-2023 01:10:50.376 INFO [http-nio-9999-exec-447] org.apache.catalina.core.ApplicationContext.log Manager: list: Listing contexts for virtual host 'localhost'
26-May-2023 01:10:50.500 INFO [http-nio-9999-exec-432] org.apache.catalina.core.ApplicationContext.log Manager: restart: Reloading web application '/F8_Group6'
26-May-2023 01:11:12.064 INFO [http-nio-9999-exec-432] org.apache.catalina.core.ApplicationContext.log Manager: list: Listing contexts for virtual host 'localhost'
26-May-2023 01:11:12.070 INFO [http-nio-9999-exec-452] org.apache.catalina.core.ApplicationContext.log Manager: restart: Reloading web application '/F8_Group6'
26-May-2023 01:12:21.855 INFO [http-nio-9999-exec-448] org.apache.catalina.core.ApplicationContext.log Manager: list: Listing contexts for virtual host 'localhost'
26-May-2023 01:12:21.859 INFO [http-nio-9999-exec-458] org.apache.catalina.core.ApplicationContext.log Manager: restart: Reloading web application '/F8_Group6'
26-May-2023 01:12:29.826 INFO [http-nio-9999-exec-452] org.apache.catalina.core.ApplicationContext.log Manager: list: Listing contexts for virtual host 'localhost'
26-May-2023 01:12:29.828 INFO [http-nio-9999-exec-432] org.apache.catalina.core.ApplicationContext.log Manager: list: Listing contexts for virtual host 'localhost'
26-May-2023 01:12:29.938 INFO [http-nio-9999-exec-445] org.apache.catalina.core.ApplicationContext.log Manager: restart: Reloading web application '/F8_Group6'
26-May-2023 01:12:52.113 INFO [http-nio-9999-exec-456] org.apache.catalina.core.ApplicationContext.log Manager: list: Listing contexts for virtual host 'localhost'
26-May-2023 01:12:52.118 INFO [http-nio-9999-exec-432] org.apache.catalina.core.ApplicationContext.log Manager: restart: Reloading web application '/F8_Group6'
26-May-2023 01:13:55.624 INFO [http-nio-9999-exec-452] org.apache.catalina.core.ApplicationContext.log Manager: list: Listing contexts for virtual host 'localhost'
26-May-2023 01:13:55.628 INFO [http-nio-9999-exec-469] org.apache.catalina.core.ApplicationContext.log Manager: restart: Reloading web application '/F8_Group6'
26-May-2023 01:14:05.595 INFO [http-nio-9999-exec-467] org.apache.catalina.core.ApplicationContext.log Manager: list: Listing contexts for virtual host 'localhost'
26-May-2023 01:14:05.601 INFO [http-nio-9999-exec-468] org.apache.catalina.core.ApplicationContext.log Manager: restart: Reloading web application '/F8_Group6'
26-May-2023 01:25:15.152 INFO [http-nio-9999-exec-474] org.apache.catalina.core.ApplicationContext.log Manager: list: Listing contexts for virtual host 'localhost'
26-May-2023 01:25:15.158 INFO [http-nio-9999-exec-473] org.apache.catalina.core.ApplicationContext.log Manager: restart: Reloading web application '/F8_Group6'
26-May-2023 01:25:18.843 INFO [http-nio-9999-exec-477] org.apache.catalina.core.ApplicationContext.log Manager: list: Listing contexts for virtual host 'localhost'
26-May-2023 01:25:18.847 INFO [http-nio-9999-exec-480] org.apache.catalina.core.ApplicationContext.log Manager: restart: Reloading web application '/F8_Group6'
26-May-2023 01:38:02.953 INFO [http-nio-9999-exec-485] org.apache.catalina.core.ApplicationContext.log Manager: list: Listing contexts for virtual host 'localhost'
26-May-2023 01:38:02.957 INFO [http-nio-9999-exec-486] org.apache.catalina.core.ApplicationContext.log Manager: restart: Reloading web application '/F8_Group6'
26-May-2023 01:39:41.400 INFO [http-nio-9999-exec-496] org.apache.catalina.core.ApplicationContext.log Manager: list: Listing contexts for virtual host 'localhost'
26-May-2023 01:39:52.236 INFO [http-nio-9999-exec-483] org.apache.catalina.core.ApplicationContext.log Manager: list: Listing contexts for virtual host 'localhost'
26-May-2023 01:39:52.237 INFO [http-nio-9999-exec-485] org.apache.catalina.core.ApplicationContext.log Manager: list: Listing contexts for virtual host 'localhost'
26-May-2023 01:39:52.349 INFO [http-nio-9999-exec-498] org.apache.catalina.core.ApplicationContext.log Manager: restart: Reloading web application '/F8_Group6'
26-May-2023 01:43:54.826 INFO [http-nio-9999-exec-503] org.apache.catalina.core.ApplicationContext.log Manager: list: Listing contexts for virtual host 'localhost'
26-May-2023 01:43:54.830 INFO [http-nio-9999-exec-504] org.apache.catalina.core.ApplicationContext.log Manager: restart: Reloading web application '/F8_Group6'
26-May-2023 01:44:02.437 INFO [http-nio-9999-exec-502] org.apache.catalina.core.ApplicationContext.log Manager: list: Listing contexts for virtual host 'localhost'
26-May-2023 01:44:02.441 INFO [http-nio-9999-exec-509] org.apache.catalina.core.ApplicationContext.log Manager: restart: Reloading web application '/F8_Group6'
26-May-2023 01:44:10.043 INFO [http-nio-9999-exec-511] org.apache.catalina.core.ApplicationContext.log Manager: list: Listing contexts for virtual host 'localhost'
26-May-2023 01:44:10.047 INFO [http-nio-9999-exec-500] org.apache.catalina.core.ApplicationContext.log Manager: restart: Reloading web application '/F8_Group6'
26-May-2023 01:53:03.478 INFO [http-nio-9999-exec-517] org.apache.catalina.core.ApplicationContext.log Manager: list: Listing contexts for virtual host 'localhost'
26-May-2023 01:53:03.481 INFO [http-nio-9999-exec-518] org.apache.catalina.core.ApplicationContext.log Manager: list: Listing contexts for virtual host 'localhost'
26-May-2023 01:53:03.634 INFO [http-nio-9999-exec-519] org.apache.catalina.core.ApplicationContext.log Manager: restart: Reloading web application '/F8_Group6'
26-May-2023 01:54:39.762 INFO [http-nio-9999-exec-523] org.apache.catalina.core.ApplicationContext.log Manager: list: Listing contexts for virtual host 'localhost'
26-May-2023 01:54:39.764 INFO [http-nio-9999-exec-524] org.apache.catalina.core.ApplicationContext.log Manager: list: Listing contexts for virtual host 'localhost'
26-May-2023 01:56:25.690 INFO [http-nio-9999-exec-526] org.apache.catalina.core.ApplicationContext.log Manager: list: Listing contexts for virtual host 'localhost'
26-May-2023 01:56:39.801 INFO [http-nio-9999-exec-523] org.apache.catalina.core.ApplicationContext.log Manager: list: Listing contexts for virtual host 'localhost'
26-May-2023 01:58:07.034 INFO [http-nio-9999-exec-532] org.apache.catalina.core.ApplicationContext.log Manager: list: Listing contexts for virtual host 'localhost'
26-May-2023 01:58:41.186 INFO [http-nio-9999-exec-532] org.apache.catalina.core.ApplicationContext.log Manager: list: Listing contexts for virtual host 'localhost'
26-May-2023 01:59:28.172 INFO [http-nio-9999-exec-531] org.apache.catalina.core.ApplicationContext.log Manager: list: Listing contexts for virtual host 'localhost'
26-May-2023 02:00:04.980 INFO [http-nio-9999-exec-529] org.apache.catalina.core.ApplicationContext.log Manager: list: Listing contexts for virtual host 'localhost'
26-May-2023 02:00:31.264 INFO [http-nio-9999-exec-532] org.apache.catalina.core.ApplicationContext.log Manager: list: Listing contexts for virtual host 'localhost'
26-May-2023 02:01:57.434 INFO [http-nio-9999-exec-532] org.apache.catalina.core.ApplicationContext.log Manager: list: Listing contexts for virtual host 'localhost'
26-May-2023 02:02:28.390 INFO [http-nio-9999-exec-531] org.apache.catalina.core.ApplicationContext.log Manager: list: Listing contexts for virtual host 'localhost'
26-May-2023 02:05:49.302 INFO [http-nio-9999-exec-527] org.apache.catalina.core.ApplicationContext.log Manager: list: Listing contexts for virtual host 'localhost'
26-May-2023 02:06:01.429 INFO [http-nio-9999-exec-525] org.apache.catalina.core.ApplicationContext.log Manager: list: Listing contexts for virtual host 'localhost'
26-May-2023 02:06:01.431 INFO [http-nio-9999-exec-529] org.apache.catalina.core.ApplicationContext.log Manager: list: Listing contexts for virtual host 'localhost'
26-May-2023 02:06:23.728 INFO [http-nio-9999-exec-529] org.apache.catalina.core.ApplicationContext.log Manager: list: Listing contexts for virtual host 'localhost'
26-May-2023 02:16:12.704 INFO [http-nio-9999-exec-8] org.apache.catalina.core.ApplicationContext.log Manager: init: Associated with Deployer 'Catalina:type=Deployer,host=localhost'
26-May-2023 02:16:12.704 INFO [http-nio-9999-exec-8] org.apache.catalina.core.ApplicationContext.log Manager: init: Global resources are available
26-May-2023 02:16:12.745 INFO [http-nio-9999-exec-1] org.apache.catalina.core.ApplicationContext.log Manager: list: Listing contexts for virtual host 'localhost'
26-May-2023 02:16:12.752 INFO [http-nio-9999-exec-2] org.apache.catalina.core.ApplicationContext.log Manager: list: Listing contexts for virtual host 'localhost'
26-May-2023 07:28:55.947 INFO [http-nio-9999-exec-6] org.apache.catalina.core.ApplicationContext.log Manager: init: Associated with Deployer 'Catalina:type=Deployer,host=localhost'
26-May-2023 07:28:55.947 INFO [http-nio-9999-exec-6] org.apache.catalina.core.ApplicationContext.log Manager: init: Global resources are available
26-May-2023 07:28:55.983 INFO [http-nio-9999-exec-9] org.apache.catalina.core.ApplicationContext.log Manager: list: Listing contexts for virtual host 'localhost'
26-May-2023 07:28:55.987 INFO [http-nio-9999-exec-10] org.apache.catalina.core.ApplicationContext.log Manager: list: Listing contexts for virtual host 'localhost'
26-May-2023 07:46:12.694 INFO [http-nio-9999-exec-4] org.apache.catalina.core.ApplicationContext.log Manager: list: Listing contexts for virtual host 'localhost'
26-May-2023 07:46:12.697 INFO [http-nio-9999-exec-9] org.apache.catalina.core.ApplicationContext.log Manager: list: Listing contexts for virtual host 'localhost'
26-May-2023 08:39:18.827 INFO [http-nio-9999-exec-10] org.apache.catalina.core.ApplicationContext.log Manager: list: Listing contexts for virtual host 'localhost'
26-May-2023 08:39:18.834 INFO [http-nio-9999-exec-5] org.apache.catalina.core.ApplicationContext.log Manager: restart: Reloading web application '/F8_Group6'
26-May-2023 08:41:57.540 INFO [http-nio-9999-exec-16] org.apache.catalina.core.ApplicationContext.log Manager: list: Listing contexts for virtual host 'localhost'
26-May-2023 08:41:57.564 INFO [http-nio-9999-exec-6] org.apache.catalina.core.ApplicationContext.log Manager: restart: Reloading web application '/F8_Group6'
26-May-2023 08:43:43.514 INFO [http-nio-9999-exec-19] org.apache.catalina.core.ApplicationContext.log Manager: list: Listing contexts for virtual host 'localhost'
26-May-2023 08:43:43.517 INFO [http-nio-9999-exec-13] org.apache.catalina.core.ApplicationContext.log Manager: list: Listing contexts for virtual host 'localhost'
26-May-2023 08:43:43.602 INFO [http-nio-9999-exec-16] org.apache.catalina.core.ApplicationContext.log Manager: undeploy: Undeploying web application at '/Assignment'
26-May-2023 08:43:44.163 INFO [http-nio-9999-exec-22] org.apache.catalina.core.ApplicationContext.log Manager: install: Installing context configuration at 'file:/C:/Users/ADMIN/AppData/Local/Temp/context7113586163593968212.xml'
26-May-2023 08:43:44.498 INFO [http-nio-9999-exec-19] org.apache.catalina.core.ApplicationContext.log Manager: start: Starting web application '/Assignment'
26-May-2023 09:16:53.857 INFO [http-nio-9999-exec-23] org.apache.catalina.core.ApplicationContext.log Manager: list: Listing contexts for virtual host 'localhost'
26-May-2023 09:17:12.003 INFO [http-nio-9999-exec-29] org.apache.catalina.core.ApplicationContext.log Manager: list: Listing contexts for virtual host 'localhost'
26-May-2023 09:33:18.779 INFO [http-nio-9999-exec-25] org.apache.catalina.core.ApplicationContext.log Manager: list: Listing contexts for virtual host 'localhost'
26-May-2023 09:33:18.789 INFO [http-nio-9999-exec-32] org.apache.catalina.core.ApplicationContext.log Manager: stop: Stopping web application '/F8_Group6'
26-May-2023 09:33:18.798 INFO [http-nio-9999-exec-24] org.apache.catalina.core.ApplicationContext.log Manager: start: Starting web application '/F8_Group6'
26-May-2023 09:33:20.223 INFO [http-nio-9999-exec-29] org.apache.catalina.core.ApplicationContext.log Manager: list: Listing contexts for virtual host 'localhost'
26-May-2023 09:33:20.228 INFO [http-nio-9999-exec-30] org.apache.catalina.core.ApplicationContext.log Manager: restart: Reloading web application '/F8_Group6'
26-May-2023 09:34:45.952 INFO [http-nio-9999-exec-26] org.apache.catalina.core.ApplicationContext.log Manager: list: Listing contexts for virtual host 'localhost'
26-May-2023 09:34:45.958 INFO [http-nio-9999-exec-29] org.apache.catalina.core.ApplicationContext.log Manager: restart: Reloading web application '/F8_Group6'
26-May-2023 10:19:54.904 INFO [http-nio-9999-exec-39] org.apache.catalina.core.ApplicationContext.log Manager: list: Listing contexts for virtual host 'localhost'
26-May-2023 10:19:54.910 INFO [http-nio-9999-exec-40] org.apache.catalina.core.ApplicationContext.log Manager: restart: Reloading web application '/F8_Group6'
26-May-2023 10:30:11.639 INFO [http-nio-9999-exec-51] org.apache.catalina.core.ApplicationContext.log Manager: list: Listing contexts for virtual host 'localhost'
26-May-2023 10:30:11.645 INFO [http-nio-9999-exec-50] org.apache.catalina.core.ApplicationContext.log Manager: restart: Reloading web application '/F8_Group6'
26-May-2023 10:30:12.903 INFO [http-nio-9999-exec-52] org.apache.catalina.core.ApplicationContext.log Manager: list: Listing contexts for virtual host 'localhost'
26-May-2023 10:30:12.913 INFO [http-nio-9999-exec-48] org.apache.catalina.core.ApplicationContext.log Manager: restart: Reloading web application '/F8_Group6'
26-May-2023 10:30:53.738 INFO [http-nio-9999-exec-54] org.apache.catalina.core.ApplicationContext.log Manager: list: Listing contexts for virtual host 'localhost'
26-May-2023 10:30:53.745 INFO [http-nio-9999-exec-56] org.apache.catalina.core.ApplicationContext.log Manager: restart: Reloading web application '/F8_Group6'
26-May-2023 10:30:54.915 INFO [http-nio-9999-exec-60] org.apache.catalina.core.ApplicationContext.log Manager: list: Listing contexts for virtual host 'localhost'
26-May-2023 10:30:54.921 INFO [http-nio-9999-exec-52] org.apache.catalina.core.ApplicationContext.log Manager: restart: Reloading web application '/F8_Group6'
26-May-2023 10:33:29.133 INFO [http-nio-9999-exec-61] org.apache.catalina.core.ApplicationContext.log Manager: list: Listing contexts for virtual host 'localhost'
26-May-2023 10:33:29.138 INFO [http-nio-9999-exec-54] org.apache.catalina.core.ApplicationContext.log Manager: restart: Reloading web application '/F8_Group6'
26-May-2023 10:36:52.753 INFO [http-nio-9999-exec-52] org.apache.catalina.core.ApplicationContext.log Manager: list: Listing contexts for virtual host 'localhost'
26-May-2023 10:36:52.759 INFO [http-nio-9999-exec-68] org.apache.catalina.core.ApplicationContext.log Manager: restart: Reloading web application '/F8_Group6'
26-May-2023 10:37:23.477 INFO [http-nio-9999-exec-67] org.apache.catalina.core.ApplicationContext.log Manager: list: Listing contexts for virtual host 'localhost'
26-May-2023 10:37:23.484 INFO [http-nio-9999-exec-66] org.apache.catalina.core.ApplicationContext.log Manager: restart: Reloading web application '/F8_Group6'
26-May-2023 10:37:44.179 INFO [http-nio-9999-exec-68] org.apache.catalina.core.ApplicationContext.log Manager: list: Listing contexts for virtual host 'localhost'
26-May-2023 10:37:44.185 INFO [http-nio-9999-exec-58] org.apache.catalina.core.ApplicationContext.log Manager: restart: Reloading web application '/F8_Group6'
26-May-2023 11:04:10.384 INFO [http-nio-9999-exec-74] org.apache.catalina.core.ApplicationContext.log Manager: list: Listing contexts for virtual host 'localhost'
26-May-2023 11:04:10.575 INFO [http-nio-9999-exec-76] org.apache.catalina.core.ApplicationContext.log Manager: list: Listing contexts for virtual host 'localhost'
26-May-2023 11:04:10.580 INFO [http-nio-9999-exec-78] org.apache.catalina.core.ApplicationContext.log Manager: restart: Reloading web application '/F8_Group6'
26-May-2023 11:04:11.749 INFO [http-nio-9999-exec-80] org.apache.catalina.core.ApplicationContext.log Manager: list: Listing contexts for virtual host 'localhost'
26-May-2023 11:04:11.756 INFO [http-nio-9999-exec-74] org.apache.catalina.core.ApplicationContext.log Manager: restart: Reloading web application '/F8_Group6'
26-May-2023 11:04:15.381 INFO [http-nio-9999-exec-82] org.apache.catalina.core.ApplicationContext.log Manager: list: Listing contexts for virtual host 'localhost'
26-May-2023 11:04:15.384 INFO [http-nio-9999-exec-71] org.apache.catalina.core.ApplicationContext.log Manager: list: Listing contexts for virtual host 'localhost'
26-May-2023 11:04:15.519 INFO [http-nio-9999-exec-73] org.apache.catalina.core.ApplicationContext.log Manager: stop: Stopping web application '/F8_Group6'
26-May-2023 11:04:15.544 INFO [http-nio-9999-exec-80] org.apache.catalina.core.ApplicationContext.log Manager: start: Starting web application '/F8_Group6'
26-May-2023 11:41:18.837 INFO [http-nio-9999-exec-84] org.apache.catalina.core.ApplicationContext.log Manager: list: Listing contexts for virtual host 'localhost'
26-May-2023 11:41:18.842 INFO [http-nio-9999-exec-90] org.apache.catalina.core.ApplicationContext.log Manager: restart: Reloading web application '/F8_Group6'
26-May-2023 12:52:52.133 INFO [http-nio-9999-exec-100] org.apache.catalina.core.ApplicationContext.log Manager: list: Listing contexts for virtual host 'localhost'
26-May-2023 12:52:52.138 INFO [http-nio-9999-exec-99] org.apache.catalina.core.ApplicationContext.log Manager: restart: Reloading web application '/F8_Group6'
26-May-2023 12:52:53.454 INFO [http-nio-9999-exec-100] org.apache.catalina.core.ApplicationContext.log Manager: list: Listing contexts for virtual host 'localhost'
26-May-2023 12:52:53.459 INFO [http-nio-9999-exec-103] org.apache.catalina.core.ApplicationContext.log Manager: restart: Reloading web application '/F8_Group6'
26-May-2023 13:01:33.722 INFO [http-nio-9999-exec-109] org.apache.catalina.core.ApplicationContext.log Manager: list: Listing contexts for virtual host 'localhost'
26-May-2023 13:01:33.752 INFO [http-nio-9999-exec-110] org.apache.catalina.core.ApplicationContext.log Manager: restart: Reloading web application '/F8_Group6'
26-May-2023 13:01:35.680 INFO [http-nio-9999-exec-111] org.apache.catalina.core.ApplicationContext.log Manager: list: Listing contexts for virtual host 'localhost'
26-May-2023 13:01:35.688 INFO [http-nio-9999-exec-108] org.apache.catalina.core.ApplicationContext.log Manager: restart: Reloading web application '/F8_Group6'
26-May-2023 13:02:27.228 INFO [http-nio-9999-exec-112] org.apache.catalina.core.ApplicationContext.log Manager: list: Listing contexts for virtual host 'localhost'
26-May-2023 13:02:27.233 INFO [http-nio-9999-exec-106] org.apache.catalina.core.ApplicationContext.log Manager: restart: Reloading web application '/F8_Group6'
26-May-2023 13:02:28.338 INFO [http-nio-9999-exec-108] org.apache.catalina.core.ApplicationContext.log Manager: list: Listing contexts for virtual host 'localhost'
26-May-2023 13:02:28.346 INFO [http-nio-9999-exec-111] org.apache.catalina.core.ApplicationContext.log Manager: restart: Reloading web application '/F8_Group6'
26-May-2023 13:02:37.710 INFO [http-nio-9999-exec-110] org.apache.catalina.core.ApplicationContext.log Manager: list: Listing contexts for virtual host 'localhost'
26-May-2023 13:02:37.715 INFO [http-nio-9999-exec-106] org.apache.catalina.core.ApplicationContext.log Manager: restart: Reloading web application '/F8_Group6'
26-May-2023 13:03:15.366 INFO [http-nio-9999-exec-110] org.apache.catalina.core.ApplicationContext.log Manager: list: Listing contexts for virtual host 'localhost'
26-May-2023 13:03:15.373 INFO [http-nio-9999-exec-107] org.apache.catalina.core.ApplicationContext.log Manager: restart: Reloading web application '/F8_Group6'
26-May-2023 13:04:17.502 INFO [http-nio-9999-exec-108] org.apache.catalina.core.ApplicationContext.log Manager: list: Listing contexts for virtual host 'localhost'
26-May-2023 13:04:17.507 INFO [http-nio-9999-exec-106] org.apache.catalina.core.ApplicationContext.log Manager: restart: Reloading web application '/F8_Group6'
26-May-2023 13:06:32.140 INFO [http-nio-9999-exec-124] org.apache.catalina.core.ApplicationContext.log Manager: list: Listing contexts for virtual host 'localhost'
26-May-2023 13:06:32.145 INFO [http-nio-9999-exec-108] org.apache.catalina.core.ApplicationContext.log Manager: restart: Reloading web application '/F8_Group6'
26-May-2023 13:06:47.449 INFO [http-nio-9999-exec-123] org.apache.catalina.core.ApplicationContext.log Manager: list: Listing contexts for virtual host 'localhost'
26-May-2023 13:06:47.455 INFO [http-nio-9999-exec-106] org.apache.catalina.core.ApplicationContext.log Manager: restart: Reloading web application '/F8_Group6'
26-May-2023 13:07:20.634 INFO [http-nio-9999-exec-122] org.apache.catalina.core.ApplicationContext.log Manager: list: Listing contexts for virtual host 'localhost'
26-May-2023 13:07:20.640 INFO [http-nio-9999-exec-118] org.apache.catalina.core.ApplicationContext.log Manager: restart: Reloading web application '/F8_Group6'
26-May-2023 13:07:22.393 INFO [http-nio-9999-exec-126] org.apache.catalina.core.ApplicationContext.log Manager: list: Listing contexts for virtual host 'localhost'
26-May-2023 13:07:22.399 INFO [http-nio-9999-exec-121] org.apache.catalina.core.ApplicationContext.log Manager: restart: Reloading web application '/F8_Group6'
26-May-2023 13:07:26.973 INFO [http-nio-9999-exec-106] org.apache.catalina.core.ApplicationContext.log Manager: list: Listing contexts for virtual host 'localhost'
26-May-2023 13:07:26.978 INFO [http-nio-9999-exec-127] org.apache.catalina.core.ApplicationContext.log Manager: restart: Reloading web application '/F8_Group6'
26-May-2023 13:07:29.466 INFO [http-nio-9999-exec-107] org.apache.catalina.core.ApplicationContext.log Manager: list: Listing contexts for virtual host 'localhost'
26-May-2023 13:07:29.472 INFO [http-nio-9999-exec-119] org.apache.catalina.core.ApplicationContext.log Manager: restart: Reloading web application '/F8_Group6'
26-May-2023 13:07:36.961 INFO [http-nio-9999-exec-107] org.apache.catalina.core.ApplicationContext.log Manager: list: Listing contexts for virtual host 'localhost'
26-May-2023 13:07:36.967 INFO [http-nio-9999-exec-127] org.apache.catalina.core.ApplicationContext.log Manager: restart: Reloading web application '/F8_Group6'
26-May-2023 13:07:40.950 INFO [http-nio-9999-exec-130] org.apache.catalina.core.ApplicationContext.log Manager: list: Listing contexts for virtual host 'localhost'
26-May-2023 13:07:40.956 INFO [http-nio-9999-exec-125] org.apache.catalina.core.ApplicationContext.log Manager: restart: Reloading web application '/F8_Group6'
26-May-2023 13:08:32.790 INFO [http-nio-9999-exec-106] org.apache.catalina.core.ApplicationContext.log Manager: list: Listing contexts for virtual host 'localhost'
26-May-2023 13:08:32.797 INFO [http-nio-9999-exec-127] org.apache.catalina.core.ApplicationContext.log Manager: restart: Reloading web application '/F8_Group6'
26-May-2023 13:09:43.114 INFO [http-nio-9999-exec-131] org.apache.catalina.core.ApplicationContext.log Manager: list: Listing contexts for virtual host 'localhost'
26-May-2023 13:09:43.119 INFO [http-nio-9999-exec-106] org.apache.catalina.core.ApplicationContext.log Manager: restart: Reloading web application '/F8_Group6'
26-May-2023 13:22:06.612 INFO [http-nio-9999-exec-137] org.apache.catalina.core.ApplicationContext.log Manager: list: Listing contexts for virtual host 'localhost'
26-May-2023 13:22:06.618 INFO [http-nio-9999-exec-138] org.apache.catalina.core.ApplicationContext.log Manager: restart: Reloading web application '/F8_Group6'
26-May-2023 13:23:03.928 INFO [http-nio-9999-exec-141] org.apache.catalina.core.ApplicationContext.log Manager: list: Listing contexts for virtual host 'localhost'
26-May-2023 13:23:03.936 INFO [http-nio-9999-exec-143] org.apache.catalina.core.ApplicationContext.log Manager: restart: Reloading web application '/F8_Group6'
26-May-2023 13:23:05.107 INFO [http-nio-9999-exec-137] org.apache.catalina.core.ApplicationContext.log Manager: list: Listing contexts for virtual host 'localhost'
26-May-2023 13:23:05.112 INFO [http-nio-9999-exec-145] org.apache.catalina.core.ApplicationContext.log Manager: restart: Reloading web application '/F8_Group6'
26-May-2023 13:23:38.278 INFO [http-nio-9999-exec-144] org.apache.catalina.core.ApplicationContext.log Manager: list: Listing contexts for virtual host 'localhost'
26-May-2023 13:23:38.284 INFO [http-nio-9999-exec-136] org.apache.catalina.core.ApplicationContext.log Manager: restart: Reloading web application '/F8_Group6'
26-May-2023 13:24:29.031 INFO [http-nio-9999-exec-144] org.apache.catalina.core.ApplicationContext.log Manager: list: Listing contexts for virtual host 'localhost'
26-May-2023 13:24:29.036 INFO [http-nio-9999-exec-140] org.apache.catalina.core.ApplicationContext.log Manager: restart: Reloading web application '/F8_Group6'
26-May-2023 13:26:26.051 INFO [http-nio-9999-exec-144] org.apache.catalina.core.ApplicationContext.log Manager: list: Listing contexts for virtual host 'localhost'
26-May-2023 13:26:26.056 INFO [http-nio-9999-exec-141] org.apache.catalina.core.ApplicationContext.log Manager: restart: Reloading web application '/F8_Group6'
26-May-2023 13:27:20.763 INFO [http-nio-9999-exec-144] org.apache.catalina.core.ApplicationContext.log Manager: list: Listing contexts for virtual host 'localhost'
26-May-2023 13:27:20.768 INFO [http-nio-9999-exec-148] org.apache.catalina.core.ApplicationContext.log Manager: restart: Reloading web application '/F8_Group6'
26-May-2023 13:28:25.467 INFO [http-nio-9999-exec-140] org.apache.catalina.core.ApplicationContext.log Manager: list: Listing contexts for virtual host 'localhost'
26-May-2023 13:28:25.791 INFO [http-nio-9999-exec-148] org.apache.catalina.core.ApplicationContext.log Manager: list: Listing contexts for virtual host 'localhost'
26-May-2023 13:29:01.232 INFO [http-nio-9999-exec-154] org.apache.catalina.core.ApplicationContext.log Manager: list: Listing contexts for virtual host 'localhost'
26-May-2023 13:30:05.654 INFO [http-nio-9999-exec-153] org.apache.catalina.core.ApplicationContext.log Manager: list: Listing contexts for virtual host 'localhost'
26-May-2023 13:30:37.147 INFO [http-nio-9999-exec-139] org.apache.catalina.core.ApplicationContext.log Manager: list: Listing contexts for virtual host 'localhost'
26-May-2023 13:30:37.153 INFO [http-nio-9999-exec-158] org.apache.catalina.core.ApplicationContext.log Manager: restart: Reloading web application '/F8_Group6'
26-May-2023 13:30:42.900 INFO [http-nio-9999-exec-155] org.apache.catalina.core.ApplicationContext.log Manager: list: Listing contexts for virtual host 'localhost'
26-May-2023 13:30:42.903 INFO [http-nio-9999-exec-148] org.apache.catalina.core.ApplicationContext.log Manager: list: Listing contexts for virtual host 'localhost'
26-May-2023 13:30:43.071 INFO [http-nio-9999-exec-154] org.apache.catalina.core.ApplicationContext.log Manager: restart: Reloading web application '/F8_Group6'
26-May-2023 13:31:51.009 INFO [http-nio-9999-exec-165] org.apache.catalina.core.ApplicationContext.log Manager: list: Listing contexts for virtual host 'localhost'
26-May-2023 13:31:51.014 INFO [http-nio-9999-exec-162] org.apache.catalina.core.ApplicationContext.log Manager: restart: Reloading web application '/F8_Group6'
26-May-2023 13:37:09.394 INFO [http-nio-9999-exec-168] org.apache.catalina.core.ApplicationContext.log Manager: list: Listing contexts for virtual host 'localhost'
26-May-2023 13:37:09.400 INFO [http-nio-9999-exec-169] org.apache.catalina.core.ApplicationContext.log Manager: restart: Reloading web application '/F8_Group6'
26-May-2023 13:37:23.882 INFO [http-nio-9999-exec-173] org.apache.catalina.core.ApplicationContext.log Manager: list: Listing contexts for virtual host 'localhost'
26-May-2023 13:37:23.887 INFO [http-nio-9999-exec-172] org.apache.catalina.core.ApplicationContext.log Manager: restart: Reloading web application '/F8_Group6'
26-May-2023 13:38:01.568 INFO [http-nio-9999-exec-173] org.apache.catalina.core.ApplicationContext.log Manager: list: Listing contexts for virtual host 'localhost'
26-May-2023 13:38:01.573 INFO [http-nio-9999-exec-168] org.apache.catalina.core.ApplicationContext.log Manager: restart: Reloading web application '/F8_Group6'
26-May-2023 13:38:08.185 INFO [http-nio-9999-exec-178] org.apache.catalina.core.ApplicationContext.log Manager: list: Listing contexts for virtual host 'localhost'
26-May-2023 13:38:08.190 INFO [http-nio-9999-exec-181] org.apache.catalina.core.ApplicationContext.log Manager: restart: Reloading web application '/F8_Group6'
26-May-2023 13:44:09.773 INFO [http-nio-9999-exec-185] org.apache.catalina.core.ApplicationContext.log Manager: list: Listing contexts for virtual host 'localhost'
26-May-2023 13:44:09.778 INFO [http-nio-9999-exec-184] org.apache.catalina.core.ApplicationContext.log Manager: restart: Reloading web application '/F8_Group6'
26-May-2023 13:44:50.099 INFO [http-nio-9999-exec-186] org.apache.catalina.core.ApplicationContext.log Manager: list: Listing contexts for virtual host 'localhost'
26-May-2023 13:45:43.256 INFO [http-nio-9999-exec-187] org.apache.catalina.core.ApplicationContext.log Manager: list: Listing contexts for virtual host 'localhost'
26-May-2023 13:47:39.012 INFO [http-nio-9999-exec-197] org.apache.catalina.core.ApplicationContext.log Manager: list: Listing contexts for virtual host 'localhost'
26-May-2023 13:47:39.017 INFO [http-nio-9999-exec-196] org.apache.catalina.core.ApplicationContext.log Manager: restart: Reloading web application '/F8_Group6'
26-May-2023 13:48:09.231 INFO [http-nio-9999-exec-198] org.apache.catalina.core.ApplicationContext.log Manager: list: Listing contexts for virtual host 'localhost'
26-May-2023 13:48:09.236 INFO [http-nio-9999-exec-201] org.apache.catalina.core.ApplicationContext.log Manager: restart: Reloading web application '/F8_Group6'
26-May-2023 13:53:03.646 INFO [http-nio-9999-exec-206] org.apache.catalina.core.ApplicationContext.log Manager: list: Listing contexts for virtual host 'localhost'
26-May-2023 13:53:03.651 INFO [http-nio-9999-exec-208] org.apache.catalina.core.ApplicationContext.log Manager: restart: Reloading web application '/F8_Group6'
26-May-2023 14:05:21.858 INFO [http-nio-9999-exec-216] org.apache.catalina.core.ApplicationContext.log Manager: list: Listing contexts for virtual host 'localhost'
26-May-2023 14:05:21.864 INFO [http-nio-9999-exec-215] org.apache.catalina.core.ApplicationContext.log Manager: restart: Reloading web application '/F8_Group6'
26-May-2023 14:05:41.519 INFO [http-nio-9999-exec-216] org.apache.catalina.core.ApplicationContext.log Manager: list: Listing contexts for virtual host 'localhost'
26-May-2023 14:05:41.524 INFO [http-nio-9999-exec-219] org.apache.catalina.core.ApplicationContext.log Manager: restart: Reloading web application '/F8_Group6'
26-May-2023 14:06:16.025 INFO [http-nio-9999-exec-226] org.apache.catalina.core.ApplicationContext.log Manager: list: Listing contexts for virtual host 'localhost'
26-May-2023 14:06:16.029 INFO [http-nio-9999-exec-216] org.apache.catalina.core.ApplicationContext.log Manager: restart: Reloading web application '/F8_Group6'
26-May-2023 14:10:14.691 INFO [http-nio-9999-exec-226] org.apache.catalina.core.ApplicationContext.log Manager: list: Listing contexts for virtual host 'localhost'
26-May-2023 14:10:14.696 INFO [http-nio-9999-exec-231] org.apache.catalina.core.ApplicationContext.log Manager: restart: Reloading web application '/F8_Group6'
26-May-2023 14:17:00.778 INFO [http-nio-9999-exec-234] org.apache.catalina.core.ApplicationContext.log Manager: list: Listing contexts for virtual host 'localhost'
26-May-2023 14:17:00.782 INFO [http-nio-9999-exec-235] org.apache.catalina.core.ApplicationContext.log Manager: restart: Reloading web application '/F8_Group6'
26-May-2023 14:18:03.179 INFO [http-nio-9999-exec-240] org.apache.catalina.core.ApplicationContext.log Manager: list: Listing contexts for virtual host 'localhost'
26-May-2023 14:18:03.185 INFO [http-nio-9999-exec-241] org.apache.catalina.core.ApplicationContext.log Manager: restart: Reloading web application '/F8_Group6'
26-May-2023 14:22:26.732 INFO [http-nio-9999-exec-249] org.apache.catalina.core.ApplicationContext.log Manager: list: Listing contexts for virtual host 'localhost'
26-May-2023 14:22:26.738 INFO [http-nio-9999-exec-248] org.apache.catalina.core.ApplicationContext.log Manager: restart: Reloading web application '/F8_Group6'
26-May-2023 14:22:32.780 INFO [http-nio-9999-exec-250] org.apache.catalina.core.ApplicationContext.log Manager: list: Listing contexts for virtual host 'localhost'
26-May-2023 14:22:32.785 INFO [http-nio-9999-exec-252] org.apache.catalina.core.ApplicationContext.log Manager: restart: Reloading web application '/F8_Group6'
26-May-2023 14:29:40.305 INFO [http-nio-9999-exec-260] org.apache.catalina.core.ApplicationContext.log Manager: list: Listing contexts for virtual host 'localhost'
26-May-2023 14:29:40.310 INFO [http-nio-9999-exec-259] org.apache.catalina.core.ApplicationContext.log Manager: restart: Reloading web application '/F8_Group6'
26-May-2023 14:32:26.540 INFO [http-nio-9999-exec-273] org.apache.catalina.core.ApplicationContext.log Manager: list: Listing contexts for virtual host 'localhost'
26-May-2023 14:32:26.544 INFO [http-nio-9999-exec-272] org.apache.catalina.core.ApplicationContext.log Manager: restart: Reloading web application '/F8_Group6'
26-May-2023 14:34:34.202 INFO [http-nio-9999-exec-279] org.apache.catalina.core.ApplicationContext.log Manager: list: Listing contexts for virtual host 'localhost'
26-May-2023 14:34:34.206 INFO [http-nio-9999-exec-280] org.apache.catalina.core.ApplicationContext.log Manager: restart: Reloading web application '/F8_Group6'
26-May-2023 14:37:31.108 INFO [http-nio-9999-exec-287] org.apache.catalina.core.ApplicationContext.log Manager: list: Listing contexts for virtual host 'localhost'
26-May-2023 14:37:31.113 INFO [http-nio-9999-exec-288] org.apache.catalina.core.ApplicationContext.log Manager: restart: Reloading web application '/F8_Group6'
26-May-2023 14:37:40.696 INFO [http-nio-9999-exec-293] org.apache.catalina.core.ApplicationContext.log Manager: list: Listing contexts for virtual host 'localhost'
26-May-2023 14:37:40.703 INFO [http-nio-9999-exec-285] org.apache.catalina.core.ApplicationContext.log Manager: restart: Reloading web application '/F8_Group6'
26-May-2023 14:37:55.132 INFO [http-nio-9999-exec-288] org.apache.catalina.core.ApplicationContext.log Manager: list: Listing contexts for virtual host 'localhost'
26-May-2023 14:37:55.135 INFO [http-nio-9999-exec-296] org.apache.catalina.core.ApplicationContext.log Manager: list: Listing contexts for virtual host 'localhost'
26-May-2023 14:37:55.255 INFO [http-nio-9999-exec-297] org.apache.catalina.core.ApplicationContext.log Manager: restart: Reloading web application '/F8_Group6'
26-May-2023 14:42:31.570 INFO [http-nio-9999-exec-301] org.apache.catalina.core.ApplicationContext.log Manager: list: Listing contexts for virtual host 'localhost'
26-May-2023 14:42:31.575 INFO [http-nio-9999-exec-302] org.apache.catalina.core.ApplicationContext.log Manager: restart: Reloading web application '/F8_Group6'
26-May-2023 14:59:07.634 INFO [http-nio-9999-exec-315] org.apache.catalina.core.ApplicationContext.log Manager: list: Listing contexts for virtual host 'localhost'
26-May-2023 14:59:07.639 INFO [http-nio-9999-exec-314] org.apache.catalina.core.ApplicationContext.log Manager: restart: Reloading web application '/F8_Group6'
26-May-2023 15:00:48.049 INFO [http-nio-9999-exec-311] org.apache.catalina.core.ApplicationContext.log Manager: list: Listing contexts for virtual host 'localhost'
26-May-2023 15:00:48.055 INFO [http-nio-9999-exec-321] org.apache.catalina.core.ApplicationContext.log Manager: restart: Reloading web application '/F8_Group6'
26-May-2023 15:01:54.626 INFO [http-nio-9999-exec-324] org.apache.catalina.core.ApplicationContext.log Manager: list: Listing contexts for virtual host 'localhost'
26-May-2023 15:01:54.632 INFO [http-nio-9999-exec-325] org.apache.catalina.core.ApplicationContext.log Manager: restart: Reloading web application '/F8_Group6'
26-May-2023 15:05:12.784 INFO [http-nio-9999-exec-329] org.apache.catalina.core.ApplicationContext.log Manager: list: Listing contexts for virtual host 'localhost'
26-May-2023 15:05:12.789 INFO [http-nio-9999-exec-333] org.apache.catalina.core.ApplicationContext.log Manager: restart: Reloading web application '/F8_Group6'
26-May-2023 15:05:31.426 INFO [http-nio-9999-exec-328] org.apache.catalina.core.ApplicationContext.log Manager: list: Listing contexts for virtual host 'localhost'
26-May-2023 15:05:31.431 INFO [http-nio-9999-exec-332] org.apache.catalina.core.ApplicationContext.log Manager: restart: Reloading web application '/F8_Group6'
26-May-2023 15:06:49.559 INFO [http-nio-9999-exec-341] org.apache.catalina.core.ApplicationContext.log Manager: list: Listing contexts for virtual host 'localhost'
26-May-2023 15:06:49.561 INFO [http-nio-9999-exec-335] org.apache.catalina.core.ApplicationContext.log Manager: list: Listing contexts for virtual host 'localhost'
26-May-2023 15:06:49.696 INFO [http-nio-9999-exec-336] org.apache.catalina.core.ApplicationContext.log Manager: restart: Reloading web application '/F8_Group6'
26-May-2023 15:09:50.282 INFO [http-nio-9999-exec-346] org.apache.catalina.core.ApplicationContext.log Manager: list: Listing contexts for virtual host 'localhost'
26-May-2023 15:14:26.664 INFO [http-nio-9999-exec-343] org.apache.catalina.core.ApplicationContext.log Manager: list: Listing contexts for virtual host 'localhost'
26-May-2023 15:14:42.319 INFO [http-nio-9999-exec-347] org.apache.catalina.core.ApplicationContext.log Manager: list: Listing contexts for virtual host 'localhost'
26-May-2023 15:16:42.707 INFO [http-nio-9999-exec-344] org.apache.catalina.core.ApplicationContext.log Manager: list: Listing contexts for virtual host 'localhost'
26-May-2023 15:17:06.426 INFO [http-nio-9999-exec-352] org.apache.catalina.core.ApplicationContext.log Manager: list: Listing contexts for virtual host 'localhost'
26-May-2023 15:18:35.415 INFO [http-nio-9999-exec-351] org.apache.catalina.core.ApplicationContext.log Manager: list: Listing contexts for virtual host 'localhost'
26-May-2023 15:20:34.371 INFO [http-nio-9999-exec-347] org.apache.catalina.core.ApplicationContext.log Manager: list: Listing contexts for virtual host 'localhost'
26-May-2023 15:20:55.363 INFO [http-nio-9999-exec-344] org.apache.catalina.core.ApplicationContext.log Manager: list: Listing contexts for virtual host 'localhost'
26-May-2023 15:21:14.279 INFO [http-nio-9999-exec-347] org.apache.catalina.core.ApplicationContext.log Manager: list: Listing contexts for virtual host 'localhost'
26-May-2023 15:21:29.141 INFO [http-nio-9999-exec-344] org.apache.catalina.core.ApplicationContext.log Manager: list: Listing contexts for virtual host 'localhost'
26-May-2023 15:21:47.551 INFO [http-nio-9999-exec-352] org.apache.catalina.core.ApplicationContext.log Manager: list: Listing contexts for virtual host 'localhost'
26-May-2023 15:22:19.675 INFO [http-nio-9999-exec-352] org.apache.catalina.core.ApplicationContext.log Manager: list: Listing contexts for virtual host 'localhost'
26-May-2023 15:23:17.189 INFO [http-nio-9999-exec-343] org.apache.catalina.core.ApplicationContext.log Manager: list: Listing contexts for virtual host 'localhost'
26-May-2023 15:24:26.245 INFO [http-nio-9999-exec-345] org.apache.catalina.core.ApplicationContext.log Manager: list: Listing contexts for virtual host 'localhost'
26-May-2023 15:24:40.853 INFO [http-nio-9999-exec-346] org.apache.catalina.core.ApplicationContext.log Manager: list: Listing contexts for virtual host 'localhost'
26-May-2023 15:24:48.401 INFO [http-nio-9999-exec-346] org.apache.catalina.core.ApplicationContext.log Manager: list: Listing contexts for virtual host 'localhost'
26-May-2023 15:25:01.044 INFO [http-nio-9999-exec-344] org.apache.catalina.core.ApplicationContext.log Manager: list: Listing contexts for virtual host 'localhost'
26-May-2023 15:25:26.532 INFO [http-nio-9999-exec-344] org.apache.catalina.core.ApplicationContext.log Manager: list: Listing contexts for virtual host 'localhost'
26-May-2023 15:25:57.193 INFO [http-nio-9999-exec-352] org.apache.catalina.core.ApplicationContext.log Manager: list: Listing contexts for virtual host 'localhost'
26-May-2023 15:26:28.337 INFO [http-nio-9999-exec-344] org.apache.catalina.core.ApplicationContext.log Manager: list: Listing contexts for virtual host 'localhost'
26-May-2023 15:26:31.803 INFO [http-nio-9999-exec-350] org.apache.catalina.core.ApplicationContext.log Manager: list: Listing contexts for virtual host 'localhost'
26-May-2023 15:27:35.773 INFO [http-nio-9999-exec-350] org.apache.catalina.core.ApplicationContext.log Manager: list: Listing contexts for virtual host 'localhost'
26-May-2023 15:28:50.178 INFO [http-nio-9999-exec-346] org.apache.catalina.core.ApplicationContext.log Manager: list: Listing contexts for virtual host 'localhost'
26-May-2023 15:29:41.765 INFO [http-nio-9999-exec-346] org.apache.catalina.core.ApplicationContext.log Manager: list: Listing contexts for virtual host 'localhost'
26-May-2023 15:30:55.624 INFO [http-nio-9999-exec-345] org.apache.catalina.core.ApplicationContext.log Manager: list: Listing contexts for virtual host 'localhost'
26-May-2023 15:30:55.630 INFO [http-nio-9999-exec-349] org.apache.catalina.core.ApplicationContext.log Manager: restart: Reloading web application '/F8_Group6'
26-May-2023 15:37:20.675 INFO [http-nio-9999-exec-359] org.apache.catalina.core.ApplicationContext.log Manager: list: Listing contexts for virtual host 'localhost'
26-May-2023 15:41:44.064 INFO [http-nio-9999-exec-361] org.apache.catalina.core.ApplicationContext.log Manager: list: Listing contexts for virtual host 'localhost'
26-May-2023 15:41:44.069 INFO [http-nio-9999-exec-355] org.apache.catalina.core.ApplicationContext.log Manager: restart: Reloading web application '/F8_Group6'
26-May-2023 15:41:45.168 INFO [http-nio-9999-exec-354] org.apache.catalina.core.ApplicationContext.log Manager: list: Listing contexts for virtual host 'localhost'
26-May-2023 15:41:45.173 INFO [http-nio-9999-exec-362] org.apache.catalina.core.ApplicationContext.log Manager: restart: Reloading web application '/F8_Group6'
26-May-2023 15:49:25.628 INFO [http-nio-9999-exec-366] org.apache.catalina.core.ApplicationContext.log Manager: list: Listing contexts for virtual host 'localhost'
26-May-2023 15:49:25.632 INFO [http-nio-9999-exec-367] org.apache.catalina.core.ApplicationContext.log Manager: restart: Reloading web application '/F8_Group6'
26-May-2023 15:57:16.561 INFO [http-nio-9999-exec-375] org.apache.catalina.core.ApplicationContext.log Manager: list: Listing contexts for virtual host 'localhost'
26-May-2023 15:57:16.568 INFO [http-nio-9999-exec-376] org.apache.catalina.core.ApplicationContext.log Manager: restart: Reloading web application '/F8_Group6'
26-May-2023 16:00:21.680 INFO [http-nio-9999-exec-373] org.apache.catalina.core.ApplicationContext.log Manager: list: Listing contexts for virtual host 'localhost'
26-May-2023 16:00:21.685 INFO [http-nio-9999-exec-384] org.apache.catalina.core.ApplicationContext.log Manager: restart: Reloading web application '/F8_Group6'
26-May-2023 16:02:50.077 INFO [http-nio-9999-exec-373] org.apache.catalina.core.ApplicationContext.log Manager: list: Listing contexts for virtual host 'localhost'
26-May-2023 16:02:50.083 INFO [http-nio-9999-exec-375] org.apache.catalina.core.ApplicationContext.log Manager: restart: Reloading web application '/F8_Group6'
26-May-2023 16:03:51.799 INFO [http-nio-9999-exec-373] org.apache.catalina.core.ApplicationContext.log Manager: list: Listing contexts for virtual host 'localhost'
26-May-2023 16:03:51.804 INFO [http-nio-9999-exec-383] org.apache.catalina.core.ApplicationContext.log Manager: restart: Reloading web application '/F8_Group6'
26-May-2023 16:05:21.040 INFO [http-nio-9999-exec-386] org.apache.catalina.core.ApplicationContext.log Manager: list: Listing contexts for virtual host 'localhost'
26-May-2023 16:05:21.045 INFO [http-nio-9999-exec-389] org.apache.catalina.core.ApplicationContext.log Manager: restart: Reloading web application '/F8_Group6'
26-May-2023 16:06:38.607 INFO [http-nio-9999-exec-394] org.apache.catalina.core.ApplicationContext.log Manager: list: Listing contexts for virtual host 'localhost'
26-May-2023 16:06:39.091 INFO [http-nio-9999-exec-389] org.apache.catalina.core.ApplicationContext.log Manager: list: Listing contexts for virtual host 'localhost'
26-May-2023 16:06:39.096 INFO [http-nio-9999-exec-375] org.apache.catalina.core.ApplicationContext.log Manager: restart: Reloading web application '/F8_Group6'
26-May-2023 16:11:37.793 INFO [http-nio-9999-exec-399] org.apache.catalina.core.ApplicationContext.log Manager: list: Listing contexts for virtual host 'localhost'
26-May-2023 16:11:37.798 INFO [http-nio-9999-exec-400] org.apache.catalina.core.ApplicationContext.log Manager: restart: Reloading web application '/F8_Group6'
26-May-2023 16:11:38.870 INFO [http-nio-9999-exec-404] org.apache.catalina.core.ApplicationContext.log Manager: list: Listing contexts for virtual host 'localhost'
26-May-2023 16:11:38.875 INFO [http-nio-9999-exec-399] org.apache.catalina.core.ApplicationContext.log Manager: restart: Reloading web application '/F8_Group6'
26-May-2023 18:55:06.123 INFO [http-nio-9999-exec-5] org.apache.catalina.core.ApplicationContext.log Manager: init: Associated with Deployer 'Catalina:type=Deployer,host=localhost'
26-May-2023 18:55:06.123 INFO [http-nio-9999-exec-5] org.apache.catalina.core.ApplicationContext.log Manager: init: Global resources are available
26-May-2023 18:55:06.161 INFO [http-nio-9999-exec-9] org.apache.catalina.core.ApplicationContext.log Manager: list: Listing contexts for virtual host 'localhost'
26-May-2023 18:55:06.167 INFO [http-nio-9999-exec-10] org.apache.catalina.core.ApplicationContext.log Manager: list: Listing contexts for virtual host 'localhost'
26-May-2023 18:55:06.323 INFO [http-nio-9999-exec-1] org.apache.catalina.core.ApplicationContext.log Manager: restart: Reloading web application '/F8_Group6'
26-May-2023 19:01:15.944 INFO [http-nio-9999-exec-12] org.apache.catalina.core.ApplicationContext.log Manager: list: Listing contexts for virtual host 'localhost'
26-May-2023 19:01:26.787 INFO [http-nio-9999-exec-17] org.apache.catalina.core.ApplicationContext.log Manager: list: Listing contexts for virtual host 'localhost'
26-May-2023 19:02:01.115 INFO [http-nio-9999-exec-11] org.apache.catalina.core.ApplicationContext.log Manager: list: Listing contexts for virtual host 'localhost'
26-May-2023 19:02:09.717 INFO [http-nio-9999-exec-15] org.apache.catalina.core.ApplicationContext.log Manager: list: Listing contexts for virtual host 'localhost'
26-May-2023 19:02:11.244 INFO [http-nio-9999-exec-17] org.apache.catalina.core.ApplicationContext.log Manager: list: Listing contexts for virtual host 'localhost'
26-May-2023 19:02:21.089 INFO [http-nio-9999-exec-15] org.apache.catalina.core.ApplicationContext.log Manager: list: Listing contexts for virtual host 'localhost'
26-May-2023 19:02:21.124 INFO [http-nio-9999-exec-17] org.apache.catalina.core.ApplicationContext.log Manager: list: Listing contexts for virtual host 'localhost'
26-May-2023 19:02:33.424 INFO [http-nio-9999-exec-19] org.apache.catalina.core.ApplicationContext.log Manager: list: Listing contexts for virtual host 'localhost'
26-May-2023 19:04:22.820 INFO [http-nio-9999-exec-18] org.apache.catalina.core.ApplicationContext.log Manager: list: Listing contexts for virtual host 'localhost'
26-May-2023 19:04:31.463 INFO [http-nio-9999-exec-11] org.apache.catalina.core.ApplicationContext.log Manager: list: Listing contexts for virtual host 'localhost'
26-May-2023 19:04:53.753 INFO [http-nio-9999-exec-14] org.apache.catalina.core.ApplicationContext.log Manager: list: Listing contexts for virtual host 'localhost'
26-May-2023 19:08:58.101 INFO [http-nio-9999-exec-13] org.apache.catalina.core.ApplicationContext.log Manager: list: Listing contexts for virtual host 'localhost'
26-May-2023 19:09:04.207 INFO [http-nio-9999-exec-14] org.apache.catalina.core.ApplicationContext.log Manager: list: Listing contexts for virtual host 'localhost'
26-May-2023 19:09:29.828 INFO [http-nio-9999-exec-16] org.apache.catalina.core.ApplicationContext.log Manager: list: Listing contexts for virtual host 'localhost'
26-May-2023 19:10:03.383 INFO [http-nio-9999-exec-18] org.apache.catalina.core.ApplicationContext.log Manager: list: Listing contexts for virtual host 'localhost'
26-May-2023 19:11:15.839 INFO [http-nio-9999-exec-20] org.apache.catalina.core.ApplicationContext.log Manager: list: Listing contexts for virtual host 'localhost'
26-May-2023 19:11:25.655 INFO [http-nio-9999-exec-18] org.apache.catalina.core.ApplicationContext.log Manager: list: Listing contexts for virtual host 'localhost'
26-May-2023 19:12:05.768 INFO [http-nio-9999-exec-18] org.apache.catalina.core.ApplicationContext.log Manager: list: Listing contexts for virtual host 'localhost'
26-May-2023 19:12:26.623 INFO [http-nio-9999-exec-13] org.apache.catalina.core.ApplicationContext.log Manager: list: Listing contexts for virtual host 'localhost'
26-May-2023 19:12:59.783 INFO [http-nio-9999-exec-11] org.apache.catalina.core.ApplicationContext.log Manager: list: Listing contexts for virtual host 'localhost'
26-May-2023 19:13:37.268 INFO [http-nio-9999-exec-20] org.apache.catalina.core.ApplicationContext.log Manager: list: Listing contexts for virtual host 'localhost'
26-May-2023 19:13:47.346 INFO [http-nio-9999-exec-13] org.apache.catalina.core.ApplicationContext.log Manager: list: Listing contexts for virtual host 'localhost'
26-May-2023 19:14:54.741 INFO [http-nio-9999-exec-11] org.apache.catalina.core.ApplicationContext.log Manager: list: Listing contexts for virtual host 'localhost'
26-May-2023 19:15:15.340 INFO [http-nio-9999-exec-15] org.apache.catalina.core.ApplicationContext.log Manager: list: Listing contexts for virtual host 'localhost'
26-May-2023 19:15:38.961 INFO [http-nio-9999-exec-15] org.apache.catalina.core.ApplicationContext.log Manager: list: Listing contexts for virtual host 'localhost'
26-May-2023 19:15:47.617 INFO [http-nio-9999-exec-12] org.apache.catalina.core.ApplicationContext.log Manager: list: Listing contexts for virtual host 'localhost'
26-May-2023 19:15:51.543 INFO [http-nio-9999-exec-17] org.apache.catalina.core.ApplicationContext.log Manager: list: Listing contexts for virtual host 'localhost'
26-May-2023 19:15:53.253 INFO [http-nio-9999-exec-12] org.apache.catalina.core.ApplicationContext.log Manager: list: Listing contexts for virtual host 'localhost'
26-May-2023 19:18:23.790 INFO [http-nio-9999-exec-15] org.apache.catalina.core.ApplicationContext.log Manager: list: Listing contexts for virtual host 'localhost'
26-May-2023 19:20:26.186 INFO [http-nio-9999-exec-16] org.apache.catalina.core.ApplicationContext.log Manager: list: Listing contexts for virtual host 'localhost'
26-May-2023 19:20:31.140 INFO [http-nio-9999-exec-13] org.apache.catalina.core.ApplicationContext.log Manager: list: Listing contexts for virtual host 'localhost'
26-May-2023 19:20:37.893 INFO [http-nio-9999-exec-11] org.apache.catalina.core.ApplicationContext.log Manager: list: Listing contexts for virtual host 'localhost'
26-May-2023 19:25:15.336 INFO [http-nio-9999-exec-14] org.apache.catalina.core.ApplicationContext.log Manager: list: Listing contexts for virtual host 'localhost'
26-May-2023 19:25:15.660 INFO [http-nio-9999-exec-16] org.apache.catalina.core.ApplicationContext.log Manager: list: Listing contexts for virtual host 'localhost'
26-May-2023 19:26:01.348 INFO [http-nio-9999-exec-15] org.apache.catalina.core.ApplicationContext.log Manager: list: Listing contexts for virtual host 'localhost'
26-May-2023 19:26:26.636 INFO [http-nio-9999-exec-11] org.apache.catalina.core.ApplicationContext.log Manager: list: Listing contexts for virtual host 'localhost'
26-May-2023 19:27:02.410 INFO [http-nio-9999-exec-20] org.apache.catalina.core.ApplicationContext.log Manager: list: Listing contexts for virtual host 'localhost'
26-May-2023 19:27:17.115 INFO [http-nio-9999-exec-11] org.apache.catalina.core.ApplicationContext.log Manager: list: Listing contexts for virtual host 'localhost'
26-May-2023 19:27:17.117 INFO [http-nio-9999-exec-13] org.apache.catalina.core.ApplicationContext.log Manager: list: Listing contexts for virtual host 'localhost'
26-May-2023 19:27:54.184 INFO [http-nio-9999-exec-12] org.apache.catalina.core.ApplicationContext.log Manager: list: Listing contexts for virtual host 'localhost'
26-May-2023 19:28:05.124 INFO [http-nio-9999-exec-15] org.apache.catalina.core.ApplicationContext.log Manager: list: Listing contexts for virtual host 'localhost'
26-May-2023 19:30:13.763 INFO [http-nio-9999-exec-19] org.apache.catalina.core.ApplicationContext.log Manager: list: Listing contexts for virtual host 'localhost'
26-May-2023 19:30:30.265 INFO [http-nio-9999-exec-12] org.apache.catalina.core.ApplicationContext.log Manager: list: Listing contexts for virtual host 'localhost'
26-May-2023 19:32:00.006 INFO [http-nio-9999-exec-12] org.apache.catalina.core.ApplicationContext.log Manager: list: Listing contexts for virtual host 'localhost'
26-May-2023 19:32:39.497 INFO [http-nio-9999-exec-18] org.apache.catalina.core.ApplicationContext.log Manager: list: Listing contexts for virtual host 'localhost'
26-May-2023 19:32:39.506 INFO [http-nio-9999-exec-19] org.apache.catalina.core.ApplicationContext.log Manager: stop: Stopping web application '/F8_Group6'
26-May-2023 19:32:39.515 INFO [http-nio-9999-exec-18] org.apache.catalina.core.ApplicationContext.log Manager: start: Starting web application '/F8_Group6'
26-May-2023 19:32:40.907 INFO [http-nio-9999-exec-11] org.apache.catalina.core.ApplicationContext.log Manager: list: Listing contexts for virtual host 'localhost'
26-May-2023 19:32:40.912 INFO [http-nio-9999-exec-14] org.apache.catalina.core.ApplicationContext.log Manager: restart: Reloading web application '/F8_Group6'
26-May-2023 19:33:06.092 INFO [http-nio-9999-exec-13] org.apache.catalina.core.ApplicationContext.log Manager: list: Listing contexts for virtual host 'localhost'
26-May-2023 19:33:06.096 INFO [http-nio-9999-exec-17] org.apache.catalina.core.ApplicationContext.log Manager: restart: Reloading web application '/F8_Group6'
26-May-2023 19:33:25.443 INFO [http-nio-9999-exec-12] org.apache.catalina.core.ApplicationContext.log Manager: list: Listing contexts for virtual host 'localhost'
26-May-2023 19:34:11.452 INFO [http-nio-9999-exec-27] org.apache.catalina.core.ApplicationContext.log Manager: list: Listing contexts for virtual host 'localhost'
26-May-2023 19:34:45.486 INFO [http-nio-9999-exec-27] org.apache.catalina.core.ApplicationContext.log Manager: list: Listing contexts for virtual host 'localhost'
26-May-2023 19:36:04.750 INFO [http-nio-9999-exec-26] org.apache.catalina.core.ApplicationContext.log Manager: list: Listing contexts for virtual host 'localhost'
26-May-2023 19:36:40.130 INFO [http-nio-9999-exec-26] org.apache.catalina.core.ApplicationContext.log Manager: list: Listing contexts for virtual host 'localhost'
26-May-2023 19:37:41.241 INFO [http-nio-9999-exec-32] org.apache.catalina.core.ApplicationContext.log Manager: list: Listing contexts for virtual host 'localhost'
26-May-2023 19:38:17.438 INFO [http-nio-9999-exec-34] org.apache.catalina.core.ApplicationContext.log Manager: list: Listing contexts for virtual host 'localhost'
26-May-2023 19:39:16.789 INFO [http-nio-9999-exec-34] org.apache.catalina.core.ApplicationContext.log Manager: list: Listing contexts for virtual host 'localhost'
26-May-2023 19:39:34.023 INFO [http-nio-9999-exec-32] org.apache.catalina.core.ApplicationContext.log Manager: list: Listing contexts for virtual host 'localhost'
26-May-2023 19:40:45.787 INFO [http-nio-9999-exec-25] org.apache.catalina.core.ApplicationContext.log Manager: list: Listing contexts for virtual host 'localhost'
26-May-2023 19:40:51.425 INFO [http-nio-9999-exec-28] org.apache.catalina.core.ApplicationContext.log Manager: list: Listing contexts for virtual host 'localhost'
26-May-2023 19:40:54.493 INFO [http-nio-9999-exec-31] org.apache.catalina.core.ApplicationContext.log Manager: list: Listing contexts for virtual host 'localhost'
26-May-2023 19:41:27.958 INFO [http-nio-9999-exec-34] org.apache.catalina.core.ApplicationContext.log Manager: list: Listing contexts for virtual host 'localhost'
26-May-2023 19:42:01.133 INFO [http-nio-9999-exec-31] org.apache.catalina.core.ApplicationContext.log Manager: list: Listing contexts for virtual host 'localhost'
26-May-2023 19:47:29.331 INFO [http-nio-9999-exec-34] org.apache.catalina.core.ApplicationContext.log Manager: list: Listing contexts for virtual host 'localhost'
26-May-2023 19:47:29.337 INFO [http-nio-9999-exec-30] org.apache.catalina.core.ApplicationContext.log Manager: restart: Reloading web application '/F8_Group6'
26-May-2023 19:51:51.025 INFO [http-nio-9999-exec-36] org.apache.catalina.core.ApplicationContext.log Manager: list: Listing contexts for virtual host 'localhost'
26-May-2023 19:51:51.031 INFO [http-nio-9999-exec-37] org.apache.catalina.core.ApplicationContext.log Manager: restart: Reloading web application '/F8_Group6'
26-May-2023 19:51:52.190 INFO [http-nio-9999-exec-28] org.apache.catalina.core.ApplicationContext.log Manager: list: Listing contexts for virtual host 'localhost'
26-May-2023 19:51:52.197 INFO [http-nio-9999-exec-36] org.apache.catalina.core.ApplicationContext.log Manager: restart: Reloading web application '/F8_Group6'
26-May-2023 19:51:56.133 INFO [http-nio-9999-exec-38] org.apache.catalina.core.ApplicationContext.log Manager: list: Listing contexts for virtual host 'localhost'
26-May-2023 19:51:56.138 INFO [http-nio-9999-exec-26] org.apache.catalina.core.ApplicationContext.log Manager: restart: Reloading web application '/F8_Group6'
26-May-2023 19:52:39.000 INFO [http-nio-9999-exec-28] org.apache.catalina.core.ApplicationContext.log Manager: list: Listing contexts for virtual host 'localhost'
26-May-2023 19:52:39.005 INFO [http-nio-9999-exec-36] org.apache.catalina.core.ApplicationContext.log Manager: restart: Reloading web application '/F8_Group6'
26-May-2023 19:52:54.469 INFO [http-nio-9999-exec-45] org.apache.catalina.core.ApplicationContext.log Manager: list: Listing contexts for virtual host 'localhost'
26-May-2023 19:52:54.474 INFO [http-nio-9999-exec-43] org.apache.catalina.core.ApplicationContext.log Manager: restart: Reloading web application '/F8_Group6'
26-May-2023 19:52:55.987 INFO [http-nio-9999-exec-28] org.apache.catalina.core.ApplicationContext.log Manager: list: Listing contexts for virtual host 'localhost'
26-May-2023 19:52:55.991 INFO [http-nio-9999-exec-36] org.apache.catalina.core.ApplicationContext.log Manager: restart: Reloading web application '/F8_Group6'
26-May-2023 19:53:07.794 INFO [http-nio-9999-exec-46] org.apache.catalina.core.ApplicationContext.log Manager: list: Listing contexts for virtual host 'localhost'
26-May-2023 19:53:07.799 INFO [http-nio-9999-exec-41] org.apache.catalina.core.ApplicationContext.log Manager: restart: Reloading web application '/F8_Group6'
26-May-2023 19:53:17.556 INFO [http-nio-9999-exec-45] org.apache.catalina.core.ApplicationContext.log Manager: list: Listing contexts for virtual host 'localhost'
26-May-2023 19:53:17.562 INFO [http-nio-9999-exec-39] org.apache.catalina.core.ApplicationContext.log Manager: restart: Reloading web application '/F8_Group6'
26-May-2023 19:56:16.680 INFO [http-nio-9999-exec-39] org.apache.catalina.core.ApplicationContext.log Manager: list: Listing contexts for virtual host 'localhost'
26-May-2023 19:56:16.686 INFO [http-nio-9999-exec-58] org.apache.catalina.core.ApplicationContext.log Manager: restart: Reloading web application '/F8_Group6'
26-May-2023 19:56:22.649 INFO [http-nio-9999-exec-51] org.apache.catalina.core.ApplicationContext.log Manager: list: Listing contexts for virtual host 'localhost'
26-May-2023 19:56:22.656 INFO [http-nio-9999-exec-52] org.apache.catalina.core.ApplicationContext.log Manager: restart: Reloading web application '/F8_Group6'
26-May-2023 19:58:42.434 INFO [http-nio-9999-exec-58] org.apache.catalina.core.ApplicationContext.log Manager: list: Listing contexts for virtual host 'localhost'
26-May-2023 19:58:42.440 INFO [http-nio-9999-exec-62] org.apache.catalina.core.ApplicationContext.log Manager: restart: Reloading web application '/F8_Group6'
26-May-2023 20:00:09.620 INFO [http-nio-9999-exec-64] org.apache.catalina.core.ApplicationContext.log Manager: list: Listing contexts for virtual host 'localhost'
26-May-2023 20:00:09.626 INFO [http-nio-9999-exec-65] org.apache.catalina.core.ApplicationContext.log Manager: restart: Reloading web application '/F8_Group6'
26-May-2023 20:00:26.190 INFO [http-nio-9999-exec-68] org.apache.catalina.core.ApplicationContext.log Manager: list: Listing contexts for virtual host 'localhost'
26-May-2023 20:00:26.196 INFO [http-nio-9999-exec-63] org.apache.catalina.core.ApplicationContext.log Manager: restart: Reloading web application '/F8_Group6'
26-May-2023 20:08:04.090 INFO [http-nio-9999-exec-73] org.apache.catalina.core.ApplicationContext.log Manager: list: Listing contexts for virtual host 'localhost'
26-May-2023 20:08:22.077 INFO [http-nio-9999-exec-72] org.apache.catalina.core.ApplicationContext.log Manager: list: Listing contexts for virtual host 'localhost'
26-May-2023 20:08:44.569 INFO [http-nio-9999-exec-72] org.apache.catalina.core.ApplicationContext.log Manager: list: Listing contexts for virtual host 'localhost'
26-May-2023 20:30:11.323 INFO [http-nio-9999-exec-73] org.apache.catalina.core.ApplicationContext.log Manager: list: Listing contexts for virtual host 'localhost'
26-May-2023 20:30:11.328 INFO [http-nio-9999-exec-77] org.apache.catalina.core.ApplicationContext.log Manager: restart: Reloading web application '/F8_Group6'
26-May-2023 20:30:16.905 INFO [http-nio-9999-exec-73] org.apache.catalina.core.ApplicationContext.log Manager: list: Listing contexts for virtual host 'localhost'
26-May-2023 20:30:16.911 INFO [http-nio-9999-exec-80] org.apache.catalina.core.ApplicationContext.log Manager: restart: Reloading web application '/F8_Group6'
26-May-2023 20:31:03.863 INFO [http-nio-9999-exec-71] org.apache.catalina.core.ApplicationContext.log Manager: list: Listing contexts for virtual host 'localhost'
26-May-2023 20:31:03.868 INFO [http-nio-9999-exec-76] org.apache.catalina.core.ApplicationContext.log Manager: restart: Reloading web application '/F8_Group6'
26-May-2023 20:31:07.446 INFO [http-nio-9999-exec-82] org.apache.catalina.core.ApplicationContext.log Manager: list: Listing contexts for virtual host 'localhost'
26-May-2023 20:31:07.451 INFO [http-nio-9999-exec-75] org.apache.catalina.core.ApplicationContext.log Manager: restart: Reloading web application '/F8_Group6'
26-May-2023 20:31:16.580 INFO [http-nio-9999-exec-83] org.apache.catalina.core.ApplicationContext.log Manager: list: Listing contexts for virtual host 'localhost'
26-May-2023 20:31:16.584 INFO [http-nio-9999-exec-82] org.apache.catalina.core.ApplicationContext.log Manager: restart: Reloading web application '/F8_Group6'
26-May-2023 20:31:53.225 INFO [http-nio-9999-exec-75] org.apache.catalina.core.ApplicationContext.log Manager: list: Listing contexts for virtual host 'localhost'
26-May-2023 20:31:53.230 INFO [http-nio-9999-exec-85] org.apache.catalina.core.ApplicationContext.log Manager: restart: Reloading web application '/F8_Group6'
26-May-2023 20:33:34.453 INFO [http-nio-9999-exec-82] org.apache.catalina.core.ApplicationContext.log Manager: list: Listing contexts for virtual host 'localhost'
26-May-2023 20:33:46.733 INFO [http-nio-9999-exec-85] org.apache.catalina.core.ApplicationContext.log Manager: list: Listing contexts for virtual host 'localhost'
26-May-2023 20:34:03.779 INFO [http-nio-9999-exec-89] org.apache.catalina.core.ApplicationContext.log Manager: list: Listing contexts for virtual host 'localhost'
26-May-2023 21:35:00.988 INFO [http-nio-9999-exec-89] org.apache.catalina.core.ApplicationContext.log Manager: list: Listing contexts for virtual host 'localhost'
26-May-2023 21:35:00.995 INFO [http-nio-9999-exec-90] org.apache.catalina.core.ApplicationContext.log Manager: undeploy: Undeploying web application at '/F8_Group6'
