14-Mar-2023 00:01:55.997 INFO [http-nio-9999-exec-276] org.apache.catalina.core.ApplicationContext.log Manager: list: Listing contexts for virtual host 'localhost'
14-Mar-2023 00:02:29.409 INFO [http-nio-9999-exec-276] org.apache.catalina.core.ApplicationContext.log Manager: list: Listing contexts for virtual host 'localhost'
14-Mar-2023 00:02:49.604 INFO [http-nio-9999-exec-278] org.apache.catalina.core.ApplicationContext.log Manager: list: Listing contexts for virtual host 'localhost'
14-Mar-2023 00:03:34.807 INFO [http-nio-9999-exec-283] org.apache.catalina.core.ApplicationContext.log Manager: list: Listing contexts for virtual host 'localhost'
14-Mar-2023 00:05:40.778 INFO [http-nio-9999-exec-278] org.apache.catalina.core.ApplicationContext.log Manager: list: Listing contexts for virtual host 'localhost'
14-Mar-2023 00:05:41.101 INFO [http-nio-9999-exec-279] org.apache.catalina.core.ApplicationContext.log Manager: list: Listing contexts for virtual host 'localhost'
14-Mar-2023 00:06:15.809 INFO [http-nio-9999-exec-283] org.apache.catalina.core.ApplicationContext.log Manager: list: Listing contexts for virtual host 'localhost'
14-Mar-2023 00:06:19.357 INFO [http-nio-9999-exec-281] org.apache.catalina.core.ApplicationContext.log Manager: list: Listing contexts for virtual host 'localhost'
14-Mar-2023 00:07:04.196 INFO [http-nio-9999-exec-283] org.apache.catalina.core.ApplicationContext.log Manager: list: Listing contexts for virtual host 'localhost'
14-Mar-2023 00:07:13.186 INFO [http-nio-9999-exec-284] org.apache.catalina.core.ApplicationContext.log Manager: list: Listing contexts for virtual host 'localhost'
14-Mar-2023 00:07:48.897 INFO [http-nio-9999-exec-282] org.apache.catalina.core.ApplicationContext.log Manager: list: Listing contexts for virtual host 'localhost'
14-Mar-2023 00:08:30.319 INFO [http-nio-9999-exec-283] org.apache.catalina.core.ApplicationContext.log Manager: list: Listing contexts for virtual host 'localhost'
14-Mar-2023 00:08:38.481 INFO [http-nio-9999-exec-283] org.apache.catalina.core.ApplicationContext.log Manager: list: Listing contexts for virtual host 'localhost'
14-Mar-2023 00:08:58.619 INFO [http-nio-9999-exec-283] org.apache.catalina.core.ApplicationContext.log Manager: list: Listing contexts for virtual host 'localhost'
14-Mar-2023 00:09:19.572 INFO [http-nio-9999-exec-282] org.apache.catalina.core.ApplicationContext.log Manager: list: Listing contexts for virtual host 'localhost'
14-Mar-2023 00:23:59.822 INFO [http-nio-9999-exec-279] org.apache.catalina.core.ApplicationContext.log Manager: list: Listing contexts for virtual host 'localhost'
14-Mar-2023 00:24:45.692 INFO [http-nio-9999-exec-276] org.apache.catalina.core.ApplicationContext.log Manager: list: Listing contexts for virtual host 'localhost'
14-Mar-2023 00:31:32.666 INFO [http-nio-9999-exec-283] org.apache.catalina.core.ApplicationContext.log Manager: list: Listing contexts for virtual host 'localhost'
14-Mar-2023 00:32:09.865 INFO [http-nio-9999-exec-276] org.apache.catalina.core.ApplicationContext.log Manager: list: Listing contexts for virtual host 'localhost'
14-Mar-2023 00:32:39.767 INFO [http-nio-9999-exec-275] org.apache.catalina.core.ApplicationContext.log Manager: list: Listing contexts for virtual host 'localhost'
14-Mar-2023 00:33:07.529 INFO [http-nio-9999-exec-277] org.apache.catalina.core.ApplicationContext.log Manager: list: Listing contexts for virtual host 'localhost'
14-Mar-2023 00:33:57.045 INFO [http-nio-9999-exec-275] org.apache.catalina.core.ApplicationContext.log Manager: list: Listing contexts for virtual host 'localhost'
14-Mar-2023 00:34:13.865 INFO [http-nio-9999-exec-276] org.apache.catalina.core.ApplicationContext.log Manager: list: Listing contexts for virtual host 'localhost'
14-Mar-2023 00:34:35.934 INFO [http-nio-9999-exec-276] org.apache.catalina.core.ApplicationContext.log Manager: list: Listing contexts for virtual host 'localhost'
14-Mar-2023 00:36:56.694 INFO [http-nio-9999-exec-278] org.apache.catalina.core.ApplicationContext.log Manager: list: Listing contexts for virtual host 'localhost'
14-Mar-2023 00:37:09.798 INFO [http-nio-9999-exec-278] org.apache.catalina.core.ApplicationContext.log Manager: list: Listing contexts for virtual host 'localhost'
14-Mar-2023 00:37:14.153 INFO [http-nio-9999-exec-284] org.apache.catalina.core.ApplicationContext.log Manager: list: Listing contexts for virtual host 'localhost'
14-Mar-2023 00:38:31.841 INFO [http-nio-9999-exec-277] org.apache.catalina.core.ApplicationContext.log Manager: list: Listing contexts for virtual host 'localhost'
14-Mar-2023 00:39:57.846 INFO [http-nio-9999-exec-283] org.apache.catalina.core.ApplicationContext.log Manager: list: Listing contexts for virtual host 'localhost'
14-Mar-2023 00:40:44.705 INFO [http-nio-9999-exec-275] org.apache.catalina.core.ApplicationContext.log Manager: list: Listing contexts for virtual host 'localhost'
14-Mar-2023 00:41:49.019 INFO [http-nio-9999-exec-276] org.apache.catalina.core.ApplicationContext.log Manager: list: Listing contexts for virtual host 'localhost'
14-Mar-2023 00:41:58.903 INFO [http-nio-9999-exec-276] org.apache.catalina.core.ApplicationContext.log Manager: list: Listing contexts for virtual host 'localhost'
14-Mar-2023 00:42:26.768 INFO [http-nio-9999-exec-281] org.apache.catalina.core.ApplicationContext.log Manager: list: Listing contexts for virtual host 'localhost'
14-Mar-2023 00:43:37.097 INFO [http-nio-9999-exec-279] org.apache.catalina.core.ApplicationContext.log Manager: list: Listing contexts for virtual host 'localhost'
14-Mar-2023 00:43:48.215 INFO [http-nio-9999-exec-279] org.apache.catalina.core.ApplicationContext.log Manager: list: Listing contexts for virtual host 'localhost'
14-Mar-2023 00:44:41.899 INFO [http-nio-9999-exec-282] org.apache.catalina.core.ApplicationContext.log Manager: list: Listing contexts for virtual host 'localhost'
14-Mar-2023 00:45:06.318 INFO [http-nio-9999-exec-278] org.apache.catalina.core.ApplicationContext.log Manager: list: Listing contexts for virtual host 'localhost'
14-Mar-2023 00:45:20.929 INFO [http-nio-9999-exec-278] org.apache.catalina.core.ApplicationContext.log Manager: list: Listing contexts for virtual host 'localhost'
14-Mar-2023 00:46:50.007 INFO [http-nio-9999-exec-280] org.apache.catalina.core.ApplicationContext.log Manager: list: Listing contexts for virtual host 'localhost'
14-Mar-2023 00:47:01.383 INFO [http-nio-9999-exec-281] org.apache.catalina.core.ApplicationContext.log Manager: list: Listing contexts for virtual host 'localhost'
14-Mar-2023 00:47:29.748 INFO [http-nio-9999-exec-279] org.apache.catalina.core.ApplicationContext.log Manager: list: Listing contexts for virtual host 'localhost'
14-Mar-2023 00:48:14.390 INFO [http-nio-9999-exec-282] org.apache.catalina.core.ApplicationContext.log Manager: list: Listing contexts for virtual host 'localhost'
14-Mar-2023 00:48:59.835 INFO [http-nio-9999-exec-276] org.apache.catalina.core.ApplicationContext.log Manager: list: Listing contexts for virtual host 'localhost'
14-Mar-2023 00:49:39.344 INFO [http-nio-9999-exec-280] org.apache.catalina.core.ApplicationContext.log Manager: list: Listing contexts for virtual host 'localhost'
14-Mar-2023 00:50:04.982 INFO [http-nio-9999-exec-281] org.apache.catalina.core.ApplicationContext.log Manager: list: Listing contexts for virtual host 'localhost'
14-Mar-2023 00:50:45.429 INFO [http-nio-9999-exec-280] org.apache.catalina.core.ApplicationContext.log Manager: list: Listing contexts for virtual host 'localhost'
14-Mar-2023 00:51:09.739 INFO [http-nio-9999-exec-284] org.apache.catalina.core.ApplicationContext.log Manager: list: Listing contexts for virtual host 'localhost'
14-Mar-2023 00:51:57.827 INFO [http-nio-9999-exec-281] org.apache.catalina.core.ApplicationContext.log Manager: list: Listing contexts for virtual host 'localhost'
14-Mar-2023 00:52:23.763 INFO [http-nio-9999-exec-284] org.apache.catalina.core.ApplicationContext.log Manager: list: Listing contexts for virtual host 'localhost'
14-Mar-2023 00:54:35.935 INFO [http-nio-9999-exec-278] org.apache.catalina.core.ApplicationContext.log Manager: list: Listing contexts for virtual host 'localhost'
14-Mar-2023 00:58:47.653 INFO [http-nio-9999-exec-278] org.apache.catalina.core.ApplicationContext.log Manager: list: Listing contexts for virtual host 'localhost'
14-Mar-2023 01:01:59.201 INFO [http-nio-9999-exec-283] org.apache.catalina.core.ApplicationContext.log Manager: list: Listing contexts for virtual host 'localhost'
14-Mar-2023 01:02:44.923 INFO [http-nio-9999-exec-280] org.apache.catalina.core.ApplicationContext.log Manager: list: Listing contexts for virtual host 'localhost'
14-Mar-2023 01:03:04.307 INFO [http-nio-9999-exec-280] org.apache.catalina.core.ApplicationContext.log Manager: list: Listing contexts for virtual host 'localhost'
14-Mar-2023 01:06:45.852 INFO [http-nio-9999-exec-283] org.apache.catalina.core.ApplicationContext.log Manager: list: Listing contexts for virtual host 'localhost'
14-Mar-2023 01:07:53.577 INFO [http-nio-9999-exec-284] org.apache.catalina.core.ApplicationContext.log Manager: list: Listing contexts for virtual host 'localhost'
14-Mar-2023 01:08:29.713 INFO [http-nio-9999-exec-283] org.apache.catalina.core.ApplicationContext.log Manager: list: Listing contexts for virtual host 'localhost'
14-Mar-2023 01:09:00.235 INFO [http-nio-9999-exec-279] org.apache.catalina.core.ApplicationContext.log Manager: list: Listing contexts for virtual host 'localhost'
14-Mar-2023 01:09:20.499 INFO [http-nio-9999-exec-278] org.apache.catalina.core.ApplicationContext.log Manager: list: Listing contexts for virtual host 'localhost'
14-Mar-2023 01:10:43.017 INFO [http-nio-9999-exec-279] org.apache.catalina.core.ApplicationContext.log Manager: list: Listing contexts for virtual host 'localhost'
14-Mar-2023 01:13:33.393 INFO [http-nio-9999-exec-276] org.apache.catalina.core.ApplicationContext.log Manager: list: Listing contexts for virtual host 'localhost'
14-Mar-2023 01:14:43.202 INFO [http-nio-9999-exec-276] org.apache.catalina.core.ApplicationContext.log Manager: list: Listing contexts for virtual host 'localhost'
14-Mar-2023 01:14:55.288 INFO [http-nio-9999-exec-275] org.apache.catalina.core.ApplicationContext.log Manager: list: Listing contexts for virtual host 'localhost'
14-Mar-2023 01:15:42.696 INFO [http-nio-9999-exec-275] org.apache.catalina.core.ApplicationContext.log Manager: list: Listing contexts for virtual host 'localhost'
14-Mar-2023 01:16:30.883 INFO [http-nio-9999-exec-276] org.apache.catalina.core.ApplicationContext.log Manager: list: Listing contexts for virtual host 'localhost'
14-Mar-2023 01:20:22.099 INFO [http-nio-9999-exec-283] org.apache.catalina.core.ApplicationContext.log Manager: list: Listing contexts for virtual host 'localhost'
14-Mar-2023 01:20:44.921 INFO [http-nio-9999-exec-275] org.apache.catalina.core.ApplicationContext.log Manager: list: Listing contexts for virtual host 'localhost'
14-Mar-2023 01:22:59.144 INFO [http-nio-9999-exec-284] org.apache.catalina.core.ApplicationContext.log Manager: list: Listing contexts for virtual host 'localhost'
14-Mar-2023 01:23:07.233 INFO [http-nio-9999-exec-276] org.apache.catalina.core.ApplicationContext.log Manager: list: Listing contexts for virtual host 'localhost'
14-Mar-2023 01:24:11.333 INFO [http-nio-9999-exec-280] org.apache.catalina.core.ApplicationContext.log Manager: list: Listing contexts for virtual host 'localhost'
14-Mar-2023 01:25:21.517 INFO [http-nio-9999-exec-275] org.apache.catalina.core.ApplicationContext.log Manager: list: Listing contexts for virtual host 'localhost'
14-Mar-2023 01:25:48.537 INFO [http-nio-9999-exec-280] org.apache.catalina.core.ApplicationContext.log Manager: list: Listing contexts for virtual host 'localhost'
14-Mar-2023 01:26:35.524 INFO [http-nio-9999-exec-278] org.apache.catalina.core.ApplicationContext.log Manager: list: Listing contexts for virtual host 'localhost'
14-Mar-2023 01:28:31.440 INFO [http-nio-9999-exec-280] org.apache.catalina.core.ApplicationContext.log Manager: list: Listing contexts for virtual host 'localhost'
14-Mar-2023 01:29:45.631 INFO [http-nio-9999-exec-280] org.apache.catalina.core.ApplicationContext.log Manager: list: Listing contexts for virtual host 'localhost'
14-Mar-2023 01:41:55.759 INFO [http-nio-9999-exec-280] org.apache.catalina.core.ApplicationContext.log Manager: list: Listing contexts for virtual host 'localhost'
14-Mar-2023 01:45:24.653 INFO [http-nio-9999-exec-282] org.apache.catalina.core.ApplicationContext.log Manager: list: Listing contexts for virtual host 'localhost'
14-Mar-2023 01:45:25.751 INFO [http-nio-9999-exec-280] org.apache.catalina.core.ApplicationContext.log Manager: list: Listing contexts for virtual host 'localhost'
14-Mar-2023 01:45:25.758 INFO [http-nio-9999-exec-281] org.apache.catalina.core.ApplicationContext.log Manager: restart: Reloading web application '/Assignment'
14-Mar-2023 01:47:27.767 INFO [http-nio-9999-exec-286] org.apache.catalina.core.ApplicationContext.log Manager: list: Listing contexts for virtual host 'localhost'
14-Mar-2023 01:47:27.768 INFO [http-nio-9999-exec-284] org.apache.catalina.core.ApplicationContext.log Manager: list: Listing contexts for virtual host 'localhost'
14-Mar-2023 01:47:27.801 INFO [http-nio-9999-exec-282] org.apache.catalina.core.ApplicationContext.log Manager: undeploy: Undeploying web application at '/AssignmentPRJ23'
14-Mar-2023 01:47:28.314 INFO [http-nio-9999-exec-287] org.apache.catalina.core.ApplicationContext.log Manager: install: Installing context configuration at 'file:/C:/Users/ADMIN/AppData/Local/Temp/context6251203342324479017.xml'
14-Mar-2023 01:47:28.608 INFO [http-nio-9999-exec-283] org.apache.catalina.core.ApplicationContext.log Manager: start: Starting web application '/AssignmentPRJ23'
14-Mar-2023 01:48:01.786 INFO [http-nio-9999-exec-275] org.apache.catalina.core.ApplicationContext.log Manager: list: Listing contexts for virtual host 'localhost'
14-Mar-2023 01:48:01.790 INFO [http-nio-9999-exec-283] org.apache.catalina.core.ApplicationContext.log Manager: list: Listing contexts for virtual host 'localhost'
14-Mar-2023 01:48:01.835 INFO [http-nio-9999-exec-289] org.apache.catalina.core.ApplicationContext.log Manager: undeploy: Undeploying web application at '/Assignment'
14-Mar-2023 01:48:02.364 INFO [http-nio-9999-exec-283] org.apache.catalina.core.ApplicationContext.log Manager: install: Installing context configuration at 'file:/C:/Users/ADMIN/AppData/Local/Temp/context1732576863794218392.xml'
14-Mar-2023 01:48:02.755 INFO [http-nio-9999-exec-295] org.apache.catalina.core.ApplicationContext.log Manager: start: Starting web application '/Assignment'
14-Mar-2023 01:50:53.803 INFO [http-nio-9999-exec-300] org.apache.catalina.core.ApplicationContext.log Manager: list: Listing contexts for virtual host 'localhost'
14-Mar-2023 01:50:54.117 INFO [http-nio-9999-exec-292] org.apache.catalina.core.ApplicationContext.log Manager: list: Listing contexts for virtual host 'localhost'
14-Mar-2023 01:50:54.121 INFO [http-nio-9999-exec-289] org.apache.catalina.core.ApplicationContext.log Manager: restart: Reloading web application '/Assignment'
14-Mar-2023 01:51:02.919 INFO [http-nio-9999-exec-292] org.apache.catalina.core.ApplicationContext.log Manager: list: Listing contexts for virtual host 'localhost'
14-Mar-2023 01:51:02.927 INFO [http-nio-9999-exec-294] org.apache.catalina.core.ApplicationContext.log Manager: restart: Reloading web application '/Assignment'
14-Mar-2023 01:51:15.901 INFO [http-nio-9999-exec-289] org.apache.catalina.core.ApplicationContext.log Manager: list: Listing contexts for virtual host 'localhost'
14-Mar-2023 01:51:15.907 INFO [http-nio-9999-exec-305] org.apache.catalina.core.ApplicationContext.log Manager: restart: Reloading web application '/Assignment'
14-Mar-2023 01:51:16.576 INFO [http-nio-9999-exec-306] org.apache.catalina.core.ApplicationContext.log Manager: list: Listing contexts for virtual host 'localhost'
14-Mar-2023 01:51:16.580 INFO [http-nio-9999-exec-289] org.apache.catalina.core.ApplicationContext.log Manager: restart: Reloading web application '/Assignment'
14-Mar-2023 01:51:25.682 INFO [http-nio-9999-exec-299] org.apache.catalina.core.ApplicationContext.log Manager: list: Listing contexts for virtual host 'localhost'
14-Mar-2023 01:51:25.690 INFO [http-nio-9999-exec-306] org.apache.catalina.core.ApplicationContext.log Manager: restart: Reloading web application '/Assignment'
14-Mar-2023 01:51:26.456 INFO [http-nio-9999-exec-297] org.apache.catalina.core.ApplicationContext.log Manager: list: Listing contexts for virtual host 'localhost'
14-Mar-2023 01:51:26.466 INFO [http-nio-9999-exec-292] org.apache.catalina.core.ApplicationContext.log Manager: restart: Reloading web application '/Assignment'
14-Mar-2023 01:51:59.951 INFO [http-nio-9999-exec-296] org.apache.catalina.core.ApplicationContext.log Manager: list: Listing contexts for virtual host 'localhost'
14-Mar-2023 01:51:59.960 INFO [http-nio-9999-exec-305] org.apache.catalina.core.ApplicationContext.log Manager: restart: Reloading web application '/Assignment'
14-Mar-2023 01:52:01.991 INFO [http-nio-9999-exec-308] org.apache.catalina.core.ApplicationContext.log Manager: list: Listing contexts for virtual host 'localhost'
14-Mar-2023 01:52:01.993 INFO [http-nio-9999-exec-299] org.apache.catalina.core.ApplicationContext.log Manager: list: Listing contexts for virtual host 'localhost'
14-Mar-2023 01:52:02.027 INFO [http-nio-9999-exec-307] org.apache.catalina.core.ApplicationContext.log Manager: undeploy: Undeploying web application at '/Assignment'
14-Mar-2023 01:52:02.565 INFO [http-nio-9999-exec-296] org.apache.catalina.core.ApplicationContext.log Manager: install: Installing context configuration at 'file:/C:/Users/ADMIN/AppData/Local/Temp/context8446570124370909304.xml'
14-Mar-2023 01:52:02.915 INFO [http-nio-9999-exec-299] org.apache.catalina.core.ApplicationContext.log Manager: start: Starting web application '/Assignment'
14-Mar-2023 01:53:46.431 INFO [http-nio-9999-exec-318] org.apache.catalina.core.ApplicationContext.log Manager: list: Listing contexts for virtual host 'localhost'
14-Mar-2023 01:53:46.432 INFO [http-nio-9999-exec-319] org.apache.catalina.core.ApplicationContext.log Manager: list: Listing contexts for virtual host 'localhost'
14-Mar-2023 01:53:46.459 INFO [http-nio-9999-exec-320] org.apache.catalina.core.ApplicationContext.log Manager: undeploy: Undeploying web application at '/Assignment'
14-Mar-2023 01:53:46.986 INFO [http-nio-9999-exec-312] org.apache.catalina.core.ApplicationContext.log Manager: install: Installing context configuration at 'file:/C:/Users/ADMIN/AppData/Local/Temp/context3208879343161604324.xml'
14-Mar-2023 01:53:47.329 INFO [http-nio-9999-exec-313] org.apache.catalina.core.ApplicationContext.log Manager: start: Starting web application '/Assignment'
14-Mar-2023 11:45:53.268 INFO [http-nio-9999-exec-6] org.apache.catalina.core.ApplicationContext.log Manager: init: Associated with Deployer 'Catalina:type=Deployer,host=localhost'
14-Mar-2023 11:45:53.268 INFO [http-nio-9999-exec-6] org.apache.catalina.core.ApplicationContext.log Manager: init: Global resources are available
14-Mar-2023 11:45:53.307 INFO [http-nio-9999-exec-9] org.apache.catalina.core.ApplicationContext.log Manager: list: Listing contexts for virtual host 'localhost'
14-Mar-2023 11:45:53.313 INFO [http-nio-9999-exec-10] org.apache.catalina.core.ApplicationContext.log Manager: list: Listing contexts for virtual host 'localhost'
14-Mar-2023 11:45:53.425 INFO [http-nio-9999-exec-3] org.apache.catalina.core.ApplicationContext.log Manager: undeploy: Undeploying web application at '/Assignment'
14-Mar-2023 11:45:53.970 INFO [http-nio-9999-exec-6] org.apache.catalina.core.ApplicationContext.log Manager: install: Installing context configuration at 'file:/C:/Users/ADMIN/AppData/Local/Temp/context7673278231940728390.xml'
14-Mar-2023 11:45:54.429 INFO [http-nio-9999-exec-5] org.apache.catalina.core.ApplicationContext.log Manager: start: Starting web application '/Assignment'
14-Mar-2023 11:54:27.395 INFO [http-nio-9999-exec-17] org.apache.catalina.core.ApplicationContext.log Manager: list: Listing contexts for virtual host 'localhost'
14-Mar-2023 11:54:27.414 INFO [http-nio-9999-exec-11] org.apache.catalina.core.ApplicationContext.log Manager: restart: Reloading web application '/Assignment'
14-Mar-2023 12:06:04.607 INFO [http-nio-9999-exec-22] org.apache.catalina.core.ApplicationContext.log Manager: list: Listing contexts for virtual host 'localhost'
14-Mar-2023 12:06:04.615 INFO [http-nio-9999-exec-24] org.apache.catalina.core.ApplicationContext.log Manager: restart: Reloading web application '/Assignment'
14-Mar-2023 12:06:21.711 INFO [http-nio-9999-exec-32] org.apache.catalina.core.ApplicationContext.log Manager: list: Listing contexts for virtual host 'localhost'
14-Mar-2023 12:06:21.715 INFO [http-nio-9999-exec-30] org.apache.catalina.core.ApplicationContext.log Manager: list: Listing contexts for virtual host 'localhost'
14-Mar-2023 12:06:21.791 INFO [http-nio-9999-exec-21] org.apache.catalina.core.ApplicationContext.log Manager: undeploy: Undeploying web application at '/Assignment'
14-Mar-2023 12:06:22.327 INFO [http-nio-9999-exec-31] org.apache.catalina.core.ApplicationContext.log Manager: install: Installing context configuration at 'file:/C:/Users/ADMIN/AppData/Local/Temp/context7052814619418883388.xml'
14-Mar-2023 12:06:22.827 INFO [http-nio-9999-exec-29] org.apache.catalina.core.ApplicationContext.log Manager: start: Starting web application '/Assignment'
14-Mar-2023 12:07:12.113 INFO [http-nio-9999-exec-33] org.apache.catalina.core.ApplicationContext.log Manager: list: Listing contexts for virtual host 'localhost'
14-Mar-2023 12:07:12.121 INFO [http-nio-9999-exec-38] org.apache.catalina.core.ApplicationContext.log Manager: restart: Reloading web application '/Assignment'
14-Mar-2023 12:18:55.976 INFO [http-nio-9999-exec-48] org.apache.catalina.core.ApplicationContext.log Manager: list: Listing contexts for virtual host 'localhost'
14-Mar-2023 12:18:55.983 INFO [http-nio-9999-exec-47] org.apache.catalina.core.ApplicationContext.log Manager: restart: Reloading web application '/Assignment'
14-Mar-2023 13:03:18.132 INFO [http-nio-9999-exec-56] org.apache.catalina.core.ApplicationContext.log Manager: list: Listing contexts for virtual host 'localhost'
14-Mar-2023 13:03:18.134 INFO [http-nio-9999-exec-55] org.apache.catalina.core.ApplicationContext.log Manager: list: Listing contexts for virtual host 'localhost'
14-Mar-2023 13:03:18.183 INFO [http-nio-9999-exec-45] org.apache.catalina.core.ApplicationContext.log Manager: undeploy: Undeploying web application at '/Assignment'
14-Mar-2023 13:03:18.697 INFO [http-nio-9999-exec-53] org.apache.catalina.core.ApplicationContext.log Manager: install: Installing context configuration at 'file:/C:/Users/ADMIN/AppData/Local/Temp/context7586604409005790041.xml'
14-Mar-2023 13:03:19.088 INFO [http-nio-9999-exec-54] org.apache.catalina.core.ApplicationContext.log Manager: start: Starting web application '/Assignment'
14-Mar-2023 14:05:22.301 INFO [http-nio-9999-exec-63] org.apache.catalina.core.ApplicationContext.log Manager: list: Listing contexts for virtual host 'localhost'
14-Mar-2023 14:29:14.800 INFO [http-nio-9999-exec-64] org.apache.catalina.core.ApplicationContext.log Manager: list: Listing contexts for virtual host 'localhost'
14-Mar-2023 14:29:14.805 INFO [http-nio-9999-exec-59] org.apache.catalina.core.ApplicationContext.log Manager: stop: Stopping web application '/Assignment'
14-Mar-2023 14:29:14.921 INFO [http-nio-9999-exec-60] org.apache.catalina.core.ApplicationContext.log Manager: start: Starting web application '/Assignment'
14-Mar-2023 14:29:28.119 INFO [http-nio-9999-exec-66] org.apache.catalina.core.ApplicationContext.log Manager: list: Listing contexts for virtual host 'localhost'
14-Mar-2023 14:29:28.126 INFO [http-nio-9999-exec-62] org.apache.catalina.core.ApplicationContext.log Manager: stop: Stopping web application '/Assignment'
14-Mar-2023 14:29:28.132 INFO [http-nio-9999-exec-66] org.apache.catalina.core.ApplicationContext.log Manager: start: Starting web application '/Assignment'
14-Mar-2023 14:29:31.040 INFO [http-nio-9999-exec-69] org.apache.catalina.core.ApplicationContext.log Manager: list: Listing contexts for virtual host 'localhost'
14-Mar-2023 14:29:31.043 INFO [http-nio-9999-exec-57] org.apache.catalina.core.ApplicationContext.log Manager: list: Listing contexts for virtual host 'localhost'
14-Mar-2023 14:29:31.092 INFO [http-nio-9999-exec-58] org.apache.catalina.core.ApplicationContext.log Manager: undeploy: Undeploying web application at '/Assignment'
14-Mar-2023 14:29:31.610 INFO [http-nio-9999-exec-66] org.apache.catalina.core.ApplicationContext.log Manager: install: Installing context configuration at 'file:/C:/Users/ADMIN/AppData/Local/Temp/context1039897566387880736.xml'
14-Mar-2023 14:29:31.950 INFO [http-nio-9999-exec-69] org.apache.catalina.core.ApplicationContext.log Manager: start: Starting web application '/Assignment'
14-Mar-2023 14:29:58.375 INFO [http-nio-9999-exec-69] org.apache.catalina.core.ApplicationContext.log Manager: list: Listing contexts for virtual host 'localhost'
14-Mar-2023 14:29:58.381 INFO [http-nio-9999-exec-66] org.apache.catalina.core.ApplicationContext.log Manager: stop: Stopping web application '/Assignment'
14-Mar-2023 14:29:58.387 INFO [http-nio-9999-exec-60] org.apache.catalina.core.ApplicationContext.log Manager: start: Starting web application '/Assignment'
14-Mar-2023 14:31:41.589 INFO [http-nio-9999-exec-73] org.apache.catalina.core.ApplicationContext.log Manager: list: Listing contexts for virtual host 'localhost'
14-Mar-2023 14:31:41.596 INFO [http-nio-9999-exec-82] org.apache.catalina.core.ApplicationContext.log Manager: stop: Stopping web application '/Assignment'
14-Mar-2023 14:31:41.600 INFO [http-nio-9999-exec-79] org.apache.catalina.core.ApplicationContext.log Manager: start: Starting web application '/Assignment'
14-Mar-2023 14:31:59.207 INFO [http-nio-9999-exec-80] org.apache.catalina.core.ApplicationContext.log Manager: list: Listing contexts for virtual host 'localhost'
14-Mar-2023 14:31:59.213 INFO [http-nio-9999-exec-70] org.apache.catalina.core.ApplicationContext.log Manager: stop: Stopping web application '/Assignment'
14-Mar-2023 14:31:59.219 INFO [http-nio-9999-exec-68] org.apache.catalina.core.ApplicationContext.log Manager: start: Starting web application '/Assignment'
14-Mar-2023 14:47:23.695 INFO [http-nio-9999-exec-88] org.apache.catalina.core.ApplicationContext.log Manager: list: Listing contexts for virtual host 'localhost'
14-Mar-2023 14:47:23.697 INFO [http-nio-9999-exec-95] org.apache.catalina.core.ApplicationContext.log Manager: list: Listing contexts for virtual host 'localhost'
14-Mar-2023 14:47:23.729 INFO [http-nio-9999-exec-96] org.apache.catalina.core.ApplicationContext.log Manager: undeploy: Undeploying web application at '/Assignment'
14-Mar-2023 14:47:24.259 INFO [http-nio-9999-exec-91] org.apache.catalina.core.ApplicationContext.log Manager: install: Installing context configuration at 'file:/C:/Users/ADMIN/AppData/Local/Temp/context360642414604272515.xml'
14-Mar-2023 14:47:24.629 INFO [http-nio-9999-exec-93] org.apache.catalina.core.ApplicationContext.log Manager: start: Starting web application '/Assignment'
14-Mar-2023 16:33:56.666 INFO [http-nio-9999-exec-103] org.apache.catalina.core.ApplicationContext.log Manager: list: Listing contexts for virtual host 'localhost'
14-Mar-2023 16:33:56.670 INFO [http-nio-9999-exec-102] org.apache.catalina.core.ApplicationContext.log Manager: list: Listing contexts for virtual host 'localhost'
14-Mar-2023 16:33:56.749 INFO [http-nio-9999-exec-98] org.apache.catalina.core.ApplicationContext.log Manager: undeploy: Undeploying web application at '/Assignment'
14-Mar-2023 16:33:57.284 INFO [http-nio-9999-exec-100] org.apache.catalina.core.ApplicationContext.log Manager: install: Installing context configuration at 'file:/C:/Users/ADMIN/AppData/Local/Temp/context4723781997626087993.xml'
14-Mar-2023 16:33:57.624 INFO [http-nio-9999-exec-102] org.apache.catalina.core.ApplicationContext.log Manager: start: Starting web application '/Assignment'
14-Mar-2023 17:03:02.132 INFO [http-nio-9999-exec-116] org.apache.catalina.core.ApplicationContext.log Manager: list: Listing contexts for virtual host 'localhost'
14-Mar-2023 17:03:19.376 INFO [http-nio-9999-exec-113] org.apache.catalina.core.ApplicationContext.log Manager: list: Listing contexts for virtual host 'localhost'
14-Mar-2023 17:03:27.955 INFO [http-nio-9999-exec-113] org.apache.catalina.core.ApplicationContext.log Manager: list: Listing contexts for virtual host 'localhost'
14-Mar-2023 17:32:37.974 INFO [http-nio-9999-exec-111] org.apache.catalina.core.ApplicationContext.log Manager: list: Listing contexts for virtual host 'localhost'
14-Mar-2023 17:32:37.978 INFO [http-nio-9999-exec-113] org.apache.catalina.core.ApplicationContext.log Manager: list: Listing contexts for virtual host 'localhost'
14-Mar-2023 17:32:38.050 INFO [http-nio-9999-exec-116] org.apache.catalina.core.ApplicationContext.log Manager: undeploy: Undeploying web application at '/Assignment'
14-Mar-2023 17:32:38.578 INFO [http-nio-9999-exec-110] org.apache.catalina.core.ApplicationContext.log Manager: install: Installing context configuration at 'file:/C:/Users/ADMIN/AppData/Local/Temp/context8486382220502287664.xml'
14-Mar-2023 17:32:39.049 INFO [http-nio-9999-exec-109] org.apache.catalina.core.ApplicationContext.log Manager: start: Starting web application '/Assignment'
14-Mar-2023 17:32:59.008 INFO [http-nio-9999-exec-114] org.apache.catalina.core.ApplicationContext.log Manager: list: Listing contexts for virtual host 'localhost'
14-Mar-2023 17:32:59.073 INFO [http-nio-9999-exec-119] org.apache.catalina.core.ApplicationContext.log Manager: undeploy: Undeploying web application at '/Assignment'
14-Mar-2023 17:32:59.598 INFO [http-nio-9999-exec-113] org.apache.catalina.core.ApplicationContext.log Manager: install: Installing context configuration at 'file:/C:/Users/ADMIN/AppData/Local/Temp/context3040382335820822270.xml'
14-Mar-2023 17:33:00.002 INFO [http-nio-9999-exec-118] org.apache.catalina.core.ApplicationContext.log Manager: start: Starting web application '/Assignment'
14-Mar-2023 20:39:30.252 INFO [http-nio-9999-exec-6] org.apache.catalina.core.ApplicationContext.log Manager: init: Associated with Deployer 'Catalina:type=Deployer,host=localhost'
14-Mar-2023 20:39:30.252 INFO [http-nio-9999-exec-6] org.apache.catalina.core.ApplicationContext.log Manager: init: Global resources are available
14-Mar-2023 20:39:30.282 INFO [http-nio-9999-exec-8] org.apache.catalina.core.ApplicationContext.log Manager: list: Listing contexts for virtual host 'localhost'
14-Mar-2023 20:39:30.287 INFO [http-nio-9999-exec-10] org.apache.catalina.core.ApplicationContext.log Manager: list: Listing contexts for virtual host 'localhost'
14-Mar-2023 20:39:30.356 INFO [http-nio-9999-exec-1] org.apache.catalina.core.ApplicationContext.log Manager: undeploy: Undeploying web application at '/Assignment'
14-Mar-2023 20:39:30.889 INFO [http-nio-9999-exec-7] org.apache.catalina.core.ApplicationContext.log Manager: install: Installing context configuration at 'file:/C:/Users/ADMIN/AppData/Local/Temp/context3008727850129526894.xml'
14-Mar-2023 20:39:31.285 INFO [http-nio-9999-exec-5] org.apache.catalina.core.ApplicationContext.log Manager: start: Starting web application '/Assignment'
14-Mar-2023 20:42:27.757 INFO [http-nio-9999-exec-13] org.apache.catalina.core.ApplicationContext.log Manager: list: Listing contexts for virtual host 'localhost'
14-Mar-2023 20:42:27.769 INFO [http-nio-9999-exec-17] org.apache.catalina.core.ApplicationContext.log Manager: restart: Reloading web application '/Assignment'
14-Mar-2023 21:02:30.786 INFO [http-nio-9999-exec-22] org.apache.catalina.core.ApplicationContext.log Manager: list: Listing contexts for virtual host 'localhost'
14-Mar-2023 21:02:30.793 INFO [http-nio-9999-exec-23] org.apache.catalina.core.ApplicationContext.log Manager: restart: Reloading web application '/Assignment'
14-Mar-2023 21:30:01.549 INFO [http-nio-9999-exec-34] org.apache.catalina.core.ApplicationContext.log Manager: list: Listing contexts for virtual host 'localhost'
14-Mar-2023 21:30:01.556 INFO [http-nio-9999-exec-33] org.apache.catalina.core.ApplicationContext.log Manager: restart: Reloading web application '/Assignment'
14-Mar-2023 21:35:13.872 INFO [http-nio-9999-exec-44] org.apache.catalina.core.ApplicationContext.log Manager: list: Listing contexts for virtual host 'localhost'
14-Mar-2023 21:37:35.550 INFO [http-nio-9999-exec-43] org.apache.catalina.core.ApplicationContext.log Manager: list: Listing contexts for virtual host 'localhost'
14-Mar-2023 21:42:56.927 INFO [http-nio-9999-exec-47] org.apache.catalina.core.ApplicationContext.log Manager: list: Listing contexts for virtual host 'localhost'
14-Mar-2023 21:46:44.918 INFO [http-nio-9999-exec-48] org.apache.catalina.core.ApplicationContext.log Manager: list: Listing contexts for virtual host 'localhost'
14-Mar-2023 21:46:44.924 INFO [http-nio-9999-exec-45] org.apache.catalina.core.ApplicationContext.log Manager: restart: Reloading web application '/Assignment'
14-Mar-2023 21:55:45.635 INFO [http-nio-9999-exec-59] org.apache.catalina.core.ApplicationContext.log Manager: list: Listing contexts for virtual host 'localhost'
14-Mar-2023 22:06:06.761 INFO [http-nio-9999-exec-57] org.apache.catalina.core.ApplicationContext.log Manager: list: Listing contexts for virtual host 'localhost'
14-Mar-2023 22:15:45.699 INFO [http-nio-9999-exec-55] org.apache.catalina.core.ApplicationContext.log Manager: list: Listing contexts for virtual host 'localhost'
14-Mar-2023 22:16:55.386 INFO [http-nio-9999-exec-53] org.apache.catalina.core.ApplicationContext.log Manager: list: Listing contexts for virtual host 'localhost'
14-Mar-2023 22:18:38.502 INFO [http-nio-9999-exec-59] org.apache.catalina.core.ApplicationContext.log Manager: list: Listing contexts for virtual host 'localhost'
14-Mar-2023 22:23:46.267 INFO [http-nio-9999-exec-54] org.apache.catalina.core.ApplicationContext.log Manager: list: Listing contexts for virtual host 'localhost'
14-Mar-2023 22:23:48.354 INFO [http-nio-9999-exec-58] org.apache.catalina.core.ApplicationContext.log Manager: list: Listing contexts for virtual host 'localhost'
14-Mar-2023 22:25:46.980 INFO [http-nio-9999-exec-60] org.apache.catalina.core.ApplicationContext.log Manager: list: Listing contexts for virtual host 'localhost'
14-Mar-2023 22:49:58.038 INFO [http-nio-9999-exec-58] org.apache.catalina.core.ApplicationContext.log Manager: list: Listing contexts for virtual host 'localhost'
14-Mar-2023 22:49:58.055 INFO [http-nio-9999-exec-55] org.apache.catalina.core.ApplicationContext.log Manager: list: Listing contexts for virtual host 'localhost'
14-Mar-2023 22:49:58.062 INFO [http-nio-9999-exec-54] org.apache.catalina.core.ApplicationContext.log Manager: install: Installing context configuration at 'file:/C:/Users/ADMIN/AppData/Local/Temp/context7332940813309451676.xml'
14-Mar-2023 22:49:58.086 INFO [http-nio-9999-exec-56] org.apache.catalina.core.ApplicationContext.log Manager: start: Starting web application '/Q1_FA22_HE163935'
14-Mar-2023 22:51:11.088 INFO [http-nio-9999-exec-57] org.apache.catalina.core.ApplicationContext.log Manager: list: Listing contexts for virtual host 'localhost'
14-Mar-2023 22:51:11.093 INFO [http-nio-9999-exec-52] org.apache.catalina.core.ApplicationContext.log Manager: stop: Stopping web application '/Q1_FA22_HE163935'
14-Mar-2023 22:51:11.100 INFO [http-nio-9999-exec-51] org.apache.catalina.core.ApplicationContext.log Manager: start: Starting web application '/Q1_FA22_HE163935'
14-Mar-2023 22:51:11.439 INFO [http-nio-9999-exec-56] org.apache.catalina.core.ApplicationContext.log Manager: list: Listing contexts for virtual host 'localhost'
14-Mar-2023 22:51:11.445 INFO [http-nio-9999-exec-57] org.apache.catalina.core.ApplicationContext.log Manager: stop: Stopping web application '/Q1_FA22_HE163935'
14-Mar-2023 22:51:11.449 INFO [http-nio-9999-exec-58] org.apache.catalina.core.ApplicationContext.log Manager: start: Starting web application '/Q1_FA22_HE163935'
14-Mar-2023 22:51:44.135 INFO [http-nio-9999-exec-53] org.apache.catalina.core.ApplicationContext.log Manager: list: Listing contexts for virtual host 'localhost'
14-Mar-2023 22:51:44.139 INFO [http-nio-9999-exec-54] org.apache.catalina.core.ApplicationContext.log Manager: restart: Reloading web application '/Q1_FA22_HE163935'
14-Mar-2023 22:52:47.165 INFO [http-nio-9999-exec-61] org.apache.catalina.core.ApplicationContext.log Manager: list: Listing contexts for virtual host 'localhost'
14-Mar-2023 22:52:47.169 INFO [http-nio-9999-exec-53] org.apache.catalina.core.ApplicationContext.log Manager: restart: Reloading web application '/Q1_FA22_HE163935'
14-Mar-2023 23:10:50.755 INFO [http-nio-9999-exec-65] org.apache.catalina.core.ApplicationContext.log Manager: list: Listing contexts for virtual host 'localhost'
14-Mar-2023 23:10:50.771 INFO [http-nio-9999-exec-69] org.apache.catalina.core.ApplicationContext.log Manager: list: Listing contexts for virtual host 'localhost'
14-Mar-2023 23:10:50.776 INFO [http-nio-9999-exec-70] org.apache.catalina.core.ApplicationContext.log Manager: install: Installing context configuration at 'file:/C:/Users/ADMIN/AppData/Local/Temp/context7395798442126649009.xml'
14-Mar-2023 23:10:51.141 INFO [http-nio-9999-exec-71] org.apache.catalina.core.ApplicationContext.log Manager: start: Starting web application '/Q2_FA22_HE163935'
14-Mar-2023 23:11:12.086 INFO [http-nio-9999-exec-73] org.apache.catalina.core.ApplicationContext.log Manager: list: Listing contexts for virtual host 'localhost'
