03-Mar-2023 13:31:17.391 INFO [http-nio-9999-exec-6] org.apache.catalina.core.ApplicationContext.log Manager: init: Associated with Deployer 'Catalina:type=Deployer,host=localhost'
03-Mar-2023 13:31:17.391 INFO [http-nio-9999-exec-6] org.apache.catalina.core.ApplicationContext.log Manager: init: Global resources are available
03-Mar-2023 13:31:17.425 INFO [http-nio-9999-exec-9] org.apache.catalina.core.ApplicationContext.log Manager: list: Listing contexts for virtual host 'localhost'
03-Mar-2023 13:31:17.429 INFO [http-nio-9999-exec-10] org.apache.catalina.core.ApplicationContext.log Manager: list: Listing contexts for virtual host 'localhost'
03-Mar-2023 13:31:17.499 INFO [http-nio-9999-exec-1] org.apache.catalina.core.ApplicationContext.log Manager: undeploy: Undeploying web application at '/AssignmentPRJ23'
03-Mar-2023 13:31:18.042 INFO [http-nio-9999-exec-10] org.apache.catalina.core.ApplicationContext.log Manager: install: Installing context configuration at 'file:/C:/Users/ADMIN/AppData/Local/Temp/context1588877789618559063.xml'
03-Mar-2023 13:31:18.448 INFO [http-nio-9999-exec-5] org.apache.catalina.core.ApplicationContext.log Manager: start: Starting web application '/AssignmentPRJ23'
03-Mar-2023 15:25:39.724 INFO [http-nio-9999-exec-18] org.apache.catalina.core.ApplicationContext.log Manager: list: Listing contexts for virtual host 'localhost'
03-Mar-2023 15:25:39.727 INFO [http-nio-9999-exec-17] org.apache.catalina.core.ApplicationContext.log Manager: list: Listing contexts for virtual host 'localhost'
03-Mar-2023 15:28:35.850 INFO [http-nio-9999-exec-14] org.apache.catalina.core.ApplicationContext.log Manager: list: Listing contexts for virtual host 'localhost'
03-Mar-2023 15:28:35.857 INFO [http-nio-9999-exec-13] org.apache.catalina.core.ApplicationContext.log Manager: undeploy: Undeploying web application at '/WebApplication3'
03-Mar-2023 15:46:04.633 INFO [http-nio-9999-exec-23] org.apache.catalina.core.ApplicationContext.log Manager: list: Listing contexts for virtual host 'localhost'
03-Mar-2023 15:46:04.653 INFO [http-nio-9999-exec-24] org.apache.catalina.core.ApplicationContext.log Manager: list: Listing contexts for virtual host 'localhost'
03-Mar-2023 15:46:04.661 INFO [http-nio-9999-exec-26] org.apache.catalina.core.ApplicationContext.log Manager: install: Installing context configuration at 'file:/C:/Users/ADMIN/AppData/Local/Temp/context1160816380306459551.xml'
03-Mar-2023 15:46:04.747 INFO [http-nio-9999-exec-27] org.apache.catalina.core.ApplicationContext.log Manager: start: Starting web application '/PRJ301Slot15'
03-Mar-2023 15:52:16.843 INFO [http-nio-9999-exec-22] org.apache.catalina.core.ApplicationContext.log Manager: list: Listing contexts for virtual host 'localhost'
03-Mar-2023 15:54:00.307 INFO [http-nio-9999-exec-26] org.apache.catalina.core.ApplicationContext.log Manager: list: Listing contexts for virtual host 'localhost'
03-Mar-2023 15:56:58.077 INFO [http-nio-9999-exec-25] org.apache.catalina.core.ApplicationContext.log Manager: list: Listing contexts for virtual host 'localhost'
03-Mar-2023 16:01:52.371 INFO [http-nio-9999-exec-28] org.apache.catalina.core.ApplicationContext.log Manager: list: Listing contexts for virtual host 'localhost'
03-Mar-2023 16:01:52.375 INFO [http-nio-9999-exec-29] org.apache.catalina.core.ApplicationContext.log Manager: list: Listing contexts for virtual host 'localhost'
03-Mar-2023 16:06:02.601 INFO [http-nio-9999-exec-25] org.apache.catalina.core.ApplicationContext.log Manager: list: Listing contexts for virtual host 'localhost'
03-Mar-2023 16:07:53.621 INFO [http-nio-9999-exec-27] org.apache.catalina.core.ApplicationContext.log Manager: list: Listing contexts for virtual host 'localhost'
03-Mar-2023 16:11:40.634 INFO [http-nio-9999-exec-21] org.apache.catalina.core.ApplicationContext.log Manager: list: Listing contexts for virtual host 'localhost'
03-Mar-2023 16:11:40.637 INFO [http-nio-9999-exec-24] org.apache.catalina.core.ApplicationContext.log Manager: list: Listing contexts for virtual host 'localhost'
03-Mar-2023 16:11:40.667 INFO [http-nio-9999-exec-27] org.apache.catalina.core.ApplicationContext.log Manager: undeploy: Undeploying web application at '/AssignmentPRJ23'
03-Mar-2023 16:11:41.206 INFO [http-nio-9999-exec-22] org.apache.catalina.core.ApplicationContext.log Manager: install: Installing context configuration at 'file:/C:/Users/ADMIN/AppData/Local/Temp/context5049480447125468177.xml'
03-Mar-2023 16:11:41.743 INFO [http-nio-9999-exec-23] org.apache.catalina.core.ApplicationContext.log Manager: start: Starting web application '/AssignmentPRJ23'
03-Mar-2023 16:13:23.179 INFO [http-nio-9999-exec-33] org.apache.catalina.core.ApplicationContext.log Manager: list: Listing contexts for virtual host 'localhost'
03-Mar-2023 16:13:55.708 INFO [http-nio-9999-exec-36] org.apache.catalina.core.ApplicationContext.log Manager: list: Listing contexts for virtual host 'localhost'
03-Mar-2023 16:13:58.372 INFO [http-nio-9999-exec-37] org.apache.catalina.core.ApplicationContext.log Manager: list: Listing contexts for virtual host 'localhost'
03-Mar-2023 16:13:58.375 INFO [http-nio-9999-exec-39] org.apache.catalina.core.ApplicationContext.log Manager: list: Listing contexts for virtual host 'localhost'
03-Mar-2023 16:13:58.394 INFO [http-nio-9999-exec-34] org.apache.catalina.core.ApplicationContext.log Manager: install: Installing context configuration at 'file:/C:/Users/ADMIN/AppData/Local/Temp/context7286105267470627912.xml'
03-Mar-2023 16:13:58.796 INFO [http-nio-9999-exec-35] org.apache.catalina.core.ApplicationContext.log Manager: start: Starting web application '/WebApplication3'
03-Mar-2023 16:30:17.889 INFO [http-nio-9999-exec-6] org.apache.catalina.core.ApplicationContext.log Manager: init: Associated with Deployer 'Catalina:type=Deployer,host=localhost'
03-Mar-2023 16:30:17.889 INFO [http-nio-9999-exec-6] org.apache.catalina.core.ApplicationContext.log Manager: init: Global resources are available
03-Mar-2023 16:30:17.918 INFO [http-nio-9999-exec-7] org.apache.catalina.core.ApplicationContext.log Manager: list: Listing contexts for virtual host 'localhost'
03-Mar-2023 16:30:17.956 INFO [http-nio-9999-exec-9] org.apache.catalina.core.ApplicationContext.log Manager: undeploy: Undeploying web application at '/ChuaBTVN1'
03-Mar-2023 16:30:18.489 INFO [http-nio-9999-exec-1] org.apache.catalina.core.ApplicationContext.log Manager: install: Installing context configuration at 'file:/C:/Users/ADMIN/AppData/Local/Temp/context2582560869475803482.xml'
03-Mar-2023 16:30:18.534 INFO [http-nio-9999-exec-2] org.apache.catalina.core.ApplicationContext.log Manager: start: Starting web application '/ChuaBTVN1'
03-Mar-2023 16:33:11.793 INFO [http-nio-9999-exec-14] org.apache.catalina.core.ApplicationContext.log Manager: list: Listing contexts for virtual host 'localhost'
03-Mar-2023 16:33:11.796 INFO [http-nio-9999-exec-13] org.apache.catalina.core.ApplicationContext.log Manager: list: Listing contexts for virtual host 'localhost'
03-Mar-2023 16:35:25.936 INFO [http-nio-9999-exec-17] org.apache.catalina.core.ApplicationContext.log Manager: list: Listing contexts for virtual host 'localhost'
03-Mar-2023 16:35:25.943 INFO [http-nio-9999-exec-18] org.apache.catalina.core.ApplicationContext.log Manager: restart: Reloading web application '/CRUD'
03-Mar-2023 16:36:32.681 INFO [http-nio-9999-exec-12] org.apache.catalina.core.ApplicationContext.log Manager: list: Listing contexts for virtual host 'localhost'
03-Mar-2023 16:36:32.693 INFO [http-nio-9999-exec-16] org.apache.catalina.core.ApplicationContext.log Manager: stop: Stopping web application '/CRUD'
03-Mar-2023 16:36:32.702 INFO [http-nio-9999-exec-19] org.apache.catalina.core.ApplicationContext.log Manager: start: Starting web application '/CRUD'
03-Mar-2023 16:36:33.456 INFO [http-nio-9999-exec-19] org.apache.catalina.core.ApplicationContext.log Manager: list: Listing contexts for virtual host 'localhost'
03-Mar-2023 16:36:33.463 INFO [http-nio-9999-exec-21] org.apache.catalina.core.ApplicationContext.log Manager: undeploy: Undeploying web application at '/CRUD'
03-Mar-2023 16:36:34.001 INFO [http-nio-9999-exec-22] org.apache.catalina.core.ApplicationContext.log Manager: install: Installing context configuration at 'file:/C:/Users/ADMIN/AppData/Local/Temp/context1135344116963436354.xml'
03-Mar-2023 16:39:50.242 INFO [http-nio-9999-exec-25] org.apache.catalina.core.ApplicationContext.log Manager: list: Listing contexts for virtual host 'localhost'
03-Mar-2023 16:39:50.248 INFO [http-nio-9999-exec-26] org.apache.catalina.core.ApplicationContext.log Manager: restart: Reloading web application '/CRUD'
03-Mar-2023 16:39:57.374 INFO [http-nio-9999-exec-22] org.apache.catalina.core.ApplicationContext.log Manager: list: Listing contexts for virtual host 'localhost'
03-Mar-2023 16:39:57.377 INFO [http-nio-9999-exec-14] org.apache.catalina.core.ApplicationContext.log Manager: list: Listing contexts for virtual host 'localhost'
03-Mar-2023 16:39:57.407 INFO [http-nio-9999-exec-27] org.apache.catalina.core.ApplicationContext.log Manager: undeploy: Undeploying web application at '/CRUD'
03-Mar-2023 16:39:57.928 INFO [http-nio-9999-exec-14] org.apache.catalina.core.ApplicationContext.log Manager: install: Installing context configuration at 'file:/C:/Users/ADMIN/AppData/Local/Temp/context5927272151759292267.xml'
03-Mar-2023 16:40:46.227 INFO [http-nio-9999-exec-30] org.apache.catalina.core.ApplicationContext.log Manager: list: Listing contexts for virtual host 'localhost'
03-Mar-2023 16:40:46.231 INFO [http-nio-9999-exec-14] org.apache.catalina.core.ApplicationContext.log Manager: list: Listing contexts for virtual host 'localhost'
03-Mar-2023 16:41:02.289 INFO [http-nio-9999-exec-37] org.apache.catalina.core.ApplicationContext.log Manager: list: Listing contexts for virtual host 'localhost'
03-Mar-2023 16:41:02.295 INFO [http-nio-9999-exec-30] org.apache.catalina.core.ApplicationContext.log Manager: undeploy: Undeploying web application at '/CRUD'
03-Mar-2023 16:41:16.522 INFO [http-nio-9999-exec-31] org.apache.catalina.core.ApplicationContext.log Manager: list: Listing contexts for virtual host 'localhost'
03-Mar-2023 16:41:16.525 INFO [http-nio-9999-exec-32] org.apache.catalina.core.ApplicationContext.log Manager: list: Listing contexts for virtual host 'localhost'
03-Mar-2023 16:41:16.544 INFO [http-nio-9999-exec-38] org.apache.catalina.core.ApplicationContext.log Manager: install: Installing context configuration at 'file:/C:/Users/ADMIN/AppData/Local/Temp/context133962260030820411.xml'
03-Mar-2023 16:41:16.941 INFO [http-nio-9999-exec-37] org.apache.catalina.core.ApplicationContext.log Manager: start: Starting web application '/CRUD'
03-Mar-2023 16:42:22.590 INFO [http-nio-9999-exec-43] org.apache.catalina.core.ApplicationContext.log Manager: list: Listing contexts for virtual host 'localhost'
03-Mar-2023 16:42:22.594 INFO [http-nio-9999-exec-45] org.apache.catalina.core.ApplicationContext.log Manager: list: Listing contexts for virtual host 'localhost'
03-Mar-2023 16:57:26.437 INFO [http-nio-9999-exec-38] org.apache.catalina.core.ApplicationContext.log Manager: list: Listing contexts for virtual host 'localhost'
03-Mar-2023 16:57:26.439 INFO [http-nio-9999-exec-39] org.apache.catalina.core.ApplicationContext.log Manager: list: Listing contexts for virtual host 'localhost'
03-Mar-2023 16:58:16.934 INFO [http-nio-9999-exec-47] org.apache.catalina.core.ApplicationContext.log Manager: list: Listing contexts for virtual host 'localhost'
03-Mar-2023 16:58:16.937 INFO [http-nio-9999-exec-41] org.apache.catalina.core.ApplicationContext.log Manager: list: Listing contexts for virtual host 'localhost'
03-Mar-2023 16:58:49.169 INFO [http-nio-9999-exec-42] org.apache.catalina.core.ApplicationContext.log Manager: list: Listing contexts for virtual host 'localhost'
03-Mar-2023 16:58:49.174 INFO [http-nio-9999-exec-40] org.apache.catalina.core.ApplicationContext.log Manager: undeploy: Undeploying web application at '/CRUD'
03-Mar-2023 16:58:59.730 INFO [http-nio-9999-exec-47] org.apache.catalina.core.ApplicationContext.log Manager: list: Listing contexts for virtual host 'localhost'
03-Mar-2023 16:58:59.733 INFO [http-nio-9999-exec-38] org.apache.catalina.core.ApplicationContext.log Manager: list: Listing contexts for virtual host 'localhost'
03-Mar-2023 16:58:59.749 INFO [http-nio-9999-exec-46] org.apache.catalina.core.ApplicationContext.log Manager: install: Installing context configuration at 'file:/C:/Users/ADMIN/AppData/Local/Temp/context9054994632903193447.xml'
03-Mar-2023 16:59:00.145 INFO [http-nio-9999-exec-39] org.apache.catalina.core.ApplicationContext.log Manager: start: Starting web application '/CRUD'
03-Mar-2023 17:07:00.285 INFO [http-nio-9999-exec-53] org.apache.catalina.core.ApplicationContext.log Manager: list: Listing contexts for virtual host 'localhost'
03-Mar-2023 17:07:00.300 INFO [http-nio-9999-exec-55] org.apache.catalina.core.ApplicationContext.log Manager: list: Listing contexts for virtual host 'localhost'
03-Mar-2023 17:07:00.305 INFO [http-nio-9999-exec-56] org.apache.catalina.core.ApplicationContext.log Manager: install: Installing context configuration at 'file:/C:/Users/ADMIN/AppData/Local/Temp/context565462829025083787.xml'
03-Mar-2023 17:07:00.697 INFO [http-nio-9999-exec-57] org.apache.catalina.core.ApplicationContext.log Manager: start: Starting web application '/PRJ301Slot16'
03-Mar-2023 19:51:33.589 INFO [http-nio-9999-exec-6] org.apache.catalina.core.ApplicationContext.log Manager: init: Associated with Deployer 'Catalina:type=Deployer,host=localhost'
03-Mar-2023 19:51:33.589 INFO [http-nio-9999-exec-6] org.apache.catalina.core.ApplicationContext.log Manager: init: Global resources are available
03-Mar-2023 19:51:33.619 INFO [http-nio-9999-exec-8] org.apache.catalina.core.ApplicationContext.log Manager: list: Listing contexts for virtual host 'localhost'
03-Mar-2023 19:51:33.625 INFO [http-nio-9999-exec-9] org.apache.catalina.core.ApplicationContext.log Manager: list: Listing contexts for virtual host 'localhost'
03-Mar-2023 19:51:33.681 INFO [http-nio-9999-exec-10] org.apache.catalina.core.ApplicationContext.log Manager: restart: Reloading web application '/Assignment'
03-Mar-2023 19:58:51.508 INFO [http-nio-9999-exec-13] org.apache.catalina.core.ApplicationContext.log Manager: list: Listing contexts for virtual host 'localhost'
03-Mar-2023 19:58:51.512 INFO [http-nio-9999-exec-16] org.apache.catalina.core.ApplicationContext.log Manager: list: Listing contexts for virtual host 'localhost'
03-Mar-2023 20:01:12.694 INFO [http-nio-9999-exec-11] org.apache.catalina.core.ApplicationContext.log Manager: list: Listing contexts for virtual host 'localhost'
03-Mar-2023 20:01:12.697 INFO [http-nio-9999-exec-12] org.apache.catalina.core.ApplicationContext.log Manager: list: Listing contexts for virtual host 'localhost'
03-Mar-2023 22:17:39.071 INFO [http-nio-9999-exec-18] org.apache.catalina.core.ApplicationContext.log Manager: list: Listing contexts for virtual host 'localhost'
03-Mar-2023 22:17:39.075 INFO [http-nio-9999-exec-13] org.apache.catalina.core.ApplicationContext.log Manager: list: Listing contexts for virtual host 'localhost'
03-Mar-2023 22:24:27.002 INFO [http-nio-9999-exec-20] org.apache.catalina.core.ApplicationContext.log Manager: list: Listing contexts for virtual host 'localhost'
03-Mar-2023 22:24:27.017 INFO [http-nio-9999-exec-17] org.apache.catalina.core.ApplicationContext.log Manager: stop: Stopping web application '/Assignment'
03-Mar-2023 22:24:27.033 INFO [http-nio-9999-exec-15] org.apache.catalina.core.ApplicationContext.log Manager: start: Starting web application '/Assignment'
03-Mar-2023 22:24:31.397 INFO [http-nio-9999-exec-22] org.apache.catalina.core.ApplicationContext.log Manager: list: Listing contexts for virtual host 'localhost'
03-Mar-2023 22:24:31.400 INFO [http-nio-9999-exec-11] org.apache.catalina.core.ApplicationContext.log Manager: list: Listing contexts for virtual host 'localhost'
03-Mar-2023 22:24:31.434 INFO [http-nio-9999-exec-13] org.apache.catalina.core.ApplicationContext.log Manager: stop: Stopping web application '/Assignment'
03-Mar-2023 22:24:31.441 INFO [http-nio-9999-exec-18] org.apache.catalina.core.ApplicationContext.log Manager: start: Starting web application '/Assignment'
03-Mar-2023 22:24:56.972 INFO [http-nio-9999-exec-18] org.apache.catalina.core.ApplicationContext.log Manager: list: Listing contexts for virtual host 'localhost'
03-Mar-2023 22:24:56.981 INFO [http-nio-9999-exec-13] org.apache.catalina.core.ApplicationContext.log Manager: stop: Stopping web application '/Assignment'
03-Mar-2023 22:24:56.989 INFO [http-nio-9999-exec-18] org.apache.catalina.core.ApplicationContext.log Manager: start: Starting web application '/Assignment'
03-Mar-2023 22:24:59.333 INFO [http-nio-9999-exec-14] org.apache.catalina.core.ApplicationContext.log Manager: list: Listing contexts for virtual host 'localhost'
03-Mar-2023 22:24:59.340 INFO [http-nio-9999-exec-23] org.apache.catalina.core.ApplicationContext.log Manager: list: Listing contexts for virtual host 'localhost'
03-Mar-2023 22:24:59.384 INFO [http-nio-9999-exec-24] org.apache.catalina.core.ApplicationContext.log Manager: stop: Stopping web application '/Assignment'
03-Mar-2023 22:24:59.832 INFO [http-nio-9999-exec-23] org.apache.catalina.core.ApplicationContext.log Manager: start: Starting web application '/Assignment'
03-Mar-2023 22:25:48.127 INFO [http-nio-9999-exec-30] org.apache.catalina.core.ApplicationContext.log Manager: list: Listing contexts for virtual host 'localhost'
03-Mar-2023 22:25:48.130 INFO [http-nio-9999-exec-24] org.apache.catalina.core.ApplicationContext.log Manager: list: Listing contexts for virtual host 'localhost'
03-Mar-2023 22:26:41.061 INFO [http-nio-9999-exec-28] org.apache.catalina.core.ApplicationContext.log Manager: list: Listing contexts for virtual host 'localhost'
03-Mar-2023 22:26:41.068 INFO [http-nio-9999-exec-14] org.apache.catalina.core.ApplicationContext.log Manager: stop: Stopping web application '/Assignment'
03-Mar-2023 22:26:41.076 INFO [http-nio-9999-exec-31] org.apache.catalina.core.ApplicationContext.log Manager: start: Starting web application '/Assignment'
03-Mar-2023 22:26:48.629 INFO [http-nio-9999-exec-34] org.apache.catalina.core.ApplicationContext.log Manager: list: Listing contexts for virtual host 'localhost'
03-Mar-2023 22:26:48.634 INFO [http-nio-9999-exec-32] org.apache.catalina.core.ApplicationContext.log Manager: list: Listing contexts for virtual host 'localhost'
03-Mar-2023 22:26:48.681 INFO [http-nio-9999-exec-26] org.apache.catalina.core.ApplicationContext.log Manager: stop: Stopping web application '/Assignment'
03-Mar-2023 22:26:48.689 INFO [http-nio-9999-exec-31] org.apache.catalina.core.ApplicationContext.log Manager: start: Starting web application '/Assignment'
03-Mar-2023 22:26:58.433 INFO [http-nio-9999-exec-38] org.apache.catalina.core.ApplicationContext.log Manager: list: Listing contexts for virtual host 'localhost'
03-Mar-2023 22:26:58.441 INFO [http-nio-9999-exec-39] org.apache.catalina.core.ApplicationContext.log Manager: stop: Stopping web application '/Assignment'
03-Mar-2023 22:26:58.450 INFO [http-nio-9999-exec-26] org.apache.catalina.core.ApplicationContext.log Manager: start: Starting web application '/Assignment'
03-Mar-2023 22:27:00.898 INFO [http-nio-9999-exec-40] org.apache.catalina.core.ApplicationContext.log Manager: list: Listing contexts for virtual host 'localhost'
03-Mar-2023 22:27:00.902 INFO [http-nio-9999-exec-30] org.apache.catalina.core.ApplicationContext.log Manager: list: Listing contexts for virtual host 'localhost'
03-Mar-2023 22:27:00.943 INFO [http-nio-9999-exec-39] org.apache.catalina.core.ApplicationContext.log Manager: stop: Stopping web application '/Assignment'
03-Mar-2023 22:27:01.010 INFO [http-nio-9999-exec-26] org.apache.catalina.core.ApplicationContext.log Manager: start: Starting web application '/Assignment'
03-Mar-2023 22:27:23.104 INFO [http-nio-9999-exec-14] org.apache.catalina.core.ApplicationContext.log Manager: list: Listing contexts for virtual host 'localhost'
03-Mar-2023 22:27:23.109 INFO [http-nio-9999-exec-41] org.apache.catalina.core.ApplicationContext.log Manager: list: Listing contexts for virtual host 'localhost'
03-Mar-2023 22:28:11.397 INFO [http-nio-9999-exec-39] org.apache.catalina.core.ApplicationContext.log Manager: list: Listing contexts for virtual host 'localhost'
03-Mar-2023 22:28:11.411 INFO [http-nio-9999-exec-41] org.apache.catalina.core.ApplicationContext.log Manager: restart: Reloading web application '/Assignment'
03-Mar-2023 22:28:12.154 INFO [http-nio-9999-exec-43] org.apache.catalina.core.ApplicationContext.log Manager: list: Listing contexts for virtual host 'localhost'
03-Mar-2023 22:28:12.160 INFO [http-nio-9999-exec-47] org.apache.catalina.core.ApplicationContext.log Manager: restart: Reloading web application '/Assignment'
03-Mar-2023 22:28:40.056 INFO [http-nio-9999-exec-46] org.apache.catalina.core.ApplicationContext.log Manager: list: Listing contexts for virtual host 'localhost'
03-Mar-2023 22:28:40.064 INFO [http-nio-9999-exec-44] org.apache.catalina.core.ApplicationContext.log Manager: stop: Stopping web application '/Assignment'
03-Mar-2023 22:28:40.068 INFO [http-nio-9999-exec-31] org.apache.catalina.core.ApplicationContext.log Manager: start: Starting web application '/Assignment'
03-Mar-2023 22:28:42.725 INFO [http-nio-9999-exec-50] org.apache.catalina.core.ApplicationContext.log Manager: list: Listing contexts for virtual host 'localhost'
03-Mar-2023 22:28:42.728 INFO [http-nio-9999-exec-48] org.apache.catalina.core.ApplicationContext.log Manager: list: Listing contexts for virtual host 'localhost'
03-Mar-2023 22:28:42.785 INFO [http-nio-9999-exec-44] org.apache.catalina.core.ApplicationContext.log Manager: stop: Stopping web application '/Assignment'
03-Mar-2023 22:28:42.791 INFO [http-nio-9999-exec-43] org.apache.catalina.core.ApplicationContext.log Manager: start: Starting web application '/Assignment'
03-Mar-2023 22:28:59.517 INFO [http-nio-9999-exec-43] org.apache.catalina.core.ApplicationContext.log Manager: list: Listing contexts for virtual host 'localhost'
03-Mar-2023 22:28:59.524 INFO [http-nio-9999-exec-44] org.apache.catalina.core.ApplicationContext.log Manager: stop: Stopping web application '/Assignment'
03-Mar-2023 22:28:59.531 INFO [http-nio-9999-exec-52] org.apache.catalina.core.ApplicationContext.log Manager: start: Starting web application '/Assignment'
03-Mar-2023 22:29:01.618 INFO [http-nio-9999-exec-54] org.apache.catalina.core.ApplicationContext.log Manager: list: Listing contexts for virtual host 'localhost'
03-Mar-2023 22:29:01.621 INFO [http-nio-9999-exec-44] org.apache.catalina.core.ApplicationContext.log Manager: list: Listing contexts for virtual host 'localhost'
03-Mar-2023 22:29:01.657 INFO [http-nio-9999-exec-43] org.apache.catalina.core.ApplicationContext.log Manager: stop: Stopping web application '/Assignment'
03-Mar-2023 22:29:02.024 INFO [http-nio-9999-exec-54] org.apache.catalina.core.ApplicationContext.log Manager: start: Starting web application '/Assignment'
03-Mar-2023 22:34:13.931 INFO [http-nio-9999-exec-55] org.apache.catalina.core.ApplicationContext.log Manager: list: Listing contexts for virtual host 'localhost'
03-Mar-2023 22:34:13.939 INFO [http-nio-9999-exec-56] org.apache.catalina.core.ApplicationContext.log Manager: restart: Reloading web application '/Assignment'
03-Mar-2023 22:34:14.702 INFO [http-nio-9999-exec-61] org.apache.catalina.core.ApplicationContext.log Manager: list: Listing contexts for virtual host 'localhost'
03-Mar-2023 22:34:14.708 INFO [http-nio-9999-exec-60] org.apache.catalina.core.ApplicationContext.log Manager: restart: Reloading web application '/Assignment'
03-Mar-2023 22:38:05.978 INFO [http-nio-9999-exec-67] org.apache.catalina.core.ApplicationContext.log Manager: list: Listing contexts for virtual host 'localhost'
03-Mar-2023 22:38:05.984 INFO [http-nio-9999-exec-61] org.apache.catalina.core.ApplicationContext.log Manager: restart: Reloading web application '/Assignment'
03-Mar-2023 22:38:16.661 INFO [http-nio-9999-exec-65] org.apache.catalina.core.ApplicationContext.log Manager: list: Listing contexts for virtual host 'localhost'
03-Mar-2023 22:38:16.667 INFO [http-nio-9999-exec-60] org.apache.catalina.core.ApplicationContext.log Manager: restart: Reloading web application '/Assignment'
03-Mar-2023 22:38:17.408 INFO [http-nio-9999-exec-65] org.apache.catalina.core.ApplicationContext.log Manager: list: Listing contexts for virtual host 'localhost'
03-Mar-2023 22:38:17.413 INFO [http-nio-9999-exec-70] org.apache.catalina.core.ApplicationContext.log Manager: restart: Reloading web application '/Assignment'
03-Mar-2023 22:39:03.033 INFO [http-nio-9999-exec-67] org.apache.catalina.core.ApplicationContext.log Manager: list: Listing contexts for virtual host 'localhost'
03-Mar-2023 22:39:03.039 INFO [http-nio-9999-exec-63] org.apache.catalina.core.ApplicationContext.log Manager: restart: Reloading web application '/Assignment'
03-Mar-2023 22:41:34.494 INFO [http-nio-9999-exec-71] org.apache.catalina.core.ApplicationContext.log Manager: list: Listing contexts for virtual host 'localhost'
03-Mar-2023 22:41:34.501 INFO [http-nio-9999-exec-75] org.apache.catalina.core.ApplicationContext.log Manager: restart: Reloading web application '/Assignment'
03-Mar-2023 22:43:10.559 INFO [http-nio-9999-exec-74] org.apache.catalina.core.ApplicationContext.log Manager: list: Listing contexts for virtual host 'localhost'
03-Mar-2023 22:43:10.564 INFO [http-nio-9999-exec-73] org.apache.catalina.core.ApplicationContext.log Manager: restart: Reloading web application '/Assignment'
03-Mar-2023 22:44:18.629 INFO [http-nio-9999-exec-59] org.apache.catalina.core.ApplicationContext.log Manager: list: Listing contexts for virtual host 'localhost'
03-Mar-2023 22:44:18.638 INFO [http-nio-9999-exec-77] org.apache.catalina.core.ApplicationContext.log Manager: stop: Stopping web application '/Assignment'
03-Mar-2023 22:44:18.644 INFO [http-nio-9999-exec-59] org.apache.catalina.core.ApplicationContext.log Manager: start: Starting web application '/Assignment'
03-Mar-2023 22:44:19.433 INFO [http-nio-9999-exec-74] org.apache.catalina.core.ApplicationContext.log Manager: list: Listing contexts for virtual host 'localhost'
03-Mar-2023 22:44:19.440 INFO [http-nio-9999-exec-75] org.apache.catalina.core.ApplicationContext.log Manager: restart: Reloading web application '/Assignment'
03-Mar-2023 22:52:12.453 INFO [http-nio-9999-exec-82] org.apache.catalina.core.ApplicationContext.log Manager: list: Listing contexts for virtual host 'localhost'
03-Mar-2023 22:52:12.460 INFO [http-nio-9999-exec-83] org.apache.catalina.core.ApplicationContext.log Manager: restart: Reloading web application '/Assignment'
03-Mar-2023 22:52:44.207 INFO [http-nio-9999-exec-74] org.apache.catalina.core.ApplicationContext.log Manager: list: Listing contexts for virtual host 'localhost'
03-Mar-2023 22:52:44.213 INFO [http-nio-9999-exec-86] org.apache.catalina.core.ApplicationContext.log Manager: restart: Reloading web application '/Assignment'
03-Mar-2023 22:54:34.719 INFO [http-nio-9999-exec-85] org.apache.catalina.core.ApplicationContext.log Manager: list: Listing contexts for virtual host 'localhost'
03-Mar-2023 22:54:34.727 INFO [http-nio-9999-exec-84] org.apache.catalina.core.ApplicationContext.log Manager: stop: Stopping web application '/Assignment'
03-Mar-2023 22:54:34.734 INFO [http-nio-9999-exec-59] org.apache.catalina.core.ApplicationContext.log Manager: start: Starting web application '/Assignment'
03-Mar-2023 22:54:35.514 INFO [http-nio-9999-exec-90] org.apache.catalina.core.ApplicationContext.log Manager: list: Listing contexts for virtual host 'localhost'
03-Mar-2023 22:54:35.521 INFO [http-nio-9999-exec-85] org.apache.catalina.core.ApplicationContext.log Manager: restart: Reloading web application '/Assignment'
03-Mar-2023 22:55:01.418 INFO [http-nio-9999-exec-91] org.apache.catalina.core.ApplicationContext.log Manager: list: Listing contexts for virtual host 'localhost'
03-Mar-2023 22:55:04.915 INFO [http-nio-9999-exec-83] org.apache.catalina.core.ApplicationContext.log Manager: list: Listing contexts for virtual host 'localhost'
03-Mar-2023 22:55:19.652 INFO [http-nio-9999-exec-92] org.apache.catalina.core.ApplicationContext.log Manager: list: Listing contexts for virtual host 'localhost'
03-Mar-2023 22:55:19.657 INFO [http-nio-9999-exec-94] org.apache.catalina.core.ApplicationContext.log Manager: restart: Reloading web application '/Assignment'
03-Mar-2023 22:56:09.063 INFO [http-nio-9999-exec-86] org.apache.catalina.core.ApplicationContext.log Manager: list: Listing contexts for virtual host 'localhost'
03-Mar-2023 22:56:09.068 INFO [http-nio-9999-exec-92] org.apache.catalina.core.ApplicationContext.log Manager: restart: Reloading web application '/Assignment'
03-Mar-2023 22:56:22.718 INFO [http-nio-9999-exec-94] org.apache.catalina.core.ApplicationContext.log Manager: list: Listing contexts for virtual host 'localhost'
03-Mar-2023 22:56:23.048 INFO [http-nio-9999-exec-96] org.apache.catalina.core.ApplicationContext.log Manager: list: Listing contexts for virtual host 'localhost'
03-Mar-2023 22:56:32.829 INFO [http-nio-9999-exec-94] org.apache.catalina.core.ApplicationContext.log Manager: list: Listing contexts for virtual host 'localhost'
03-Mar-2023 23:02:04.051 INFO [http-nio-9999-exec-98] org.apache.catalina.core.ApplicationContext.log Manager: list: Listing contexts for virtual host 'localhost'
03-Mar-2023 23:02:04.356 INFO [http-nio-9999-exec-101] org.apache.catalina.core.ApplicationContext.log Manager: list: Listing contexts for virtual host 'localhost'
03-Mar-2023 23:02:04.359 INFO [http-nio-9999-exec-103] org.apache.catalina.core.ApplicationContext.log Manager: list: Listing contexts for virtual host 'localhost'
03-Mar-2023 23:02:04.401 INFO [http-nio-9999-exec-100] org.apache.catalina.core.ApplicationContext.log Manager: stop: Stopping web application '/Assignment'
03-Mar-2023 23:02:04.405 INFO [http-nio-9999-exec-97] org.apache.catalina.core.ApplicationContext.log Manager: start: Starting web application '/Assignment'
03-Mar-2023 23:03:13.703 INFO [http-nio-9999-exec-106] org.apache.catalina.core.ApplicationContext.log Manager: list: Listing contexts for virtual host 'localhost'
03-Mar-2023 23:06:00.661 INFO [http-nio-9999-exec-110] org.apache.catalina.core.ApplicationContext.log Manager: list: Listing contexts for virtual host 'localhost'
03-Mar-2023 23:06:38.572 INFO [http-nio-9999-exec-113] org.apache.catalina.core.ApplicationContext.log Manager: list: Listing contexts for virtual host 'localhost'
03-Mar-2023 23:06:38.577 INFO [http-nio-9999-exec-108] org.apache.catalina.core.ApplicationContext.log Manager: restart: Reloading web application '/Assignment'
03-Mar-2023 23:10:45.401 INFO [http-nio-9999-exec-116] org.apache.catalina.core.ApplicationContext.log Manager: list: Listing contexts for virtual host 'localhost'
03-Mar-2023 23:10:45.407 INFO [http-nio-9999-exec-117] org.apache.catalina.core.ApplicationContext.log Manager: restart: Reloading web application '/Assignment'
03-Mar-2023 23:12:28.924 INFO [http-nio-9999-exec-126] org.apache.catalina.core.ApplicationContext.log Manager: list: Listing contexts for virtual host 'localhost'
03-Mar-2023 23:12:28.926 INFO [http-nio-9999-exec-124] org.apache.catalina.core.ApplicationContext.log Manager: list: Listing contexts for virtual host 'localhost'
03-Mar-2023 23:12:28.959 INFO [http-nio-9999-exec-116] org.apache.catalina.core.ApplicationContext.log Manager: restart: Reloading web application '/Assignment'
03-Mar-2023 23:13:20.420 INFO [http-nio-9999-exec-130] org.apache.catalina.core.ApplicationContext.log Manager: list: Listing contexts for virtual host 'localhost'
03-Mar-2023 23:13:20.426 INFO [http-nio-9999-exec-131] org.apache.catalina.core.ApplicationContext.log Manager: restart: Reloading web application '/Assignment'
03-Mar-2023 23:15:54.337 INFO [http-nio-9999-exec-136] org.apache.catalina.core.ApplicationContext.log Manager: list: Listing contexts for virtual host 'localhost'
03-Mar-2023 23:15:54.342 INFO [http-nio-9999-exec-139] org.apache.catalina.core.ApplicationContext.log Manager: restart: Reloading web application '/Assignment'
03-Mar-2023 23:17:06.014 INFO [http-nio-9999-exec-142] org.apache.catalina.core.ApplicationContext.log Manager: list: Listing contexts for virtual host 'localhost'
03-Mar-2023 23:20:27.395 INFO [http-nio-9999-exec-141] org.apache.catalina.core.ApplicationContext.log Manager: list: Listing contexts for virtual host 'localhost'
03-Mar-2023 23:20:27.400 INFO [http-nio-9999-exec-142] org.apache.catalina.core.ApplicationContext.log Manager: restart: Reloading web application '/Assignment'
03-Mar-2023 23:20:28.132 INFO [http-nio-9999-exec-141] org.apache.catalina.core.ApplicationContext.log Manager: list: Listing contexts for virtual host 'localhost'
03-Mar-2023 23:20:28.137 INFO [http-nio-9999-exec-148] org.apache.catalina.core.ApplicationContext.log Manager: restart: Reloading web application '/Assignment'
03-Mar-2023 23:23:12.368 INFO [http-nio-9999-exec-149] org.apache.catalina.core.ApplicationContext.log Manager: list: Listing contexts for virtual host 'localhost'
03-Mar-2023 23:23:12.373 INFO [http-nio-9999-exec-153] org.apache.catalina.core.ApplicationContext.log Manager: restart: Reloading web application '/Assignment'
03-Mar-2023 23:23:57.874 INFO [http-nio-9999-exec-148] org.apache.catalina.core.ApplicationContext.log Manager: list: Listing contexts for virtual host 'localhost'
03-Mar-2023 23:23:57.880 INFO [http-nio-9999-exec-151] org.apache.catalina.core.ApplicationContext.log Manager: restart: Reloading web application '/Assignment'
03-Mar-2023 23:24:18.494 INFO [http-nio-9999-exec-149] org.apache.catalina.core.ApplicationContext.log Manager: list: Listing contexts for virtual host 'localhost'
03-Mar-2023 23:24:18.499 INFO [http-nio-9999-exec-148] org.apache.catalina.core.ApplicationContext.log Manager: restart: Reloading web application '/Assignment'
03-Mar-2023 23:30:01.344 INFO [http-nio-9999-exec-160] org.apache.catalina.core.ApplicationContext.log Manager: list: Listing contexts for virtual host 'localhost'
03-Mar-2023 23:30:12.270 INFO [http-nio-9999-exec-164] org.apache.catalina.core.ApplicationContext.log Manager: list: Listing contexts for virtual host 'localhost'
03-Mar-2023 23:32:04.305 INFO [http-nio-9999-exec-163] org.apache.catalina.core.ApplicationContext.log Manager: list: Listing contexts for virtual host 'localhost'
03-Mar-2023 23:41:33.869 INFO [http-nio-9999-exec-160] org.apache.catalina.core.ApplicationContext.log Manager: list: Listing contexts for virtual host 'localhost'
03-Mar-2023 23:41:33.877 INFO [http-nio-9999-exec-156] org.apache.catalina.core.ApplicationContext.log Manager: stop: Stopping web application '/Assignment'
03-Mar-2023 23:41:34.080 INFO [http-nio-9999-exec-162] org.apache.catalina.core.ApplicationContext.log Manager: start: Starting web application '/Assignment'
03-Mar-2023 23:41:34.886 INFO [http-nio-9999-exec-163] org.apache.catalina.core.ApplicationContext.log Manager: list: Listing contexts for virtual host 'localhost'
03-Mar-2023 23:41:34.893 INFO [http-nio-9999-exec-160] org.apache.catalina.core.ApplicationContext.log Manager: restart: Reloading web application '/Assignment'
03-Mar-2023 23:46:29.140 INFO [http-nio-9999-exec-171] org.apache.catalina.core.ApplicationContext.log Manager: list: Listing contexts for virtual host 'localhost'
03-Mar-2023 23:46:29.145 INFO [http-nio-9999-exec-172] org.apache.catalina.core.ApplicationContext.log Manager: restart: Reloading web application '/Assignment'
03-Mar-2023 23:50:43.446 INFO [http-nio-9999-exec-181] org.apache.catalina.core.ApplicationContext.log Manager: list: Listing contexts for virtual host 'localhost'
03-Mar-2023 23:50:43.452 INFO [http-nio-9999-exec-180] org.apache.catalina.core.ApplicationContext.log Manager: restart: Reloading web application '/Assignment'
03-Mar-2023 23:51:08.158 INFO [http-nio-9999-exec-178] org.apache.catalina.core.ApplicationContext.log Manager: list: Listing contexts for virtual host 'localhost'
03-Mar-2023 23:51:08.164 INFO [http-nio-9999-exec-183] org.apache.catalina.core.ApplicationContext.log Manager: restart: Reloading web application '/Assignment'
03-Mar-2023 23:51:36.776 INFO [http-nio-9999-exec-180] org.apache.catalina.core.ApplicationContext.log Manager: list: Listing contexts for virtual host 'localhost'
03-Mar-2023 23:51:36.781 INFO [http-nio-9999-exec-178] org.apache.catalina.core.ApplicationContext.log Manager: restart: Reloading web application '/Assignment'
03-Mar-2023 23:56:12.198 INFO [http-nio-9999-exec-186] org.apache.catalina.core.ApplicationContext.log Manager: list: Listing contexts for virtual host 'localhost'
03-Mar-2023 23:56:12.199 INFO [http-nio-9999-exec-188] org.apache.catalina.core.ApplicationContext.log Manager: list: Listing contexts for virtual host 'localhost'
03-Mar-2023 23:56:12.232 INFO [http-nio-9999-exec-181] org.apache.catalina.core.ApplicationContext.log Manager: stop: Stopping web application '/Assignment'
03-Mar-2023 23:56:12.237 INFO [http-nio-9999-exec-175] org.apache.catalina.core.ApplicationContext.log Manager: start: Starting web application '/Assignment'
03-Mar-2023 23:56:32.400 INFO [http-nio-9999-exec-194] org.apache.catalina.core.ApplicationContext.log Manager: list: Listing contexts for virtual host 'localhost'
03-Mar-2023 23:56:32.405 INFO [http-nio-9999-exec-181] org.apache.catalina.core.ApplicationContext.log Manager: list: Listing contexts for virtual host 'localhost'
03-Mar-2023 23:57:01.172 INFO [http-nio-9999-exec-192] org.apache.catalina.core.ApplicationContext.log Manager: list: Listing contexts for virtual host 'localhost'
03-Mar-2023 23:57:01.173 INFO [http-nio-9999-exec-198] org.apache.catalina.core.ApplicationContext.log Manager: list: Listing contexts for virtual host 'localhost'
03-Mar-2023 23:57:44.587 INFO [http-nio-9999-exec-200] org.apache.catalina.core.ApplicationContext.log Manager: list: Listing contexts for virtual host 'localhost'
03-Mar-2023 23:57:44.594 INFO [http-nio-9999-exec-197] org.apache.catalina.core.ApplicationContext.log Manager: stop: Stopping web application '/Assignment'
03-Mar-2023 23:57:44.600 INFO [http-nio-9999-exec-198] org.apache.catalina.core.ApplicationContext.log Manager: start: Starting web application '/Assignment'
03-Mar-2023 23:57:49.188 INFO [http-nio-9999-exec-203] org.apache.catalina.core.ApplicationContext.log Manager: list: Listing contexts for virtual host 'localhost'
03-Mar-2023 23:57:49.195 INFO [http-nio-9999-exec-195] org.apache.catalina.core.ApplicationContext.log Manager: stop: Stopping web application '/Assignment'
03-Mar-2023 23:57:49.200 INFO [http-nio-9999-exec-194] org.apache.catalina.core.ApplicationContext.log Manager: start: Starting web application '/Assignment'
03-Mar-2023 23:59:06.564 INFO [http-nio-9999-exec-208] org.apache.catalina.core.ApplicationContext.log Manager: list: Listing contexts for virtual host 'localhost'
03-Mar-2023 23:59:06.570 INFO [http-nio-9999-exec-209] org.apache.catalina.core.ApplicationContext.log Manager: stop: Stopping web application '/Assignment'
03-Mar-2023 23:59:06.574 INFO [http-nio-9999-exec-205] org.apache.catalina.core.ApplicationContext.log Manager: start: Starting web application '/Assignment'
