04-Mar-2023 00:21:58.532 INFO [http-nio-9999-exec-216] org.apache.catalina.core.ApplicationContext.log Manager: list: Listing contexts for virtual host 'localhost'
04-Mar-2023 00:21:58.537 INFO [http-nio-9999-exec-215] org.apache.catalina.core.ApplicationContext.log Manager: list: Listing contexts for virtual host 'localhost'
04-Mar-2023 00:21:58.590 INFO [http-nio-9999-exec-218] org.apache.catalina.core.ApplicationContext.log Manager: stop: Stopping web application '/Assignment'
04-Mar-2023 00:21:58.596 INFO [http-nio-9999-exec-215] org.apache.catalina.core.ApplicationContext.log Manager: start: Starting web application '/Assignment'
04-Mar-2023 17:15:54.796 INFO [http-nio-9999-exec-6] org.apache.catalina.core.ApplicationContext.log Manager: init: Associated with Deployer 'Catalina:type=Deployer,host=localhost'
04-Mar-2023 17:15:54.796 INFO [http-nio-9999-exec-6] org.apache.catalina.core.ApplicationContext.log Manager: init: Global resources are available
04-Mar-2023 17:15:54.833 INFO [http-nio-9999-exec-9] org.apache.catalina.core.ApplicationContext.log Manager: list: Listing contexts for virtual host 'localhost'
04-Mar-2023 17:15:54.838 INFO [http-nio-9999-exec-10] org.apache.catalina.core.ApplicationContext.log Manager: list: Listing contexts for virtual host 'localhost'
04-Mar-2023 17:35:29.253 INFO [http-nio-9999-exec-4] org.apache.catalina.core.ApplicationContext.log Manager: list: Listing contexts for virtual host 'localhost'
04-Mar-2023 17:35:29.264 INFO [http-nio-9999-exec-6] org.apache.catalina.core.ApplicationContext.log Manager: stop: Stopping web application '/Assignment'
04-Mar-2023 17:35:29.280 INFO [http-nio-9999-exec-3] org.apache.catalina.core.ApplicationContext.log Manager: start: Starting web application '/Assignment'
04-Mar-2023 17:35:30.308 INFO [http-nio-9999-exec-5] org.apache.catalina.core.ApplicationContext.log Manager: list: Listing contexts for virtual host 'localhost'
04-Mar-2023 17:35:30.318 INFO [http-nio-9999-exec-8] org.apache.catalina.core.ApplicationContext.log Manager: restart: Reloading web application '/Assignment'
04-Mar-2023 17:37:54.438 INFO [http-nio-9999-exec-12] org.apache.catalina.core.ApplicationContext.log Manager: list: Listing contexts for virtual host 'localhost'
04-Mar-2023 17:38:24.197 INFO [http-nio-9999-exec-13] org.apache.catalina.core.ApplicationContext.log Manager: list: Listing contexts for virtual host 'localhost'
04-Mar-2023 17:38:37.696 INFO [http-nio-9999-exec-17] org.apache.catalina.core.ApplicationContext.log Manager: list: Listing contexts for virtual host 'localhost'
04-Mar-2023 17:39:39.669 INFO [http-nio-9999-exec-21] org.apache.catalina.core.ApplicationContext.log Manager: list: Listing contexts for virtual host 'localhost'
04-Mar-2023 17:41:27.810 INFO [http-nio-9999-exec-20] org.apache.catalina.core.ApplicationContext.log Manager: list: Listing contexts for virtual host 'localhost'
04-Mar-2023 17:41:27.820 INFO [http-nio-9999-exec-22] org.apache.catalina.core.ApplicationContext.log Manager: restart: Reloading web application '/Assignment'
04-Mar-2023 17:46:05.386 INFO [http-nio-9999-exec-24] org.apache.catalina.core.ApplicationContext.log Manager: list: Listing contexts for virtual host 'localhost'
04-Mar-2023 17:46:05.393 INFO [http-nio-9999-exec-25] org.apache.catalina.core.ApplicationContext.log Manager: restart: Reloading web application '/Assignment'
04-Mar-2023 17:46:17.127 INFO [http-nio-9999-exec-24] org.apache.catalina.core.ApplicationContext.log Manager: list: Listing contexts for virtual host 'localhost'
04-Mar-2023 17:46:17.134 INFO [http-nio-9999-exec-23] org.apache.catalina.core.ApplicationContext.log Manager: restart: Reloading web application '/Assignment'
04-Mar-2023 17:47:13.059 INFO [http-nio-9999-exec-18] org.apache.catalina.core.ApplicationContext.log Manager: list: Listing contexts for virtual host 'localhost'
04-Mar-2023 17:47:13.065 INFO [http-nio-9999-exec-27] org.apache.catalina.core.ApplicationContext.log Manager: restart: Reloading web application '/Assignment'
04-Mar-2023 17:47:13.872 INFO [http-nio-9999-exec-26] org.apache.catalina.core.ApplicationContext.log Manager: list: Listing contexts for virtual host 'localhost'
04-Mar-2023 17:47:13.879 INFO [http-nio-9999-exec-25] org.apache.catalina.core.ApplicationContext.log Manager: restart: Reloading web application '/Assignment'
04-Mar-2023 17:47:18.316 INFO [http-nio-9999-exec-19] org.apache.catalina.core.ApplicationContext.log Manager: list: Listing contexts for virtual host 'localhost'
04-Mar-2023 17:47:18.322 INFO [http-nio-9999-exec-27] org.apache.catalina.core.ApplicationContext.log Manager: restart: Reloading web application '/Assignment'
04-Mar-2023 17:47:28.213 INFO [http-nio-9999-exec-32] org.apache.catalina.core.ApplicationContext.log Manager: list: Listing contexts for virtual host 'localhost'
04-Mar-2023 17:47:28.221 INFO [http-nio-9999-exec-26] org.apache.catalina.core.ApplicationContext.log Manager: restart: Reloading web application '/Assignment'
04-Mar-2023 17:49:41.511 INFO [http-nio-9999-exec-36] org.apache.catalina.core.ApplicationContext.log Manager: list: Listing contexts for virtual host 'localhost'
04-Mar-2023 17:49:41.518 INFO [http-nio-9999-exec-28] org.apache.catalina.core.ApplicationContext.log Manager: restart: Reloading web application '/Assignment'
04-Mar-2023 17:49:47.594 INFO [http-nio-9999-exec-24] org.apache.catalina.core.ApplicationContext.log Manager: list: Listing contexts for virtual host 'localhost'
04-Mar-2023 17:49:47.601 INFO [http-nio-9999-exec-36] org.apache.catalina.core.ApplicationContext.log Manager: restart: Reloading web application '/Assignment'
04-Mar-2023 17:50:01.664 INFO [http-nio-9999-exec-31] org.apache.catalina.core.ApplicationContext.log Manager: list: Listing contexts for virtual host 'localhost'
04-Mar-2023 17:50:01.670 INFO [http-nio-9999-exec-27] org.apache.catalina.core.ApplicationContext.log Manager: restart: Reloading web application '/Assignment'
04-Mar-2023 17:50:57.182 INFO [http-nio-9999-exec-39] org.apache.catalina.core.ApplicationContext.log Manager: list: Listing contexts for virtual host 'localhost'
04-Mar-2023 17:50:57.195 INFO [http-nio-9999-exec-23] org.apache.catalina.core.ApplicationContext.log Manager: restart: Reloading web application '/Assignment'
04-Mar-2023 17:51:12.951 INFO [http-nio-9999-exec-27] org.apache.catalina.core.ApplicationContext.log Manager: list: Listing contexts for virtual host 'localhost'
04-Mar-2023 17:51:12.957 INFO [http-nio-9999-exec-36] org.apache.catalina.core.ApplicationContext.log Manager: restart: Reloading web application '/Assignment'
04-Mar-2023 17:51:35.081 INFO [http-nio-9999-exec-30] org.apache.catalina.core.ApplicationContext.log Manager: list: Listing contexts for virtual host 'localhost'
04-Mar-2023 17:51:35.087 INFO [http-nio-9999-exec-28] org.apache.catalina.core.ApplicationContext.log Manager: restart: Reloading web application '/Assignment'
04-Mar-2023 17:51:52.695 INFO [http-nio-9999-exec-41] org.apache.catalina.core.ApplicationContext.log Manager: list: Listing contexts for virtual host 'localhost'
04-Mar-2023 17:51:52.702 INFO [http-nio-9999-exec-30] org.apache.catalina.core.ApplicationContext.log Manager: restart: Reloading web application '/Assignment'
04-Mar-2023 17:52:03.594 INFO [http-nio-9999-exec-43] org.apache.catalina.core.ApplicationContext.log Manager: list: Listing contexts for virtual host 'localhost'
04-Mar-2023 17:52:03.599 INFO [http-nio-9999-exec-27] org.apache.catalina.core.ApplicationContext.log Manager: restart: Reloading web application '/Assignment'
04-Mar-2023 17:52:08.375 INFO [http-nio-9999-exec-44] org.apache.catalina.core.ApplicationContext.log Manager: list: Listing contexts for virtual host 'localhost'
04-Mar-2023 17:52:08.381 INFO [http-nio-9999-exec-30] org.apache.catalina.core.ApplicationContext.log Manager: restart: Reloading web application '/Assignment'
04-Mar-2023 17:54:04.428 INFO [http-nio-9999-exec-42] org.apache.catalina.core.ApplicationContext.log Manager: list: Listing contexts for virtual host 'localhost'
04-Mar-2023 17:54:04.433 INFO [http-nio-9999-exec-27] org.apache.catalina.core.ApplicationContext.log Manager: restart: Reloading web application '/Assignment'
04-Mar-2023 17:55:01.688 INFO [http-nio-9999-exec-28] org.apache.catalina.core.ApplicationContext.log Manager: list: Listing contexts for virtual host 'localhost'
04-Mar-2023 17:55:01.694 INFO [http-nio-9999-exec-37] org.apache.catalina.core.ApplicationContext.log Manager: restart: Reloading web application '/Assignment'
04-Mar-2023 17:56:11.364 INFO [http-nio-9999-exec-49] org.apache.catalina.core.ApplicationContext.log Manager: list: Listing contexts for virtual host 'localhost'
04-Mar-2023 17:56:11.369 INFO [http-nio-9999-exec-45] org.apache.catalina.core.ApplicationContext.log Manager: restart: Reloading web application '/Assignment'
04-Mar-2023 17:57:07.143 INFO [http-nio-9999-exec-30] org.apache.catalina.core.ApplicationContext.log Manager: list: Listing contexts for virtual host 'localhost'
04-Mar-2023 17:57:07.148 INFO [http-nio-9999-exec-49] org.apache.catalina.core.ApplicationContext.log Manager: restart: Reloading web application '/Assignment'
04-Mar-2023 17:57:29.104 INFO [http-nio-9999-exec-45] org.apache.catalina.core.ApplicationContext.log Manager: list: Listing contexts for virtual host 'localhost'
04-Mar-2023 17:57:29.109 INFO [http-nio-9999-exec-50] org.apache.catalina.core.ApplicationContext.log Manager: restart: Reloading web application '/Assignment'
04-Mar-2023 18:00:19.754 INFO [http-nio-9999-exec-57] org.apache.catalina.core.ApplicationContext.log Manager: list: Listing contexts for virtual host 'localhost'
04-Mar-2023 18:00:19.773 INFO [http-nio-9999-exec-58] org.apache.catalina.core.ApplicationContext.log Manager: restart: Reloading web application '/Assignment'
04-Mar-2023 18:06:09.121 INFO [http-nio-9999-exec-63] org.apache.catalina.core.ApplicationContext.log Manager: list: Listing contexts for virtual host 'localhost'
04-Mar-2023 18:06:09.129 INFO [http-nio-9999-exec-64] org.apache.catalina.core.ApplicationContext.log Manager: stop: Stopping web application '/Assignment'
04-Mar-2023 18:06:09.135 INFO [http-nio-9999-exec-62] org.apache.catalina.core.ApplicationContext.log Manager: start: Starting web application '/Assignment'
04-Mar-2023 18:06:09.974 INFO [http-nio-9999-exec-66] org.apache.catalina.core.ApplicationContext.log Manager: list: Listing contexts for virtual host 'localhost'
04-Mar-2023 18:06:09.982 INFO [http-nio-9999-exec-68] org.apache.catalina.core.ApplicationContext.log Manager: restart: Reloading web application '/Assignment'
04-Mar-2023 18:06:20.477 INFO [http-nio-9999-exec-69] org.apache.catalina.core.ApplicationContext.log Manager: list: Listing contexts for virtual host 'localhost'
04-Mar-2023 18:06:20.483 INFO [http-nio-9999-exec-73] org.apache.catalina.core.ApplicationContext.log Manager: stop: Stopping web application '/Assignment'
04-Mar-2023 18:06:20.488 INFO [http-nio-9999-exec-70] org.apache.catalina.core.ApplicationContext.log Manager: start: Starting web application '/Assignment'
