16-Mar-2023 13:59:54.887 INFO [http-nio-9999-exec-6] org.apache.catalina.core.ApplicationContext.log Manager: init: Associated with Deployer 'Catalina:type=Deployer,host=localhost'
16-Mar-2023 13:59:54.887 INFO [http-nio-9999-exec-6] org.apache.catalina.core.ApplicationContext.log Manager: init: Global resources are available
16-Mar-2023 13:59:54.924 INFO [http-nio-9999-exec-9] org.apache.catalina.core.ApplicationContext.log Manager: list: Listing contexts for virtual host 'localhost'
16-Mar-2023 13:59:54.961 INFO [http-nio-9999-exec-10] org.apache.catalina.core.ApplicationContext.log Manager: list: Listing contexts for virtual host 'localhost'
16-Mar-2023 13:59:54.973 INFO [http-nio-9999-exec-1] org.apache.catalina.core.ApplicationContext.log Manager: install: Installing context configuration at 'file:/C:/Users/ADMIN/AppData/Local/Temp/context4388273521176134974.xml'
16-Mar-2023 13:59:55.333 INFO [http-nio-9999-exec-3] org.apache.catalina.core.ApplicationContext.log Manager: start: Starting web application '/Q3_HE163935_New'
16-Mar-2023 14:08:57.409 INFO [http-nio-9999-exec-7] org.apache.catalina.core.ApplicationContext.log Manager: list: Listing contexts for virtual host 'localhost'
16-Mar-2023 14:08:57.427 INFO [http-nio-9999-exec-8] org.apache.catalina.core.ApplicationContext.log Manager: stop: Stopping web application '/Q3_HE163935_New'
16-Mar-2023 14:08:57.448 INFO [http-nio-9999-exec-1] org.apache.catalina.core.ApplicationContext.log Manager: start: Starting web application '/Q3_HE163935_New'
16-Mar-2023 14:08:58.258 INFO [http-nio-9999-exec-10] org.apache.catalina.core.ApplicationContext.log Manager: list: Listing contexts for virtual host 'localhost'
16-Mar-2023 14:08:58.265 INFO [http-nio-9999-exec-9] org.apache.catalina.core.ApplicationContext.log Manager: restart: Reloading web application '/Q3_HE163935_New'
16-Mar-2023 14:09:33.816 INFO [http-nio-9999-exec-12] org.apache.catalina.core.ApplicationContext.log Manager: list: Listing contexts for virtual host 'localhost'
16-Mar-2023 14:09:33.820 INFO [http-nio-9999-exec-7] org.apache.catalina.core.ApplicationContext.log Manager: restart: Reloading web application '/Q3_HE163935_New'
16-Mar-2023 14:11:35.399 INFO [http-nio-9999-exec-13] org.apache.catalina.core.ApplicationContext.log Manager: list: Listing contexts for virtual host 'localhost'
16-Mar-2023 14:11:35.404 INFO [http-nio-9999-exec-6] org.apache.catalina.core.ApplicationContext.log Manager: restart: Reloading web application '/Q3_HE163935_New'
16-Mar-2023 14:12:48.292 INFO [http-nio-9999-exec-13] org.apache.catalina.core.ApplicationContext.log Manager: list: Listing contexts for virtual host 'localhost'
16-Mar-2023 14:12:48.298 INFO [http-nio-9999-exec-15] org.apache.catalina.core.ApplicationContext.log Manager: restart: Reloading web application '/Q3_HE163935_New'
16-Mar-2023 14:13:01.532 INFO [http-nio-9999-exec-1] org.apache.catalina.core.ApplicationContext.log Manager: list: Listing contexts for virtual host 'localhost'
16-Mar-2023 14:13:01.859 INFO [http-nio-9999-exec-5] org.apache.catalina.core.ApplicationContext.log Manager: list: Listing contexts for virtual host 'localhost'
16-Mar-2023 14:13:49.498 INFO [http-nio-9999-exec-6] org.apache.catalina.core.ApplicationContext.log Manager: list: Listing contexts for virtual host 'localhost'
16-Mar-2023 14:14:37.127 INFO [http-nio-9999-exec-23] org.apache.catalina.core.ApplicationContext.log Manager: list: Listing contexts for virtual host 'localhost'
16-Mar-2023 14:14:37.138 INFO [http-nio-9999-exec-24] org.apache.catalina.core.ApplicationContext.log Manager: restart: Reloading web application '/Q3_HE163935_New'
16-Mar-2023 14:14:37.816 INFO [http-nio-9999-exec-11] org.apache.catalina.core.ApplicationContext.log Manager: list: Listing contexts for virtual host 'localhost'
16-Mar-2023 14:14:37.820 INFO [http-nio-9999-exec-17] org.apache.catalina.core.ApplicationContext.log Manager: restart: Reloading web application '/Q3_HE163935_New'
16-Mar-2023 14:14:50.017 INFO [http-nio-9999-exec-15] org.apache.catalina.core.ApplicationContext.log Manager: list: Listing contexts for virtual host 'localhost'
16-Mar-2023 14:14:50.023 INFO [http-nio-9999-exec-24] org.apache.catalina.core.ApplicationContext.log Manager: restart: Reloading web application '/Q3_HE163935_New'
16-Mar-2023 14:14:50.661 INFO [http-nio-9999-exec-23] org.apache.catalina.core.ApplicationContext.log Manager: list: Listing contexts for virtual host 'localhost'
16-Mar-2023 14:14:50.665 INFO [http-nio-9999-exec-22] org.apache.catalina.core.ApplicationContext.log Manager: restart: Reloading web application '/Q3_HE163935_New'
16-Mar-2023 14:21:27.111 INFO [http-nio-9999-exec-28] org.apache.catalina.core.ApplicationContext.log Manager: list: Listing contexts for virtual host 'localhost'
16-Mar-2023 14:21:27.117 INFO [http-nio-9999-exec-29] org.apache.catalina.core.ApplicationContext.log Manager: restart: Reloading web application '/Q3_HE163935_New'
16-Mar-2023 14:21:55.237 INFO [http-nio-9999-exec-28] org.apache.catalina.core.ApplicationContext.log Manager: list: Listing contexts for virtual host 'localhost'
16-Mar-2023 14:21:55.242 INFO [http-nio-9999-exec-30] org.apache.catalina.core.ApplicationContext.log Manager: restart: Reloading web application '/Q3_HE163935_New'
16-Mar-2023 14:21:55.910 INFO [http-nio-9999-exec-36] org.apache.catalina.core.ApplicationContext.log Manager: list: Listing contexts for virtual host 'localhost'
16-Mar-2023 14:21:55.914 INFO [http-nio-9999-exec-26] org.apache.catalina.core.ApplicationContext.log Manager: restart: Reloading web application '/Q3_HE163935_New'
16-Mar-2023 14:22:03.665 INFO [http-nio-9999-exec-28] org.apache.catalina.core.ApplicationContext.log Manager: list: Listing contexts for virtual host 'localhost'
16-Mar-2023 14:22:03.671 INFO [http-nio-9999-exec-33] org.apache.catalina.core.ApplicationContext.log Manager: restart: Reloading web application '/Q3_HE163935_New'
16-Mar-2023 14:22:04.338 INFO [http-nio-9999-exec-38] org.apache.catalina.core.ApplicationContext.log Manager: list: Listing contexts for virtual host 'localhost'
16-Mar-2023 14:22:04.343 INFO [http-nio-9999-exec-31] org.apache.catalina.core.ApplicationContext.log Manager: restart: Reloading web application '/Q3_HE163935_New'
16-Mar-2023 14:27:12.160 INFO [http-nio-9999-exec-40] org.apache.catalina.core.ApplicationContext.log Manager: list: Listing contexts for virtual host 'localhost'
16-Mar-2023 14:27:12.165 INFO [http-nio-9999-exec-41] org.apache.catalina.core.ApplicationContext.log Manager: restart: Reloading web application '/Q3_HE163935_New'
16-Mar-2023 14:28:11.703 INFO [http-nio-9999-exec-44] org.apache.catalina.core.ApplicationContext.log Manager: list: Listing contexts for virtual host 'localhost'
16-Mar-2023 14:28:11.708 INFO [http-nio-9999-exec-40] org.apache.catalina.core.ApplicationContext.log Manager: restart: Reloading web application '/Q3_HE163935_New'
16-Mar-2023 14:28:22.588 INFO [http-nio-9999-exec-43] org.apache.catalina.core.ApplicationContext.log Manager: list: Listing contexts for virtual host 'localhost'
16-Mar-2023 14:28:22.593 INFO [http-nio-9999-exec-30] org.apache.catalina.core.ApplicationContext.log Manager: restart: Reloading web application '/Q3_HE163935_New'
16-Mar-2023 14:30:45.709 INFO [http-nio-9999-exec-41] org.apache.catalina.core.ApplicationContext.log Manager: list: Listing contexts for virtual host 'localhost'
16-Mar-2023 14:30:45.714 INFO [http-nio-9999-exec-47] org.apache.catalina.core.ApplicationContext.log Manager: restart: Reloading web application '/Q3_HE163935_New'
16-Mar-2023 14:34:18.245 INFO [http-nio-9999-exec-48] org.apache.catalina.core.ApplicationContext.log Manager: list: Listing contexts for virtual host 'localhost'
16-Mar-2023 14:34:18.249 INFO [http-nio-9999-exec-54] org.apache.catalina.core.ApplicationContext.log Manager: restart: Reloading web application '/Q3_HE163935_New'
16-Mar-2023 14:34:18.905 INFO [http-nio-9999-exec-45] org.apache.catalina.core.ApplicationContext.log Manager: list: Listing contexts for virtual host 'localhost'
16-Mar-2023 14:34:18.910 INFO [http-nio-9999-exec-43] org.apache.catalina.core.ApplicationContext.log Manager: restart: Reloading web application '/Q3_HE163935_New'
16-Mar-2023 14:37:17.738 INFO [http-nio-9999-exec-52] org.apache.catalina.core.ApplicationContext.log Manager: list: Listing contexts for virtual host 'localhost'
16-Mar-2023 14:37:17.743 INFO [http-nio-9999-exec-58] org.apache.catalina.core.ApplicationContext.log Manager: restart: Reloading web application '/Q3_HE163935_New'
16-Mar-2023 14:40:28.882 INFO [http-nio-9999-exec-52] org.apache.catalina.core.ApplicationContext.log Manager: list: Listing contexts for virtual host 'localhost'
16-Mar-2023 14:40:28.887 INFO [http-nio-9999-exec-62] org.apache.catalina.core.ApplicationContext.log Manager: restart: Reloading web application '/Q3_HE163935_New'
16-Mar-2023 14:40:58.959 INFO [http-nio-9999-exec-60] org.apache.catalina.core.ApplicationContext.log Manager: list: Listing contexts for virtual host 'localhost'
16-Mar-2023 14:40:58.964 INFO [http-nio-9999-exec-59] org.apache.catalina.core.ApplicationContext.log Manager: restart: Reloading web application '/Q3_HE163935_New'
16-Mar-2023 14:45:18.337 INFO [http-nio-9999-exec-66] org.apache.catalina.core.ApplicationContext.log Manager: list: Listing contexts for virtual host 'localhost'
16-Mar-2023 14:45:18.342 INFO [http-nio-9999-exec-68] org.apache.catalina.core.ApplicationContext.log Manager: restart: Reloading web application '/Q3_HE163935_New'
16-Mar-2023 14:45:18.997 INFO [http-nio-9999-exec-56] org.apache.catalina.core.ApplicationContext.log Manager: list: Listing contexts for virtual host 'localhost'
16-Mar-2023 14:45:19.002 INFO [http-nio-9999-exec-67] org.apache.catalina.core.ApplicationContext.log Manager: restart: Reloading web application '/Q3_HE163935_New'
16-Mar-2023 14:51:37.246 INFO [http-nio-9999-exec-71] org.apache.catalina.core.ApplicationContext.log Manager: list: Listing contexts for virtual host 'localhost'
16-Mar-2023 14:51:37.250 INFO [http-nio-9999-exec-72] org.apache.catalina.core.ApplicationContext.log Manager: restart: Reloading web application '/Q3_HE163935_New'
16-Mar-2023 14:51:54.064 INFO [http-nio-9999-exec-73] org.apache.catalina.core.ApplicationContext.log Manager: list: Listing contexts for virtual host 'localhost'
16-Mar-2023 14:51:54.069 INFO [http-nio-9999-exec-74] org.apache.catalina.core.ApplicationContext.log Manager: restart: Reloading web application '/Q3_HE163935_New'
16-Mar-2023 14:52:06.680 INFO [http-nio-9999-exec-72] org.apache.catalina.core.ApplicationContext.log Manager: list: Listing contexts for virtual host 'localhost'
16-Mar-2023 14:52:06.685 INFO [http-nio-9999-exec-73] org.apache.catalina.core.ApplicationContext.log Manager: restart: Reloading web application '/Q3_HE163935_New'
16-Mar-2023 14:54:09.619 INFO [http-nio-9999-exec-72] org.apache.catalina.core.ApplicationContext.log Manager: list: Listing contexts for virtual host 'localhost'
16-Mar-2023 14:54:09.634 INFO [http-nio-9999-exec-74] org.apache.catalina.core.ApplicationContext.log Manager: restart: Reloading web application '/Q3_HE163935_New'
16-Mar-2023 14:54:54.155 INFO [http-nio-9999-exec-72] org.apache.catalina.core.ApplicationContext.log Manager: list: Listing contexts for virtual host 'localhost'
16-Mar-2023 14:54:54.161 INFO [http-nio-9999-exec-73] org.apache.catalina.core.ApplicationContext.log Manager: restart: Reloading web application '/Q3_HE163935_New'
16-Mar-2023 14:57:21.416 INFO [http-nio-9999-exec-66] org.apache.catalina.core.ApplicationContext.log Manager: list: Listing contexts for virtual host 'localhost'
16-Mar-2023 14:58:07.503 INFO [http-nio-9999-exec-69] org.apache.catalina.core.ApplicationContext.log Manager: list: Listing contexts for virtual host 'localhost'
16-Mar-2023 14:58:31.675 INFO [http-nio-9999-exec-74] org.apache.catalina.core.ApplicationContext.log Manager: list: Listing contexts for virtual host 'localhost'
16-Mar-2023 15:00:06.414 INFO [http-nio-9999-exec-83] org.apache.catalina.core.ApplicationContext.log Manager: list: Listing contexts for virtual host 'localhost'
16-Mar-2023 15:00:08.681 INFO [http-nio-9999-exec-92] org.apache.catalina.core.ApplicationContext.log Manager: list: Listing contexts for virtual host 'localhost'
16-Mar-2023 15:00:23.742 INFO [http-nio-9999-exec-90] org.apache.catalina.core.ApplicationContext.log Manager: list: Listing contexts for virtual host 'localhost'
16-Mar-2023 15:01:24.027 INFO [http-nio-9999-exec-88] org.apache.catalina.core.ApplicationContext.log Manager: list: Listing contexts for virtual host 'localhost'
16-Mar-2023 15:03:01.041 INFO [http-nio-9999-exec-90] org.apache.catalina.core.ApplicationContext.log Manager: list: Listing contexts for virtual host 'localhost'
16-Mar-2023 15:03:35.464 INFO [http-nio-9999-exec-90] org.apache.catalina.core.ApplicationContext.log Manager: list: Listing contexts for virtual host 'localhost'
16-Mar-2023 15:03:47.080 INFO [http-nio-9999-exec-87] org.apache.catalina.core.ApplicationContext.log Manager: list: Listing contexts for virtual host 'localhost'
16-Mar-2023 15:04:52.496 INFO [http-nio-9999-exec-84] org.apache.catalina.core.ApplicationContext.log Manager: list: Listing contexts for virtual host 'localhost'
16-Mar-2023 15:05:15.717 INFO [http-nio-9999-exec-83] org.apache.catalina.core.ApplicationContext.log Manager: list: Listing contexts for virtual host 'localhost'
16-Mar-2023 15:05:25.111 INFO [http-nio-9999-exec-92] org.apache.catalina.core.ApplicationContext.log Manager: list: Listing contexts for virtual host 'localhost'
16-Mar-2023 15:09:18.704 INFO [http-nio-9999-exec-85] org.apache.catalina.core.ApplicationContext.log Manager: list: Listing contexts for virtual host 'localhost'
16-Mar-2023 15:10:11.439 INFO [http-nio-9999-exec-89] org.apache.catalina.core.ApplicationContext.log Manager: list: Listing contexts for virtual host 'localhost'
16-Mar-2023 15:10:11.444 INFO [http-nio-9999-exec-85] org.apache.catalina.core.ApplicationContext.log Manager: restart: Reloading web application '/Q3_HE163935_New'
16-Mar-2023 15:13:17.301 INFO [http-nio-9999-exec-95] org.apache.catalina.core.ApplicationContext.log Manager: list: Listing contexts for virtual host 'localhost'
16-Mar-2023 15:13:17.307 INFO [http-nio-9999-exec-97] org.apache.catalina.core.ApplicationContext.log Manager: restart: Reloading web application '/Q3_HE163935_New'
16-Mar-2023 15:13:30.091 INFO [http-nio-9999-exec-94] org.apache.catalina.core.ApplicationContext.log Manager: list: Listing contexts for virtual host 'localhost'
16-Mar-2023 15:13:30.095 INFO [http-nio-9999-exec-84] org.apache.catalina.core.ApplicationContext.log Manager: restart: Reloading web application '/Q3_HE163935_New'
16-Mar-2023 15:13:37.350 INFO [http-nio-9999-exec-98] org.apache.catalina.core.ApplicationContext.log Manager: list: Listing contexts for virtual host 'localhost'
16-Mar-2023 15:13:37.354 INFO [http-nio-9999-exec-96] org.apache.catalina.core.ApplicationContext.log Manager: restart: Reloading web application '/Q3_HE163935_New'
16-Mar-2023 15:15:58.062 INFO [http-nio-9999-exec-84] org.apache.catalina.core.ApplicationContext.log Manager: list: Listing contexts for virtual host 'localhost'
16-Mar-2023 15:15:58.067 INFO [http-nio-9999-exec-93] org.apache.catalina.core.ApplicationContext.log Manager: restart: Reloading web application '/Q3_HE163935_New'
16-Mar-2023 15:16:44.528 INFO [http-nio-9999-exec-100] org.apache.catalina.core.ApplicationContext.log Manager: list: Listing contexts for virtual host 'localhost'
16-Mar-2023 15:16:44.532 INFO [http-nio-9999-exec-101] org.apache.catalina.core.ApplicationContext.log Manager: restart: Reloading web application '/Q3_HE163935_New'
16-Mar-2023 15:17:00.115 INFO [http-nio-9999-exec-84] org.apache.catalina.core.ApplicationContext.log Manager: list: Listing contexts for virtual host 'localhost'
16-Mar-2023 15:17:00.120 INFO [http-nio-9999-exec-100] org.apache.catalina.core.ApplicationContext.log Manager: restart: Reloading web application '/Q3_HE163935_New'
16-Mar-2023 15:51:44.452 INFO [http-nio-9999-exec-105] org.apache.catalina.core.ApplicationContext.log Manager: list: Listing contexts for virtual host 'localhost'
16-Mar-2023 15:51:44.456 INFO [http-nio-9999-exec-112] org.apache.catalina.core.ApplicationContext.log Manager: list: Listing contexts for virtual host 'localhost'
16-Mar-2023 15:51:44.520 INFO [http-nio-9999-exec-107] org.apache.catalina.core.ApplicationContext.log Manager: undeploy: Undeploying web application at '/Assignment'
16-Mar-2023 15:51:45.085 INFO [http-nio-9999-exec-106] org.apache.catalina.core.ApplicationContext.log Manager: install: Installing context configuration at 'file:/C:/Users/ADMIN/AppData/Local/Temp/context2235925891728705096.xml'
16-Mar-2023 15:51:45.451 INFO [http-nio-9999-exec-114] org.apache.catalina.core.ApplicationContext.log Manager: start: Starting web application '/Assignment'
16-Mar-2023 15:55:52.417 INFO [http-nio-9999-exec-124] org.apache.catalina.core.ApplicationContext.log Manager: list: Listing contexts for virtual host 'localhost'
16-Mar-2023 16:06:04.868 INFO [http-nio-9999-exec-115] org.apache.catalina.core.ApplicationContext.log Manager: list: Listing contexts for virtual host 'localhost'
16-Mar-2023 20:25:21.921 INFO [http-nio-9999-exec-6] org.apache.catalina.core.ApplicationContext.log Manager: init: Associated with Deployer 'Catalina:type=Deployer,host=localhost'
16-Mar-2023 20:25:21.922 INFO [http-nio-9999-exec-6] org.apache.catalina.core.ApplicationContext.log Manager: init: Global resources are available
16-Mar-2023 20:25:21.955 INFO [http-nio-9999-exec-9] org.apache.catalina.core.ApplicationContext.log Manager: list: Listing contexts for virtual host 'localhost'
16-Mar-2023 20:25:21.960 INFO [http-nio-9999-exec-10] org.apache.catalina.core.ApplicationContext.log Manager: list: Listing contexts for virtual host 'localhost'
16-Mar-2023 20:25:22.029 INFO [http-nio-9999-exec-3] org.apache.catalina.core.ApplicationContext.log Manager: undeploy: Undeploying web application at '/HelloServlet'
16-Mar-2023 20:25:22.553 INFO [http-nio-9999-exec-7] org.apache.catalina.core.ApplicationContext.log Manager: install: Installing context configuration at 'file:/C:/Users/ADMIN/AppData/Local/Temp/context3512787783487198875.xml'
16-Mar-2023 20:25:22.888 INFO [http-nio-9999-exec-4] org.apache.catalina.core.ApplicationContext.log Manager: start: Starting web application '/HelloServlet'
16-Mar-2023 20:28:15.271 INFO [http-nio-9999-exec-13] org.apache.catalina.core.ApplicationContext.log Manager: list: Listing contexts for virtual host 'localhost'
16-Mar-2023 20:28:15.321 INFO [http-nio-9999-exec-11] org.apache.catalina.core.ApplicationContext.log Manager: list: Listing contexts for virtual host 'localhost'
16-Mar-2023 20:28:25.995 INFO [http-nio-9999-exec-12] org.apache.catalina.core.ApplicationContext.log Manager: list: Listing contexts for virtual host 'localhost'
16-Mar-2023 20:28:26.024 INFO [http-nio-9999-exec-11] org.apache.catalina.core.ApplicationContext.log Manager: list: Listing contexts for virtual host 'localhost'
