24-May-2023 21:39:12.980 INFO [http-nio-9999-exec-6] org.apache.catalina.core.ApplicationContext.log Manager: init: Associated with Deployer 'Catalina:type=Deployer,host=localhost'
24-May-2023 21:39:12.980 INFO [http-nio-9999-exec-6] org.apache.catalina.core.ApplicationContext.log Manager: init: Global resources are available
24-May-2023 21:39:13.027 INFO [http-nio-9999-exec-9] org.apache.catalina.core.ApplicationContext.log Manager: list: Listing contexts for virtual host 'localhost'
24-May-2023 21:39:13.032 INFO [http-nio-9999-exec-10] org.apache.catalina.core.ApplicationContext.log Manager: list: Listing contexts for virtual host 'localhost'
24-May-2023 21:39:13.152 INFO [http-nio-9999-exec-1] org.apache.catalina.core.ApplicationContext.log Manager: undeploy: Undeploying web application at '/F8_Group6_td'
24-May-2023 21:39:13.696 INFO [http-nio-9999-exec-8] org.apache.catalina.core.ApplicationContext.log Manager: install: Installing context configuration at 'file:/C:/Users/ADMIN/AppData/Local/Temp/context617269807234823000.xml'
24-May-2023 21:39:14.437 INFO [http-nio-9999-exec-4] org.apache.catalina.core.ApplicationContext.log Manager: start: Starting web application '/F8_Group6_td'
24-May-2023 21:40:03.882 INFO [http-nio-9999-exec-13] org.apache.catalina.core.ApplicationContext.log Manager: list: Listing contexts for virtual host 'localhost'
24-May-2023 21:43:06.663 INFO [http-nio-9999-exec-16] org.apache.catalina.core.ApplicationContext.log Manager: list: Listing contexts for virtual host 'localhost'
24-May-2023 21:43:06.671 INFO [http-nio-9999-exec-13] org.apache.catalina.core.ApplicationContext.log Manager: restart: Reloading web application '/F8_Group6_td'
24-May-2023 21:43:51.538 INFO [http-nio-9999-exec-20] org.apache.catalina.core.ApplicationContext.log Manager: list: Listing contexts for virtual host 'localhost'
24-May-2023 21:43:51.546 INFO [http-nio-9999-exec-12] org.apache.catalina.core.ApplicationContext.log Manager: restart: Reloading web application '/F8_Group6_td'
24-May-2023 21:44:34.147 INFO [http-nio-9999-exec-18] org.apache.catalina.core.ApplicationContext.log Manager: list: Listing contexts for virtual host 'localhost'
24-May-2023 21:44:34.149 INFO [http-nio-9999-exec-19] org.apache.catalina.core.ApplicationContext.log Manager: list: Listing contexts for virtual host 'localhost'
24-May-2023 21:44:34.201 INFO [http-nio-9999-exec-22] org.apache.catalina.core.ApplicationContext.log Manager: undeploy: Undeploying web application at '/F8_Group6_td'
24-May-2023 21:44:34.729 INFO [http-nio-9999-exec-20] org.apache.catalina.core.ApplicationContext.log Manager: install: Installing context configuration at 'file:/C:/Users/ADMIN/AppData/Local/Temp/context2529909927987423243.xml'
24-May-2023 21:44:35.425 INFO [http-nio-9999-exec-14] org.apache.catalina.core.ApplicationContext.log Manager: start: Starting web application '/F8_Group6_td'
24-May-2023 21:55:16.305 INFO [http-nio-9999-exec-25] org.apache.catalina.core.ApplicationContext.log Manager: list: Listing contexts for virtual host 'localhost'
24-May-2023 21:55:16.310 INFO [http-nio-9999-exec-30] org.apache.catalina.core.ApplicationContext.log Manager: restart: Reloading web application '/F8_Group6_td'
24-May-2023 21:55:17.332 INFO [http-nio-9999-exec-32] org.apache.catalina.core.ApplicationContext.log Manager: list: Listing contexts for virtual host 'localhost'
24-May-2023 21:55:17.340 INFO [http-nio-9999-exec-33] org.apache.catalina.core.ApplicationContext.log Manager: restart: Reloading web application '/F8_Group6_td'
24-May-2023 21:55:33.555 INFO [http-nio-9999-exec-24] org.apache.catalina.core.ApplicationContext.log Manager: list: Listing contexts for virtual host 'localhost'
24-May-2023 21:55:33.561 INFO [http-nio-9999-exec-32] org.apache.catalina.core.ApplicationContext.log Manager: restart: Reloading web application '/F8_Group6_td'
24-May-2023 21:55:47.759 INFO [http-nio-9999-exec-34] org.apache.catalina.core.ApplicationContext.log Manager: list: Listing contexts for virtual host 'localhost'
24-May-2023 21:55:47.762 INFO [http-nio-9999-exec-25] org.apache.catalina.core.ApplicationContext.log Manager: list: Listing contexts for virtual host 'localhost'
24-May-2023 21:55:47.806 INFO [http-nio-9999-exec-37] org.apache.catalina.core.ApplicationContext.log Manager: undeploy: Undeploying web application at '/F8_Group6_td'
24-May-2023 21:55:48.333 INFO [http-nio-9999-exec-29] org.apache.catalina.core.ApplicationContext.log Manager: install: Installing context configuration at 'file:/C:/Users/ADMIN/AppData/Local/Temp/context2079124793968980018.xml'
24-May-2023 21:55:49.011 INFO [http-nio-9999-exec-36] org.apache.catalina.core.ApplicationContext.log Manager: start: Starting web application '/F8_Group6_td'
24-May-2023 22:23:39.982 INFO [http-nio-9999-exec-42] org.apache.catalina.core.ApplicationContext.log Manager: list: Listing contexts for virtual host 'localhost'
24-May-2023 22:25:50.887 INFO [http-nio-9999-exec-41] org.apache.catalina.core.ApplicationContext.log Manager: list: Listing contexts for virtual host 'localhost'
24-May-2023 22:25:50.893 INFO [http-nio-9999-exec-48] org.apache.catalina.core.ApplicationContext.log Manager: restart: Reloading web application '/F8_Group6_td'
24-May-2023 22:26:04.718 INFO [http-nio-9999-exec-43] org.apache.catalina.core.ApplicationContext.log Manager: list: Listing contexts for virtual host 'localhost'
24-May-2023 22:26:04.724 INFO [http-nio-9999-exec-49] org.apache.catalina.core.ApplicationContext.log Manager: restart: Reloading web application '/F8_Group6_td'
24-May-2023 22:26:23.958 INFO [http-nio-9999-exec-40] org.apache.catalina.core.ApplicationContext.log Manager: list: Listing contexts for virtual host 'localhost'
24-May-2023 22:26:23.961 INFO [http-nio-9999-exec-42] org.apache.catalina.core.ApplicationContext.log Manager: list: Listing contexts for virtual host 'localhost'
24-May-2023 22:26:24.001 INFO [http-nio-9999-exec-52] org.apache.catalina.core.ApplicationContext.log Manager: undeploy: Undeploying web application at '/F8_Group6_td'
24-May-2023 22:26:24.526 INFO [http-nio-9999-exec-47] org.apache.catalina.core.ApplicationContext.log Manager: install: Installing context configuration at 'file:/C:/Users/ADMIN/AppData/Local/Temp/context7165922822893126682.xml'
24-May-2023 22:26:25.286 INFO [http-nio-9999-exec-51] org.apache.catalina.core.ApplicationContext.log Manager: start: Starting web application '/F8_Group6_td'
24-May-2023 22:28:08.196 INFO [http-nio-9999-exec-55] org.apache.catalina.core.ApplicationContext.log Manager: list: Listing contexts for virtual host 'localhost'
24-May-2023 22:28:15.562 INFO [http-nio-9999-exec-60] org.apache.catalina.core.ApplicationContext.log Manager: list: Listing contexts for virtual host 'localhost'
24-May-2023 22:28:15.565 INFO [http-nio-9999-exec-56] org.apache.catalina.core.ApplicationContext.log Manager: list: Listing contexts for virtual host 'localhost'
24-May-2023 22:28:15.613 INFO [http-nio-9999-exec-57] org.apache.catalina.core.ApplicationContext.log Manager: undeploy: Undeploying web application at '/F8_Group6_td'
24-May-2023 22:28:16.139 INFO [http-nio-9999-exec-62] org.apache.catalina.core.ApplicationContext.log Manager: install: Installing context configuration at 'file:/C:/Users/ADMIN/AppData/Local/Temp/context5173770345639016301.xml'
24-May-2023 22:28:16.825 INFO [http-nio-9999-exec-60] org.apache.catalina.core.ApplicationContext.log Manager: start: Starting web application '/F8_Group6_td'
24-May-2023 22:34:17.516 INFO [http-nio-9999-exec-64] org.apache.catalina.core.ApplicationContext.log Manager: list: Listing contexts for virtual host 'localhost'
24-May-2023 22:34:17.521 INFO [http-nio-9999-exec-70] org.apache.catalina.core.ApplicationContext.log Manager: restart: Reloading web application '/F8_Group6_td'
24-May-2023 22:34:32.796 INFO [http-nio-9999-exec-74] org.apache.catalina.core.ApplicationContext.log Manager: list: Listing contexts for virtual host 'localhost'
24-May-2023 22:34:32.802 INFO [http-nio-9999-exec-72] org.apache.catalina.core.ApplicationContext.log Manager: restart: Reloading web application '/F8_Group6_td'
24-May-2023 22:36:45.883 INFO [http-nio-9999-exec-84] org.apache.catalina.core.ApplicationContext.log Manager: list: Listing contexts for virtual host 'localhost'
24-May-2023 22:36:45.888 INFO [http-nio-9999-exec-75] org.apache.catalina.core.ApplicationContext.log Manager: restart: Reloading web application '/F8_Group6_td'
24-May-2023 22:38:36.524 INFO [http-nio-9999-exec-76] org.apache.catalina.core.ApplicationContext.log Manager: list: Listing contexts for virtual host 'localhost'
24-May-2023 22:38:48.216 INFO [http-nio-9999-exec-80] org.apache.catalina.core.ApplicationContext.log Manager: list: Listing contexts for virtual host 'localhost'
24-May-2023 22:38:48.218 INFO [http-nio-9999-exec-79] org.apache.catalina.core.ApplicationContext.log Manager: list: Listing contexts for virtual host 'localhost'
24-May-2023 22:38:48.256 INFO [http-nio-9999-exec-86] org.apache.catalina.core.ApplicationContext.log Manager: undeploy: Undeploying web application at '/F8_Group6_td'
24-May-2023 22:38:48.782 INFO [http-nio-9999-exec-87] org.apache.catalina.core.ApplicationContext.log Manager: install: Installing context configuration at 'file:/C:/Users/ADMIN/AppData/Local/Temp/context8632083829164762119.xml'
24-May-2023 22:38:49.515 INFO [http-nio-9999-exec-85] org.apache.catalina.core.ApplicationContext.log Manager: start: Starting web application '/F8_Group6_td'
24-May-2023 22:39:30.413 INFO [http-nio-9999-exec-86] org.apache.catalina.core.ApplicationContext.log Manager: list: Listing contexts for virtual host 'localhost'
24-May-2023 22:39:30.419 INFO [http-nio-9999-exec-91] org.apache.catalina.core.ApplicationContext.log Manager: restart: Reloading web application '/F8_Group6_td'
24-May-2023 22:39:46.126 INFO [http-nio-9999-exec-88] org.apache.catalina.core.ApplicationContext.log Manager: list: Listing contexts for virtual host 'localhost'
24-May-2023 22:39:46.129 INFO [http-nio-9999-exec-93] org.apache.catalina.core.ApplicationContext.log Manager: list: Listing contexts for virtual host 'localhost'
24-May-2023 22:39:46.182 INFO [http-nio-9999-exec-79] org.apache.catalina.core.ApplicationContext.log Manager: undeploy: Undeploying web application at '/F8_Group6_td'
24-May-2023 22:39:46.703 INFO [http-nio-9999-exec-93] org.apache.catalina.core.ApplicationContext.log Manager: install: Installing context configuration at 'file:/C:/Users/ADMIN/AppData/Local/Temp/context538014155919041919.xml'
24-May-2023 22:39:47.375 INFO [http-nio-9999-exec-89] org.apache.catalina.core.ApplicationContext.log Manager: start: Starting web application '/F8_Group6_td'
24-May-2023 22:41:26.660 INFO [http-nio-9999-exec-97] org.apache.catalina.core.ApplicationContext.log Manager: list: Listing contexts for virtual host 'localhost'
24-May-2023 22:41:44.396 INFO [http-nio-9999-exec-98] org.apache.catalina.core.ApplicationContext.log Manager: list: Listing contexts for virtual host 'localhost'
24-May-2023 22:41:44.398 INFO [http-nio-9999-exec-101] org.apache.catalina.core.ApplicationContext.log Manager: list: Listing contexts for virtual host 'localhost'
24-May-2023 22:41:44.435 INFO [http-nio-9999-exec-99] org.apache.catalina.core.ApplicationContext.log Manager: undeploy: Undeploying web application at '/F8_Group6_td'
24-May-2023 22:41:44.947 INFO [http-nio-9999-exec-101] org.apache.catalina.core.ApplicationContext.log Manager: install: Installing context configuration at 'file:/C:/Users/ADMIN/AppData/Local/Temp/context6958163153546289188.xml'
24-May-2023 22:41:45.635 INFO [http-nio-9999-exec-88] org.apache.catalina.core.ApplicationContext.log Manager: start: Starting web application '/F8_Group6_td'
24-May-2023 22:42:00.107 INFO [http-nio-9999-exec-98] org.apache.catalina.core.ApplicationContext.log Manager: list: Listing contexts for virtual host 'localhost'
24-May-2023 22:42:02.193 INFO [http-nio-9999-exec-98] org.apache.catalina.core.ApplicationContext.log Manager: list: Listing contexts for virtual host 'localhost'
24-May-2023 22:42:02.194 INFO [http-nio-9999-exec-99] org.apache.catalina.core.ApplicationContext.log Manager: list: Listing contexts for virtual host 'localhost'
24-May-2023 22:42:02.236 INFO [http-nio-9999-exec-103] org.apache.catalina.core.ApplicationContext.log Manager: undeploy: Undeploying web application at '/F8_Group6_td'
24-May-2023 22:42:02.755 INFO [http-nio-9999-exec-104] org.apache.catalina.core.ApplicationContext.log Manager: install: Installing context configuration at 'file:/C:/Users/ADMIN/AppData/Local/Temp/context8596317900905366054.xml'
24-May-2023 22:42:03.437 INFO [http-nio-9999-exec-88] org.apache.catalina.core.ApplicationContext.log Manager: start: Starting web application '/F8_Group6_td'
24-May-2023 22:42:18.902 INFO [http-nio-9999-exec-98] org.apache.catalina.core.ApplicationContext.log Manager: list: Listing contexts for virtual host 'localhost'
24-May-2023 22:42:39.045 INFO [http-nio-9999-exec-100] org.apache.catalina.core.ApplicationContext.log Manager: list: Listing contexts for virtual host 'localhost'
24-May-2023 22:43:59.199 INFO [http-nio-9999-exec-113] org.apache.catalina.core.ApplicationContext.log Manager: list: Listing contexts for virtual host 'localhost'
24-May-2023 22:43:59.204 INFO [http-nio-9999-exec-114] org.apache.catalina.core.ApplicationContext.log Manager: restart: Reloading web application '/F8_Group6_td'
24-May-2023 22:44:44.966 INFO [http-nio-9999-exec-114] org.apache.catalina.core.ApplicationContext.log Manager: list: Listing contexts for virtual host 'localhost'
24-May-2023 22:44:44.968 INFO [http-nio-9999-exec-111] org.apache.catalina.core.ApplicationContext.log Manager: list: Listing contexts for virtual host 'localhost'
24-May-2023 22:44:45.004 INFO [http-nio-9999-exec-109] org.apache.catalina.core.ApplicationContext.log Manager: undeploy: Undeploying web application at '/F8_Group6_td'
24-May-2023 22:44:45.532 INFO [http-nio-9999-exec-114] org.apache.catalina.core.ApplicationContext.log Manager: install: Installing context configuration at 'file:/C:/Users/ADMIN/AppData/Local/Temp/context4623230501272328462.xml'
24-May-2023 22:44:46.256 INFO [http-nio-9999-exec-116] org.apache.catalina.core.ApplicationContext.log Manager: start: Starting web application '/F8_Group6_td'
