19-Mar-2023 00:55:07.320 INFO [http-nio-9999-exec-13] org.apache.catalina.core.ApplicationContext.log Manager: list: Listing contexts for virtual host 'localhost'
19-Mar-2023 00:55:07.323 INFO [http-nio-9999-exec-15] org.apache.catalina.core.ApplicationContext.log Manager: list: Listing contexts for virtual host 'localhost'
19-Mar-2023 00:57:50.381 INFO [http-nio-9999-exec-12] org.apache.catalina.core.ApplicationContext.log Manager: list: Listing contexts for virtual host 'localhost'
19-Mar-2023 00:57:50.388 INFO [http-nio-9999-exec-14] org.apache.catalina.core.ApplicationContext.log Manager: restart: Reloading web application '/Q3_SP23_Test'
19-Mar-2023 07:50:47.967 INFO [http-nio-9999-exec-6] org.apache.catalina.core.ApplicationContext.log Manager: init: Associated with Deployer 'Catalina:type=Deployer,host=localhost'
19-Mar-2023 07:50:47.967 INFO [http-nio-9999-exec-6] org.apache.catalina.core.ApplicationContext.log Manager: init: Global resources are available
19-Mar-2023 07:50:47.996 INFO [http-nio-9999-exec-9] org.apache.catalina.core.ApplicationContext.log Manager: list: Listing contexts for virtual host 'localhost'
19-Mar-2023 07:50:48.001 INFO [http-nio-9999-exec-10] org.apache.catalina.core.ApplicationContext.log Manager: list: Listing contexts for virtual host 'localhost'
19-Mar-2023 07:50:48.069 INFO [http-nio-9999-exec-3] org.apache.catalina.core.ApplicationContext.log Manager: restart: Reloading web application '/Q3_SP23_Test'
19-Mar-2023 07:53:07.089 INFO [http-nio-9999-exec-13] org.apache.catalina.core.ApplicationContext.log Manager: list: Listing contexts for virtual host 'localhost'
19-Mar-2023 07:53:07.120 INFO [http-nio-9999-exec-16] org.apache.catalina.core.ApplicationContext.log Manager: undeploy: Undeploying web application at '/HelloWorld'
19-Mar-2023 07:53:07.658 INFO [http-nio-9999-exec-12] org.apache.catalina.core.ApplicationContext.log Manager: install: Installing context configuration at 'file:/C:/Users/ADMIN/AppData/Local/Temp/context7861431211831725998.xml'
19-Mar-2023 07:53:07.686 INFO [http-nio-9999-exec-15] org.apache.catalina.core.ApplicationContext.log Manager: start: Starting web application '/HelloWorld'
19-Mar-2023 09:32:38.054 INFO [http-nio-9999-exec-19] org.apache.catalina.core.ApplicationContext.log Manager: list: Listing contexts for virtual host 'localhost'
19-Mar-2023 09:32:38.100 INFO [http-nio-9999-exec-26] org.apache.catalina.core.ApplicationContext.log Manager: list: Listing contexts for virtual host 'localhost'
19-Mar-2023 09:32:38.113 INFO [http-nio-9999-exec-23] org.apache.catalina.core.ApplicationContext.log Manager: install: Installing context configuration at 'file:/C:/Users/ADMIN/AppData/Local/Temp/context6833627637898881578.xml'
19-Mar-2023 09:32:38.142 INFO [http-nio-9999-exec-25] org.apache.catalina.core.ApplicationContext.log Manager: start: Starting web application '/Q1_HE163935'
19-Mar-2023 09:33:54.026 INFO [http-nio-9999-exec-22] org.apache.catalina.core.ApplicationContext.log Manager: list: Listing contexts for virtual host 'localhost'
19-Mar-2023 09:33:54.035 INFO [http-nio-9999-exec-28] org.apache.catalina.core.ApplicationContext.log Manager: restart: Reloading web application '/Q1_HE163935'
19-Mar-2023 10:03:32.148 INFO [http-nio-9999-exec-37] org.apache.catalina.core.ApplicationContext.log Manager: list: Listing contexts for virtual host 'localhost'
19-Mar-2023 10:03:32.195 INFO [http-nio-9999-exec-38] org.apache.catalina.core.ApplicationContext.log Manager: list: Listing contexts for virtual host 'localhost'
19-Mar-2023 10:03:32.222 INFO [http-nio-9999-exec-32] org.apache.catalina.core.ApplicationContext.log Manager: install: Installing context configuration at 'file:/C:/Users/ADMIN/AppData/Local/Temp/context6353267285988189847.xml'
19-Mar-2023 10:03:32.646 INFO [http-nio-9999-exec-33] org.apache.catalina.core.ApplicationContext.log Manager: start: Starting web application '/Q2_HE163935'
19-Mar-2023 10:04:18.664 INFO [http-nio-9999-exec-31] org.apache.catalina.core.ApplicationContext.log Manager: list: Listing contexts for virtual host 'localhost'
19-Mar-2023 10:04:18.666 INFO [http-nio-9999-exec-29] org.apache.catalina.core.ApplicationContext.log Manager: list: Listing contexts for virtual host 'localhost'
19-Mar-2023 10:04:18.730 INFO [http-nio-9999-exec-30] org.apache.catalina.core.ApplicationContext.log Manager: undeploy: Undeploying web application at '/Q2_HE163935'
19-Mar-2023 10:04:19.252 INFO [http-nio-9999-exec-37] org.apache.catalina.core.ApplicationContext.log Manager: install: Installing context configuration at 'file:/C:/Users/ADMIN/AppData/Local/Temp/context7003475646329108035.xml'
19-Mar-2023 10:04:19.591 INFO [http-nio-9999-exec-29] org.apache.catalina.core.ApplicationContext.log Manager: start: Starting web application '/Q2_HE163935'
19-Mar-2023 10:05:15.995 INFO [http-nio-9999-exec-41] org.apache.catalina.core.ApplicationContext.log Manager: list: Listing contexts for virtual host 'localhost'
19-Mar-2023 10:08:10.561 INFO [http-nio-9999-exec-42] org.apache.catalina.core.ApplicationContext.log Manager: list: Listing contexts for virtual host 'localhost'
19-Mar-2023 10:08:10.566 INFO [http-nio-9999-exec-39] org.apache.catalina.core.ApplicationContext.log Manager: restart: Reloading web application '/Q2_HE163935'
19-Mar-2023 10:09:15.324 INFO [http-nio-9999-exec-52] org.apache.catalina.core.ApplicationContext.log Manager: list: Listing contexts for virtual host 'localhost'
19-Mar-2023 10:09:15.329 INFO [http-nio-9999-exec-53] org.apache.catalina.core.ApplicationContext.log Manager: restart: Reloading web application '/Q2_HE163935'
19-Mar-2023 10:09:15.995 INFO [http-nio-9999-exec-51] org.apache.catalina.core.ApplicationContext.log Manager: list: Listing contexts for virtual host 'localhost'
19-Mar-2023 10:09:15.999 INFO [http-nio-9999-exec-55] org.apache.catalina.core.ApplicationContext.log Manager: restart: Reloading web application '/Q2_HE163935'
19-Mar-2023 10:09:21.131 INFO [http-nio-9999-exec-52] org.apache.catalina.core.ApplicationContext.log Manager: list: Listing contexts for virtual host 'localhost'
19-Mar-2023 10:09:21.137 INFO [http-nio-9999-exec-53] org.apache.catalina.core.ApplicationContext.log Manager: restart: Reloading web application '/Q2_HE163935'
19-Mar-2023 10:09:27.849 INFO [http-nio-9999-exec-40] org.apache.catalina.core.ApplicationContext.log Manager: list: Listing contexts for virtual host 'localhost'
19-Mar-2023 10:09:27.851 INFO [http-nio-9999-exec-57] org.apache.catalina.core.ApplicationContext.log Manager: list: Listing contexts for virtual host 'localhost'
19-Mar-2023 10:09:27.897 INFO [http-nio-9999-exec-50] org.apache.catalina.core.ApplicationContext.log Manager: undeploy: Undeploying web application at '/Q2_HE163935'
19-Mar-2023 10:09:28.437 INFO [http-nio-9999-exec-59] org.apache.catalina.core.ApplicationContext.log Manager: install: Installing context configuration at 'file:/C:/Users/ADMIN/AppData/Local/Temp/context6213692794268785174.xml'
19-Mar-2023 10:09:44.152 INFO [http-nio-9999-exec-53] org.apache.catalina.core.ApplicationContext.log Manager: list: Listing contexts for virtual host 'localhost'
19-Mar-2023 10:09:44.154 INFO [http-nio-9999-exec-57] org.apache.catalina.core.ApplicationContext.log Manager: list: Listing contexts for virtual host 'localhost'
19-Mar-2023 10:09:44.176 INFO [http-nio-9999-exec-50] org.apache.catalina.core.ApplicationContext.log Manager: install: Installing context configuration at 'file:/C:/Users/ADMIN/AppData/Local/Temp/context1704513105827228961.xml'
19-Mar-2023 10:09:44.516 INFO [http-nio-9999-exec-59] org.apache.catalina.core.ApplicationContext.log Manager: start: Starting web application '/Q2_HE163935'
19-Mar-2023 10:09:47.584 INFO [http-nio-9999-exec-53] org.apache.catalina.core.ApplicationContext.log Manager: list: Listing contexts for virtual host 'localhost'
19-Mar-2023 10:09:47.586 INFO [http-nio-9999-exec-57] org.apache.catalina.core.ApplicationContext.log Manager: list: Listing contexts for virtual host 'localhost'
19-Mar-2023 10:09:47.622 INFO [http-nio-9999-exec-50] org.apache.catalina.core.ApplicationContext.log Manager: undeploy: Undeploying web application at '/Q2_HE163935'
19-Mar-2023 10:09:48.151 INFO [http-nio-9999-exec-57] org.apache.catalina.core.ApplicationContext.log Manager: install: Installing context configuration at 'file:/C:/Users/ADMIN/AppData/Local/Temp/context2954190401312485768.xml'
19-Mar-2023 10:09:48.544 INFO [http-nio-9999-exec-59] org.apache.catalina.core.ApplicationContext.log Manager: start: Starting web application '/Q2_HE163935'
19-Mar-2023 10:10:53.781 INFO [http-nio-9999-exec-67] org.apache.catalina.core.ApplicationContext.log Manager: list: Listing contexts for virtual host 'localhost'
19-Mar-2023 10:10:53.786 INFO [http-nio-9999-exec-66] org.apache.catalina.core.ApplicationContext.log Manager: restart: Reloading web application '/Q2_HE163935'
19-Mar-2023 10:15:54.068 INFO [http-nio-9999-exec-77] org.apache.catalina.core.ApplicationContext.log Manager: list: Listing contexts for virtual host 'localhost'
19-Mar-2023 10:15:54.087 INFO [http-nio-9999-exec-76] org.apache.catalina.core.ApplicationContext.log Manager: restart: Reloading web application '/Q3_SP23_Test'
19-Mar-2023 10:15:55.440 INFO [http-nio-9999-exec-63] org.apache.catalina.core.ApplicationContext.log Manager: list: Listing contexts for virtual host 'localhost'
19-Mar-2023 10:15:55.446 INFO [http-nio-9999-exec-74] org.apache.catalina.core.ApplicationContext.log Manager: restart: Reloading web application '/Q3_SP23_Test'
19-Mar-2023 10:16:57.702 INFO [http-nio-9999-exec-63] org.apache.catalina.core.ApplicationContext.log Manager: list: Listing contexts for virtual host 'localhost'
19-Mar-2023 10:16:57.706 INFO [http-nio-9999-exec-80] org.apache.catalina.core.ApplicationContext.log Manager: restart: Reloading web application '/Q3_SP23_Test'
19-Mar-2023 10:16:58.337 INFO [http-nio-9999-exec-78] org.apache.catalina.core.ApplicationContext.log Manager: list: Listing contexts for virtual host 'localhost'
19-Mar-2023 10:16:58.341 INFO [http-nio-9999-exec-76] org.apache.catalina.core.ApplicationContext.log Manager: restart: Reloading web application '/Q3_SP23_Test'
19-Mar-2023 10:27:40.735 INFO [http-nio-9999-exec-85] org.apache.catalina.core.ApplicationContext.log Manager: list: Listing contexts for virtual host 'localhost'
19-Mar-2023 10:27:40.766 INFO [http-nio-9999-exec-90] org.apache.catalina.core.ApplicationContext.log Manager: list: Listing contexts for virtual host 'localhost'
19-Mar-2023 10:27:40.774 INFO [http-nio-9999-exec-91] org.apache.catalina.core.ApplicationContext.log Manager: install: Installing context configuration at 'file:/C:/Users/ADMIN/AppData/Local/Temp/context8587165601234867806.xml'
19-Mar-2023 10:27:41.140 INFO [http-nio-9999-exec-92] org.apache.catalina.core.ApplicationContext.log Manager: start: Starting web application '/Q3_HE163935'
19-Mar-2023 10:28:12.416 INFO [http-nio-9999-exec-87] org.apache.catalina.core.ApplicationContext.log Manager: list: Listing contexts for virtual host 'localhost'
19-Mar-2023 10:28:23.899 INFO [http-nio-9999-exec-86] org.apache.catalina.core.ApplicationContext.log Manager: list: Listing contexts for virtual host 'localhost'
19-Mar-2023 10:28:56.465 INFO [http-nio-9999-exec-84] org.apache.catalina.core.ApplicationContext.log Manager: list: Listing contexts for virtual host 'localhost'
19-Mar-2023 10:28:56.470 INFO [http-nio-9999-exec-86] org.apache.catalina.core.ApplicationContext.log Manager: restart: Reloading web application '/Q3_HE163935'
19-Mar-2023 10:29:20.745 INFO [http-nio-9999-exec-87] org.apache.catalina.core.ApplicationContext.log Manager: list: Listing contexts for virtual host 'localhost'
19-Mar-2023 10:29:20.750 INFO [http-nio-9999-exec-88] org.apache.catalina.core.ApplicationContext.log Manager: restart: Reloading web application '/Q3_HE163935'
19-Mar-2023 10:29:21.468 INFO [http-nio-9999-exec-87] org.apache.catalina.core.ApplicationContext.log Manager: list: Listing contexts for virtual host 'localhost'
19-Mar-2023 10:29:21.474 INFO [http-nio-9999-exec-93] org.apache.catalina.core.ApplicationContext.log Manager: restart: Reloading web application '/Q3_HE163935'
19-Mar-2023 10:31:40.914 INFO [http-nio-9999-exec-89] org.apache.catalina.core.ApplicationContext.log Manager: list: Listing contexts for virtual host 'localhost'
19-Mar-2023 10:31:40.918 INFO [http-nio-9999-exec-98] org.apache.catalina.core.ApplicationContext.log Manager: restart: Reloading web application '/Q3_HE163935'
19-Mar-2023 10:32:19.728 INFO [http-nio-9999-exec-83] org.apache.catalina.core.ApplicationContext.log Manager: list: Listing contexts for virtual host 'localhost'
19-Mar-2023 10:32:37.652 INFO [http-nio-9999-exec-95] org.apache.catalina.core.ApplicationContext.log Manager: list: Listing contexts for virtual host 'localhost'
19-Mar-2023 10:33:50.394 INFO [http-nio-9999-exec-100] org.apache.catalina.core.ApplicationContext.log Manager: list: Listing contexts for virtual host 'localhost'
19-Mar-2023 10:34:19.496 INFO [http-nio-9999-exec-103] org.apache.catalina.core.ApplicationContext.log Manager: list: Listing contexts for virtual host 'localhost'
19-Mar-2023 10:34:19.615 INFO [http-nio-9999-exec-101] org.apache.catalina.core.ApplicationContext.log Manager: list: Listing contexts for virtual host 'localhost'
19-Mar-2023 10:34:19.620 INFO [http-nio-9999-exec-100] org.apache.catalina.core.ApplicationContext.log Manager: restart: Reloading web application '/Q3_HE163935'
19-Mar-2023 10:34:38.946 INFO [http-nio-9999-exec-106] org.apache.catalina.core.ApplicationContext.log Manager: list: Listing contexts for virtual host 'localhost'
19-Mar-2023 10:34:38.970 INFO [http-nio-9999-exec-107] org.apache.catalina.core.ApplicationContext.log Manager: undeploy: Undeploying web application at '/Q3_HE163935'
19-Mar-2023 10:34:48.007 INFO [http-nio-9999-exec-102] org.apache.catalina.core.ApplicationContext.log Manager: list: Listing contexts for virtual host 'localhost'
19-Mar-2023 10:34:48.021 INFO [http-nio-9999-exec-109] org.apache.catalina.core.ApplicationContext.log Manager: undeploy: Undeploying web application at '/Q2_HE163935'
19-Mar-2023 10:34:56.810 INFO [http-nio-9999-exec-103] org.apache.catalina.core.ApplicationContext.log Manager: list: Listing contexts for virtual host 'localhost'
19-Mar-2023 10:34:56.824 INFO [http-nio-9999-exec-109] org.apache.catalina.core.ApplicationContext.log Manager: undeploy: Undeploying web application at '/Q1_HE163935'
19-Mar-2023 11:00:25.657 INFO [http-nio-9999-exec-115] org.apache.catalina.core.ApplicationContext.log Manager: list: Listing contexts for virtual host 'localhost'
19-Mar-2023 11:00:25.664 INFO [http-nio-9999-exec-109] org.apache.catalina.core.ApplicationContext.log Manager: list: Listing contexts for virtual host 'localhost'
19-Mar-2023 11:00:25.794 INFO [http-nio-9999-exec-112] org.apache.catalina.core.ApplicationContext.log Manager: install: Installing context configuration at 'file:/C:/Users/ADMIN/AppData/Local/Temp/context6660272617861453975.xml'
19-Mar-2023 11:00:25.867 INFO [http-nio-9999-exec-113] org.apache.catalina.core.ApplicationContext.log Manager: start: Starting web application '/Q1_HE163935'
19-Mar-2023 11:03:43.541 INFO [http-nio-9999-exec-112] org.apache.catalina.core.ApplicationContext.log Manager: list: Listing contexts for virtual host 'localhost'
19-Mar-2023 11:03:43.545 INFO [http-nio-9999-exec-117] org.apache.catalina.core.ApplicationContext.log Manager: list: Listing contexts for virtual host 'localhost'
19-Mar-2023 11:03:43.586 INFO [http-nio-9999-exec-118] org.apache.catalina.core.ApplicationContext.log Manager: install: Installing context configuration at 'file:/C:/Users/ADMIN/AppData/Local/Temp/context5696785837035405168.xml'
19-Mar-2023 11:03:44.034 INFO [http-nio-9999-exec-115] org.apache.catalina.core.ApplicationContext.log Manager: start: Starting web application '/Q2_HE163935'
19-Mar-2023 11:05:00.991 INFO [http-nio-9999-exec-116] org.apache.catalina.core.ApplicationContext.log Manager: list: Listing contexts for virtual host 'localhost'
19-Mar-2023 11:05:01.009 INFO [http-nio-9999-exec-117] org.apache.catalina.core.ApplicationContext.log Manager: restart: Reloading web application '/Q2_HE163935'
19-Mar-2023 11:06:01.116 INFO [http-nio-9999-exec-130] org.apache.catalina.core.ApplicationContext.log Manager: list: Listing contexts for virtual host 'localhost'
19-Mar-2023 11:06:01.121 INFO [http-nio-9999-exec-128] org.apache.catalina.core.ApplicationContext.log Manager: list: Listing contexts for virtual host 'localhost'
19-Mar-2023 11:06:01.211 INFO [http-nio-9999-exec-115] org.apache.catalina.core.ApplicationContext.log Manager: undeploy: Undeploying web application at '/Q2_HE163935'
19-Mar-2023 11:06:01.733 INFO [http-nio-9999-exec-124] org.apache.catalina.core.ApplicationContext.log Manager: install: Installing context configuration at 'file:/C:/Users/ADMIN/AppData/Local/Temp/context7262139511512224103.xml'
19-Mar-2023 11:06:02.105 INFO [http-nio-9999-exec-127] org.apache.catalina.core.ApplicationContext.log Manager: start: Starting web application '/Q2_HE163935'
19-Mar-2023 11:10:59.121 INFO [http-nio-9999-exec-140] org.apache.catalina.core.ApplicationContext.log Manager: list: Listing contexts for virtual host 'localhost'
19-Mar-2023 11:10:59.124 INFO [http-nio-9999-exec-132] org.apache.catalina.core.ApplicationContext.log Manager: list: Listing contexts for virtual host 'localhost'
19-Mar-2023 11:10:59.163 INFO [http-nio-9999-exec-134] org.apache.catalina.core.ApplicationContext.log Manager: install: Installing context configuration at 'file:/C:/Users/ADMIN/AppData/Local/Temp/context6744605961896290415.xml'
19-Mar-2023 11:10:59.587 INFO [http-nio-9999-exec-133] org.apache.catalina.core.ApplicationContext.log Manager: start: Starting web application '/Q3_HE163935'
19-Mar-2023 11:16:45.714 INFO [http-nio-9999-exec-133] org.apache.catalina.core.ApplicationContext.log Manager: list: Listing contexts for virtual host 'localhost'
19-Mar-2023 11:16:45.720 INFO [http-nio-9999-exec-135] org.apache.catalina.core.ApplicationContext.log Manager: restart: Reloading web application '/Q3_HE163935'
19-Mar-2023 11:18:44.570 INFO [http-nio-9999-exec-141] org.apache.catalina.core.ApplicationContext.log Manager: list: Listing contexts for virtual host 'localhost'
19-Mar-2023 11:18:44.578 INFO [http-nio-9999-exec-146] org.apache.catalina.core.ApplicationContext.log Manager: restart: Reloading web application '/Q3_HE163935'
