28-Feb-2023 15:27:58.824 INFO [http-nio-9999-exec-8] org.apache.catalina.core.ApplicationContext.log Manager: init: Associated with Deployer 'Catalina:type=Deployer,host=localhost'
28-Feb-2023 15:27:58.824 INFO [http-nio-9999-exec-8] org.apache.catalina.core.ApplicationContext.log Manager: init: Global resources are available
28-Feb-2023 15:27:58.858 INFO [http-nio-9999-exec-9] org.apache.catalina.core.ApplicationContext.log Manager: list: Listing contexts for virtual host 'localhost'
28-Feb-2023 15:27:58.864 INFO [http-nio-9999-exec-10] org.apache.catalina.core.ApplicationContext.log Manager: list: Listing contexts for virtual host 'localhost'
28-Feb-2023 15:31:38.589 INFO [http-nio-9999-exec-1] org.apache.catalina.core.ApplicationContext.log Manager: list: Listing contexts for virtual host 'localhost'
28-Feb-2023 15:31:50.824 INFO [http-nio-9999-exec-10] org.apache.catalina.core.ApplicationContext.log Manager: list: Listing contexts for virtual host 'localhost'
28-Feb-2023 15:31:50.828 INFO [http-nio-9999-exec-3] org.apache.catalina.core.ApplicationContext.log Manager: list: Listing contexts for virtual host 'localhost'
28-Feb-2023 15:32:57.989 INFO [http-nio-9999-exec-8] org.apache.catalina.core.ApplicationContext.log Manager: list: Listing contexts for virtual host 'localhost'
28-Feb-2023 15:37:45.284 INFO [http-nio-9999-exec-3] org.apache.catalina.core.ApplicationContext.log Manager: list: Listing contexts for virtual host 'localhost'
28-Feb-2023 15:37:45.290 INFO [http-nio-9999-exec-8] org.apache.catalina.core.ApplicationContext.log Manager: restart: Reloading web application '/AssignmentPRJ23'
28-Feb-2023 15:37:55.690 INFO [http-nio-9999-exec-11] org.apache.catalina.core.ApplicationContext.log Manager: list: Listing contexts for virtual host 'localhost'
28-Feb-2023 15:37:55.694 INFO [http-nio-9999-exec-9] org.apache.catalina.core.ApplicationContext.log Manager: list: Listing contexts for virtual host 'localhost'
28-Feb-2023 15:37:55.724 INFO [http-nio-9999-exec-12] org.apache.catalina.core.ApplicationContext.log Manager: restart: Reloading web application '/AssignmentPRJ23'
28-Feb-2023 15:38:22.151 INFO [http-nio-9999-exec-21] org.apache.catalina.core.ApplicationContext.log Manager: list: Listing contexts for virtual host 'localhost'
28-Feb-2023 15:38:22.157 INFO [http-nio-9999-exec-3] org.apache.catalina.core.ApplicationContext.log Manager: restart: Reloading web application '/AssignmentPRJ23'
28-Feb-2023 15:38:38.606 INFO [http-nio-9999-exec-16] org.apache.catalina.core.ApplicationContext.log Manager: list: Listing contexts for virtual host 'localhost'
28-Feb-2023 15:38:38.613 INFO [http-nio-9999-exec-17] org.apache.catalina.core.ApplicationContext.log Manager: restart: Reloading web application '/AssignmentPRJ23'
28-Feb-2023 15:38:56.205 INFO [http-nio-9999-exec-27] org.apache.catalina.core.ApplicationContext.log Manager: list: Listing contexts for virtual host 'localhost'
28-Feb-2023 15:38:56.210 INFO [http-nio-9999-exec-22] org.apache.catalina.core.ApplicationContext.log Manager: list: Listing contexts for virtual host 'localhost'
28-Feb-2023 15:38:56.241 INFO [http-nio-9999-exec-24] org.apache.catalina.core.ApplicationContext.log Manager: restart: Reloading web application '/AssignmentPRJ23'
28-Feb-2023 15:45:25.954 INFO [http-nio-9999-exec-36] org.apache.catalina.core.ApplicationContext.log Manager: list: Listing contexts for virtual host 'localhost'
28-Feb-2023 15:45:25.961 INFO [http-nio-9999-exec-37] org.apache.catalina.core.ApplicationContext.log Manager: undeploy: Undeploying web application at '/AssignmentPRJ23'
28-Feb-2023 15:45:45.292 INFO [http-nio-9999-exec-30] org.apache.catalina.core.ApplicationContext.log Manager: list: Listing contexts for virtual host 'localhost'
28-Feb-2023 15:45:45.309 INFO [http-nio-9999-exec-32] org.apache.catalina.core.ApplicationContext.log Manager: list: Listing contexts for virtual host 'localhost'
28-Feb-2023 15:45:45.317 INFO [http-nio-9999-exec-28] org.apache.catalina.core.ApplicationContext.log Manager: install: Installing context configuration at 'file:/C:/Users/ADMIN/AppData/Local/Temp/context9014640918234191570.xml'
28-Feb-2023 15:45:45.735 INFO [http-nio-9999-exec-35] org.apache.catalina.core.ApplicationContext.log Manager: start: Starting web application '/AssignmentPRJ23'
28-Feb-2023 15:49:46.151 INFO [http-nio-9999-exec-38] org.apache.catalina.core.ApplicationContext.log Manager: list: Listing contexts for virtual host 'localhost'
28-Feb-2023 15:49:54.168 INFO [http-nio-9999-exec-44] org.apache.catalina.core.ApplicationContext.log Manager: list: Listing contexts for virtual host 'localhost'
28-Feb-2023 15:49:54.171 INFO [http-nio-9999-exec-46] org.apache.catalina.core.ApplicationContext.log Manager: list: Listing contexts for virtual host 'localhost'
28-Feb-2023 15:49:54.198 INFO [http-nio-9999-exec-38] org.apache.catalina.core.ApplicationContext.log Manager: undeploy: Undeploying web application at '/AssignmentPRJ23'
28-Feb-2023 15:49:54.722 INFO [http-nio-9999-exec-41] org.apache.catalina.core.ApplicationContext.log Manager: install: Installing context configuration at 'file:/C:/Users/ADMIN/AppData/Local/Temp/context2692417085325950920.xml'
28-Feb-2023 15:49:55.105 INFO [http-nio-9999-exec-42] org.apache.catalina.core.ApplicationContext.log Manager: start: Starting web application '/AssignmentPRJ23'
28-Feb-2023 15:50:12.929 INFO [http-nio-9999-exec-45] org.apache.catalina.core.ApplicationContext.log Manager: list: Listing contexts for virtual host 'localhost'
28-Feb-2023 15:51:42.861 INFO [http-nio-9999-exec-51] org.apache.catalina.core.ApplicationContext.log Manager: list: Listing contexts for virtual host 'localhost'
28-Feb-2023 15:51:42.866 INFO [http-nio-9999-exec-48] org.apache.catalina.core.ApplicationContext.log Manager: restart: Reloading web application '/AssignmentPRJ23'
28-Feb-2023 15:51:47.769 INFO [http-nio-9999-exec-52] org.apache.catalina.core.ApplicationContext.log Manager: list: Listing contexts for virtual host 'localhost'
28-Feb-2023 15:51:58.583 INFO [http-nio-9999-exec-50] org.apache.catalina.core.ApplicationContext.log Manager: list: Listing contexts for virtual host 'localhost'
28-Feb-2023 15:51:58.587 INFO [http-nio-9999-exec-51] org.apache.catalina.core.ApplicationContext.log Manager: list: Listing contexts for virtual host 'localhost'
28-Feb-2023 15:51:58.617 INFO [http-nio-9999-exec-41] org.apache.catalina.core.ApplicationContext.log Manager: undeploy: Undeploying web application at '/AssignmentPRJ23'
28-Feb-2023 15:51:59.134 INFO [http-nio-9999-exec-52] org.apache.catalina.core.ApplicationContext.log Manager: install: Installing context configuration at 'file:/C:/Users/ADMIN/AppData/Local/Temp/context8040724683230339032.xml'
28-Feb-2023 15:51:59.507 INFO [http-nio-9999-exec-54] org.apache.catalina.core.ApplicationContext.log Manager: start: Starting web application '/AssignmentPRJ23'
28-Feb-2023 15:52:16.109 INFO [http-nio-9999-exec-56] org.apache.catalina.core.ApplicationContext.log Manager: list: Listing contexts for virtual host 'localhost'
28-Feb-2023 15:52:26.907 INFO [http-nio-9999-exec-59] org.apache.catalina.core.ApplicationContext.log Manager: list: Listing contexts for virtual host 'localhost'
28-Feb-2023 15:52:26.912 INFO [http-nio-9999-exec-52] org.apache.catalina.core.ApplicationContext.log Manager: list: Listing contexts for virtual host 'localhost'
28-Feb-2023 15:52:26.941 INFO [http-nio-9999-exec-58] org.apache.catalina.core.ApplicationContext.log Manager: undeploy: Undeploying web application at '/AssignmentPRJ23'
28-Feb-2023 15:52:27.463 INFO [http-nio-9999-exec-41] org.apache.catalina.core.ApplicationContext.log Manager: install: Installing context configuration at 'file:/C:/Users/ADMIN/AppData/Local/Temp/context1979899452461414973.xml'
28-Feb-2023 15:52:27.842 INFO [http-nio-9999-exec-56] org.apache.catalina.core.ApplicationContext.log Manager: start: Starting web application '/AssignmentPRJ23'
28-Feb-2023 15:52:48.559 INFO [http-nio-9999-exec-41] org.apache.catalina.core.ApplicationContext.log Manager: list: Listing contexts for virtual host 'localhost'
28-Feb-2023 15:52:48.564 INFO [http-nio-9999-exec-56] org.apache.catalina.core.ApplicationContext.log Manager: restart: Reloading web application '/AssignmentPRJ23'
28-Feb-2023 16:02:45.856 INFO [http-nio-9999-exec-68] org.apache.catalina.core.ApplicationContext.log Manager: list: Listing contexts for virtual host 'localhost'
28-Feb-2023 16:02:45.858 INFO [http-nio-9999-exec-71] org.apache.catalina.core.ApplicationContext.log Manager: list: Listing contexts for virtual host 'localhost'
28-Feb-2023 16:04:00.057 INFO [http-nio-9999-exec-74] org.apache.catalina.core.ApplicationContext.log Manager: list: Listing contexts for virtual host 'localhost'
28-Feb-2023 16:08:42.959 INFO [http-nio-9999-exec-73] org.apache.catalina.core.ApplicationContext.log Manager: list: Listing contexts for virtual host 'localhost'
28-Feb-2023 16:08:42.962 INFO [http-nio-9999-exec-76] org.apache.catalina.core.ApplicationContext.log Manager: list: Listing contexts for virtual host 'localhost'
28-Feb-2023 16:08:42.988 INFO [http-nio-9999-exec-70] org.apache.catalina.core.ApplicationContext.log Manager: undeploy: Undeploying web application at '/AssignmentPRJ23'
28-Feb-2023 16:08:43.518 INFO [http-nio-9999-exec-71] org.apache.catalina.core.ApplicationContext.log Manager: install: Installing context configuration at 'file:/C:/Users/ADMIN/AppData/Local/Temp/context6008857212303866894.xml'
28-Feb-2023 16:08:43.899 INFO [http-nio-9999-exec-72] org.apache.catalina.core.ApplicationContext.log Manager: start: Starting web application '/AssignmentPRJ23'
28-Feb-2023 16:09:28.969 INFO [http-nio-9999-exec-82] org.apache.catalina.core.ApplicationContext.log Manager: list: Listing contexts for virtual host 'localhost'
28-Feb-2023 16:09:28.974 INFO [http-nio-9999-exec-72] org.apache.catalina.core.ApplicationContext.log Manager: restart: Reloading web application '/AssignmentPRJ23'
28-Feb-2023 16:09:33.835 INFO [http-nio-9999-exec-74] org.apache.catalina.core.ApplicationContext.log Manager: list: Listing contexts for virtual host 'localhost'
28-Feb-2023 16:09:33.837 INFO [http-nio-9999-exec-78] org.apache.catalina.core.ApplicationContext.log Manager: list: Listing contexts for virtual host 'localhost'
28-Feb-2023 16:09:33.862 INFO [http-nio-9999-exec-72] org.apache.catalina.core.ApplicationContext.log Manager: undeploy: Undeploying web application at '/AssignmentPRJ23'
28-Feb-2023 16:09:34.390 INFO [http-nio-9999-exec-81] org.apache.catalina.core.ApplicationContext.log Manager: install: Installing context configuration at 'file:/C:/Users/ADMIN/AppData/Local/Temp/context2161177404813852545.xml'
28-Feb-2023 16:09:34.780 INFO [http-nio-9999-exec-78] org.apache.catalina.core.ApplicationContext.log Manager: start: Starting web application '/AssignmentPRJ23'
28-Feb-2023 16:17:17.521 INFO [http-nio-9999-exec-84] org.apache.catalina.core.ApplicationContext.log Manager: list: Listing contexts for virtual host 'localhost'
28-Feb-2023 16:17:17.850 INFO [http-nio-9999-exec-86] org.apache.catalina.core.ApplicationContext.log Manager: list: Listing contexts for virtual host 'localhost'
28-Feb-2023 16:17:33.119 INFO [http-nio-9999-exec-92] org.apache.catalina.core.ApplicationContext.log Manager: list: Listing contexts for virtual host 'localhost'
28-Feb-2023 16:18:05.656 INFO [http-nio-9999-exec-88] org.apache.catalina.core.ApplicationContext.log Manager: list: Listing contexts for virtual host 'localhost'
28-Feb-2023 16:18:45.515 INFO [http-nio-9999-exec-93] org.apache.catalina.core.ApplicationContext.log Manager: list: Listing contexts for virtual host 'localhost'
28-Feb-2023 16:18:45.525 INFO [http-nio-9999-exec-84] org.apache.catalina.core.ApplicationContext.log Manager: stop: Stopping web application '/AssignmentPRJ23'
28-Feb-2023 16:18:45.533 INFO [http-nio-9999-exec-86] org.apache.catalina.core.ApplicationContext.log Manager: start: Starting web application '/AssignmentPRJ23'
28-Feb-2023 16:18:46.348 INFO [http-nio-9999-exec-91] org.apache.catalina.core.ApplicationContext.log Manager: list: Listing contexts for virtual host 'localhost'
28-Feb-2023 16:18:46.355 INFO [http-nio-9999-exec-93] org.apache.catalina.core.ApplicationContext.log Manager: restart: Reloading web application '/AssignmentPRJ23'
28-Feb-2023 16:19:54.160 INFO [http-nio-9999-exec-90] org.apache.catalina.core.ApplicationContext.log Manager: list: Listing contexts for virtual host 'localhost'
28-Feb-2023 16:19:54.165 INFO [http-nio-9999-exec-95] org.apache.catalina.core.ApplicationContext.log Manager: restart: Reloading web application '/AssignmentPRJ23'
28-Feb-2023 16:20:01.031 INFO [http-nio-9999-exec-85] org.apache.catalina.core.ApplicationContext.log Manager: list: Listing contexts for virtual host 'localhost'
28-Feb-2023 16:20:43.171 INFO [http-nio-9999-exec-90] org.apache.catalina.core.ApplicationContext.log Manager: list: Listing contexts for virtual host 'localhost'
28-Feb-2023 16:20:43.175 INFO [http-nio-9999-exec-99] org.apache.catalina.core.ApplicationContext.log Manager: list: Listing contexts for virtual host 'localhost'
28-Feb-2023 16:20:43.207 INFO [http-nio-9999-exec-91] org.apache.catalina.core.ApplicationContext.log Manager: undeploy: Undeploying web application at '/AssignmentPRJ23'
28-Feb-2023 16:20:43.721 INFO [http-nio-9999-exec-101] org.apache.catalina.core.ApplicationContext.log Manager: install: Installing context configuration at 'file:/C:/Users/ADMIN/AppData/Local/Temp/context3069830825468625786.xml'
28-Feb-2023 16:20:44.086 INFO [http-nio-9999-exec-88] org.apache.catalina.core.ApplicationContext.log Manager: start: Starting web application '/AssignmentPRJ23'
28-Feb-2023 16:22:03.114 INFO [http-nio-9999-exec-104] org.apache.catalina.core.ApplicationContext.log Manager: list: Listing contexts for virtual host 'localhost'
28-Feb-2023 16:22:03.119 INFO [http-nio-9999-exec-106] org.apache.catalina.core.ApplicationContext.log Manager: restart: Reloading web application '/AssignmentPRJ23'
28-Feb-2023 16:22:46.170 INFO [http-nio-9999-exec-106] org.apache.catalina.core.ApplicationContext.log Manager: list: Listing contexts for virtual host 'localhost'
28-Feb-2023 16:22:58.244 INFO [http-nio-9999-exec-111] org.apache.catalina.core.ApplicationContext.log Manager: list: Listing contexts for virtual host 'localhost'
28-Feb-2023 16:22:58.246 INFO [http-nio-9999-exec-115] org.apache.catalina.core.ApplicationContext.log Manager: list: Listing contexts for virtual host 'localhost'
28-Feb-2023 16:22:58.273 INFO [http-nio-9999-exec-114] org.apache.catalina.core.ApplicationContext.log Manager: undeploy: Undeploying web application at '/AssignmentPRJ23'
28-Feb-2023 16:22:58.787 INFO [http-nio-9999-exec-106] org.apache.catalina.core.ApplicationContext.log Manager: install: Installing context configuration at 'file:/C:/Users/ADMIN/AppData/Local/Temp/context3582740664905680076.xml'
28-Feb-2023 16:22:59.144 INFO [http-nio-9999-exec-111] org.apache.catalina.core.ApplicationContext.log Manager: start: Starting web application '/AssignmentPRJ23'
28-Feb-2023 16:23:41.262 INFO [http-nio-9999-exec-111] org.apache.catalina.core.ApplicationContext.log Manager: list: Listing contexts for virtual host 'localhost'
28-Feb-2023 16:23:47.904 INFO [http-nio-9999-exec-117] org.apache.catalina.core.ApplicationContext.log Manager: list: Listing contexts for virtual host 'localhost'
28-Feb-2023 16:23:47.906 INFO [http-nio-9999-exec-120] org.apache.catalina.core.ApplicationContext.log Manager: list: Listing contexts for virtual host 'localhost'
28-Feb-2023 16:23:47.935 INFO [http-nio-9999-exec-102] org.apache.catalina.core.ApplicationContext.log Manager: undeploy: Undeploying web application at '/AssignmentPRJ23'
28-Feb-2023 16:23:48.455 INFO [http-nio-9999-exec-111] org.apache.catalina.core.ApplicationContext.log Manager: install: Installing context configuration at 'file:/C:/Users/ADMIN/AppData/Local/Temp/context2125693365088269206.xml'
28-Feb-2023 16:23:48.838 INFO [http-nio-9999-exec-116] org.apache.catalina.core.ApplicationContext.log Manager: start: Starting web application '/AssignmentPRJ23'
28-Feb-2023 16:24:11.935 INFO [http-nio-9999-exec-111] org.apache.catalina.core.ApplicationContext.log Manager: list: Listing contexts for virtual host 'localhost'
28-Feb-2023 16:24:26.932 INFO [http-nio-9999-exec-116] org.apache.catalina.core.ApplicationContext.log Manager: list: Listing contexts for virtual host 'localhost'
28-Feb-2023 16:24:26.934 INFO [http-nio-9999-exec-126] org.apache.catalina.core.ApplicationContext.log Manager: list: Listing contexts for virtual host 'localhost'
28-Feb-2023 16:24:26.960 INFO [http-nio-9999-exec-122] org.apache.catalina.core.ApplicationContext.log Manager: undeploy: Undeploying web application at '/AssignmentPRJ23'
28-Feb-2023 16:24:27.472 INFO [http-nio-9999-exec-121] org.apache.catalina.core.ApplicationContext.log Manager: install: Installing context configuration at 'file:/C:/Users/ADMIN/AppData/Local/Temp/context8844329625457741047.xml'
28-Feb-2023 16:24:27.927 INFO [http-nio-9999-exec-116] org.apache.catalina.core.ApplicationContext.log Manager: start: Starting web application '/AssignmentPRJ23'
28-Feb-2023 16:26:21.960 INFO [http-nio-9999-exec-129] org.apache.catalina.core.ApplicationContext.log Manager: list: Listing contexts for virtual host 'localhost'
28-Feb-2023 16:26:21.964 INFO [http-nio-9999-exec-130] org.apache.catalina.core.ApplicationContext.log Manager: restart: Reloading web application '/AssignmentPRJ23'
28-Feb-2023 16:26:29.571 INFO [http-nio-9999-exec-135] org.apache.catalina.core.ApplicationContext.log Manager: list: Listing contexts for virtual host 'localhost'
28-Feb-2023 16:26:29.573 INFO [http-nio-9999-exec-133] org.apache.catalina.core.ApplicationContext.log Manager: list: Listing contexts for virtual host 'localhost'
28-Feb-2023 16:26:29.600 INFO [http-nio-9999-exec-132] org.apache.catalina.core.ApplicationContext.log Manager: undeploy: Undeploying web application at '/AssignmentPRJ23'
28-Feb-2023 16:26:30.138 INFO [http-nio-9999-exec-131] org.apache.catalina.core.ApplicationContext.log Manager: install: Installing context configuration at 'file:/C:/Users/ADMIN/AppData/Local/Temp/context5459758332207310081.xml'
28-Feb-2023 16:26:30.508 INFO [http-nio-9999-exec-129] org.apache.catalina.core.ApplicationContext.log Manager: start: Starting web application '/AssignmentPRJ23'
28-Feb-2023 16:28:09.951 INFO [http-nio-9999-exec-138] org.apache.catalina.core.ApplicationContext.log Manager: list: Listing contexts for virtual host 'localhost'
28-Feb-2023 16:28:09.956 INFO [http-nio-9999-exec-139] org.apache.catalina.core.ApplicationContext.log Manager: restart: Reloading web application '/AssignmentPRJ23'
28-Feb-2023 16:29:21.914 INFO [http-nio-9999-exec-145] org.apache.catalina.core.ApplicationContext.log Manager: list: Listing contexts for virtual host 'localhost'
28-Feb-2023 16:29:21.916 INFO [http-nio-9999-exec-127] org.apache.catalina.core.ApplicationContext.log Manager: list: Listing contexts for virtual host 'localhost'
28-Feb-2023 16:34:09.699 INFO [http-nio-9999-exec-146] org.apache.catalina.core.ApplicationContext.log Manager: list: Listing contexts for virtual host 'localhost'
28-Feb-2023 16:34:09.708 INFO [http-nio-9999-exec-145] org.apache.catalina.core.ApplicationContext.log Manager: stop: Stopping web application '/AssignmentPRJ23'
28-Feb-2023 16:34:09.716 INFO [http-nio-9999-exec-146] org.apache.catalina.core.ApplicationContext.log Manager: start: Starting web application '/AssignmentPRJ23'
28-Feb-2023 16:34:10.457 INFO [http-nio-9999-exec-153] org.apache.catalina.core.ApplicationContext.log Manager: list: Listing contexts for virtual host 'localhost'
28-Feb-2023 16:34:10.462 INFO [http-nio-9999-exec-152] org.apache.catalina.core.ApplicationContext.log Manager: restart: Reloading web application '/AssignmentPRJ23'
28-Feb-2023 16:34:39.015 INFO [http-nio-9999-exec-150] org.apache.catalina.core.ApplicationContext.log Manager: list: Listing contexts for virtual host 'localhost'
28-Feb-2023 16:34:39.020 INFO [http-nio-9999-exec-151] org.apache.catalina.core.ApplicationContext.log Manager: restart: Reloading web application '/AssignmentPRJ23'
28-Feb-2023 16:34:46.638 INFO [http-nio-9999-exec-157] org.apache.catalina.core.ApplicationContext.log Manager: list: Listing contexts for virtual host 'localhost'
28-Feb-2023 16:34:46.640 INFO [http-nio-9999-exec-151] org.apache.catalina.core.ApplicationContext.log Manager: list: Listing contexts for virtual host 'localhost'
28-Feb-2023 16:34:46.667 INFO [http-nio-9999-exec-153] org.apache.catalina.core.ApplicationContext.log Manager: undeploy: Undeploying web application at '/AssignmentPRJ23'
28-Feb-2023 16:34:47.195 INFO [http-nio-9999-exec-156] org.apache.catalina.core.ApplicationContext.log Manager: install: Installing context configuration at 'file:/C:/Users/ADMIN/AppData/Local/Temp/context4452950900266710346.xml'
28-Feb-2023 16:34:47.563 INFO [http-nio-9999-exec-157] org.apache.catalina.core.ApplicationContext.log Manager: start: Starting web application '/AssignmentPRJ23'
28-Feb-2023 16:37:18.295 INFO [http-nio-9999-exec-160] org.apache.catalina.core.ApplicationContext.log Manager: list: Listing contexts for virtual host 'localhost'
28-Feb-2023 16:37:18.302 INFO [http-nio-9999-exec-161] org.apache.catalina.core.ApplicationContext.log Manager: restart: Reloading web application '/AssignmentPRJ23'
28-Feb-2023 16:37:55.965 INFO [http-nio-9999-exec-165] org.apache.catalina.core.ApplicationContext.log Manager: list: Listing contexts for virtual host 'localhost'
28-Feb-2023 16:37:55.968 INFO [http-nio-9999-exec-159] org.apache.catalina.core.ApplicationContext.log Manager: list: Listing contexts for virtual host 'localhost'
28-Feb-2023 16:37:55.995 INFO [http-nio-9999-exec-166] org.apache.catalina.core.ApplicationContext.log Manager: undeploy: Undeploying web application at '/AssignmentPRJ23'
28-Feb-2023 16:37:56.522 INFO [http-nio-9999-exec-160] org.apache.catalina.core.ApplicationContext.log Manager: install: Installing context configuration at 'file:/C:/Users/ADMIN/AppData/Local/Temp/context8478133048418826628.xml'
28-Feb-2023 16:37:56.892 INFO [http-nio-9999-exec-161] org.apache.catalina.core.ApplicationContext.log Manager: start: Starting web application '/AssignmentPRJ23'
28-Feb-2023 16:38:41.175 INFO [http-nio-9999-exec-176] org.apache.catalina.core.ApplicationContext.log Manager: list: Listing contexts for virtual host 'localhost'
28-Feb-2023 16:38:41.181 INFO [http-nio-9999-exec-171] org.apache.catalina.core.ApplicationContext.log Manager: restart: Reloading web application '/AssignmentPRJ23'
28-Feb-2023 17:34:19.335 INFO [http-nio-9999-exec-180] org.apache.catalina.core.ApplicationContext.log Manager: list: Listing contexts for virtual host 'localhost'
28-Feb-2023 17:34:19.349 INFO [http-nio-9999-exec-179] org.apache.catalina.core.ApplicationContext.log Manager: restart: Reloading web application '/AssignmentPRJ23'
28-Feb-2023 19:56:46.977 INFO [http-nio-9999-exec-6] org.apache.catalina.core.ApplicationContext.log Manager: init: Associated with Deployer 'Catalina:type=Deployer,host=localhost'
28-Feb-2023 19:56:46.977 INFO [http-nio-9999-exec-6] org.apache.catalina.core.ApplicationContext.log Manager: init: Global resources are available
28-Feb-2023 19:56:47.009 INFO [http-nio-9999-exec-9] org.apache.catalina.core.ApplicationContext.log Manager: list: Listing contexts for virtual host 'localhost'
28-Feb-2023 19:56:47.013 INFO [http-nio-9999-exec-10] org.apache.catalina.core.ApplicationContext.log Manager: list: Listing contexts for virtual host 'localhost'
28-Feb-2023 19:56:47.070 INFO [http-nio-9999-exec-1] org.apache.catalina.core.ApplicationContext.log Manager: undeploy: Undeploying web application at '/AssignmentPRJ23'
28-Feb-2023 19:56:47.622 INFO [http-nio-9999-exec-3] org.apache.catalina.core.ApplicationContext.log Manager: install: Installing context configuration at 'file:/C:/Users/ADMIN/AppData/Local/Temp/context73497901891862183.xml'
28-Feb-2023 19:56:48.077 INFO [http-nio-9999-exec-8] org.apache.catalina.core.ApplicationContext.log Manager: start: Starting web application '/AssignmentPRJ23'
28-Feb-2023 20:01:12.424 INFO [http-nio-9999-exec-12] org.apache.catalina.core.ApplicationContext.log Manager: list: Listing contexts for virtual host 'localhost'
28-Feb-2023 20:01:12.429 INFO [http-nio-9999-exec-11] org.apache.catalina.core.ApplicationContext.log Manager: list: Listing contexts for virtual host 'localhost'
28-Feb-2023 20:01:12.481 INFO [http-nio-9999-exec-16] org.apache.catalina.core.ApplicationContext.log Manager: undeploy: Undeploying web application at '/AssignmentPRJ23'
28-Feb-2023 20:01:13.002 INFO [http-nio-9999-exec-13] org.apache.catalina.core.ApplicationContext.log Manager: install: Installing context configuration at 'file:/C:/Users/ADMIN/AppData/Local/Temp/context223034057492593336.xml'
28-Feb-2023 20:01:13.430 INFO [http-nio-9999-exec-20] org.apache.catalina.core.ApplicationContext.log Manager: start: Starting web application '/AssignmentPRJ23'
28-Feb-2023 20:12:32.526 INFO [http-nio-9999-exec-21] org.apache.catalina.core.ApplicationContext.log Manager: list: Listing contexts for virtual host 'localhost'
28-Feb-2023 20:12:32.541 INFO [http-nio-9999-exec-22] org.apache.catalina.core.ApplicationContext.log Manager: restart: Reloading web application '/AssignmentPRJ23'
28-Feb-2023 20:12:35.154 INFO [http-nio-9999-exec-28] org.apache.catalina.core.ApplicationContext.log Manager: list: Listing contexts for virtual host 'localhost'
28-Feb-2023 20:12:35.157 INFO [http-nio-9999-exec-24] org.apache.catalina.core.ApplicationContext.log Manager: list: Listing contexts for virtual host 'localhost'
28-Feb-2023 20:12:35.210 INFO [http-nio-9999-exec-30] org.apache.catalina.core.ApplicationContext.log Manager: undeploy: Undeploying web application at '/AssignmentPRJ23'
28-Feb-2023 20:12:35.732 INFO [http-nio-9999-exec-27] org.apache.catalina.core.ApplicationContext.log Manager: install: Installing context configuration at 'file:/C:/Users/ADMIN/AppData/Local/Temp/context544963772293423445.xml'
28-Feb-2023 20:12:36.203 INFO [http-nio-9999-exec-29] org.apache.catalina.core.ApplicationContext.log Manager: start: Starting web application '/AssignmentPRJ23'
28-Feb-2023 20:13:57.653 INFO [http-nio-9999-exec-35] org.apache.catalina.core.ApplicationContext.log Manager: list: Listing contexts for virtual host 'localhost'
28-Feb-2023 20:13:57.657 INFO [http-nio-9999-exec-36] org.apache.catalina.core.ApplicationContext.log Manager: list: Listing contexts for virtual host 'localhost'
28-Feb-2023 20:14:02.218 INFO [http-nio-9999-exec-39] org.apache.catalina.core.ApplicationContext.log Manager: undeploy: Undeploying web application at '/AssignmentPRJ23'
28-Feb-2023 20:14:02.756 INFO [http-nio-9999-exec-33] org.apache.catalina.core.ApplicationContext.log Manager: list: Listing contexts for virtual host 'localhost'
28-Feb-2023 20:14:02.760 INFO [http-nio-9999-exec-38] org.apache.catalina.core.ApplicationContext.log Manager: list: Listing contexts for virtual host 'localhost'
28-Feb-2023 20:14:06.169 INFO [http-nio-9999-exec-34] org.apache.catalina.core.ApplicationContext.log Manager: list: Listing contexts for virtual host 'localhost'
28-Feb-2023 20:14:12.394 INFO [http-nio-9999-exec-26] org.apache.catalina.core.ApplicationContext.log Manager: list: Listing contexts for virtual host 'localhost'
28-Feb-2023 20:14:12.399 INFO [http-nio-9999-exec-40] org.apache.catalina.core.ApplicationContext.log Manager: list: Listing contexts for virtual host 'localhost'
28-Feb-2023 20:14:12.420 INFO [http-nio-9999-exec-41] org.apache.catalina.core.ApplicationContext.log Manager: install: Installing context configuration at 'file:/C:/Users/ADMIN/AppData/Local/Temp/context5229915529933516217.xml'
28-Feb-2023 20:14:12.848 INFO [http-nio-9999-exec-35] org.apache.catalina.core.ApplicationContext.log Manager: start: Starting web application '/AssignmentPRJ23'
28-Feb-2023 20:14:16.277 INFO [http-nio-9999-exec-38] org.apache.catalina.core.ApplicationContext.log Manager: list: Listing contexts for virtual host 'localhost'
28-Feb-2023 20:14:16.280 INFO [http-nio-9999-exec-42] org.apache.catalina.core.ApplicationContext.log Manager: list: Listing contexts for virtual host 'localhost'
28-Feb-2023 20:15:14.678 INFO [http-nio-9999-exec-46] org.apache.catalina.core.ApplicationContext.log Manager: list: Listing contexts for virtual host 'localhost'
28-Feb-2023 20:15:14.684 INFO [http-nio-9999-exec-41] org.apache.catalina.core.ApplicationContext.log Manager: restart: Reloading web application '/AssignmentPRJ23'
28-Feb-2023 20:15:46.242 INFO [http-nio-9999-exec-47] org.apache.catalina.core.ApplicationContext.log Manager: list: Listing contexts for virtual host 'localhost'
28-Feb-2023 20:15:46.249 INFO [http-nio-9999-exec-49] org.apache.catalina.core.ApplicationContext.log Manager: restart: Reloading web application '/AssignmentPRJ23'
28-Feb-2023 20:15:56.999 INFO [http-nio-9999-exec-50] org.apache.catalina.core.ApplicationContext.log Manager: list: Listing contexts for virtual host 'localhost'
28-Feb-2023 20:15:57.007 INFO [http-nio-9999-exec-41] org.apache.catalina.core.ApplicationContext.log Manager: restart: Reloading web application '/AssignmentPRJ23'
28-Feb-2023 20:16:03.743 INFO [http-nio-9999-exec-49] org.apache.catalina.core.ApplicationContext.log Manager: list: Listing contexts for virtual host 'localhost'
28-Feb-2023 20:16:03.748 INFO [http-nio-9999-exec-46] org.apache.catalina.core.ApplicationContext.log Manager: list: Listing contexts for virtual host 'localhost'
28-Feb-2023 20:16:03.792 INFO [http-nio-9999-exec-44] org.apache.catalina.core.ApplicationContext.log Manager: undeploy: Undeploying web application at '/AssignmentPRJ23'
28-Feb-2023 20:16:04.320 INFO [http-nio-9999-exec-48] org.apache.catalina.core.ApplicationContext.log Manager: install: Installing context configuration at 'file:/C:/Users/ADMIN/AppData/Local/Temp/context5537901045837143675.xml'
28-Feb-2023 20:16:04.718 INFO [http-nio-9999-exec-53] org.apache.catalina.core.ApplicationContext.log Manager: start: Starting web application '/AssignmentPRJ23'
28-Feb-2023 20:16:34.046 INFO [http-nio-9999-exec-59] org.apache.catalina.core.ApplicationContext.log Manager: list: Listing contexts for virtual host 'localhost'
28-Feb-2023 20:16:34.051 INFO [http-nio-9999-exec-53] org.apache.catalina.core.ApplicationContext.log Manager: restart: Reloading web application '/AssignmentPRJ23'
28-Feb-2023 20:18:57.569 INFO [http-nio-9999-exec-60] org.apache.catalina.core.ApplicationContext.log Manager: list: Listing contexts for virtual host 'localhost'
28-Feb-2023 20:18:57.579 INFO [http-nio-9999-exec-61] org.apache.catalina.core.ApplicationContext.log Manager: stop: Stopping web application '/AssignmentPRJ23'
28-Feb-2023 20:18:57.590 INFO [http-nio-9999-exec-65] org.apache.catalina.core.ApplicationContext.log Manager: start: Starting web application '/AssignmentPRJ23'
28-Feb-2023 20:19:00.423 INFO [http-nio-9999-exec-55] org.apache.catalina.core.ApplicationContext.log Manager: list: Listing contexts for virtual host 'localhost'
28-Feb-2023 20:19:00.426 INFO [http-nio-9999-exec-46] org.apache.catalina.core.ApplicationContext.log Manager: list: Listing contexts for virtual host 'localhost'
28-Feb-2023 20:19:00.463 INFO [http-nio-9999-exec-65] org.apache.catalina.core.ApplicationContext.log Manager: undeploy: Undeploying web application at '/AssignmentPRJ23'
28-Feb-2023 20:19:00.990 INFO [http-nio-9999-exec-63] org.apache.catalina.core.ApplicationContext.log Manager: install: Installing context configuration at 'file:/C:/Users/ADMIN/AppData/Local/Temp/context3429767965212933697.xml'
28-Feb-2023 20:19:01.467 INFO [http-nio-9999-exec-55] org.apache.catalina.core.ApplicationContext.log Manager: start: Starting web application '/AssignmentPRJ23'
28-Feb-2023 20:19:38.781 INFO [http-nio-9999-exec-46] org.apache.catalina.core.ApplicationContext.log Manager: list: Listing contexts for virtual host 'localhost'
28-Feb-2023 20:19:38.792 INFO [http-nio-9999-exec-69] org.apache.catalina.core.ApplicationContext.log Manager: stop: Stopping web application '/AssignmentPRJ23'
28-Feb-2023 20:19:38.799 INFO [http-nio-9999-exec-70] org.apache.catalina.core.ApplicationContext.log Manager: start: Starting web application '/AssignmentPRJ23'
28-Feb-2023 20:21:40.453 INFO [http-nio-9999-exec-77] org.apache.catalina.core.ApplicationContext.log Manager: list: Listing contexts for virtual host 'localhost'
28-Feb-2023 20:21:40.459 INFO [http-nio-9999-exec-78] org.apache.catalina.core.ApplicationContext.log Manager: restart: Reloading web application '/AssignmentPRJ23'
28-Feb-2023 20:22:31.058 INFO [http-nio-9999-exec-82] org.apache.catalina.core.ApplicationContext.log Manager: list: Listing contexts for virtual host 'localhost'
28-Feb-2023 20:22:31.066 INFO [http-nio-9999-exec-79] org.apache.catalina.core.ApplicationContext.log Manager: restart: Reloading web application '/AssignmentPRJ23'
28-Feb-2023 20:22:54.420 INFO [http-nio-9999-exec-76] org.apache.catalina.core.ApplicationContext.log Manager: list: Listing contexts for virtual host 'localhost'
28-Feb-2023 20:22:54.426 INFO [http-nio-9999-exec-75] org.apache.catalina.core.ApplicationContext.log Manager: restart: Reloading web application '/AssignmentPRJ23'
28-Feb-2023 20:24:44.043 INFO [http-nio-9999-exec-76] org.apache.catalina.core.ApplicationContext.log Manager: list: Listing contexts for virtual host 'localhost'
28-Feb-2023 20:24:44.050 INFO [http-nio-9999-exec-78] org.apache.catalina.core.ApplicationContext.log Manager: restart: Reloading web application '/AssignmentPRJ23'
28-Feb-2023 20:25:02.671 INFO [http-nio-9999-exec-76] org.apache.catalina.core.ApplicationContext.log Manager: list: Listing contexts for virtual host 'localhost'
28-Feb-2023 20:25:02.674 INFO [http-nio-9999-exec-84] org.apache.catalina.core.ApplicationContext.log Manager: list: Listing contexts for virtual host 'localhost'
28-Feb-2023 20:25:02.720 INFO [http-nio-9999-exec-82] org.apache.catalina.core.ApplicationContext.log Manager: undeploy: Undeploying web application at '/AssignmentPRJ23'
28-Feb-2023 20:25:03.246 INFO [http-nio-9999-exec-84] org.apache.catalina.core.ApplicationContext.log Manager: install: Installing context configuration at 'file:/C:/Users/ADMIN/AppData/Local/Temp/context6133589814479450628.xml'
28-Feb-2023 20:25:03.739 INFO [http-nio-9999-exec-74] org.apache.catalina.core.ApplicationContext.log Manager: start: Starting web application '/AssignmentPRJ23'
28-Feb-2023 20:28:07.581 INFO [http-nio-9999-exec-90] org.apache.catalina.core.ApplicationContext.log Manager: list: Listing contexts for virtual host 'localhost'
28-Feb-2023 20:28:07.585 INFO [http-nio-9999-exec-87] org.apache.catalina.core.ApplicationContext.log Manager: list: Listing contexts for virtual host 'localhost'
28-Feb-2023 20:34:15.818 INFO [http-nio-9999-exec-89] org.apache.catalina.core.ApplicationContext.log Manager: list: Listing contexts for virtual host 'localhost'
28-Feb-2023 20:34:15.823 INFO [http-nio-9999-exec-90] org.apache.catalina.core.ApplicationContext.log Manager: undeploy: Undeploying web application at '/Assignment'
28-Feb-2023 20:34:23.846 INFO [http-nio-9999-exec-88] org.apache.catalina.core.ApplicationContext.log Manager: list: Listing contexts for virtual host 'localhost'
28-Feb-2023 20:34:23.849 INFO [http-nio-9999-exec-89] org.apache.catalina.core.ApplicationContext.log Manager: list: Listing contexts for virtual host 'localhost'
28-Feb-2023 20:34:23.873 INFO [http-nio-9999-exec-87] org.apache.catalina.core.ApplicationContext.log Manager: install: Installing context configuration at 'file:/C:/Users/ADMIN/AppData/Local/Temp/context5313179796624421548.xml'
28-Feb-2023 20:34:24.305 INFO [http-nio-9999-exec-95] org.apache.catalina.core.ApplicationContext.log Manager: start: Starting web application '/Assignment'
28-Feb-2023 20:37:25.475 INFO [http-nio-9999-exec-97] org.apache.catalina.core.ApplicationContext.log Manager: list: Listing contexts for virtual host 'localhost'
28-Feb-2023 20:37:25.479 INFO [http-nio-9999-exec-102] org.apache.catalina.core.ApplicationContext.log Manager: list: Listing contexts for virtual host 'localhost'
28-Feb-2023 20:38:46.112 INFO [http-nio-9999-exec-99] org.apache.catalina.core.ApplicationContext.log Manager: list: Listing contexts for virtual host 'localhost'
28-Feb-2023 20:38:46.116 INFO [http-nio-9999-exec-97] org.apache.catalina.core.ApplicationContext.log Manager: list: Listing contexts for virtual host 'localhost'
28-Feb-2023 20:38:49.967 INFO [http-nio-9999-exec-98] org.apache.catalina.core.ApplicationContext.log Manager: stop: Stopping web application '/AssignmentPRJ23'
28-Feb-2023 20:38:51.993 INFO [http-nio-9999-exec-97] org.apache.catalina.core.ApplicationContext.log Manager: undeploy: Undeploying web application at '/AssignmentPRJ23'
28-Feb-2023 20:38:52.512 INFO [http-nio-9999-exec-99] org.apache.catalina.core.ApplicationContext.log Manager: list: Listing contexts for virtual host 'localhost'
28-Feb-2023 20:38:52.515 INFO [http-nio-9999-exec-104] org.apache.catalina.core.ApplicationContext.log Manager: list: Listing contexts for virtual host 'localhost'
28-Feb-2023 20:38:58.593 INFO [http-nio-9999-exec-106] org.apache.catalina.core.ApplicationContext.log Manager: list: Listing contexts for virtual host 'localhost'
28-Feb-2023 20:38:58.597 INFO [http-nio-9999-exec-99] org.apache.catalina.core.ApplicationContext.log Manager: undeploy: Undeploying web application at '/Assignment'
28-Feb-2023 20:39:00.611 INFO [http-nio-9999-exec-108] org.apache.catalina.core.ApplicationContext.log Manager: list: Listing contexts for virtual host 'localhost'
28-Feb-2023 20:39:00.615 INFO [http-nio-9999-exec-102] org.apache.catalina.core.ApplicationContext.log Manager: list: Listing contexts for virtual host 'localhost'
28-Feb-2023 20:39:00.649 INFO [http-nio-9999-exec-104] org.apache.catalina.core.ApplicationContext.log Manager: install: Installing context configuration at 'file:/C:/Users/ADMIN/AppData/Local/Temp/context1146663010537208738.xml'
28-Feb-2023 20:39:01.165 INFO [http-nio-9999-exec-100] org.apache.catalina.core.ApplicationContext.log Manager: start: Starting web application '/Assignment'
28-Feb-2023 20:45:11.782 INFO [http-nio-9999-exec-112] org.apache.catalina.core.ApplicationContext.log Manager: list: Listing contexts for virtual host 'localhost'
28-Feb-2023 20:45:11.786 INFO [http-nio-9999-exec-117] org.apache.catalina.core.ApplicationContext.log Manager: list: Listing contexts for virtual host 'localhost'
28-Feb-2023 20:46:19.936 INFO [http-nio-9999-exec-117] org.apache.catalina.core.ApplicationContext.log Manager: list: Listing contexts for virtual host 'localhost'
28-Feb-2023 20:46:19.938 INFO [http-nio-9999-exec-113] org.apache.catalina.core.ApplicationContext.log Manager: list: Listing contexts for virtual host 'localhost'
28-Feb-2023 20:46:19.966 INFO [http-nio-9999-exec-110] org.apache.catalina.core.ApplicationContext.log Manager: install: Installing context configuration at 'file:/C:/Users/ADMIN/AppData/Local/Temp/context6280866702394368362.xml'
28-Feb-2023 20:46:20.386 INFO [http-nio-9999-exec-111] org.apache.catalina.core.ApplicationContext.log Manager: start: Starting web application '/AssignmentPRJ23'
28-Feb-2023 20:50:25.169 INFO [http-nio-9999-exec-116] org.apache.catalina.core.ApplicationContext.log Manager: list: Listing contexts for virtual host 'localhost'
28-Feb-2023 20:50:25.177 INFO [http-nio-9999-exec-115] org.apache.catalina.core.ApplicationContext.log Manager: restart: Reloading web application '/AssignmentPRJ23'
28-Feb-2023 20:51:35.622 INFO [http-nio-9999-exec-121] org.apache.catalina.core.ApplicationContext.log Manager: list: Listing contexts for virtual host 'localhost'
28-Feb-2023 20:51:35.628 INFO [http-nio-9999-exec-119] org.apache.catalina.core.ApplicationContext.log Manager: restart: Reloading web application '/AssignmentPRJ23'
28-Feb-2023 20:53:34.886 INFO [http-nio-9999-exec-125] org.apache.catalina.core.ApplicationContext.log Manager: list: Listing contexts for virtual host 'localhost'
28-Feb-2023 20:53:34.889 INFO [http-nio-9999-exec-124] org.apache.catalina.core.ApplicationContext.log Manager: list: Listing contexts for virtual host 'localhost'
28-Feb-2023 20:53:34.934 INFO [http-nio-9999-exec-131] org.apache.catalina.core.ApplicationContext.log Manager: undeploy: Undeploying web application at '/AssignmentPRJ23'
28-Feb-2023 20:53:35.459 INFO [http-nio-9999-exec-126] org.apache.catalina.core.ApplicationContext.log Manager: install: Installing context configuration at 'file:/C:/Users/ADMIN/AppData/Local/Temp/context7263295073056850669.xml'
28-Feb-2023 20:53:35.857 INFO [http-nio-9999-exec-127] org.apache.catalina.core.ApplicationContext.log Manager: start: Starting web application '/AssignmentPRJ23'
28-Feb-2023 20:55:31.487 INFO [http-nio-9999-exec-133] org.apache.catalina.core.ApplicationContext.log Manager: list: Listing contexts for virtual host 'localhost'
28-Feb-2023 20:55:31.493 INFO [http-nio-9999-exec-141] org.apache.catalina.core.ApplicationContext.log Manager: restart: Reloading web application '/AssignmentPRJ23'
28-Feb-2023 20:57:12.148 INFO [http-nio-9999-exec-133] org.apache.catalina.core.ApplicationContext.log Manager: list: Listing contexts for virtual host 'localhost'
28-Feb-2023 20:57:12.152 INFO [http-nio-9999-exec-146] org.apache.catalina.core.ApplicationContext.log Manager: list: Listing contexts for virtual host 'localhost'
28-Feb-2023 21:12:06.759 INFO [http-nio-9999-exec-151] org.apache.catalina.core.ApplicationContext.log Manager: list: Listing contexts for virtual host 'localhost'
28-Feb-2023 21:12:06.760 INFO [http-nio-9999-exec-146] org.apache.catalina.core.ApplicationContext.log Manager: list: Listing contexts for virtual host 'localhost'
28-Feb-2023 21:12:06.795 INFO [http-nio-9999-exec-147] org.apache.catalina.core.ApplicationContext.log Manager: undeploy: Undeploying web application at '/Party'
28-Feb-2023 21:12:07.344 INFO [http-nio-9999-exec-146] org.apache.catalina.core.ApplicationContext.log Manager: install: Installing context configuration at 'file:/C:/Users/ADMIN/AppData/Local/Temp/context2501797353779118417.xml'
28-Feb-2023 21:12:07.755 INFO [http-nio-9999-exec-145] org.apache.catalina.core.ApplicationContext.log Manager: start: Starting web application '/Party'
28-Feb-2023 21:24:24.192 INFO [http-nio-9999-exec-160] org.apache.catalina.core.ApplicationContext.log Manager: list: Listing contexts for virtual host 'localhost'
28-Feb-2023 21:24:24.197 INFO [http-nio-9999-exec-161] org.apache.catalina.core.ApplicationContext.log Manager: restart: Reloading web application '/AssignmentPRJ23'
28-Feb-2023 21:24:33.479 INFO [http-nio-9999-exec-157] org.apache.catalina.core.ApplicationContext.log Manager: list: Listing contexts for virtual host 'localhost'
28-Feb-2023 21:24:33.481 INFO [http-nio-9999-exec-152] org.apache.catalina.core.ApplicationContext.log Manager: list: Listing contexts for virtual host 'localhost'
28-Feb-2023 21:24:33.513 INFO [http-nio-9999-exec-154] org.apache.catalina.core.ApplicationContext.log Manager: undeploy: Undeploying web application at '/AssignmentPRJ23'
28-Feb-2023 21:24:34.055 INFO [http-nio-9999-exec-162] org.apache.catalina.core.ApplicationContext.log Manager: install: Installing context configuration at 'file:/C:/Users/ADMIN/AppData/Local/Temp/context7149186510381671984.xml'
28-Feb-2023 21:24:34.464 INFO [http-nio-9999-exec-155] org.apache.catalina.core.ApplicationContext.log Manager: start: Starting web application '/AssignmentPRJ23'
28-Feb-2023 21:26:57.247 INFO [http-nio-9999-exec-169] org.apache.catalina.core.ApplicationContext.log Manager: list: Listing contexts for virtual host 'localhost'
28-Feb-2023 21:26:57.253 INFO [http-nio-9999-exec-170] org.apache.catalina.core.ApplicationContext.log Manager: restart: Reloading web application '/AssignmentPRJ23'
28-Feb-2023 21:27:49.694 INFO [http-nio-9999-exec-169] org.apache.catalina.core.ApplicationContext.log Manager: list: Listing contexts for virtual host 'localhost'
28-Feb-2023 21:27:49.700 INFO [http-nio-9999-exec-168] org.apache.catalina.core.ApplicationContext.log Manager: restart: Reloading web application '/AssignmentPRJ23'
28-Feb-2023 21:28:06.546 INFO [http-nio-9999-exec-180] org.apache.catalina.core.ApplicationContext.log Manager: list: Listing contexts for virtual host 'localhost'
28-Feb-2023 21:28:06.549 INFO [http-nio-9999-exec-174] org.apache.catalina.core.ApplicationContext.log Manager: list: Listing contexts for virtual host 'localhost'
28-Feb-2023 21:29:17.288 INFO [http-nio-9999-exec-188] org.apache.catalina.core.ApplicationContext.log Manager: list: Listing contexts for virtual host 'localhost'
28-Feb-2023 21:29:17.293 INFO [http-nio-9999-exec-186] org.apache.catalina.core.ApplicationContext.log Manager: restart: Reloading web application '/AssignmentPRJ23'
28-Feb-2023 21:32:00.252 INFO [http-nio-9999-exec-190] org.apache.catalina.core.ApplicationContext.log Manager: list: Listing contexts for virtual host 'localhost'
28-Feb-2023 21:32:00.258 INFO [http-nio-9999-exec-191] org.apache.catalina.core.ApplicationContext.log Manager: restart: Reloading web application '/AssignmentPRJ23'
28-Feb-2023 21:34:09.935 INFO [http-nio-9999-exec-199] org.apache.catalina.core.ApplicationContext.log Manager: list: Listing contexts for virtual host 'localhost'
28-Feb-2023 21:34:09.937 INFO [http-nio-9999-exec-202] org.apache.catalina.core.ApplicationContext.log Manager: list: Listing contexts for virtual host 'localhost'
28-Feb-2023 21:34:09.975 INFO [http-nio-9999-exec-203] org.apache.catalina.core.ApplicationContext.log Manager: undeploy: Undeploying web application at '/AssignmentPRJ23'
28-Feb-2023 21:34:10.488 INFO [http-nio-9999-exec-197] org.apache.catalina.core.ApplicationContext.log Manager: install: Installing context configuration at 'file:/C:/Users/ADMIN/AppData/Local/Temp/context4891793798620456747.xml'
28-Feb-2023 21:34:10.884 INFO [http-nio-9999-exec-198] org.apache.catalina.core.ApplicationContext.log Manager: start: Starting web application '/AssignmentPRJ23'
28-Feb-2023 21:37:06.141 INFO [http-nio-9999-exec-209] org.apache.catalina.core.ApplicationContext.log Manager: list: Listing contexts for virtual host 'localhost'
28-Feb-2023 21:37:06.143 INFO [http-nio-9999-exec-211] org.apache.catalina.core.ApplicationContext.log Manager: list: Listing contexts for virtual host 'localhost'
28-Feb-2023 21:39:49.002 INFO [http-nio-9999-exec-210] org.apache.catalina.core.ApplicationContext.log Manager: list: Listing contexts for virtual host 'localhost'
28-Feb-2023 21:39:49.008 INFO [http-nio-9999-exec-211] org.apache.catalina.core.ApplicationContext.log Manager: restart: Reloading web application '/AssignmentPRJ23'
28-Feb-2023 21:44:04.011 INFO [http-nio-9999-exec-218] org.apache.catalina.core.ApplicationContext.log Manager: list: Listing contexts for virtual host 'localhost'
28-Feb-2023 21:44:04.016 INFO [http-nio-9999-exec-219] org.apache.catalina.core.ApplicationContext.log Manager: restart: Reloading web application '/AssignmentPRJ23'
28-Feb-2023 21:44:50.754 INFO [http-nio-9999-exec-226] org.apache.catalina.core.ApplicationContext.log Manager: list: Listing contexts for virtual host 'localhost'
28-Feb-2023 21:44:50.760 INFO [http-nio-9999-exec-221] org.apache.catalina.core.ApplicationContext.log Manager: restart: Reloading web application '/AssignmentPRJ23'
28-Feb-2023 21:45:27.847 INFO [http-nio-9999-exec-230] org.apache.catalina.core.ApplicationContext.log Manager: list: Listing contexts for virtual host 'localhost'
28-Feb-2023 21:45:27.855 INFO [http-nio-9999-exec-222] org.apache.catalina.core.ApplicationContext.log Manager: restart: Reloading web application '/AssignmentPRJ23'
28-Feb-2023 21:47:23.754 INFO [http-nio-9999-exec-235] org.apache.catalina.core.ApplicationContext.log Manager: list: Listing contexts for virtual host 'localhost'
28-Feb-2023 21:47:23.760 INFO [http-nio-9999-exec-234] org.apache.catalina.core.ApplicationContext.log Manager: restart: Reloading web application '/AssignmentPRJ23'
28-Feb-2023 21:50:17.817 INFO [http-nio-9999-exec-242] org.apache.catalina.core.ApplicationContext.log Manager: list: Listing contexts for virtual host 'localhost'
28-Feb-2023 21:50:17.824 INFO [http-nio-9999-exec-244] org.apache.catalina.core.ApplicationContext.log Manager: restart: Reloading web application '/AssignmentPRJ23'
28-Feb-2023 21:52:17.739 INFO [http-nio-9999-exec-239] org.apache.catalina.core.ApplicationContext.log Manager: list: Listing contexts for virtual host 'localhost'
28-Feb-2023 21:52:17.744 INFO [http-nio-9999-exec-244] org.apache.catalina.core.ApplicationContext.log Manager: list: Listing contexts for virtual host 'localhost'
28-Feb-2023 21:52:17.788 INFO [http-nio-9999-exec-232] org.apache.catalina.core.ApplicationContext.log Manager: undeploy: Undeploying web application at '/AssignmentPRJ23'
28-Feb-2023 21:52:18.342 INFO [http-nio-9999-exec-242] org.apache.catalina.core.ApplicationContext.log Manager: install: Installing context configuration at 'file:/C:/Users/ADMIN/AppData/Local/Temp/context2215793808820204613.xml'
28-Feb-2023 21:52:18.787 INFO [http-nio-9999-exec-248] org.apache.catalina.core.ApplicationContext.log Manager: start: Starting web application '/AssignmentPRJ23'
28-Feb-2023 21:53:27.774 INFO [http-nio-9999-exec-254] org.apache.catalina.core.ApplicationContext.log Manager: list: Listing contexts for virtual host 'localhost'
28-Feb-2023 21:53:27.782 INFO [http-nio-9999-exec-253] org.apache.catalina.core.ApplicationContext.log Manager: restart: Reloading web application '/AssignmentPRJ23'
28-Feb-2023 21:53:28.589 INFO [http-nio-9999-exec-254] org.apache.catalina.core.ApplicationContext.log Manager: list: Listing contexts for virtual host 'localhost'
28-Feb-2023 21:53:28.598 INFO [http-nio-9999-exec-252] org.apache.catalina.core.ApplicationContext.log Manager: restart: Reloading web application '/AssignmentPRJ23'
28-Feb-2023 21:53:43.205 INFO [http-nio-9999-exec-255] org.apache.catalina.core.ApplicationContext.log Manager: list: Listing contexts for virtual host 'localhost'
28-Feb-2023 21:53:43.207 INFO [http-nio-9999-exec-252] org.apache.catalina.core.ApplicationContext.log Manager: list: Listing contexts for virtual host 'localhost'
28-Feb-2023 21:53:43.237 INFO [http-nio-9999-exec-256] org.apache.catalina.core.ApplicationContext.log Manager: undeploy: Undeploying web application at '/AssignmentPRJ23'
28-Feb-2023 21:53:43.778 INFO [http-nio-9999-exec-254] org.apache.catalina.core.ApplicationContext.log Manager: install: Installing context configuration at 'file:/C:/Users/ADMIN/AppData/Local/Temp/context4402950688896964432.xml'
28-Feb-2023 21:54:02.429 INFO [http-nio-9999-exec-259] org.apache.catalina.core.ApplicationContext.log Manager: list: Listing contexts for virtual host 'localhost'
28-Feb-2023 21:54:02.432 INFO [http-nio-9999-exec-260] org.apache.catalina.core.ApplicationContext.log Manager: list: Listing contexts for virtual host 'localhost'
28-Feb-2023 21:54:02.451 INFO [http-nio-9999-exec-258] org.apache.catalina.core.ApplicationContext.log Manager: install: Installing context configuration at 'file:/C:/Users/ADMIN/AppData/Local/Temp/context1393475785756858374.xml'
28-Feb-2023 21:54:02.880 INFO [http-nio-9999-exec-256] org.apache.catalina.core.ApplicationContext.log Manager: start: Starting web application '/AssignmentPRJ23'
28-Feb-2023 21:55:29.826 INFO [http-nio-9999-exec-262] org.apache.catalina.core.ApplicationContext.log Manager: list: Listing contexts for virtual host 'localhost'
28-Feb-2023 21:55:56.057 INFO [http-nio-9999-exec-267] org.apache.catalina.core.ApplicationContext.log Manager: list: Listing contexts for virtual host 'localhost'
28-Feb-2023 21:59:37.087 INFO [http-nio-9999-exec-266] org.apache.catalina.core.ApplicationContext.log Manager: list: Listing contexts for virtual host 'localhost'
28-Feb-2023 21:59:37.094 INFO [http-nio-9999-exec-270] org.apache.catalina.core.ApplicationContext.log Manager: restart: Reloading web application '/AssignmentPRJ23'
28-Feb-2023 21:59:42.506 INFO [http-nio-9999-exec-269] org.apache.catalina.core.ApplicationContext.log Manager: list: Listing contexts for virtual host 'localhost'
28-Feb-2023 21:59:42.509 INFO [http-nio-9999-exec-264] org.apache.catalina.core.ApplicationContext.log Manager: list: Listing contexts for virtual host 'localhost'
28-Feb-2023 21:59:42.551 INFO [http-nio-9999-exec-271] org.apache.catalina.core.ApplicationContext.log Manager: undeploy: Undeploying web application at '/AssignmentPRJ23'
28-Feb-2023 21:59:43.088 INFO [http-nio-9999-exec-264] org.apache.catalina.core.ApplicationContext.log Manager: install: Installing context configuration at 'file:/C:/Users/ADMIN/AppData/Local/Temp/context7155826828238251363.xml'
28-Feb-2023 21:59:43.512 INFO [http-nio-9999-exec-273] org.apache.catalina.core.ApplicationContext.log Manager: start: Starting web application '/AssignmentPRJ23'
28-Feb-2023 22:07:13.224 INFO [http-nio-9999-exec-275] org.apache.catalina.core.ApplicationContext.log Manager: list: Listing contexts for virtual host 'localhost'
28-Feb-2023 22:07:13.229 INFO [http-nio-9999-exec-276] org.apache.catalina.core.ApplicationContext.log Manager: restart: Reloading web application '/AssignmentPRJ23'
28-Feb-2023 22:07:14.043 INFO [http-nio-9999-exec-282] org.apache.catalina.core.ApplicationContext.log Manager: list: Listing contexts for virtual host 'localhost'
28-Feb-2023 22:07:14.051 INFO [http-nio-9999-exec-283] org.apache.catalina.core.ApplicationContext.log Manager: restart: Reloading web application '/AssignmentPRJ23'
28-Feb-2023 22:08:37.943 INFO [http-nio-9999-exec-278] org.apache.catalina.core.ApplicationContext.log Manager: list: Listing contexts for virtual host 'localhost'
28-Feb-2023 22:08:37.949 INFO [http-nio-9999-exec-284] org.apache.catalina.core.ApplicationContext.log Manager: restart: Reloading web application '/AssignmentPRJ23'
28-Feb-2023 22:23:39.946 INFO [http-nio-9999-exec-296] org.apache.catalina.core.ApplicationContext.log Manager: list: Listing contexts for virtual host 'localhost'
28-Feb-2023 22:23:39.964 INFO [http-nio-9999-exec-295] org.apache.catalina.core.ApplicationContext.log Manager: stop: Stopping web application '/Assignment'
28-Feb-2023 22:23:39.971 INFO [http-nio-9999-exec-290] org.apache.catalina.core.ApplicationContext.log Manager: start: Starting web application '/Assignment'
28-Feb-2023 22:23:41.491 INFO [http-nio-9999-exec-291] org.apache.catalina.core.ApplicationContext.log Manager: list: Listing contexts for virtual host 'localhost'
28-Feb-2023 22:23:41.495 INFO [http-nio-9999-exec-296] org.apache.catalina.core.ApplicationContext.log Manager: restart: Reloading web application '/Assignment'
28-Feb-2023 22:24:16.431 INFO [http-nio-9999-exec-300] org.apache.catalina.core.ApplicationContext.log Manager: list: Listing contexts for virtual host 'localhost'
28-Feb-2023 22:24:16.438 INFO [http-nio-9999-exec-298] org.apache.catalina.core.ApplicationContext.log Manager: stop: Stopping web application '/Assignment'
28-Feb-2023 22:24:16.476 INFO [http-nio-9999-exec-291] org.apache.catalina.core.ApplicationContext.log Manager: start: Starting web application '/Assignment'
28-Feb-2023 22:24:17.316 INFO [http-nio-9999-exec-300] org.apache.catalina.core.ApplicationContext.log Manager: list: Listing contexts for virtual host 'localhost'
28-Feb-2023 22:24:17.326 INFO [http-nio-9999-exec-301] org.apache.catalina.core.ApplicationContext.log Manager: restart: Reloading web application '/Assignment'
28-Feb-2023 22:24:42.492 INFO [http-nio-9999-exec-293] org.apache.catalina.core.ApplicationContext.log Manager: list: Listing contexts for virtual host 'localhost'
28-Feb-2023 22:24:42.501 INFO [http-nio-9999-exec-298] org.apache.catalina.core.ApplicationContext.log Manager: stop: Stopping web application '/Assignment'
28-Feb-2023 22:24:42.541 INFO [http-nio-9999-exec-291] org.apache.catalina.core.ApplicationContext.log Manager: start: Starting web application '/Assignment'
28-Feb-2023 22:24:43.161 INFO [http-nio-9999-exec-300] org.apache.catalina.core.ApplicationContext.log Manager: list: Listing contexts for virtual host 'localhost'
28-Feb-2023 22:24:43.170 INFO [http-nio-9999-exec-303] org.apache.catalina.core.ApplicationContext.log Manager: restart: Reloading web application '/Assignment'
28-Feb-2023 22:25:26.383 INFO [http-nio-9999-exec-299] org.apache.catalina.core.ApplicationContext.log Manager: list: Listing contexts for virtual host 'localhost'
28-Feb-2023 22:25:26.431 INFO [http-nio-9999-exec-293] org.apache.catalina.core.ApplicationContext.log Manager: list: Listing contexts for virtual host 'localhost'
28-Feb-2023 22:25:38.865 INFO [http-nio-9999-exec-299] org.apache.catalina.core.ApplicationContext.log Manager: list: Listing contexts for virtual host 'localhost'
28-Feb-2023 22:25:40.655 INFO [http-nio-9999-exec-296] org.apache.catalina.core.ApplicationContext.log Manager: list: Listing contexts for virtual host 'localhost'
28-Feb-2023 22:25:40.662 INFO [http-nio-9999-exec-293] org.apache.catalina.core.ApplicationContext.log Manager: restart: Reloading web application '/Assignment'
28-Feb-2023 22:26:27.663 INFO [http-nio-9999-exec-296] org.apache.catalina.core.ApplicationContext.log Manager: list: Listing contexts for virtual host 'localhost'
28-Feb-2023 22:26:27.669 INFO [http-nio-9999-exec-305] org.apache.catalina.core.ApplicationContext.log Manager: restart: Reloading web application '/Assignment'
28-Feb-2023 22:26:40.836 INFO [http-nio-9999-exec-304] org.apache.catalina.core.ApplicationContext.log Manager: list: Listing contexts for virtual host 'localhost'
28-Feb-2023 22:27:34.326 INFO [http-nio-9999-exec-307] org.apache.catalina.core.ApplicationContext.log Manager: list: Listing contexts for virtual host 'localhost'
28-Feb-2023 22:33:02.750 INFO [http-nio-9999-exec-312] org.apache.catalina.core.ApplicationContext.log Manager: list: Listing contexts for virtual host 'localhost'
28-Feb-2023 22:34:29.919 INFO [http-nio-9999-exec-309] org.apache.catalina.core.ApplicationContext.log Manager: list: Listing contexts for virtual host 'localhost'
28-Feb-2023 22:34:29.924 INFO [http-nio-9999-exec-310] org.apache.catalina.core.ApplicationContext.log Manager: restart: Reloading web application '/Assignment'
28-Feb-2023 22:36:12.467 INFO [http-nio-9999-exec-318] org.apache.catalina.core.ApplicationContext.log Manager: list: Listing contexts for virtual host 'localhost'
28-Feb-2023 22:36:12.472 INFO [http-nio-9999-exec-313] org.apache.catalina.core.ApplicationContext.log Manager: restart: Reloading web application '/Assignment'
28-Feb-2023 22:36:25.978 INFO [http-nio-9999-exec-318] org.apache.catalina.core.ApplicationContext.log Manager: list: Listing contexts for virtual host 'localhost'
28-Feb-2023 22:36:25.985 INFO [http-nio-9999-exec-316] org.apache.catalina.core.ApplicationContext.log Manager: restart: Reloading web application '/Assignment'
28-Feb-2023 22:40:04.982 INFO [http-nio-9999-exec-321] org.apache.catalina.core.ApplicationContext.log Manager: list: Listing contexts for virtual host 'localhost'
28-Feb-2023 22:40:04.990 INFO [http-nio-9999-exec-325] org.apache.catalina.core.ApplicationContext.log Manager: restart: Reloading web application '/Assignment'
28-Feb-2023 22:40:05.748 INFO [http-nio-9999-exec-324] org.apache.catalina.core.ApplicationContext.log Manager: list: Listing contexts for virtual host 'localhost'
28-Feb-2023 22:40:05.753 INFO [http-nio-9999-exec-319] org.apache.catalina.core.ApplicationContext.log Manager: restart: Reloading web application '/Assignment'
28-Feb-2023 22:40:10.912 INFO [http-nio-9999-exec-323] org.apache.catalina.core.ApplicationContext.log Manager: list: Listing contexts for virtual host 'localhost'
28-Feb-2023 22:40:10.918 INFO [http-nio-9999-exec-316] org.apache.catalina.core.ApplicationContext.log Manager: restart: Reloading web application '/Assignment'
28-Feb-2023 22:40:35.348 INFO [http-nio-9999-exec-326] org.apache.catalina.core.ApplicationContext.log Manager: list: Listing contexts for virtual host 'localhost'
28-Feb-2023 22:40:35.353 INFO [http-nio-9999-exec-321] org.apache.catalina.core.ApplicationContext.log Manager: restart: Reloading web application '/Assignment'
28-Feb-2023 22:40:47.528 INFO [http-nio-9999-exec-322] org.apache.catalina.core.ApplicationContext.log Manager: list: Listing contexts for virtual host 'localhost'
28-Feb-2023 22:40:47.534 INFO [http-nio-9999-exec-323] org.apache.catalina.core.ApplicationContext.log Manager: restart: Reloading web application '/Assignment'
28-Feb-2023 22:41:48.054 INFO [http-nio-9999-exec-325] org.apache.catalina.core.ApplicationContext.log Manager: list: Listing contexts for virtual host 'localhost'
28-Feb-2023 22:41:48.060 INFO [http-nio-9999-exec-321] org.apache.catalina.core.ApplicationContext.log Manager: restart: Reloading web application '/Assignment'
28-Feb-2023 22:42:25.550 INFO [http-nio-9999-exec-316] org.apache.catalina.core.ApplicationContext.log Manager: list: Listing contexts for virtual host 'localhost'
28-Feb-2023 22:42:25.555 INFO [http-nio-9999-exec-325] org.apache.catalina.core.ApplicationContext.log Manager: restart: Reloading web application '/Assignment'
28-Feb-2023 22:43:46.444 INFO [http-nio-9999-exec-323] org.apache.catalina.core.ApplicationContext.log Manager: list: Listing contexts for virtual host 'localhost'
28-Feb-2023 22:43:46.449 INFO [http-nio-9999-exec-329] org.apache.catalina.core.ApplicationContext.log Manager: restart: Reloading web application '/Assignment'
28-Feb-2023 22:43:51.455 INFO [http-nio-9999-exec-321] org.apache.catalina.core.ApplicationContext.log Manager: list: Listing contexts for virtual host 'localhost'
28-Feb-2023 22:43:51.459 INFO [http-nio-9999-exec-316] org.apache.catalina.core.ApplicationContext.log Manager: list: Listing contexts for virtual host 'localhost'
28-Feb-2023 22:43:51.497 INFO [http-nio-9999-exec-309] org.apache.catalina.core.ApplicationContext.log Manager: stop: Stopping web application '/Assignment'
28-Feb-2023 22:43:51.522 INFO [http-nio-9999-exec-326] org.apache.catalina.core.ApplicationContext.log Manager: start: Starting web application '/Assignment'
28-Feb-2023 22:46:12.434 INFO [http-nio-9999-exec-335] org.apache.catalina.core.ApplicationContext.log Manager: list: Listing contexts for virtual host 'localhost'
28-Feb-2023 22:47:15.610 INFO [http-nio-9999-exec-341] org.apache.catalina.core.ApplicationContext.log Manager: list: Listing contexts for virtual host 'localhost'
28-Feb-2023 22:49:47.119 INFO [http-nio-9999-exec-335] org.apache.catalina.core.ApplicationContext.log Manager: list: Listing contexts for virtual host 'localhost'
28-Feb-2023 22:49:56.660 INFO [http-nio-9999-exec-336] org.apache.catalina.core.ApplicationContext.log Manager: list: Listing contexts for virtual host 'localhost'
28-Feb-2023 22:51:16.019 INFO [http-nio-9999-exec-335] org.apache.catalina.core.ApplicationContext.log Manager: list: Listing contexts for virtual host 'localhost'
28-Feb-2023 22:51:58.884 INFO [http-nio-9999-exec-341] org.apache.catalina.core.ApplicationContext.log Manager: list: Listing contexts for virtual host 'localhost'
28-Feb-2023 22:51:58.890 INFO [http-nio-9999-exec-335] org.apache.catalina.core.ApplicationContext.log Manager: restart: Reloading web application '/Assignment'
28-Feb-2023 22:56:33.585 INFO [http-nio-9999-exec-347] org.apache.catalina.core.ApplicationContext.log Manager: list: Listing contexts for virtual host 'localhost'
28-Feb-2023 22:56:49.672 INFO [http-nio-9999-exec-354] org.apache.catalina.core.ApplicationContext.log Manager: list: Listing contexts for virtual host 'localhost'
28-Feb-2023 22:57:01.086 INFO [http-nio-9999-exec-348] org.apache.catalina.core.ApplicationContext.log Manager: list: Listing contexts for virtual host 'localhost'
28-Feb-2023 22:57:07.546 INFO [http-nio-9999-exec-349] org.apache.catalina.core.ApplicationContext.log Manager: list: Listing contexts for virtual host 'localhost'
28-Feb-2023 23:13:34.274 INFO [http-nio-9999-exec-354] org.apache.catalina.core.ApplicationContext.log Manager: list: Listing contexts for virtual host 'localhost'
28-Feb-2023 23:13:34.281 INFO [http-nio-9999-exec-345] org.apache.catalina.core.ApplicationContext.log Manager: restart: Reloading web application '/Assignment'
28-Feb-2023 23:14:25.784 INFO [http-nio-9999-exec-349] org.apache.catalina.core.ApplicationContext.log Manager: list: Listing contexts for virtual host 'localhost'
28-Feb-2023 23:14:25.790 INFO [http-nio-9999-exec-347] org.apache.catalina.core.ApplicationContext.log Manager: restart: Reloading web application '/Assignment'
28-Feb-2023 23:15:01.186 INFO [http-nio-9999-exec-351] org.apache.catalina.core.ApplicationContext.log Manager: list: Listing contexts for virtual host 'localhost'
28-Feb-2023 23:15:01.192 INFO [http-nio-9999-exec-352] org.apache.catalina.core.ApplicationContext.log Manager: restart: Reloading web application '/Assignment'
28-Feb-2023 23:16:37.221 INFO [http-nio-9999-exec-353] org.apache.catalina.core.ApplicationContext.log Manager: list: Listing contexts for virtual host 'localhost'
28-Feb-2023 23:16:37.226 INFO [http-nio-9999-exec-347] org.apache.catalina.core.ApplicationContext.log Manager: restart: Reloading web application '/Assignment'
28-Feb-2023 23:19:11.297 INFO [http-nio-9999-exec-349] org.apache.catalina.core.ApplicationContext.log Manager: list: Listing contexts for virtual host 'localhost'
28-Feb-2023 23:19:11.302 INFO [http-nio-9999-exec-352] org.apache.catalina.core.ApplicationContext.log Manager: restart: Reloading web application '/Assignment'
28-Feb-2023 23:23:01.999 INFO [http-nio-9999-exec-347] org.apache.catalina.core.ApplicationContext.log Manager: list: Listing contexts for virtual host 'localhost'
28-Feb-2023 23:23:02.004 INFO [http-nio-9999-exec-366] org.apache.catalina.core.ApplicationContext.log Manager: restart: Reloading web application '/Assignment'
28-Feb-2023 23:23:17.174 INFO [http-nio-9999-exec-352] org.apache.catalina.core.ApplicationContext.log Manager: list: Listing contexts for virtual host 'localhost'
28-Feb-2023 23:23:17.490 INFO [http-nio-9999-exec-366] org.apache.catalina.core.ApplicationContext.log Manager: list: Listing contexts for virtual host 'localhost'
28-Feb-2023 23:25:47.144 INFO [http-nio-9999-exec-358] org.apache.catalina.core.ApplicationContext.log Manager: list: Listing contexts for virtual host 'localhost'
28-Feb-2023 23:25:47.150 INFO [http-nio-9999-exec-370] org.apache.catalina.core.ApplicationContext.log Manager: restart: Reloading web application '/Assignment'
28-Feb-2023 23:26:23.071 INFO [http-nio-9999-exec-367] org.apache.catalina.core.ApplicationContext.log Manager: list: Listing contexts for virtual host 'localhost'
28-Feb-2023 23:26:23.075 INFO [http-nio-9999-exec-363] org.apache.catalina.core.ApplicationContext.log Manager: restart: Reloading web application '/Assignment'
28-Feb-2023 23:27:45.443 INFO [http-nio-9999-exec-347] org.apache.catalina.core.ApplicationContext.log Manager: list: Listing contexts for virtual host 'localhost'
28-Feb-2023 23:28:08.146 INFO [http-nio-9999-exec-352] org.apache.catalina.core.ApplicationContext.log Manager: list: Listing contexts for virtual host 'localhost'
28-Feb-2023 23:29:10.074 INFO [http-nio-9999-exec-372] org.apache.catalina.core.ApplicationContext.log Manager: list: Listing contexts for virtual host 'localhost'
28-Feb-2023 23:30:49.683 INFO [http-nio-9999-exec-373] org.apache.catalina.core.ApplicationContext.log Manager: list: Listing contexts for virtual host 'localhost'
28-Feb-2023 23:32:37.232 INFO [http-nio-9999-exec-375] org.apache.catalina.core.ApplicationContext.log Manager: list: Listing contexts for virtual host 'localhost'
28-Feb-2023 23:33:36.471 INFO [http-nio-9999-exec-377] org.apache.catalina.core.ApplicationContext.log Manager: list: Listing contexts for virtual host 'localhost'
28-Feb-2023 23:33:36.475 INFO [http-nio-9999-exec-381] org.apache.catalina.core.ApplicationContext.log Manager: restart: Reloading web application '/Assignment'
28-Feb-2023 23:36:09.589 INFO [http-nio-9999-exec-380] org.apache.catalina.core.ApplicationContext.log Manager: list: Listing contexts for virtual host 'localhost'
28-Feb-2023 23:36:09.594 INFO [http-nio-9999-exec-381] org.apache.catalina.core.ApplicationContext.log Manager: restart: Reloading web application '/Assignment'
28-Feb-2023 23:37:41.865 INFO [http-nio-9999-exec-388] org.apache.catalina.core.ApplicationContext.log Manager: list: Listing contexts for virtual host 'localhost'
28-Feb-2023 23:40:06.550 INFO [http-nio-9999-exec-392] org.apache.catalina.core.ApplicationContext.log Manager: list: Listing contexts for virtual host 'localhost'
28-Feb-2023 23:40:06.555 INFO [http-nio-9999-exec-386] org.apache.catalina.core.ApplicationContext.log Manager: restart: Reloading web application '/Assignment'
28-Feb-2023 23:40:53.407 INFO [http-nio-9999-exec-393] org.apache.catalina.core.ApplicationContext.log Manager: list: Listing contexts for virtual host 'localhost'
