12-Mar-2023 14:00:37.978 INFO [http-nio-9999-exec-6] org.apache.catalina.core.ApplicationContext.log Manager: init: Associated with Deployer 'Catalina:type=Deployer,host=localhost'
12-Mar-2023 14:00:37.978 INFO [http-nio-9999-exec-6] org.apache.catalina.core.ApplicationContext.log Manager: init: Global resources are available
12-Mar-2023 14:00:38.009 INFO [http-nio-9999-exec-9] org.apache.catalina.core.ApplicationContext.log Manager: list: Listing contexts for virtual host 'localhost'
12-Mar-2023 14:00:38.047 INFO [http-nio-9999-exec-10] org.apache.catalina.core.ApplicationContext.log Manager: list: Listing contexts for virtual host 'localhost'
12-Mar-2023 14:00:38.059 INFO [http-nio-9999-exec-3] org.apache.catalina.core.ApplicationContext.log Manager: install: Installing context configuration at 'file:/C:/Users/ADMIN/AppData/Local/Temp/context1730977481788134746.xml'
12-Mar-2023 14:00:38.090 INFO [http-nio-9999-exec-1] org.apache.catalina.core.ApplicationContext.log Manager: start: Starting web application '/Q1_FA22'
12-Mar-2023 14:00:59.574 INFO [http-nio-9999-exec-5] org.apache.catalina.core.ApplicationContext.log Manager: list: Listing contexts for virtual host 'localhost'
12-Mar-2023 17:07:17.030 INFO [http-nio-9999-exec-4] org.apache.catalina.core.ApplicationContext.log Manager: list: Listing contexts for virtual host 'localhost'
12-Mar-2023 17:07:17.081 INFO [http-nio-9999-exec-3] org.apache.catalina.core.ApplicationContext.log Manager: undeploy: Undeploying web application at '/Assignment'
12-Mar-2023 17:07:17.613 INFO [http-nio-9999-exec-8] org.apache.catalina.core.ApplicationContext.log Manager: install: Installing context configuration at 'file:/C:/Users/ADMIN/AppData/Local/Temp/context7202420675298961193.xml'
12-Mar-2023 17:07:18.017 INFO [http-nio-9999-exec-1] org.apache.catalina.core.ApplicationContext.log Manager: start: Starting web application '/Assignment'
12-Mar-2023 17:07:44.251 INFO [http-nio-9999-exec-12] org.apache.catalina.core.ApplicationContext.log Manager: list: Listing contexts for virtual host 'localhost'
12-Mar-2023 17:07:44.263 INFO [http-nio-9999-exec-4] org.apache.catalina.core.ApplicationContext.log Manager: restart: Reloading web application '/Assignment'
12-Mar-2023 17:08:53.932 INFO [http-nio-9999-exec-13] org.apache.catalina.core.ApplicationContext.log Manager: list: Listing contexts for virtual host 'localhost'
12-Mar-2023 17:08:53.940 INFO [http-nio-9999-exec-15] org.apache.catalina.core.ApplicationContext.log Manager: stop: Stopping web application '/Assignment'
12-Mar-2023 17:08:53.950 INFO [http-nio-9999-exec-18] org.apache.catalina.core.ApplicationContext.log Manager: start: Starting web application '/Assignment'
12-Mar-2023 17:09:01.576 INFO [http-nio-9999-exec-20] org.apache.catalina.core.ApplicationContext.log Manager: list: Listing contexts for virtual host 'localhost'
12-Mar-2023 17:09:01.581 INFO [http-nio-9999-exec-4] org.apache.catalina.core.ApplicationContext.log Manager: list: Listing contexts for virtual host 'localhost'
12-Mar-2023 17:09:01.615 INFO [http-nio-9999-exec-19] org.apache.catalina.core.ApplicationContext.log Manager: undeploy: Undeploying web application at '/Assignment'
12-Mar-2023 17:09:02.140 INFO [http-nio-9999-exec-16] org.apache.catalina.core.ApplicationContext.log Manager: install: Installing context configuration at 'file:/C:/Users/ADMIN/AppData/Local/Temp/context5210832880571104670.xml'
12-Mar-2023 17:09:02.488 INFO [http-nio-9999-exec-15] org.apache.catalina.core.ApplicationContext.log Manager: start: Starting web application '/Assignment'
12-Mar-2023 17:14:10.496 INFO [http-nio-9999-exec-22] org.apache.catalina.core.ApplicationContext.log Manager: list: Listing contexts for virtual host 'localhost'
12-Mar-2023 17:14:10.498 INFO [http-nio-9999-exec-26] org.apache.catalina.core.ApplicationContext.log Manager: list: Listing contexts for virtual host 'localhost'
12-Mar-2023 17:14:10.533 INFO [http-nio-9999-exec-27] org.apache.catalina.core.ApplicationContext.log Manager: undeploy: Undeploying web application at '/Assignment'
12-Mar-2023 17:14:11.059 INFO [http-nio-9999-exec-25] org.apache.catalina.core.ApplicationContext.log Manager: install: Installing context configuration at 'file:/C:/Users/ADMIN/AppData/Local/Temp/context311619372439731149.xml'
12-Mar-2023 17:14:11.422 INFO [http-nio-9999-exec-26] org.apache.catalina.core.ApplicationContext.log Manager: start: Starting web application '/Assignment'
12-Mar-2023 17:20:19.745 INFO [http-nio-9999-exec-32] org.apache.catalina.core.ApplicationContext.log Manager: list: Listing contexts for virtual host 'localhost'
12-Mar-2023 17:20:19.747 INFO [http-nio-9999-exec-38] org.apache.catalina.core.ApplicationContext.log Manager: list: Listing contexts for virtual host 'localhost'
12-Mar-2023 17:20:19.778 INFO [http-nio-9999-exec-33] org.apache.catalina.core.ApplicationContext.log Manager: undeploy: Undeploying web application at '/Assignment'
12-Mar-2023 17:20:20.301 INFO [http-nio-9999-exec-38] org.apache.catalina.core.ApplicationContext.log Manager: install: Installing context configuration at 'file:/C:/Users/ADMIN/AppData/Local/Temp/context6822070329217400420.xml'
12-Mar-2023 17:20:20.703 INFO [http-nio-9999-exec-32] org.apache.catalina.core.ApplicationContext.log Manager: start: Starting web application '/Assignment'
12-Mar-2023 17:20:21.952 INFO [http-nio-9999-exec-42] org.apache.catalina.core.ApplicationContext.log Manager: list: Listing contexts for virtual host 'localhost'
12-Mar-2023 17:20:21.955 INFO [http-nio-9999-exec-41] org.apache.catalina.core.ApplicationContext.log Manager: list: Listing contexts for virtual host 'localhost'
12-Mar-2023 17:20:21.986 INFO [http-nio-9999-exec-38] org.apache.catalina.core.ApplicationContext.log Manager: undeploy: Undeploying web application at '/Assignment'
12-Mar-2023 17:20:22.500 INFO [http-nio-9999-exec-35] org.apache.catalina.core.ApplicationContext.log Manager: install: Installing context configuration at 'file:/C:/Users/ADMIN/AppData/Local/Temp/context7154032491815258553.xml'
12-Mar-2023 17:20:22.834 INFO [http-nio-9999-exec-32] org.apache.catalina.core.ApplicationContext.log Manager: start: Starting web application '/Assignment'
12-Mar-2023 17:21:52.926 INFO [http-nio-9999-exec-44] org.apache.catalina.core.ApplicationContext.log Manager: list: Listing contexts for virtual host 'localhost'
12-Mar-2023 17:21:52.928 INFO [http-nio-9999-exec-52] org.apache.catalina.core.ApplicationContext.log Manager: list: Listing contexts for virtual host 'localhost'
12-Mar-2023 17:21:52.961 INFO [http-nio-9999-exec-47] org.apache.catalina.core.ApplicationContext.log Manager: undeploy: Undeploying web application at '/Assignment'
12-Mar-2023 17:21:53.482 INFO [http-nio-9999-exec-43] org.apache.catalina.core.ApplicationContext.log Manager: install: Installing context configuration at 'file:/C:/Users/ADMIN/AppData/Local/Temp/context4454891096663598962.xml'
12-Mar-2023 17:21:53.822 INFO [http-nio-9999-exec-46] org.apache.catalina.core.ApplicationContext.log Manager: start: Starting web application '/Assignment'
12-Mar-2023 17:26:11.996 INFO [http-nio-9999-exec-61] org.apache.catalina.core.ApplicationContext.log Manager: list: Listing contexts for virtual host 'localhost'
12-Mar-2023 17:26:11.998 INFO [http-nio-9999-exec-58] org.apache.catalina.core.ApplicationContext.log Manager: list: Listing contexts for virtual host 'localhost'
12-Mar-2023 17:26:12.028 INFO [http-nio-9999-exec-59] org.apache.catalina.core.ApplicationContext.log Manager: undeploy: Undeploying web application at '/Assignment'
12-Mar-2023 17:26:12.549 INFO [http-nio-9999-exec-61] org.apache.catalina.core.ApplicationContext.log Manager: install: Installing context configuration at 'file:/C:/Users/ADMIN/AppData/Local/Temp/context7655543760633251647.xml'
12-Mar-2023 17:26:12.886 INFO [http-nio-9999-exec-58] org.apache.catalina.core.ApplicationContext.log Manager: start: Starting web application '/Assignment'
12-Mar-2023 17:35:16.066 INFO [http-nio-9999-exec-72] org.apache.catalina.core.ApplicationContext.log Manager: list: Listing contexts for virtual host 'localhost'
12-Mar-2023 17:35:16.069 INFO [http-nio-9999-exec-65] org.apache.catalina.core.ApplicationContext.log Manager: list: Listing contexts for virtual host 'localhost'
12-Mar-2023 17:35:16.109 INFO [http-nio-9999-exec-66] org.apache.catalina.core.ApplicationContext.log Manager: undeploy: Undeploying web application at '/Assignment'
12-Mar-2023 17:35:16.629 INFO [http-nio-9999-exec-72] org.apache.catalina.core.ApplicationContext.log Manager: install: Installing context configuration at 'file:/C:/Users/ADMIN/AppData/Local/Temp/context4344534103223487780.xml'
12-Mar-2023 17:35:17.038 INFO [http-nio-9999-exec-63] org.apache.catalina.core.ApplicationContext.log Manager: start: Starting web application '/Assignment'
12-Mar-2023 17:43:52.207 INFO [http-nio-9999-exec-77] org.apache.catalina.core.ApplicationContext.log Manager: list: Listing contexts for virtual host 'localhost'
12-Mar-2023 17:43:52.210 INFO [http-nio-9999-exec-82] org.apache.catalina.core.ApplicationContext.log Manager: list: Listing contexts for virtual host 'localhost'
12-Mar-2023 17:43:52.239 INFO [http-nio-9999-exec-73] org.apache.catalina.core.ApplicationContext.log Manager: undeploy: Undeploying web application at '/Assignment'
12-Mar-2023 17:43:52.756 INFO [http-nio-9999-exec-75] org.apache.catalina.core.ApplicationContext.log Manager: install: Installing context configuration at 'file:/C:/Users/ADMIN/AppData/Local/Temp/context9173454432691662367.xml'
12-Mar-2023 17:43:53.093 INFO [http-nio-9999-exec-81] org.apache.catalina.core.ApplicationContext.log Manager: start: Starting web application '/Assignment'
12-Mar-2023 17:49:26.297 INFO [http-nio-9999-exec-83] org.apache.catalina.core.ApplicationContext.log Manager: list: Listing contexts for virtual host 'localhost'
12-Mar-2023 17:49:26.322 INFO [http-nio-9999-exec-90] org.apache.catalina.core.ApplicationContext.log Manager: undeploy: Undeploying web application at '/Assignment'
12-Mar-2023 17:49:26.838 INFO [http-nio-9999-exec-87] org.apache.catalina.core.ApplicationContext.log Manager: install: Installing context configuration at 'file:/C:/Users/ADMIN/AppData/Local/Temp/context1927775207830639700.xml'
12-Mar-2023 17:49:27.192 INFO [http-nio-9999-exec-84] org.apache.catalina.core.ApplicationContext.log Manager: start: Starting web application '/Assignment'
12-Mar-2023 17:49:38.297 INFO [http-nio-9999-exec-83] org.apache.catalina.core.ApplicationContext.log Manager: list: Listing contexts for virtual host 'localhost'
12-Mar-2023 17:49:38.299 INFO [http-nio-9999-exec-93] org.apache.catalina.core.ApplicationContext.log Manager: list: Listing contexts for virtual host 'localhost'
12-Mar-2023 17:49:38.329 INFO [http-nio-9999-exec-87] org.apache.catalina.core.ApplicationContext.log Manager: undeploy: Undeploying web application at '/Assignment'
12-Mar-2023 17:49:38.849 INFO [http-nio-9999-exec-84] org.apache.catalina.core.ApplicationContext.log Manager: install: Installing context configuration at 'file:/C:/Users/ADMIN/AppData/Local/Temp/context7328907492750363209.xml'
12-Mar-2023 17:49:39.209 INFO [http-nio-9999-exec-83] org.apache.catalina.core.ApplicationContext.log Manager: start: Starting web application '/Assignment'
12-Mar-2023 17:49:55.806 INFO [http-nio-9999-exec-83] org.apache.catalina.core.ApplicationContext.log Manager: list: Listing contexts for virtual host 'localhost'
12-Mar-2023 17:49:55.809 INFO [http-nio-9999-exec-87] org.apache.catalina.core.ApplicationContext.log Manager: list: Listing contexts for virtual host 'localhost'
12-Mar-2023 17:49:55.841 INFO [http-nio-9999-exec-84] org.apache.catalina.core.ApplicationContext.log Manager: undeploy: Undeploying web application at '/Assignment'
12-Mar-2023 17:49:56.352 INFO [http-nio-9999-exec-83] org.apache.catalina.core.ApplicationContext.log Manager: install: Installing context configuration at 'file:/C:/Users/ADMIN/AppData/Local/Temp/context3967323309143007097.xml'
12-Mar-2023 17:49:56.685 INFO [http-nio-9999-exec-94] org.apache.catalina.core.ApplicationContext.log Manager: start: Starting web application '/Assignment'
12-Mar-2023 17:50:15.658 INFO [http-nio-9999-exec-96] org.apache.catalina.core.ApplicationContext.log Manager: list: Listing contexts for virtual host 'localhost'
12-Mar-2023 17:50:15.662 INFO [http-nio-9999-exec-85] org.apache.catalina.core.ApplicationContext.log Manager: list: Listing contexts for virtual host 'localhost'
12-Mar-2023 17:50:15.702 INFO [http-nio-9999-exec-83] org.apache.catalina.core.ApplicationContext.log Manager: undeploy: Undeploying web application at '/Assignment'
12-Mar-2023 17:50:16.216 INFO [http-nio-9999-exec-84] org.apache.catalina.core.ApplicationContext.log Manager: install: Installing context configuration at 'file:/C:/Users/ADMIN/AppData/Local/Temp/context7481924234609971604.xml'
12-Mar-2023 17:50:16.555 INFO [http-nio-9999-exec-86] org.apache.catalina.core.ApplicationContext.log Manager: start: Starting web application '/Assignment'
12-Mar-2023 17:50:30.402 INFO [http-nio-9999-exec-89] org.apache.catalina.core.ApplicationContext.log Manager: list: Listing contexts for virtual host 'localhost'
12-Mar-2023 17:50:30.405 INFO [http-nio-9999-exec-83] org.apache.catalina.core.ApplicationContext.log Manager: list: Listing contexts for virtual host 'localhost'
12-Mar-2023 17:50:30.438 INFO [http-nio-9999-exec-84] org.apache.catalina.core.ApplicationContext.log Manager: undeploy: Undeploying web application at '/Assignment'
12-Mar-2023 17:50:30.950 INFO [http-nio-9999-exec-87] org.apache.catalina.core.ApplicationContext.log Manager: install: Installing context configuration at 'file:/C:/Users/ADMIN/AppData/Local/Temp/context8946437378450949226.xml'
12-Mar-2023 17:50:31.290 INFO [http-nio-9999-exec-83] org.apache.catalina.core.ApplicationContext.log Manager: start: Starting web application '/Assignment'
12-Mar-2023 17:51:04.779 INFO [http-nio-9999-exec-99] org.apache.catalina.core.ApplicationContext.log Manager: list: Listing contexts for virtual host 'localhost'
12-Mar-2023 17:51:04.782 INFO [http-nio-9999-exec-87] org.apache.catalina.core.ApplicationContext.log Manager: list: Listing contexts for virtual host 'localhost'
12-Mar-2023 17:51:04.809 INFO [http-nio-9999-exec-83] org.apache.catalina.core.ApplicationContext.log Manager: undeploy: Undeploying web application at '/Assignment'
12-Mar-2023 17:51:05.328 INFO [http-nio-9999-exec-98] org.apache.catalina.core.ApplicationContext.log Manager: install: Installing context configuration at 'file:/C:/Users/ADMIN/AppData/Local/Temp/context3161664720492444581.xml'
12-Mar-2023 17:51:05.682 INFO [http-nio-9999-exec-97] org.apache.catalina.core.ApplicationContext.log Manager: start: Starting web application '/Assignment'
12-Mar-2023 17:51:23.457 INFO [http-nio-9999-exec-83] org.apache.catalina.core.ApplicationContext.log Manager: list: Listing contexts for virtual host 'localhost'
12-Mar-2023 17:51:23.463 INFO [http-nio-9999-exec-98] org.apache.catalina.core.ApplicationContext.log Manager: restart: Reloading web application '/Assignment'
12-Mar-2023 17:51:27.034 INFO [http-nio-9999-exec-91] org.apache.catalina.core.ApplicationContext.log Manager: list: Listing contexts for virtual host 'localhost'
12-Mar-2023 17:51:27.036 INFO [http-nio-9999-exec-83] org.apache.catalina.core.ApplicationContext.log Manager: list: Listing contexts for virtual host 'localhost'
12-Mar-2023 17:51:27.066 INFO [http-nio-9999-exec-97] org.apache.catalina.core.ApplicationContext.log Manager: undeploy: Undeploying web application at '/Assignment'
12-Mar-2023 17:51:27.587 INFO [http-nio-9999-exec-98] org.apache.catalina.core.ApplicationContext.log Manager: install: Installing context configuration at 'file:/C:/Users/ADMIN/AppData/Local/Temp/context2644692534572589340.xml'
12-Mar-2023 17:51:28.041 INFO [http-nio-9999-exec-101] org.apache.catalina.core.ApplicationContext.log Manager: start: Starting web application '/Assignment'
12-Mar-2023 17:56:55.120 INFO [http-nio-9999-exec-111] org.apache.catalina.core.ApplicationContext.log Manager: list: Listing contexts for virtual host 'localhost'
12-Mar-2023 18:00:33.806 INFO [http-nio-9999-exec-105] org.apache.catalina.core.ApplicationContext.log Manager: list: Listing contexts for virtual host 'localhost'
12-Mar-2023 18:04:02.110 INFO [http-nio-9999-exec-111] org.apache.catalina.core.ApplicationContext.log Manager: list: Listing contexts for virtual host 'localhost'
12-Mar-2023 18:04:02.440 INFO [http-nio-9999-exec-106] org.apache.catalina.core.ApplicationContext.log Manager: list: Listing contexts for virtual host 'localhost'
12-Mar-2023 18:04:17.223 INFO [http-nio-9999-exec-105] org.apache.catalina.core.ApplicationContext.log Manager: list: Listing contexts for virtual host 'localhost'
12-Mar-2023 18:04:17.231 INFO [http-nio-9999-exec-111] org.apache.catalina.core.ApplicationContext.log Manager: restart: Reloading web application '/Assignment'
12-Mar-2023 18:04:26.086 INFO [http-nio-9999-exec-108] org.apache.catalina.core.ApplicationContext.log Manager: list: Listing contexts for virtual host 'localhost'
12-Mar-2023 18:04:46.608 INFO [http-nio-9999-exec-109] org.apache.catalina.core.ApplicationContext.log Manager: list: Listing contexts for virtual host 'localhost'
12-Mar-2023 18:04:46.619 INFO [http-nio-9999-exec-115] org.apache.catalina.core.ApplicationContext.log Manager: restart: Reloading web application '/Assignment'
12-Mar-2023 18:04:47.340 INFO [http-nio-9999-exec-109] org.apache.catalina.core.ApplicationContext.log Manager: list: Listing contexts for virtual host 'localhost'
12-Mar-2023 18:04:47.346 INFO [http-nio-9999-exec-116] org.apache.catalina.core.ApplicationContext.log Manager: restart: Reloading web application '/Assignment'
12-Mar-2023 18:06:02.544 INFO [http-nio-9999-exec-107] org.apache.catalina.core.ApplicationContext.log Manager: list: Listing contexts for virtual host 'localhost'
12-Mar-2023 18:06:02.549 INFO [http-nio-9999-exec-115] org.apache.catalina.core.ApplicationContext.log Manager: stop: Stopping web application '/Assignment'
12-Mar-2023 18:06:02.554 INFO [http-nio-9999-exec-118] org.apache.catalina.core.ApplicationContext.log Manager: start: Starting web application '/Assignment'
12-Mar-2023 18:06:16.806 INFO [http-nio-9999-exec-117] org.apache.catalina.core.ApplicationContext.log Manager: list: Listing contexts for virtual host 'localhost'
12-Mar-2023 18:07:06.691 INFO [http-nio-9999-exec-120] org.apache.catalina.core.ApplicationContext.log Manager: list: Listing contexts for virtual host 'localhost'
12-Mar-2023 18:07:06.698 INFO [http-nio-9999-exec-106] org.apache.catalina.core.ApplicationContext.log Manager: restart: Reloading web application '/Assignment'
12-Mar-2023 18:09:52.705 INFO [http-nio-9999-exec-121] org.apache.catalina.core.ApplicationContext.log Manager: list: Listing contexts for virtual host 'localhost'
12-Mar-2023 18:09:52.712 INFO [http-nio-9999-exec-124] org.apache.catalina.core.ApplicationContext.log Manager: restart: Reloading web application '/Assignment'
12-Mar-2023 18:10:02.077 INFO [http-nio-9999-exec-121] org.apache.catalina.core.ApplicationContext.log Manager: list: Listing contexts for virtual host 'localhost'
12-Mar-2023 18:10:02.086 INFO [http-nio-9999-exec-106] org.apache.catalina.core.ApplicationContext.log Manager: restart: Reloading web application '/Assignment'
12-Mar-2023 18:10:02.802 INFO [http-nio-9999-exec-122] org.apache.catalina.core.ApplicationContext.log Manager: list: Listing contexts for virtual host 'localhost'
12-Mar-2023 18:10:02.807 INFO [http-nio-9999-exec-123] org.apache.catalina.core.ApplicationContext.log Manager: restart: Reloading web application '/Assignment'
12-Mar-2023 18:10:07.836 INFO [http-nio-9999-exec-127] org.apache.catalina.core.ApplicationContext.log Manager: list: Listing contexts for virtual host 'localhost'
12-Mar-2023 18:10:07.837 INFO [http-nio-9999-exec-106] org.apache.catalina.core.ApplicationContext.log Manager: list: Listing contexts for virtual host 'localhost'
12-Mar-2023 18:10:07.869 INFO [http-nio-9999-exec-110] org.apache.catalina.core.ApplicationContext.log Manager: undeploy: Undeploying web application at '/Assignment'
12-Mar-2023 18:10:08.383 INFO [http-nio-9999-exec-120] org.apache.catalina.core.ApplicationContext.log Manager: install: Installing context configuration at 'file:/C:/Users/ADMIN/AppData/Local/Temp/context9092194322754248052.xml'
12-Mar-2023 18:10:08.818 INFO [http-nio-9999-exec-122] org.apache.catalina.core.ApplicationContext.log Manager: start: Starting web application '/Assignment'
12-Mar-2023 18:11:18.629 INFO [http-nio-9999-exec-129] org.apache.catalina.core.ApplicationContext.log Manager: list: Listing contexts for virtual host 'localhost'
12-Mar-2023 18:11:18.631 INFO [http-nio-9999-exec-115] org.apache.catalina.core.ApplicationContext.log Manager: list: Listing contexts for virtual host 'localhost'
12-Mar-2023 18:11:18.658 INFO [http-nio-9999-exec-133] org.apache.catalina.core.ApplicationContext.log Manager: undeploy: Undeploying web application at '/Assignment'
12-Mar-2023 18:11:19.181 INFO [http-nio-9999-exec-115] org.apache.catalina.core.ApplicationContext.log Manager: install: Installing context configuration at 'file:/C:/Users/ADMIN/AppData/Local/Temp/context7291136623598646025.xml'
12-Mar-2023 18:11:19.516 INFO [http-nio-9999-exec-129] org.apache.catalina.core.ApplicationContext.log Manager: start: Starting web application '/Assignment'
12-Mar-2023 18:14:15.616 INFO [http-nio-9999-exec-140] org.apache.catalina.core.ApplicationContext.log Manager: list: Listing contexts for virtual host 'localhost'
12-Mar-2023 18:14:15.621 INFO [http-nio-9999-exec-141] org.apache.catalina.core.ApplicationContext.log Manager: restart: Reloading web application '/Assignment'
12-Mar-2023 18:14:33.171 INFO [http-nio-9999-exec-147] org.apache.catalina.core.ApplicationContext.log Manager: list: Listing contexts for virtual host 'localhost'
12-Mar-2023 18:14:33.173 INFO [http-nio-9999-exec-136] org.apache.catalina.core.ApplicationContext.log Manager: list: Listing contexts for virtual host 'localhost'
12-Mar-2023 18:14:33.202 INFO [http-nio-9999-exec-138] org.apache.catalina.core.ApplicationContext.log Manager: undeploy: Undeploying web application at '/Assignment'
12-Mar-2023 18:14:33.728 INFO [http-nio-9999-exec-144] org.apache.catalina.core.ApplicationContext.log Manager: install: Installing context configuration at 'file:/C:/Users/ADMIN/AppData/Local/Temp/context9067945724114488206.xml'
12-Mar-2023 18:14:34.097 INFO [http-nio-9999-exec-142] org.apache.catalina.core.ApplicationContext.log Manager: start: Starting web application '/Assignment'
12-Mar-2023 18:15:06.645 INFO [http-nio-9999-exec-152] org.apache.catalina.core.ApplicationContext.log Manager: list: Listing contexts for virtual host 'localhost'
12-Mar-2023 18:15:06.650 INFO [http-nio-9999-exec-151] org.apache.catalina.core.ApplicationContext.log Manager: restart: Reloading web application '/Assignment'
12-Mar-2023 18:17:20.983 INFO [http-nio-9999-exec-157] org.apache.catalina.core.ApplicationContext.log Manager: list: Listing contexts for virtual host 'localhost'
12-Mar-2023 18:17:20.990 INFO [http-nio-9999-exec-158] org.apache.catalina.core.ApplicationContext.log Manager: stop: Stopping web application '/Assignment'
12-Mar-2023 18:17:20.995 INFO [http-nio-9999-exec-162] org.apache.catalina.core.ApplicationContext.log Manager: start: Starting web application '/Assignment'
12-Mar-2023 18:17:23.892 INFO [http-nio-9999-exec-164] org.apache.catalina.core.ApplicationContext.log Manager: list: Listing contexts for virtual host 'localhost'
12-Mar-2023 18:17:23.894 INFO [http-nio-9999-exec-161] org.apache.catalina.core.ApplicationContext.log Manager: list: Listing contexts for virtual host 'localhost'
12-Mar-2023 18:17:23.923 INFO [http-nio-9999-exec-160] org.apache.catalina.core.ApplicationContext.log Manager: undeploy: Undeploying web application at '/Assignment'
12-Mar-2023 18:17:24.446 INFO [http-nio-9999-exec-164] org.apache.catalina.core.ApplicationContext.log Manager: install: Installing context configuration at 'file:/C:/Users/ADMIN/AppData/Local/Temp/context8256790938715799800.xml'
12-Mar-2023 18:17:24.814 INFO [http-nio-9999-exec-162] org.apache.catalina.core.ApplicationContext.log Manager: start: Starting web application '/Assignment'
12-Mar-2023 18:25:05.182 INFO [http-nio-9999-exec-170] org.apache.catalina.core.ApplicationContext.log Manager: list: Listing contexts for virtual host 'localhost'
12-Mar-2023 18:25:40.955 INFO [http-nio-9999-exec-174] org.apache.catalina.core.ApplicationContext.log Manager: list: Listing contexts for virtual host 'localhost'
12-Mar-2023 18:28:11.123 INFO [http-nio-9999-exec-171] org.apache.catalina.core.ApplicationContext.log Manager: list: Listing contexts for virtual host 'localhost'
12-Mar-2023 18:30:33.644 INFO [http-nio-9999-exec-171] org.apache.catalina.core.ApplicationContext.log Manager: list: Listing contexts for virtual host 'localhost'
12-Mar-2023 18:38:05.223 INFO [http-nio-9999-exec-172] org.apache.catalina.core.ApplicationContext.log Manager: list: Listing contexts for virtual host 'localhost'
12-Mar-2023 18:38:05.225 INFO [http-nio-9999-exec-168] org.apache.catalina.core.ApplicationContext.log Manager: list: Listing contexts for virtual host 'localhost'
12-Mar-2023 18:38:05.250 INFO [http-nio-9999-exec-166] org.apache.catalina.core.ApplicationContext.log Manager: undeploy: Undeploying web application at '/Assignment'
12-Mar-2023 18:38:05.764 INFO [http-nio-9999-exec-171] org.apache.catalina.core.ApplicationContext.log Manager: install: Installing context configuration at 'file:/C:/Users/ADMIN/AppData/Local/Temp/context4096368929525363798.xml'
12-Mar-2023 18:38:06.092 INFO [http-nio-9999-exec-172] org.apache.catalina.core.ApplicationContext.log Manager: start: Starting web application '/Assignment'
12-Mar-2023 18:38:10.957 INFO [http-nio-9999-exec-175] org.apache.catalina.core.ApplicationContext.log Manager: list: Listing contexts for virtual host 'localhost'
12-Mar-2023 18:38:10.959 INFO [http-nio-9999-exec-167] org.apache.catalina.core.ApplicationContext.log Manager: list: Listing contexts for virtual host 'localhost'
12-Mar-2023 18:38:10.985 INFO [http-nio-9999-exec-169] org.apache.catalina.core.ApplicationContext.log Manager: undeploy: Undeploying web application at '/Assignment'
12-Mar-2023 18:38:11.498 INFO [http-nio-9999-exec-168] org.apache.catalina.core.ApplicationContext.log Manager: install: Installing context configuration at 'file:/C:/Users/ADMIN/AppData/Local/Temp/context4740775764910928831.xml'
12-Mar-2023 18:38:11.841 INFO [http-nio-9999-exec-172] org.apache.catalina.core.ApplicationContext.log Manager: start: Starting web application '/Assignment'
12-Mar-2023 18:40:37.446 INFO [http-nio-9999-exec-179] org.apache.catalina.core.ApplicationContext.log Manager: list: Listing contexts for virtual host 'localhost'
12-Mar-2023 18:42:30.318 INFO [http-nio-9999-exec-183] org.apache.catalina.core.ApplicationContext.log Manager: list: Listing contexts for virtual host 'localhost'
12-Mar-2023 18:42:30.319 INFO [http-nio-9999-exec-187] org.apache.catalina.core.ApplicationContext.log Manager: list: Listing contexts for virtual host 'localhost'
12-Mar-2023 18:42:30.344 INFO [http-nio-9999-exec-185] org.apache.catalina.core.ApplicationContext.log Manager: undeploy: Undeploying web application at '/Assignment'
12-Mar-2023 18:42:30.859 INFO [http-nio-9999-exec-179] org.apache.catalina.core.ApplicationContext.log Manager: install: Installing context configuration at 'file:/C:/Users/ADMIN/AppData/Local/Temp/context5528751644486919698.xml'
12-Mar-2023 18:42:31.187 INFO [http-nio-9999-exec-183] org.apache.catalina.core.ApplicationContext.log Manager: start: Starting web application '/Assignment'
12-Mar-2023 18:43:28.988 INFO [http-nio-9999-exec-181] org.apache.catalina.core.ApplicationContext.log Manager: list: Listing contexts for virtual host 'localhost'
12-Mar-2023 18:43:37.616 INFO [http-nio-9999-exec-194] org.apache.catalina.core.ApplicationContext.log Manager: list: Listing contexts for virtual host 'localhost'
12-Mar-2023 18:43:37.617 INFO [http-nio-9999-exec-187] org.apache.catalina.core.ApplicationContext.log Manager: list: Listing contexts for virtual host 'localhost'
12-Mar-2023 18:43:37.642 INFO [http-nio-9999-exec-182] org.apache.catalina.core.ApplicationContext.log Manager: undeploy: Undeploying web application at '/Assignment'
12-Mar-2023 18:43:38.163 INFO [http-nio-9999-exec-190] org.apache.catalina.core.ApplicationContext.log Manager: install: Installing context configuration at 'file:/C:/Users/ADMIN/AppData/Local/Temp/context1899677374396873526.xml'
12-Mar-2023 18:43:38.516 INFO [http-nio-9999-exec-191] org.apache.catalina.core.ApplicationContext.log Manager: start: Starting web application '/Assignment'
12-Mar-2023 18:46:25.966 INFO [http-nio-9999-exec-196] org.apache.catalina.core.ApplicationContext.log Manager: list: Listing contexts for virtual host 'localhost'
12-Mar-2023 19:28:23.312 INFO [http-nio-9999-exec-199] org.apache.catalina.core.ApplicationContext.log Manager: list: Listing contexts for virtual host 'localhost'
12-Mar-2023 19:28:23.313 INFO [http-nio-9999-exec-202] org.apache.catalina.core.ApplicationContext.log Manager: list: Listing contexts for virtual host 'localhost'
12-Mar-2023 19:28:23.349 INFO [http-nio-9999-exec-195] org.apache.catalina.core.ApplicationContext.log Manager: undeploy: Undeploying web application at '/Assignment'
12-Mar-2023 19:28:23.867 INFO [http-nio-9999-exec-201] org.apache.catalina.core.ApplicationContext.log Manager: install: Installing context configuration at 'file:/C:/Users/ADMIN/AppData/Local/Temp/context871843999277973686.xml'
12-Mar-2023 19:28:24.325 INFO [http-nio-9999-exec-196] org.apache.catalina.core.ApplicationContext.log Manager: start: Starting web application '/Assignment'
12-Mar-2023 19:32:18.447 INFO [http-nio-9999-exec-207] org.apache.catalina.core.ApplicationContext.log Manager: list: Listing contexts for virtual host 'localhost'
12-Mar-2023 19:32:35.869 INFO [http-nio-9999-exec-211] org.apache.catalina.core.ApplicationContext.log Manager: list: Listing contexts for virtual host 'localhost'
12-Mar-2023 19:33:33.911 INFO [http-nio-9999-exec-205] org.apache.catalina.core.ApplicationContext.log Manager: list: Listing contexts for virtual host 'localhost'
12-Mar-2023 19:34:00.575 INFO [http-nio-9999-exec-211] org.apache.catalina.core.ApplicationContext.log Manager: list: Listing contexts for virtual host 'localhost'
12-Mar-2023 19:40:13.360 INFO [http-nio-9999-exec-208] org.apache.catalina.core.ApplicationContext.log Manager: list: Listing contexts for virtual host 'localhost'
12-Mar-2023 19:40:48.932 INFO [http-nio-9999-exec-207] org.apache.catalina.core.ApplicationContext.log Manager: list: Listing contexts for virtual host 'localhost'
12-Mar-2023 19:43:47.827 INFO [http-nio-9999-exec-213] org.apache.catalina.core.ApplicationContext.log Manager: list: Listing contexts for virtual host 'localhost'
12-Mar-2023 19:45:28.877 INFO [http-nio-9999-exec-210] org.apache.catalina.core.ApplicationContext.log Manager: list: Listing contexts for virtual host 'localhost'
12-Mar-2023 19:45:53.904 INFO [http-nio-9999-exec-212] org.apache.catalina.core.ApplicationContext.log Manager: list: Listing contexts for virtual host 'localhost'
12-Mar-2023 19:46:05.870 INFO [http-nio-9999-exec-209] org.apache.catalina.core.ApplicationContext.log Manager: list: Listing contexts for virtual host 'localhost'
12-Mar-2023 19:46:27.942 INFO [http-nio-9999-exec-208] org.apache.catalina.core.ApplicationContext.log Manager: list: Listing contexts for virtual host 'localhost'
12-Mar-2023 19:46:42.315 INFO [http-nio-9999-exec-206] org.apache.catalina.core.ApplicationContext.log Manager: list: Listing contexts for virtual host 'localhost'
12-Mar-2023 20:03:09.876 INFO [http-nio-9999-exec-208] org.apache.catalina.core.ApplicationContext.log Manager: list: Listing contexts for virtual host 'localhost'
12-Mar-2023 20:03:29.471 INFO [http-nio-9999-exec-206] org.apache.catalina.core.ApplicationContext.log Manager: list: Listing contexts for virtual host 'localhost'
12-Mar-2023 20:11:30.754 INFO [http-nio-9999-exec-210] org.apache.catalina.core.ApplicationContext.log Manager: list: Listing contexts for virtual host 'localhost'
12-Mar-2023 20:12:37.868 INFO [http-nio-9999-exec-209] org.apache.catalina.core.ApplicationContext.log Manager: list: Listing contexts for virtual host 'localhost'
12-Mar-2023 20:14:01.565 INFO [http-nio-9999-exec-214] org.apache.catalina.core.ApplicationContext.log Manager: list: Listing contexts for virtual host 'localhost'
12-Mar-2023 20:14:47.074 INFO [http-nio-9999-exec-213] org.apache.catalina.core.ApplicationContext.log Manager: list: Listing contexts for virtual host 'localhost'
12-Mar-2023 20:14:47.079 INFO [http-nio-9999-exec-207] org.apache.catalina.core.ApplicationContext.log Manager: stop: Stopping web application '/Assignment'
12-Mar-2023 20:14:47.085 INFO [http-nio-9999-exec-208] org.apache.catalina.core.ApplicationContext.log Manager: start: Starting web application '/Assignment'
12-Mar-2023 20:14:47.410 SEVERE [http-nio-9999-exec-208] org.apache.catalina.core.ApplicationContext.log Manager: Error starting [/Assignment]
	org.apache.catalina.LifecycleException: Failed to start component [StandardEngine[Catalina].StandardHost[localhost].StandardContext[/Assignment]]
		at org.apache.catalina.util.LifecycleBase.handleSubClassException(LifecycleBase.java:440)
		at org.apache.catalina.util.LifecycleBase.start(LifecycleBase.java:198)
		at org.apache.catalina.manager.ManagerServlet.start(ManagerServlet.java:1415)
		at org.apache.catalina.manager.ManagerServlet.doGet(ManagerServlet.java:380)
		at jakarta.servlet.http.HttpServlet.service(HttpServlet.java:683)
		at jakarta.servlet.http.HttpServlet.service(HttpServlet.java:792)
		at org.apache.catalina.core.ApplicationFilterChain.internalDoFilter(ApplicationFilterChain.java:223)
		at org.apache.catalina.core.ApplicationFilterChain.doFilter(ApplicationFilterChain.java:158)
		at org.apache.tomcat.websocket.server.WsFilter.doFilter(WsFilter.java:53)
		at org.apache.catalina.core.ApplicationFilterChain.internalDoFilter(ApplicationFilterChain.java:185)
		at org.apache.catalina.core.ApplicationFilterChain.doFilter(ApplicationFilterChain.java:158)
		at org.apache.catalina.filters.HttpHeaderSecurityFilter.doFilter(HttpHeaderSecurityFilter.java:126)
		at org.apache.catalina.core.ApplicationFilterChain.internalDoFilter(ApplicationFilterChain.java:185)
		at org.apache.catalina.core.ApplicationFilterChain.doFilter(ApplicationFilterChain.java:158)
		at org.apache.catalina.core.StandardWrapperValve.invoke(StandardWrapperValve.java:197)
		at org.apache.catalina.core.StandardContextValve.invoke(StandardContextValve.java:97)
		at org.apache.catalina.authenticator.AuthenticatorBase.invoke(AuthenticatorBase.java:661)
		at org.apache.catalina.valves.RequestFilterValve.process(RequestFilterValve.java:378)
		at org.apache.catalina.valves.RemoteAddrValve.invoke(RemoteAddrValve.java:56)
		at org.apache.catalina.core.StandardHostValve.invoke(StandardHostValve.java:119)
		at org.apache.catalina.valves.ErrorReportValve.invoke(ErrorReportValve.java:92)
		at org.apache.catalina.valves.AbstractAccessLogValve.invoke(AbstractAccessLogValve.java:690)
		at org.apache.catalina.core.StandardEngineValve.invoke(StandardEngineValve.java:78)
		at org.apache.catalina.connector.CoyoteAdapter.service(CoyoteAdapter.java:356)
		at org.apache.coyote.http11.Http11Processor.service(Http11Processor.java:399)
		at org.apache.coyote.AbstractProcessorLight.process(AbstractProcessorLight.java:65)
		at org.apache.coyote.AbstractProtocol$ConnectionHandler.process(AbstractProtocol.java:870)
		at org.apache.tomcat.util.net.NioEndpoint$SocketProcessor.doRun(NioEndpoint.java:1762)
		at org.apache.tomcat.util.net.SocketProcessorBase.run(SocketProcessorBase.java:49)
		at org.apache.tomcat.util.threads.ThreadPoolExecutor.runWorker(ThreadPoolExecutor.java:1191)
		at org.apache.tomcat.util.threads.ThreadPoolExecutor$Worker.run(ThreadPoolExecutor.java:659)
		at org.apache.tomcat.util.threads.TaskThread$WrappingRunnable.run(TaskThread.java:61)
		at java.lang.Thread.run(Thread.java:750)
	Caused by: java.lang.IllegalArgumentException: Servlet mapping specifies an unknown servlet name [ProductList1]
		at org.apache.catalina.core.StandardContext.addServletMappingDecoded(StandardContext.java:3258)
		at org.apache.catalina.Context.addServletMappingDecoded(Context.java:905)
		at org.apache.catalina.startup.ContextConfig.configureContext(ContextConfig.java:1562)
		at org.apache.catalina.startup.ContextConfig.webConfig(ContextConfig.java:1329)
		at org.apache.catalina.startup.ContextConfig.configureStart(ContextConfig.java:986)
		at org.apache.catalina.startup.ContextConfig.lifecycleEvent(ContextConfig.java:303)
		at org.apache.catalina.util.LifecycleBase.fireLifecycleEvent(LifecycleBase.java:123)
		at org.apache.catalina.core.StandardContext.startInternal(StandardContext.java:5085)
		at org.apache.catalina.util.LifecycleBase.start(LifecycleBase.java:183)
		... 31 more
12-Mar-2023 20:14:53.361 INFO [http-nio-9999-exec-209] org.apache.catalina.core.ApplicationContext.log Manager: list: Listing contexts for virtual host 'localhost'
12-Mar-2023 20:14:53.363 INFO [http-nio-9999-exec-212] org.apache.catalina.core.ApplicationContext.log Manager: list: Listing contexts for virtual host 'localhost'
12-Mar-2023 20:14:53.399 INFO [http-nio-9999-exec-215] org.apache.catalina.core.ApplicationContext.log Manager: undeploy: Undeploying web application at '/Assignment'
12-Mar-2023 20:14:53.924 INFO [http-nio-9999-exec-209] org.apache.catalina.core.ApplicationContext.log Manager: install: Installing context configuration at 'file:/C:/Users/ADMIN/AppData/Local/Temp/context4841949690320693052.xml'
12-Mar-2023 20:19:40.504 INFO [http-nio-9999-exec-225] org.apache.catalina.core.ApplicationContext.log Manager: list: Listing contexts for virtual host 'localhost'
12-Mar-2023 20:19:40.505 INFO [http-nio-9999-exec-226] org.apache.catalina.core.ApplicationContext.log Manager: list: Listing contexts for virtual host 'localhost'
12-Mar-2023 20:19:40.532 INFO [http-nio-9999-exec-218] org.apache.catalina.core.ApplicationContext.log Manager: undeploy: Undeploying web application at '/Assignment'
12-Mar-2023 20:19:41.054 INFO [http-nio-9999-exec-225] org.apache.catalina.core.ApplicationContext.log Manager: install: Installing context configuration at 'file:/C:/Users/ADMIN/AppData/Local/Temp/context7225532147938460125.xml'
12-Mar-2023 20:20:00.729 INFO [http-nio-9999-exec-226] org.apache.catalina.core.ApplicationContext.log Manager: list: Listing contexts for virtual host 'localhost'
12-Mar-2023 20:20:00.732 INFO [http-nio-9999-exec-227] org.apache.catalina.core.ApplicationContext.log Manager: list: Listing contexts for virtual host 'localhost'
12-Mar-2023 20:20:00.757 INFO [http-nio-9999-exec-228] org.apache.catalina.core.ApplicationContext.log Manager: undeploy: Undeploying web application at '/Assignment'
12-Mar-2023 20:20:01.274 INFO [http-nio-9999-exec-230] org.apache.catalina.core.ApplicationContext.log Manager: install: Installing context configuration at 'file:/C:/Users/ADMIN/AppData/Local/Temp/context813655649275815836.xml'
12-Mar-2023 20:20:01.625 INFO [http-nio-9999-exec-229] org.apache.catalina.core.ApplicationContext.log Manager: start: Starting web application '/Assignment'
12-Mar-2023 20:21:51.761 INFO [http-nio-9999-exec-233] org.apache.catalina.core.ApplicationContext.log Manager: list: Listing contexts for virtual host 'localhost'
12-Mar-2023 20:21:51.766 INFO [http-nio-9999-exec-238] org.apache.catalina.core.ApplicationContext.log Manager: stop: Stopping web application '/Assignment'
12-Mar-2023 20:21:51.772 INFO [http-nio-9999-exec-233] org.apache.catalina.core.ApplicationContext.log Manager: start: Starting web application '/Assignment'
12-Mar-2023 20:21:52.093 SEVERE [http-nio-9999-exec-233] org.apache.catalina.core.ApplicationContext.log Manager: Error starting [/Assignment]
	org.apache.catalina.LifecycleException: Failed to start component [StandardEngine[Catalina].StandardHost[localhost].StandardContext[/Assignment]]
		at org.apache.catalina.util.LifecycleBase.handleSubClassException(LifecycleBase.java:440)
		at org.apache.catalina.util.LifecycleBase.start(LifecycleBase.java:198)
		at org.apache.catalina.manager.ManagerServlet.start(ManagerServlet.java:1415)
		at org.apache.catalina.manager.ManagerServlet.doGet(ManagerServlet.java:380)
		at jakarta.servlet.http.HttpServlet.service(HttpServlet.java:683)
		at jakarta.servlet.http.HttpServlet.service(HttpServlet.java:792)
		at org.apache.catalina.core.ApplicationFilterChain.internalDoFilter(ApplicationFilterChain.java:223)
		at org.apache.catalina.core.ApplicationFilterChain.doFilter(ApplicationFilterChain.java:158)
		at org.apache.tomcat.websocket.server.WsFilter.doFilter(WsFilter.java:53)
		at org.apache.catalina.core.ApplicationFilterChain.internalDoFilter(ApplicationFilterChain.java:185)
		at org.apache.catalina.core.ApplicationFilterChain.doFilter(ApplicationFilterChain.java:158)
		at org.apache.catalina.filters.HttpHeaderSecurityFilter.doFilter(HttpHeaderSecurityFilter.java:126)
		at org.apache.catalina.core.ApplicationFilterChain.internalDoFilter(ApplicationFilterChain.java:185)
		at org.apache.catalina.core.ApplicationFilterChain.doFilter(ApplicationFilterChain.java:158)
		at org.apache.catalina.core.StandardWrapperValve.invoke(StandardWrapperValve.java:197)
		at org.apache.catalina.core.StandardContextValve.invoke(StandardContextValve.java:97)
		at org.apache.catalina.authenticator.AuthenticatorBase.invoke(AuthenticatorBase.java:661)
		at org.apache.catalina.valves.RequestFilterValve.process(RequestFilterValve.java:378)
		at org.apache.catalina.valves.RemoteAddrValve.invoke(RemoteAddrValve.java:56)
		at org.apache.catalina.core.StandardHostValve.invoke(StandardHostValve.java:119)
		at org.apache.catalina.valves.ErrorReportValve.invoke(ErrorReportValve.java:92)
		at org.apache.catalina.valves.AbstractAccessLogValve.invoke(AbstractAccessLogValve.java:690)
		at org.apache.catalina.core.StandardEngineValve.invoke(StandardEngineValve.java:78)
		at org.apache.catalina.connector.CoyoteAdapter.service(CoyoteAdapter.java:356)
		at org.apache.coyote.http11.Http11Processor.service(Http11Processor.java:399)
		at org.apache.coyote.AbstractProcessorLight.process(AbstractProcessorLight.java:65)
		at org.apache.coyote.AbstractProtocol$ConnectionHandler.process(AbstractProtocol.java:870)
		at org.apache.tomcat.util.net.NioEndpoint$SocketProcessor.doRun(NioEndpoint.java:1762)
		at org.apache.tomcat.util.net.SocketProcessorBase.run(SocketProcessorBase.java:49)
		at org.apache.tomcat.util.threads.ThreadPoolExecutor.runWorker(ThreadPoolExecutor.java:1191)
		at org.apache.tomcat.util.threads.ThreadPoolExecutor$Worker.run(ThreadPoolExecutor.java:659)
		at org.apache.tomcat.util.threads.TaskThread$WrappingRunnable.run(TaskThread.java:61)
		at java.lang.Thread.run(Thread.java:750)
	Caused by: java.lang.IllegalArgumentException: Servlet mapping specifies an unknown servlet name [ManageProduct]
		at org.apache.catalina.core.StandardContext.addServletMappingDecoded(StandardContext.java:3258)
		at org.apache.catalina.Context.addServletMappingDecoded(Context.java:905)
		at org.apache.catalina.startup.ContextConfig.configureContext(ContextConfig.java:1562)
		at org.apache.catalina.startup.ContextConfig.webConfig(ContextConfig.java:1329)
		at org.apache.catalina.startup.ContextConfig.configureStart(ContextConfig.java:986)
		at org.apache.catalina.startup.ContextConfig.lifecycleEvent(ContextConfig.java:303)
		at org.apache.catalina.util.LifecycleBase.fireLifecycleEvent(LifecycleBase.java:123)
		at org.apache.catalina.core.StandardContext.startInternal(StandardContext.java:5085)
		at org.apache.catalina.util.LifecycleBase.start(LifecycleBase.java:183)
		... 31 more
12-Mar-2023 20:22:10.853 INFO [http-nio-9999-exec-232] org.apache.catalina.core.ApplicationContext.log Manager: list: Listing contexts for virtual host 'localhost'
12-Mar-2023 20:22:10.855 INFO [http-nio-9999-exec-240] org.apache.catalina.core.ApplicationContext.log Manager: list: Listing contexts for virtual host 'localhost'
12-Mar-2023 20:22:10.882 INFO [http-nio-9999-exec-241] org.apache.catalina.core.ApplicationContext.log Manager: undeploy: Undeploying web application at '/Assignment'
12-Mar-2023 20:22:11.395 INFO [http-nio-9999-exec-237] org.apache.catalina.core.ApplicationContext.log Manager: install: Installing context configuration at 'file:/C:/Users/ADMIN/AppData/Local/Temp/context3637017001852617484.xml'
12-Mar-2023 20:22:11.757 INFO [http-nio-9999-exec-235] org.apache.catalina.core.ApplicationContext.log Manager: start: Starting web application '/Assignment'
12-Mar-2023 20:25:04.032 INFO [http-nio-9999-exec-252] org.apache.catalina.core.ApplicationContext.log Manager: list: Listing contexts for virtual host 'localhost'
12-Mar-2023 20:26:30.405 INFO [http-nio-9999-exec-253] org.apache.catalina.core.ApplicationContext.log Manager: list: Listing contexts for virtual host 'localhost'
12-Mar-2023 20:26:30.409 INFO [http-nio-9999-exec-248] org.apache.catalina.core.ApplicationContext.log Manager: stop: Stopping web application '/Assignment'
12-Mar-2023 20:26:30.415 INFO [http-nio-9999-exec-246] org.apache.catalina.core.ApplicationContext.log Manager: start: Starting web application '/Assignment'
12-Mar-2023 20:26:32.777 INFO [http-nio-9999-exec-252] org.apache.catalina.core.ApplicationContext.log Manager: list: Listing contexts for virtual host 'localhost'
12-Mar-2023 20:26:32.787 INFO [http-nio-9999-exec-250] org.apache.catalina.core.ApplicationContext.log Manager: restart: Reloading web application '/Assignment'
12-Mar-2023 20:26:33.477 INFO [http-nio-9999-exec-244] org.apache.catalina.core.ApplicationContext.log Manager: list: Listing contexts for virtual host 'localhost'
12-Mar-2023 20:26:33.483 INFO [http-nio-9999-exec-254] org.apache.catalina.core.ApplicationContext.log Manager: restart: Reloading web application '/Assignment'
12-Mar-2023 20:28:01.752 INFO [http-nio-9999-exec-252] org.apache.catalina.core.ApplicationContext.log Manager: list: Listing contexts for virtual host 'localhost'
12-Mar-2023 20:28:01.757 INFO [http-nio-9999-exec-263] org.apache.catalina.core.ApplicationContext.log Manager: stop: Stopping web application '/Assignment'
12-Mar-2023 20:28:01.762 INFO [http-nio-9999-exec-247] org.apache.catalina.core.ApplicationContext.log Manager: start: Starting web application '/Assignment'
12-Mar-2023 20:28:16.329 INFO [http-nio-9999-exec-252] org.apache.catalina.core.ApplicationContext.log Manager: list: Listing contexts for virtual host 'localhost'
12-Mar-2023 20:28:57.431 INFO [http-nio-9999-exec-266] org.apache.catalina.core.ApplicationContext.log Manager: list: Listing contexts for virtual host 'localhost'
12-Mar-2023 20:29:40.092 INFO [http-nio-9999-exec-271] org.apache.catalina.core.ApplicationContext.log Manager: list: Listing contexts for virtual host 'localhost'
12-Mar-2023 20:29:40.094 INFO [http-nio-9999-exec-268] org.apache.catalina.core.ApplicationContext.log Manager: list: Listing contexts for virtual host 'localhost'
12-Mar-2023 20:29:40.118 INFO [http-nio-9999-exec-269] org.apache.catalina.core.ApplicationContext.log Manager: undeploy: Undeploying web application at '/Assignment'
12-Mar-2023 20:29:40.632 INFO [http-nio-9999-exec-266] org.apache.catalina.core.ApplicationContext.log Manager: install: Installing context configuration at 'file:/C:/Users/ADMIN/AppData/Local/Temp/context5489836525049715606.xml'
12-Mar-2023 20:29:40.974 INFO [http-nio-9999-exec-267] org.apache.catalina.core.ApplicationContext.log Manager: start: Starting web application '/Assignment'
12-Mar-2023 20:30:51.870 INFO [http-nio-9999-exec-278] org.apache.catalina.core.ApplicationContext.log Manager: list: Listing contexts for virtual host 'localhost'
12-Mar-2023 20:30:52.195 INFO [http-nio-9999-exec-270] org.apache.catalina.core.ApplicationContext.log Manager: list: Listing contexts for virtual host 'localhost'
12-Mar-2023 20:31:10.097 INFO [http-nio-9999-exec-277] org.apache.catalina.core.ApplicationContext.log Manager: list: Listing contexts for virtual host 'localhost'
12-Mar-2023 20:31:10.102 INFO [http-nio-9999-exec-282] org.apache.catalina.core.ApplicationContext.log Manager: restart: Reloading web application '/Assignment'
12-Mar-2023 20:35:05.102 INFO [http-nio-9999-exec-289] org.apache.catalina.core.ApplicationContext.log Manager: list: Listing contexts for virtual host 'localhost'
12-Mar-2023 20:35:36.268 INFO [http-nio-9999-exec-284] org.apache.catalina.core.ApplicationContext.log Manager: list: Listing contexts for virtual host 'localhost'
12-Mar-2023 20:36:11.292 INFO [http-nio-9999-exec-284] org.apache.catalina.core.ApplicationContext.log Manager: list: Listing contexts for virtual host 'localhost'
12-Mar-2023 20:36:40.340 INFO [http-nio-9999-exec-289] org.apache.catalina.core.ApplicationContext.log Manager: list: Listing contexts for virtual host 'localhost'
12-Mar-2023 20:38:32.523 INFO [http-nio-9999-exec-290] org.apache.catalina.core.ApplicationContext.log Manager: list: Listing contexts for virtual host 'localhost'
12-Mar-2023 20:39:05.768 INFO [http-nio-9999-exec-286] org.apache.catalina.core.ApplicationContext.log Manager: list: Listing contexts for virtual host 'localhost'
12-Mar-2023 20:41:32.003 INFO [http-nio-9999-exec-286] org.apache.catalina.core.ApplicationContext.log Manager: list: Listing contexts for virtual host 'localhost'
12-Mar-2023 20:41:56.458 INFO [http-nio-9999-exec-290] org.apache.catalina.core.ApplicationContext.log Manager: list: Listing contexts for virtual host 'localhost'
12-Mar-2023 20:42:29.277 INFO [http-nio-9999-exec-286] org.apache.catalina.core.ApplicationContext.log Manager: list: Listing contexts for virtual host 'localhost'
12-Mar-2023 20:42:56.106 INFO [http-nio-9999-exec-290] org.apache.catalina.core.ApplicationContext.log Manager: list: Listing contexts for virtual host 'localhost'
12-Mar-2023 20:43:08.761 INFO [http-nio-9999-exec-283] org.apache.catalina.core.ApplicationContext.log Manager: list: Listing contexts for virtual host 'localhost'
12-Mar-2023 20:58:06.158 INFO [http-nio-9999-exec-283] org.apache.catalina.core.ApplicationContext.log Manager: list: Listing contexts for virtual host 'localhost'
12-Mar-2023 21:01:06.628 INFO [http-nio-9999-exec-289] org.apache.catalina.core.ApplicationContext.log Manager: list: Listing contexts for virtual host 'localhost'
12-Mar-2023 21:01:26.528 INFO [http-nio-9999-exec-284] org.apache.catalina.core.ApplicationContext.log Manager: list: Listing contexts for virtual host 'localhost'
12-Mar-2023 21:02:18.426 INFO [http-nio-9999-exec-283] org.apache.catalina.core.ApplicationContext.log Manager: list: Listing contexts for virtual host 'localhost'
12-Mar-2023 21:02:22.469 INFO [http-nio-9999-exec-288] org.apache.catalina.core.ApplicationContext.log Manager: list: Listing contexts for virtual host 'localhost'
12-Mar-2023 21:03:16.868 INFO [http-nio-9999-exec-288] org.apache.catalina.core.ApplicationContext.log Manager: list: Listing contexts for virtual host 'localhost'
12-Mar-2023 21:03:36.558 INFO [http-nio-9999-exec-290] org.apache.catalina.core.ApplicationContext.log Manager: list: Listing contexts for virtual host 'localhost'
12-Mar-2023 21:04:30.281 INFO [http-nio-9999-exec-290] org.apache.catalina.core.ApplicationContext.log Manager: list: Listing contexts for virtual host 'localhost'
12-Mar-2023 21:05:29.280 INFO [http-nio-9999-exec-285] org.apache.catalina.core.ApplicationContext.log Manager: list: Listing contexts for virtual host 'localhost'
12-Mar-2023 21:05:45.804 INFO [http-nio-9999-exec-284] org.apache.catalina.core.ApplicationContext.log Manager: list: Listing contexts for virtual host 'localhost'
12-Mar-2023 21:12:04.247 INFO [http-nio-9999-exec-292] org.apache.catalina.core.ApplicationContext.log Manager: list: Listing contexts for virtual host 'localhost'
12-Mar-2023 21:13:32.962 INFO [http-nio-9999-exec-292] org.apache.catalina.core.ApplicationContext.log Manager: list: Listing contexts for virtual host 'localhost'
12-Mar-2023 21:13:38.434 INFO [http-nio-9999-exec-287] org.apache.catalina.core.ApplicationContext.log Manager: list: Listing contexts for virtual host 'localhost'
12-Mar-2023 21:15:49.909 INFO [http-nio-9999-exec-286] org.apache.catalina.core.ApplicationContext.log Manager: list: Listing contexts for virtual host 'localhost'
12-Mar-2023 21:16:02.599 INFO [http-nio-9999-exec-291] org.apache.catalina.core.ApplicationContext.log Manager: list: Listing contexts for virtual host 'localhost'
12-Mar-2023 21:16:06.262 INFO [http-nio-9999-exec-285] org.apache.catalina.core.ApplicationContext.log Manager: list: Listing contexts for virtual host 'localhost'
12-Mar-2023 21:16:23.498 INFO [http-nio-9999-exec-284] org.apache.catalina.core.ApplicationContext.log Manager: list: Listing contexts for virtual host 'localhost'
12-Mar-2023 21:21:26.404 INFO [http-nio-9999-exec-285] org.apache.catalina.core.ApplicationContext.log Manager: list: Listing contexts for virtual host 'localhost'
12-Mar-2023 21:21:33.503 INFO [http-nio-9999-exec-283] org.apache.catalina.core.ApplicationContext.log Manager: list: Listing contexts for virtual host 'localhost'
12-Mar-2023 21:23:19.812 INFO [http-nio-9999-exec-284] org.apache.catalina.core.ApplicationContext.log Manager: list: Listing contexts for virtual host 'localhost'
12-Mar-2023 21:24:08.046 INFO [http-nio-9999-exec-290] org.apache.catalina.core.ApplicationContext.log Manager: list: Listing contexts for virtual host 'localhost'
12-Mar-2023 21:26:09.003 INFO [http-nio-9999-exec-288] org.apache.catalina.core.ApplicationContext.log Manager: list: Listing contexts for virtual host 'localhost'
12-Mar-2023 21:42:47.733 INFO [http-nio-9999-exec-285] org.apache.catalina.core.ApplicationContext.log Manager: list: Listing contexts for virtual host 'localhost'
12-Mar-2023 21:42:47.740 INFO [http-nio-9999-exec-289] org.apache.catalina.core.ApplicationContext.log Manager: restart: Reloading web application '/Assignment'
12-Mar-2023 21:45:58.599 INFO [http-nio-9999-exec-295] org.apache.catalina.core.ApplicationContext.log Manager: list: Listing contexts for virtual host 'localhost'
12-Mar-2023 21:45:58.605 INFO [http-nio-9999-exec-297] org.apache.catalina.core.ApplicationContext.log Manager: restart: Reloading web application '/Assignment'
12-Mar-2023 21:48:22.676 INFO [http-nio-9999-exec-285] org.apache.catalina.core.ApplicationContext.log Manager: list: Listing contexts for virtual host 'localhost'
12-Mar-2023 21:48:36.093 INFO [http-nio-9999-exec-293] org.apache.catalina.core.ApplicationContext.log Manager: list: Listing contexts for virtual host 'localhost'
12-Mar-2023 21:48:36.099 INFO [http-nio-9999-exec-294] org.apache.catalina.core.ApplicationContext.log Manager: restart: Reloading web application '/Assignment'
12-Mar-2023 21:52:29.235 INFO [http-nio-9999-exec-293] org.apache.catalina.core.ApplicationContext.log Manager: list: Listing contexts for virtual host 'localhost'
12-Mar-2023 21:52:29.240 INFO [http-nio-9999-exec-305] org.apache.catalina.core.ApplicationContext.log Manager: restart: Reloading web application '/Assignment'
12-Mar-2023 22:06:40.153 INFO [http-nio-9999-exec-311] org.apache.catalina.core.ApplicationContext.log Manager: list: Listing contexts for virtual host 'localhost'
12-Mar-2023 22:09:53.321 INFO [http-nio-9999-exec-314] org.apache.catalina.core.ApplicationContext.log Manager: list: Listing contexts for virtual host 'localhost'
12-Mar-2023 22:10:13.085 INFO [http-nio-9999-exec-313] org.apache.catalina.core.ApplicationContext.log Manager: list: Listing contexts for virtual host 'localhost'
12-Mar-2023 22:12:22.447 INFO [http-nio-9999-exec-310] org.apache.catalina.core.ApplicationContext.log Manager: list: Listing contexts for virtual host 'localhost'
12-Mar-2023 22:13:07.678 INFO [http-nio-9999-exec-307] org.apache.catalina.core.ApplicationContext.log Manager: list: Listing contexts for virtual host 'localhost'
12-Mar-2023 22:14:30.372 INFO [http-nio-9999-exec-307] org.apache.catalina.core.ApplicationContext.log Manager: list: Listing contexts for virtual host 'localhost'
12-Mar-2023 22:14:33.976 INFO [http-nio-9999-exec-308] org.apache.catalina.core.ApplicationContext.log Manager: list: Listing contexts for virtual host 'localhost'
12-Mar-2023 22:18:12.576 INFO [http-nio-9999-exec-309] org.apache.catalina.core.ApplicationContext.log Manager: list: Listing contexts for virtual host 'localhost'
12-Mar-2023 22:18:28.030 INFO [http-nio-9999-exec-315] org.apache.catalina.core.ApplicationContext.log Manager: list: Listing contexts for virtual host 'localhost'
12-Mar-2023 22:23:30.217 INFO [http-nio-9999-exec-313] org.apache.catalina.core.ApplicationContext.log Manager: list: Listing contexts for virtual host 'localhost'
12-Mar-2023 22:26:30.476 INFO [http-nio-9999-exec-315] org.apache.catalina.core.ApplicationContext.log Manager: list: Listing contexts for virtual host 'localhost'
12-Mar-2023 22:27:26.590 INFO [http-nio-9999-exec-306] org.apache.catalina.core.ApplicationContext.log Manager: list: Listing contexts for virtual host 'localhost'
12-Mar-2023 22:29:02.903 INFO [http-nio-9999-exec-314] org.apache.catalina.core.ApplicationContext.log Manager: list: Listing contexts for virtual host 'localhost'
12-Mar-2023 22:29:52.589 INFO [http-nio-9999-exec-312] org.apache.catalina.core.ApplicationContext.log Manager: list: Listing contexts for virtual host 'localhost'
12-Mar-2023 22:33:02.714 INFO [http-nio-9999-exec-315] org.apache.catalina.core.ApplicationContext.log Manager: list: Listing contexts for virtual host 'localhost'
12-Mar-2023 22:33:02.716 INFO [http-nio-9999-exec-313] org.apache.catalina.core.ApplicationContext.log Manager: list: Listing contexts for virtual host 'localhost'
12-Mar-2023 22:33:02.742 INFO [http-nio-9999-exec-312] org.apache.catalina.core.ApplicationContext.log Manager: undeploy: Undeploying web application at '/Assignment'
12-Mar-2023 22:33:03.257 INFO [http-nio-9999-exec-314] org.apache.catalina.core.ApplicationContext.log Manager: install: Installing context configuration at 'file:/C:/Users/ADMIN/AppData/Local/Temp/context7779694769213458214.xml'
12-Mar-2023 22:33:03.679 INFO [http-nio-9999-exec-315] org.apache.catalina.core.ApplicationContext.log Manager: start: Starting web application '/Assignment'
12-Mar-2023 22:35:35.974 INFO [http-nio-9999-exec-321] org.apache.catalina.core.ApplicationContext.log Manager: list: Listing contexts for virtual host 'localhost'
12-Mar-2023 22:35:47.668 INFO [http-nio-9999-exec-321] org.apache.catalina.core.ApplicationContext.log Manager: list: Listing contexts for virtual host 'localhost'
12-Mar-2023 22:42:23.101 INFO [http-nio-9999-exec-317] org.apache.catalina.core.ApplicationContext.log Manager: list: Listing contexts for virtual host 'localhost'
12-Mar-2023 22:42:51.013 INFO [http-nio-9999-exec-323] org.apache.catalina.core.ApplicationContext.log Manager: list: Listing contexts for virtual host 'localhost'
12-Mar-2023 22:43:35.271 INFO [http-nio-9999-exec-318] org.apache.catalina.core.ApplicationContext.log Manager: list: Listing contexts for virtual host 'localhost'
12-Mar-2023 22:48:47.336 INFO [http-nio-9999-exec-320] org.apache.catalina.core.ApplicationContext.log Manager: list: Listing contexts for virtual host 'localhost'
12-Mar-2023 22:48:47.343 INFO [http-nio-9999-exec-319] org.apache.catalina.core.ApplicationContext.log Manager: restart: Reloading web application '/Assignment'
12-Mar-2023 22:52:59.740 INFO [http-nio-9999-exec-326] org.apache.catalina.core.ApplicationContext.log Manager: list: Listing contexts for virtual host 'localhost'
12-Mar-2023 22:52:59.748 INFO [http-nio-9999-exec-333] org.apache.catalina.core.ApplicationContext.log Manager: restart: Reloading web application '/Assignment'
12-Mar-2023 22:53:03.854 INFO [http-nio-9999-exec-334] org.apache.catalina.core.ApplicationContext.log Manager: list: Listing contexts for virtual host 'localhost'
12-Mar-2023 22:53:03.857 INFO [http-nio-9999-exec-329] org.apache.catalina.core.ApplicationContext.log Manager: list: Listing contexts for virtual host 'localhost'
12-Mar-2023 22:53:03.894 INFO [http-nio-9999-exec-335] org.apache.catalina.core.ApplicationContext.log Manager: undeploy: Undeploying web application at '/Assignment'
12-Mar-2023 22:53:04.414 INFO [http-nio-9999-exec-331] org.apache.catalina.core.ApplicationContext.log Manager: install: Installing context configuration at 'file:/C:/Users/ADMIN/AppData/Local/Temp/context5174854250106667576.xml'
12-Mar-2023 22:53:04.791 INFO [http-nio-9999-exec-336] org.apache.catalina.core.ApplicationContext.log Manager: start: Starting web application '/Assignment'
12-Mar-2023 22:54:08.349 INFO [http-nio-9999-exec-330] org.apache.catalina.core.ApplicationContext.log Manager: list: Listing contexts for virtual host 'localhost'
12-Mar-2023 22:54:08.356 INFO [http-nio-9999-exec-335] org.apache.catalina.core.ApplicationContext.log Manager: restart: Reloading web application '/Assignment'
12-Mar-2023 22:54:24.509 INFO [http-nio-9999-exec-342] org.apache.catalina.core.ApplicationContext.log Manager: list: Listing contexts for virtual host 'localhost'
12-Mar-2023 22:54:24.511 INFO [http-nio-9999-exec-345] org.apache.catalina.core.ApplicationContext.log Manager: list: Listing contexts for virtual host 'localhost'
12-Mar-2023 22:54:24.540 INFO [http-nio-9999-exec-346] org.apache.catalina.core.ApplicationContext.log Manager: undeploy: Undeploying web application at '/Assignment'
12-Mar-2023 22:54:25.064 INFO [http-nio-9999-exec-330] org.apache.catalina.core.ApplicationContext.log Manager: install: Installing context configuration at 'file:/C:/Users/ADMIN/AppData/Local/Temp/context2156569160321187604.xml'
12-Mar-2023 22:54:25.546 INFO [http-nio-9999-exec-331] org.apache.catalina.core.ApplicationContext.log Manager: start: Starting web application '/Assignment'
12-Mar-2023 22:55:53.161 INFO [http-nio-9999-exec-349] org.apache.catalina.core.ApplicationContext.log Manager: list: Listing contexts for virtual host 'localhost'
12-Mar-2023 22:55:53.167 INFO [http-nio-9999-exec-348] org.apache.catalina.core.ApplicationContext.log Manager: restart: Reloading web application '/Assignment'
12-Mar-2023 22:56:06.278 INFO [http-nio-9999-exec-354] org.apache.catalina.core.ApplicationContext.log Manager: list: Listing contexts for virtual host 'localhost'
12-Mar-2023 22:56:06.284 INFO [http-nio-9999-exec-355] org.apache.catalina.core.ApplicationContext.log Manager: restart: Reloading web application '/Assignment'
12-Mar-2023 22:56:17.648 INFO [http-nio-9999-exec-349] org.apache.catalina.core.ApplicationContext.log Manager: list: Listing contexts for virtual host 'localhost'
12-Mar-2023 22:56:17.650 INFO [http-nio-9999-exec-357] org.apache.catalina.core.ApplicationContext.log Manager: list: Listing contexts for virtual host 'localhost'
12-Mar-2023 22:56:17.674 INFO [http-nio-9999-exec-359] org.apache.catalina.core.ApplicationContext.log Manager: undeploy: Undeploying web application at '/Assignment'
12-Mar-2023 22:56:18.192 INFO [http-nio-9999-exec-353] org.apache.catalina.core.ApplicationContext.log Manager: install: Installing context configuration at 'file:/C:/Users/ADMIN/AppData/Local/Temp/context5899890557505150185.xml'
12-Mar-2023 22:56:18.556 INFO [http-nio-9999-exec-357] org.apache.catalina.core.ApplicationContext.log Manager: start: Starting web application '/Assignment'
12-Mar-2023 23:06:46.372 INFO [http-nio-9999-exec-363] org.apache.catalina.core.ApplicationContext.log Manager: list: Listing contexts for virtual host 'localhost'
12-Mar-2023 23:06:46.373 INFO [http-nio-9999-exec-366] org.apache.catalina.core.ApplicationContext.log Manager: list: Listing contexts for virtual host 'localhost'
12-Mar-2023 23:06:46.398 INFO [http-nio-9999-exec-362] org.apache.catalina.core.ApplicationContext.log Manager: undeploy: Undeploying web application at '/Assignment'
12-Mar-2023 23:06:46.924 INFO [http-nio-9999-exec-361] org.apache.catalina.core.ApplicationContext.log Manager: install: Installing context configuration at 'file:/C:/Users/ADMIN/AppData/Local/Temp/context97560503032000524.xml'
12-Mar-2023 23:06:47.283 INFO [http-nio-9999-exec-365] org.apache.catalina.core.ApplicationContext.log Manager: start: Starting web application '/Assignment'
12-Mar-2023 23:15:10.028 INFO [http-nio-9999-exec-372] org.apache.catalina.core.ApplicationContext.log Manager: list: Listing contexts for virtual host 'localhost'
12-Mar-2023 23:15:46.924 INFO [http-nio-9999-exec-374] org.apache.catalina.core.ApplicationContext.log Manager: list: Listing contexts for virtual host 'localhost'
12-Mar-2023 23:16:03.489 INFO [http-nio-9999-exec-372] org.apache.catalina.core.ApplicationContext.log Manager: list: Listing contexts for virtual host 'localhost'
12-Mar-2023 23:17:30.347 INFO [http-nio-9999-exec-372] org.apache.catalina.core.ApplicationContext.log Manager: list: Listing contexts for virtual host 'localhost'
12-Mar-2023 23:17:53.569 INFO [http-nio-9999-exec-379] org.apache.catalina.core.ApplicationContext.log Manager: list: Listing contexts for virtual host 'localhost'
12-Mar-2023 23:18:52.566 INFO [http-nio-9999-exec-372] org.apache.catalina.core.ApplicationContext.log Manager: list: Listing contexts for virtual host 'localhost'
12-Mar-2023 23:23:36.859 INFO [http-nio-9999-exec-373] org.apache.catalina.core.ApplicationContext.log Manager: list: Listing contexts for virtual host 'localhost'
12-Mar-2023 23:23:42.003 INFO [http-nio-9999-exec-374] org.apache.catalina.core.ApplicationContext.log Manager: list: Listing contexts for virtual host 'localhost'
12-Mar-2023 23:24:39.007 INFO [http-nio-9999-exec-380] org.apache.catalina.core.ApplicationContext.log Manager: list: Listing contexts for virtual host 'localhost'
12-Mar-2023 23:26:46.464 INFO [http-nio-9999-exec-373] org.apache.catalina.core.ApplicationContext.log Manager: list: Listing contexts for virtual host 'localhost'
12-Mar-2023 23:27:22.994 INFO [http-nio-9999-exec-373] org.apache.catalina.core.ApplicationContext.log Manager: list: Listing contexts for virtual host 'localhost'
12-Mar-2023 23:28:43.844 INFO [http-nio-9999-exec-373] org.apache.catalina.core.ApplicationContext.log Manager: list: Listing contexts for virtual host 'localhost'
12-Mar-2023 23:30:11.864 INFO [http-nio-9999-exec-373] org.apache.catalina.core.ApplicationContext.log Manager: list: Listing contexts for virtual host 'localhost'
12-Mar-2023 23:30:28.115 INFO [http-nio-9999-exec-378] org.apache.catalina.core.ApplicationContext.log Manager: list: Listing contexts for virtual host 'localhost'
12-Mar-2023 23:30:41.730 INFO [http-nio-9999-exec-378] org.apache.catalina.core.ApplicationContext.log Manager: list: Listing contexts for virtual host 'localhost'
12-Mar-2023 23:31:32.487 INFO [http-nio-9999-exec-378] org.apache.catalina.core.ApplicationContext.log Manager: list: Listing contexts for virtual host 'localhost'
12-Mar-2023 23:31:38.572 INFO [http-nio-9999-exec-379] org.apache.catalina.core.ApplicationContext.log Manager: list: Listing contexts for virtual host 'localhost'
12-Mar-2023 23:34:58.321 INFO [http-nio-9999-exec-378] org.apache.catalina.core.ApplicationContext.log Manager: list: Listing contexts for virtual host 'localhost'
12-Mar-2023 23:35:09.452 INFO [http-nio-9999-exec-376] org.apache.catalina.core.ApplicationContext.log Manager: list: Listing contexts for virtual host 'localhost'
12-Mar-2023 23:35:53.562 INFO [http-nio-9999-exec-376] org.apache.catalina.core.ApplicationContext.log Manager: list: Listing contexts for virtual host 'localhost'
12-Mar-2023 23:36:54.362 INFO [http-nio-9999-exec-376] org.apache.catalina.core.ApplicationContext.log Manager: list: Listing contexts for virtual host 'localhost'
12-Mar-2023 23:38:11.003 INFO [http-nio-9999-exec-375] org.apache.catalina.core.ApplicationContext.log Manager: list: Listing contexts for virtual host 'localhost'
12-Mar-2023 23:38:27.100 INFO [http-nio-9999-exec-375] org.apache.catalina.core.ApplicationContext.log Manager: list: Listing contexts for virtual host 'localhost'
12-Mar-2023 23:40:34.368 INFO [http-nio-9999-exec-379] org.apache.catalina.core.ApplicationContext.log Manager: list: Listing contexts for virtual host 'localhost'
12-Mar-2023 23:40:34.369 INFO [http-nio-9999-exec-373] org.apache.catalina.core.ApplicationContext.log Manager: list: Listing contexts for virtual host 'localhost'
12-Mar-2023 23:40:34.395 INFO [http-nio-9999-exec-371] org.apache.catalina.core.ApplicationContext.log Manager: undeploy: Undeploying web application at '/Assignment'
12-Mar-2023 23:40:34.911 INFO [http-nio-9999-exec-372] org.apache.catalina.core.ApplicationContext.log Manager: install: Installing context configuration at 'file:/C:/Users/ADMIN/AppData/Local/Temp/context5737070062611746985.xml'
12-Mar-2023 23:40:35.278 INFO [http-nio-9999-exec-376] org.apache.catalina.core.ApplicationContext.log Manager: start: Starting web application '/Assignment'
12-Mar-2023 23:42:45.864 INFO [http-nio-9999-exec-382] org.apache.catalina.core.ApplicationContext.log Manager: list: Listing contexts for virtual host 'localhost'
12-Mar-2023 23:43:26.267 INFO [http-nio-9999-exec-386] org.apache.catalina.core.ApplicationContext.log Manager: list: Listing contexts for virtual host 'localhost'
12-Mar-2023 23:43:37.050 INFO [http-nio-9999-exec-386] org.apache.catalina.core.ApplicationContext.log Manager: list: Listing contexts for virtual host 'localhost'
12-Mar-2023 23:44:02.038 INFO [http-nio-9999-exec-386] org.apache.catalina.core.ApplicationContext.log Manager: list: Listing contexts for virtual host 'localhost'
12-Mar-2023 23:44:05.222 INFO [http-nio-9999-exec-384] org.apache.catalina.core.ApplicationContext.log Manager: list: Listing contexts for virtual host 'localhost'
12-Mar-2023 23:44:28.148 INFO [http-nio-9999-exec-384] org.apache.catalina.core.ApplicationContext.log Manager: list: Listing contexts for virtual host 'localhost'
12-Mar-2023 23:44:38.208 INFO [http-nio-9999-exec-388] org.apache.catalina.core.ApplicationContext.log Manager: list: Listing contexts for virtual host 'localhost'
12-Mar-2023 23:44:53.701 INFO [http-nio-9999-exec-389] org.apache.catalina.core.ApplicationContext.log Manager: list: Listing contexts for virtual host 'localhost'
12-Mar-2023 23:45:01.048 INFO [http-nio-9999-exec-387] org.apache.catalina.core.ApplicationContext.log Manager: list: Listing contexts for virtual host 'localhost'
12-Mar-2023 23:45:20.114 INFO [http-nio-9999-exec-382] org.apache.catalina.core.ApplicationContext.log Manager: list: Listing contexts for virtual host 'localhost'
12-Mar-2023 23:45:32.650 INFO [http-nio-9999-exec-385] org.apache.catalina.core.ApplicationContext.log Manager: list: Listing contexts for virtual host 'localhost'
12-Mar-2023 23:45:41.384 INFO [http-nio-9999-exec-385] org.apache.catalina.core.ApplicationContext.log Manager: list: Listing contexts for virtual host 'localhost'
12-Mar-2023 23:46:07.756 INFO [http-nio-9999-exec-386] org.apache.catalina.core.ApplicationContext.log Manager: list: Listing contexts for virtual host 'localhost'
12-Mar-2023 23:46:50.423 INFO [http-nio-9999-exec-382] org.apache.catalina.core.ApplicationContext.log Manager: list: Listing contexts for virtual host 'localhost'
12-Mar-2023 23:46:52.812 INFO [http-nio-9999-exec-383] org.apache.catalina.core.ApplicationContext.log Manager: list: Listing contexts for virtual host 'localhost'
12-Mar-2023 23:47:39.930 INFO [http-nio-9999-exec-385] org.apache.catalina.core.ApplicationContext.log Manager: list: Listing contexts for virtual host 'localhost'
12-Mar-2023 23:48:44.990 INFO [http-nio-9999-exec-385] org.apache.catalina.core.ApplicationContext.log Manager: list: Listing contexts for virtual host 'localhost'
12-Mar-2023 23:49:01.181 INFO [http-nio-9999-exec-388] org.apache.catalina.core.ApplicationContext.log Manager: list: Listing contexts for virtual host 'localhost'
12-Mar-2023 23:49:21.309 INFO [http-nio-9999-exec-389] org.apache.catalina.core.ApplicationContext.log Manager: list: Listing contexts for virtual host 'localhost'
12-Mar-2023 23:49:31.016 INFO [http-nio-9999-exec-390] org.apache.catalina.core.ApplicationContext.log Manager: list: Listing contexts for virtual host 'localhost'
12-Mar-2023 23:49:41.281 INFO [http-nio-9999-exec-387] org.apache.catalina.core.ApplicationContext.log Manager: list: Listing contexts for virtual host 'localhost'
12-Mar-2023 23:49:55.893 INFO [http-nio-9999-exec-387] org.apache.catalina.core.ApplicationContext.log Manager: list: Listing contexts for virtual host 'localhost'
12-Mar-2023 23:50:34.750 INFO [http-nio-9999-exec-386] org.apache.catalina.core.ApplicationContext.log Manager: list: Listing contexts for virtual host 'localhost'
12-Mar-2023 23:52:11.337 INFO [http-nio-9999-exec-383] org.apache.catalina.core.ApplicationContext.log Manager: list: Listing contexts for virtual host 'localhost'
12-Mar-2023 23:52:57.512 INFO [http-nio-9999-exec-383] org.apache.catalina.core.ApplicationContext.log Manager: list: Listing contexts for virtual host 'localhost'
12-Mar-2023 23:53:09.465 INFO [http-nio-9999-exec-385] org.apache.catalina.core.ApplicationContext.log Manager: list: Listing contexts for virtual host 'localhost'
12-Mar-2023 23:53:28.717 INFO [http-nio-9999-exec-389] org.apache.catalina.core.ApplicationContext.log Manager: list: Listing contexts for virtual host 'localhost'
12-Mar-2023 23:53:30.749 INFO [http-nio-9999-exec-390] org.apache.catalina.core.ApplicationContext.log Manager: list: Listing contexts for virtual host 'localhost'
12-Mar-2023 23:54:32.212 INFO [http-nio-9999-exec-390] org.apache.catalina.core.ApplicationContext.log Manager: list: Listing contexts for virtual host 'localhost'
12-Mar-2023 23:54:43.871 INFO [http-nio-9999-exec-384] org.apache.catalina.core.ApplicationContext.log Manager: list: Listing contexts for virtual host 'localhost'
12-Mar-2023 23:55:28.291 INFO [http-nio-9999-exec-382] org.apache.catalina.core.ApplicationContext.log Manager: list: Listing contexts for virtual host 'localhost'
12-Mar-2023 23:55:54.189 INFO [http-nio-9999-exec-384] org.apache.catalina.core.ApplicationContext.log Manager: list: Listing contexts for virtual host 'localhost'
12-Mar-2023 23:56:03.028 INFO [http-nio-9999-exec-386] org.apache.catalina.core.ApplicationContext.log Manager: list: Listing contexts for virtual host 'localhost'
12-Mar-2023 23:57:40.747 INFO [http-nio-9999-exec-387] org.apache.catalina.core.ApplicationContext.log Manager: list: Listing contexts for virtual host 'localhost'
