25-May-2023 05:09:31.831 INFO [http-nio-9999-exec-5] org.apache.catalina.core.ApplicationContext.log Manager: init: Associated with Deployer 'Catalina:type=Deployer,host=localhost'
25-May-2023 05:09:31.831 INFO [http-nio-9999-exec-5] org.apache.catalina.core.ApplicationContext.log Manager: init: Global resources are available
25-May-2023 05:09:31.873 INFO [http-nio-9999-exec-9] org.apache.catalina.core.ApplicationContext.log Manager: list: Listing contexts for virtual host 'localhost'
25-May-2023 05:09:31.877 INFO [http-nio-9999-exec-10] org.apache.catalina.core.ApplicationContext.log Manager: list: Listing contexts for virtual host 'localhost'
25-May-2023 05:09:31.971 INFO [http-nio-9999-exec-3] org.apache.catalina.core.ApplicationContext.log Manager: undeploy: Undeploying web application at '/F8_Group6_td'
25-May-2023 05:09:32.511 INFO [http-nio-9999-exec-5] org.apache.catalina.core.ApplicationContext.log Manager: install: Installing context configuration at 'file:/C:/Users/ADMIN/AppData/Local/Temp/context3786594620782628320.xml'
25-May-2023 05:09:33.226 INFO [http-nio-9999-exec-4] org.apache.catalina.core.ApplicationContext.log Manager: start: Starting web application '/F8_Group6_td'
25-May-2023 05:26:49.925 INFO [http-nio-9999-exec-15] org.apache.catalina.core.ApplicationContext.log Manager: list: Listing contexts for virtual host 'localhost'
25-May-2023 05:52:44.325 INFO [http-nio-9999-exec-14] org.apache.catalina.core.ApplicationContext.log Manager: list: Listing contexts for virtual host 'localhost'
25-May-2023 05:52:44.330 INFO [http-nio-9999-exec-13] org.apache.catalina.core.ApplicationContext.log Manager: list: Listing contexts for virtual host 'localhost'
25-May-2023 05:52:44.496 INFO [http-nio-9999-exec-16] org.apache.catalina.core.ApplicationContext.log Manager: restart: Reloading web application '/F8_Group6'
25-May-2023 05:55:31.016 INFO [http-nio-9999-exec-24] org.apache.catalina.core.ApplicationContext.log Manager: list: Listing contexts for virtual host 'localhost'
25-May-2023 05:55:56.037 INFO [http-nio-9999-exec-26] org.apache.catalina.core.ApplicationContext.log Manager: list: Listing contexts for virtual host 'localhost'
25-May-2023 06:10:46.197 INFO [http-nio-9999-exec-23] org.apache.catalina.core.ApplicationContext.log Manager: list: Listing contexts for virtual host 'localhost'
25-May-2023 07:17:23.135 INFO [http-nio-9999-exec-6] org.apache.catalina.core.ApplicationContext.log Manager: init: Associated with Deployer 'Catalina:type=Deployer,host=localhost'
25-May-2023 07:17:23.135 INFO [http-nio-9999-exec-6] org.apache.catalina.core.ApplicationContext.log Manager: init: Global resources are available
25-May-2023 07:17:23.165 INFO [http-nio-9999-exec-9] org.apache.catalina.core.ApplicationContext.log Manager: list: Listing contexts for virtual host 'localhost'
25-May-2023 07:17:23.170 INFO [http-nio-9999-exec-8] org.apache.catalina.core.ApplicationContext.log Manager: list: Listing contexts for virtual host 'localhost'
25-May-2023 07:18:04.614 INFO [http-nio-9999-exec-3] org.apache.catalina.core.ApplicationContext.log Manager: list: Listing contexts for virtual host 'localhost'
25-May-2023 07:23:40.923 INFO [http-nio-9999-exec-4] org.apache.catalina.core.ApplicationContext.log Manager: list: Listing contexts for virtual host 'localhost'
25-May-2023 07:23:49.880 INFO [http-nio-9999-exec-5] org.apache.catalina.core.ApplicationContext.log Manager: list: Listing contexts for virtual host 'localhost'
25-May-2023 07:23:49.883 INFO [http-nio-9999-exec-3] org.apache.catalina.core.ApplicationContext.log Manager: list: Listing contexts for virtual host 'localhost'
25-May-2023 07:25:16.740 INFO [http-nio-9999-exec-4] org.apache.catalina.core.ApplicationContext.log Manager: list: Listing contexts for virtual host 'localhost'
25-May-2023 07:25:34.008 INFO [http-nio-9999-exec-6] org.apache.catalina.core.ApplicationContext.log Manager: list: Listing contexts for virtual host 'localhost'
25-May-2023 07:28:17.595 INFO [http-nio-9999-exec-6] org.apache.catalina.core.ApplicationContext.log Manager: list: Listing contexts for virtual host 'localhost'
25-May-2023 07:53:57.069 INFO [http-nio-9999-exec-6] org.apache.catalina.core.ApplicationContext.log Manager: list: Listing contexts for virtual host 'localhost'
25-May-2023 07:54:59.635 INFO [http-nio-9999-exec-6] org.apache.catalina.core.ApplicationContext.log Manager: list: Listing contexts for virtual host 'localhost'
25-May-2023 07:55:21.460 INFO [http-nio-9999-exec-5] org.apache.catalina.core.ApplicationContext.log Manager: list: Listing contexts for virtual host 'localhost'
25-May-2023 07:58:17.474 INFO [http-nio-9999-exec-1] org.apache.catalina.core.ApplicationContext.log Manager: list: Listing contexts for virtual host 'localhost'
25-May-2023 07:58:17.476 INFO [http-nio-9999-exec-7] org.apache.catalina.core.ApplicationContext.log Manager: list: Listing contexts for virtual host 'localhost'
25-May-2023 07:58:25.495 INFO [http-nio-9999-exec-10] org.apache.catalina.core.ApplicationContext.log Manager: list: Listing contexts for virtual host 'localhost'
25-May-2023 07:58:25.515 INFO [http-nio-9999-exec-8] org.apache.catalina.core.ApplicationContext.log Manager: restart: Reloading web application '/F8_Group6'
25-May-2023 07:58:33.668 INFO [http-nio-9999-exec-7] org.apache.catalina.core.ApplicationContext.log Manager: list: Listing contexts for virtual host 'localhost'
25-May-2023 07:58:33.674 INFO [http-nio-9999-exec-5] org.apache.catalina.core.ApplicationContext.log Manager: restart: Reloading web application '/F8_Group6'
25-May-2023 08:01:09.422 INFO [http-nio-9999-exec-23] org.apache.catalina.core.ApplicationContext.log Manager: list: Listing contexts for virtual host 'localhost'
25-May-2023 08:01:09.427 INFO [http-nio-9999-exec-20] org.apache.catalina.core.ApplicationContext.log Manager: restart: Reloading web application '/F8_Group6'
25-May-2023 08:01:33.954 INFO [http-nio-9999-exec-23] org.apache.catalina.core.ApplicationContext.log Manager: list: Listing contexts for virtual host 'localhost'
25-May-2023 08:01:33.959 INFO [http-nio-9999-exec-14] org.apache.catalina.core.ApplicationContext.log Manager: restart: Reloading web application '/F8_Group6'
25-May-2023 08:03:25.683 INFO [http-nio-9999-exec-30] org.apache.catalina.core.ApplicationContext.log Manager: list: Listing contexts for virtual host 'localhost'
25-May-2023 08:03:25.687 INFO [http-nio-9999-exec-32] org.apache.catalina.core.ApplicationContext.log Manager: stop: Stopping web application '/F8_Group6'
25-May-2023 08:03:25.693 INFO [http-nio-9999-exec-28] org.apache.catalina.core.ApplicationContext.log Manager: start: Starting web application '/F8_Group6'
25-May-2023 08:03:38.276 INFO [http-nio-9999-exec-33] org.apache.catalina.core.ApplicationContext.log Manager: list: Listing contexts for virtual host 'localhost'
25-May-2023 08:03:38.281 INFO [http-nio-9999-exec-34] org.apache.catalina.core.ApplicationContext.log Manager: restart: Reloading web application '/F8_Group6'
25-May-2023 08:03:44.967 INFO [http-nio-9999-exec-38] org.apache.catalina.core.ApplicationContext.log Manager: list: Listing contexts for virtual host 'localhost'
25-May-2023 08:03:44.969 INFO [http-nio-9999-exec-21] org.apache.catalina.core.ApplicationContext.log Manager: list: Listing contexts for virtual host 'localhost'
25-May-2023 08:03:45.113 INFO [http-nio-9999-exec-34] org.apache.catalina.core.ApplicationContext.log Manager: stop: Stopping web application '/F8_Group6'
25-May-2023 08:03:45.117 INFO [http-nio-9999-exec-30] org.apache.catalina.core.ApplicationContext.log Manager: start: Starting web application '/F8_Group6'
25-May-2023 08:04:01.574 INFO [http-nio-9999-exec-36] org.apache.catalina.core.ApplicationContext.log Manager: list: Listing contexts for virtual host 'localhost'
25-May-2023 08:04:01.578 INFO [http-nio-9999-exec-39] org.apache.catalina.core.ApplicationContext.log Manager: restart: Reloading web application '/F8_Group6'
25-May-2023 08:04:09.443 INFO [http-nio-9999-exec-34] org.apache.catalina.core.ApplicationContext.log Manager: list: Listing contexts for virtual host 'localhost'
25-May-2023 08:04:09.448 INFO [http-nio-9999-exec-36] org.apache.catalina.core.ApplicationContext.log Manager: stop: Stopping web application '/F8_Group6'
25-May-2023 08:04:09.454 INFO [http-nio-9999-exec-34] org.apache.catalina.core.ApplicationContext.log Manager: start: Starting web application '/F8_Group6'
25-May-2023 08:06:25.211 INFO [http-nio-9999-exec-33] org.apache.catalina.core.ApplicationContext.log Manager: list: Listing contexts for virtual host 'localhost'
25-May-2023 08:06:25.216 INFO [http-nio-9999-exec-46] org.apache.catalina.core.ApplicationContext.log Manager: stop: Stopping web application '/F8_Group6'
25-May-2023 08:06:25.221 INFO [http-nio-9999-exec-45] org.apache.catalina.core.ApplicationContext.log Manager: start: Starting web application '/F8_Group6'
25-May-2023 08:06:34.531 INFO [http-nio-9999-exec-44] org.apache.catalina.core.ApplicationContext.log Manager: list: Listing contexts for virtual host 'localhost'
25-May-2023 08:06:34.537 INFO [http-nio-9999-exec-50] org.apache.catalina.core.ApplicationContext.log Manager: stop: Stopping web application '/F8_Group6'
25-May-2023 08:06:34.546 INFO [http-nio-9999-exec-48] org.apache.catalina.core.ApplicationContext.log Manager: start: Starting web application '/F8_Group6'
25-May-2023 08:09:33.456 INFO [http-nio-9999-exec-59] org.apache.catalina.core.ApplicationContext.log Manager: list: Listing contexts for virtual host 'localhost'
25-May-2023 08:10:00.476 INFO [http-nio-9999-exec-56] org.apache.catalina.core.ApplicationContext.log Manager: list: Listing contexts for virtual host 'localhost'
25-May-2023 08:10:08.772 INFO [http-nio-9999-exec-62] org.apache.catalina.core.ApplicationContext.log Manager: list: Listing contexts for virtual host 'localhost'
25-May-2023 08:14:14.357 INFO [http-nio-9999-exec-61] org.apache.catalina.core.ApplicationContext.log Manager: list: Listing contexts for virtual host 'localhost'
25-May-2023 08:14:33.394 INFO [http-nio-9999-exec-59] org.apache.catalina.core.ApplicationContext.log Manager: list: Listing contexts for virtual host 'localhost'
25-May-2023 08:14:33.395 INFO [http-nio-9999-exec-58] org.apache.catalina.core.ApplicationContext.log Manager: list: Listing contexts for virtual host 'localhost'
25-May-2023 08:14:33.505 INFO [http-nio-9999-exec-55] org.apache.catalina.core.ApplicationContext.log Manager: stop: Stopping web application '/F8_Group6'
25-May-2023 08:14:33.509 INFO [http-nio-9999-exec-57] org.apache.catalina.core.ApplicationContext.log Manager: start: Starting web application '/F8_Group6'
25-May-2023 08:15:22.949 INFO [http-nio-9999-exec-64] org.apache.catalina.core.ApplicationContext.log Manager: list: Listing contexts for virtual host 'localhost'
25-May-2023 08:15:33.806 INFO [http-nio-9999-exec-67] org.apache.catalina.core.ApplicationContext.log Manager: list: Listing contexts for virtual host 'localhost'
25-May-2023 08:16:59.647 INFO [http-nio-9999-exec-72] org.apache.catalina.core.ApplicationContext.log Manager: list: Listing contexts for virtual host 'localhost'
25-May-2023 08:19:31.303 INFO [http-nio-9999-exec-68] org.apache.catalina.core.ApplicationContext.log Manager: list: Listing contexts for virtual host 'localhost'
25-May-2023 08:20:46.498 INFO [http-nio-9999-exec-64] org.apache.catalina.core.ApplicationContext.log Manager: list: Listing contexts for virtual host 'localhost'
25-May-2023 08:22:02.480 INFO [http-nio-9999-exec-67] org.apache.catalina.core.ApplicationContext.log Manager: list: Listing contexts for virtual host 'localhost'
25-May-2023 08:25:40.216 INFO [http-nio-9999-exec-71] org.apache.catalina.core.ApplicationContext.log Manager: list: Listing contexts for virtual host 'localhost'
25-May-2023 08:28:06.619 INFO [http-nio-9999-exec-73] org.apache.catalina.core.ApplicationContext.log Manager: list: Listing contexts for virtual host 'localhost'
25-May-2023 08:28:10.272 INFO [http-nio-9999-exec-64] org.apache.catalina.core.ApplicationContext.log Manager: list: Listing contexts for virtual host 'localhost'
25-May-2023 08:29:15.701 INFO [http-nio-9999-exec-64] org.apache.catalina.core.ApplicationContext.log Manager: list: Listing contexts for virtual host 'localhost'
25-May-2023 08:32:10.168 INFO [http-nio-9999-exec-66] org.apache.catalina.core.ApplicationContext.log Manager: list: Listing contexts for virtual host 'localhost'
25-May-2023 08:32:39.534 INFO [http-nio-9999-exec-68] org.apache.catalina.core.ApplicationContext.log Manager: list: Listing contexts for virtual host 'localhost'
25-May-2023 08:32:58.589 INFO [http-nio-9999-exec-69] org.apache.catalina.core.ApplicationContext.log Manager: list: Listing contexts for virtual host 'localhost'
25-May-2023 08:34:34.584 INFO [http-nio-9999-exec-72] org.apache.catalina.core.ApplicationContext.log Manager: list: Listing contexts for virtual host 'localhost'
25-May-2023 08:43:35.470 INFO [http-nio-9999-exec-72] org.apache.catalina.core.ApplicationContext.log Manager: list: Listing contexts for virtual host 'localhost'
25-May-2023 08:45:02.606 INFO [http-nio-9999-exec-71] org.apache.catalina.core.ApplicationContext.log Manager: list: Listing contexts for virtual host 'localhost'
25-May-2023 08:45:34.140 INFO [http-nio-9999-exec-64] org.apache.catalina.core.ApplicationContext.log Manager: list: Listing contexts for virtual host 'localhost'
25-May-2023 08:49:39.750 INFO [http-nio-9999-exec-64] org.apache.catalina.core.ApplicationContext.log Manager: list: Listing contexts for virtual host 'localhost'
25-May-2023 08:49:52.211 INFO [http-nio-9999-exec-69] org.apache.catalina.core.ApplicationContext.log Manager: list: Listing contexts for virtual host 'localhost'
25-May-2023 08:50:01.942 INFO [http-nio-9999-exec-68] org.apache.catalina.core.ApplicationContext.log Manager: list: Listing contexts for virtual host 'localhost'
25-May-2023 08:50:29.922 INFO [http-nio-9999-exec-71] org.apache.catalina.core.ApplicationContext.log Manager: list: Listing contexts for virtual host 'localhost'
25-May-2023 08:51:31.018 INFO [http-nio-9999-exec-70] org.apache.catalina.core.ApplicationContext.log Manager: list: Listing contexts for virtual host 'localhost'
25-May-2023 08:51:52.199 INFO [http-nio-9999-exec-70] org.apache.catalina.core.ApplicationContext.log Manager: list: Listing contexts for virtual host 'localhost'
25-May-2023 08:52:17.873 INFO [http-nio-9999-exec-73] org.apache.catalina.core.ApplicationContext.log Manager: list: Listing contexts for virtual host 'localhost'
25-May-2023 08:52:32.977 INFO [http-nio-9999-exec-65] org.apache.catalina.core.ApplicationContext.log Manager: list: Listing contexts for virtual host 'localhost'
25-May-2023 08:54:19.189 INFO [http-nio-9999-exec-70] org.apache.catalina.core.ApplicationContext.log Manager: list: Listing contexts for virtual host 'localhost'
25-May-2023 08:54:32.383 INFO [http-nio-9999-exec-70] org.apache.catalina.core.ApplicationContext.log Manager: list: Listing contexts for virtual host 'localhost'
25-May-2023 09:08:15.150 INFO [http-nio-9999-exec-71] org.apache.catalina.core.ApplicationContext.log Manager: list: Listing contexts for virtual host 'localhost'
25-May-2023 09:08:46.327 INFO [http-nio-9999-exec-68] org.apache.catalina.core.ApplicationContext.log Manager: list: Listing contexts for virtual host 'localhost'
25-May-2023 09:09:02.030 INFO [http-nio-9999-exec-64] org.apache.catalina.core.ApplicationContext.log Manager: list: Listing contexts for virtual host 'localhost'
25-May-2023 09:10:05.937 INFO [http-nio-9999-exec-70] org.apache.catalina.core.ApplicationContext.log Manager: list: Listing contexts for virtual host 'localhost'
25-May-2023 09:10:05.939 INFO [http-nio-9999-exec-66] org.apache.catalina.core.ApplicationContext.log Manager: list: Listing contexts for virtual host 'localhost'
25-May-2023 09:10:23.922 INFO [http-nio-9999-exec-65] org.apache.catalina.core.ApplicationContext.log Manager: list: Listing contexts for virtual host 'localhost'
25-May-2023 09:14:30.664 INFO [http-nio-9999-exec-68] org.apache.catalina.core.ApplicationContext.log Manager: list: Listing contexts for virtual host 'localhost'
25-May-2023 09:14:51.467 INFO [http-nio-9999-exec-72] org.apache.catalina.core.ApplicationContext.log Manager: list: Listing contexts for virtual host 'localhost'
25-May-2023 09:14:59.793 INFO [http-nio-9999-exec-73] org.apache.catalina.core.ApplicationContext.log Manager: list: Listing contexts for virtual host 'localhost'
25-May-2023 09:15:12.866 INFO [http-nio-9999-exec-64] org.apache.catalina.core.ApplicationContext.log Manager: list: Listing contexts for virtual host 'localhost'
25-May-2023 09:15:27.016 INFO [http-nio-9999-exec-73] org.apache.catalina.core.ApplicationContext.log Manager: list: Listing contexts for virtual host 'localhost'
25-May-2023 09:15:46.610 INFO [http-nio-9999-exec-73] org.apache.catalina.core.ApplicationContext.log Manager: list: Listing contexts for virtual host 'localhost'
25-May-2023 09:16:05.266 INFO [http-nio-9999-exec-68] org.apache.catalina.core.ApplicationContext.log Manager: list: Listing contexts for virtual host 'localhost'
25-May-2023 09:16:14.825 INFO [http-nio-9999-exec-73] org.apache.catalina.core.ApplicationContext.log Manager: list: Listing contexts for virtual host 'localhost'
25-May-2023 09:16:21.773 INFO [http-nio-9999-exec-64] org.apache.catalina.core.ApplicationContext.log Manager: list: Listing contexts for virtual host 'localhost'
25-May-2023 09:16:35.164 INFO [http-nio-9999-exec-73] org.apache.catalina.core.ApplicationContext.log Manager: list: Listing contexts for virtual host 'localhost'
25-May-2023 09:16:39.991 INFO [http-nio-9999-exec-65] org.apache.catalina.core.ApplicationContext.log Manager: list: Listing contexts for virtual host 'localhost'
25-May-2023 09:16:48.774 INFO [http-nio-9999-exec-67] org.apache.catalina.core.ApplicationContext.log Manager: list: Listing contexts for virtual host 'localhost'
25-May-2023 09:16:54.696 INFO [http-nio-9999-exec-68] org.apache.catalina.core.ApplicationContext.log Manager: list: Listing contexts for virtual host 'localhost'
25-May-2023 09:17:00.210 INFO [http-nio-9999-exec-71] org.apache.catalina.core.ApplicationContext.log Manager: list: Listing contexts for virtual host 'localhost'
25-May-2023 09:20:55.817 INFO [http-nio-9999-exec-73] org.apache.catalina.core.ApplicationContext.log Manager: list: Listing contexts for virtual host 'localhost'
25-May-2023 09:21:05.465 INFO [http-nio-9999-exec-65] org.apache.catalina.core.ApplicationContext.log Manager: list: Listing contexts for virtual host 'localhost'
25-May-2023 09:21:11.336 INFO [http-nio-9999-exec-70] org.apache.catalina.core.ApplicationContext.log Manager: list: Listing contexts for virtual host 'localhost'
25-May-2023 09:21:16.448 INFO [http-nio-9999-exec-73] org.apache.catalina.core.ApplicationContext.log Manager: list: Listing contexts for virtual host 'localhost'
25-May-2023 09:21:22.852 INFO [http-nio-9999-exec-64] org.apache.catalina.core.ApplicationContext.log Manager: list: Listing contexts for virtual host 'localhost'
25-May-2023 09:21:28.547 INFO [http-nio-9999-exec-67] org.apache.catalina.core.ApplicationContext.log Manager: list: Listing contexts for virtual host 'localhost'
25-May-2023 09:21:34.233 INFO [http-nio-9999-exec-72] org.apache.catalina.core.ApplicationContext.log Manager: list: Listing contexts for virtual host 'localhost'
25-May-2023 09:21:39.185 INFO [http-nio-9999-exec-73] org.apache.catalina.core.ApplicationContext.log Manager: list: Listing contexts for virtual host 'localhost'
25-May-2023 09:21:44.522 INFO [http-nio-9999-exec-64] org.apache.catalina.core.ApplicationContext.log Manager: list: Listing contexts for virtual host 'localhost'
25-May-2023 09:22:35.918 INFO [http-nio-9999-exec-64] org.apache.catalina.core.ApplicationContext.log Manager: list: Listing contexts for virtual host 'localhost'
25-May-2023 09:22:42.203 INFO [http-nio-9999-exec-70] org.apache.catalina.core.ApplicationContext.log Manager: list: Listing contexts for virtual host 'localhost'
25-May-2023 09:22:54.029 INFO [http-nio-9999-exec-69] org.apache.catalina.core.ApplicationContext.log Manager: list: Listing contexts for virtual host 'localhost'
25-May-2023 09:23:02.099 INFO [http-nio-9999-exec-64] org.apache.catalina.core.ApplicationContext.log Manager: list: Listing contexts for virtual host 'localhost'
25-May-2023 09:23:13.711 INFO [http-nio-9999-exec-71] org.apache.catalina.core.ApplicationContext.log Manager: list: Listing contexts for virtual host 'localhost'
25-May-2023 09:23:23.740 INFO [http-nio-9999-exec-71] org.apache.catalina.core.ApplicationContext.log Manager: list: Listing contexts for virtual host 'localhost'
25-May-2023 09:23:32.327 INFO [http-nio-9999-exec-73] org.apache.catalina.core.ApplicationContext.log Manager: list: Listing contexts for virtual host 'localhost'
25-May-2023 09:23:40.778 INFO [http-nio-9999-exec-66] org.apache.catalina.core.ApplicationContext.log Manager: list: Listing contexts for virtual host 'localhost'
25-May-2023 09:23:48.084 INFO [http-nio-9999-exec-72] org.apache.catalina.core.ApplicationContext.log Manager: list: Listing contexts for virtual host 'localhost'
25-May-2023 09:23:59.702 INFO [http-nio-9999-exec-71] org.apache.catalina.core.ApplicationContext.log Manager: list: Listing contexts for virtual host 'localhost'
25-May-2023 09:24:17.427 INFO [http-nio-9999-exec-73] org.apache.catalina.core.ApplicationContext.log Manager: list: Listing contexts for virtual host 'localhost'
25-May-2023 09:24:22.313 INFO [http-nio-9999-exec-69] org.apache.catalina.core.ApplicationContext.log Manager: list: Listing contexts for virtual host 'localhost'
25-May-2023 09:24:46.297 INFO [http-nio-9999-exec-64] org.apache.catalina.core.ApplicationContext.log Manager: list: Listing contexts for virtual host 'localhost'
25-May-2023 09:24:56.980 INFO [http-nio-9999-exec-68] org.apache.catalina.core.ApplicationContext.log Manager: list: Listing contexts for virtual host 'localhost'
25-May-2023 09:25:07.480 INFO [http-nio-9999-exec-71] org.apache.catalina.core.ApplicationContext.log Manager: list: Listing contexts for virtual host 'localhost'
25-May-2023 09:26:04.919 INFO [http-nio-9999-exec-72] org.apache.catalina.core.ApplicationContext.log Manager: list: Listing contexts for virtual host 'localhost'
25-May-2023 09:26:49.808 INFO [http-nio-9999-exec-65] org.apache.catalina.core.ApplicationContext.log Manager: list: Listing contexts for virtual host 'localhost'
25-May-2023 09:27:08.908 INFO [http-nio-9999-exec-65] org.apache.catalina.core.ApplicationContext.log Manager: list: Listing contexts for virtual host 'localhost'
25-May-2023 09:28:13.121 INFO [http-nio-9999-exec-71] org.apache.catalina.core.ApplicationContext.log Manager: list: Listing contexts for virtual host 'localhost'
25-May-2023 09:28:20.181 INFO [http-nio-9999-exec-70] org.apache.catalina.core.ApplicationContext.log Manager: list: Listing contexts for virtual host 'localhost'
25-May-2023 09:29:30.415 INFO [http-nio-9999-exec-71] org.apache.catalina.core.ApplicationContext.log Manager: list: Listing contexts for virtual host 'localhost'
25-May-2023 09:30:31.091 INFO [http-nio-9999-exec-66] org.apache.catalina.core.ApplicationContext.log Manager: list: Listing contexts for virtual host 'localhost'
25-May-2023 09:31:14.477 INFO [http-nio-9999-exec-68] org.apache.catalina.core.ApplicationContext.log Manager: list: Listing contexts for virtual host 'localhost'
25-May-2023 09:31:31.653 INFO [http-nio-9999-exec-72] org.apache.catalina.core.ApplicationContext.log Manager: list: Listing contexts for virtual host 'localhost'
25-May-2023 09:32:00.104 INFO [http-nio-9999-exec-64] org.apache.catalina.core.ApplicationContext.log Manager: list: Listing contexts for virtual host 'localhost'
25-May-2023 09:32:07.520 INFO [http-nio-9999-exec-71] org.apache.catalina.core.ApplicationContext.log Manager: list: Listing contexts for virtual host 'localhost'
25-May-2023 09:33:00.011 INFO [http-nio-9999-exec-72] org.apache.catalina.core.ApplicationContext.log Manager: list: Listing contexts for virtual host 'localhost'
25-May-2023 09:33:21.619 INFO [http-nio-9999-exec-71] org.apache.catalina.core.ApplicationContext.log Manager: list: Listing contexts for virtual host 'localhost'
25-May-2023 09:34:39.633 INFO [http-nio-9999-exec-72] org.apache.catalina.core.ApplicationContext.log Manager: list: Listing contexts for virtual host 'localhost'
25-May-2023 09:34:56.896 INFO [http-nio-9999-exec-66] org.apache.catalina.core.ApplicationContext.log Manager: list: Listing contexts for virtual host 'localhost'
25-May-2023 09:35:30.248 INFO [http-nio-9999-exec-73] org.apache.catalina.core.ApplicationContext.log Manager: list: Listing contexts for virtual host 'localhost'
25-May-2023 09:35:45.849 INFO [http-nio-9999-exec-68] org.apache.catalina.core.ApplicationContext.log Manager: list: Listing contexts for virtual host 'localhost'
25-May-2023 09:40:49.152 INFO [http-nio-9999-exec-68] org.apache.catalina.core.ApplicationContext.log Manager: list: Listing contexts for virtual host 'localhost'
25-May-2023 09:40:50.870 INFO [http-nio-9999-exec-72] org.apache.catalina.core.ApplicationContext.log Manager: list: Listing contexts for virtual host 'localhost'
25-May-2023 09:40:54.230 INFO [http-nio-9999-exec-64] org.apache.catalina.core.ApplicationContext.log Manager: list: Listing contexts for virtual host 'localhost'
25-May-2023 09:40:54.232 INFO [http-nio-9999-exec-71] org.apache.catalina.core.ApplicationContext.log Manager: list: Listing contexts for virtual host 'localhost'
25-May-2023 09:41:17.409 INFO [http-nio-9999-exec-72] org.apache.catalina.core.ApplicationContext.log Manager: list: Listing contexts for virtual host 'localhost'
25-May-2023 09:41:49.531 INFO [http-nio-9999-exec-72] org.apache.catalina.core.ApplicationContext.log Manager: list: Listing contexts for virtual host 'localhost'
25-May-2023 09:42:17.461 INFO [http-nio-9999-exec-73] org.apache.catalina.core.ApplicationContext.log Manager: list: Listing contexts for virtual host 'localhost'
25-May-2023 09:45:55.184 INFO [http-nio-9999-exec-70] org.apache.catalina.core.ApplicationContext.log Manager: list: Listing contexts for virtual host 'localhost'
25-May-2023 09:46:21.290 INFO [http-nio-9999-exec-69] org.apache.catalina.core.ApplicationContext.log Manager: list: Listing contexts for virtual host 'localhost'
25-May-2023 09:47:37.590 INFO [http-nio-9999-exec-67] org.apache.catalina.core.ApplicationContext.log Manager: list: Listing contexts for virtual host 'localhost'
25-May-2023 09:55:45.442 INFO [http-nio-9999-exec-70] org.apache.catalina.core.ApplicationContext.log Manager: list: Listing contexts for virtual host 'localhost'
25-May-2023 09:56:49.399 INFO [http-nio-9999-exec-66] org.apache.catalina.core.ApplicationContext.log Manager: list: Listing contexts for virtual host 'localhost'
25-May-2023 09:58:07.908 INFO [http-nio-9999-exec-68] org.apache.catalina.core.ApplicationContext.log Manager: list: Listing contexts for virtual host 'localhost'
25-May-2023 09:58:44.431 INFO [http-nio-9999-exec-64] org.apache.catalina.core.ApplicationContext.log Manager: list: Listing contexts for virtual host 'localhost'
25-May-2023 09:58:44.755 INFO [http-nio-9999-exec-66] org.apache.catalina.core.ApplicationContext.log Manager: list: Listing contexts for virtual host 'localhost'
25-May-2023 09:59:13.020 INFO [http-nio-9999-exec-73] org.apache.catalina.core.ApplicationContext.log Manager: list: Listing contexts for virtual host 'localhost'
25-May-2023 09:59:32.112 INFO [http-nio-9999-exec-73] org.apache.catalina.core.ApplicationContext.log Manager: list: Listing contexts for virtual host 'localhost'
25-May-2023 10:00:48.905 INFO [http-nio-9999-exec-73] org.apache.catalina.core.ApplicationContext.log Manager: list: Listing contexts for virtual host 'localhost'
25-May-2023 10:01:35.388 INFO [http-nio-9999-exec-65] org.apache.catalina.core.ApplicationContext.log Manager: list: Listing contexts for virtual host 'localhost'
25-May-2023 10:01:58.529 INFO [http-nio-9999-exec-73] org.apache.catalina.core.ApplicationContext.log Manager: list: Listing contexts for virtual host 'localhost'
25-May-2023 10:04:29.451 INFO [http-nio-9999-exec-72] org.apache.catalina.core.ApplicationContext.log Manager: list: Listing contexts for virtual host 'localhost'
25-May-2023 10:04:55.042 INFO [http-nio-9999-exec-71] org.apache.catalina.core.ApplicationContext.log Manager: list: Listing contexts for virtual host 'localhost'
25-May-2023 10:05:06.748 INFO [http-nio-9999-exec-67] org.apache.catalina.core.ApplicationContext.log Manager: list: Listing contexts for virtual host 'localhost'
25-May-2023 10:05:07.069 INFO [http-nio-9999-exec-64] org.apache.catalina.core.ApplicationContext.log Manager: list: Listing contexts for virtual host 'localhost'
25-May-2023 10:05:13.010 INFO [http-nio-9999-exec-69] org.apache.catalina.core.ApplicationContext.log Manager: list: Listing contexts for virtual host 'localhost'
25-May-2023 10:05:23.954 INFO [http-nio-9999-exec-69] org.apache.catalina.core.ApplicationContext.log Manager: list: Listing contexts for virtual host 'localhost'
25-May-2023 10:14:28.334 INFO [http-nio-9999-exec-65] org.apache.catalina.core.ApplicationContext.log Manager: list: Listing contexts for virtual host 'localhost'
25-May-2023 10:14:28.338 INFO [http-nio-9999-exec-69] org.apache.catalina.core.ApplicationContext.log Manager: list: Listing contexts for virtual host 'localhost'
25-May-2023 16:25:02.043 INFO [http-nio-9999-exec-67] org.apache.catalina.core.ApplicationContext.log Manager: list: Listing contexts for virtual host 'localhost'
25-May-2023 16:26:14.852 INFO [http-nio-9999-exec-69] org.apache.catalina.core.ApplicationContext.log Manager: list: Listing contexts for virtual host 'localhost'
25-May-2023 16:26:15.178 INFO [http-nio-9999-exec-70] org.apache.catalina.core.ApplicationContext.log Manager: list: Listing contexts for virtual host 'localhost'
25-May-2023 16:29:40.580 INFO [http-nio-9999-exec-72] org.apache.catalina.core.ApplicationContext.log Manager: list: Listing contexts for virtual host 'localhost'
25-May-2023 16:29:40.583 INFO [http-nio-9999-exec-67] org.apache.catalina.core.ApplicationContext.log Manager: list: Listing contexts for virtual host 'localhost'
25-May-2023 20:18:29.403 INFO [http-nio-9999-exec-73] org.apache.catalina.core.ApplicationContext.log Manager: list: Listing contexts for virtual host 'localhost'
25-May-2023 20:18:29.408 INFO [http-nio-9999-exec-67] org.apache.catalina.core.ApplicationContext.log Manager: list: Listing contexts for virtual host 'localhost'
25-May-2023 20:20:41.455 INFO [http-nio-9999-exec-68] org.apache.catalina.core.ApplicationContext.log Manager: list: Listing contexts for virtual host 'localhost'
25-May-2023 20:20:41.465 INFO [http-nio-9999-exec-72] org.apache.catalina.core.ApplicationContext.log Manager: restart: Reloading web application '/F8_Group6'
25-May-2023 20:21:10.693 INFO [http-nio-9999-exec-70] org.apache.catalina.core.ApplicationContext.log Manager: list: Listing contexts for virtual host 'localhost'
25-May-2023 20:21:10.699 INFO [http-nio-9999-exec-66] org.apache.catalina.core.ApplicationContext.log Manager: restart: Reloading web application '/F8_Group6'
25-May-2023 20:21:39.943 INFO [http-nio-9999-exec-67] org.apache.catalina.core.ApplicationContext.log Manager: list: Listing contexts for virtual host 'localhost'
25-May-2023 20:21:39.948 INFO [http-nio-9999-exec-68] org.apache.catalina.core.ApplicationContext.log Manager: restart: Reloading web application '/F8_Group6'
25-May-2023 20:22:13.586 INFO [http-nio-9999-exec-70] org.apache.catalina.core.ApplicationContext.log Manager: list: Listing contexts for virtual host 'localhost'
25-May-2023 20:22:13.593 INFO [http-nio-9999-exec-76] org.apache.catalina.core.ApplicationContext.log Manager: restart: Reloading web application '/F8_Group6'
25-May-2023 20:22:14.681 INFO [http-nio-9999-exec-75] org.apache.catalina.core.ApplicationContext.log Manager: list: Listing contexts for virtual host 'localhost'
25-May-2023 20:22:14.686 INFO [http-nio-9999-exec-71] org.apache.catalina.core.ApplicationContext.log Manager: restart: Reloading web application '/F8_Group6'
25-May-2023 20:22:34.674 INFO [http-nio-9999-exec-75] org.apache.catalina.core.ApplicationContext.log Manager: list: Listing contexts for virtual host 'localhost'
25-May-2023 20:22:34.681 INFO [http-nio-9999-exec-77] org.apache.catalina.core.ApplicationContext.log Manager: restart: Reloading web application '/F8_Group6'
25-May-2023 20:22:46.671 INFO [http-nio-9999-exec-67] org.apache.catalina.core.ApplicationContext.log Manager: list: Listing contexts for virtual host 'localhost'
25-May-2023 20:22:46.677 INFO [http-nio-9999-exec-70] org.apache.catalina.core.ApplicationContext.log Manager: restart: Reloading web application '/F8_Group6'
25-May-2023 20:23:17.432 INFO [http-nio-9999-exec-71] org.apache.catalina.core.ApplicationContext.log Manager: list: Listing contexts for virtual host 'localhost'
25-May-2023 20:23:17.438 INFO [http-nio-9999-exec-66] org.apache.catalina.core.ApplicationContext.log Manager: restart: Reloading web application '/F8_Group6'
25-May-2023 20:24:22.379 INFO [http-nio-9999-exec-80] org.apache.catalina.core.ApplicationContext.log Manager: list: Listing contexts for virtual host 'localhost'
25-May-2023 20:24:22.384 INFO [http-nio-9999-exec-76] org.apache.catalina.core.ApplicationContext.log Manager: restart: Reloading web application '/F8_Group6'
25-May-2023 20:25:57.020 INFO [http-nio-9999-exec-78] org.apache.catalina.core.ApplicationContext.log Manager: list: Listing contexts for virtual host 'localhost'
25-May-2023 20:25:57.027 INFO [http-nio-9999-exec-81] org.apache.catalina.core.ApplicationContext.log Manager: restart: Reloading web application '/F8_Group6'
25-May-2023 20:26:22.507 INFO [http-nio-9999-exec-76] org.apache.catalina.core.ApplicationContext.log Manager: list: Listing contexts for virtual host 'localhost'
25-May-2023 20:26:22.512 INFO [http-nio-9999-exec-78] org.apache.catalina.core.ApplicationContext.log Manager: restart: Reloading web application '/F8_Group6'
25-May-2023 20:33:54.029 INFO [http-nio-9999-exec-89] org.apache.catalina.core.ApplicationContext.log Manager: list: Listing contexts for virtual host 'localhost'
25-May-2023 20:33:54.034 INFO [http-nio-9999-exec-90] org.apache.catalina.core.ApplicationContext.log Manager: restart: Reloading web application '/F8_Group6'
25-May-2023 20:34:45.985 INFO [http-nio-9999-exec-93] org.apache.catalina.core.ApplicationContext.log Manager: list: Listing contexts for virtual host 'localhost'
25-May-2023 20:34:45.990 INFO [http-nio-9999-exec-78] org.apache.catalina.core.ApplicationContext.log Manager: restart: Reloading web application '/F8_Group6'
25-May-2023 20:35:17.269 INFO [http-nio-9999-exec-93] org.apache.catalina.core.ApplicationContext.log Manager: list: Listing contexts for virtual host 'localhost'
25-May-2023 20:35:17.273 INFO [http-nio-9999-exec-88] org.apache.catalina.core.ApplicationContext.log Manager: restart: Reloading web application '/F8_Group6'
25-May-2023 20:35:29.359 INFO [http-nio-9999-exec-78] org.apache.catalina.core.ApplicationContext.log Manager: list: Listing contexts for virtual host 'localhost'
25-May-2023 20:35:29.363 INFO [http-nio-9999-exec-89] org.apache.catalina.core.ApplicationContext.log Manager: restart: Reloading web application '/F8_Group6'
25-May-2023 20:35:52.520 INFO [http-nio-9999-exec-97] org.apache.catalina.core.ApplicationContext.log Manager: list: Listing contexts for virtual host 'localhost'
25-May-2023 20:35:52.524 INFO [http-nio-9999-exec-78] org.apache.catalina.core.ApplicationContext.log Manager: restart: Reloading web application '/F8_Group6'
25-May-2023 20:39:18.508 INFO [http-nio-9999-exec-102] org.apache.catalina.core.ApplicationContext.log Manager: list: Listing contexts for virtual host 'localhost'
25-May-2023 20:39:18.515 INFO [http-nio-9999-exec-103] org.apache.catalina.core.ApplicationContext.log Manager: restart: Reloading web application '/F8_Group6'
25-May-2023 20:39:23.919 INFO [http-nio-9999-exec-96] org.apache.catalina.core.ApplicationContext.log Manager: list: Listing contexts for virtual host 'localhost'
25-May-2023 20:39:23.924 INFO [http-nio-9999-exec-102] org.apache.catalina.core.ApplicationContext.log Manager: restart: Reloading web application '/F8_Group6'
25-May-2023 20:41:43.260 INFO [http-nio-9999-exec-107] org.apache.catalina.core.ApplicationContext.log Manager: list: Listing contexts for virtual host 'localhost'
25-May-2023 20:41:43.265 INFO [http-nio-9999-exec-108] org.apache.catalina.core.ApplicationContext.log Manager: restart: Reloading web application '/F8_Group6'
25-May-2023 20:42:21.528 INFO [http-nio-9999-exec-106] org.apache.catalina.core.ApplicationContext.log Manager: list: Listing contexts for virtual host 'localhost'
25-May-2023 20:42:21.533 INFO [http-nio-9999-exec-110] org.apache.catalina.core.ApplicationContext.log Manager: restart: Reloading web application '/F8_Group6'
25-May-2023 20:43:22.039 INFO [http-nio-9999-exec-111] org.apache.catalina.core.ApplicationContext.log Manager: list: Listing contexts for virtual host 'localhost'
25-May-2023 20:43:36.111 INFO [http-nio-9999-exec-114] org.apache.catalina.core.ApplicationContext.log Manager: list: Listing contexts for virtual host 'localhost'
25-May-2023 20:51:03.238 INFO [http-nio-9999-exec-120] org.apache.catalina.core.ApplicationContext.log Manager: list: Listing contexts for virtual host 'localhost'
25-May-2023 20:52:28.245 INFO [http-nio-9999-exec-121] org.apache.catalina.core.ApplicationContext.log Manager: list: Listing contexts for virtual host 'localhost'
25-May-2023 20:53:06.199 INFO [http-nio-9999-exec-121] org.apache.catalina.core.ApplicationContext.log Manager: list: Listing contexts for virtual host 'localhost'
25-May-2023 20:53:13.150 INFO [http-nio-9999-exec-121] org.apache.catalina.core.ApplicationContext.log Manager: list: Listing contexts for virtual host 'localhost'
25-May-2023 20:54:14.311 INFO [http-nio-9999-exec-113] org.apache.catalina.core.ApplicationContext.log Manager: list: Listing contexts for virtual host 'localhost'
25-May-2023 20:54:14.312 INFO [http-nio-9999-exec-118] org.apache.catalina.core.ApplicationContext.log Manager: list: Listing contexts for virtual host 'localhost'
25-May-2023 20:54:14.434 INFO [http-nio-9999-exec-115] org.apache.catalina.core.ApplicationContext.log Manager: restart: Reloading web application '/F8_Group6'
25-May-2023 20:56:51.651 INFO [http-nio-9999-exec-125] org.apache.catalina.core.ApplicationContext.log Manager: list: Listing contexts for virtual host 'localhost'
25-May-2023 20:56:51.656 INFO [http-nio-9999-exec-122] org.apache.catalina.core.ApplicationContext.log Manager: restart: Reloading web application '/F8_Group6'
25-May-2023 20:57:12.586 INFO [http-nio-9999-exec-129] org.apache.catalina.core.ApplicationContext.log Manager: list: Listing contexts for virtual host 'localhost'
25-May-2023 20:57:12.591 INFO [http-nio-9999-exec-124] org.apache.catalina.core.ApplicationContext.log Manager: restart: Reloading web application '/F8_Group6'
25-May-2023 20:57:27.181 INFO [http-nio-9999-exec-129] org.apache.catalina.core.ApplicationContext.log Manager: list: Listing contexts for virtual host 'localhost'
25-May-2023 20:57:27.186 INFO [http-nio-9999-exec-132] org.apache.catalina.core.ApplicationContext.log Manager: restart: Reloading web application '/F8_Group6'
25-May-2023 20:58:05.246 INFO [http-nio-9999-exec-124] org.apache.catalina.core.ApplicationContext.log Manager: list: Listing contexts for virtual host 'localhost'
25-May-2023 20:58:05.252 INFO [http-nio-9999-exec-129] org.apache.catalina.core.ApplicationContext.log Manager: restart: Reloading web application '/F8_Group6'
25-May-2023 21:03:43.875 INFO [http-nio-9999-exec-139] org.apache.catalina.core.ApplicationContext.log Manager: list: Listing contexts for virtual host 'localhost'
25-May-2023 21:03:43.879 INFO [http-nio-9999-exec-140] org.apache.catalina.core.ApplicationContext.log Manager: restart: Reloading web application '/F8_Group6'
25-May-2023 21:04:34.249 INFO [http-nio-9999-exec-141] org.apache.catalina.core.ApplicationContext.log Manager: list: Listing contexts for virtual host 'localhost'
25-May-2023 21:05:26.416 INFO [http-nio-9999-exec-137] org.apache.catalina.core.ApplicationContext.log Manager: list: Listing contexts for virtual host 'localhost'
25-May-2023 21:05:59.497 INFO [http-nio-9999-exec-144] org.apache.catalina.core.ApplicationContext.log Manager: list: Listing contexts for virtual host 'localhost'
25-May-2023 21:06:03.227 INFO [http-nio-9999-exec-148] org.apache.catalina.core.ApplicationContext.log Manager: list: Listing contexts for virtual host 'localhost'
25-May-2023 21:06:03.228 INFO [http-nio-9999-exec-155] org.apache.catalina.core.ApplicationContext.log Manager: list: Listing contexts for virtual host 'localhost'
25-May-2023 21:06:03.341 INFO [http-nio-9999-exec-146] org.apache.catalina.core.ApplicationContext.log Manager: restart: Reloading web application '/F8_Group6'
25-May-2023 21:06:21.356 INFO [http-nio-9999-exec-147] org.apache.catalina.core.ApplicationContext.log Manager: list: Listing contexts for virtual host 'localhost'
25-May-2023 21:07:38.728 INFO [http-nio-9999-exec-157] org.apache.catalina.core.ApplicationContext.log Manager: list: Listing contexts for virtual host 'localhost'
25-May-2023 21:07:49.774 INFO [http-nio-9999-exec-156] org.apache.catalina.core.ApplicationContext.log Manager: list: Listing contexts for virtual host 'localhost'
25-May-2023 21:08:50.767 INFO [http-nio-9999-exec-161] org.apache.catalina.core.ApplicationContext.log Manager: list: Listing contexts for virtual host 'localhost'
25-May-2023 21:09:00.859 INFO [http-nio-9999-exec-157] org.apache.catalina.core.ApplicationContext.log Manager: list: Listing contexts for virtual host 'localhost'
25-May-2023 21:09:13.415 INFO [http-nio-9999-exec-156] org.apache.catalina.core.ApplicationContext.log Manager: list: Listing contexts for virtual host 'localhost'
25-May-2023 21:18:19.577 INFO [http-nio-9999-exec-165] org.apache.catalina.core.ApplicationContext.log Manager: list: Listing contexts for virtual host 'localhost'
25-May-2023 21:18:19.892 INFO [http-nio-9999-exec-163] org.apache.catalina.core.ApplicationContext.log Manager: list: Listing contexts for virtual host 'localhost'
25-May-2023 21:18:41.567 INFO [http-nio-9999-exec-165] org.apache.catalina.core.ApplicationContext.log Manager: list: Listing contexts for virtual host 'localhost'
25-May-2023 21:19:27.671 INFO [http-nio-9999-exec-165] org.apache.catalina.core.ApplicationContext.log Manager: list: Listing contexts for virtual host 'localhost'
25-May-2023 21:19:27.678 INFO [http-nio-9999-exec-156] org.apache.catalina.core.ApplicationContext.log Manager: stop: Stopping web application '/F8_Group6'
25-May-2023 21:19:27.686 INFO [http-nio-9999-exec-163] org.apache.catalina.core.ApplicationContext.log Manager: start: Starting web application '/F8_Group6'
25-May-2023 21:19:28.760 INFO [http-nio-9999-exec-157] org.apache.catalina.core.ApplicationContext.log Manager: list: Listing contexts for virtual host 'localhost'
25-May-2023 21:19:28.768 INFO [http-nio-9999-exec-161] org.apache.catalina.core.ApplicationContext.log Manager: restart: Reloading web application '/F8_Group6'
25-May-2023 21:19:50.725 INFO [http-nio-9999-exec-165] org.apache.catalina.core.ApplicationContext.log Manager: list: Listing contexts for virtual host 'localhost'
25-May-2023 21:19:50.730 INFO [http-nio-9999-exec-163] org.apache.catalina.core.ApplicationContext.log Manager: restart: Reloading web application '/F8_Group6'
25-May-2023 21:20:17.269 INFO [http-nio-9999-exec-171] org.apache.catalina.core.ApplicationContext.log Manager: list: Listing contexts for virtual host 'localhost'
25-May-2023 21:20:17.270 INFO [http-nio-9999-exec-170] org.apache.catalina.core.ApplicationContext.log Manager: list: Listing contexts for virtual host 'localhost'
25-May-2023 21:20:17.387 INFO [http-nio-9999-exec-172] org.apache.catalina.core.ApplicationContext.log Manager: stop: Stopping web application '/F8_Group6'
25-May-2023 21:20:17.400 INFO [http-nio-9999-exec-165] org.apache.catalina.core.ApplicationContext.log Manager: start: Starting web application '/F8_Group6'
25-May-2023 21:20:37.278 INFO [http-nio-9999-exec-165] org.apache.catalina.core.ApplicationContext.log Manager: list: Listing contexts for virtual host 'localhost'
25-May-2023 21:20:55.348 INFO [http-nio-9999-exec-182] org.apache.catalina.core.ApplicationContext.log Manager: list: Listing contexts for virtual host 'localhost'
25-May-2023 21:20:55.351 INFO [http-nio-9999-exec-177] org.apache.catalina.core.ApplicationContext.log Manager: list: Listing contexts for virtual host 'localhost'
25-May-2023 21:23:46.462 INFO [http-nio-9999-exec-176] org.apache.catalina.core.ApplicationContext.log Manager: list: Listing contexts for virtual host 'localhost'
25-May-2023 21:24:22.598 INFO [http-nio-9999-exec-176] org.apache.catalina.core.ApplicationContext.log Manager: list: Listing contexts for virtual host 'localhost'
25-May-2023 21:24:31.751 INFO [http-nio-9999-exec-184] org.apache.catalina.core.ApplicationContext.log Manager: list: Listing contexts for virtual host 'localhost'
25-May-2023 21:24:37.358 INFO [http-nio-9999-exec-175] org.apache.catalina.core.ApplicationContext.log Manager: list: Listing contexts for virtual host 'localhost'
25-May-2023 21:25:27.376 INFO [http-nio-9999-exec-175] org.apache.catalina.core.ApplicationContext.log Manager: list: Listing contexts for virtual host 'localhost'
25-May-2023 21:25:45.848 INFO [http-nio-9999-exec-181] org.apache.catalina.core.ApplicationContext.log Manager: list: Listing contexts for virtual host 'localhost'
25-May-2023 21:26:42.393 INFO [http-nio-9999-exec-181] org.apache.catalina.core.ApplicationContext.log Manager: list: Listing contexts for virtual host 'localhost'
25-May-2023 21:28:10.576 INFO [http-nio-9999-exec-180] org.apache.catalina.core.ApplicationContext.log Manager: list: Listing contexts for virtual host 'localhost'
25-May-2023 21:28:51.718 INFO [http-nio-9999-exec-183] org.apache.catalina.core.ApplicationContext.log Manager: list: Listing contexts for virtual host 'localhost'
25-May-2023 21:29:01.233 INFO [http-nio-9999-exec-182] org.apache.catalina.core.ApplicationContext.log Manager: list: Listing contexts for virtual host 'localhost'
25-May-2023 21:29:13.581 INFO [http-nio-9999-exec-175] org.apache.catalina.core.ApplicationContext.log Manager: list: Listing contexts for virtual host 'localhost'
25-May-2023 21:30:11.630 INFO [http-nio-9999-exec-181] org.apache.catalina.core.ApplicationContext.log Manager: list: Listing contexts for virtual host 'localhost'
25-May-2023 21:30:26.643 INFO [http-nio-9999-exec-179] org.apache.catalina.core.ApplicationContext.log Manager: list: Listing contexts for virtual host 'localhost'
25-May-2023 21:30:48.756 INFO [http-nio-9999-exec-179] org.apache.catalina.core.ApplicationContext.log Manager: list: Listing contexts for virtual host 'localhost'
25-May-2023 21:31:10.474 INFO [http-nio-9999-exec-179] org.apache.catalina.core.ApplicationContext.log Manager: list: Listing contexts for virtual host 'localhost'
25-May-2023 21:31:40.295 INFO [http-nio-9999-exec-176] org.apache.catalina.core.ApplicationContext.log Manager: list: Listing contexts for virtual host 'localhost'
25-May-2023 21:31:52.598 INFO [http-nio-9999-exec-176] org.apache.catalina.core.ApplicationContext.log Manager: list: Listing contexts for virtual host 'localhost'
25-May-2023 21:32:12.606 INFO [http-nio-9999-exec-179] org.apache.catalina.core.ApplicationContext.log Manager: list: Listing contexts for virtual host 'localhost'
25-May-2023 21:33:14.725 INFO [http-nio-9999-exec-184] org.apache.catalina.core.ApplicationContext.log Manager: list: Listing contexts for virtual host 'localhost'
25-May-2023 21:33:19.074 INFO [http-nio-9999-exec-179] org.apache.catalina.core.ApplicationContext.log Manager: list: Listing contexts for virtual host 'localhost'
25-May-2023 21:33:40.543 INFO [http-nio-9999-exec-178] org.apache.catalina.core.ApplicationContext.log Manager: list: Listing contexts for virtual host 'localhost'
25-May-2023 21:34:03.373 INFO [http-nio-9999-exec-178] org.apache.catalina.core.ApplicationContext.log Manager: list: Listing contexts for virtual host 'localhost'
25-May-2023 21:34:13.352 INFO [http-nio-9999-exec-178] org.apache.catalina.core.ApplicationContext.log Manager: list: Listing contexts for virtual host 'localhost'
25-May-2023 21:34:47.663 INFO [http-nio-9999-exec-175] org.apache.catalina.core.ApplicationContext.log Manager: list: Listing contexts for virtual host 'localhost'
25-May-2023 21:35:39.221 INFO [http-nio-9999-exec-175] org.apache.catalina.core.ApplicationContext.log Manager: list: Listing contexts for virtual host 'localhost'
25-May-2023 21:36:06.978 INFO [http-nio-9999-exec-178] org.apache.catalina.core.ApplicationContext.log Manager: list: Listing contexts for virtual host 'localhost'
25-May-2023 21:36:31.295 INFO [http-nio-9999-exec-178] org.apache.catalina.core.ApplicationContext.log Manager: list: Listing contexts for virtual host 'localhost'
25-May-2023 21:36:56.823 INFO [http-nio-9999-exec-178] org.apache.catalina.core.ApplicationContext.log Manager: list: Listing contexts for virtual host 'localhost'
25-May-2023 21:38:08.461 INFO [http-nio-9999-exec-176] org.apache.catalina.core.ApplicationContext.log Manager: list: Listing contexts for virtual host 'localhost'
25-May-2023 21:38:25.597 INFO [http-nio-9999-exec-179] org.apache.catalina.core.ApplicationContext.log Manager: list: Listing contexts for virtual host 'localhost'
25-May-2023 21:40:06.825 INFO [http-nio-9999-exec-182] org.apache.catalina.core.ApplicationContext.log Manager: list: Listing contexts for virtual host 'localhost'
25-May-2023 21:40:37.468 INFO [http-nio-9999-exec-181] org.apache.catalina.core.ApplicationContext.log Manager: list: Listing contexts for virtual host 'localhost'
25-May-2023 21:43:07.056 INFO [http-nio-9999-exec-181] org.apache.catalina.core.ApplicationContext.log Manager: list: Listing contexts for virtual host 'localhost'
25-May-2023 21:44:41.325 INFO [http-nio-9999-exec-182] org.apache.catalina.core.ApplicationContext.log Manager: list: Listing contexts for virtual host 'localhost'
25-May-2023 21:44:41.331 INFO [http-nio-9999-exec-184] org.apache.catalina.core.ApplicationContext.log Manager: restart: Reloading web application '/F8_Group6'
25-May-2023 21:45:23.332 INFO [http-nio-9999-exec-176] org.apache.catalina.core.ApplicationContext.log Manager: list: Listing contexts for virtual host 'localhost'
25-May-2023 21:45:23.338 INFO [http-nio-9999-exec-181] org.apache.catalina.core.ApplicationContext.log Manager: restart: Reloading web application '/F8_Group6'
25-May-2023 21:45:24.349 INFO [http-nio-9999-exec-179] org.apache.catalina.core.ApplicationContext.log Manager: list: Listing contexts for virtual host 'localhost'
25-May-2023 21:45:24.352 INFO [http-nio-9999-exec-183] org.apache.catalina.core.ApplicationContext.log Manager: restart: Reloading web application '/F8_Group6'
25-May-2023 21:45:38.545 INFO [http-nio-9999-exec-180] org.apache.catalina.core.ApplicationContext.log Manager: list: Listing contexts for virtual host 'localhost'
25-May-2023 21:45:38.550 INFO [http-nio-9999-exec-185] org.apache.catalina.core.ApplicationContext.log Manager: restart: Reloading web application '/F8_Group6'
25-May-2023 21:52:53.105 INFO [http-nio-9999-exec-191] org.apache.catalina.core.ApplicationContext.log Manager: list: Listing contexts for virtual host 'localhost'
25-May-2023 21:52:53.110 INFO [http-nio-9999-exec-192] org.apache.catalina.core.ApplicationContext.log Manager: restart: Reloading web application '/F8_Group6'
25-May-2023 21:52:54.093 INFO [http-nio-9999-exec-194] org.apache.catalina.core.ApplicationContext.log Manager: list: Listing contexts for virtual host 'localhost'
25-May-2023 21:52:54.097 INFO [http-nio-9999-exec-195] org.apache.catalina.core.ApplicationContext.log Manager: restart: Reloading web application '/F8_Group6'
25-May-2023 21:53:35.109 INFO [http-nio-9999-exec-190] org.apache.catalina.core.ApplicationContext.log Manager: list: Listing contexts for virtual host 'localhost'
25-May-2023 21:53:35.113 INFO [http-nio-9999-exec-185] org.apache.catalina.core.ApplicationContext.log Manager: restart: Reloading web application '/F8_Group6'
25-May-2023 21:53:36.092 INFO [http-nio-9999-exec-197] org.apache.catalina.core.ApplicationContext.log Manager: list: Listing contexts for virtual host 'localhost'
25-May-2023 21:53:36.096 INFO [http-nio-9999-exec-192] org.apache.catalina.core.ApplicationContext.log Manager: restart: Reloading web application '/F8_Group6'
25-May-2023 21:54:25.829 INFO [http-nio-9999-exec-190] org.apache.catalina.core.ApplicationContext.log Manager: list: Listing contexts for virtual host 'localhost'
25-May-2023 21:54:25.833 INFO [http-nio-9999-exec-188] org.apache.catalina.core.ApplicationContext.log Manager: restart: Reloading web application '/F8_Group6'
25-May-2023 21:54:26.832 INFO [http-nio-9999-exec-193] org.apache.catalina.core.ApplicationContext.log Manager: list: Listing contexts for virtual host 'localhost'
25-May-2023 21:54:26.836 INFO [http-nio-9999-exec-198] org.apache.catalina.core.ApplicationContext.log Manager: restart: Reloading web application '/F8_Group6'
25-May-2023 21:55:57.403 INFO [http-nio-9999-exec-204] org.apache.catalina.core.ApplicationContext.log Manager: list: Listing contexts for virtual host 'localhost'
25-May-2023 21:55:57.408 INFO [http-nio-9999-exec-205] org.apache.catalina.core.ApplicationContext.log Manager: restart: Reloading web application '/F8_Group6'
25-May-2023 21:57:16.979 INFO [http-nio-9999-exec-208] org.apache.catalina.core.ApplicationContext.log Manager: list: Listing contexts for virtual host 'localhost'
25-May-2023 21:57:16.984 INFO [http-nio-9999-exec-199] org.apache.catalina.core.ApplicationContext.log Manager: restart: Reloading web application '/F8_Group6'
25-May-2023 21:57:37.517 INFO [http-nio-9999-exec-204] org.apache.catalina.core.ApplicationContext.log Manager: list: Listing contexts for virtual host 'localhost'
25-May-2023 21:57:37.522 INFO [http-nio-9999-exec-212] org.apache.catalina.core.ApplicationContext.log Manager: restart: Reloading web application '/F8_Group6'
25-May-2023 22:02:25.336 INFO [http-nio-9999-exec-216] org.apache.catalina.core.ApplicationContext.log Manager: list: Listing contexts for virtual host 'localhost'
25-May-2023 22:02:25.341 INFO [http-nio-9999-exec-218] org.apache.catalina.core.ApplicationContext.log Manager: restart: Reloading web application '/F8_Group6'
25-May-2023 22:02:54.831 INFO [http-nio-9999-exec-216] org.apache.catalina.core.ApplicationContext.log Manager: list: Listing contexts for virtual host 'localhost'
25-May-2023 22:02:54.836 INFO [http-nio-9999-exec-212] org.apache.catalina.core.ApplicationContext.log Manager: restart: Reloading web application '/F8_Group6'
25-May-2023 22:03:18.676 INFO [http-nio-9999-exec-216] org.apache.catalina.core.ApplicationContext.log Manager: list: Listing contexts for virtual host 'localhost'
25-May-2023 22:03:18.681 INFO [http-nio-9999-exec-219] org.apache.catalina.core.ApplicationContext.log Manager: restart: Reloading web application '/F8_Group6'
25-May-2023 22:05:50.160 INFO [http-nio-9999-exec-214] org.apache.catalina.core.ApplicationContext.log Manager: list: Listing contexts for virtual host 'localhost'
25-May-2023 22:05:50.164 INFO [http-nio-9999-exec-216] org.apache.catalina.core.ApplicationContext.log Manager: restart: Reloading web application '/F8_Group6'
25-May-2023 22:07:16.793 INFO [http-nio-9999-exec-221] org.apache.catalina.core.ApplicationContext.log Manager: list: Listing contexts for virtual host 'localhost'
25-May-2023 22:07:16.798 INFO [http-nio-9999-exec-212] org.apache.catalina.core.ApplicationContext.log Manager: restart: Reloading web application '/F8_Group6'
25-May-2023 22:07:17.776 INFO [http-nio-9999-exec-224] org.apache.catalina.core.ApplicationContext.log Manager: list: Listing contexts for virtual host 'localhost'
25-May-2023 22:07:17.780 INFO [http-nio-9999-exec-225] org.apache.catalina.core.ApplicationContext.log Manager: restart: Reloading web application '/F8_Group6'
25-May-2023 22:07:21.352 INFO [http-nio-9999-exec-216] org.apache.catalina.core.ApplicationContext.log Manager: list: Listing contexts for virtual host 'localhost'
25-May-2023 22:07:21.357 INFO [http-nio-9999-exec-207] org.apache.catalina.core.ApplicationContext.log Manager: restart: Reloading web application '/F8_Group6'
25-May-2023 22:07:24.474 INFO [http-nio-9999-exec-224] org.apache.catalina.core.ApplicationContext.log Manager: list: Listing contexts for virtual host 'localhost'
25-May-2023 22:07:24.478 INFO [http-nio-9999-exec-216] org.apache.catalina.core.ApplicationContext.log Manager: restart: Reloading web application '/F8_Group6'
25-May-2023 22:08:11.915 INFO [http-nio-9999-exec-228] org.apache.catalina.core.ApplicationContext.log Manager: list: Listing contexts for virtual host 'localhost'
25-May-2023 22:08:11.919 INFO [http-nio-9999-exec-227] org.apache.catalina.core.ApplicationContext.log Manager: restart: Reloading web application '/F8_Group6'
25-May-2023 22:08:43.872 INFO [http-nio-9999-exec-228] org.apache.catalina.core.ApplicationContext.log Manager: list: Listing contexts for virtual host 'localhost'
25-May-2023 22:08:43.877 INFO [http-nio-9999-exec-207] org.apache.catalina.core.ApplicationContext.log Manager: restart: Reloading web application '/F8_Group6'
25-May-2023 22:09:05.194 INFO [http-nio-9999-exec-214] org.apache.catalina.core.ApplicationContext.log Manager: list: Listing contexts for virtual host 'localhost'
25-May-2023 22:09:05.199 INFO [http-nio-9999-exec-217] org.apache.catalina.core.ApplicationContext.log Manager: restart: Reloading web application '/F8_Group6'
25-May-2023 22:09:18.746 INFO [http-nio-9999-exec-228] org.apache.catalina.core.ApplicationContext.log Manager: list: Listing contexts for virtual host 'localhost'
25-May-2023 22:09:18.751 INFO [http-nio-9999-exec-230] org.apache.catalina.core.ApplicationContext.log Manager: restart: Reloading web application '/F8_Group6'
25-May-2023 22:09:27.631 INFO [http-nio-9999-exec-228] org.apache.catalina.core.ApplicationContext.log Manager: list: Listing contexts for virtual host 'localhost'
25-May-2023 22:10:18.962 INFO [http-nio-9999-exec-224] org.apache.catalina.core.ApplicationContext.log Manager: list: Listing contexts for virtual host 'localhost'
25-May-2023 22:10:18.967 INFO [http-nio-9999-exec-231] org.apache.catalina.core.ApplicationContext.log Manager: restart: Reloading web application '/F8_Group6'
25-May-2023 22:11:42.458 INFO [http-nio-9999-exec-230] org.apache.catalina.core.ApplicationContext.log Manager: list: Listing contexts for virtual host 'localhost'
25-May-2023 22:11:42.462 INFO [http-nio-9999-exec-214] org.apache.catalina.core.ApplicationContext.log Manager: restart: Reloading web application '/F8_Group6'
25-May-2023 22:16:10.611 INFO [http-nio-9999-exec-239] org.apache.catalina.core.ApplicationContext.log Manager: list: Listing contexts for virtual host 'localhost'
25-May-2023 22:16:10.616 INFO [http-nio-9999-exec-241] org.apache.catalina.core.ApplicationContext.log Manager: restart: Reloading web application '/F8_Group6'
25-May-2023 22:22:18.117 INFO [http-nio-9999-exec-243] org.apache.catalina.core.ApplicationContext.log Manager: list: Listing contexts for virtual host 'localhost'
25-May-2023 22:22:18.121 INFO [http-nio-9999-exec-242] org.apache.catalina.core.ApplicationContext.log Manager: restart: Reloading web application '/F8_Group6'
25-May-2023 22:25:41.785 INFO [http-nio-9999-exec-247] org.apache.catalina.core.ApplicationContext.log Manager: list: Listing contexts for virtual host 'localhost'
25-May-2023 22:25:41.789 INFO [http-nio-9999-exec-252] org.apache.catalina.core.ApplicationContext.log Manager: restart: Reloading web application '/F8_Group6'
25-May-2023 22:25:53.304 INFO [http-nio-9999-exec-249] org.apache.catalina.core.ApplicationContext.log Manager: list: Listing contexts for virtual host 'localhost'
25-May-2023 22:25:53.308 INFO [http-nio-9999-exec-247] org.apache.catalina.core.ApplicationContext.log Manager: restart: Reloading web application '/F8_Group6'
25-May-2023 22:26:32.199 INFO [http-nio-9999-exec-252] org.apache.catalina.core.ApplicationContext.log Manager: list: Listing contexts for virtual host 'localhost'
25-May-2023 22:26:32.204 INFO [http-nio-9999-exec-249] org.apache.catalina.core.ApplicationContext.log Manager: restart: Reloading web application '/F8_Group6'
25-May-2023 22:26:49.567 INFO [http-nio-9999-exec-254] org.apache.catalina.core.ApplicationContext.log Manager: list: Listing contexts for virtual host 'localhost'
25-May-2023 22:26:49.572 INFO [http-nio-9999-exec-252] org.apache.catalina.core.ApplicationContext.log Manager: restart: Reloading web application '/F8_Group6'
25-May-2023 22:26:55.547 INFO [http-nio-9999-exec-242] org.apache.catalina.core.ApplicationContext.log Manager: list: Listing contexts for virtual host 'localhost'
25-May-2023 22:26:55.551 INFO [http-nio-9999-exec-254] org.apache.catalina.core.ApplicationContext.log Manager: restart: Reloading web application '/F8_Group6'
25-May-2023 22:27:18.855 INFO [http-nio-9999-exec-242] org.apache.catalina.core.ApplicationContext.log Manager: list: Listing contexts for virtual host 'localhost'
25-May-2023 22:27:18.860 INFO [http-nio-9999-exec-245] org.apache.catalina.core.ApplicationContext.log Manager: restart: Reloading web application '/F8_Group6'
25-May-2023 22:37:35.677 INFO [http-nio-9999-exec-260] org.apache.catalina.core.ApplicationContext.log Manager: list: Listing contexts for virtual host 'localhost'
25-May-2023 22:37:35.682 INFO [http-nio-9999-exec-261] org.apache.catalina.core.ApplicationContext.log Manager: restart: Reloading web application '/F8_Group6'
25-May-2023 22:40:57.351 INFO [http-nio-9999-exec-270] org.apache.catalina.core.ApplicationContext.log Manager: list: Listing contexts for virtual host 'localhost'
25-May-2023 22:40:57.357 INFO [http-nio-9999-exec-272] org.apache.catalina.core.ApplicationContext.log Manager: restart: Reloading web application '/F8_Group6'
25-May-2023 22:41:23.093 INFO [http-nio-9999-exec-270] org.apache.catalina.core.ApplicationContext.log Manager: list: Listing contexts for virtual host 'localhost'
25-May-2023 22:41:23.097 INFO [http-nio-9999-exec-271] org.apache.catalina.core.ApplicationContext.log Manager: restart: Reloading web application '/F8_Group6'
25-May-2023 22:47:44.928 INFO [http-nio-9999-exec-277] org.apache.catalina.core.ApplicationContext.log Manager: list: Listing contexts for virtual host 'localhost'
25-May-2023 22:47:44.933 INFO [http-nio-9999-exec-276] org.apache.catalina.core.ApplicationContext.log Manager: restart: Reloading web application '/F8_Group6'
25-May-2023 22:48:02.060 INFO [http-nio-9999-exec-275] org.apache.catalina.core.ApplicationContext.log Manager: list: Listing contexts for virtual host 'localhost'
25-May-2023 22:48:02.065 INFO [http-nio-9999-exec-279] org.apache.catalina.core.ApplicationContext.log Manager: restart: Reloading web application '/F8_Group6'
25-May-2023 22:49:08.994 INFO [http-nio-9999-exec-274] org.apache.catalina.core.ApplicationContext.log Manager: list: Listing contexts for virtual host 'localhost'
25-May-2023 22:49:08.999 INFO [http-nio-9999-exec-281] org.apache.catalina.core.ApplicationContext.log Manager: restart: Reloading web application '/F8_Group6'
25-May-2023 22:49:15.754 INFO [http-nio-9999-exec-279] org.apache.catalina.core.ApplicationContext.log Manager: list: Listing contexts for virtual host 'localhost'
25-May-2023 22:49:15.759 INFO [http-nio-9999-exec-275] org.apache.catalina.core.ApplicationContext.log Manager: restart: Reloading web application '/F8_Group6'
25-May-2023 22:49:33.207 INFO [http-nio-9999-exec-283] org.apache.catalina.core.ApplicationContext.log Manager: list: Listing contexts for virtual host 'localhost'
25-May-2023 22:49:33.212 INFO [http-nio-9999-exec-272] org.apache.catalina.core.ApplicationContext.log Manager: restart: Reloading web application '/F8_Group6'
25-May-2023 22:50:29.046 INFO [http-nio-9999-exec-281] org.apache.catalina.core.ApplicationContext.log Manager: list: Listing contexts for virtual host 'localhost'
25-May-2023 22:50:29.049 INFO [http-nio-9999-exec-274] org.apache.catalina.core.ApplicationContext.log Manager: restart: Reloading web application '/F8_Group6'
25-May-2023 22:51:31.929 INFO [http-nio-9999-exec-281] org.apache.catalina.core.ApplicationContext.log Manager: list: Listing contexts for virtual host 'localhost'
25-May-2023 22:51:31.935 INFO [http-nio-9999-exec-284] org.apache.catalina.core.ApplicationContext.log Manager: restart: Reloading web application '/F8_Group6'
25-May-2023 22:52:44.764 INFO [http-nio-9999-exec-274] org.apache.catalina.core.ApplicationContext.log Manager: list: Listing contexts for virtual host 'localhost'
25-May-2023 22:52:44.769 INFO [http-nio-9999-exec-285] org.apache.catalina.core.ApplicationContext.log Manager: restart: Reloading web application '/F8_Group6'
25-May-2023 22:53:49.799 INFO [http-nio-9999-exec-284] org.apache.catalina.core.ApplicationContext.log Manager: list: Listing contexts for virtual host 'localhost'
25-May-2023 22:55:35.765 INFO [http-nio-9999-exec-284] org.apache.catalina.core.ApplicationContext.log Manager: list: Listing contexts for virtual host 'localhost'
25-May-2023 22:57:50.786 INFO [http-nio-9999-exec-292] org.apache.catalina.core.ApplicationContext.log Manager: list: Listing contexts for virtual host 'localhost'
25-May-2023 23:00:00.641 INFO [http-nio-9999-exec-295] org.apache.catalina.core.ApplicationContext.log Manager: list: Listing contexts for virtual host 'localhost'
25-May-2023 23:00:18.795 INFO [http-nio-9999-exec-298] org.apache.catalina.core.ApplicationContext.log Manager: list: Listing contexts for virtual host 'localhost'
25-May-2023 23:11:26.746 INFO [http-nio-9999-exec-299] org.apache.catalina.core.ApplicationContext.log Manager: list: Listing contexts for virtual host 'localhost'
25-May-2023 23:11:26.765 INFO [http-nio-9999-exec-300] org.apache.catalina.core.ApplicationContext.log Manager: list: Listing contexts for virtual host 'localhost'
25-May-2023 23:11:26.771 INFO [http-nio-9999-exec-298] org.apache.catalina.core.ApplicationContext.log Manager: install: Installing context configuration at 'file:/C:/Users/ADMIN/AppData/Local/Temp/context357014020095769940.xml'
25-May-2023 23:11:27.227 INFO [http-nio-9999-exec-297] org.apache.catalina.core.ApplicationContext.log Manager: start: Starting web application '/Project_SE1625'
25-May-2023 23:11:40.701 INFO [http-nio-9999-exec-291] org.apache.catalina.core.ApplicationContext.log Manager: list: Listing contexts for virtual host 'localhost'
25-May-2023 23:11:40.703 INFO [http-nio-9999-exec-295] org.apache.catalina.core.ApplicationContext.log Manager: list: Listing contexts for virtual host 'localhost'
25-May-2023 23:13:41.851 INFO [http-nio-9999-exec-300] org.apache.catalina.core.ApplicationContext.log Manager: list: Listing contexts for virtual host 'localhost'
25-May-2023 23:13:41.859 INFO [http-nio-9999-exec-297] org.apache.catalina.core.ApplicationContext.log Manager: restart: Reloading web application '/Project_SE1625'
25-May-2023 23:13:51.397 INFO [http-nio-9999-exec-298] org.apache.catalina.core.ApplicationContext.log Manager: list: Listing contexts for virtual host 'localhost'
25-May-2023 23:13:51.408 INFO [http-nio-9999-exec-294] org.apache.catalina.core.ApplicationContext.log Manager: restart: Reloading web application '/Project_SE1625'
25-May-2023 23:13:56.366 INFO [http-nio-9999-exec-301] org.apache.catalina.core.ApplicationContext.log Manager: list: Listing contexts for virtual host 'localhost'
25-May-2023 23:13:56.368 INFO [http-nio-9999-exec-293] org.apache.catalina.core.ApplicationContext.log Manager: list: Listing contexts for virtual host 'localhost'
25-May-2023 23:13:56.439 INFO [http-nio-9999-exec-296] org.apache.catalina.core.ApplicationContext.log Manager: restart: Reloading web application '/Project_SE1625'
25-May-2023 23:14:35.782 INFO [http-nio-9999-exec-296] org.apache.catalina.core.ApplicationContext.log Manager: list: Listing contexts for virtual host 'localhost'
25-May-2023 23:14:45.238 INFO [http-nio-9999-exec-307] org.apache.catalina.core.ApplicationContext.log Manager: list: Listing contexts for virtual host 'localhost'
25-May-2023 23:14:45.248 INFO [http-nio-9999-exec-309] org.apache.catalina.core.ApplicationContext.log Manager: restart: Reloading web application '/Project_SE1625'
25-May-2023 23:16:44.600 INFO [http-nio-9999-exec-313] org.apache.catalina.core.ApplicationContext.log Manager: list: Listing contexts for virtual host 'localhost'
25-May-2023 23:16:44.601 INFO [http-nio-9999-exec-314] org.apache.catalina.core.ApplicationContext.log Manager: list: Listing contexts for virtual host 'localhost'
25-May-2023 23:16:44.633 INFO [http-nio-9999-exec-307] org.apache.catalina.core.ApplicationContext.log Manager: undeploy: Undeploying web application at '/Project_SE1625'
25-May-2023 23:16:45.154 INFO [http-nio-9999-exec-315] org.apache.catalina.core.ApplicationContext.log Manager: install: Installing context configuration at 'file:/C:/Users/ADMIN/AppData/Local/Temp/context7208820586980813959.xml'
25-May-2023 23:16:45.575 INFO [http-nio-9999-exec-310] org.apache.catalina.core.ApplicationContext.log Manager: start: Starting web application '/Project_SE1625'
25-May-2023 23:26:12.278 INFO [http-nio-9999-exec-318] org.apache.catalina.core.ApplicationContext.log Manager: list: Listing contexts for virtual host 'localhost'
25-May-2023 23:26:12.286 INFO [http-nio-9999-exec-317] org.apache.catalina.core.ApplicationContext.log Manager: stop: Stopping web application '/F8_Group6'
25-May-2023 23:26:12.291 INFO [http-nio-9999-exec-321] org.apache.catalina.core.ApplicationContext.log Manager: start: Starting web application '/F8_Group6'
25-May-2023 23:26:13.361 INFO [http-nio-9999-exec-324] org.apache.catalina.core.ApplicationContext.log Manager: list: Listing contexts for virtual host 'localhost'
25-May-2023 23:26:13.369 INFO [http-nio-9999-exec-318] org.apache.catalina.core.ApplicationContext.log Manager: restart: Reloading web application '/F8_Group6'
25-May-2023 23:27:00.572 INFO [http-nio-9999-exec-325] org.apache.catalina.core.ApplicationContext.log Manager: list: Listing contexts for virtual host 'localhost'
25-May-2023 23:27:00.578 INFO [http-nio-9999-exec-320] org.apache.catalina.core.ApplicationContext.log Manager: restart: Reloading web application '/F8_Group6'
25-May-2023 23:27:01.596 INFO [http-nio-9999-exec-324] org.apache.catalina.core.ApplicationContext.log Manager: list: Listing contexts for virtual host 'localhost'
25-May-2023 23:27:01.600 INFO [http-nio-9999-exec-325] org.apache.catalina.core.ApplicationContext.log Manager: restart: Reloading web application '/F8_Group6'
25-May-2023 23:27:10.686 INFO [http-nio-9999-exec-324] org.apache.catalina.core.ApplicationContext.log Manager: list: Listing contexts for virtual host 'localhost'
25-May-2023 23:27:10.691 INFO [http-nio-9999-exec-316] org.apache.catalina.core.ApplicationContext.log Manager: restart: Reloading web application '/F8_Group6'
25-May-2023 23:27:52.499 INFO [http-nio-9999-exec-329] org.apache.catalina.core.ApplicationContext.log Manager: list: Listing contexts for virtual host 'localhost'
25-May-2023 23:27:52.505 INFO [http-nio-9999-exec-322] org.apache.catalina.core.ApplicationContext.log Manager: restart: Reloading web application '/F8_Group6'
25-May-2023 23:27:53.507 INFO [http-nio-9999-exec-325] org.apache.catalina.core.ApplicationContext.log Manager: list: Listing contexts for virtual host 'localhost'
25-May-2023 23:27:53.513 INFO [http-nio-9999-exec-320] org.apache.catalina.core.ApplicationContext.log Manager: restart: Reloading web application '/F8_Group6'
25-May-2023 23:28:00.363 INFO [http-nio-9999-exec-329] org.apache.catalina.core.ApplicationContext.log Manager: list: Listing contexts for virtual host 'localhost'
25-May-2023 23:28:00.367 INFO [http-nio-9999-exec-316] org.apache.catalina.core.ApplicationContext.log Manager: restart: Reloading web application '/F8_Group6'
25-May-2023 23:28:02.367 INFO [http-nio-9999-exec-318] org.apache.catalina.core.ApplicationContext.log Manager: list: Listing contexts for virtual host 'localhost'
25-May-2023 23:28:02.372 INFO [http-nio-9999-exec-320] org.apache.catalina.core.ApplicationContext.log Manager: restart: Reloading web application '/F8_Group6'
25-May-2023 23:28:11.654 INFO [http-nio-9999-exec-334] org.apache.catalina.core.ApplicationContext.log Manager: list: Listing contexts for virtual host 'localhost'
25-May-2023 23:28:11.659 INFO [http-nio-9999-exec-316] org.apache.catalina.core.ApplicationContext.log Manager: restart: Reloading web application '/F8_Group6'
25-May-2023 23:28:59.603 INFO [http-nio-9999-exec-318] org.apache.catalina.core.ApplicationContext.log Manager: list: Listing contexts for virtual host 'localhost'
25-May-2023 23:28:59.608 INFO [http-nio-9999-exec-320] org.apache.catalina.core.ApplicationContext.log Manager: restart: Reloading web application '/F8_Group6'
25-May-2023 23:29:54.670 INFO [http-nio-9999-exec-316] org.apache.catalina.core.ApplicationContext.log Manager: list: Listing contexts for virtual host 'localhost'
25-May-2023 23:29:54.674 INFO [http-nio-9999-exec-321] org.apache.catalina.core.ApplicationContext.log Manager: restart: Reloading web application '/F8_Group6'
25-May-2023 23:32:57.960 INFO [http-nio-9999-exec-324] org.apache.catalina.core.ApplicationContext.log Manager: list: Listing contexts for virtual host 'localhost'
25-May-2023 23:32:57.965 INFO [http-nio-9999-exec-341] org.apache.catalina.core.ApplicationContext.log Manager: restart: Reloading web application '/F8_Group6'
25-May-2023 23:33:16.552 INFO [http-nio-9999-exec-338] org.apache.catalina.core.ApplicationContext.log Manager: list: Listing contexts for virtual host 'localhost'
25-May-2023 23:33:16.557 INFO [http-nio-9999-exec-320] org.apache.catalina.core.ApplicationContext.log Manager: restart: Reloading web application '/F8_Group6'
25-May-2023 23:34:36.322 INFO [http-nio-9999-exec-321] org.apache.catalina.core.ApplicationContext.log Manager: list: Listing contexts for virtual host 'localhost'
25-May-2023 23:34:36.324 INFO [http-nio-9999-exec-332] org.apache.catalina.core.ApplicationContext.log Manager: list: Listing contexts for virtual host 'localhost'
25-May-2023 23:34:36.362 INFO [http-nio-9999-exec-336] org.apache.catalina.core.ApplicationContext.log Manager: undeploy: Undeploying web application at '/F8_Group6_td'
25-May-2023 23:34:36.883 INFO [http-nio-9999-exec-320] org.apache.catalina.core.ApplicationContext.log Manager: install: Installing context configuration at 'file:/C:/Users/ADMIN/AppData/Local/Temp/context1601546205062874810.xml'
25-May-2023 23:34:37.618 INFO [http-nio-9999-exec-332] org.apache.catalina.core.ApplicationContext.log Manager: start: Starting web application '/F8_Group6_td'
25-May-2023 23:35:11.986 INFO [http-nio-9999-exec-341] org.apache.catalina.core.ApplicationContext.log Manager: list: Listing contexts for virtual host 'localhost'
25-May-2023 23:35:11.991 INFO [http-nio-9999-exec-344] org.apache.catalina.core.ApplicationContext.log Manager: restart: Reloading web application '/F8_Group6'
25-May-2023 23:36:51.409 INFO [http-nio-9999-exec-352] org.apache.catalina.core.ApplicationContext.log Manager: list: Listing contexts for virtual host 'localhost'
25-May-2023 23:36:51.412 INFO [http-nio-9999-exec-354] org.apache.catalina.core.ApplicationContext.log Manager: restart: Reloading web application '/F8_Group6'
