15-Mar-2023 00:50:00.796 INFO [http-nio-9999-exec-71] org.apache.catalina.core.ApplicationContext.log Manager: list: Listing contexts for virtual host 'localhost'
15-Mar-2023 00:50:00.821 INFO [http-nio-9999-exec-69] org.apache.catalina.core.ApplicationContext.log Manager: list: Listing contexts for virtual host 'localhost'
15-Mar-2023 00:50:00.825 INFO [http-nio-9999-exec-70] org.apache.catalina.core.ApplicationContext.log Manager: install: Installing context configuration at 'file:/C:/Users/ADMIN/AppData/Local/Temp/context1316092768552652553.xml'
15-Mar-2023 00:50:01.279 INFO [http-nio-9999-exec-74] org.apache.catalina.core.ApplicationContext.log Manager: start: Starting web application '/Q3_FA22_HE163935'
15-Mar-2023 00:51:28.705 INFO [http-nio-9999-exec-66] org.apache.catalina.core.ApplicationContext.log Manager: list: Listing contexts for virtual host 'localhost'
15-Mar-2023 00:52:08.612 INFO [http-nio-9999-exec-70] org.apache.catalina.core.ApplicationContext.log Manager: list: Listing contexts for virtual host 'localhost'
15-Mar-2023 00:52:08.619 INFO [http-nio-9999-exec-72] org.apache.catalina.core.ApplicationContext.log Manager: restart: Reloading web application '/Q3_FA22_HE163935'
15-Mar-2023 00:52:37.883 INFO [http-nio-9999-exec-68] org.apache.catalina.core.ApplicationContext.log Manager: list: Listing contexts for virtual host 'localhost'
15-Mar-2023 00:52:37.886 INFO [http-nio-9999-exec-77] org.apache.catalina.core.ApplicationContext.log Manager: list: Listing contexts for virtual host 'localhost'
15-Mar-2023 00:52:37.910 INFO [http-nio-9999-exec-78] org.apache.catalina.core.ApplicationContext.log Manager: restart: Reloading web application '/Q3_FA22_HE163935'
15-Mar-2023 00:53:10.168 INFO [http-nio-9999-exec-68] org.apache.catalina.core.ApplicationContext.log Manager: list: Listing contexts for virtual host 'localhost'
15-Mar-2023 00:53:10.172 INFO [http-nio-9999-exec-82] org.apache.catalina.core.ApplicationContext.log Manager: restart: Reloading web application '/Q3_FA22_HE163935'
15-Mar-2023 00:56:48.561 INFO [http-nio-9999-exec-91] org.apache.catalina.core.ApplicationContext.log Manager: list: Listing contexts for virtual host 'localhost'
15-Mar-2023 00:56:48.565 INFO [http-nio-9999-exec-90] org.apache.catalina.core.ApplicationContext.log Manager: restart: Reloading web application '/Q3_FA22_HE163935'
15-Mar-2023 00:58:20.816 INFO [http-nio-9999-exec-102] org.apache.catalina.core.ApplicationContext.log Manager: list: Listing contexts for virtual host 'localhost'
15-Mar-2023 00:58:20.818 INFO [http-nio-9999-exec-104] org.apache.catalina.core.ApplicationContext.log Manager: list: Listing contexts for virtual host 'localhost'
15-Mar-2023 00:58:20.845 INFO [http-nio-9999-exec-106] org.apache.catalina.core.ApplicationContext.log Manager: restart: Reloading web application '/Q3_FA22_HE163935'
15-Mar-2023 01:01:27.869 INFO [http-nio-9999-exec-115] org.apache.catalina.core.ApplicationContext.log Manager: list: Listing contexts for virtual host 'localhost'
15-Mar-2023 01:01:27.873 INFO [http-nio-9999-exec-114] org.apache.catalina.core.ApplicationContext.log Manager: restart: Reloading web application '/Q3_FA22_HE163935'
15-Mar-2023 01:01:28.560 INFO [http-nio-9999-exec-115] org.apache.catalina.core.ApplicationContext.log Manager: list: Listing contexts for virtual host 'localhost'
15-Mar-2023 01:01:28.564 INFO [http-nio-9999-exec-110] org.apache.catalina.core.ApplicationContext.log Manager: restart: Reloading web application '/Q3_FA22_HE163935'
15-Mar-2023 01:04:53.125 INFO [http-nio-9999-exec-120] org.apache.catalina.core.ApplicationContext.log Manager: list: Listing contexts for virtual host 'localhost'
15-Mar-2023 01:04:53.130 INFO [http-nio-9999-exec-121] org.apache.catalina.core.ApplicationContext.log Manager: restart: Reloading web application '/Q3_FA22_HE163935'
15-Mar-2023 01:04:57.880 INFO [http-nio-9999-exec-126] org.apache.catalina.core.ApplicationContext.log Manager: list: Listing contexts for virtual host 'localhost'
15-Mar-2023 01:04:57.883 INFO [http-nio-9999-exec-119] org.apache.catalina.core.ApplicationContext.log Manager: list: Listing contexts for virtual host 'localhost'
15-Mar-2023 01:04:57.906 INFO [http-nio-9999-exec-110] org.apache.catalina.core.ApplicationContext.log Manager: restart: Reloading web application '/Q3_FA22_HE163935'
15-Mar-2023 01:05:41.604 INFO [http-nio-9999-exec-128] org.apache.catalina.core.ApplicationContext.log Manager: list: Listing contexts for virtual host 'localhost'
15-Mar-2023 01:05:41.608 INFO [http-nio-9999-exec-130] org.apache.catalina.core.ApplicationContext.log Manager: restart: Reloading web application '/Q3_FA22_HE163935'
15-Mar-2023 01:05:56.129 INFO [http-nio-9999-exec-133] org.apache.catalina.core.ApplicationContext.log Manager: list: Listing contexts for virtual host 'localhost'
15-Mar-2023 01:05:56.133 INFO [http-nio-9999-exec-132] org.apache.catalina.core.ApplicationContext.log Manager: restart: Reloading web application '/Q3_FA22_HE163935'
15-Mar-2023 01:07:07.015 INFO [http-nio-9999-exec-141] org.apache.catalina.core.ApplicationContext.log Manager: list: Listing contexts for virtual host 'localhost'
15-Mar-2023 01:07:07.020 INFO [http-nio-9999-exec-140] org.apache.catalina.core.ApplicationContext.log Manager: restart: Reloading web application '/Q3_FA22_HE163935'
15-Mar-2023 01:07:17.523 INFO [http-nio-9999-exec-139] org.apache.catalina.core.ApplicationContext.log Manager: list: Listing contexts for virtual host 'localhost'
15-Mar-2023 01:07:17.528 INFO [http-nio-9999-exec-143] org.apache.catalina.core.ApplicationContext.log Manager: restart: Reloading web application '/Q3_FA22_HE163935'
15-Mar-2023 01:07:20.059 INFO [http-nio-9999-exec-144] org.apache.catalina.core.ApplicationContext.log Manager: list: Listing contexts for virtual host 'localhost'
15-Mar-2023 01:07:20.063 INFO [http-nio-9999-exec-140] org.apache.catalina.core.ApplicationContext.log Manager: restart: Reloading web application '/Q3_FA22_HE163935'
15-Mar-2023 01:10:36.923 INFO [http-nio-9999-exec-151] org.apache.catalina.core.ApplicationContext.log Manager: list: Listing contexts for virtual host 'localhost'
15-Mar-2023 01:10:36.928 INFO [http-nio-9999-exec-152] org.apache.catalina.core.ApplicationContext.log Manager: restart: Reloading web application '/Q3_FA22_HE163935'
15-Mar-2023 01:11:43.800 INFO [http-nio-9999-exec-155] org.apache.catalina.core.ApplicationContext.log Manager: list: Listing contexts for virtual host 'localhost'
15-Mar-2023 01:11:43.806 INFO [http-nio-9999-exec-157] org.apache.catalina.core.ApplicationContext.log Manager: stop: Stopping web application '/Q3_FA22_HE163935'
15-Mar-2023 01:11:43.832 INFO [http-nio-9999-exec-160] org.apache.catalina.core.ApplicationContext.log Manager: start: Starting web application '/Q3_FA22_HE163935'
15-Mar-2023 01:11:44.519 INFO [http-nio-9999-exec-150] org.apache.catalina.core.ApplicationContext.log Manager: list: Listing contexts for virtual host 'localhost'
15-Mar-2023 01:11:44.523 INFO [http-nio-9999-exec-154] org.apache.catalina.core.ApplicationContext.log Manager: restart: Reloading web application '/Q3_FA22_HE163935'
15-Mar-2023 01:14:56.507 INFO [http-nio-9999-exec-158] org.apache.catalina.core.ApplicationContext.log Manager: list: Listing contexts for virtual host 'localhost'
15-Mar-2023 01:14:56.511 INFO [http-nio-9999-exec-166] org.apache.catalina.core.ApplicationContext.log Manager: restart: Reloading web application '/Q3_FA22_HE163935'
15-Mar-2023 01:15:45.443 INFO [http-nio-9999-exec-159] org.apache.catalina.core.ApplicationContext.log Manager: list: Listing contexts for virtual host 'localhost'
15-Mar-2023 01:15:45.447 INFO [http-nio-9999-exec-158] org.apache.catalina.core.ApplicationContext.log Manager: restart: Reloading web application '/Q3_FA22_HE163935'
15-Mar-2023 01:32:58.040 INFO [http-nio-9999-exec-171] org.apache.catalina.core.ApplicationContext.log Manager: list: Listing contexts for virtual host 'localhost'
15-Mar-2023 01:32:58.044 INFO [http-nio-9999-exec-168] org.apache.catalina.core.ApplicationContext.log Manager: restart: Reloading web application '/Q3_FA22_HE163935'
15-Mar-2023 01:32:58.720 INFO [http-nio-9999-exec-177] org.apache.catalina.core.ApplicationContext.log Manager: list: Listing contexts for virtual host 'localhost'
15-Mar-2023 01:32:58.725 INFO [http-nio-9999-exec-170] org.apache.catalina.core.ApplicationContext.log Manager: restart: Reloading web application '/Q3_FA22_HE163935'
15-Mar-2023 01:34:43.703 INFO [http-nio-9999-exec-174] org.apache.catalina.core.ApplicationContext.log Manager: list: Listing contexts for virtual host 'localhost'
15-Mar-2023 01:34:43.707 INFO [http-nio-9999-exec-178] org.apache.catalina.core.ApplicationContext.log Manager: restart: Reloading web application '/Q3_FA22_HE163935'
15-Mar-2023 01:36:35.983 INFO [http-nio-9999-exec-179] org.apache.catalina.core.ApplicationContext.log Manager: list: Listing contexts for virtual host 'localhost'
15-Mar-2023 01:36:35.988 INFO [http-nio-9999-exec-174] org.apache.catalina.core.ApplicationContext.log Manager: restart: Reloading web application '/Q3_FA22_HE163935'
15-Mar-2023 01:36:36.657 INFO [http-nio-9999-exec-180] org.apache.catalina.core.ApplicationContext.log Manager: list: Listing contexts for virtual host 'localhost'
15-Mar-2023 01:36:36.662 INFO [http-nio-9999-exec-177] org.apache.catalina.core.ApplicationContext.log Manager: restart: Reloading web application '/Q3_FA22_HE163935'
15-Mar-2023 01:37:24.083 INFO [http-nio-9999-exec-178] org.apache.catalina.core.ApplicationContext.log Manager: list: Listing contexts for virtual host 'localhost'
15-Mar-2023 01:37:24.087 INFO [http-nio-9999-exec-174] org.apache.catalina.core.ApplicationContext.log Manager: restart: Reloading web application '/Q3_FA22_HE163935'
15-Mar-2023 01:39:07.009 INFO [http-nio-9999-exec-183] org.apache.catalina.core.ApplicationContext.log Manager: list: Listing contexts for virtual host 'localhost'
15-Mar-2023 01:39:07.014 INFO [http-nio-9999-exec-175] org.apache.catalina.core.ApplicationContext.log Manager: restart: Reloading web application '/Q3_FA22_HE163935'
15-Mar-2023 01:39:22.661 INFO [http-nio-9999-exec-183] org.apache.catalina.core.ApplicationContext.log Manager: list: Listing contexts for virtual host 'localhost'
15-Mar-2023 01:39:22.976 INFO [http-nio-9999-exec-175] org.apache.catalina.core.ApplicationContext.log Manager: list: Listing contexts for virtual host 'localhost'
15-Mar-2023 01:41:15.864 INFO [http-nio-9999-exec-178] org.apache.catalina.core.ApplicationContext.log Manager: list: Listing contexts for virtual host 'localhost'
15-Mar-2023 01:42:24.020 INFO [http-nio-9999-exec-189] org.apache.catalina.core.ApplicationContext.log Manager: list: Listing contexts for virtual host 'localhost'
15-Mar-2023 01:43:54.605 INFO [http-nio-9999-exec-187] org.apache.catalina.core.ApplicationContext.log Manager: list: Listing contexts for virtual host 'localhost'
15-Mar-2023 01:44:13.394 INFO [http-nio-9999-exec-193] org.apache.catalina.core.ApplicationContext.log Manager: list: Listing contexts for virtual host 'localhost'
15-Mar-2023 01:44:18.609 INFO [http-nio-9999-exec-193] org.apache.catalina.core.ApplicationContext.log Manager: list: Listing contexts for virtual host 'localhost'
15-Mar-2023 01:44:32.096 INFO [http-nio-9999-exec-195] org.apache.catalina.core.ApplicationContext.log Manager: list: Listing contexts for virtual host 'localhost'
15-Mar-2023 01:55:17.254 INFO [http-nio-9999-exec-188] org.apache.catalina.core.ApplicationContext.log Manager: list: Listing contexts for virtual host 'localhost'
15-Mar-2023 01:55:17.259 INFO [http-nio-9999-exec-195] org.apache.catalina.core.ApplicationContext.log Manager: restart: Reloading web application '/Q3_FA22_HE163935'
15-Mar-2023 01:55:17.925 INFO [http-nio-9999-exec-189] org.apache.catalina.core.ApplicationContext.log Manager: list: Listing contexts for virtual host 'localhost'
15-Mar-2023 01:55:17.930 INFO [http-nio-9999-exec-193] org.apache.catalina.core.ApplicationContext.log Manager: restart: Reloading web application '/Q3_FA22_HE163935'
15-Mar-2023 01:55:31.625 INFO [http-nio-9999-exec-190] org.apache.catalina.core.ApplicationContext.log Manager: list: Listing contexts for virtual host 'localhost'
15-Mar-2023 01:55:31.630 INFO [http-nio-9999-exec-187] org.apache.catalina.core.ApplicationContext.log Manager: restart: Reloading web application '/Q3_FA22_HE163935'
15-Mar-2023 01:55:32.318 INFO [http-nio-9999-exec-193] org.apache.catalina.core.ApplicationContext.log Manager: list: Listing contexts for virtual host 'localhost'
15-Mar-2023 01:55:32.323 INFO [http-nio-9999-exec-191] org.apache.catalina.core.ApplicationContext.log Manager: restart: Reloading web application '/Q3_FA22_HE163935'
15-Mar-2023 01:56:38.598 INFO [http-nio-9999-exec-187] org.apache.catalina.core.ApplicationContext.log Manager: list: Listing contexts for virtual host 'localhost'
15-Mar-2023 01:56:38.602 INFO [http-nio-9999-exec-197] org.apache.catalina.core.ApplicationContext.log Manager: restart: Reloading web application '/Q3_FA22_HE163935'
15-Mar-2023 01:57:56.924 INFO [http-nio-9999-exec-199] org.apache.catalina.core.ApplicationContext.log Manager: list: Listing contexts for virtual host 'localhost'
15-Mar-2023 01:57:56.928 INFO [http-nio-9999-exec-200] org.apache.catalina.core.ApplicationContext.log Manager: restart: Reloading web application '/Q3_FA22_HE163935'
15-Mar-2023 01:59:07.673 INFO [http-nio-9999-exec-203] org.apache.catalina.core.ApplicationContext.log Manager: list: Listing contexts for virtual host 'localhost'
15-Mar-2023 01:59:07.677 INFO [http-nio-9999-exec-187] org.apache.catalina.core.ApplicationContext.log Manager: restart: Reloading web application '/Q3_FA22_HE163935'
15-Mar-2023 01:59:59.830 INFO [http-nio-9999-exec-197] org.apache.catalina.core.ApplicationContext.log Manager: list: Listing contexts for virtual host 'localhost'
15-Mar-2023 01:59:59.834 INFO [http-nio-9999-exec-200] org.apache.catalina.core.ApplicationContext.log Manager: restart: Reloading web application '/Q3_FA22_HE163935'
15-Mar-2023 02:02:43.231 INFO [http-nio-9999-exec-205] org.apache.catalina.core.ApplicationContext.log Manager: list: Listing contexts for virtual host 'localhost'
15-Mar-2023 02:02:43.236 INFO [http-nio-9999-exec-197] org.apache.catalina.core.ApplicationContext.log Manager: restart: Reloading web application '/Q3_FA22_HE163935'
15-Mar-2023 02:04:04.897 INFO [http-nio-9999-exec-205] org.apache.catalina.core.ApplicationContext.log Manager: list: Listing contexts for virtual host 'localhost'
15-Mar-2023 02:04:04.902 INFO [http-nio-9999-exec-209] org.apache.catalina.core.ApplicationContext.log Manager: restart: Reloading web application '/Q3_FA22_HE163935'
15-Mar-2023 02:04:11.357 INFO [http-nio-9999-exec-205] org.apache.catalina.core.ApplicationContext.log Manager: list: Listing contexts for virtual host 'localhost'
15-Mar-2023 02:04:11.361 INFO [http-nio-9999-exec-211] org.apache.catalina.core.ApplicationContext.log Manager: restart: Reloading web application '/Q3_FA22_HE163935'
15-Mar-2023 02:04:24.456 INFO [http-nio-9999-exec-212] org.apache.catalina.core.ApplicationContext.log Manager: list: Listing contexts for virtual host 'localhost'
15-Mar-2023 02:04:24.460 INFO [http-nio-9999-exec-207] org.apache.catalina.core.ApplicationContext.log Manager: restart: Reloading web application '/Q3_FA22_HE163935'
15-Mar-2023 02:06:42.451 INFO [http-nio-9999-exec-205] org.apache.catalina.core.ApplicationContext.log Manager: list: Listing contexts for virtual host 'localhost'
15-Mar-2023 02:07:50.515 INFO [http-nio-9999-exec-214] org.apache.catalina.core.ApplicationContext.log Manager: list: Listing contexts for virtual host 'localhost'
15-Mar-2023 02:08:43.132 INFO [http-nio-9999-exec-217] org.apache.catalina.core.ApplicationContext.log Manager: list: Listing contexts for virtual host 'localhost'
15-Mar-2023 02:08:52.012 INFO [http-nio-9999-exec-222] org.apache.catalina.core.ApplicationContext.log Manager: list: Listing contexts for virtual host 'localhost'
15-Mar-2023 02:09:35.032 INFO [http-nio-9999-exec-218] org.apache.catalina.core.ApplicationContext.log Manager: list: Listing contexts for virtual host 'localhost'
15-Mar-2023 02:10:26.633 INFO [http-nio-9999-exec-222] org.apache.catalina.core.ApplicationContext.log Manager: list: Listing contexts for virtual host 'localhost'
15-Mar-2023 02:13:52.298 INFO [http-nio-9999-exec-222] org.apache.catalina.core.ApplicationContext.log Manager: list: Listing contexts for virtual host 'localhost'
15-Mar-2023 02:14:07.119 INFO [http-nio-9999-exec-217] org.apache.catalina.core.ApplicationContext.log Manager: list: Listing contexts for virtual host 'localhost'
15-Mar-2023 02:14:18.085 INFO [http-nio-9999-exec-223] org.apache.catalina.core.ApplicationContext.log Manager: list: Listing contexts for virtual host 'localhost'
15-Mar-2023 02:15:21.072 INFO [http-nio-9999-exec-223] org.apache.catalina.core.ApplicationContext.log Manager: list: Listing contexts for virtual host 'localhost'
15-Mar-2023 02:15:21.076 INFO [http-nio-9999-exec-222] org.apache.catalina.core.ApplicationContext.log Manager: restart: Reloading web application '/Q3_FA22_HE163935'
15-Mar-2023 02:19:26.764 INFO [http-nio-9999-exec-227] org.apache.catalina.core.ApplicationContext.log Manager: list: Listing contexts for virtual host 'localhost'
15-Mar-2023 02:19:26.769 INFO [http-nio-9999-exec-228] org.apache.catalina.core.ApplicationContext.log Manager: restart: Reloading web application '/Q3_FA22_HE163935'
15-Mar-2023 02:20:44.152 INFO [http-nio-9999-exec-225] org.apache.catalina.core.ApplicationContext.log Manager: list: Listing contexts for virtual host 'localhost'
15-Mar-2023 02:20:44.156 INFO [http-nio-9999-exec-226] org.apache.catalina.core.ApplicationContext.log Manager: restart: Reloading web application '/Q3_FA22_HE163935'
15-Mar-2023 02:23:41.982 INFO [http-nio-9999-exec-239] org.apache.catalina.core.ApplicationContext.log Manager: list: Listing contexts for virtual host 'localhost'
15-Mar-2023 02:27:05.614 INFO [http-nio-9999-exec-242] org.apache.catalina.core.ApplicationContext.log Manager: list: Listing contexts for virtual host 'localhost'
15-Mar-2023 02:27:05.618 INFO [http-nio-9999-exec-243] org.apache.catalina.core.ApplicationContext.log Manager: restart: Reloading web application '/Q3_FA22_HE163935'
15-Mar-2023 02:27:28.175 INFO [http-nio-9999-exec-245] org.apache.catalina.core.ApplicationContext.log Manager: list: Listing contexts for virtual host 'localhost'
15-Mar-2023 02:27:28.179 INFO [http-nio-9999-exec-244] org.apache.catalina.core.ApplicationContext.log Manager: restart: Reloading web application '/Q3_FA22_HE163935'
15-Mar-2023 02:27:28.850 INFO [http-nio-9999-exec-241] org.apache.catalina.core.ApplicationContext.log Manager: list: Listing contexts for virtual host 'localhost'
15-Mar-2023 02:27:28.854 INFO [http-nio-9999-exec-242] org.apache.catalina.core.ApplicationContext.log Manager: restart: Reloading web application '/Q3_FA22_HE163935'
15-Mar-2023 02:27:40.897 INFO [http-nio-9999-exec-244] org.apache.catalina.core.ApplicationContext.log Manager: list: Listing contexts for virtual host 'localhost'
15-Mar-2023 02:27:40.901 INFO [http-nio-9999-exec-239] org.apache.catalina.core.ApplicationContext.log Manager: restart: Reloading web application '/Q3_FA22_HE163935'
15-Mar-2023 02:27:41.548 INFO [http-nio-9999-exec-249] org.apache.catalina.core.ApplicationContext.log Manager: list: Listing contexts for virtual host 'localhost'
15-Mar-2023 02:27:41.553 INFO [http-nio-9999-exec-241] org.apache.catalina.core.ApplicationContext.log Manager: restart: Reloading web application '/Q3_FA22_HE163935'
15-Mar-2023 02:30:27.021 INFO [http-nio-9999-exec-245] org.apache.catalina.core.ApplicationContext.log Manager: list: Listing contexts for virtual host 'localhost'
15-Mar-2023 02:30:27.026 INFO [http-nio-9999-exec-254] org.apache.catalina.core.ApplicationContext.log Manager: restart: Reloading web application '/Q3_FA22_HE163935'
15-Mar-2023 02:30:27.688 INFO [http-nio-9999-exec-251] org.apache.catalina.core.ApplicationContext.log Manager: list: Listing contexts for virtual host 'localhost'
15-Mar-2023 02:30:27.692 INFO [http-nio-9999-exec-239] org.apache.catalina.core.ApplicationContext.log Manager: restart: Reloading web application '/Q3_FA22_HE163935'
15-Mar-2023 02:30:36.958 INFO [http-nio-9999-exec-254] org.apache.catalina.core.ApplicationContext.log Manager: list: Listing contexts for virtual host 'localhost'
15-Mar-2023 02:30:36.980 INFO [http-nio-9999-exec-246] org.apache.catalina.core.ApplicationContext.log Manager: restart: Reloading web application '/Q3_FA22_HE163935'
15-Mar-2023 02:31:31.212 INFO [http-nio-9999-exec-256] org.apache.catalina.core.ApplicationContext.log Manager: list: Listing contexts for virtual host 'localhost'
15-Mar-2023 02:31:31.216 INFO [http-nio-9999-exec-252] org.apache.catalina.core.ApplicationContext.log Manager: restart: Reloading web application '/Q3_FA22_HE163935'
15-Mar-2023 02:32:40.204 INFO [http-nio-9999-exec-261] org.apache.catalina.core.ApplicationContext.log Manager: list: Listing contexts for virtual host 'localhost'
15-Mar-2023 02:33:13.480 INFO [http-nio-9999-exec-259] org.apache.catalina.core.ApplicationContext.log Manager: list: Listing contexts for virtual host 'localhost'
15-Mar-2023 02:33:34.673 INFO [http-nio-9999-exec-258] org.apache.catalina.core.ApplicationContext.log Manager: list: Listing contexts for virtual host 'localhost'
15-Mar-2023 02:34:11.281 INFO [http-nio-9999-exec-263] org.apache.catalina.core.ApplicationContext.log Manager: list: Listing contexts for virtual host 'localhost'
15-Mar-2023 02:34:35.478 INFO [http-nio-9999-exec-263] org.apache.catalina.core.ApplicationContext.log Manager: list: Listing contexts for virtual host 'localhost'
15-Mar-2023 02:39:13.726 INFO [http-nio-9999-exec-259] org.apache.catalina.core.ApplicationContext.log Manager: list: Listing contexts for virtual host 'localhost'
15-Mar-2023 02:39:13.728 INFO [http-nio-9999-exec-260] org.apache.catalina.core.ApplicationContext.log Manager: list: Listing contexts for virtual host 'localhost'
15-Mar-2023 02:39:13.760 INFO [http-nio-9999-exec-262] org.apache.catalina.core.ApplicationContext.log Manager: undeploy: Undeploying web application at '/Assignment'
15-Mar-2023 02:39:14.818 INFO [http-nio-9999-exec-258] org.apache.catalina.core.ApplicationContext.log Manager: install: Installing context configuration at 'file:/C:/Users/ADMIN/AppData/Local/Temp/context3096622524184700313.xml'
15-Mar-2023 02:39:15.194 INFO [http-nio-9999-exec-266] org.apache.catalina.core.ApplicationContext.log Manager: start: Starting web application '/Assignment'
15-Mar-2023 02:42:12.559 INFO [http-nio-9999-exec-271] org.apache.catalina.core.ApplicationContext.log Manager: list: Listing contexts for virtual host 'localhost'
15-Mar-2023 02:44:17.565 INFO [http-nio-9999-exec-270] org.apache.catalina.core.ApplicationContext.log Manager: list: Listing contexts for virtual host 'localhost'
15-Mar-2023 02:44:42.037 INFO [http-nio-9999-exec-269] org.apache.catalina.core.ApplicationContext.log Manager: list: Listing contexts for virtual host 'localhost'
15-Mar-2023 02:45:35.837 INFO [http-nio-9999-exec-269] org.apache.catalina.core.ApplicationContext.log Manager: list: Listing contexts for virtual host 'localhost'
15-Mar-2023 02:45:35.842 INFO [http-nio-9999-exec-270] org.apache.catalina.core.ApplicationContext.log Manager: restart: Reloading web application '/Q3_FA22_HE163935'
15-Mar-2023 02:54:14.946 INFO [http-nio-9999-exec-282] org.apache.catalina.core.ApplicationContext.log Manager: list: Listing contexts for virtual host 'localhost'
15-Mar-2023 02:54:17.575 INFO [http-nio-9999-exec-287] org.apache.catalina.core.ApplicationContext.log Manager: list: Listing contexts for virtual host 'localhost'
15-Mar-2023 03:03:41.147 INFO [http-nio-9999-exec-284] org.apache.catalina.core.ApplicationContext.log Manager: list: Listing contexts for virtual host 'localhost'
15-Mar-2023 03:03:41.151 INFO [http-nio-9999-exec-286] org.apache.catalina.core.ApplicationContext.log Manager: restart: Reloading web application '/Q3_FA22_HE163935'
15-Mar-2023 03:03:41.818 INFO [http-nio-9999-exec-283] org.apache.catalina.core.ApplicationContext.log Manager: list: Listing contexts for virtual host 'localhost'
15-Mar-2023 03:03:41.823 INFO [http-nio-9999-exec-280] org.apache.catalina.core.ApplicationContext.log Manager: restart: Reloading web application '/Q3_FA22_HE163935'
15-Mar-2023 03:04:56.065 INFO [http-nio-9999-exec-281] org.apache.catalina.core.ApplicationContext.log Manager: list: Listing contexts for virtual host 'localhost'
15-Mar-2023 03:04:56.070 INFO [http-nio-9999-exec-288] org.apache.catalina.core.ApplicationContext.log Manager: restart: Reloading web application '/Q3_FA22_HE163935'
15-Mar-2023 03:07:36.863 INFO [http-nio-9999-exec-280] org.apache.catalina.core.ApplicationContext.log Manager: list: Listing contexts for virtual host 'localhost'
15-Mar-2023 03:07:36.868 INFO [http-nio-9999-exec-279] org.apache.catalina.core.ApplicationContext.log Manager: restart: Reloading web application '/Q3_FA22_HE163935'
15-Mar-2023 03:07:54.912 INFO [http-nio-9999-exec-293] org.apache.catalina.core.ApplicationContext.log Manager: list: Listing contexts for virtual host 'localhost'
15-Mar-2023 03:09:44.701 INFO [http-nio-9999-exec-287] org.apache.catalina.core.ApplicationContext.log Manager: list: Listing contexts for virtual host 'localhost'
15-Mar-2023 03:10:27.021 INFO [http-nio-9999-exec-294] org.apache.catalina.core.ApplicationContext.log Manager: list: Listing contexts for virtual host 'localhost'
15-Mar-2023 03:11:15.574 INFO [http-nio-9999-exec-287] org.apache.catalina.core.ApplicationContext.log Manager: list: Listing contexts for virtual host 'localhost'
15-Mar-2023 03:11:26.658 INFO [http-nio-9999-exec-301] org.apache.catalina.core.ApplicationContext.log Manager: list: Listing contexts for virtual host 'localhost'
15-Mar-2023 03:14:09.838 INFO [http-nio-9999-exec-298] org.apache.catalina.core.ApplicationContext.log Manager: list: Listing contexts for virtual host 'localhost'
15-Mar-2023 03:14:37.596 INFO [http-nio-9999-exec-298] org.apache.catalina.core.ApplicationContext.log Manager: list: Listing contexts for virtual host 'localhost'
15-Mar-2023 03:16:17.352 INFO [http-nio-9999-exec-298] org.apache.catalina.core.ApplicationContext.log Manager: list: Listing contexts for virtual host 'localhost'
15-Mar-2023 03:26:09.954 INFO [http-nio-9999-exec-303] org.apache.catalina.core.ApplicationContext.log Manager: list: Listing contexts for virtual host 'localhost'
15-Mar-2023 03:26:18.979 INFO [http-nio-9999-exec-300] org.apache.catalina.core.ApplicationContext.log Manager: list: Listing contexts for virtual host 'localhost'
15-Mar-2023 03:29:51.009 INFO [http-nio-9999-exec-299] org.apache.catalina.core.ApplicationContext.log Manager: list: Listing contexts for virtual host 'localhost'
15-Mar-2023 03:29:51.014 INFO [http-nio-9999-exec-295] org.apache.catalina.core.ApplicationContext.log Manager: restart: Reloading web application '/Q3_FA22_HE163935'
15-Mar-2023 03:32:20.203 INFO [http-nio-9999-exec-297] org.apache.catalina.core.ApplicationContext.log Manager: list: Listing contexts for virtual host 'localhost'
15-Mar-2023 03:32:20.207 INFO [http-nio-9999-exec-307] org.apache.catalina.core.ApplicationContext.log Manager: restart: Reloading web application '/Q3_FA22_HE163935'
15-Mar-2023 03:33:17.112 INFO [http-nio-9999-exec-300] org.apache.catalina.core.ApplicationContext.log Manager: list: Listing contexts for virtual host 'localhost'
15-Mar-2023 03:33:17.116 INFO [http-nio-9999-exec-305] org.apache.catalina.core.ApplicationContext.log Manager: restart: Reloading web application '/Q3_FA22_HE163935'
15-Mar-2023 03:33:56.274 INFO [http-nio-9999-exec-303] org.apache.catalina.core.ApplicationContext.log Manager: list: Listing contexts for virtual host 'localhost'
15-Mar-2023 03:33:56.280 INFO [http-nio-9999-exec-300] org.apache.catalina.core.ApplicationContext.log Manager: restart: Reloading web application '/Q3_FA22_HE163935'
15-Mar-2023 03:36:28.412 INFO [http-nio-9999-exec-297] org.apache.catalina.core.ApplicationContext.log Manager: list: Listing contexts for virtual host 'localhost'
15-Mar-2023 03:40:05.466 INFO [http-nio-9999-exec-311] org.apache.catalina.core.ApplicationContext.log Manager: list: Listing contexts for virtual host 'localhost'
15-Mar-2023 03:40:05.469 INFO [http-nio-9999-exec-313] org.apache.catalina.core.ApplicationContext.log Manager: restart: Reloading web application '/Q3_FA22_HE163935'
15-Mar-2023 03:42:29.459 INFO [http-nio-9999-exec-324] org.apache.catalina.core.ApplicationContext.log Manager: list: Listing contexts for virtual host 'localhost'
15-Mar-2023 03:46:25.509 INFO [http-nio-9999-exec-319] org.apache.catalina.core.ApplicationContext.log Manager: list: Listing contexts for virtual host 'localhost'
15-Mar-2023 03:46:39.975 INFO [http-nio-9999-exec-318] org.apache.catalina.core.ApplicationContext.log Manager: list: Listing contexts for virtual host 'localhost'
15-Mar-2023 03:48:14.616 INFO [http-nio-9999-exec-324] org.apache.catalina.core.ApplicationContext.log Manager: list: Listing contexts for virtual host 'localhost'
15-Mar-2023 23:26:05.082 INFO [http-nio-9999-exec-7] org.apache.catalina.core.ApplicationContext.log Manager: init: Associated with Deployer 'Catalina:type=Deployer,host=localhost'
15-Mar-2023 23:26:05.082 INFO [http-nio-9999-exec-7] org.apache.catalina.core.ApplicationContext.log Manager: init: Global resources are available
15-Mar-2023 23:26:05.119 INFO [http-nio-9999-exec-10] org.apache.catalina.core.ApplicationContext.log Manager: list: Listing contexts for virtual host 'localhost'
15-Mar-2023 23:26:05.124 INFO [http-nio-9999-exec-1] org.apache.catalina.core.ApplicationContext.log Manager: list: Listing contexts for virtual host 'localhost'
15-Mar-2023 23:26:05.196 INFO [http-nio-9999-exec-3] org.apache.catalina.core.ApplicationContext.log Manager: undeploy: Undeploying web application at '/Assignment'
15-Mar-2023 23:26:05.737 INFO [http-nio-9999-exec-4] org.apache.catalina.core.ApplicationContext.log Manager: install: Installing context configuration at 'file:/C:/Users/ADMIN/AppData/Local/Temp/context837474356861631475.xml'
15-Mar-2023 23:26:06.195 INFO [http-nio-9999-exec-9] org.apache.catalina.core.ApplicationContext.log Manager: start: Starting web application '/Assignment'
15-Mar-2023 23:40:35.458 INFO [http-nio-9999-exec-20] org.apache.catalina.core.ApplicationContext.log Manager: list: Listing contexts for virtual host 'localhost'
15-Mar-2023 23:40:35.461 INFO [http-nio-9999-exec-16] org.apache.catalina.core.ApplicationContext.log Manager: list: Listing contexts for virtual host 'localhost'
15-Mar-2023 23:40:35.501 INFO [http-nio-9999-exec-18] org.apache.catalina.core.ApplicationContext.log Manager: undeploy: Undeploying web application at '/Assignment'
15-Mar-2023 23:40:36.026 INFO [http-nio-9999-exec-14] org.apache.catalina.core.ApplicationContext.log Manager: install: Installing context configuration at 'file:/C:/Users/ADMIN/AppData/Local/Temp/context7784928504544171521.xml'
15-Mar-2023 23:40:36.446 INFO [http-nio-9999-exec-16] org.apache.catalina.core.ApplicationContext.log Manager: start: Starting web application '/Assignment'
