15-May-2023 19:16:05.706 INFO [http-nio-9999-exec-4] org.apache.catalina.core.ApplicationContext.log Manager: init: Associated with Deployer 'Catalina:type=Deployer,host=localhost'
15-May-2023 19:16:05.706 INFO [http-nio-9999-exec-4] org.apache.catalina.core.ApplicationContext.log Manager: init: Global resources are available
15-May-2023 19:16:05.749 INFO [http-nio-9999-exec-8] org.apache.catalina.core.ApplicationContext.log Manager: list: Listing contexts for virtual host 'localhost'
15-May-2023 19:16:05.813 INFO [http-nio-9999-exec-9] org.apache.catalina.core.ApplicationContext.log Manager: list: Listing contexts for virtual host 'localhost'
15-May-2023 19:16:05.828 INFO [http-nio-9999-exec-10] org.apache.catalina.core.ApplicationContext.log Manager: install: Installing context configuration at 'file:/C:/Users/ADMIN/AppData/Local/Temp/context8656491726232395990.xml'
15-May-2023 19:16:06.138 INFO [http-nio-9999-exec-2] org.apache.catalina.core.ApplicationContext.log Manager: start: Starting web application '/F8_Group6_td'
15-May-2023 19:16:40.543 INFO [http-nio-9999-exec-6] org.apache.catalina.core.ApplicationContext.log Manager: list: Listing contexts for virtual host 'localhost'
15-May-2023 19:17:05.851 INFO [http-nio-9999-exec-7] org.apache.catalina.core.ApplicationContext.log Manager: list: Listing contexts for virtual host 'localhost'
15-May-2023 19:17:05.860 INFO [http-nio-9999-exec-6] org.apache.catalina.core.ApplicationContext.log Manager: stop: Stopping web application '/F8_Group6_td'
15-May-2023 19:17:05.873 INFO [http-nio-9999-exec-8] org.apache.catalina.core.ApplicationContext.log Manager: start: Starting web application '/F8_Group6_td'
15-May-2023 19:17:14.126 INFO [http-nio-9999-exec-4] org.apache.catalina.core.ApplicationContext.log Manager: list: Listing contexts for virtual host 'localhost'
15-May-2023 19:17:41.623 INFO [http-nio-9999-exec-8] org.apache.catalina.core.ApplicationContext.log Manager: list: Listing contexts for virtual host 'localhost'
15-May-2023 19:17:41.628 INFO [http-nio-9999-exec-12] org.apache.catalina.core.ApplicationContext.log Manager: restart: Reloading web application '/F8_Group6_td'
15-May-2023 19:18:53.285 INFO [http-nio-9999-exec-18] org.apache.catalina.core.ApplicationContext.log Manager: list: Listing contexts for virtual host 'localhost'
15-May-2023 19:19:50.065 INFO [http-nio-9999-exec-22] org.apache.catalina.core.ApplicationContext.log Manager: list: Listing contexts for virtual host 'localhost'
15-May-2023 19:19:50.071 INFO [http-nio-9999-exec-21] org.apache.catalina.core.ApplicationContext.log Manager: stop: Stopping web application '/F8_Group6_td'
15-May-2023 19:19:50.075 INFO [http-nio-9999-exec-17] org.apache.catalina.core.ApplicationContext.log Manager: start: Starting web application '/F8_Group6_td'
15-May-2023 19:19:53.753 INFO [http-nio-9999-exec-19] org.apache.catalina.core.ApplicationContext.log Manager: list: Listing contexts for virtual host 'localhost'
15-May-2023 19:19:53.762 INFO [http-nio-9999-exec-24] org.apache.catalina.core.ApplicationContext.log Manager: stop: Stopping web application '/F8_Group6_td'
15-May-2023 19:19:53.769 INFO [http-nio-9999-exec-8] org.apache.catalina.core.ApplicationContext.log Manager: start: Starting web application '/F8_Group6_td'
15-May-2023 19:20:05.512 INFO [http-nio-9999-exec-28] org.apache.catalina.core.ApplicationContext.log Manager: list: Listing contexts for virtual host 'localhost'
15-May-2023 19:20:05.517 INFO [http-nio-9999-exec-24] org.apache.catalina.core.ApplicationContext.log Manager: list: Listing contexts for virtual host 'localhost'
15-May-2023 19:20:05.552 INFO [http-nio-9999-exec-8] org.apache.catalina.core.ApplicationContext.log Manager: stop: Stopping web application '/F8_Group6_td'
15-May-2023 19:20:05.557 INFO [http-nio-9999-exec-22] org.apache.catalina.core.ApplicationContext.log Manager: start: Starting web application '/F8_Group6_td'
15-May-2023 19:20:28.310 INFO [http-nio-9999-exec-33] org.apache.catalina.core.ApplicationContext.log Manager: list: Listing contexts for virtual host 'localhost'
15-May-2023 19:20:28.315 INFO [http-nio-9999-exec-22] org.apache.catalina.core.ApplicationContext.log Manager: restart: Reloading web application '/F8_Group6_td'
15-May-2023 19:20:29.178 INFO [http-nio-9999-exec-32] org.apache.catalina.core.ApplicationContext.log Manager: list: Listing contexts for virtual host 'localhost'
15-May-2023 19:20:29.183 INFO [http-nio-9999-exec-27] org.apache.catalina.core.ApplicationContext.log Manager: restart: Reloading web application '/F8_Group6_td'
15-May-2023 19:20:50.933 INFO [http-nio-9999-exec-25] org.apache.catalina.core.ApplicationContext.log Manager: list: Listing contexts for virtual host 'localhost'
15-May-2023 19:20:50.938 INFO [http-nio-9999-exec-32] org.apache.catalina.core.ApplicationContext.log Manager: restart: Reloading web application '/F8_Group6_td'
15-May-2023 19:26:10.359 INFO [http-nio-9999-exec-37] org.apache.catalina.core.ApplicationContext.log Manager: list: Listing contexts for virtual host 'localhost'
15-May-2023 19:27:27.325 INFO [http-nio-9999-exec-37] org.apache.catalina.core.ApplicationContext.log Manager: list: Listing contexts for virtual host 'localhost'
15-May-2023 19:29:06.048 INFO [http-nio-9999-exec-41] org.apache.catalina.core.ApplicationContext.log Manager: list: Listing contexts for virtual host 'localhost'
15-May-2023 19:32:15.128 INFO [http-nio-9999-exec-42] org.apache.catalina.core.ApplicationContext.log Manager: list: Listing contexts for virtual host 'localhost'
15-May-2023 19:33:14.383 INFO [http-nio-9999-exec-38] org.apache.catalina.core.ApplicationContext.log Manager: list: Listing contexts for virtual host 'localhost'
15-May-2023 19:33:14.388 INFO [http-nio-9999-exec-42] org.apache.catalina.core.ApplicationContext.log Manager: restart: Reloading web application '/F8_Group6_td'
15-May-2023 19:33:15.273 INFO [http-nio-9999-exec-39] org.apache.catalina.core.ApplicationContext.log Manager: list: Listing contexts for virtual host 'localhost'
15-May-2023 19:33:15.278 INFO [http-nio-9999-exec-43] org.apache.catalina.core.ApplicationContext.log Manager: restart: Reloading web application '/F8_Group6_td'
15-May-2023 19:33:23.996 INFO [http-nio-9999-exec-37] org.apache.catalina.core.ApplicationContext.log Manager: list: Listing contexts for virtual host 'localhost'
15-May-2023 19:33:24.001 INFO [http-nio-9999-exec-36] org.apache.catalina.core.ApplicationContext.log Manager: restart: Reloading web application '/F8_Group6_td'
15-May-2023 19:33:24.868 INFO [http-nio-9999-exec-46] org.apache.catalina.core.ApplicationContext.log Manager: list: Listing contexts for virtual host 'localhost'
15-May-2023 19:33:24.873 INFO [http-nio-9999-exec-39] org.apache.catalina.core.ApplicationContext.log Manager: restart: Reloading web application '/F8_Group6_td'
15-May-2023 19:33:40.939 INFO [http-nio-9999-exec-43] org.apache.catalina.core.ApplicationContext.log Manager: list: Listing contexts for virtual host 'localhost'
15-May-2023 19:33:40.944 INFO [http-nio-9999-exec-38] org.apache.catalina.core.ApplicationContext.log Manager: restart: Reloading web application '/F8_Group6_td'
15-May-2023 19:33:41.817 INFO [http-nio-9999-exec-45] org.apache.catalina.core.ApplicationContext.log Manager: list: Listing contexts for virtual host 'localhost'
15-May-2023 19:33:41.824 INFO [http-nio-9999-exec-40] org.apache.catalina.core.ApplicationContext.log Manager: restart: Reloading web application '/F8_Group6_td'
15-May-2023 19:33:50.238 INFO [http-nio-9999-exec-48] org.apache.catalina.core.ApplicationContext.log Manager: list: Listing contexts for virtual host 'localhost'
15-May-2023 19:33:50.243 INFO [http-nio-9999-exec-38] org.apache.catalina.core.ApplicationContext.log Manager: restart: Reloading web application '/F8_Group6_td'
15-May-2023 19:33:51.140 INFO [http-nio-9999-exec-45] org.apache.catalina.core.ApplicationContext.log Manager: list: Listing contexts for virtual host 'localhost'
15-May-2023 19:33:51.144 INFO [http-nio-9999-exec-48] org.apache.catalina.core.ApplicationContext.log Manager: restart: Reloading web application '/F8_Group6_td'
15-May-2023 19:34:00.500 INFO [http-nio-9999-exec-36] org.apache.catalina.core.ApplicationContext.log Manager: list: Listing contexts for virtual host 'localhost'
15-May-2023 19:34:00.505 INFO [http-nio-9999-exec-51] org.apache.catalina.core.ApplicationContext.log Manager: restart: Reloading web application '/F8_Group6_td'
15-May-2023 19:34:01.406 INFO [http-nio-9999-exec-52] org.apache.catalina.core.ApplicationContext.log Manager: list: Listing contexts for virtual host 'localhost'
15-May-2023 19:34:01.413 INFO [http-nio-9999-exec-53] org.apache.catalina.core.ApplicationContext.log Manager: restart: Reloading web application '/F8_Group6_td'
15-May-2023 19:34:11.431 INFO [http-nio-9999-exec-36] org.apache.catalina.core.ApplicationContext.log Manager: list: Listing contexts for virtual host 'localhost'
15-May-2023 19:34:11.438 INFO [http-nio-9999-exec-45] org.apache.catalina.core.ApplicationContext.log Manager: restart: Reloading web application '/F8_Group6_td'
15-May-2023 19:34:12.328 INFO [http-nio-9999-exec-52] org.apache.catalina.core.ApplicationContext.log Manager: list: Listing contexts for virtual host 'localhost'
15-May-2023 19:34:12.334 INFO [http-nio-9999-exec-37] org.apache.catalina.core.ApplicationContext.log Manager: restart: Reloading web application '/F8_Group6_td'
15-May-2023 19:37:07.081 INFO [http-nio-9999-exec-57] org.apache.catalina.core.ApplicationContext.log Manager: list: Listing contexts for virtual host 'localhost'
15-May-2023 19:37:07.085 INFO [http-nio-9999-exec-58] org.apache.catalina.core.ApplicationContext.log Manager: restart: Reloading web application '/F8_Group6_td'
15-May-2023 19:37:07.976 INFO [http-nio-9999-exec-52] org.apache.catalina.core.ApplicationContext.log Manager: list: Listing contexts for virtual host 'localhost'
15-May-2023 19:37:07.984 INFO [http-nio-9999-exec-64] org.apache.catalina.core.ApplicationContext.log Manager: restart: Reloading web application '/F8_Group6_td'
15-May-2023 19:37:45.035 INFO [http-nio-9999-exec-62] org.apache.catalina.core.ApplicationContext.log Manager: list: Listing contexts for virtual host 'localhost'
15-May-2023 19:37:45.040 INFO [http-nio-9999-exec-58] org.apache.catalina.core.ApplicationContext.log Manager: restart: Reloading web application '/F8_Group6_td'
15-May-2023 19:38:06.477 INFO [http-nio-9999-exec-61] org.apache.catalina.core.ApplicationContext.log Manager: list: Listing contexts for virtual host 'localhost'
15-May-2023 19:38:06.482 INFO [http-nio-9999-exec-66] org.apache.catalina.core.ApplicationContext.log Manager: restart: Reloading web application '/F8_Group6_td'
15-May-2023 19:38:07.334 INFO [http-nio-9999-exec-52] org.apache.catalina.core.ApplicationContext.log Manager: list: Listing contexts for virtual host 'localhost'
15-May-2023 19:38:07.338 INFO [http-nio-9999-exec-62] org.apache.catalina.core.ApplicationContext.log Manager: restart: Reloading web application '/F8_Group6_td'
15-May-2023 19:39:37.141 INFO [http-nio-9999-exec-69] org.apache.catalina.core.ApplicationContext.log Manager: list: Listing contexts for virtual host 'localhost'
15-May-2023 19:39:45.674 INFO [http-nio-9999-exec-74] org.apache.catalina.core.ApplicationContext.log Manager: list: Listing contexts for virtual host 'localhost'
15-May-2023 19:39:57.293 INFO [http-nio-9999-exec-70] org.apache.catalina.core.ApplicationContext.log Manager: list: Listing contexts for virtual host 'localhost'
15-May-2023 19:40:18.220 INFO [http-nio-9999-exec-77] org.apache.catalina.core.ApplicationContext.log Manager: list: Listing contexts for virtual host 'localhost'
