20-Mar-2023 16:32:50.268 INFO [http-nio-9999-exec-7] org.apache.catalina.core.ApplicationContext.log Manager: init: Associated with Deployer 'Catalina:type=Deployer,host=localhost'
20-Mar-2023 16:32:50.268 INFO [http-nio-9999-exec-7] org.apache.catalina.core.ApplicationContext.log Manager: init: Global resources are available
20-Mar-2023 16:32:50.309 INFO [http-nio-9999-exec-1] org.apache.catalina.core.ApplicationContext.log Manager: list: Listing contexts for virtual host 'localhost'
20-Mar-2023 16:32:50.315 INFO [http-nio-9999-exec-2] org.apache.catalina.core.ApplicationContext.log Manager: list: Listing contexts for virtual host 'localhost'
20-Mar-2023 16:32:50.399 INFO [http-nio-9999-exec-3] org.apache.catalina.core.ApplicationContext.log Manager: undeploy: Undeploying web application at '/Assignment'
20-Mar-2023 16:32:50.939 INFO [http-nio-9999-exec-5] org.apache.catalina.core.ApplicationContext.log Manager: install: Installing context configuration at 'file:/C:/Users/ADMIN/AppData/Local/Temp/context8751290541536378815.xml'
20-Mar-2023 16:32:51.371 INFO [http-nio-9999-exec-10] org.apache.catalina.core.ApplicationContext.log Manager: start: Starting web application '/Assignment'
20-Mar-2023 16:56:57.470 INFO [http-nio-9999-exec-15] org.apache.catalina.core.ApplicationContext.log Manager: list: Listing contexts for virtual host 'localhost'
20-Mar-2023 17:00:30.634 INFO [http-nio-9999-exec-17] org.apache.catalina.core.ApplicationContext.log Manager: list: Listing contexts for virtual host 'localhost'
20-Mar-2023 17:00:30.637 INFO [http-nio-9999-exec-14] org.apache.catalina.core.ApplicationContext.log Manager: list: Listing contexts for virtual host 'localhost'
20-Mar-2023 17:00:30.694 INFO [http-nio-9999-exec-15] org.apache.catalina.core.ApplicationContext.log Manager: undeploy: Undeploying web application at '/Assignment'
20-Mar-2023 17:00:31.334 INFO [http-nio-9999-exec-17] org.apache.catalina.core.ApplicationContext.log Manager: install: Installing context configuration at 'file:/C:/Users/ADMIN/AppData/Local/Temp/context8266739350631819760.xml'
20-Mar-2023 17:00:31.759 INFO [http-nio-9999-exec-19] org.apache.catalina.core.ApplicationContext.log Manager: start: Starting web application '/Assignment'
20-Mar-2023 20:24:49.769 INFO [http-nio-9999-exec-7] org.apache.catalina.core.ApplicationContext.log Manager: init: Associated with Deployer 'Catalina:type=Deployer,host=localhost'
20-Mar-2023 20:24:49.769 INFO [http-nio-9999-exec-7] org.apache.catalina.core.ApplicationContext.log Manager: init: Global resources are available
20-Mar-2023 20:24:49.818 INFO [http-nio-9999-exec-10] org.apache.catalina.core.ApplicationContext.log Manager: list: Listing contexts for virtual host 'localhost'
20-Mar-2023 20:24:49.823 INFO [http-nio-9999-exec-1] org.apache.catalina.core.ApplicationContext.log Manager: list: Listing contexts for virtual host 'localhost'
20-Mar-2023 20:24:49.951 INFO [http-nio-9999-exec-2] org.apache.catalina.core.ApplicationContext.log Manager: undeploy: Undeploying web application at '/Assignment'
20-Mar-2023 20:24:50.493 INFO [http-nio-9999-exec-3] org.apache.catalina.core.ApplicationContext.log Manager: install: Installing context configuration at 'file:/C:/Users/ADMIN/AppData/Local/Temp/context6417474303779261828.xml'
20-Mar-2023 20:24:50.959 INFO [http-nio-9999-exec-7] org.apache.catalina.core.ApplicationContext.log Manager: start: Starting web application '/Assignment'
20-Mar-2023 22:20:55.910 INFO [http-nio-9999-exec-19] org.apache.catalina.core.ApplicationContext.log Manager: list: Listing contexts for virtual host 'localhost'
20-Mar-2023 22:20:55.914 INFO [http-nio-9999-exec-15] org.apache.catalina.core.ApplicationContext.log Manager: list: Listing contexts for virtual host 'localhost'
20-Mar-2023 22:20:56.005 INFO [http-nio-9999-exec-12] org.apache.catalina.core.ApplicationContext.log Manager: undeploy: Undeploying web application at '/Assignment'
20-Mar-2023 22:20:56.534 INFO [http-nio-9999-exec-11] org.apache.catalina.core.ApplicationContext.log Manager: install: Installing context configuration at 'file:/C:/Users/ADMIN/AppData/Local/Temp/context2710023703410482256.xml'
20-Mar-2023 22:20:56.955 INFO [http-nio-9999-exec-19] org.apache.catalina.core.ApplicationContext.log Manager: start: Starting web application '/Assignment'
20-Mar-2023 22:21:09.193 INFO [http-nio-9999-exec-20] org.apache.catalina.core.ApplicationContext.log Manager: list: Listing contexts for virtual host 'localhost'
20-Mar-2023 22:21:09.195 INFO [http-nio-9999-exec-18] org.apache.catalina.core.ApplicationContext.log Manager: list: Listing contexts for virtual host 'localhost'
20-Mar-2023 22:21:09.246 INFO [http-nio-9999-exec-13] org.apache.catalina.core.ApplicationContext.log Manager: undeploy: Undeploying web application at '/Assignment'
20-Mar-2023 22:21:09.765 INFO [http-nio-9999-exec-11] org.apache.catalina.core.ApplicationContext.log Manager: install: Installing context configuration at 'file:/C:/Users/ADMIN/AppData/Local/Temp/context4767341049462458073.xml'
20-Mar-2023 22:21:10.165 INFO [http-nio-9999-exec-14] org.apache.catalina.core.ApplicationContext.log Manager: start: Starting web application '/Assignment'
